####################################################################################################
Interval
####################################################################################################
Cumulative:         Cycles:                  20000     Instructions:                  1200
INST_COUNT_TOT                                          150000000                     150000000

UOP_COUNT_TOT                                           200663729                     200663729

CYC_COUNT_TOT                                          3167316561                    3167316561

EXE_TIME                                                      872                           872

NUM_REPEAT                                                      0                             0

CYC_COUNT_X86                                          6182918560                    6182918560

CYC_COUNT_PTX                                                   0                             0

AVG_BLOCK_EXE_CYCLE                                             0                             0

AVG_BLOCK_EXE_CYCLE_BASE                                        0                             0

PROGRESS_ERROR                                                  0                             0

FILE_OPEN_ERROR                                                 0                             0

NUM_THREAD                                                      0                             0

APPL_CYC_COUNT_BASE0                                            1                             1

APPL_CYC_COUNT_BASE1                                            1                             1

APPL_CYC_COUNT_BASE2                                            1                             1

APPL_CYC_COUNT_BASE3                                            0                             0

APPL_CYC_COUNT_BASE4                                            0                             0

APPL_CYC_COUNT0                                        1846252000                   1.84625e+09

APPL_CYC_COUNT1                                        1169350000                   1.16935e+09

APPL_CYC_COUNT2                                        3167316560                   3.16732e+09

APPL_CYC_COUNT3                                                 0                           NaN

APPL_CYC_COUNT4                                                 0                           NaN

CPI_DELTA_BASE0                                                 0                             0

CPI_DELTA_BASE1                                                 0                             0

CPI_DELTA_BASE2                                                 0                             0

CPI_DELTA_BASE3                                                 0                             0

CPI_DELTA_BASE4                                                 0                             0

CPI_DELTA0                                                      0                           NaN

CPI_DELTA1                                                      0                           NaN

CPI_DELTA2                                                      0                           NaN

CPI_DELTA3                                                      0                           NaN

CPI_DELTA4                                                      0                           NaN

CYCLE_CPU                                                       0                             0

CYCLE_GPU                                                       0                             0

INST_COUNT_CORE_0                                        50000000                      50000000

UOP_COUNT_CORE_0                                         64307067                      64307067

CYC_COUNT_CORE_0                                         46156301                      46156301

INST_COUNT_CORE_1                                        50000000                      50000000

UOP_COUNT_CORE_1                                         64973552                      64973552

CYC_COUNT_CORE_1                                         29233751                      29233751

INST_COUNT_CORE_2                                        50000000                      50000000

UOP_COUNT_CORE_2                                         71383110                      71383110

CYC_COUNT_CORE_2                                         79182915                      79182915

