####################################################################################################
Interval
####################################################################################################
Cumulative:         Cycles:                  20000     Instructions:                  1200
TOTAL_PACKET_CPU                                          2066091                       2066091

TOTAL_PACKET_GPU                                                0                             0

NOC_AVG_LATENCY_BASE                                      2066091                       2066091

NOC_AVG_LATENCY_BASE_CPU                                  2066091                       2066091

NOC_AVG_LATENCY_BASE_GPU                                        0                             0

NOC_AVG_LATENCY                                          21485508                       10.3991

NOC_AVG_LATENCY_CPU                                      21485508                       10.3991

NOC_AVG_LATENCY_GPU                                             0                           NaN

NOC_AVG_ACTIVE_PACKET_BASE                                2066091                       2066091

NOC_AVG_ACTIVE_PACKET_BASE_CPU                            2066091                       2066091

NOC_AVG_ACTIVE_PACKET_BASE_GPU                                  0                             0

NOC_AVG_ACTIVE_PACKET                                     3234038                       1.56529

NOC_AVG_ACTIVE_PACKET_CPU                                 3234038                       1.56529

NOC_AVG_ACTIVE_PACKET_GPU                                       0                           NaN

NOC_IDLE_CHANNEL                                                0                             0

NOC_IDLE_CHANNEL_CPU                                            0                             0

NOC_IDLE_CHANNEL_GPU                                            0                             0

NOC_IDLE_CHANNEL_L3                                             0                             0

NOC_IDLE_CHANNEL_MC                                             0                             0

NOC_AVG_WAIT_IN_ROUTER_BASE                               4757648                       4757648

NOC_AVG_WAIT_IN_ROUTER_BASE_CPU                           1455190                       1455190

NOC_AVG_WAIT_IN_ROUTER_BASE_GPU                                 0                             0

NOC_AVG_WAIT_IN_ROUTER_BASE_L3                            2066091                       2066091

NOC_AVG_WAIT_IN_ROUTER_BASE_MC                            1236367                       1236367

NOC_AVG_WAIT_IN_ROUTER                                   37987956                       7.98461

NOC_AVG_WAIT_IN_ROUTER_CPU                               12001596                       8.24744

NOC_AVG_WAIT_IN_ROUTER_GPU                                      0                           NaN

NOC_AVG_WAIT_IN_ROUTER_L3                                16085922                       7.78568

NOC_AVG_WAIT_IN_ROUTER_MC                                 9900438                       8.00769

NOC_LINK_ACTIVE                                           8092345                       8092345

