####################################################################################################
Interval
####################################################################################################
Cumulative:         Cycles:                  20000     Instructions:                  1200
DISPATCHED_INST                                         186572035                     186572035

DISPATCH_WAIT                                          8996810514                       48.2216

NUM_NO_FETCH_CYCLES                                             0                             0

AVG_CORE_IDLE_CYCLE                                             0                             0

REEXEC_NUM                                                      0                             0

INV_MATCH_NUM                                                   0                             0

EARLY_PERM_NUM                                                  0                             0

PERM_MATCH_NUM                                                  0                             0

RETIRE_SPECLD_NUM                                               0                             0

RETIRE_SPECST_NUM                                               0                             0

FENCE_HEAD_ROB_WAIT                                             0                             0

NUM_SAMPLES_CORE_0                                      107374184                     107374184

NUM_ACTIVE_BLOCKS_CORE_0                                        0                             0

NUM_ACTIVE_THREADS_CORE_0                               107374184                             1

NUM_SCHED_IDLE_CYCLE_CORE_0                               3837763                       3837763

NUM_NO_SCHED_CYCLE_CORE_0                                60272795                      60272795

CORE_DISPATCHED_INST_CORE_0                              79332582                      79332582

CORE_DISPATCH_WAIT_CORE_0                              5334756843                       67.2455

CORE_CYCLES_CORE_0                                              0                             0

CORE_SCHED_THREADS_CORE_0                                       0                           NaN

CORE_NUM_NO_FETCH_CYCLES_CORE_0                                 0                             0

CORE_NUM_NO_FETCH_CYCLES_WITH_READY_THREADS_CORE_0                   0                             0

CORE_NUM_FETCH_CYCLES_CORE_0                                    0                             0

CORE_FETCH_DELTA_CORE_0                                         0                           NaN

CORE_NUM_RETIRE_CYCLES_CORE_0                                   0                             0

CORE_RETIRE_DELTA_CORE_0                                        0                           NaN

FENCE_PREF_REQ_CORE_0                                           0                             0

FENCE_WAITING_CORE_0                                            0                             0

DYN_FENCE_NUM_CORE_0                                            0                             0

WB_ORDERING_STALL_CORE_0                                        0                             0

WB_FULL_CORE_0                                                  0                             0

FENCE_TOT_CYCLES_CORE_0                                         0                             0

FENCE_EXEC_CYCLES_CORE_0                                        0                             0

STORE_RES_CORE_0                                         85746985                      85746985

STORE_NUM_CORE_0                                          1837933                       1837933

STORE_WB_FREE_CORE_0                                            0                             0

SCHED_FAILED_REASON_SUCCESS_CORE_0                       79332584                       3.42888%
SCHED_FAILED_OPERANDS_NOT_READY_CORE_0                 2232741867                       96.5027%
SCHED_FAILED_NO_PORTS_CORE_0                              1583239                     0.0684301%
SCHED_FAILED_FENCE_ACTIVE_CORE_0                                0                             0%
                                                       2313657690                           100%

NUM_SAMPLES_CORE_1                                      107374184                     107374184

NUM_ACTIVE_BLOCKS_CORE_1                                        0                             0

NUM_ACTIVE_THREADS_CORE_1                               107374184                             1

NUM_SCHED_IDLE_CYCLE_CORE_1                              13886449                      13886449

NUM_NO_SCHED_CYCLE_CORE_1                                36037686                      36037686

CORE_DISPATCHED_INST_CORE_1                             107239453                     107239453

CORE_DISPATCH_WAIT_CORE_1                              3662053671                       34.1484

CORE_CYCLES_CORE_1                                              0                             0

CORE_SCHED_THREADS_CORE_1                                       0                           NaN

CORE_NUM_NO_FETCH_CYCLES_CORE_1                                 0                             0

CORE_NUM_NO_FETCH_CYCLES_WITH_READY_THREADS_CORE_1                   0                             0

CORE_NUM_FETCH_CYCLES_CORE_1                                    0                             0

CORE_FETCH_DELTA_CORE_1                                         0                           NaN

CORE_NUM_RETIRE_CYCLES_CORE_1                                   0                             0

CORE_RETIRE_DELTA_CORE_1                                        0                           NaN

FENCE_PREF_REQ_CORE_1                                           0                             0

FENCE_WAITING_CORE_1                                            0                             0

DYN_FENCE_NUM_CORE_1                                            0                             0

WB_ORDERING_STALL_CORE_1                                        0                             0

WB_FULL_CORE_1                                                  0                             0

FENCE_TOT_CYCLES_CORE_1                                         0                             0

FENCE_EXEC_CYCLES_CORE_1                                        0                             0

STORE_RES_CORE_1                                       2143067340                    2143067340

STORE_NUM_CORE_1                                         12225331                      12225331

STORE_WB_FREE_CORE_1                                            0                             0

SCHED_FAILED_REASON_SUCCESS_CORE_1                      107301325                       5.82794%
SCHED_FAILED_OPERANDS_NOT_READY_CORE_1                 1726310924                       93.7625%
SCHED_FAILED_NO_PORTS_CORE_1                              7540994                       0.40958%
SCHED_FAILED_FENCE_ACTIVE_CORE_1                                0                             0%
                                                       1841153243                           100%

