Arguments: ./macsim 
src/macsim.cc:133: (I=0  C=0):  initialize knobs
number of cores : 1
src/macsim.cc:531: (I=0  C=0):  initialize simulation
src/macsim.cc:327: (I=0  C=0):  initialize cores (1/0/0)
src/memory.cc:1695: (I=0  C=0):  Memory system(l2_decoupled_network) has been initialized.
l3_policy: LRU,LRU
src/network_ring.cc:107: (I=0  C=0):  TOTAL_ROUTER:3 CPU:1 GPU:0 L3:1 MC:1
src/network_ring.cc:312: (I=0  C=0):  RING topology
0 <-> 1 <-> 2 <-> 
enabling bug detector
src/macsim.cc:748: (I=0  C=0):  Initializing new noc

src/macsim.cc:839: (I=0  C=0):  Clock LCM           : 920
src/macsim.cc:840: (I=0  C=0):  CPU clock frequency : 2.3 GHz
src/macsim.cc:841: (I=0  C=0):  GPU clock frequency : 2.3 GHz
src/macsim.cc:842: (I=0  C=0):  L3  clock frequency : 1 GHz
src/macsim.cc:843: (I=0  C=0):  NOC clock frequency : 1 GHz
src/macsim.cc:844: (I=0  C=0):  MC  clock frequency : 0.8 GHz
src/process_manager.cc:455: (I=0  C=0):  setup_process:0 ../../../BWC1_ori/trace.txt current_index:0 (1)
src/process_manager.cc:548: (I=0  C=0):  thread_count:1
** Heartbeat for core[00]:        insts:10000000    cycles:17755623   (710224880) seconds:78    -- 0.56 IPC (0.56 IPC) -- 0.00 KIPS (128.21 KIPS)
** Heartbeat for core[00]:  Thread:0      insts:10000000    cycles:17755623   (710224880) seconds:78    -- 0.56 IPC (0.56 IPC) -- 0.00 KIPS (128.21 KIPS)
** Heartbeat for core[00]:        insts:20000000    cycles:34161413   (1366456480) seconds:165   -- 0.61 IPC (0.59 IPC) -- 114.94 KIPS (121.21 KIPS)
** Heartbeat for core[00]:  Thread:0      insts:20000000    cycles:34161413   (1366456480) seconds:165   -- 0.61 IPC (0.59 IPC) -- 114.94 KIPS (121.21 KIPS)
** Heartbeat for core[00]:        insts:30000000    cycles:50916494   (2036659720) seconds:246   -- 0.60 IPC (0.59 IPC) -- 123.46 KIPS (121.95 KIPS)
** Heartbeat for core[00]:  Thread:0      insts:30000000    cycles:50916494   (2036659720) seconds:246   -- 0.60 IPC (0.59 IPC) -- 123.46 KIPS (121.95 KIPS)
** Heartbeat for core[00]:        insts:40000000    cycles:67774858   (2710994280) seconds:327   -- 0.59 IPC (0.59 IPC) -- 123.46 KIPS (122.32 KIPS)
** Heartbeat for core[00]:  Thread:0      insts:40000000    cycles:67774858   (2710994280) seconds:327   -- 0.59 IPC (0.59 IPC) -- 123.46 KIPS (122.32 KIPS)
** Heartbeat for core[00]:        insts:50000000    cycles:82521055   (3300842160) seconds:409   -- 0.68 IPC (0.61 IPC) -- 121.95 KIPS (122.25 KIPS)
** Heartbeat for core[00]:  Thread:0      insts:50000000    cycles:82521055   (3300842160) seconds:409   -- 0.68 IPC (0.61 IPC) -- 121.95 KIPS (122.25 KIPS)
** Heartbeat for core[00]:        insts:60000000    cycles:98284791   (3931391600) seconds:481   -- 0.63 IPC (0.61 IPC) -- 138.89 KIPS (124.74 KIPS)
** Heartbeat for core[00]:  Thread:0      insts:60000000    cycles:98284791   (3931391600) seconds:481   -- 0.63 IPC (0.61 IPC) -- 138.89 KIPS (124.74 KIPS)
**Core 00 Core_Total  Finished:   insts:65523587    cycles:107374184  (4294967320) seconds:528   -- 0.61 IPC (0.61 IPC) --  N/A  KHz (124.10 KHz)
**Core 00 Thread 00 Finished:   insts:65523587    cycles:107374184  (4294967320)  seconds:528   -- 0.61 IPC (0.61 IPC) --  N/A  KHz (124.10 KHz) 
src/macsim.cc:617: (I=65523587  C=4294967361):  finalize simulation
src/macsim.cc:623: (I=65523587  C=4294967361):  elapsed time:527.9 seconds
Done
