BP_MISPRED_STALL_CORE_0                                  52518605                      52518605

BP_RESOLVED_CORE_0                                         366780                        366780

BP_REDIRECT_RESOLVED_CORE_0                                     0                             0

PERFECT_TARGET_PRED_CORE_0                                      0                             0

BP_ON_PATH_CORRECT_CORE_0                                10811334                       96.7381%
BP_ON_PATH_MISPREDICT_CORE_0                               364552                       3.26195%
BP_ON_PATH_MISFETCH_CORE_0                                      0                             0%
                                                         11175886                           100%

BP_OFF_PATH_CORRECT_CORE_0                                      0                          NaN 
BP_OFF_PATH_MISPREDICT_CORE_0                                   0                          NaN 
BP_OFF_PATH_MISFETCH_CORE_0                                     0                          NaN 
                                                                0                           100%

BP_MISPRED_STALL_CORE_1                                    481817                        481817

BP_RESOLVED_CORE_1                                           4995                          4995

BP_REDIRECT_RESOLVED_CORE_1                                     0                             0

PERFECT_TARGET_PRED_CORE_1                                      0                             0

BP_ON_PATH_CORRECT_CORE_1                                 7985599                       99.9378%
BP_ON_PATH_MISPREDICT_CORE_1                                 4973                     0.0622358%
BP_ON_PATH_MISFETCH_CORE_1                                      0                             0%
                                                          7990572                           100%

BP_OFF_PATH_CORRECT_CORE_1                                      0                          NaN 
BP_OFF_PATH_MISPREDICT_CORE_1                                   0                          NaN 
BP_OFF_PATH_MISFETCH_CORE_1                                     0                          NaN 
                                                                0                           100%

