Arguments: ./macsim --l3_repl==PDP 
src/macsim.cc:133: (I=0  C=0):  initialize knobs
number of cores : 2
src/macsim.cc:531: (I=0  C=0):  initialize simulation
src/macsim.cc:327: (I=0  C=0):  initialize cores (2/0/0)
src/memory.cc:1695: (I=0  C=0):  Memory system(l2_decoupled_network) has been initialized.
l3_policy: PDP,PDP
0
1
ip_table done
way0=2
way1=30
src/network_ring.cc:107: (I=0  C=0):  TOTAL_ROUTER:4 CPU:2 GPU:0 L3:1 MC:1
src/network_ring.cc:312: (I=0  C=0):  RING topology
0 <-> 1 <-> 2 <-> 3 <-> 
enabling bug detector
src/macsim.cc:748: (I=0  C=0):  Initializing new noc

src/macsim.cc:839: (I=0  C=0):  Clock LCM           : 920
src/macsim.cc:840: (I=0  C=0):  CPU clock frequency : 2.3 GHz
src/macsim.cc:841: (I=0  C=0):  GPU clock frequency : 2.3 GHz
src/macsim.cc:842: (I=0  C=0):  L3  clock frequency : 1 GHz
src/macsim.cc:843: (I=0  C=0):  NOC clock frequency : 1 GHz
src/macsim.cc:844: (I=0  C=0):  MC  clock frequency : 0.8 GHz
src/process_manager.cc:455: (I=0  C=0):  setup_process:0 ../../../../jinku/macsim_traces/astar/trace.txt current_index:0 (1)
src/process_manager.cc:548: (I=0  C=0):  thread_count:1
src/process_manager.cc:455: (I=0  C=0):  setup_process:1 ../../../../jinku/macsim_traces/160810/16MB/trace.txt current_index:0 (1)
src/process_manager.cc:548: (I=0  C=0):  thread_count:1
1000000
2000000
3000000
4000000
** Heartbeat for core[00]:        insts:10000000    cycles:9342219    (373688720) seconds:93    -- 1.07 IPC (1.07 IPC) -- 0.00 KIPS (107.53 KIPS)
** Heartbeat for core[00]:  Thread:0      insts:10000000    cycles:9342219    (373688720) seconds:93    -- 1.07 IPC (1.07 IPC) -- 0.00 KIPS (107.53 KIPS)
5000000
6000000
** Heartbeat for core[01]:        insts:10000000    cycles:13878628   (555145080) seconds:141   -- 0.72 IPC (0.72 IPC) -- 0.00 KIPS (70.92 KIPS)
** Heartbeat for core[01]:  Thread:0      insts:10000000    cycles:13878628   (555145080) seconds:141   -- 0.72 IPC (0.72 IPC) -- 0.00 KIPS (70.92 KIPS)
7000000
8000000
** Heartbeat for core[00]:        insts:20000000    cycles:18566424   (742656920) seconds:190   -- 1.08 IPC (1.08 IPC) -- 103.09 KIPS (105.26 KIPS)
** Heartbeat for core[00]:  Thread:0      insts:20000000    cycles:18566424   (742656920) seconds:190   -- 1.08 IPC (1.08 IPC) -- 103.09 KIPS (105.26 KIPS)
9000000
10000000
11000000
** Heartbeat for core[01]:        insts:20000000    cycles:27198434   (1087937320) seconds:282   -- 0.75 IPC (0.74 IPC) -- 70.92 KIPS (70.92 KIPS)
** Heartbeat for core[01]:  Thread:0      insts:20000000    cycles:27198434   (1087937320) seconds:282   -- 0.75 IPC (0.74 IPC) -- 70.92 KIPS (70.92 KIPS)
12000000
** Heartbeat for core[00]:        insts:30000000    cycles:27632143   (1105285680) seconds:286   -- 1.10 IPC (1.09 IPC) -- 104.17 KIPS (104.90 KIPS)
** Heartbeat for core[00]:  Thread:0      insts:30000000    cycles:27632143   (1105285680) seconds:286   -- 1.10 IPC (1.09 IPC) -- 104.17 KIPS (104.90 KIPS)
13000000
14000000
15000000
** Heartbeat for core[00]:        insts:40000000    cycles:36674002   (1466960040) seconds:387   -- 1.11 IPC (1.09 IPC) -- 99.01 KIPS (103.36 KIPS)
** Heartbeat for core[00]:  Thread:0      insts:40000000    cycles:36674002   (1466960040) seconds:387   -- 1.11 IPC (1.09 IPC) -- 99.01 KIPS (103.36 KIPS)
16000000
17000000
** Heartbeat for core[01]:        insts:30000000    cycles:40479879   (1619195120) seconds:431   -- 0.75 IPC (0.74 IPC) -- 67.11 KIPS (69.61 KIPS)
** Heartbeat for core[01]:  Thread:0      insts:30000000    cycles:40479879   (1619195120) seconds:431   -- 0.75 IPC (0.74 IPC) -- 67.11 KIPS (69.61 KIPS)
18000000
19000000
** Heartbeat for core[00]:        insts:50000000    cycles:45826152   (1833046040) seconds:494   -- 1.09 IPC (1.09 IPC) -- 93.46 KIPS (101.21 KIPS)
** Heartbeat for core[00]:  Thread:0      insts:50000000    cycles:45826152   (1833046040) seconds:494   -- 1.09 IPC (1.09 IPC) -- 93.46 KIPS (101.21 KIPS)
20000000
21000000
22000000
** Heartbeat for core[01]:        insts:40000000    cycles:51498861   (2059954400) seconds:562   -- 0.91 IPC (0.78 IPC) -- 76.34 KIPS (71.17 KIPS)
** Heartbeat for core[01]:  Thread:0      insts:40000000    cycles:51498861   (2059954400) seconds:562   -- 0.91 IPC (0.78 IPC) -- 76.34 KIPS (71.17 KIPS)
23000000
24000000
** Heartbeat for core[00]:        insts:60000000    cycles:56695921   (2267836800) seconds:619   -- 0.92 IPC (1.06 IPC) -- 80.00 KIPS (96.93 KIPS)
** Heartbeat for core[00]:  Thread:0      insts:60000000    cycles:56695921   (2267836800) seconds:619   -- 0.92 IPC (1.06 IPC) -- 80.00 KIPS (96.93 KIPS)
25000000
26000000
27000000
28000000
29000000
** Heartbeat for core[01]:        insts:50000000    cycles:66957856   (2678314200) seconds:720   -- 0.65 IPC (0.75 IPC) -- 63.29 KIPS (69.44 KIPS)
** Heartbeat for core[01]:  Thread:0      insts:50000000    cycles:66957856   (2678314200) seconds:720   -- 0.65 IPC (0.75 IPC) -- 63.29 KIPS (69.44 KIPS)
30000000
30000000: 30m cycle
0:47:0.590514
way:2
1:1019:0.00453183
way:30
31000000
32000000
33000000
34000000
35000000
** Heartbeat for core[00]:        insts:70000000    cycles:81950528   (3278021080) seconds:874   -- 0.40 IPC (0.85 IPC) -- 39.22 KIPS (80.09 KIPS)
** Heartbeat for core[00]:  Thread:0      insts:70000000    cycles:81950528   (3278021080) seconds:874   -- 0.40 IPC (0.85 IPC) -- 39.22 KIPS (80.09 KIPS)
36000000
** Heartbeat for core[01]:        insts:60000000    cycles:84466634   (3378665320) seconds:900   -- 0.57 IPC (0.71 IPC) -- 55.56 KIPS (66.67 KIPS)
** Heartbeat for core[01]:  Thread:0      insts:60000000    cycles:84466634   (3378665320) seconds:900   -- 0.57 IPC (0.71 IPC) -- 55.56 KIPS (66.67 KIPS)
37000000
38000000
39000000
40000000
41000000
42000000
43000000
44000000
** Heartbeat for core[01]:        insts:70000000    cycles:101979859  (4079194320) seconds:1087  -- 0.57 IPC (0.69 IPC) -- 53.48 KIPS (64.40 KIPS)
** Heartbeat for core[01]:  Thread:0      insts:70000000    cycles:101979859  (4079194320) seconds:1087  -- 0.57 IPC (0.69 IPC) -- 53.48 KIPS (64.40 KIPS)
45000000
46000000
**Core 00 Core_Total  Finished:   insts:79905931    cycles:107374184  (4294967320) seconds:1148  -- 0.74 IPC (0.74 IPC) --  N/A  KHz (69.60 KHz)
**Core 00 Thread 00 Finished:   insts:79905931    cycles:107374184  (4294967320)  seconds:1148  -- 0.74 IPC (0.74 IPC) --  N/A  KHz (69.60 KHz) 
**Core 01 Core_Total  Finished:   insts:75498897    cycles:107374184  (4294967320) seconds:1148  -- 0.70 IPC (0.70 IPC) --  N/A  KHz (65.77 KHz)
**Core 01 Thread 00 Finished:   insts:75498897    cycles:107374184  (4294967320)  seconds:1148  -- 0.70 IPC (0.70 IPC) --  N/A  KHz (65.77 KHz) 
src/macsim.cc:617: (I=79905931  C=4294967361):  finalize simulation
src/macsim.cc:623: (I=79905931  C=4294967361):  elapsed time:1148.2 seconds
Done
