BP_MISPRED_STALL_CORE_0                                  52387165                      52387165

BP_RESOLVED_CORE_0                                         372277                        372277

BP_REDIRECT_RESOLVED_CORE_0                                     0                             0

PERFECT_TARGET_PRED_CORE_0                                      0                             0

BP_ON_PATH_CORRECT_CORE_0                                10965241                       96.7356%
BP_ON_PATH_MISPREDICT_CORE_0                               370024                       3.26436%
BP_ON_PATH_MISFETCH_CORE_0                                      0                             0%
                                                         11335265                           100%

BP_OFF_PATH_CORRECT_CORE_0                                      0                          NaN 
BP_OFF_PATH_MISPREDICT_CORE_0                                   0                          NaN 
BP_OFF_PATH_MISFETCH_CORE_0                                     0                          NaN 
                                                                0                           100%

BP_MISPRED_STALL_CORE_1                                    481803                        481803

BP_RESOLVED_CORE_1                                           4995                          4995

BP_REDIRECT_RESOLVED_CORE_1                                     0                             0

PERFECT_TARGET_PRED_CORE_1                                      0                             0

BP_ON_PATH_CORRECT_CORE_1                                 7662868                       99.9351%
BP_ON_PATH_MISPREDICT_CORE_1                                 4973                     0.0648553%
BP_ON_PATH_MISFETCH_CORE_1                                      0                             0%
                                                          7667841                           100%

BP_OFF_PATH_CORRECT_CORE_1                                      0                          NaN 
BP_OFF_PATH_MISPREDICT_CORE_1                                   0                          NaN 
BP_OFF_PATH_MISFETCH_CORE_1                                     0                          NaN 
                                                                0                           100%

