####################################################################################################
Interval
####################################################################################################
Cumulative:         Cycles:                  20000     Instructions:                  1200
DRAM_PRECHARGE                                              39475                         39475

DRAM_ACTIVATE                                               39483                         39483

DRAM_COLUMN                                                472581                        472581

DRAM_AVG_LATENCY_BASE                                      472581                        472581

DRAM_AVG_LATENCY                                         11885224                       25.1496

BANDWIDTH_TOT                                            30245184                      30245184

DRAM_CHANNEL0_BANDWIDTH_SATURATED                            7026                          7026

DRAM_CHANNEL1_BANDWIDTH_SATURATED                            6160                          6160

DRAM_CHANNEL2_BANDWIDTH_SATURATED                               0                             0

DRAM_CHANNEL3_BANDWIDTH_SATURATED                               0                             0

DRAM_CHANNEL4_BANDWIDTH_SATURATED                               0                             0

DRAM_CHANNEL5_BANDWIDTH_SATURATED                               0                             0

DRAM_CHANNEL6_BANDWIDTH_SATURATED                               0                             0

DRAM_CHANNEL7_BANDWIDTH_SATURATED                               0                             0

DRAM_CHANNEL0_DBUS_IDLE                                  35454455                      35454455

DRAM_CHANNEL1_DBUS_IDLE                                  35459983                      35459983

DRAM_CHANNEL2_DBUS_IDLE                                         0                             0

DRAM_CHANNEL3_DBUS_IDLE                                         0                             0

DRAM_CHANNEL4_DBUS_IDLE                                         0                             0

DRAM_CHANNEL5_DBUS_IDLE                                         0                             0

DRAM_CHANNEL6_DBUS_IDLE                                         0                             0

DRAM_CHANNEL7_DBUS_IDLE                                         0                             0

