####################################################################################################
Interval
####################################################################################################
Cumulative:         Cycles:                  20000     Instructions:                  1200
AVG_MEMORY_LATENCY_BASE                                   8769628                       8769628

AVG_MEMORY_LATENCY                                      539893423                        61.564

MSHR_FULL                                                       0                             0

TOTAL_MEMORY                                              8478246                       8478246

TOTAL_MEMORY_MERGE                                        7273939                      0.857953

TOTAL_WB                                                   291392                     0.0343694

L1_WB                                                      290865                      0.998191

L2_WB                                                           0                             0

L3_WB                                                         527                    0.00180856

TOTAL_DRAM                                                 472581                        472581

TOTAL_DRAM_MERGE                                                0                             0

L1_HIT_CPU                                               73085578                      73085578

L1_HIT_GPU                                                      0                             0

L1_MISS_CPU                                               8477582                       8477582

L1_MISS_GPU                                                     0                             0

L2_HIT_CPU                                                      0                             0

L2_HIT_GPU                                                      0                             0

L2_MISS_CPU                                               1204307                       1204307

L2_MISS_GPU                                                     0                             0

L3_HIT_CPU                                                 732251                        732251

L3_HIT_GPU                                                      0                             0

L3_MISS_CPU                                                472054                        472054

L3_MISS_GPU                                                     0                             0

L3_HIT_PROMOTION_CPU                                            0                             0

L3_HIT_PROMOTION_GPU                                            0                             0

FETCH_THREAD_SKIP_LD_WAIT                                       0                             0

FETCH_THREAD_SKIP_BR_WAIT                                       0                             0

FETCH_THREAD_SKIP_SCHED_WAIT                                    0                             0

NUM_MUL_TRANS_CM_TM_DM_INST                                     0                             0

NUM_MUL_TRANS_CM_TM_DM                                          0                           NaN

CONST_CACHE_HIT                                                 0                             0

CONST_CACHE_MISS                                                0                             0

CONST_CACHE_MISS_NO_EXECUTE                                     0                             0

CONST_CACHE_ACCESS                                              0                             0

TEXTURE_CACHE_HIT                                               0                             0

TEXTURE_CACHE_MISS                                              0                             0

TEXTURE_CACHE_NO_EXECUTE                                        0                             0

TEXTURE_CACHE_ACCESS                                            0                             0

SHARED_MEM_INST                                                 0                             0

SHARED_MEM_ACCESS                                               0                             0

CACHE_BANK_BUSY                                           7876597                       7876597

ICACHE_MISS_TOTAL                                             664                           664

TOTAL_CAGE_PERIOD                                               0                             0

TOTAL_CAGE_APPL0                                                0                           NaN

TOTAL_CAGE_APPL1                                                0                           NaN

TOTAL_CAGE_APPL2                                                0                           NaN

TOTAL_CAGE_APPL3                                                0                           NaN

TOTAL_CAGE_APPL4                                                0                           NaN

ABIP_AVG_RATIO_BASE                                             0                             0

ABIP_AVG_RATIO                                                  0                           NaN

TOTAL_WRITE_ACKS                                                0                             0

TOTAL_WRITES                                                    0                             0

NUM_PHYSICAL_PAGES                                              0                             0

COAL_INST                                                       0                          NaN 
UNCOAL_INST                                                     0                          NaN 
                                                                0                           100%

COAL_INST_SINGLE_TRANS                                          0                          NaN 
COAL_INST_MUL_TRANS                                             0                          NaN 
UNCOAL_INST_MUL_TRANS                                           0                          NaN 
                                                                0                           100%

SM_COAL_INST                                                    0                          NaN 
CM_COAL_INST                                                    0                          NaN 
TM_COAL_INST                                                    0                          NaN 
DM_COAL_INST                                                    0                          NaN 
                                                                0                           100%

SM_UNCOAL_INST                                                  0                          NaN 
CM_UNCOAL_INST                                                  0                          NaN 
TM_UNCOAL_INST                                                  0                          NaN 
DM_UNCOAL_INST                                                  0                          NaN 
                                                                0                           100%

SM_COAL_INST_SINGLE_TRANS                                       0                          NaN 
CM_COAL_INST_SINGLE_TRANS                                       0                          NaN 
TM_COAL_INST_SINGLE_TRANS                                       0                          NaN 
DM_COAL_INST_SINGLE_TRANS                                       0                          NaN 
                                                                0                           100%

SM_COAL_INST_MUL_TRANS                                          0                          NaN 
CM_COAL_INST_MUL_TRANS                                          0                          NaN 
TM_COAL_INST_MUL_TRANS                                          0                          NaN 
DM_COAL_INST_MUL_TRANS                                          0                          NaN 
                                                                0                           100%

LD_NO_FORWARD                                            33735831                       53.7165%
FORWARDED_LD                                             29067673                       46.2835%
                                                         62803504                           100%

L3_TOT_ACCESS_CORE_CORE_0                                  714575                        714575

L3_HIT_CORE_CORE_0                                         675875                        675875

L3_MISS_CORE_CORE_0                                         38700                         38700

L3_HIT_RATE_CORE_CORE_0                                    675875                      0.945842

L3_MISS_RATE_CORE_CORE_0                                    38700                     0.0541581

L3_BYPASS_CORE_CORE_0                                           0                             0

MEM_STALL_CYCLE_CORE_0                                          0                             0

ICACHE_FILL_CORE_0                                            100                           100

NUM_WRITE_ACKS_CORE_0                                           0                             0

NUM_WRITES_CORE_0                                               0                             0

ICACHE_HIT_CORE_0                                        26059468                       99.9996%
ICACHE_MISS_CORE_0                                            100                   0.000383736%
                                                         26059568                           100%

L3_TOT_ACCESS_CORE_CORE_1                                  489730                        489730

L3_HIT_CORE_CORE_1                                          56376                         56376

L3_MISS_CORE_CORE_1                                        433354                        433354

L3_HIT_RATE_CORE_CORE_1                                     56376                      0.115116

L3_MISS_RATE_CORE_CORE_1                                   433354                      0.884884

L3_BYPASS_CORE_CORE_1                                      394234                        394234

MEM_STALL_CYCLE_CORE_1                                          0                             0

ICACHE_FILL_CORE_1                                            564                           564

NUM_WRITE_ACKS_CORE_1                                           0                             0

NUM_WRITES_CORE_1                                               0                             0

ICACHE_HIT_CORE_1                                        25800134                       99.9978%
ICACHE_MISS_CORE_1                                            564                    0.00218599%
                                                         25800698                           100%

