####################################################################################################
Interval
####################################################################################################
Cumulative:         Cycles:                  20000     Instructions:                  1200
DISPATCHED_INST                                         205988546                     205988546

DISPATCH_WAIT                                          7880499037                        38.257

NUM_NO_FETCH_CYCLES                                             0                             0

AVG_CORE_IDLE_CYCLE                                             0                             0

REEXEC_NUM                                                      0                             0

INV_MATCH_NUM                                                   0                             0

EARLY_PERM_NUM                                                  0                             0

PERM_MATCH_NUM                                                  0                             0

RETIRE_SPECLD_NUM                                               0                             0

RETIRE_SPECST_NUM                                               0                             0

FENCE_HEAD_ROB_WAIT                                             0                             0

NUM_SAMPLES_CORE_0                                      107374184                     107374184

NUM_ACTIVE_BLOCKS_CORE_0                                        0                             0

NUM_ACTIVE_THREADS_CORE_0                               107374184                             1

NUM_SCHED_IDLE_CYCLE_CORE_0                               7951493                       7951493

NUM_NO_SCHED_CYCLE_CORE_0                                65518105                      65518105

CORE_DISPATCHED_INST_CORE_0                             104250433                     104250433

CORE_DISPATCH_WAIT_CORE_0                              4336489247                       41.5968

CORE_CYCLES_CORE_0                                              0                             0

CORE_SCHED_THREADS_CORE_0                                       0                           NaN

CORE_NUM_NO_FETCH_CYCLES_CORE_0                                 0                             0

CORE_NUM_NO_FETCH_CYCLES_WITH_READY_THREADS_CORE_0                   0                             0

CORE_NUM_FETCH_CYCLES_CORE_0                                    0                             0

CORE_FETCH_DELTA_CORE_0                                         0                           NaN

CORE_NUM_RETIRE_CYCLES_CORE_0                                   0                             0

CORE_RETIRE_DELTA_CORE_0                                        0                           NaN

FENCE_PREF_REQ_CORE_0                                           0                             0

FENCE_WAITING_CORE_0                                            0                             0

DYN_FENCE_NUM_CORE_0                                            0                             0

WB_ORDERING_STALL_CORE_0                                        0                             0

WB_FULL_CORE_0                                                  0                             0

FENCE_TOT_CYCLES_CORE_0                                         0                             0

FENCE_EXEC_CYCLES_CORE_0                                        0                             0

STORE_RES_CORE_0                                        787653312                     787653312

STORE_NUM_CORE_0                                          7156852                       7156852

STORE_WB_FREE_CORE_0                                            0                             0

SCHED_FAILED_REASON_SUCCESS_CORE_0                      104250931                       5.91652%
SCHED_FAILED_OPERANDS_NOT_READY_CORE_0                 1648823598                       93.5751%
SCHED_FAILED_NO_PORTS_CORE_0                              8956932                       0.50833%
SCHED_FAILED_FENCE_ACTIVE_CORE_0                                0                             0%
                                                       1762031461                           100%

NUM_SAMPLES_CORE_1                                      107374184                     107374184

NUM_ACTIVE_BLOCKS_CORE_1                                        0                             0

NUM_ACTIVE_THREADS_CORE_1                               107374184                             1

NUM_SCHED_IDLE_CYCLE_CORE_1                              14061541                      14061541

NUM_NO_SCHED_CYCLE_CORE_1                                38798182                      38798182

CORE_DISPATCHED_INST_CORE_1                             101738113                     101738113

CORE_DISPATCH_WAIT_CORE_1                              3544009790                       34.8346

CORE_CYCLES_CORE_1                                              0                             0

CORE_SCHED_THREADS_CORE_1                                       0                           NaN

CORE_NUM_NO_FETCH_CYCLES_CORE_1                                 0                             0

CORE_NUM_NO_FETCH_CYCLES_WITH_READY_THREADS_CORE_1                   0                             0

CORE_NUM_FETCH_CYCLES_CORE_1                                    0                             0

CORE_FETCH_DELTA_CORE_1                                         0                           NaN

CORE_NUM_RETIRE_CYCLES_CORE_1                                   0                             0

CORE_RETIRE_DELTA_CORE_1                                        0                           NaN

FENCE_PREF_REQ_CORE_1                                           0                             0

FENCE_WAITING_CORE_1                                            0                             0

DYN_FENCE_NUM_CORE_1                                            0                             0

WB_ORDERING_STALL_CORE_1                                        0                             0

WB_FULL_CORE_1                                                  0                             0

FENCE_TOT_CYCLES_CORE_1                                         0                             0

FENCE_EXEC_CYCLES_CORE_1                                        0                             0

STORE_RES_CORE_1                                       2091269749                    2091269749

STORE_NUM_CORE_1                                         11378975                      11378975

STORE_WB_FREE_CORE_1                                            0                             0

SCHED_FAILED_REASON_SUCCESS_CORE_1                      101780194                       5.63758%
SCHED_FAILED_OPERANDS_NOT_READY_CORE_1                 1696474079                       93.9673%
SCHED_FAILED_NO_PORTS_CORE_1                              7133583                      0.395127%
SCHED_FAILED_FENCE_ACTIVE_CORE_1                                0                             0%
                                                       1805387856                           100%

