####################################################################################################
Interval
####################################################################################################
Cumulative:         Cycles:                  20000     Instructions:                  1200
DRAM_PRECHARGE                                              39285                         39285

DRAM_ACTIVATE                                               39293                         39293

DRAM_COLUMN                                                480120                        480120

DRAM_AVG_LATENCY_BASE                                      480120                        480120

DRAM_AVG_LATENCY                                         12034596                       25.0658

BANDWIDTH_TOT                                            30727680                      30727680

DRAM_CHANNEL0_BANDWIDTH_SATURATED                            6851                          6851

DRAM_CHANNEL1_BANDWIDTH_SATURATED                            6187                          6187

DRAM_CHANNEL2_BANDWIDTH_SATURATED                               0                             0

DRAM_CHANNEL3_BANDWIDTH_SATURATED                               0                             0

DRAM_CHANNEL4_BANDWIDTH_SATURATED                               0                             0

DRAM_CHANNEL5_BANDWIDTH_SATURATED                               0                             0

DRAM_CHANNEL6_BANDWIDTH_SATURATED                               0                             0

DRAM_CHANNEL7_BANDWIDTH_SATURATED                               0                             0

DRAM_CHANNEL0_DBUS_IDLE                                  35424535                      35424535

DRAM_CHANNEL1_DBUS_IDLE                                  35429591                      35429591

DRAM_CHANNEL2_DBUS_IDLE                                         0                             0

DRAM_CHANNEL3_DBUS_IDLE                                         0                             0

DRAM_CHANNEL4_DBUS_IDLE                                         0                             0

DRAM_CHANNEL5_DBUS_IDLE                                         0                             0

DRAM_CHANNEL6_DBUS_IDLE                                         0                             0

DRAM_CHANNEL7_DBUS_IDLE                                         0                             0

