####################################################################################################
Interval
####################################################################################################
Cumulative:         Cycles:                  20000     Instructions:                  1200
AVG_MEMORY_LATENCY_BASE                                   8659832                       8659832

AVG_MEMORY_LATENCY                                      542125662                       62.6023

MSHR_FULL                                                       0                             0

TOTAL_MEMORY                                              8372897                       8372897

TOTAL_MEMORY_MERGE                                        7175433                      0.856983

TOTAL_WB                                                   286947                     0.0342709

L1_WB                                                      286681                      0.999073

L2_WB                                                           0                             0

L3_WB                                                         266                      0.000927

TOTAL_DRAM                                                 480120                        480120

TOTAL_DRAM_MERGE                                                0                             0

L1_HIT_CPU                                               72520447                      72520447

L1_HIT_GPU                                                      0                             0

L1_MISS_CPU                                               8372233                       8372233

L1_MISS_GPU                                                     0                             0

L2_HIT_CPU                                                      0                             0

L2_HIT_GPU                                                      0                             0

L2_MISS_CPU                                               1197464                       1197464

L2_MISS_GPU                                                     0                             0

L3_HIT_CPU                                                 717606                        717606

L3_HIT_GPU                                                      0                             0

L3_MISS_CPU                                                479854                        479854

L3_MISS_GPU                                                     0                             0

L3_HIT_PROMOTION_CPU                                            0                             0

L3_HIT_PROMOTION_GPU                                            0                             0

FETCH_THREAD_SKIP_LD_WAIT                                       0                             0

FETCH_THREAD_SKIP_BR_WAIT                                       0                             0

FETCH_THREAD_SKIP_SCHED_WAIT                                    0                             0

NUM_MUL_TRANS_CM_TM_DM_INST                                     0                             0

NUM_MUL_TRANS_CM_TM_DM                                          0                           NaN

CONST_CACHE_HIT                                                 0                             0

CONST_CACHE_MISS                                                0                             0

CONST_CACHE_MISS_NO_EXECUTE                                     0                             0

CONST_CACHE_ACCESS                                              0                             0

TEXTURE_CACHE_HIT                                               0                             0

TEXTURE_CACHE_MISS                                              0                             0

TEXTURE_CACHE_NO_EXECUTE                                        0                             0

TEXTURE_CACHE_ACCESS                                            0                             0

SHARED_MEM_INST                                                 0                             0

SHARED_MEM_ACCESS                                               0                             0

CACHE_BANK_BUSY                                           7743590                       7743590

ICACHE_MISS_TOTAL                                             664                           664

TOTAL_CAGE_PERIOD                                               0                             0

TOTAL_CAGE_APPL0                                                0                           NaN

TOTAL_CAGE_APPL1                                                0                           NaN

TOTAL_CAGE_APPL2                                                0                           NaN

TOTAL_CAGE_APPL3                                                0                           NaN

TOTAL_CAGE_APPL4                                                0                           NaN

ABIP_AVG_RATIO_BASE                                             0                             0

ABIP_AVG_RATIO                                                  0                           NaN

TOTAL_WRITE_ACKS                                                0                             0

TOTAL_WRITES                                                    0                             0

NUM_PHYSICAL_PAGES                                              0                             0

COAL_INST                                                       0                          NaN 
UNCOAL_INST                                                     0                          NaN 
                                                                0                           100%

COAL_INST_SINGLE_TRANS                                          0                          NaN 
COAL_INST_MUL_TRANS                                             0                          NaN 
UNCOAL_INST_MUL_TRANS                                           0                          NaN 
                                                                0                           100%

SM_COAL_INST                                                    0                          NaN 
CM_COAL_INST                                                    0                          NaN 
TM_COAL_INST                                                    0                          NaN 
DM_COAL_INST                                                    0                          NaN 
                                                                0                           100%

SM_UNCOAL_INST                                                  0                          NaN 
CM_UNCOAL_INST                                                  0                          NaN 
TM_UNCOAL_INST                                                  0                          NaN 
DM_UNCOAL_INST                                                  0                          NaN 
                                                                0                           100%

SM_COAL_INST_SINGLE_TRANS                                       0                          NaN 
CM_COAL_INST_SINGLE_TRANS                                       0                          NaN 
TM_COAL_INST_SINGLE_TRANS                                       0                          NaN 
DM_COAL_INST_SINGLE_TRANS                                       0                          NaN 
                                                                0                           100%

SM_COAL_INST_MUL_TRANS                                          0                          NaN 
CM_COAL_INST_MUL_TRANS                                          0                          NaN 
TM_COAL_INST_MUL_TRANS                                          0                          NaN 
DM_COAL_INST_MUL_TRANS                                          0                          NaN 
                                                                0                           100%

LD_NO_FORWARD                                            33625703                       53.9246%
FORWARDED_LD                                             28731240                       46.0754%
                                                         62356943                           100%

L3_TOT_ACCESS_CORE_CORE_0                                  714748                        714748

L3_HIT_CORE_CORE_0                                         676171                        676171

L3_MISS_CORE_CORE_0                                         38577                         38577

L3_HIT_RATE_CORE_CORE_0                                    676171                      0.946027

L3_MISS_RATE_CORE_CORE_0                                    38577                     0.0539729

L3_BYPASS_CORE_CORE_0                                           0                             0

MEM_STALL_CYCLE_CORE_0                                          0                             0

ICACHE_FILL_CORE_0                                            100                           100

NUM_WRITE_ACKS_CORE_0                                           0                             0

NUM_WRITES_CORE_0                                               0                             0

ICACHE_HIT_CORE_0                                        26062661                       99.9996%
ICACHE_MISS_CORE_0                                            100                   0.000383689%
                                                         26062761                           100%

L3_TOT_ACCESS_CORE_CORE_1                                  482712                        482712

L3_HIT_CORE_CORE_1                                          41435                         41435

L3_MISS_CORE_CORE_1                                        441277                        441277

L3_HIT_RATE_CORE_CORE_1                                     41435                     0.0858379

L3_MISS_RATE_CORE_CORE_1                                   441277                      0.914162

L3_BYPASS_CORE_CORE_1                                      410694                        410694

MEM_STALL_CYCLE_CORE_1                                          0                             0

ICACHE_FILL_CORE_1                                            564                           564

NUM_WRITE_ACKS_CORE_1                                           0                             0

NUM_WRITES_CORE_1                                               0                             0

ICACHE_HIT_CORE_1                                        25434604                       99.9978%
ICACHE_MISS_CORE_1                                            564                     0.0022174%
                                                         25435168                           100%

