BP_MISPRED_STALL_CORE_0                                  52387845                      52387845

BP_RESOLVED_CORE_0                                         372196                        372196

BP_REDIRECT_RESOLVED_CORE_0                                     0                             0

PERFECT_TARGET_PRED_CORE_0                                      0                             0

BP_ON_PATH_CORRECT_CORE_0                                10963284                       96.7358%
BP_ON_PATH_MISPREDICT_CORE_0                               369943                       3.26423%
BP_ON_PATH_MISFETCH_CORE_0                                      0                             0%
                                                         11333227                           100%

BP_OFF_PATH_CORRECT_CORE_0                                      0                          NaN 
BP_OFF_PATH_MISPREDICT_CORE_0                                   0                          NaN 
BP_OFF_PATH_MISFETCH_CORE_0                                     0                          NaN 
                                                                0                           100%

BP_MISPRED_STALL_CORE_1                                    481792                        481792

BP_RESOLVED_CORE_1                                           4995                          4995

BP_REDIRECT_RESOLVED_CORE_1                                     0                             0

PERFECT_TARGET_PRED_CORE_1                                      0                             0

BP_ON_PATH_CORRECT_CORE_1                                 7833095                       99.9366%
BP_ON_PATH_MISPREDICT_CORE_1                                 4973                     0.0634468%
BP_ON_PATH_MISFETCH_CORE_1                                      0                             0%
                                                          7838068                           100%

BP_OFF_PATH_CORRECT_CORE_1                                      0                          NaN 
BP_OFF_PATH_MISPREDICT_CORE_1                                   0                          NaN 
BP_OFF_PATH_MISFETCH_CORE_1                                     0                          NaN 
                                                                0                           100%

