####################################################################################################
Interval
####################################################################################################
Cumulative:         Cycles:                  20000     Instructions:                  1200
TOTAL_PACKET_CPU                                          3350551                       3350551

TOTAL_PACKET_GPU                                                0                             0

NOC_AVG_LATENCY_BASE                                      3350549                       3350549

NOC_AVG_LATENCY_BASE_CPU                                  3350549                       3350549

NOC_AVG_LATENCY_BASE_GPU                                        0                             0

NOC_AVG_LATENCY                                          36550930                       10.9089

NOC_AVG_LATENCY_CPU                                      36550930                       10.9089

NOC_AVG_LATENCY_GPU                                             0                           NaN

NOC_AVG_ACTIVE_PACKET_BASE                                3350551                       3350551

NOC_AVG_ACTIVE_PACKET_BASE_CPU                            3350551                       3350551

NOC_AVG_ACTIVE_PACKET_BASE_GPU                                  0                             0

NOC_AVG_ACTIVE_PACKET                                     5159820                       1.53999

NOC_AVG_ACTIVE_PACKET_CPU                                 5159820                       1.53999

NOC_AVG_ACTIVE_PACKET_GPU                                       0                           NaN

NOC_IDLE_CHANNEL                                                0                             0

NOC_IDLE_CHANNEL_CPU                                            0                             0

NOC_IDLE_CHANNEL_GPU                                            0                             0

NOC_IDLE_CHANNEL_L3                                             0                             0

NOC_IDLE_CHANNEL_MC                                             0                             0

NOC_AVG_WAIT_IN_ROUTER_BASE                               8129563                       8129563

NOC_AVG_WAIT_IN_ROUTER_BASE_CPU                           3143333                       3143333

NOC_AVG_WAIT_IN_ROUTER_BASE_GPU                                 0                             0

NOC_AVG_WAIT_IN_ROUTER_BASE_L3                            3350549                       3350549

NOC_AVG_WAIT_IN_ROUTER_BASE_MC                            1635681                       1635681

NOC_AVG_WAIT_IN_ROUTER                                   67168404                       8.26224

NOC_AVG_WAIT_IN_ROUTER_CPU                               25345936                        8.0634

NOC_AVG_WAIT_IN_ROUTER_GPU                                      0                           NaN

NOC_AVG_WAIT_IN_ROUTER_L3                                26991201                       8.05575

NOC_AVG_WAIT_IN_ROUTER_MC                                14831267                       9.06733

NOC_LINK_ACTIVE                                          14338801                      14338801

