Arguments: ./macsim --l3_repl==PDP 
src/macsim.cc:133: (I=0  C=0):  initialize knobs
number of cores : 2
src/macsim.cc:531: (I=0  C=0):  initialize simulation
src/macsim.cc:327: (I=0  C=0):  initialize cores (2/0/0)
src/memory.cc:1695: (I=0  C=0):  Memory system(l2_decoupled_network) has been initialized.
l3_policy: PDP,PDP
0
1
ip_table done
way0=8
way1=24
src/network_ring.cc:107: (I=0  C=0):  TOTAL_ROUTER:4 CPU:2 GPU:0 L3:1 MC:1
src/network_ring.cc:312: (I=0  C=0):  RING topology
0 <-> 1 <-> 2 <-> 3 <-> 
enabling bug detector
src/macsim.cc:748: (I=0  C=0):  Initializing new noc

src/macsim.cc:839: (I=0  C=0):  Clock LCM           : 920
src/macsim.cc:840: (I=0  C=0):  CPU clock frequency : 2.3 GHz
src/macsim.cc:841: (I=0  C=0):  GPU clock frequency : 2.3 GHz
src/macsim.cc:842: (I=0  C=0):  L3  clock frequency : 1 GHz
src/macsim.cc:843: (I=0  C=0):  NOC clock frequency : 1 GHz
src/macsim.cc:844: (I=0  C=0):  MC  clock frequency : 0.8 GHz
src/process_manager.cc:455: (I=0  C=0):  setup_process:0 ../../../../jinku/macsim_traces/astar/trace.txt current_index:0 (1)
src/process_manager.cc:548: (I=0  C=0):  thread_count:1
src/process_manager.cc:455: (I=0  C=0):  setup_process:1 ../../../../jinku/macsim_traces/160810/16MB/trace.txt current_index:0 (1)
src/process_manager.cc:548: (I=0  C=0):  thread_count:1
1000000
2000000
3000000
4000000
** Heartbeat for core[00]:        insts:10000000    cycles:9288256    (371530200) seconds:93    -- 1.08 IPC (1.08 IPC) -- 0.00 KIPS (107.53 KIPS)
** Heartbeat for core[00]:  Thread:0      insts:10000000    cycles:9288256    (371530200) seconds:93    -- 1.08 IPC (1.08 IPC) -- 0.00 KIPS (107.53 KIPS)
5000000
6000000
** Heartbeat for core[01]:        insts:10000000    cycles:13864665   (554586560) seconds:140   -- 0.72 IPC (0.72 IPC) -- 0.00 KIPS (71.43 KIPS)
** Heartbeat for core[01]:  Thread:0      insts:10000000    cycles:13864665   (554586560) seconds:140   -- 0.72 IPC (0.72 IPC) -- 0.00 KIPS (71.43 KIPS)
7000000
8000000
** Heartbeat for core[00]:        insts:20000000    cycles:18414856   (736594200) seconds:187   -- 1.10 IPC (1.09 IPC) -- 106.38 KIPS (106.95 KIPS)
** Heartbeat for core[00]:  Thread:0      insts:20000000    cycles:18414856   (736594200) seconds:187   -- 1.10 IPC (1.09 IPC) -- 106.38 KIPS (106.95 KIPS)
9000000
10000000
11000000
** Heartbeat for core[01]:        insts:20000000    cycles:27151834   (1086073320) seconds:280   -- 0.75 IPC (0.74 IPC) -- 71.43 KIPS (71.43 KIPS)
** Heartbeat for core[01]:  Thread:0      insts:20000000    cycles:27151834   (1086073320) seconds:280   -- 0.75 IPC (0.74 IPC) -- 71.43 KIPS (71.43 KIPS)
** Heartbeat for core[00]:        insts:30000000    cycles:27387658   (1095506280) seconds:282   -- 1.11 IPC (1.10 IPC) -- 105.26 KIPS (106.38 KIPS)
** Heartbeat for core[00]:  Thread:0      insts:30000000    cycles:27387658   (1095506280) seconds:282   -- 1.11 IPC (1.10 IPC) -- 105.26 KIPS (106.38 KIPS)
12000000
13000000
14000000
15000000
** Heartbeat for core[00]:        insts:40000000    cycles:36342319   (1453692720) seconds:382   -- 1.12 IPC (1.10 IPC) -- 100.00 KIPS (104.71 KIPS)
** Heartbeat for core[00]:  Thread:0      insts:40000000    cycles:36342319   (1453692720) seconds:382   -- 1.12 IPC (1.10 IPC) -- 100.00 KIPS (104.71 KIPS)
16000000
17000000
** Heartbeat for core[01]:        insts:30000000    cycles:40428021   (1617120800) seconds:429   -- 0.75 IPC (0.74 IPC) -- 67.11 KIPS (69.93 KIPS)
** Heartbeat for core[01]:  Thread:0      insts:30000000    cycles:40428021   (1617120800) seconds:429   -- 0.75 IPC (0.74 IPC) -- 67.11 KIPS (69.93 KIPS)
18000000
19000000
** Heartbeat for core[00]:        insts:50000000    cycles:45377744   (1815109720) seconds:487   -- 1.11 IPC (1.10 IPC) -- 95.24 KIPS (102.67 KIPS)
** Heartbeat for core[00]:  Thread:0      insts:50000000    cycles:45377744   (1815109720) seconds:487   -- 1.11 IPC (1.10 IPC) -- 95.24 KIPS (102.67 KIPS)
20000000
21000000
22000000
** Heartbeat for core[01]:        insts:40000000    cycles:51442978   (2057719080) seconds:560   -- 0.91 IPC (0.78 IPC) -- 76.34 KIPS (71.43 KIPS)
** Heartbeat for core[01]:  Thread:0      insts:40000000    cycles:51442978   (2057719080) seconds:560   -- 0.91 IPC (0.78 IPC) -- 76.34 KIPS (71.43 KIPS)
23000000
24000000
** Heartbeat for core[00]:        insts:60000000    cycles:55273189   (2210927520) seconds:600   -- 1.01 IPC (1.09 IPC) -- 88.50 KIPS (100.00 KIPS)
** Heartbeat for core[00]:  Thread:0      insts:60000000    cycles:55273189   (2210927520) seconds:600   -- 1.01 IPC (1.09 IPC) -- 88.50 KIPS (100.00 KIPS)
25000000
26000000
27000000
28000000
29000000
** Heartbeat for core[01]:        insts:50000000    cycles:68349202   (2733968040) seconds:730   -- 0.59 IPC (0.73 IPC) -- 58.82 KIPS (68.49 KIPS)
** Heartbeat for core[01]:  Thread:0      insts:50000000    cycles:68349202   (2733968040) seconds:730   -- 0.59 IPC (0.73 IPC) -- 58.82 KIPS (68.49 KIPS)
30000000
30000000: 30m cycle
0:38:0.586405
way:8
1:1022:0.00447182
way:24
31000000
32000000
33000000
34000000
** Heartbeat for core[00]:        insts:70000000    cycles:79736231   (3189449200) seconds:846   -- 0.41 IPC (0.88 IPC) -- 40.65 KIPS (82.74 KIPS)
** Heartbeat for core[00]:  Thread:0      insts:70000000    cycles:79736231   (3189449200) seconds:846   -- 0.41 IPC (0.88 IPC) -- 40.65 KIPS (82.74 KIPS)
35000000
36000000
37000000
** Heartbeat for core[01]:        insts:60000000    cycles:85805498   (3432219880) seconds:909   -- 0.57 IPC (0.70 IPC) -- 55.87 KIPS (66.01 KIPS)
** Heartbeat for core[01]:  Thread:0      insts:60000000    cycles:85805498   (3432219880) seconds:909   -- 0.57 IPC (0.70 IPC) -- 55.87 KIPS (66.01 KIPS)
38000000
39000000
40000000
41000000
42000000
43000000
44000000
** Heartbeat for core[01]:        insts:70000000    cycles:103283860  (4131354360) seconds:1096  -- 0.57 IPC (0.68 IPC) -- 53.48 KIPS (63.87 KIPS)
** Heartbeat for core[01]:  Thread:0      insts:70000000    cycles:103283860  (4131354360) seconds:1096  -- 0.57 IPC (0.68 IPC) -- 53.48 KIPS (63.87 KIPS)
45000000
** Heartbeat for core[00]:        insts:80000000    cycles:104798345  (4191933760) seconds:1113  -- 0.40 IPC (0.76 IPC) -- 37.45 KIPS (71.88 KIPS)
** Heartbeat for core[00]:  Thread:0      insts:80000000    cycles:104798345  (4191933760) seconds:1113  -- 0.40 IPC (0.76 IPC) -- 37.45 KIPS (71.88 KIPS)
46000000
**Core 00 Core_Total  Finished:   insts:81031574    cycles:107374184  (4294967320) seconds:1142  -- 0.75 IPC (0.75 IPC) --  N/A  KHz (70.96 KHz)
**Core 00 Thread 00 Finished:   insts:81031574    cycles:107374184  (4294967320)  seconds:1142  -- 0.75 IPC (0.75 IPC) --  N/A  KHz (70.96 KHz) 
**Core 01 Core_Total  Finished:   insts:74126353    cycles:107374184  (4294967320) seconds:1142  -- 0.69 IPC (0.69 IPC) --  N/A  KHz (64.91 KHz)
**Core 01 Thread 00 Finished:   insts:74126353    cycles:107374184  (4294967320)  seconds:1142  -- 0.69 IPC (0.69 IPC) --  N/A  KHz (64.91 KHz) 
src/macsim.cc:617: (I=81031574  C=4294967361):  finalize simulation
src/macsim.cc:623: (I=81031574  C=4294967361):  elapsed time:1141.9 seconds
Done
