####################################################################################################
Interval
####################################################################################################
Cumulative:         Cycles:                  20000     Instructions:                  1200
POWER_L3CACHE_LINEFILL_BUF_R                               460283                        460283

POWER_L3CACHE_LINEFILL_BUF_W                               460283                        460283

POWER_L3CACHE_LINEFILL_BUF_R_TAG                           460283                        460283

POWER_L3CACHE_WB_BUF_R                                        882                           882

POWER_L3CACHE_WB_BUF_W                                        882                           882

POWER_L3CACHE_WB_BUF_R_TAG                                    882                           882

POWER_L3CACHE_R                                            754267                        754267

POWER_L3CACHE_W                                             90674                         90674

POWER_L3CACHE_R_TAG                                       1214551                       1214551

POWER_MC_R                                                9098779                       9098779

POWER_MC_W                                                 461166                        461166

POWER_BLOCK_STATES_R_CORE_0                             107374184                     107374184

POWER_BLOCK_STATES_W_CORE_0                             107374184                     107374184

POWER_FETCH_QUEUE_R_CORE_0                              104219656                     104219656

POWER_FETCH_QUEUE_W_CORE_0                              104219656                     104219656

POWER_INST_QUEUE_R_CORE_0                               224500575                     224500575

POWER_INST_QUEUE_W_CORE_0                               104219402                     104219402

POWER_BR_PRED_R_CORE_0                                   11461970                      11461970

POWER_BR_PRED_W_CORE_0                                   11333185                      11333185

POWER_RAS_R_CORE_0                                         559765                        559765

POWER_RAS_W_CORE_0                                         534276                        534276

POWER_ICACHE_R_CORE_0                                    26054914                      26054914

POWER_ICACHE_W_CORE_0                                         100                           100

POWER_ICACHE_R_TAG_CORE_0                                26055014                      26055014

POWER_ICACHE_MISS_BUF_R_CORE_0                                200                           200

POWER_ICACHE_MISS_BUF_W_CORE_0                                200                           200

POWER_ICACHE_MISS_BUF_R_TAG_CORE_0                            100                           100

POWER_ICACHE_MISS_BUF_W_TAG_CORE_0                              0                             0

POWER_ICACHE_TOT_ACC_CORE_0                                     0                             0

POWER_ICACHE_CONF_CORE_0                                        0                             0

POWER_INST_DECODER_R_CORE_0                              81031835                      81031835

POWER_INST_DECODER_W_CORE_0                                     0                             0

POWER_MICRO_OP_SEQ_R_CORE_0                                     0                             0

POWER_MICRO_OP_SEQ_W_CORE_0                                     0                             0

POWER_OPERAND_DECODER_R_CORE_0                           81031835                      81031835

POWER_OPERAND_DECODER_W_CORE_0                                  0                             0

POWER_UOP_QUEUE_R_CORE_0                                224500575                     224500575

POWER_UOP_QUEUE_W_CORE_0                                104219402                     104219402

POWER_REG_RENAMING_TABLE_R_CORE_0                       224500575                     224500575

POWER_REG_RENAMING_TABLE_W_CORE_0                       104219402                     104219402

POWER_DEP_CHECK_LOGIC_R_CORE_0                          104219656                     104219656

POWER_FREELIST_R_CORE_0                                 224500575                     224500575

POWER_FREELIST_W_CORE_0                                 104219402                     104219402

POWER_RESERVATION_STATION_R_CORE_0                      104219840                     104219840

POWER_RESERVATION_STATION_W_CORE_0                      104219370                     104219370

POWER_RESERVATION_STATION_R_TAG_CORE_0                  104219840                     104219840

POWER_RESERVATION_STATION_W_TAG_CORE_0                          0                             0

POWER_INST_ISSUE_SEL_LOGIC_R_CORE_0                     104219840                     104219840

POWER_INST_ISSUE_SEL_LOGIC_W_CORE_0                     104219351                     104219351

POWER_PAYLOAD_RAM_R_CORE_0                              104219840                     104219840

POWER_PAYLOAD_RAM_W_CORE_0                              104219351                     104219351

POWER_EX_ALU_R_CORE_0                                    64167071                      64167071

POWER_EX_FPU_R_CORE_0                                       61494                         61494

POWER_EX_MUL_R_CORE_0                                     4321261                       4321261

POWER_EX_SFU_R_CORE_0                                           0                             0

POWER_REORDER_BUF_R_CORE_0                              104219318                     104219318

POWER_REORDER_BUF_W_CORE_0                              208438804                     208438804

POWER_INST_COMMIT_SEL_LOGIC_R_CORE_0                    104219318                     104219318

POWER_INST_COMMIT_SEL_LOGIC_W_CORE_0                    104219402                     104219402

POWER_FP_RENAME_R_CORE_0                                   149463                        149463

POWER_FP_RENAME_W_CORE_0                                        0                             0

POWER_LOAD_QUEUE_R_CORE_0                                28514723                      28514723

POWER_LOAD_QUEUE_W_CORE_0                                28514723                      28514723

POWER_LOAD_QUEUE_R_TAG_CORE_0                            28514723                      28514723

POWER_LOAD_QUEUE_W_TAG_CORE_0                                   0                             0

POWER_STORE_QUEUE_R_CORE_0                                7155291                       7155291

POWER_STORE_QUEUE_W_CORE_0                                7155291                       7155291

POWER_STORE_QUEUE_R_TAG_CORE_0                            7155291                       7155291

POWER_STORE_QUEUE_W_TAG_CORE_0                                  0                             0

POWER_DATA_TLB_R_CORE_0                                  28514723                      28514723

POWER_DATA_TLB_W_CORE_0                                         0                             0

POWER_DATA_TLB_R_TAG_CORE_0                                     0                             0

POWER_DATA_TLB_W_TAG_CORE_0                                     0                             0

POWER_INT_REGFILE_R_CORE_0                              172646189                     172646189

POWER_INT_REGFILE_W_CORE_0                              104157857                     104157857

POWER_FP_REGFILE_R_CORE_0                                  119902                        119902

POWER_FP_REGFILE_W_CORE_0                                   61494                         61494

POWER_GP_REGISTER_R_CORE_0                              172646189                     172646189

POWER_GP_REGISTER_W_CORE_0                              104157857                     104157857

POWER_FP_REGISTER_R_CORE_0                                 122988                        122988

POWER_FP_REGISTER_W_CORE_0                                  61494                         61494

POWER_SEGMENT_REGISTER_R_CORE_0                          35669525                      35669525

POWER_SEGMENT_REGISTER_W_CORE_0                          70089085                      70089085

POWER_CONTROL_REGISTER_R_CORE_0                                 0                             0

POWER_CONTROL_REGISTER_W_CORE_0                           2024154                       2024154

POWER_FLAG_REGISTER_R_CORE_0                                    0                             0

POWER_FLAG_REGISTER_W_CORE_0                                    0                             0

POWER_EXEC_BYPASS_CORE_0                                104219351                     104219351

POWER_LOAD_BYPASS_CORE_0                                  1428466                       1428466

POWER_PIPELINE_CORE_0                                    81031574                      81031574

POWER_DCACHE_MISS_BUF_R_CORE_0                            1428266                       1428266

POWER_DCACHE_MISS_BUF_R_TAG_CORE_0                        1656476                       1656476

POWER_DCACHE_MISS_BUF_W_CORE_0                            1656476                       1656476

POWER_DCACHE_MISS_BUF_W_TAG_CORE_0                              0                             0

POWER_DCACHE_LINEFILL_BUF_R_CORE_0                              0                             0

POWER_L2CACHE_LINEFILL_BUF_R_CORE_0                        948725                        948725

POWER_DCACHE_LINEFILL_BUF_W_CORE_0                              0                             0

POWER_L2CACHE_LINEFILL_BUF_W_CORE_0                        932123                        932123

POWER_DCACHE_LINEFILL_BUF_R_TAG_CORE_0                          0                             0

POWER_L2CACHE_LINEFILL_BUF_R_TAG_CORE_0                   1166616                       1166616

POWER_DCACHE_LINEFILL_BUF_W_TAG_CORE_0                          0                             0

POWER_DCACHE_WB_BUF_R_CORE_0                               217891                        217891

POWER_L2CACHE_WB_BUF_R_CORE_0                                   0                             0

POWER_DCACHE_WB_BUF_W_CORE_0                               217891                        217891

POWER_L2CACHE_WB_BUF_W_CORE_0                                   0                             0

POWER_DCACHE_WB_BUF_R_TAG_CORE_0                           435782                        435782

POWER_L2CACHE_WB_BUF_R_TAG_CORE_0                               0                             0

POWER_DCACHE_WB_BUF_W_TAG_CORE_0                                0                             0

POWER_DCACHE_R_CORE_0                                    34013049                      34013049

POWER_L2CACHE_R_CORE_0                                          0                             0

POWER_DCACHE_W_CORE_0                                      714132                        714132

POWER_L2CACHE_W_CORE_0                                          0                             0

POWER_DCACHE_R_TAG_CORE_0                                35669525                      35669525

POWER_L2CACHE_R_TAG_CORE_0                                      0                             0

POWER_CONST_CACHE_R_CORE_0                                      0                             0

POWER_CONST_CACHE_W_CORE_0                                      0                             0

POWER_CONST_CACHE_R_TAG_CORE_0                                  0                             0

POWER_CONST_CACHE_W_TAG_CORE_0                                  0                             0

POWER_TEXTURE_CACHE_R_CORE_0                                    0                             0

POWER_TEXTURE_CACHE_W_CORE_0                                    0                             0

POWER_TEXTURE_CACHE_R_TAG_CORE_0                                0                             0

POWER_TEXTURE_CACHE_W_TAG_CORE_0                                0                             0

POWER_SHARED_MEM_R_CORE_0                                       0                             0

POWER_SHARED_MEM_W_CORE_0                                       0                             0

POWER_SHARED_MEM_R_TAG_CORE_0                                   0                             0

POWER_SHARED_MEM_W_TAG_CORE_0                                   0                             0

POWER_BLOCK_STATES_R_CORE_1                             107374184                     107374184

POWER_BLOCK_STATES_W_CORE_1                             107374184                     107374184

POWER_FETCH_QUEUE_R_CORE_1                              105413496                     105413496

POWER_FETCH_QUEUE_W_CORE_1                              105413496                     105413496

POWER_INST_QUEUE_R_CORE_1                               219593242                     219593242

POWER_INST_QUEUE_W_CORE_1                               105413244                     105413244

POWER_BR_PRED_R_CORE_1                                    7839559                       7839559

POWER_BR_PRED_W_CORE_1                                    7838049                       7838049

POWER_RAS_R_CORE_1                                           1009                          1009

POWER_RAS_W_CORE_1                                            781                           781

POWER_ICACHE_R_CORE_1                                    26353374                      26353374

POWER_ICACHE_W_CORE_1                                         564                           564

POWER_ICACHE_R_TAG_CORE_1                                26353938                      26353938

POWER_ICACHE_MISS_BUF_R_CORE_1                               1128                          1128

POWER_ICACHE_MISS_BUF_W_CORE_1                               1128                          1128

POWER_ICACHE_MISS_BUF_R_TAG_CORE_1                            564                           564

POWER_ICACHE_MISS_BUF_W_TAG_CORE_1                              0                             0

POWER_ICACHE_TOT_ACC_CORE_1                                     0                             0

POWER_ICACHE_CONF_CORE_1                                        0                             0

POWER_INST_DECODER_R_CORE_1                              74126671                      74126671

POWER_INST_DECODER_W_CORE_1                                     0                             0

POWER_MICRO_OP_SEQ_R_CORE_1                                     0                             0

POWER_MICRO_OP_SEQ_W_CORE_1                                     0                             0

POWER_OPERAND_DECODER_R_CORE_1                           74126671                      74126671

POWER_OPERAND_DECODER_W_CORE_1                                  0                             0

POWER_UOP_QUEUE_R_CORE_1                                219593242                     219593242

POWER_UOP_QUEUE_W_CORE_1                                105413244                     105413244

POWER_REG_RENAMING_TABLE_R_CORE_1                       219593242                     219593242

POWER_REG_RENAMING_TABLE_W_CORE_1                       105413244                     105413244

POWER_DEP_CHECK_LOGIC_R_CORE_1                          105413496                     105413496

POWER_FREELIST_R_CORE_1                                 219593242                     219593242

POWER_FREELIST_W_CORE_1                                 105413244                     105413244

POWER_RESERVATION_STATION_R_CORE_1                      105460927                     105460927

POWER_RESERVATION_STATION_W_CORE_1                      105413244                     105413244

POWER_RESERVATION_STATION_R_TAG_CORE_1                  105460927                     105460927

POWER_RESERVATION_STATION_W_TAG_CORE_1                          0                             0

POWER_INST_ISSUE_SEL_LOGIC_R_CORE_1                     105460927                     105460927

POWER_INST_ISSUE_SEL_LOGIC_W_CORE_1                     105413244                     105413244

POWER_PAYLOAD_RAM_R_CORE_1                              105460927                     105460927

POWER_PAYLOAD_RAM_W_CORE_1                              105413244                     105413244

POWER_EX_ALU_R_CORE_1                                    58504015                      58504015

POWER_EX_FPU_R_CORE_1                                          56                            56

POWER_EX_MUL_R_CORE_1                                         325                           325

POWER_EX_SFU_R_CORE_1                                           0                             0

POWER_REORDER_BUF_R_CORE_1                              105413035                     105413035

POWER_REORDER_BUF_W_CORE_1                              210826488                     210826488

POWER_INST_COMMIT_SEL_LOGIC_R_CORE_1                    105413035                     105413035

POWER_INST_COMMIT_SEL_LOGIC_W_CORE_1                    105413244                     105413244

POWER_FP_RENAME_R_CORE_1                                       74                            74

POWER_FP_RENAME_W_CORE_1                                        0                             0

POWER_LOAD_QUEUE_R_CORE_1                                34964444                      34964444

POWER_LOAD_QUEUE_W_CORE_1                                34964444                      34964444

POWER_LOAD_QUEUE_R_TAG_CORE_1                            34964444                      34964444

POWER_LOAD_QUEUE_W_TAG_CORE_1                                   0                             0

POWER_STORE_QUEUE_R_CORE_1                               11992087                      11992087

POWER_STORE_QUEUE_W_CORE_1                               11992087                      11992087

POWER_STORE_QUEUE_R_TAG_CORE_1                           11992087                      11992087

POWER_STORE_QUEUE_W_TAG_CORE_1                                  0                             0

POWER_DATA_TLB_R_CORE_1                                  34964444                      34964444

POWER_DATA_TLB_W_CORE_1                                         0                             0

POWER_DATA_TLB_R_TAG_CORE_1                                     0                             0

POWER_DATA_TLB_W_TAG_CORE_1                                     0                             0

POWER_INT_REGFILE_R_CORE_1                              163917528                     163917528

POWER_INT_REGFILE_W_CORE_1                              105413188                     105413188

POWER_FP_REGFILE_R_CORE_1                                     112                           112

POWER_FP_REGFILE_W_CORE_1                                      56                            56

POWER_GP_REGISTER_R_CORE_1                              163917528                     163917528

POWER_GP_REGISTER_W_CORE_1                              105413188                     105413188

POWER_FP_REGISTER_R_CORE_1                                    112                           112

POWER_FP_REGISTER_W_CORE_1                                     56                            56

POWER_SEGMENT_REGISTER_R_CORE_1                          46908848                      46908848

POWER_SEGMENT_REGISTER_W_CORE_1                          86007478                      86007478

POWER_CONTROL_REGISTER_R_CORE_1                                 0                             0

POWER_CONTROL_REGISTER_W_CORE_1                           7818735                       7818735

POWER_FLAG_REGISTER_R_CORE_1                                    0                             0

POWER_FLAG_REGISTER_W_CORE_1                                    0                             0

POWER_EXEC_BYPASS_CORE_1                                105413244                     105413244

POWER_LOAD_BYPASS_CORE_1                                  1000637                       1000637

POWER_PIPELINE_CORE_1                                    74126353                      74126353

POWER_DCACHE_MISS_BUF_R_CORE_1                             999509                        999509

POWER_DCACHE_MISS_BUF_R_TAG_CORE_1                        6980473                       6980473

POWER_DCACHE_MISS_BUF_W_CORE_1                            6980473                       6980473

POWER_DCACHE_MISS_BUF_W_TAG_CORE_1                              0                             0

POWER_DCACHE_LINEFILL_BUF_R_CORE_1                              0                             0

POWER_L2CACHE_LINEFILL_BUF_R_CORE_1                       2022678                       2022678

POWER_DCACHE_LINEFILL_BUF_W_CORE_1                              0                             0

POWER_L2CACHE_LINEFILL_BUF_W_CORE_1                        580120                        580120

POWER_DCACHE_LINEFILL_BUF_R_TAG_CORE_1                          0                             0

POWER_L2CACHE_LINEFILL_BUF_R_TAG_CORE_1                   2102481                       2102481

POWER_DCACHE_LINEFILL_BUF_W_TAG_CORE_1                          0                             0

POWER_DCACHE_WB_BUF_R_CORE_1                                79803                         79803

POWER_L2CACHE_WB_BUF_R_CORE_1                                   0                             0

POWER_DCACHE_WB_BUF_W_CORE_1                                79803                         79803

POWER_L2CACHE_WB_BUF_W_CORE_1                                   0                             0

POWER_DCACHE_WB_BUF_R_TAG_CORE_1                           159606                        159606

POWER_L2CACHE_WB_BUF_R_TAG_CORE_1                               0                             0

POWER_DCACHE_WB_BUF_W_TAG_CORE_1                                0                             0

POWER_DCACHE_R_CORE_1                                    39928375                      39928375

POWER_L2CACHE_R_CORE_1                                          0                             0

POWER_DCACHE_W_CORE_1                                      499753                        499753

POWER_L2CACHE_W_CORE_1                                          0                             0

POWER_DCACHE_R_TAG_CORE_1                                46908848                      46908848

POWER_L2CACHE_R_TAG_CORE_1                                      0                             0

POWER_CONST_CACHE_R_CORE_1                                      0                             0

POWER_CONST_CACHE_W_CORE_1                                      0                             0

POWER_CONST_CACHE_R_TAG_CORE_1                                  0                             0

POWER_CONST_CACHE_W_TAG_CORE_1                                  0                             0

POWER_TEXTURE_CACHE_R_CORE_1                                    0                             0

POWER_TEXTURE_CACHE_W_CORE_1                                    0                             0

POWER_TEXTURE_CACHE_R_TAG_CORE_1                                0                             0

POWER_TEXTURE_CACHE_W_TAG_CORE_1                                0                             0

POWER_SHARED_MEM_R_CORE_1                                       0                             0

POWER_SHARED_MEM_W_CORE_1                                       0                             0

POWER_SHARED_MEM_R_TAG_CORE_1                                   0                             0

POWER_SHARED_MEM_W_TAG_CORE_1                                   0                             0

