####################################################################################################
Interval
####################################################################################################
Cumulative:         Cycles:                  20000     Instructions:                  1200
DRAM_PRECHARGE                                              39630                         39630

DRAM_ACTIVATE                                               39638                         39638

DRAM_COLUMN                                                498095                        498095

DRAM_AVG_LATENCY_BASE                                      498095                        498095

DRAM_AVG_LATENCY                                         12429090                       24.9533

BANDWIDTH_TOT                                            31878080                      31878080

DRAM_CHANNEL0_BANDWIDTH_SATURATED                            7493                          7493

DRAM_CHANNEL1_BANDWIDTH_SATURATED                            6328                          6328

DRAM_CHANNEL2_BANDWIDTH_SATURATED                               0                             0

DRAM_CHANNEL3_BANDWIDTH_SATURATED                               0                             0

DRAM_CHANNEL4_BANDWIDTH_SATURATED                               0                             0

DRAM_CHANNEL5_BANDWIDTH_SATURATED                               0                             0

DRAM_CHANNEL6_BANDWIDTH_SATURATED                               0                             0

DRAM_CHANNEL7_BANDWIDTH_SATURATED                               0                             0

DRAM_CHANNEL0_DBUS_IDLE                                  35351663                      35351663

DRAM_CHANNEL1_DBUS_IDLE                                  35358663                      35358663

DRAM_CHANNEL2_DBUS_IDLE                                         0                             0

DRAM_CHANNEL3_DBUS_IDLE                                         0                             0

DRAM_CHANNEL4_DBUS_IDLE                                         0                             0

DRAM_CHANNEL5_DBUS_IDLE                                         0                             0

DRAM_CHANNEL6_DBUS_IDLE                                         0                             0

DRAM_CHANNEL7_DBUS_IDLE                                         0                             0

