####################################################################################################
Interval
####################################################################################################
Cumulative:         Cycles:                  20000     Instructions:                  1200
AVG_MEMORY_LATENCY_BASE                                   8434051                       8434051

AVG_MEMORY_LATENCY                                      547775212                       64.9481

MSHR_FULL                                                       0                             0

TOTAL_MEMORY                                              8152862                       8152862

TOTAL_MEMORY_MERGE                                        6970446                      0.854969

TOTAL_WB                                                   281193                     0.0344901

L1_WB                                                      281191                      0.999993

L2_WB                                                           0                             0

L3_WB                                                           2                   7.11255e-06

TOTAL_DRAM                                                 498095                        498095

TOTAL_DRAM_MERGE                                                0                             0

L1_HIT_CPU                                               71223829                      71223829

L1_HIT_GPU                                                      0                             0

L1_MISS_CPU                                               8152198                       8152198

L1_MISS_GPU                                                     0                             0

L2_HIT_CPU                                                      0                             0

L2_HIT_GPU                                                      0                             0

L2_MISS_CPU                                               1182416                       1182416

L2_MISS_GPU                                                     0                             0

L3_HIT_CPU                                                 684321                        684321

L3_HIT_GPU                                                      0                             0

L3_MISS_CPU                                                498093                        498093

L3_MISS_GPU                                                     0                             0

L3_HIT_PROMOTION_CPU                                            0                             0

L3_HIT_PROMOTION_GPU                                            0                             0

FETCH_THREAD_SKIP_LD_WAIT                                       0                             0

FETCH_THREAD_SKIP_BR_WAIT                                       0                             0

FETCH_THREAD_SKIP_SCHED_WAIT                                    0                             0

NUM_MUL_TRANS_CM_TM_DM_INST                                     0                             0

NUM_MUL_TRANS_CM_TM_DM                                          0                           NaN

CONST_CACHE_HIT                                                 0                             0

CONST_CACHE_MISS                                                0                             0

CONST_CACHE_MISS_NO_EXECUTE                                     0                             0

CONST_CACHE_ACCESS                                              0                             0

TEXTURE_CACHE_HIT                                               0                             0

TEXTURE_CACHE_MISS                                              0                             0

TEXTURE_CACHE_NO_EXECUTE                                        0                             0

TEXTURE_CACHE_ACCESS                                            0                             0

SHARED_MEM_INST                                                 0                             0

SHARED_MEM_ACCESS                                               0                             0

CACHE_BANK_BUSY                                           7485661                       7485661

ICACHE_MISS_TOTAL                                             664                           664

TOTAL_CAGE_PERIOD                                               0                             0

TOTAL_CAGE_APPL0                                                0                           NaN

TOTAL_CAGE_APPL1                                                0                           NaN

TOTAL_CAGE_APPL2                                                0                           NaN

TOTAL_CAGE_APPL3                                                0                           NaN

TOTAL_CAGE_APPL4                                                0                           NaN

ABIP_AVG_RATIO_BASE                                             0                             0

ABIP_AVG_RATIO                                                  0                           NaN

TOTAL_WRITE_ACKS                                                0                             0

TOTAL_WRITES                                                    0                             0

NUM_PHYSICAL_PAGES                                              0                             0

COAL_INST                                                       0                          NaN 
UNCOAL_INST                                                     0                          NaN 
                                                                0                           100%

COAL_INST_SINGLE_TRANS                                          0                          NaN 
COAL_INST_MUL_TRANS                                             0                          NaN 
UNCOAL_INST_MUL_TRANS                                           0                          NaN 
                                                                0                           100%

SM_COAL_INST                                                    0                          NaN 
CM_COAL_INST                                                    0                          NaN 
TM_COAL_INST                                                    0                          NaN 
DM_COAL_INST                                                    0                          NaN 
                                                                0                           100%

SM_UNCOAL_INST                                                  0                          NaN 
CM_UNCOAL_INST                                                  0                          NaN 
TM_UNCOAL_INST                                                  0                          NaN 
DM_UNCOAL_INST                                                  0                          NaN 
                                                                0                           100%

SM_COAL_INST_SINGLE_TRANS                                       0                          NaN 
CM_COAL_INST_SINGLE_TRANS                                       0                          NaN 
TM_COAL_INST_SINGLE_TRANS                                       0                          NaN 
DM_COAL_INST_SINGLE_TRANS                                       0                          NaN 
                                                                0                           100%

SM_COAL_INST_MUL_TRANS                                          0                          NaN 
CM_COAL_INST_MUL_TRANS                                          0                          NaN 
TM_COAL_INST_MUL_TRANS                                          0                          NaN 
DM_COAL_INST_MUL_TRANS                                          0                          NaN 
                                                                0                           100%

LD_NO_FORWARD                                            33261259                       54.3054%
FORWARDED_LD                                             27987286                       45.6946%
                                                         61248545                           100%

L3_TOT_ACCESS_CORE_CORE_0                                  714998                        714998

L3_HIT_CORE_CORE_0                                         676534                        676534

L3_MISS_CORE_CORE_0                                         38464                         38464

L3_HIT_RATE_CORE_CORE_0                                    676534                      0.946204

L3_MISS_RATE_CORE_CORE_0                                    38464                      0.053796

L3_BYPASS_CORE_CORE_0                                           0                             0

MEM_STALL_CYCLE_CORE_0                                          0                             0

ICACHE_FILL_CORE_0                                            100                           100

NUM_WRITE_ACKS_CORE_0                                           0                             0

NUM_WRITES_CORE_0                                               0                             0

ICACHE_HIT_CORE_0                                        26031049                       99.9996%
ICACHE_MISS_CORE_0                                            100                   0.000384155%
                                                         26031149                           100%

L3_TOT_ACCESS_CORE_CORE_1                                  467416                        467416

L3_HIT_CORE_CORE_1                                           7787                          7787

L3_MISS_CORE_CORE_1                                        459629                        459629

L3_HIT_RATE_CORE_CORE_1                                      7787                     0.0166597

L3_MISS_RATE_CORE_CORE_1                                   459629                       0.98334

L3_BYPASS_CORE_CORE_1                                      455072                        455072

MEM_STALL_CYCLE_CORE_1                                          0                             0

ICACHE_FILL_CORE_1                                            564                           564

NUM_WRITE_ACKS_CORE_1                                           0                             0

NUM_WRITES_CORE_1                                               0                             0

ICACHE_HIT_CORE_1                                        24613652                       99.9977%
ICACHE_MISS_CORE_1                                            564                    0.00229136%
                                                         24614216                           100%

