Arguments: ./macsim --l3_repl==PDP 
src/macsim.cc:133: (I=0  C=0):  initialize knobs
number of cores : 2
src/macsim.cc:531: (I=0  C=0):  initialize simulation
src/macsim.cc:327: (I=0  C=0):  initialize cores (2/0/0)
src/memory.cc:1695: (I=0  C=0):  Memory system(l2_decoupled_network) has been initialized.
l3_policy: PDP,PDP
0
1
ip_table done
way0=30
way1=2
src/network_ring.cc:107: (I=0  C=0):  TOTAL_ROUTER:4 CPU:2 GPU:0 L3:1 MC:1
src/network_ring.cc:312: (I=0  C=0):  RING topology
0 <-> 1 <-> 2 <-> 3 <-> 
enabling bug detector
src/macsim.cc:748: (I=0  C=0):  Initializing new noc

src/macsim.cc:839: (I=0  C=0):  Clock LCM           : 920
src/macsim.cc:840: (I=0  C=0):  CPU clock frequency : 2.3 GHz
src/macsim.cc:841: (I=0  C=0):  GPU clock frequency : 2.3 GHz
src/macsim.cc:842: (I=0  C=0):  L3  clock frequency : 1 GHz
src/macsim.cc:843: (I=0  C=0):  NOC clock frequency : 1 GHz
src/macsim.cc:844: (I=0  C=0):  MC  clock frequency : 0.8 GHz
src/process_manager.cc:455: (I=0  C=0):  setup_process:0 ../../../../jinku/macsim_traces/astar/trace.txt current_index:0 (1)
src/process_manager.cc:548: (I=0  C=0):  thread_count:1
src/process_manager.cc:455: (I=0  C=0):  setup_process:1 ../../../../jinku/macsim_traces/160810/16MB/trace.txt current_index:0 (1)
src/process_manager.cc:548: (I=0  C=0):  thread_count:1
1000000
2000000
3000000
4000000
** Heartbeat for core[00]:        insts:10000000    cycles:9288420    (371536760) seconds:89    -- 1.08 IPC (1.08 IPC) -- 0.00 KIPS (112.36 KIPS)
** Heartbeat for core[00]:  Thread:0      insts:10000000    cycles:9288420    (371536760) seconds:89    -- 1.08 IPC (1.08 IPC) -- 0.00 KIPS (112.36 KIPS)
5000000
6000000
** Heartbeat for core[01]:        insts:10000000    cycles:13864211   (554568400) seconds:136   -- 0.72 IPC (0.72 IPC) -- 0.00 KIPS (73.53 KIPS)
** Heartbeat for core[01]:  Thread:0      insts:10000000    cycles:13864211   (554568400) seconds:136   -- 0.72 IPC (0.72 IPC) -- 0.00 KIPS (73.53 KIPS)
7000000
8000000
** Heartbeat for core[00]:        insts:20000000    cycles:18414350   (736573960) seconds:182   -- 1.10 IPC (1.09 IPC) -- 107.53 KIPS (109.89 KIPS)
** Heartbeat for core[00]:  Thread:0      insts:20000000    cycles:18414350   (736573960) seconds:182   -- 1.10 IPC (1.09 IPC) -- 107.53 KIPS (109.89 KIPS)
9000000
10000000
11000000
** Heartbeat for core[01]:        insts:20000000    cycles:27147500   (1085899960) seconds:275   -- 0.75 IPC (0.74 IPC) -- 71.94 KIPS (72.73 KIPS)
** Heartbeat for core[01]:  Thread:0      insts:20000000    cycles:27147500   (1085899960) seconds:275   -- 0.75 IPC (0.74 IPC) -- 71.94 KIPS (72.73 KIPS)
** Heartbeat for core[00]:        insts:30000000    cycles:27382745   (1095309760) seconds:278   -- 1.12 IPC (1.10 IPC) -- 104.17 KIPS (107.91 KIPS)
** Heartbeat for core[00]:  Thread:0      insts:30000000    cycles:27382745   (1095309760) seconds:278   -- 1.12 IPC (1.10 IPC) -- 104.17 KIPS (107.91 KIPS)
12000000
13000000
14000000
15000000
** Heartbeat for core[00]:        insts:40000000    cycles:36332705   (1453308160) seconds:378   -- 1.12 IPC (1.10 IPC) -- 100.00 KIPS (105.82 KIPS)
** Heartbeat for core[00]:  Thread:0      insts:40000000    cycles:36332705   (1453308160) seconds:378   -- 1.12 IPC (1.10 IPC) -- 100.00 KIPS (105.82 KIPS)
16000000
17000000
** Heartbeat for core[01]:        insts:30000000    cycles:40425721   (1617028800) seconds:426   -- 0.75 IPC (0.74 IPC) -- 66.23 KIPS (70.42 KIPS)
** Heartbeat for core[01]:  Thread:0      insts:30000000    cycles:40425721   (1617028800) seconds:426   -- 0.75 IPC (0.74 IPC) -- 66.23 KIPS (70.42 KIPS)
18000000
19000000
** Heartbeat for core[00]:        insts:50000000    cycles:45363309   (1814532320) seconds:484   -- 1.11 IPC (1.10 IPC) -- 94.34 KIPS (103.31 KIPS)
** Heartbeat for core[00]:  Thread:0      insts:50000000    cycles:45363309   (1814532320) seconds:484   -- 1.11 IPC (1.10 IPC) -- 94.34 KIPS (103.31 KIPS)
20000000
21000000
22000000
23000000
24000000
** Heartbeat for core[00]:        insts:60000000    cycles:55326225   (2213048960) seconds:588   -- 1.00 IPC (1.08 IPC) -- 96.15 KIPS (102.04 KIPS)
** Heartbeat for core[00]:  Thread:0      insts:60000000    cycles:55326225   (2213048960) seconds:588   -- 1.00 IPC (1.08 IPC) -- 96.15 KIPS (102.04 KIPS)
** Heartbeat for core[01]:        insts:40000000    cycles:56258736   (2250349400) seconds:597   -- 0.63 IPC (0.71 IPC) -- 58.48 KIPS (67.00 KIPS)
** Heartbeat for core[01]:  Thread:0      insts:40000000    cycles:56258736   (2250349400) seconds:597   -- 0.63 IPC (0.71 IPC) -- 58.48 KIPS (67.00 KIPS)
25000000
26000000
27000000
28000000
29000000
30000000
30000000: 30m cycle
total access:[34712]
0:48:0.120103
total access:[87662]
1:1023:0.00419102
31000000
32000000
** Heartbeat for core[01]:        insts:50000000    cycles:73709922   (2948396840) seconds:772   -- 0.57 IPC (0.68 IPC) -- 57.14 KIPS (64.77 KIPS)
** Heartbeat for core[01]:  Thread:0      insts:50000000    cycles:73709922   (2948396840) seconds:772   -- 0.57 IPC (0.68 IPC) -- 57.14 KIPS (64.77 KIPS)
33000000
34000000
** Heartbeat for core[00]:        insts:70000000    cycles:79852514   (3194100520) seconds:834   -- 0.41 IPC (0.88 IPC) -- 40.65 KIPS (83.93 KIPS)
** Heartbeat for core[00]:  Thread:0      insts:70000000    cycles:79852514   (3194100520) seconds:834   -- 0.41 IPC (0.88 IPC) -- 40.65 KIPS (83.93 KIPS)
35000000
36000000
37000000
38000000
39000000
** Heartbeat for core[01]:        insts:60000000    cycles:91170869   (3646834720) seconds:953   -- 0.57 IPC (0.66 IPC) -- 55.25 KIPS (62.96 KIPS)
** Heartbeat for core[01]:  Thread:0      insts:60000000    cycles:91170869   (3646834720) seconds:953   -- 0.57 IPC (0.66 IPC) -- 55.25 KIPS (62.96 KIPS)
40000000
41000000
42000000
43000000
44000000
45000000
** Heartbeat for core[00]:        insts:80000000    cycles:104999112  (4199964440) seconds:1101  -- 0.40 IPC (0.76 IPC) -- 37.45 KIPS (72.66 KIPS)
** Heartbeat for core[00]:  Thread:0      insts:80000000    cycles:104999112  (4199964440) seconds:1101  -- 0.40 IPC (0.76 IPC) -- 37.45 KIPS (72.66 KIPS)
46000000
**Core 00 Core_Total  Finished:   insts:80957552    cycles:107374184  (4294967320) seconds:1127  -- 0.75 IPC (0.75 IPC) --  N/A  KHz (71.83 KHz)
**Core 00 Thread 00 Finished:   insts:80957552    cycles:107374184  (4294967320)  seconds:1127  -- 0.75 IPC (0.75 IPC) --  N/A  KHz (71.83 KHz) 
**Core 01 Core_Total  Finished:   insts:69280779    cycles:107374184  (4294967320) seconds:1127  -- 0.65 IPC (0.65 IPC) --  N/A  KHz (61.47 KHz)
**Core 01 Thread 00 Finished:   insts:69280779    cycles:107374184  (4294967320)  seconds:1127  -- 0.65 IPC (0.65 IPC) --  N/A  KHz (61.47 KHz) 
src/macsim.cc:617: (I=80957552  C=4294967361):  finalize simulation
src/macsim.cc:623: (I=80957552  C=4294967361):  elapsed time:1127.0 seconds
Done
