####################################################################################################
Interval
####################################################################################################
Cumulative:         Cycles:                  20000     Instructions:                  1200
TOTAL_PACKET_CPU                                          1668572                       1668572

TOTAL_PACKET_GPU                                                0                             0

NOC_AVG_LATENCY_BASE                                      1668571                       1668571

NOC_AVG_LATENCY_BASE_CPU                                  1668571                       1668571

NOC_AVG_LATENCY_BASE_GPU                                        0                             0

NOC_AVG_LATENCY                                          15368385                       9.21051

NOC_AVG_LATENCY_CPU                                      15368385                       9.21051

NOC_AVG_LATENCY_GPU                                             0                           NaN

NOC_AVG_ACTIVE_PACKET_BASE                                1668572                       1668572

NOC_AVG_ACTIVE_PACKET_BASE_CPU                            1668572                       1668572

NOC_AVG_ACTIVE_PACKET_BASE_GPU                                  0                             0

NOC_AVG_ACTIVE_PACKET                                     2134912                       1.27948

NOC_AVG_ACTIVE_PACKET_CPU                                 2134912                       1.27948

NOC_AVG_ACTIVE_PACKET_GPU                                       0                           NaN

NOC_IDLE_CHANNEL                                                0                             0

NOC_IDLE_CHANNEL_CPU                                            0                             0

NOC_IDLE_CHANNEL_GPU                                            0                             0

NOC_IDLE_CHANNEL_L3                                             0                             0

NOC_IDLE_CHANNEL_MC                                             0                             0

NOC_AVG_WAIT_IN_ROUTER_BASE                               3337142                       3337142

NOC_AVG_WAIT_IN_ROUTER_BASE_CPU                           1582459                       1582459

NOC_AVG_WAIT_IN_ROUTER_BASE_GPU                                 0                             0

NOC_AVG_WAIT_IN_ROUTER_BASE_L3                            1668571                       1668571

NOC_AVG_WAIT_IN_ROUTER_BASE_MC                              86112                         86112

NOC_AVG_WAIT_IN_ROUTER                                   24060634                       7.20995

NOC_AVG_WAIT_IN_ROUTER_CPU                               11415077                       7.21351

NOC_AVG_WAIT_IN_ROUTER_GPU                                      0                           NaN

NOC_AVG_WAIT_IN_ROUTER_L3                                12030017                       7.20977

NOC_AVG_WAIT_IN_ROUTER_MC                                  615540                       7.14813

NOC_LINK_ACTIVE                                           5006939                       5006939

