Arguments: ./macsim --l3_repl==PDP 
src/macsim.cc:133: (I=0  C=0):  initialize knobs
number of cores : 1
src/macsim.cc:531: (I=0  C=0):  initialize simulation
src/macsim.cc:327: (I=0  C=0):  initialize cores (1/0/0)
src/memory.cc:1695: (I=0  C=0):  Memory system(l2_decoupled_network) has been initialized.
l3_policy: PDP,PDP
0
ip_table done
src/network_ring.cc:107: (I=0  C=0):  TOTAL_ROUTER:3 CPU:1 GPU:0 L3:1 MC:1
src/network_ring.cc:312: (I=0  C=0):  RING topology
0 <-> 1 <-> 2 <-> 
enabling bug detector
src/macsim.cc:748: (I=0  C=0):  Initializing new noc

src/macsim.cc:839: (I=0  C=0):  Clock LCM           : 920
src/macsim.cc:840: (I=0  C=0):  CPU clock frequency : 2.3 GHz
src/macsim.cc:841: (I=0  C=0):  GPU clock frequency : 2.3 GHz
src/macsim.cc:842: (I=0  C=0):  L3  clock frequency : 1 GHz
src/macsim.cc:843: (I=0  C=0):  NOC clock frequency : 1 GHz
src/macsim.cc:844: (I=0  C=0):  MC  clock frequency : 0.8 GHz
src/process_manager.cc:455: (I=0  C=0):  setup_process:0 ../../../rrip-done/macsim_traces/astar/trace.txt current_index:0 (1)
src/process_manager.cc:548: (I=0  C=0):  thread_count:1
** Heartbeat for core[00]:        insts:10000000    cycles:8710630    (348425160) seconds:48    -- 1.15 IPC (1.15 IPC) -- 0.00 KIPS (208.33 KIPS)
** Heartbeat for core[00]:  Thread:0      insts:10000000    cycles:8710630    (348425160) seconds:48    -- 1.15 IPC (1.15 IPC) -- 0.00 KIPS (208.33 KIPS)
** Heartbeat for core[00]:        insts:20000000    cycles:17246969   (689878720) seconds:93    -- 1.17 IPC (1.16 IPC) -- 222.22 KIPS (215.05 KIPS)
** Heartbeat for core[00]:  Thread:0      insts:20000000    cycles:17246969   (689878720) seconds:93    -- 1.17 IPC (1.16 IPC) -- 222.22 KIPS (215.05 KIPS)
** Heartbeat for core[00]:        insts:30000000    cycles:25633071   (1025322800) seconds:139   -- 1.19 IPC (1.17 IPC) -- 217.39 KIPS (215.83 KIPS)
** Heartbeat for core[00]:  Thread:0      insts:30000000    cycles:25633071   (1025322800) seconds:139   -- 1.19 IPC (1.17 IPC) -- 217.39 KIPS (215.83 KIPS)
** Heartbeat for core[00]:        insts:40000000    cycles:34014436   (1360577400) seconds:184   -- 1.19 IPC (1.18 IPC) -- 222.22 KIPS (217.39 KIPS)
** Heartbeat for core[00]:  Thread:0      insts:40000000    cycles:34014436   (1360577400) seconds:184   -- 1.19 IPC (1.18 IPC) -- 222.22 KIPS (217.39 KIPS)
** Heartbeat for core[00]:        insts:50000000    cycles:42473646   (1698945800) seconds:230   -- 1.18 IPC (1.18 IPC) -- 217.39 KIPS (217.39 KIPS)
** Heartbeat for core[00]:  Thread:0      insts:50000000    cycles:42473646   (1698945800) seconds:230   -- 1.18 IPC (1.18 IPC) -- 217.39 KIPS (217.39 KIPS)
** Heartbeat for core[00]:        insts:60000000    cycles:50929745   (2037189760) seconds:276   -- 1.18 IPC (1.18 IPC) -- 217.39 KIPS (217.39 KIPS)
** Heartbeat for core[00]:  Thread:0      insts:60000000    cycles:50929745   (2037189760) seconds:276   -- 1.18 IPC (1.18 IPC) -- 217.39 KIPS (217.39 KIPS)
** Heartbeat for core[00]:        insts:70000000    cycles:67930200   (2717207960) seconds:349   -- 0.59 IPC (1.03 IPC) -- 136.99 KIPS (200.57 KIPS)
** Heartbeat for core[00]:  Thread:0      insts:70000000    cycles:67930200   (2717207960) seconds:349   -- 0.59 IPC (1.03 IPC) -- 136.99 KIPS (200.57 KIPS)
30m cycle
1:292505 , 0
2:67046 , 607
3:15824 , 363
4:7119 , 166
5:2288 , 129
6:1638 , 102
7:1750 , 67
8:1160 , 53
9:617 , 43
10:699 , 31
11:534 , 30
12:664 , 28
13:519 , 26
14:390 , 28
15:376 , 18
16:525 , 17
17:331 , 14
18:326 , 9
19:425 , 17
20:378 , 15
21:316 , 21
22:304 , 11
23:198 , 8
24:233 , 11
25:189 , 7
26:167 , 14
27:162 , 7
28:160 , 6
29:136 , 9
30:140 , 10
31:121 , 11
32:90 , 4
33:95 , 6
34:122 , 6
35:99 , 4
36:63 , 7
37:82 , 5
38:55 , 5
39:40 , 5
40:34 , 4
41:37 , 7
42:38 , 4
43:34 , 3
44:26 , 1
45:22 , 1
46:40 , 3
47:25 , 2
48:19 , 2
49:44 , 2
50:34 , 2
51:28 , 2
52:50 , 3
53:25 , 3
54:26 , 0
55:44 , 2
56:32 , 6
57:16 , 3
58:29 , 2
59:30 , 2
60:22 , 2
61:35 , 6
62:20 , 2
63:17 , 5
64:34 , 6
65:25 , 2
66:23 , 4
67:29 , 1
68:14 , 0
69:15 , 3
70:28 , 1
71:19 , 3
72:16 , 2
73:24 , 1
74:13 , 3
75:21 , 3
76:23 , 2
77:18 , 2
78:18 , 6
79:27 , 4
80:16 , 2
81:12 , 1
82:16 , 3
83:16 , 1
84:7 , 1
85:13 , 0
86:8 , 1
87:11 , 1
88:12 , 2
89:16 , 2
90:12 , 3
91:17 , 3
92:16 , 5
93:11 , 4
94:8 , 3
95:9 , 0
96:14 , 2
97:14 , 1
98:6 , 0
99:12 , 4
100:10 , 1
101:12 , 2
102:15 , 4
103:15 , 2
104:11 , 5
105:13 , 1
106:7 , 2
107:12 , 0
108:9 , 1
109:15 , 4
110:10 , 2
111:10 , 1
112:7 , 1
113:11 , 3
114:12 , 2
115:8 , 0
116:11 , 2
117:11 , 2
118:5 , 2
119:4 , 0
120:10 , 3
121:8 , 2
122:7 , 2
123:12 , 1
124:5 , 3
125:7 , 3
126:3 , 1
127:12 , 4
128:6 , 2
129:11 , 1
130:7 , 1
131:6 , 3
132:3 , 2
133:10 , 1
134:7 , 0
135:7 , 2
136:6 , 1
137:2 , 0
138:5 , 0
139:11 , 0
140:7 , 3
141:8 , 1
142:2 , 1
143:4 , 0
144:4 , 0
145:6 , 1
146:1 , 0
147:5 , 2
148:4 , 2
149:4 , 1
150:8 , 2
151:9 , 2
152:3 , 1
153:7 , 1
154:3 , 0
155:4 , 1
156:5 , 0
157:3 , 0
158:9 , 1
159:6 , 1
160:3 , 2
161:2 , 0
162:2 , 0
163:8 , 0
164:3 , 0
165:2 , 0
166:7 , 0
167:0 , 0
168:7 , 1
169:7 , 1
170:3 , 0
171:2 , 1
172:1 , 1
173:3 , 0
174:6 , 1
175:7 , 1
176:4 , 2
177:4 , 2
178:1 , 0
179:3 , 1
180:0 , 0
181:3 , 0
182:3 , 0
183:0 , 0
184:0 , 0
185:1 , 0
186:1 , 0
187:2 , 0
188:1 , 0
189:6 , 0
190:1 , 0
191:5 , 0
192:3 , 0
193:1 , 0
194:4 , 0
195:2 , 0
196:9 , 1
197:0 , 0
198:0 , 0
199:2 , 0
200:7 , 1
201:4 , 1
202:4 , 1
203:2 , 1
204:5 , 0
205:2 , 0
206:5 , 0
207:3 , 0
208:2 , 1
209:1 , 0
210:3 , 0
211:3 , 1
212:4 , 1
213:0 , 0
214:0 , 0
215:2 , 0
216:1 , 1
217:1 , 0
218:2 , 1
219:3 , 0
220:3 , 0
221:0 , 0
222:1 , 0
223:3 , 1
224:3 , 1
225:3 , 2
226:1 , 0
227:2 , 1
228:2 , 0
229:0 , 0
230:3 , 1
231:2 , 0
232:5 , 1
233:1 , 0
234:0 , 0
235:3 , 0
236:0 , 0
237:2 , 2
238:2 , 1
239:1 , 0
240:0 , 0
241:2 , 1
242:2 , 0
243:3 , 1
244:0 , 0
245:1 , 1
246:0 , 0
247:0 , 0
248:0 , 0
249:0 , 0
250:1 , 0
251:1 , 1
252:1 , 0
253:4 , 2
254:1 , 0
255:1 , 0
256:0 , 0
257:0 , 0
258:0 , 0
259:1 , 0
260:1 , 1
261:1 , 0
262:3 , 1
263:0 , 0
264:2 , 0
265:3 , 0
266:2 , 1
267:1 , 0
268:1 , 0
269:0 , 0
270:0 , 0
271:0 , 0
272:1 , 0
273:0 , 0
274:0 , 0
275:0 , 0
276:3 , 0
277:0 , 0
278:1 , 0
279:0 , 0
280:0 , 0
281:1 , 1
282:0 , 0
283:2 , 0
284:0 , 0
285:0 , 0
286:1 , 0
287:0 , 0
288:0 , 0
289:2 , 0
290:0 , 0
291:1 , 0
292:0 , 0
293:0 , 0
294:0 , 0
295:0 , 0
296:0 , 0
297:1 , 0
298:1 , 0
299:0 , 0
300:0 , 0
301:0 , 0
302:0 , 0
303:1 , 0
304:1 , 0
305:0 , 0
306:0 , 0
307:0 , 0
308:0 , 0
309:1 , 0
310:0 , 0
311:0 , 0
312:3 , 1
313:0 , 0
314:2 , 0
315:0 , 0
316:1 , 1
317:0 , 0
318:0 , 0
319:1 , 0
320:2 , 0
321:0 , 0
322:1 , 0
323:0 , 0
324:0 , 0
325:0 , 0
326:1 , 1
327:0 , 0
328:1 , 0
329:1 , 0
330:0 , 0
331:0 , 0
332:0 , 0
333:0 , 0
334:0 , 0
335:0 , 0
336:0 , 0
337:1 , 0
338:0 , 0
339:0 , 0
340:0 , 0
341:0 , 0
342:1 , 0
343:0 , 0
344:0 , 0
345:1 , 0
346:1 , 0
347:0 , 0
348:0 , 0
349:0 , 0
350:0 , 0
351:0 , 0
352:0 , 0
353:0 , 0
354:1 , 0
355:0 , 0
356:0 , 0
357:1 , 1
358:0 , 0
359:0 , 0
360:0 , 0
361:1 , 0
362:1 , 0
363:0 , 0
364:0 , 0
365:0 , 0
366:0 , 0
367:0 , 0
368:0 , 0
369:0 , 0
370:0 , 0
371:0 , 0
372:0 , 0
373:0 , 0
374:0 , 0
375:0 , 0
376:0 , 0
377:0 , 0
378:0 , 0
379:0 , 0
380:0 , 0
381:0 , 0
382:0 , 0
383:0 , 0
384:0 , 0
385:1 , 1
386:0 , 0
387:1 , 0
388:1 , 0
389:0 , 0
390:0 , 0
391:0 , 0
392:0 , 0
393:0 , 0
394:0 , 0
395:0 , 0
396:1 , 0
397:0 , 0
398:0 , 0
399:0 , 0
400:0 , 0
401:1 , 0
402:1 , 0
403:1 , 0
404:0 , 0
405:0 , 0
406:0 , 0
407:0 , 0
408:1 , 1
409:0 , 0
410:0 , 0
411:0 , 0
412:0 , 0
413:0 , 0
414:0 , 0
415:0 , 0
416:0 , 0
417:0 , 0
418:0 , 0
419:0 , 0
420:0 , 0
421:0 , 0
422:0 , 0
423:0 , 0
424:0 , 0
425:0 , 0
426:0 , 0
427:0 , 0
428:0 , 0
429:0 , 0
430:0 , 0
431:0 , 0
432:0 , 0
433:0 , 0
434:0 , 0
435:0 , 0
436:1 , 1
437:0 , 0
438:0 , 0
439:0 , 0
440:0 , 0
441:0 , 0
442:0 , 0
443:0 , 0
444:0 , 0
445:0 , 0
446:0 , 0
447:0 , 0
448:0 , 0
449:0 , 0
450:0 , 0
451:0 , 0
452:0 , 0
453:0 , 0
454:0 , 0
455:0 , 0
456:0 , 0
457:0 , 0
458:0 , 0
459:0 , 0
460:0 , 0
461:0 , 0
462:0 , 0
463:0 , 0
464:0 , 0
465:0 , 0
466:1 , 1
467:0 , 0
468:0 , 0
469:0 , 0
470:0 , 0
471:0 , 0
472:0 , 0
473:0 , 0
474:0 , 0
475:0 , 0
476:1 , 0
477:0 , 0
478:0 , 0
479:2 , 1
480:0 , 0
481:0 , 0
482:0 , 0
483:0 , 0
484:0 , 0
485:0 , 0
486:1 , 0
487:0 , 0
488:0 , 0
489:0 , 0
490:0 , 0
491:1 , 0
492:0 , 0
493:0 , 0
494:1 , 0
495:0 , 0
496:0 , 0
497:0 , 0
498:0 , 0
499:0 , 0
500:0 , 0
501:0 , 0
502:0 , 0
503:0 , 0
504:0 , 0
505:0 , 0
506:1 , 0
507:0 , 0
508:0 , 0
509:0 , 0
510:0 , 0
511:0 , 0
512:0 , 0
513:0 , 0
514:0 , 0
515:0 , 0
516:0 , 0
517:0 , 0
518:0 , 0
519:0 , 0
520:0 , 0
521:0 , 0
522:0 , 0
523:0 , 0
524:0 , 0
525:0 , 0
526:0 , 0
527:0 , 0
528:0 , 0
529:0 , 0
530:0 , 0
531:0 , 0
532:0 , 0
533:0 , 0
534:0 , 0
535:0 , 0
536:0 , 0
537:1 , 1
538:0 , 0
539:0 , 0
540:0 , 0
541:0 , 0
542:0 , 0
543:1 , 0
544:0 , 0
545:1 , 0
546:0 , 0
547:0 , 0
548:0 , 0
549:0 , 0
550:0 , 0
551:0 , 0
552:0 , 0
553:0 , 0
554:0 , 0
555:0 , 0
556:0 , 0
557:0 , 0
558:0 , 0
559:0 , 0
560:0 , 0
561:0 , 0
562:0 , 0
563:0 , 0
564:0 , 0
565:1 , 1
566:0 , 0
567:0 , 0
568:0 , 0
569:0 , 0
570:0 , 0
571:0 , 0
572:1 , 0
573:0 , 0
574:0 , 0
575:0 , 0
576:0 , 0
577:0 , 0
578:0 , 0
579:0 , 0
580:1 , 1
581:0 , 0
582:0 , 0
583:0 , 0
584:0 , 0
585:0 , 0
586:0 , 0
587:1 , 0
588:0 , 0
589:0 , 0
590:0 , 0
591:1 , 0
592:0 , 0
593:0 , 0
594:0 , 0
595:0 , 0
596:0 , 0
597:0 , 0
598:0 , 0
599:0 , 0
600:0 , 0
601:0 , 0
602:0 , 0
603:0 , 0
604:0 , 0
605:0 , 0
606:0 , 0
607:0 , 0
608:0 , 0
609:0 , 0
610:0 , 0
611:0 , 0
612:1 , 0
613:0 , 0
614:0 , 0
615:0 , 0
616:0 , 0
617:0 , 0
618:0 , 0
619:0 , 0
620:0 , 0
621:0 , 0
622:0 , 0
623:0 , 0
624:0 , 0
625:0 , 0
626:0 , 0
627:0 , 0
628:0 , 0
629:0 , 0
630:0 , 0
631:0 , 0
632:0 , 0
633:0 , 0
634:0 , 0
635:0 , 0
636:0 , 0
637:0 , 0
638:1 , 1
639:0 , 0
640:0 , 0
641:0 , 0
642:0 , 0
643:0 , 0
644:0 , 0
645:0 , 0
646:0 , 0
647:0 , 0
648:0 , 0
649:0 , 0
650:0 , 0
651:0 , 0
652:0 , 0
653:0 , 0
654:0 , 0
655:0 , 0
656:0 , 0
657:0 , 0
658:0 , 0
659:0 , 0
660:0 , 0
661:0 , 0
662:0 , 0
663:0 , 0
664:0 , 0
665:0 , 0
666:0 , 0
667:0 , 0
668:0 , 0
669:0 , 0
670:0 , 0
671:0 , 0
672:0 , 0
673:0 , 0
674:0 , 0
675:0 , 0
676:0 , 0
677:0 , 0
678:0 , 0
679:0 , 0
680:0 , 0
681:0 , 0
682:0 , 0
683:0 , 0
684:0 , 0
685:0 , 0
686:0 , 0
687:0 , 0
688:0 , 0
689:0 , 0
690:0 , 0
691:0 , 0
692:0 , 0
693:0 , 0
694:0 , 0
695:0 , 0
696:0 , 0
697:0 , 0
698:0 , 0
699:0 , 0
700:0 , 0
701:0 , 0
702:0 , 0
703:0 , 0
704:0 , 0
705:0 , 0
706:1 , 1
707:0 , 0
708:0 , 0
709:0 , 0
710:0 , 0
711:0 , 0
712:0 , 0
713:0 , 0
714:0 , 0
715:1 , 0
716:0 , 0
717:0 , 0
718:0 , 0
719:0 , 0
720:0 , 0
721:0 , 0
722:1 , 0
723:0 , 0
724:0 , 0
725:0 , 0
726:0 , 0
727:0 , 0
728:0 , 0
729:0 , 0
730:0 , 0
731:0 , 0
732:0 , 0
733:0 , 0
734:0 , 0
735:0 , 0
736:0 , 0
737:0 , 0
738:0 , 0
739:0 , 0
740:0 , 0
741:0 , 0
742:0 , 0
743:0 , 0
744:0 , 0
745:0 , 0
746:0 , 0
747:0 , 0
748:0 , 0
749:0 , 0
750:0 , 0
751:0 , 0
752:0 , 0
753:0 , 0
754:0 , 0
755:0 , 0
756:0 , 0
757:0 , 0
758:0 , 0
759:0 , 0
760:0 , 0
761:0 , 0
762:0 , 0
763:0 , 0
764:0 , 0
765:0 , 0
766:0 , 0
767:0 , 0
768:0 , 0
769:0 , 0
770:0 , 0
771:0 , 0
772:0 , 0
773:0 , 0
774:0 , 0
775:0 , 0
776:0 , 0
777:0 , 0
778:0 , 0
779:0 , 0
780:0 , 0
781:0 , 0
782:0 , 0
783:0 , 0
784:0 , 0
785:0 , 0
786:0 , 0
787:0 , 0
788:0 , 0
789:0 , 0
790:0 , 0
791:0 , 0
792:0 , 0
793:0 , 0
794:0 , 0
795:0 , 0
796:0 , 0
797:0 , 0
798:0 , 0
799:0 , 0
800:0 , 0
801:0 , 0
802:0 , 0
803:0 , 0
804:0 , 0
805:0 , 0
806:0 , 0
807:0 , 0
808:0 , 0
809:0 , 0
810:0 , 0
811:0 , 0
812:0 , 0
813:0 , 0
814:0 , 0
815:0 , 0
816:0 , 0
817:0 , 0
818:0 , 0
819:0 , 0
820:0 , 0
821:0 , 0
822:0 , 0
823:0 , 0
824:0 , 0
825:0 , 0
826:0 , 0
827:0 , 0
828:0 , 0
829:0 , 0
830:0 , 0
831:0 , 0
832:0 , 0
833:0 , 0
834:0 , 0
835:0 , 0
836:0 , 0
837:0 , 0
838:0 , 0
839:0 , 0
840:0 , 0
841:0 , 0
842:0 , 0
843:0 , 0
844:0 , 0
845:0 , 0
846:0 , 0
847:0 , 0
848:0 , 0
849:0 , 0
850:0 , 0
851:0 , 0
852:0 , 0
853:0 , 0
854:0 , 0
855:0 , 0
856:0 , 0
857:0 , 0
858:0 , 0
859:0 , 0
860:0 , 0
861:0 , 0
862:0 , 0
863:0 , 0
864:0 , 0
865:0 , 0
866:0 , 0
867:0 , 0
868:0 , 0
869:0 , 0
870:0 , 0
871:0 , 0
872:0 , 0
873:0 , 0
874:0 , 0
875:0 , 0
876:0 , 0
877:0 , 0
878:0 , 0
879:0 , 0
880:0 , 0
881:0 , 0
882:0 , 0
883:0 , 0
884:0 , 0
885:0 , 0
886:0 , 0
887:0 , 0
888:0 , 0
889:0 , 0
890:0 , 0
891:0 , 0
892:0 , 0
893:0 , 0
894:0 , 0
895:0 , 0
896:0 , 0
897:0 , 0
898:0 , 0
899:0 , 0
900:0 , 0
901:0 , 0
902:0 , 0
903:0 , 0
904:0 , 0
905:0 , 0
906:0 , 0
907:0 , 0
908:0 , 0
909:0 , 0
910:0 , 0
911:0 , 0
912:0 , 0
913:0 , 0
914:0 , 0
915:0 , 0
916:0 , 0
917:0 , 0
918:0 , 0
919:0 , 0
920:0 , 0
921:0 , 0
922:0 , 0
923:0 , 0
924:0 , 0
925:0 , 0
926:0 , 0
927:0 , 0
928:0 , 0
929:0 , 0
930:0 , 0
931:0 , 0
932:0 , 0
933:0 , 0
934:0 , 0
935:0 , 0
936:0 , 0
937:0 , 0
938:0 , 0
939:0 , 0
940:0 , 0
941:0 , 0
942:0 , 0
943:0 , 0
944:0 , 0
945:0 , 0
946:0 , 0
947:0 , 0
948:0 , 0
949:0 , 0
950:0 , 0
951:0 , 0
952:0 , 0
953:0 , 0
954:0 , 0
955:0 , 0
956:0 , 0
957:0 , 0
958:0 , 0
959:0 , 0
960:0 , 0
961:0 , 0
962:0 , 0
963:0 , 0
964:0 , 0
965:0 , 0
966:0 , 0
967:0 , 0
968:0 , 0
969:0 , 0
970:0 , 0
971:0 , 0
972:0 , 0
973:0 , 0
974:0 , 0
975:0 , 0
976:0 , 0
977:0 , 0
978:0 , 0
979:0 , 0
980:0 , 0
981:0 , 0
982:0 , 0
983:0 , 0
984:0 , 0
985:0 , 0
986:0 , 0
987:0 , 0
988:0 , 0
989:0 , 0
990:0 , 0
991:0 , 0
992:0 , 0
993:0 , 0
994:0 , 0
995:0 , 0
996:0 , 0
997:0 , 0
998:0 , 0
999:0 , 0
1000:0 , 0
1001:0 , 0
1002:0 , 0
1003:0 , 0
1004:0 , 0
1005:0 , 0
1006:0 , 0
1007:0 , 0
1008:0 , 0
1009:0 , 0
1010:0 , 0
1011:0 , 0
1012:0 , 0
1013:0 , 0
1014:0 , 0
1015:0 , 0
1016:0 , 0
1017:0 , 0
1018:0 , 0
1019:0 , 0
1020:0 , 0
1021:0 , 0
1022:0 , 0
1023:0 , 0
1:0.0761953
2:0.199653
3:0.281195
4:0.337977
5:0.357611
6:0.372004
7:0.389611
8:0.400965
9:0.405401
10:0.411407
11:0.415365
12:0.421648
13:0.426095
14:0.428787
15:0.431465
16:0.436815
17:0.439266
18:0.44182
19:0.446266
20:0.450186
21:0.45326
22:0.456321
23:0.457657
24:0.459742
25:0.461161
26:0.462285
27:0.46341
28:0.464592
29:0.465418
30:0.466396
31:0.467097
32:0.467285
33:0.467616
34:0.468508
35:0.469036
36:0.46894
37:0.469236
38:0.469069
39:0.468649
40:0.46814
41:0.467706
42:0.467312
43:0.466866
44:0.466289
45:0.465654
46:0.465366
47:0.464823
48:0.464183
49:0.464017
50:0.46369
51:0.463272
52:0.463274
53:0.462843
54:0.462445
55:0.462392
56:0.462142
57:0.461617
58:0.461339
59:0.461095
60:0.460722
61:0.460597
62:0.460219
63:0.459797
64:0.459693
65:0.459445
66:0.459173
67:0.459023
68:0.458617
69:0.458237
70:0.4581
71:0.457816
72:0.457488
73:0.457312
74:0.456953
75:0.456743
76:0.456581
77:0.456341
78:0.456112
79:0.456052
80:0.45581
81:0.455506
82:0.455279
83:0.455061
84:0.454692
85:0.454434
86:0.454094
87:0.453811
88:0.453553
89:0.453371
90:0.453127
91:0.452978
92:0.45282
93:0.452582
94:0.452298
95:0.452035
96:0.451866
97:0.451703
98:0.451408
99:0.451221
100:0.451005
101:0.45083
102:0.450713
103:0.450604
104:0.450433
105:0.450302
106:0.450074
107:0.449936
108:0.449753
109:0.449678
110:0.449524
111:0.449376
112:0.44918
113:0.449058
114:0.448958
115:0.448796
116:0.448689
117:0.448588
118:0.448389
119:0.448176
120:0.448068
121:0.447931
122:0.44778
123:0.44772
124:0.447545
125:0.447407
126:0.447204
127:0.447157
128:0.447013
129:0.446957
130:0.446839
131:0.446708
132:0.446528
133:0.446469
134:0.446364
135:0.446263
136:0.446148
137:0.445968
138:0.44584
139:0.445817
140:0.445731
141:0.445666
142:0.445503
143:0.445375
144:0.445249
145:0.445159
146:0.444987
147:0.444883
148:0.444765
149:0.44465
150:0.444604
151:0.444579
152:0.444456
153:0.444403
154:0.444286
155:0.444187
156:0.444107
157:0.443996
158:0.443988
159:0.443934
160:0.443831
161:0.443714
162:0.443597
163:0.443583
164:0.443489
165:0.443379
166:0.443354
167:0.443215
168:0.443194
169:0.443176
170:0.443094
171:0.442997
172:0.442884
173:0.442806
174:0.442779
175:0.442772
176:0.442718
177:0.442666
178:0.442566
179:0.4425
180:0.442385
181:0.44232
182:0.442257
183:0.442145
184:0.442033
185:0.441937
186:0.441843
187:0.441765
188:0.441672
189:0.441663
190:0.441574
191:0.441551
192:0.441498
193:0.441413
194:0.441378
195:0.441312
196:0.441364
197:0.44127
198:0.441176
199:0.441116
200:0.441139
201:0.441117
202:0.441096
203:0.441043
204:0.441042
205:0.440993
206:0.440995
207:0.440967
208:0.440923
209:0.440863
210:0.440837
211:0.440813
212:0.440806
213:0.440735
214:0.440664
215:0.440627
216:0.440574
217:0.440521
218:0.440485
219:0.440467
220:0.440451
221:0.440385
222:0.440337
223:0.440322
224:0.440309
225:0.440298
226:0.440254
227:0.440228
228:0.440202
229:0.440145
230:0.440137
231:0.440114
232:0.440142
233:0.440105
234:0.440053
235:0.440051
236:0.44
237:0.439982
238:0.439965
239:0.439933
240:0.439885
241:0.439869
242:0.439855
243:0.439858
244:0.439814
245:0.439785
246:0.439741
247:0.439696
248:0.439652
249:0.439607
250:0.439579
251:0.439552
252:0.439525
253:0.439548
254:0.439524
255:0.4395
0:37
** Heartbeat for core[00]:        insts:80000000    cycles:89711063   (3588442480) seconds:438   -- 0.46 IPC (0.89 IPC) -- 112.36 KIPS (182.65 KIPS)
** Heartbeat for core[00]:  Thread:0      insts:80000000    cycles:89711063   (3588442480) seconds:438   -- 0.46 IPC (0.89 IPC) -- 112.36 KIPS (182.65 KIPS)
**Core 00 Core_Total  Finished:   insts:88002634    cycles:107374184  (4294967320) seconds:511   -- 0.82 IPC (0.82 IPC) --  N/A  KHz (172.22 KHz)
**Core 00 Thread 00 Finished:   insts:88002634    cycles:107374184  (4294967320)  seconds:511   -- 0.82 IPC (0.82 IPC) --  N/A  KHz (172.22 KHz) 
src/macsim.cc:617: (I=88002634  C=4294967361):  finalize simulation
src/macsim.cc:623: (I=88002634  C=4294967361):  elapsed time:510.5 seconds
Done
