####################################################################################################
Interval
####################################################################################################
Cumulative:         Cycles:                  20000     Instructions:                  1200
DRAM_PRECHARGE                                              40927                         40927

DRAM_ACTIVATE                                               40935                         40935

DRAM_COLUMN                                                453685                        453685

DRAM_AVG_LATENCY_BASE                                      453685                        453685

DRAM_AVG_LATENCY                                         11547063                       25.4517

BANDWIDTH_TOT                                            29035840                      29035840

DRAM_CHANNEL0_BANDWIDTH_SATURATED                            6830                          6830

DRAM_CHANNEL1_BANDWIDTH_SATURATED                            6051                          6051

DRAM_CHANNEL2_BANDWIDTH_SATURATED                               0                             0

DRAM_CHANNEL3_BANDWIDTH_SATURATED                               0                             0

DRAM_CHANNEL4_BANDWIDTH_SATURATED                               0                             0

DRAM_CHANNEL5_BANDWIDTH_SATURATED                               0                             0

DRAM_CHANNEL6_BANDWIDTH_SATURATED                               0                             0

DRAM_CHANNEL7_BANDWIDTH_SATURATED                               0                             0

DRAM_CHANNEL0_DBUS_IDLE                                  35530495                      35530495

DRAM_CHANNEL1_DBUS_IDLE                                  35535111                      35535111

DRAM_CHANNEL2_DBUS_IDLE                                         0                             0

DRAM_CHANNEL3_DBUS_IDLE                                         0                             0

DRAM_CHANNEL4_DBUS_IDLE                                         0                             0

DRAM_CHANNEL5_DBUS_IDLE                                         0                             0

DRAM_CHANNEL6_DBUS_IDLE                                         0                             0

DRAM_CHANNEL7_DBUS_IDLE                                         0                             0

