Arguments: ./macsim --l3_repl==PDP 
src/macsim.cc:133: (I=0  C=0):  initialize knobs
number of cores : 2
src/macsim.cc:531: (I=0  C=0):  initialize simulation
src/macsim.cc:327: (I=0  C=0):  initialize cores (2/0/0)
src/memory.cc:1695: (I=0  C=0):  Memory system(l2_decoupled_network) has been initialized.
l3_policy: PDP,PDP
0
1
ip_table done
way0=3
way1=29
src/network_ring.cc:107: (I=0  C=0):  TOTAL_ROUTER:4 CPU:2 GPU:0 L3:1 MC:1
src/network_ring.cc:312: (I=0  C=0):  RING topology
0 <-> 1 <-> 2 <-> 3 <-> 
enabling bug detector
src/macsim.cc:748: (I=0  C=0):  Initializing new noc

src/macsim.cc:839: (I=0  C=0):  Clock LCM           : 920
src/macsim.cc:840: (I=0  C=0):  CPU clock frequency : 2.3 GHz
src/macsim.cc:841: (I=0  C=0):  GPU clock frequency : 2.3 GHz
src/macsim.cc:842: (I=0  C=0):  L3  clock frequency : 1 GHz
src/macsim.cc:843: (I=0  C=0):  NOC clock frequency : 1 GHz
src/macsim.cc:844: (I=0  C=0):  MC  clock frequency : 0.8 GHz
src/process_manager.cc:455: (I=0  C=0):  setup_process:0 ../../../../jinku/macsim_traces/astar/trace.txt current_index:0 (1)
src/process_manager.cc:548: (I=0  C=0):  thread_count:1
src/process_manager.cc:455: (I=0  C=0):  setup_process:1 ../../../../jinku/macsim_traces/160810/16MB/trace.txt current_index:0 (1)
src/process_manager.cc:548: (I=0  C=0):  thread_count:1
1000000
2000000
3000000
4000000
** Heartbeat for core[00]:        insts:10000000    cycles:9295642    (371825640) seconds:90    -- 1.08 IPC (1.08 IPC) -- 0.00 KIPS (111.11 KIPS)
** Heartbeat for core[00]:  Thread:0      insts:10000000    cycles:9295642    (371825640) seconds:90    -- 1.08 IPC (1.08 IPC) -- 0.00 KIPS (111.11 KIPS)
5000000
6000000
** Heartbeat for core[01]:        insts:10000000    cycles:13869150   (554765960) seconds:136   -- 0.72 IPC (0.72 IPC) -- 0.00 KIPS (73.53 KIPS)
** Heartbeat for core[01]:  Thread:0      insts:10000000    cycles:13869150   (554765960) seconds:136   -- 0.72 IPC (0.72 IPC) -- 0.00 KIPS (73.53 KIPS)
7000000
8000000
** Heartbeat for core[00]:        insts:20000000    cycles:18441212   (737648440) seconds:183   -- 1.09 IPC (1.08 IPC) -- 107.53 KIPS (109.29 KIPS)
** Heartbeat for core[00]:  Thread:0      insts:20000000    cycles:18441212   (737648440) seconds:183   -- 1.09 IPC (1.08 IPC) -- 107.53 KIPS (109.29 KIPS)
9000000
10000000
11000000
** Heartbeat for core[01]:        insts:20000000    cycles:27152036   (1086081400) seconds:275   -- 0.75 IPC (0.74 IPC) -- 71.94 KIPS (72.73 KIPS)
** Heartbeat for core[01]:  Thread:0      insts:20000000    cycles:27152036   (1086081400) seconds:275   -- 0.75 IPC (0.74 IPC) -- 71.94 KIPS (72.73 KIPS)
** Heartbeat for core[00]:        insts:30000000    cycles:27438189   (1097527520) seconds:278   -- 1.11 IPC (1.09 IPC) -- 105.26 KIPS (107.91 KIPS)
** Heartbeat for core[00]:  Thread:0      insts:30000000    cycles:27438189   (1097527520) seconds:278   -- 1.11 IPC (1.09 IPC) -- 105.26 KIPS (107.91 KIPS)
12000000
13000000
14000000
15000000
** Heartbeat for core[00]:        insts:40000000    cycles:36419563   (1456782480) seconds:378   -- 1.11 IPC (1.10 IPC) -- 100.00 KIPS (105.82 KIPS)
** Heartbeat for core[00]:  Thread:0      insts:40000000    cycles:36419563   (1456782480) seconds:378   -- 1.11 IPC (1.10 IPC) -- 100.00 KIPS (105.82 KIPS)
16000000
17000000
** Heartbeat for core[01]:        insts:30000000    cycles:40434008   (1617360280) seconds:424   -- 0.75 IPC (0.74 IPC) -- 67.11 KIPS (70.75 KIPS)
** Heartbeat for core[01]:  Thread:0      insts:30000000    cycles:40434008   (1617360280) seconds:424   -- 0.75 IPC (0.74 IPC) -- 67.11 KIPS (70.75 KIPS)
18000000
19000000
** Heartbeat for core[00]:        insts:50000000    cycles:45486529   (1819461120) seconds:484   -- 1.10 IPC (1.10 IPC) -- 94.34 KIPS (103.31 KIPS)
** Heartbeat for core[00]:  Thread:0      insts:50000000    cycles:45486529   (1819461120) seconds:484   -- 1.10 IPC (1.10 IPC) -- 94.34 KIPS (103.31 KIPS)
20000000
21000000
22000000
** Heartbeat for core[01]:        insts:40000000    cycles:51450922   (2058036840) seconds:555   -- 0.91 IPC (0.78 IPC) -- 76.34 KIPS (72.07 KIPS)
** Heartbeat for core[01]:  Thread:0      insts:40000000    cycles:51450922   (2058036840) seconds:555   -- 0.91 IPC (0.78 IPC) -- 76.34 KIPS (72.07 KIPS)
23000000
24000000
** Heartbeat for core[00]:        insts:60000000    cycles:55566122   (2222644840) seconds:600   -- 0.99 IPC (1.08 IPC) -- 86.21 KIPS (100.00 KIPS)
** Heartbeat for core[00]:  Thread:0      insts:60000000    cycles:55566122   (2222644840) seconds:600   -- 0.99 IPC (1.08 IPC) -- 86.21 KIPS (100.00 KIPS)
25000000
26000000
27000000
28000000
29000000
** Heartbeat for core[01]:        insts:50000000    cycles:67119125   (2684764960) seconds:714   -- 0.64 IPC (0.74 IPC) -- 62.89 KIPS (70.03 KIPS)
** Heartbeat for core[01]:  Thread:0      insts:50000000    cycles:67119125   (2684764960) seconds:714   -- 0.64 IPC (0.74 IPC) -- 62.89 KIPS (70.03 KIPS)
30000000
30000000: 30m cycle
0:38:0.584979
way:3
1:1018:0.00450444
way:29
31000000
32000000
33000000
34000000
** Heartbeat for core[00]:        insts:70000000    cycles:80130913   (3205236480) seconds:846   -- 0.41 IPC (0.87 IPC) -- 40.65 KIPS (82.74 KIPS)
** Heartbeat for core[00]:  Thread:0      insts:70000000    cycles:80130913   (3205236480) seconds:846   -- 0.41 IPC (0.87 IPC) -- 40.65 KIPS (82.74 KIPS)
35000000
36000000
** Heartbeat for core[01]:        insts:60000000    cycles:84590969   (3383638720) seconds:892   -- 0.57 IPC (0.71 IPC) -- 56.18 KIPS (67.26 KIPS)
** Heartbeat for core[01]:  Thread:0      insts:60000000    cycles:84590969   (3383638720) seconds:892   -- 0.57 IPC (0.71 IPC) -- 56.18 KIPS (67.26 KIPS)
37000000
38000000
39000000
40000000
41000000
42000000
43000000
44000000
** Heartbeat for core[01]:        insts:70000000    cycles:102057160  (4082286360) seconds:1078  -- 0.57 IPC (0.69 IPC) -- 53.76 KIPS (64.94 KIPS)
** Heartbeat for core[01]:  Thread:0      insts:70000000    cycles:102057160  (4082286360) seconds:1078  -- 0.57 IPC (0.69 IPC) -- 53.76 KIPS (64.94 KIPS)
45000000
** Heartbeat for core[00]:        insts:80000000    cycles:105207593  (4208303680) seconds:1113  -- 0.40 IPC (0.76 IPC) -- 37.45 KIPS (71.88 KIPS)
** Heartbeat for core[00]:  Thread:0      insts:80000000    cycles:105207593  (4208303680) seconds:1113  -- 0.40 IPC (0.76 IPC) -- 37.45 KIPS (71.88 KIPS)
46000000
**Core 00 Core_Total  Finished:   insts:80875466    cycles:107374184  (4294967320) seconds:1138  -- 0.75 IPC (0.75 IPC) --  N/A  KHz (71.07 KHz)
**Core 00 Thread 00 Finished:   insts:80875466    cycles:107374184  (4294967320)  seconds:1138  -- 0.75 IPC (0.75 IPC) --  N/A  KHz (71.07 KHz) 
**Core 01 Core_Total  Finished:   insts:75326305    cycles:107374184  (4294967320) seconds:1138  -- 0.70 IPC (0.70 IPC) --  N/A  KHz (66.19 KHz)
**Core 01 Thread 00 Finished:   insts:75326305    cycles:107374184  (4294967320)  seconds:1138  -- 0.70 IPC (0.70 IPC) --  N/A  KHz (66.19 KHz) 
src/macsim.cc:617: (I=80875466  C=4294967361):  finalize simulation
src/macsim.cc:623: (I=80875466  C=4294967361):  elapsed time:1138.0 seconds
Done
