Arguments: ./macsim --l3_repl==PDP 
src/macsim.cc:133: (I=0  C=0):  initialize knobs
number of cores : 2
src/macsim.cc:531: (I=0  C=0):  initialize simulation
src/macsim.cc:327: (I=0  C=0):  initialize cores (2/0/0)
src/memory.cc:1695: (I=0  C=0):  Memory system(l2_decoupled_network) has been initialized.
l3_policy: PDP,PDP
0
1
ip_table done
way0=4
way1=28
src/network_ring.cc:107: (I=0  C=0):  TOTAL_ROUTER:4 CPU:2 GPU:0 L3:1 MC:1
src/network_ring.cc:312: (I=0  C=0):  RING topology
0 <-> 1 <-> 2 <-> 3 <-> 
enabling bug detector
src/macsim.cc:748: (I=0  C=0):  Initializing new noc

src/macsim.cc:839: (I=0  C=0):  Clock LCM           : 920
src/macsim.cc:840: (I=0  C=0):  CPU clock frequency : 2.3 GHz
src/macsim.cc:841: (I=0  C=0):  GPU clock frequency : 2.3 GHz
src/macsim.cc:842: (I=0  C=0):  L3  clock frequency : 1 GHz
src/macsim.cc:843: (I=0  C=0):  NOC clock frequency : 1 GHz
src/macsim.cc:844: (I=0  C=0):  MC  clock frequency : 0.8 GHz
src/process_manager.cc:455: (I=0  C=0):  setup_process:0 ../../../../jinku/macsim_traces/astar/trace.txt current_index:0 (1)
src/process_manager.cc:548: (I=0  C=0):  thread_count:1
src/process_manager.cc:455: (I=0  C=0):  setup_process:1 ../../../../jinku/macsim_traces/160810/16MB/trace.txt current_index:0 (1)
src/process_manager.cc:548: (I=0  C=0):  thread_count:1
1000000
2000000
3000000
4000000
** Heartbeat for core[00]:        insts:10000000    cycles:9288726    (371549000) seconds:93    -- 1.08 IPC (1.08 IPC) -- 0.00 KIPS (107.53 KIPS)
** Heartbeat for core[00]:  Thread:0      insts:10000000    cycles:9288726    (371549000) seconds:93    -- 1.08 IPC (1.08 IPC) -- 0.00 KIPS (107.53 KIPS)
5000000
6000000
** Heartbeat for core[01]:        insts:10000000    cycles:13866833   (554673280) seconds:142   -- 0.72 IPC (0.72 IPC) -- 0.00 KIPS (70.42 KIPS)
** Heartbeat for core[01]:  Thread:0      insts:10000000    cycles:13866833   (554673280) seconds:142   -- 0.72 IPC (0.72 IPC) -- 0.00 KIPS (70.42 KIPS)
7000000
8000000
** Heartbeat for core[00]:        insts:20000000    cycles:18421952   (736878040) seconds:190   -- 1.09 IPC (1.09 IPC) -- 103.09 KIPS (105.26 KIPS)
** Heartbeat for core[00]:  Thread:0      insts:20000000    cycles:18421952   (736878040) seconds:190   -- 1.09 IPC (1.09 IPC) -- 103.09 KIPS (105.26 KIPS)
9000000
10000000
11000000
** Heartbeat for core[01]:        insts:20000000    cycles:27156797   (1086271840) seconds:282   -- 0.75 IPC (0.74 IPC) -- 71.43 KIPS (70.92 KIPS)
** Heartbeat for core[01]:  Thread:0      insts:20000000    cycles:27156797   (1086271840) seconds:282   -- 0.75 IPC (0.74 IPC) -- 71.43 KIPS (70.92 KIPS)
** Heartbeat for core[00]:        insts:30000000    cycles:27410458   (1096418280) seconds:285   -- 1.11 IPC (1.09 IPC) -- 105.26 KIPS (105.26 KIPS)
** Heartbeat for core[00]:  Thread:0      insts:30000000    cycles:27410458   (1096418280) seconds:285   -- 1.11 IPC (1.09 IPC) -- 105.26 KIPS (105.26 KIPS)
12000000
13000000
14000000
15000000
** Heartbeat for core[00]:        insts:40000000    cycles:36382935   (1455317360) seconds:385   -- 1.11 IPC (1.10 IPC) -- 100.00 KIPS (103.90 KIPS)
** Heartbeat for core[00]:  Thread:0      insts:40000000    cycles:36382935   (1455317360) seconds:385   -- 1.11 IPC (1.10 IPC) -- 100.00 KIPS (103.90 KIPS)
16000000
17000000
** Heartbeat for core[01]:        insts:30000000    cycles:40437520   (1617500760) seconds:432   -- 0.75 IPC (0.74 IPC) -- 66.67 KIPS (69.44 KIPS)
** Heartbeat for core[01]:  Thread:0      insts:30000000    cycles:40437520   (1617500760) seconds:432   -- 0.75 IPC (0.74 IPC) -- 66.67 KIPS (69.44 KIPS)
18000000
19000000
** Heartbeat for core[00]:        insts:50000000    cycles:45432976   (1817319000) seconds:491   -- 1.10 IPC (1.10 IPC) -- 94.34 KIPS (101.83 KIPS)
** Heartbeat for core[00]:  Thread:0      insts:50000000    cycles:45432976   (1817319000) seconds:491   -- 1.10 IPC (1.10 IPC) -- 94.34 KIPS (101.83 KIPS)
20000000
21000000
22000000
** Heartbeat for core[01]:        insts:40000000    cycles:51453061   (2058122400) seconds:563   -- 0.91 IPC (0.78 IPC) -- 76.34 KIPS (71.05 KIPS)
** Heartbeat for core[01]:  Thread:0      insts:40000000    cycles:51453061   (2058122400) seconds:563   -- 0.91 IPC (0.78 IPC) -- 76.34 KIPS (71.05 KIPS)
23000000
24000000
** Heartbeat for core[00]:        insts:60000000    cycles:55464814   (2218592520) seconds:607   -- 1.00 IPC (1.08 IPC) -- 86.21 KIPS (98.85 KIPS)
** Heartbeat for core[00]:  Thread:0      insts:60000000    cycles:55464814   (2218592520) seconds:607   -- 1.00 IPC (1.08 IPC) -- 86.21 KIPS (98.85 KIPS)
25000000
26000000
27000000
28000000
29000000
** Heartbeat for core[01]:        insts:50000000    cycles:67363348   (2694533880) seconds:725   -- 0.63 IPC (0.74 IPC) -- 61.73 KIPS (68.97 KIPS)
** Heartbeat for core[01]:  Thread:0      insts:50000000    cycles:67363348   (2694533880) seconds:725   -- 0.63 IPC (0.74 IPC) -- 61.73 KIPS (68.97 KIPS)
30000000
30000000: 30m cycle
0:47:0.585063
way:4
1:1022:0.00449992
way:28
31000000
32000000
33000000
34000000
** Heartbeat for core[00]:        insts:70000000    cycles:80083165   (3203326560) seconds:855   -- 0.41 IPC (0.87 IPC) -- 40.32 KIPS (81.87 KIPS)
** Heartbeat for core[00]:  Thread:0      insts:70000000    cycles:80083165   (3203326560) seconds:855   -- 0.41 IPC (0.87 IPC) -- 40.32 KIPS (81.87 KIPS)
35000000
36000000
** Heartbeat for core[01]:        insts:60000000    cycles:84833088   (3393323480) seconds:904   -- 0.57 IPC (0.71 IPC) -- 55.87 KIPS (66.37 KIPS)
** Heartbeat for core[01]:  Thread:0      insts:60000000    cycles:84833088   (3393323480) seconds:904   -- 0.57 IPC (0.71 IPC) -- 55.87 KIPS (66.37 KIPS)
37000000
38000000
39000000
40000000
41000000
42000000
43000000
44000000
** Heartbeat for core[01]:        insts:70000000    cycles:102296654  (4091866120) seconds:1091  -- 0.57 IPC (0.68 IPC) -- 53.48 KIPS (64.16 KIPS)
** Heartbeat for core[01]:  Thread:0      insts:70000000    cycles:102296654  (4091866120) seconds:1091  -- 0.57 IPC (0.68 IPC) -- 53.48 KIPS (64.16 KIPS)
45000000
** Heartbeat for core[00]:        insts:80000000    cycles:105252687  (4210107440) seconds:1124  -- 0.40 IPC (0.76 IPC) -- 37.17 KIPS (71.17 KIPS)
** Heartbeat for core[00]:  Thread:0      insts:80000000    cycles:105252687  (4210107440) seconds:1124  -- 0.40 IPC (0.76 IPC) -- 37.17 KIPS (71.17 KIPS)
46000000
**Core 00 Core_Total  Finished:   insts:80860155    cycles:107374184  (4294967320) seconds:1148  -- 0.75 IPC (0.75 IPC) --  N/A  KHz (70.44 KHz)
**Core 00 Thread 00 Finished:   insts:80860155    cycles:107374184  (4294967320)  seconds:1148  -- 0.75 IPC (0.75 IPC) --  N/A  KHz (70.44 KHz) 
**Core 01 Core_Total  Finished:   insts:75161281    cycles:107374184  (4294967320) seconds:1148  -- 0.70 IPC (0.70 IPC) --  N/A  KHz (65.47 KHz)
**Core 01 Thread 00 Finished:   insts:75161281    cycles:107374184  (4294967320)  seconds:1148  -- 0.70 IPC (0.70 IPC) --  N/A  KHz (65.47 KHz) 
src/macsim.cc:617: (I=80860155  C=4294967361):  finalize simulation
src/macsim.cc:623: (I=80860155  C=4294967361):  elapsed time:1148.2 seconds
Done
