####################################################################################################
Interval
####################################################################################################
Cumulative:         Cycles:                  20000     Instructions:                  1200
DRAM_PRECHARGE                                              39841                         39841

DRAM_ACTIVATE                                               39849                         39849

DRAM_COLUMN                                                457402                        457402

DRAM_AVG_LATENCY_BASE                                      457402                        457402

DRAM_AVG_LATENCY                                         11582447                       25.3222

BANDWIDTH_TOT                                            29273728                      29273728

DRAM_CHANNEL0_BANDWIDTH_SATURATED                            6887                          6887

DRAM_CHANNEL1_BANDWIDTH_SATURATED                            6514                          6514

DRAM_CHANNEL2_BANDWIDTH_SATURATED                               0                             0

DRAM_CHANNEL3_BANDWIDTH_SATURATED                               0                             0

DRAM_CHANNEL4_BANDWIDTH_SATURATED                               0                             0

DRAM_CHANNEL5_BANDWIDTH_SATURATED                               0                             0

DRAM_CHANNEL6_BANDWIDTH_SATURATED                               0                             0

DRAM_CHANNEL7_BANDWIDTH_SATURATED                               0                             0

DRAM_CHANNEL0_DBUS_IDLE                                  35515519                      35515519

DRAM_CHANNEL1_DBUS_IDLE                                  35520351                      35520351

DRAM_CHANNEL2_DBUS_IDLE                                         0                             0

DRAM_CHANNEL3_DBUS_IDLE                                         0                             0

DRAM_CHANNEL4_DBUS_IDLE                                         0                             0

DRAM_CHANNEL5_DBUS_IDLE                                         0                             0

DRAM_CHANNEL6_DBUS_IDLE                                         0                             0

DRAM_CHANNEL7_DBUS_IDLE                                         0                             0

