####################################################################################################
Interval
####################################################################################################
Cumulative:         Cycles:                  20000     Instructions:                  1200
TOTAL_PACKET_CPU                                          3349229                       3349229

TOTAL_PACKET_GPU                                                0                             0

NOC_AVG_LATENCY_BASE                                      3349229                       3349229

NOC_AVG_LATENCY_BASE_CPU                                  3349229                       3349229

NOC_AVG_LATENCY_BASE_GPU                                        0                             0

NOC_AVG_LATENCY                                          36533726                       10.9081

NOC_AVG_LATENCY_CPU                                      36533726                       10.9081

NOC_AVG_LATENCY_GPU                                             0                           NaN

NOC_AVG_ACTIVE_PACKET_BASE                                3349229                       3349229

NOC_AVG_ACTIVE_PACKET_BASE_CPU                            3349229                       3349229

NOC_AVG_ACTIVE_PACKET_BASE_GPU                                  0                             0

NOC_AVG_ACTIVE_PACKET                                     5160345                       1.54076

NOC_AVG_ACTIVE_PACKET_CPU                                 5160345                       1.54076

NOC_AVG_ACTIVE_PACKET_GPU                                       0                           NaN

NOC_IDLE_CHANNEL                                                0                             0

NOC_IDLE_CHANNEL_CPU                                            0                             0

NOC_IDLE_CHANNEL_GPU                                            0                             0

NOC_IDLE_CHANNEL_L3                                             0                             0

NOC_IDLE_CHANNEL_MC                                             0                             0

NOC_AVG_WAIT_IN_ROUTER_BASE                               8125969                       8125969

NOC_AVG_WAIT_IN_ROUTER_BASE_CPU                           3149144                       3149144

NOC_AVG_WAIT_IN_ROUTER_BASE_GPU                                 0                             0

NOC_AVG_WAIT_IN_ROUTER_BASE_L3                            3349229                       3349229

NOC_AVG_WAIT_IN_ROUTER_BASE_MC                            1627596                       1627596

NOC_AVG_WAIT_IN_ROUTER                                   67133098                       8.26155

NOC_AVG_WAIT_IN_ROUTER_CPU                               25383547                       8.06046

NOC_AVG_WAIT_IN_ROUTER_GPU                                      0                           NaN

NOC_AVG_WAIT_IN_ROUTER_L3                                26978397                       8.05511

NOC_AVG_WAIT_IN_ROUTER_MC                                14771154                       9.07544

NOC_LINK_ACTIVE                                          14332140                      14332140

