####################################################################################################
Interval
####################################################################################################
Cumulative:         Cycles:                  20000     Instructions:                  1200
POWER_L3CACHE_LINEFILL_BUF_R                               456439                        456439

POWER_L3CACHE_LINEFILL_BUF_W                               456439                        456439

POWER_L3CACHE_LINEFILL_BUF_R_TAG                           456439                        456439

POWER_L3CACHE_WB_BUF_R                                        963                           963

POWER_L3CACHE_WB_BUF_W                                        963                           963

POWER_L3CACHE_WB_BUF_R_TAG                                    963                           963

POWER_L3CACHE_R                                            761254                        761254

POWER_L3CACHE_W                                             95050                         95050

POWER_L3CACHE_R_TAG                                       1217693                       1217693

POWER_MC_R                                                9148818                       9148818

POWER_MC_W                                                 457402                        457402

POWER_BLOCK_STATES_R_CORE_0                             107374184                     107374184

POWER_BLOCK_STATES_W_CORE_0                             107374184                     107374184

POWER_FETCH_QUEUE_R_CORE_0                              104183460                     104183460

POWER_FETCH_QUEUE_W_CORE_0                              104183460                     104183460

POWER_INST_QUEUE_R_CORE_0                               224469725                     224469725

POWER_INST_QUEUE_W_CORE_0                               104183450                     104183450

POWER_BR_PRED_R_CORE_0                                   11457919                      11457919

POWER_BR_PRED_W_CORE_0                                   11329163                      11329163

POWER_RAS_R_CORE_0                                         559609                        559609

POWER_RAS_W_CORE_0                                         534120                        534120

POWER_ICACHE_R_CORE_0                                    26045865                      26045865

POWER_ICACHE_W_CORE_0                                         100                           100

POWER_ICACHE_R_TAG_CORE_0                                26045965                      26045965

POWER_ICACHE_MISS_BUF_R_CORE_0                                200                           200

POWER_ICACHE_MISS_BUF_W_CORE_0                                200                           200

POWER_ICACHE_MISS_BUF_R_TAG_CORE_0                            100                           100

POWER_ICACHE_MISS_BUF_W_TAG_CORE_0                              0                             0

POWER_ICACHE_TOT_ACC_CORE_0                                     0                             0

POWER_ICACHE_CONF_CORE_0                                        0                             0

POWER_INST_DECODER_R_CORE_0                              81003684                      81003684

POWER_INST_DECODER_W_CORE_0                                     0                             0

POWER_MICRO_OP_SEQ_R_CORE_0                                     0                             0

POWER_MICRO_OP_SEQ_W_CORE_0                                     0                             0

POWER_OPERAND_DECODER_R_CORE_0                           81003684                      81003684

POWER_OPERAND_DECODER_W_CORE_0                                  0                             0

POWER_UOP_QUEUE_R_CORE_0                                224469725                     224469725

POWER_UOP_QUEUE_W_CORE_0                                104183450                     104183450

POWER_REG_RENAMING_TABLE_R_CORE_0                       224469725                     224469725

POWER_REG_RENAMING_TABLE_W_CORE_0                       104183450                     104183450

POWER_DEP_CHECK_LOGIC_R_CORE_0                          104183460                     104183460

POWER_FREELIST_R_CORE_0                                 224469725                     224469725

POWER_FREELIST_W_CORE_0                                 104183450                     104183450

POWER_RESERVATION_STATION_R_CORE_0                      104183884                     104183884

POWER_RESERVATION_STATION_W_CORE_0                      104183418                     104183418

POWER_RESERVATION_STATION_R_TAG_CORE_0                  104183884                     104183884

POWER_RESERVATION_STATION_W_TAG_CORE_0                          0                             0

POWER_INST_ISSUE_SEL_LOGIC_R_CORE_0                     104183884                     104183884

POWER_INST_ISSUE_SEL_LOGIC_W_CORE_0                     104183399                     104183399

POWER_PAYLOAD_RAM_R_CORE_0                              104183884                     104183884

POWER_PAYLOAD_RAM_W_CORE_0                              104183399                     104183399

POWER_EX_ALU_R_CORE_0                                    64144907                      64144907

POWER_EX_FPU_R_CORE_0                                       61494                         61494

POWER_EX_MUL_R_CORE_0                                     4319669                       4319669

POWER_EX_SFU_R_CORE_0                                           0                             0

POWER_REORDER_BUF_R_CORE_0                              104183366                     104183366

POWER_REORDER_BUF_W_CORE_0                              208366900                     208366900

POWER_INST_COMMIT_SEL_LOGIC_R_CORE_0                    104183366                     104183366

POWER_INST_COMMIT_SEL_LOGIC_W_CORE_0                    104183450                     104183450

POWER_FP_RENAME_R_CORE_0                                   150544                        150544

POWER_FP_RENAME_W_CORE_0                                        0                             0

POWER_LOAD_QUEUE_R_CORE_0                                28504661                      28504661

POWER_LOAD_QUEUE_W_CORE_0                                28504661                      28504661

POWER_LOAD_QUEUE_R_TAG_CORE_0                            28504661                      28504661

POWER_LOAD_QUEUE_W_TAG_CORE_0                                   0                             0

POWER_STORE_QUEUE_R_CORE_0                                7153153                       7153153

POWER_STORE_QUEUE_W_CORE_0                                7153153                       7153153

POWER_STORE_QUEUE_R_TAG_CORE_0                            7153153                       7153153

POWER_STORE_QUEUE_W_TAG_CORE_0                                  0                             0

POWER_DATA_TLB_R_CORE_0                                  28504661                      28504661

POWER_DATA_TLB_W_CORE_0                                         0                             0

POWER_DATA_TLB_R_TAG_CORE_0                                     0                             0

POWER_DATA_TLB_W_TAG_CORE_0                                     0                             0

POWER_INT_REGFILE_R_CORE_0                              172586481                     172586481

POWER_INT_REGFILE_W_CORE_0                              104121905                     104121905

POWER_FP_REGFILE_R_CORE_0                                  119902                        119902

POWER_FP_REGFILE_W_CORE_0                                   61494                         61494

POWER_GP_REGISTER_R_CORE_0                              172586481                     172586481

POWER_GP_REGISTER_W_CORE_0                              104121905                     104121905

POWER_FP_REGISTER_R_CORE_0                                 122988                        122988

POWER_FP_REGISTER_W_CORE_0                                  61494                         61494

POWER_SEGMENT_REGISTER_R_CORE_0                          35657329                      35657329

POWER_SEGMENT_REGISTER_W_CORE_0                          70065055                      70065055

POWER_CONTROL_REGISTER_R_CORE_0                                 0                             0

POWER_CONTROL_REGISTER_W_CORE_0                           2023554                       2023554

POWER_FLAG_REGISTER_R_CORE_0                                    0                             0

POWER_FLAG_REGISTER_W_CORE_0                                    0                             0

POWER_EXEC_BYPASS_CORE_0                                104183399                     104183399

POWER_LOAD_BYPASS_CORE_0                                  1427511                       1427511

POWER_PIPELINE_CORE_0                                    81003613                      81003613

POWER_DCACHE_MISS_BUF_R_CORE_0                            1427311                       1427311

POWER_DCACHE_MISS_BUF_R_TAG_CORE_0                        1654831                       1654831

POWER_DCACHE_MISS_BUF_W_CORE_0                            1654831                       1654831

POWER_DCACHE_MISS_BUF_W_TAG_CORE_0                              0                             0

POWER_DCACHE_LINEFILL_BUF_R_CORE_0                              0                             0

POWER_L2CACHE_LINEFILL_BUF_R_CORE_0                        948208                        948208

POWER_DCACHE_LINEFILL_BUF_W_CORE_0                              0                             0

POWER_L2CACHE_LINEFILL_BUF_W_CORE_0                        931699                        931699

POWER_DCACHE_LINEFILL_BUF_R_TAG_CORE_0                          0                             0

POWER_L2CACHE_LINEFILL_BUF_R_TAG_CORE_0                   1166152                       1166152

POWER_DCACHE_LINEFILL_BUF_W_TAG_CORE_0                          0                             0

POWER_DCACHE_WB_BUF_R_CORE_0                               217944                        217944

POWER_L2CACHE_WB_BUF_R_CORE_0                                   0                             0

POWER_DCACHE_WB_BUF_W_CORE_0                               217944                        217944

POWER_L2CACHE_WB_BUF_W_CORE_0                                   0                             0

POWER_DCACHE_WB_BUF_R_TAG_CORE_0                           435888                        435888

POWER_L2CACHE_WB_BUF_R_TAG_CORE_0                               0                             0

POWER_DCACHE_WB_BUF_W_TAG_CORE_0                                0                             0

POWER_DCACHE_R_CORE_0                                    34002498                      34002498

POWER_L2CACHE_R_CORE_0                                          0                             0

POWER_DCACHE_W_CORE_0                                      713655                        713655

POWER_L2CACHE_W_CORE_0                                          0                             0

POWER_DCACHE_R_TAG_CORE_0                                35657329                      35657329

POWER_L2CACHE_R_TAG_CORE_0                                      0                             0

POWER_CONST_CACHE_R_CORE_0                                      0                             0

POWER_CONST_CACHE_W_CORE_0                                      0                             0

POWER_CONST_CACHE_R_TAG_CORE_0                                  0                             0

POWER_CONST_CACHE_W_TAG_CORE_0                                  0                             0

POWER_TEXTURE_CACHE_R_CORE_0                                    0                             0

POWER_TEXTURE_CACHE_W_CORE_0                                    0                             0

POWER_TEXTURE_CACHE_R_TAG_CORE_0                                0                             0

POWER_TEXTURE_CACHE_W_TAG_CORE_0                                0                             0

POWER_SHARED_MEM_R_CORE_0                                       0                             0

POWER_SHARED_MEM_W_CORE_0                                       0                             0

POWER_SHARED_MEM_R_TAG_CORE_0                                   0                             0

POWER_SHARED_MEM_W_TAG_CORE_0                                   0                             0

POWER_BLOCK_STATES_R_CORE_1                             107374184                     107374184

POWER_BLOCK_STATES_W_CORE_1                             107374184                     107374184

POWER_FETCH_QUEUE_R_CORE_1                              106171364                     106171364

POWER_FETCH_QUEUE_W_CORE_1                              106171364                     106171364

POWER_INST_QUEUE_R_CORE_1                               221157406                     221157406

POWER_INST_QUEUE_W_CORE_1                               106171112                     106171112

POWER_BR_PRED_R_CORE_1                                    7897857                       7897857

POWER_BR_PRED_W_CORE_1                                    7896342                       7896342

POWER_RAS_R_CORE_1                                           1009                          1009

POWER_RAS_W_CORE_1                                            781                           781

POWER_ICACHE_R_CORE_1                                    26542841                      26542841

POWER_ICACHE_W_CORE_1                                         564                           564

POWER_ICACHE_R_TAG_CORE_1                                26543405                      26543405

POWER_ICACHE_MISS_BUF_R_CORE_1                               1128                          1128

POWER_ICACHE_MISS_BUF_W_CORE_1                               1128                          1128

POWER_ICACHE_MISS_BUF_R_TAG_CORE_1                            564                           564

POWER_ICACHE_MISS_BUF_W_TAG_CORE_1                              0                             0

POWER_ICACHE_TOT_ACC_CORE_1                                     0                             0

POWER_ICACHE_CONF_CORE_1                                        0                             0

POWER_INST_DECODER_R_CORE_1                              74651350                      74651350

POWER_INST_DECODER_W_CORE_1                                     0                             0

POWER_MICRO_OP_SEQ_R_CORE_1                                     0                             0

POWER_MICRO_OP_SEQ_W_CORE_1                                     0                             0

POWER_OPERAND_DECODER_R_CORE_1                           74651350                      74651350

POWER_OPERAND_DECODER_W_CORE_1                                  0                             0

POWER_UOP_QUEUE_R_CORE_1                                221157406                     221157406

POWER_UOP_QUEUE_W_CORE_1                                106171112                     106171112

POWER_REG_RENAMING_TABLE_R_CORE_1                       221157406                     221157406

POWER_REG_RENAMING_TABLE_W_CORE_1                       106171112                     106171112

POWER_DEP_CHECK_LOGIC_R_CORE_1                          106171364                     106171364

POWER_FREELIST_R_CORE_1                                 221157406                     221157406

POWER_FREELIST_W_CORE_1                                 106171112                     106171112

POWER_RESERVATION_STATION_R_CORE_1                      106219831                     106219831

POWER_RESERVATION_STATION_W_CORE_1                      106171081                     106171081

POWER_RESERVATION_STATION_R_TAG_CORE_1                  106219831                     106219831

POWER_RESERVATION_STATION_W_TAG_CORE_1                          0                             0

POWER_INST_ISSUE_SEL_LOGIC_R_CORE_1                     106219831                     106219831

POWER_INST_ISSUE_SEL_LOGIC_W_CORE_1                     106171057                     106171057

POWER_PAYLOAD_RAM_R_CORE_1                              106219831                     106219831

POWER_PAYLOAD_RAM_W_CORE_1                              106171057                     106171057

POWER_EX_ALU_R_CORE_1                                    58912067                      58912067

POWER_EX_FPU_R_CORE_1                                          56                            56

POWER_EX_MUL_R_CORE_1                                         325                           325

POWER_EX_SFU_R_CORE_1                                           0                             0

POWER_REORDER_BUF_R_CORE_1                              106170975                     106170975

POWER_REORDER_BUF_W_CORE_1                              212342224                     212342224

POWER_INST_COMMIT_SEL_LOGIC_R_CORE_1                    106170975                     106170975

POWER_INST_COMMIT_SEL_LOGIC_W_CORE_1                    106171112                     106171112

POWER_FP_RENAME_R_CORE_1                                       74                            74

POWER_FP_RENAME_W_CORE_1                                        0                             0

POWER_LOAD_QUEUE_R_CORE_1                                35197618                      35197618

POWER_LOAD_QUEUE_W_CORE_1                                35197618                      35197618

POWER_LOAD_QUEUE_R_TAG_CORE_1                            35197618                      35197618

POWER_LOAD_QUEUE_W_TAG_CORE_1                                   0                             0

POWER_STORE_QUEUE_R_CORE_1                               12109765                      12109765

POWER_STORE_QUEUE_W_CORE_1                               12109765                      12109765

POWER_STORE_QUEUE_R_TAG_CORE_1                           12109765                      12109765

POWER_STORE_QUEUE_W_TAG_CORE_1                                  0                             0

POWER_DATA_TLB_R_CORE_1                                  35197618                      35197618

POWER_DATA_TLB_W_CORE_1                                         0                             0

POWER_DATA_TLB_R_TAG_CORE_1                                     0                             0

POWER_DATA_TLB_W_TAG_CORE_1                                     0                             0

POWER_INT_REGFILE_R_CORE_1                              165083393                     165083393

POWER_INT_REGFILE_W_CORE_1                              106171001                     106171001

POWER_FP_REGFILE_R_CORE_1                                     112                           112

POWER_FP_REGFILE_W_CORE_1                                      56                            56

POWER_GP_REGISTER_R_CORE_1                              165083393                     165083393

POWER_GP_REGISTER_W_CORE_1                              106171001                     106171001

POWER_FP_REGISTER_R_CORE_1                                    112                           112

POWER_FP_REGISTER_W_CORE_1                                     56                            56

POWER_SEGMENT_REGISTER_R_CORE_1                          47258609                      47258609

POWER_SEGMENT_REGISTER_W_CORE_1                          86648726                      86648726

POWER_CONTROL_REGISTER_R_CORE_1                                 0                             0

POWER_CONTROL_REGISTER_W_CORE_1                           7877033                       7877033

POWER_FLAG_REGISTER_R_CORE_1                                    0                             0

POWER_FLAG_REGISTER_W_CORE_1                                    0                             0

POWER_EXEC_BYPASS_CORE_1                                106171057                     106171057

POWER_LOAD_BYPASS_CORE_1                                  1007877                       1007877

POWER_PIPELINE_CORE_1                                    74651081                      74651081

POWER_DCACHE_MISS_BUF_R_CORE_1                            1006749                       1006749

POWER_DCACHE_MISS_BUF_R_TAG_CORE_1                        7035921                       7035921

POWER_DCACHE_MISS_BUF_W_CORE_1                            7035921                       7035921

POWER_DCACHE_MISS_BUF_W_TAG_CORE_1                              0                             0

POWER_DCACHE_LINEFILL_BUF_R_CORE_1                              0                             0

POWER_L2CACHE_LINEFILL_BUF_R_CORE_1                       2039402                       2039402

POWER_DCACHE_LINEFILL_BUF_W_CORE_1                              0                             0

POWER_L2CACHE_LINEFILL_BUF_W_CORE_1                        585920                        585920

POWER_DCACHE_LINEFILL_BUF_R_TAG_CORE_1                          0                             0

POWER_L2CACHE_LINEFILL_BUF_R_TAG_CORE_1                   2121384                       2121384

POWER_DCACHE_LINEFILL_BUF_W_TAG_CORE_1                          0                             0

POWER_DCACHE_WB_BUF_R_CORE_1                                81982                         81982

POWER_L2CACHE_WB_BUF_R_CORE_1                                   0                             0

POWER_DCACHE_WB_BUF_W_CORE_1                                81982                         81982

POWER_L2CACHE_WB_BUF_W_CORE_1                                   0                             0

POWER_DCACHE_WB_BUF_R_TAG_CORE_1                           163964                        163964

POWER_L2CACHE_WB_BUF_R_TAG_CORE_1                               0                             0

POWER_DCACHE_WB_BUF_W_TAG_CORE_1                                0                             0

POWER_DCACHE_R_CORE_1                                    40222688                      40222688

POWER_L2CACHE_R_CORE_1                                          0                             0

POWER_DCACHE_W_CORE_1                                      503374                        503374

POWER_L2CACHE_W_CORE_1                                          0                             0

POWER_DCACHE_R_TAG_CORE_1                                47258609                      47258609

POWER_L2CACHE_R_TAG_CORE_1                                      0                             0

POWER_CONST_CACHE_R_CORE_1                                      0                             0

POWER_CONST_CACHE_W_CORE_1                                      0                             0

POWER_CONST_CACHE_R_TAG_CORE_1                                  0                             0

POWER_CONST_CACHE_W_TAG_CORE_1                                  0                             0

POWER_TEXTURE_CACHE_R_CORE_1                                    0                             0

POWER_TEXTURE_CACHE_W_CORE_1                                    0                             0

POWER_TEXTURE_CACHE_R_TAG_CORE_1                                0                             0

POWER_TEXTURE_CACHE_W_TAG_CORE_1                                0                             0

POWER_SHARED_MEM_R_CORE_1                                       0                             0

POWER_SHARED_MEM_W_CORE_1                                       0                             0

POWER_SHARED_MEM_R_TAG_CORE_1                                   0                             0

POWER_SHARED_MEM_W_TAG_CORE_1                                   0                             0

