BP_MISPRED_STALL_CORE_0                                  52379327                      52379327

BP_RESOLVED_CORE_0                                         372339                        372339

BP_REDIRECT_RESOLVED_CORE_0                                     0                             0

PERFECT_TARGET_PRED_CORE_0                                      0                             0

BP_ON_PATH_CORRECT_CORE_0                                10967103                       96.7356%
BP_ON_PATH_MISPREDICT_CORE_0                               370086                       3.26435%
BP_ON_PATH_MISFETCH_CORE_0                                      0                             0%
                                                         11337189                           100%

BP_OFF_PATH_CORRECT_CORE_0                                      0                          NaN 
BP_OFF_PATH_MISPREDICT_CORE_0                                   0                          NaN 
BP_OFF_PATH_MISFETCH_CORE_0                                     0                          NaN 
                                                                0                           100%

BP_MISPRED_STALL_CORE_1                                    481817                        481817

BP_RESOLVED_CORE_1                                           4995                          4995

BP_REDIRECT_RESOLVED_CORE_1                                     0                             0

PERFECT_TARGET_PRED_CORE_1                                      0                             0

BP_ON_PATH_CORRECT_CORE_1                                 7493031                       99.9337%
BP_ON_PATH_MISPREDICT_CORE_1                                 4973                     0.0663243%
BP_ON_PATH_MISFETCH_CORE_1                                      0                             0%
                                                          7498004                           100%

BP_OFF_PATH_CORRECT_CORE_1                                      0                          NaN 
BP_OFF_PATH_MISPREDICT_CORE_1                                   0                          NaN 
BP_OFF_PATH_MISFETCH_CORE_1                                     0                          NaN 
                                                                0                           100%

