####################################################################################################
Interval
####################################################################################################
Cumulative:         Cycles:                  20000     Instructions:                  1200
DRAM_PRECHARGE                                              39192                         39192

DRAM_ACTIVATE                                               39200                         39200

DRAM_COLUMN                                                483874                        483874

DRAM_AVG_LATENCY_BASE                                      483874                        483874

DRAM_AVG_LATENCY                                         12112582                       25.0325

BANDWIDTH_TOT                                            30967936                      30967936

DRAM_CHANNEL0_BANDWIDTH_SATURATED                            6903                          6903

DRAM_CHANNEL1_BANDWIDTH_SATURATED                            6162                          6162

DRAM_CHANNEL2_BANDWIDTH_SATURATED                               0                             0

DRAM_CHANNEL3_BANDWIDTH_SATURATED                               0                             0

DRAM_CHANNEL4_BANDWIDTH_SATURATED                               0                             0

DRAM_CHANNEL5_BANDWIDTH_SATURATED                               0                             0

DRAM_CHANNEL6_BANDWIDTH_SATURATED                               0                             0

DRAM_CHANNEL7_BANDWIDTH_SATURATED                               0                             0

DRAM_CHANNEL0_DBUS_IDLE                                  35409519                      35409519

DRAM_CHANNEL1_DBUS_IDLE                                  35414575                      35414575

DRAM_CHANNEL2_DBUS_IDLE                                         0                             0

DRAM_CHANNEL3_DBUS_IDLE                                         0                             0

DRAM_CHANNEL4_DBUS_IDLE                                         0                             0

DRAM_CHANNEL5_DBUS_IDLE                                         0                             0

DRAM_CHANNEL6_DBUS_IDLE                                         0                             0

DRAM_CHANNEL7_DBUS_IDLE                                         0                             0

