Arguments: ./macsim --l3_repl==PDP 
src/macsim.cc:133: (I=0  C=0):  initialize knobs
number of cores : 2
src/macsim.cc:531: (I=0  C=0):  initialize simulation
src/macsim.cc:327: (I=0  C=0):  initialize cores (2/0/0)
src/memory.cc:1695: (I=0  C=0):  Memory system(l2_decoupled_network) has been initialized.
l3_policy: PDP,PDP
0
1
ip_table done
way0=20
way1=12
src/network_ring.cc:107: (I=0  C=0):  TOTAL_ROUTER:4 CPU:2 GPU:0 L3:1 MC:1
src/network_ring.cc:312: (I=0  C=0):  RING topology
0 <-> 1 <-> 2 <-> 3 <-> 
enabling bug detector
src/macsim.cc:748: (I=0  C=0):  Initializing new noc

src/macsim.cc:839: (I=0  C=0):  Clock LCM           : 920
src/macsim.cc:840: (I=0  C=0):  CPU clock frequency : 2.3 GHz
src/macsim.cc:841: (I=0  C=0):  GPU clock frequency : 2.3 GHz
src/macsim.cc:842: (I=0  C=0):  L3  clock frequency : 1 GHz
src/macsim.cc:843: (I=0  C=0):  NOC clock frequency : 1 GHz
src/macsim.cc:844: (I=0  C=0):  MC  clock frequency : 0.8 GHz
src/process_manager.cc:455: (I=0  C=0):  setup_process:0 ../../../../jinku/macsim_traces/astar/trace.txt current_index:0 (1)
src/process_manager.cc:548: (I=0  C=0):  thread_count:1
src/process_manager.cc:455: (I=0  C=0):  setup_process:1 ../../../../jinku/macsim_traces/160810/16MB/trace.txt current_index:0 (1)
src/process_manager.cc:548: (I=0  C=0):  thread_count:1
1000000
2000000
3000000
4000000
** Heartbeat for core[00]:        insts:10000000    cycles:9288256    (371530200) seconds:90    -- 1.08 IPC (1.08 IPC) -- 0.00 KIPS (111.11 KIPS)
** Heartbeat for core[00]:  Thread:0      insts:10000000    cycles:9288256    (371530200) seconds:90    -- 1.08 IPC (1.08 IPC) -- 0.00 KIPS (111.11 KIPS)
5000000
6000000
** Heartbeat for core[01]:        insts:10000000    cycles:13864665   (554586560) seconds:137   -- 0.72 IPC (0.72 IPC) -- 0.00 KIPS (72.99 KIPS)
** Heartbeat for core[01]:  Thread:0      insts:10000000    cycles:13864665   (554586560) seconds:137   -- 0.72 IPC (0.72 IPC) -- 0.00 KIPS (72.99 KIPS)
7000000
8000000
** Heartbeat for core[00]:        insts:20000000    cycles:18414856   (736594200) seconds:183   -- 1.10 IPC (1.09 IPC) -- 107.53 KIPS (109.29 KIPS)
** Heartbeat for core[00]:  Thread:0      insts:20000000    cycles:18414856   (736594200) seconds:183   -- 1.10 IPC (1.09 IPC) -- 107.53 KIPS (109.29 KIPS)
9000000
10000000
11000000
** Heartbeat for core[01]:        insts:20000000    cycles:27151070   (1086042760) seconds:276   -- 0.75 IPC (0.74 IPC) -- 71.94 KIPS (72.46 KIPS)
** Heartbeat for core[01]:  Thread:0      insts:20000000    cycles:27151070   (1086042760) seconds:276   -- 0.75 IPC (0.74 IPC) -- 71.94 KIPS (72.46 KIPS)
** Heartbeat for core[00]:        insts:30000000    cycles:27386110   (1095444360) seconds:278   -- 1.11 IPC (1.10 IPC) -- 105.26 KIPS (107.91 KIPS)
** Heartbeat for core[00]:  Thread:0      insts:30000000    cycles:27386110   (1095444360) seconds:278   -- 1.11 IPC (1.10 IPC) -- 105.26 KIPS (107.91 KIPS)
12000000
13000000
14000000
15000000
** Heartbeat for core[00]:        insts:40000000    cycles:36337984   (1453519320) seconds:378   -- 1.12 IPC (1.10 IPC) -- 100.00 KIPS (105.82 KIPS)
** Heartbeat for core[00]:  Thread:0      insts:40000000    cycles:36337984   (1453519320) seconds:378   -- 1.12 IPC (1.10 IPC) -- 100.00 KIPS (105.82 KIPS)
16000000
17000000
** Heartbeat for core[01]:        insts:30000000    cycles:40425222   (1617008840) seconds:425   -- 0.75 IPC (0.74 IPC) -- 67.11 KIPS (70.59 KIPS)
** Heartbeat for core[01]:  Thread:0      insts:30000000    cycles:40425222   (1617008840) seconds:425   -- 0.75 IPC (0.74 IPC) -- 67.11 KIPS (70.59 KIPS)
18000000
19000000
** Heartbeat for core[00]:        insts:50000000    cycles:45364804   (1814592120) seconds:483   -- 1.11 IPC (1.10 IPC) -- 95.24 KIPS (103.52 KIPS)
** Heartbeat for core[00]:  Thread:0      insts:50000000    cycles:45364804   (1814592120) seconds:483   -- 1.11 IPC (1.10 IPC) -- 95.24 KIPS (103.52 KIPS)
20000000
21000000
22000000
23000000
** Heartbeat for core[01]:        insts:40000000    cycles:53830529   (2153221120) seconds:576   -- 0.75 IPC (0.74 IPC) -- 66.23 KIPS (69.44 KIPS)
** Heartbeat for core[01]:  Thread:0      insts:40000000    cycles:53830529   (2153221120) seconds:576   -- 0.75 IPC (0.74 IPC) -- 66.23 KIPS (69.44 KIPS)
24000000
** Heartbeat for core[00]:        insts:60000000    cycles:55272051   (2210882000) seconds:590   -- 1.01 IPC (1.09 IPC) -- 93.46 KIPS (101.69 KIPS)
** Heartbeat for core[00]:  Thread:0      insts:60000000    cycles:55272051   (2210882000) seconds:590   -- 1.01 IPC (1.09 IPC) -- 93.46 KIPS (101.69 KIPS)
25000000
26000000
27000000
28000000
29000000
30000000
30000000: 30m cycle
[]12832
0:78:0.050003
way:20
[]96173
1:1023:0.00427137
way:12
** Heartbeat for core[01]:        insts:50000000    cycles:71284397   (2851375840) seconds:749   -- 0.57 IPC (0.70 IPC) -- 57.80 KIPS (66.76 KIPS)
** Heartbeat for core[01]:  Thread:0      insts:50000000    cycles:71284397   (2851375840) seconds:749   -- 0.57 IPC (0.70 IPC) -- 57.80 KIPS (66.76 KIPS)
31000000
32000000
33000000
34000000
** Heartbeat for core[00]:        insts:70000000    cycles:79713095   (3188523760) seconds:834   -- 0.41 IPC (0.88 IPC) -- 40.98 KIPS (83.93 KIPS)
** Heartbeat for core[00]:  Thread:0      insts:70000000    cycles:79713095   (3188523760) seconds:834   -- 0.41 IPC (0.88 IPC) -- 40.98 KIPS (83.93 KIPS)
35000000
36000000
37000000
38000000
** Heartbeat for core[01]:        insts:60000000    cycles:88737283   (3549491280) seconds:928   -- 0.57 IPC (0.68 IPC) -- 55.87 KIPS (64.66 KIPS)
** Heartbeat for core[01]:  Thread:0      insts:60000000    cycles:88737283   (3549491280) seconds:928   -- 0.57 IPC (0.68 IPC) -- 55.87 KIPS (64.66 KIPS)
39000000
40000000
41000000
42000000
43000000
44000000
45000000
** Heartbeat for core[00]:        insts:80000000    cycles:104731201  (4189248000) seconds:1099  -- 0.40 IPC (0.76 IPC) -- 37.74 KIPS (72.79 KIPS)
** Heartbeat for core[00]:  Thread:0      insts:80000000    cycles:104731201  (4189248000) seconds:1099  -- 0.40 IPC (0.76 IPC) -- 37.74 KIPS (72.79 KIPS)
46000000
** Heartbeat for core[01]:        insts:70000000    cycles:106201565  (4248062560) seconds:1115  -- 0.57 IPC (0.66 IPC) -- 53.48 KIPS (62.78 KIPS)
** Heartbeat for core[01]:  Thread:0      insts:70000000    cycles:106201565  (4248062560) seconds:1115  -- 0.57 IPC (0.66 IPC) -- 53.48 KIPS (62.78 KIPS)
**Core 00 Core_Total  Finished:   insts:81060189    cycles:107374184  (4294967320) seconds:1129  -- 0.75 IPC (0.75 IPC) --  N/A  KHz (71.80 KHz)
**Core 00 Thread 00 Finished:   insts:81060189    cycles:107374184  (4294967320)  seconds:1129  -- 0.75 IPC (0.75 IPC) --  N/A  KHz (71.80 KHz) 
**Core 01 Core_Total  Finished:   insts:71065777    cycles:107374184  (4294967320) seconds:1129  -- 0.66 IPC (0.66 IPC) --  N/A  KHz (62.95 KHz)
**Core 01 Thread 00 Finished:   insts:71065777    cycles:107374184  (4294967320)  seconds:1129  -- 0.66 IPC (0.66 IPC) --  N/A  KHz (62.95 KHz) 
src/macsim.cc:617: (I=81060189  C=4294967361):  finalize simulation
src/macsim.cc:623: (I=81060189  C=4294967361):  elapsed time:1128.4 seconds
Done
