####################################################################################################
Interval
####################################################################################################
Cumulative:         Cycles:                  20000     Instructions:                  1200
TOTAL_PACKET_CPU                                          3352131                       3352131

TOTAL_PACKET_GPU                                                0                             0

NOC_AVG_LATENCY_BASE                                      3352131                       3352131

NOC_AVG_LATENCY_BASE_CPU                                  3352131                       3352131

NOC_AVG_LATENCY_BASE_GPU                                        0                             0

NOC_AVG_LATENCY                                          36501017                       10.8889

NOC_AVG_LATENCY_CPU                                      36501017                       10.8889

NOC_AVG_LATENCY_GPU                                             0                           NaN

NOC_AVG_ACTIVE_PACKET_BASE                                3352131                       3352131

NOC_AVG_ACTIVE_PACKET_BASE_CPU                            3352131                       3352131

NOC_AVG_ACTIVE_PACKET_BASE_GPU                                  0                             0

NOC_AVG_ACTIVE_PACKET                                     5162655                       1.54011

NOC_AVG_ACTIVE_PACKET_CPU                                 5162655                       1.54011

NOC_AVG_ACTIVE_PACKET_GPU                                       0                           NaN

NOC_IDLE_CHANNEL                                                0                             0

NOC_IDLE_CHANNEL_CPU                                            0                             0

NOC_IDLE_CHANNEL_GPU                                            0                             0

NOC_IDLE_CHANNEL_L3                                             0                             0

NOC_IDLE_CHANNEL_MC                                             0                             0

NOC_AVG_WAIT_IN_ROUTER_BASE                               8119391                       8119391

NOC_AVG_WAIT_IN_ROUTER_BASE_CPU                           3141811                       3141811

NOC_AVG_WAIT_IN_ROUTER_BASE_GPU                                 0                             0

NOC_AVG_WAIT_IN_ROUTER_BASE_L3                            3352131                       3352131

NOC_AVG_WAIT_IN_ROUTER_BASE_MC                            1625449                       1625449

NOC_AVG_WAIT_IN_ROUTER                                   66982828                       8.24974

NOC_AVG_WAIT_IN_ROUTER_CPU                               25296011                       8.05141

NOC_AVG_WAIT_IN_ROUTER_GPU                                      0                           NaN

NOC_AVG_WAIT_IN_ROUTER_L3                                26964593                       8.04401

NOC_AVG_WAIT_IN_ROUTER_MC                                14722224                       9.05733

NOC_LINK_ACTIVE                                          14303740                      14303740

