Arguments: ./macsim --l3_repl==PDP 
src/macsim.cc:133: (I=0  C=0):  initialize knobs
number of cores : 2
src/macsim.cc:531: (I=0  C=0):  initialize simulation
src/macsim.cc:327: (I=0  C=0):  initialize cores (2/0/0)
src/memory.cc:1695: (I=0  C=0):  Memory system(l2_decoupled_network) has been initialized.
l3_policy: PDP,PDP
0
1
ip_table done
set num:2048
src/network_ring.cc:107: (I=0  C=0):  TOTAL_ROUTER:4 CPU:2 GPU:0 L3:1 MC:1
src/network_ring.cc:312: (I=0  C=0):  RING topology
0 <-> 1 <-> 2 <-> 3 <-> 
enabling bug detector
src/macsim.cc:748: (I=0  C=0):  Initializing new noc

src/macsim.cc:839: (I=0  C=0):  Clock LCM           : 920
src/macsim.cc:840: (I=0  C=0):  CPU clock frequency : 2.3 GHz
src/macsim.cc:841: (I=0  C=0):  GPU clock frequency : 2.3 GHz
src/macsim.cc:842: (I=0  C=0):  L3  clock frequency : 1 GHz
src/macsim.cc:843: (I=0  C=0):  NOC clock frequency : 1 GHz
src/macsim.cc:844: (I=0  C=0):  MC  clock frequency : 0.8 GHz
src/process_manager.cc:455: (I=0  C=0):  setup_process:0 ../../../../jinku/macsim_traces/astar/trace.txt current_index:0 (1)
src/process_manager.cc:548: (I=0  C=0):  thread_count:1
src/process_manager.cc:455: (I=0  C=0):  setup_process:1 ../../../trace_0409_2017/BWC1/BWC1_ori/trace.txt current_index:0 (1)
src/process_manager.cc:548: (I=0  C=0):  thread_count:1
1000000
2000000
3000000
4000000
** Heartbeat for core[00]:        insts:10000000    cycles:9336754    (373470120) seconds:93    -- 1.07 IPC (1.07 IPC) -- 0.00 KIPS (107.53 KIPS)
** Heartbeat for core[00]:  Thread:0      insts:10000000    cycles:9336754    (373470120) seconds:93    -- 1.07 IPC (1.07 IPC) -- 0.00 KIPS (107.53 KIPS)
5000000
6000000
** Heartbeat for core[01]:        insts:10000000    cycles:13880818   (555232680) seconds:140   -- 0.72 IPC (0.72 IPC) -- 0.00 KIPS (71.43 KIPS)
** Heartbeat for core[01]:  Thread:0      insts:10000000    cycles:13880818   (555232680) seconds:140   -- 0.72 IPC (0.72 IPC) -- 0.00 KIPS (71.43 KIPS)
7000000
8000000
** Heartbeat for core[00]:        insts:20000000    cycles:18552300   (742091960) seconds:188   -- 1.09 IPC (1.08 IPC) -- 105.26 KIPS (106.38 KIPS)
** Heartbeat for core[00]:  Thread:0      insts:20000000    cycles:18552300   (742091960) seconds:188   -- 1.09 IPC (1.08 IPC) -- 105.26 KIPS (106.38 KIPS)
9000000
10000000
11000000
** Heartbeat for core[01]:        insts:20000000    cycles:27183017   (1087320640) seconds:280   -- 0.75 IPC (0.74 IPC) -- 71.43 KIPS (71.43 KIPS)
** Heartbeat for core[01]:  Thread:0      insts:20000000    cycles:27183017   (1087320640) seconds:280   -- 0.75 IPC (0.74 IPC) -- 71.43 KIPS (71.43 KIPS)
12000000
** Heartbeat for core[00]:        insts:30000000    cycles:27612750   (1104509960) seconds:285   -- 1.10 IPC (1.09 IPC) -- 103.09 KIPS (105.26 KIPS)
** Heartbeat for core[00]:  Thread:0      insts:30000000    cycles:27612750   (1104509960) seconds:285   -- 1.10 IPC (1.09 IPC) -- 103.09 KIPS (105.26 KIPS)
13000000
14000000
15000000
** Heartbeat for core[00]:        insts:40000000    cycles:36650857   (1466034240) seconds:385   -- 1.11 IPC (1.09 IPC) -- 100.00 KIPS (103.90 KIPS)
** Heartbeat for core[00]:  Thread:0      insts:40000000    cycles:36650857   (1466034240) seconds:385   -- 1.11 IPC (1.09 IPC) -- 100.00 KIPS (103.90 KIPS)
16000000
17000000
** Heartbeat for core[01]:        insts:30000000    cycles:40470282   (1618811240) seconds:430   -- 0.75 IPC (0.74 IPC) -- 66.67 KIPS (69.77 KIPS)
** Heartbeat for core[01]:  Thread:0      insts:30000000    cycles:40470282   (1618811240) seconds:430   -- 0.75 IPC (0.74 IPC) -- 66.67 KIPS (69.77 KIPS)
18000000
19000000
** Heartbeat for core[00]:        insts:50000000    cycles:45800905   (1832036160) seconds:492   -- 1.09 IPC (1.09 IPC) -- 93.46 KIPS (101.63 KIPS)
** Heartbeat for core[00]:  Thread:0      insts:50000000    cycles:45800905   (1832036160) seconds:492   -- 1.09 IPC (1.09 IPC) -- 93.46 KIPS (101.63 KIPS)
20000000
20000000: 40m cycle
1:186402 , 0
2:16147 , 154
3:1505 , 36
4:260 , 6
5:205 , 9
6:143 , 3
7:144 , 0
8:98 , 2
9:111 , 1
10:94 , 5
11:82 , 2
12:47 , 2
13:45 , 0
14:26 , 0
15:37 , 1
16:46 , 1
17:141 , 1
18:261 , 1
19:461 , 21
20:705 , 27
21:757 , 34
22:696 , 36
23:543 , 24
24:419 , 16
25:212 , 8
26:89 , 5
27:74 , 0
28:58 , 2
29:48 , 1
30:31 , 0
31:24 , 1
32:25 , 1
33:26 , 0
34:23 , 0
35:17 , 1
36:12 , 0
37:21 , 0
38:22 , 1
39:11 , 1
40:15 , 1
41:18 , 2
42:18 , 3
43:17 , 1
44:9 , 0
45:19 , 0
46:13 , 0
47:13 , 0
48:10 , 0
49:10 , 0
50:12 , 0
51:6 , 0
52:6 , 0
53:10 , 0
54:8 , 0
55:6 , 0
56:2 , 0
57:7 , 0
58:4 , 0
59:9 , 0
60:8 , 0
61:6 , 0
62:7 , 0
63:6 , 1
64:8 , 0
65:4 , 0
66:2 , 0
67:6 , 0
68:9 , 0
69:5 , 0
70:5 , 0
71:4 , 0
72:3 , 0
73:6 , 0
74:0 , 0
75:5 , 0
76:7 , 0
77:3 , 0
78:3 , 0
79:5 , 0
80:8 , 0
81:3 , 0
82:0 , 0
83:5 , 0
84:3 , 0
85:3 , 0
86:4 , 0
87:4 , 0
88:4 , 0
89:5 , 0
90:0 , 0
91:1 , 0
92:1 , 0
93:3 , 0
94:7 , 0
95:3 , 0
96:6 , 0
97:1 , 0
98:0 , 0
99:0 , 0
100:3 , 0
101:1 , 0
102:3 , 0
103:2 , 0
104:5 , 0
105:2 , 1
106:2 , 0
107:0 , 0
108:2 , 0
109:1 , 0
110:0 , 0
111:2 , 0
112:2 , 0
113:2 , 0
114:5 , 0
115:0 , 0
116:1 , 0
117:0 , 0
118:3 , 0
119:0 , 0
120:2 , 0
121:0 , 0
122:1 , 0
123:0 , 0
124:1 , 0
125:1 , 0
126:2 , 0
127:2 , 0
128:4 , 0
129:3 , 1
130:0 , 0
131:1 , 0
132:3 , 0
133:1 , 0
134:1 , 0
135:3 , 1
136:1 , 0
137:1 , 0
138:0 , 0
139:1 , 0
140:1 , 0
141:1 , 0
142:1 , 0
143:0 , 0
144:0 , 0
145:0 , 0
146:0 , 0
147:4 , 0
148:0 , 0
149:3 , 0
150:0 , 0
151:1 , 0
152:1 , 0
153:2 , 0
154:1 , 0
155:1 , 0
156:0 , 0
157:1 , 0
158:1 , 0
159:0 , 0
160:0 , 0
161:1 , 0
162:0 , 0
163:1 , 0
164:0 , 0
165:0 , 0
166:0 , 0
167:0 , 0
168:0 , 0
169:1 , 0
170:1 , 0
171:0 , 0
172:0 , 0
173:1 , 0
174:1 , 0
175:1 , 0
176:1 , 0
177:0 , 0
178:0 , 0
179:0 , 0
180:0 , 0
181:1 , 0
182:1 , 0
183:0 , 0
184:0 , 0
185:0 , 0
186:0 , 0
187:1 , 0
188:1 , 0
189:0 , 0
190:0 , 0
191:0 , 0
192:0 , 0
193:0 , 0
194:1 , 0
195:0 , 0
196:0 , 0
197:1 , 0
198:0 , 0
199:0 , 0
200:0 , 0
201:2 , 0
202:0 , 0
203:0 , 0
204:1 , 0
205:0 , 0
206:0 , 0
207:0 , 0
208:1 , 0
209:4 , 0
210:2 , 0
211:3 , 0
212:0 , 0
213:0 , 0
214:2 , 0
215:2 , 0
216:0 , 0
217:0 , 0
218:1 , 0
219:0 , 0
220:0 , 0
221:0 , 0
222:0 , 0
223:1 , 0
224:0 , 0
225:0 , 0
226:0 , 0
227:0 , 0
228:0 , 0
229:0 , 0
230:0 , 0
231:0 , 0
232:0 , 0
233:0 , 0
234:0 , 0
235:1 , 0
236:0 , 0
237:0 , 0
238:0 , 0
239:0 , 0
240:0 , 0
241:0 , 0
242:0 , 0
243:0 , 0
244:0 , 0
245:0 , 0
246:1 , 0
247:0 , 0
248:1 , 0
249:0 , 0
250:0 , 0
251:0 , 0
252:0 , 0
253:0 , 0
254:0 , 0
255:0 , 0
256:0 , 0
257:0 , 0
258:0 , 0
259:0 , 0
260:0 , 0
261:0 , 0
262:1 , 0
263:0 , 0
264:0 , 0
265:0 , 0
266:0 , 0
267:0 , 0
268:0 , 0
269:1 , 0
270:0 , 0
271:0 , 0
272:1 , 0
273:0 , 0
274:0 , 0
275:0 , 0
276:0 , 0
277:0 , 0
278:0 , 0
279:0 , 0
280:0 , 0
281:0 , 0
282:0 , 0
283:0 , 0
284:0 , 0
285:0 , 0
286:0 , 0
287:0 , 0
288:0 , 0
289:0 , 0
290:0 , 0
291:0 , 0
292:0 , 0
293:0 , 0
294:1 , 0
295:0 , 0
296:0 , 0
297:0 , 0
298:0 , 0
299:0 , 0
300:0 , 0
301:0 , 0
302:0 , 0
303:0 , 0
304:0 , 0
305:0 , 0
306:0 , 0
307:0 , 0
308:1 , 0
309:0 , 0
310:0 , 0
311:0 , 0
312:0 , 0
313:0 , 0
314:0 , 0
315:0 , 0
316:0 , 0
317:0 , 0
318:0 , 0
319:0 , 0
320:0 , 0
321:0 , 0
322:0 , 0
323:0 , 0
324:0 , 0
325:0 , 0
326:0 , 0
327:0 , 0
328:0 , 0
329:0 , 0
330:0 , 0
331:0 , 0
332:0 , 0
333:0 , 0
334:0 , 0
335:0 , 0
336:0 , 0
337:0 , 0
338:0 , 0
339:0 , 0
340:0 , 0
341:1 , 0
342:0 , 0
343:0 , 0
344:0 , 0
345:0 , 0
346:0 , 0
347:0 , 0
348:0 , 0
349:0 , 0
350:0 , 0
351:0 , 0
352:0 , 0
353:0 , 0
354:0 , 0
355:0 , 0
356:0 , 0
357:0 , 0
358:0 , 0
359:0 , 0
360:0 , 0
361:0 , 0
362:0 , 0
363:0 , 0
364:0 , 0
365:0 , 0
366:0 , 0
367:0 , 0
368:0 , 0
369:0 , 0
370:0 , 0
371:0 , 0
372:0 , 0
373:0 , 0
374:0 , 0
375:0 , 0
376:0 , 0
377:0 , 0
378:0 , 0
379:0 , 0
380:0 , 0
381:0 , 0
382:0 , 0
383:0 , 0
384:0 , 0
385:0 , 0
386:0 , 0
387:0 , 0
388:0 , 0
389:0 , 0
390:0 , 0
391:0 , 0
392:0 , 0
393:0 , 0
394:0 , 0
395:0 , 0
396:0 , 0
397:0 , 0
398:0 , 0
399:0 , 0
400:1 , 0
401:0 , 0
402:0 , 0
403:0 , 0
404:0 , 0
405:0 , 0
406:0 , 0
407:0 , 0
408:0 , 0
409:0 , 0
410:0 , 0
411:0 , 0
412:0 , 0
413:0 , 0
414:0 , 0
415:0 , 0
416:0 , 0
417:0 , 0
418:0 , 0
419:0 , 0
420:0 , 0
421:0 , 0
422:0 , 0
423:0 , 0
424:0 , 0
425:0 , 0
426:0 , 0
427:0 , 0
428:0 , 0
429:0 , 0
430:0 , 0
431:0 , 0
432:0 , 0
433:0 , 0
434:0 , 0
435:0 , 0
436:0 , 0
437:0 , 0
438:0 , 0
439:0 , 0
440:0 , 0
441:0 , 0
442:0 , 0
443:0 , 0
444:0 , 0
445:0 , 0
446:0 , 0
447:0 , 0
448:0 , 0
449:0 , 0
450:0 , 0
451:0 , 0
452:0 , 0
453:0 , 0
454:0 , 0
455:0 , 0
456:0 , 0
457:0 , 0
458:0 , 0
459:0 , 0
460:0 , 0
461:0 , 0
462:0 , 0
463:0 , 0
464:0 , 0
465:0 , 0
466:0 , 0
467:0 , 0
468:0 , 0
469:0 , 0
470:0 , 0
471:0 , 0
472:0 , 0
473:0 , 0
474:0 , 0
475:0 , 0
476:0 , 0
477:0 , 0
478:0 , 0
479:0 , 0
480:0 , 0
481:0 , 0
482:0 , 0
483:0 , 0
484:0 , 0
485:0 , 0
486:0 , 0
487:0 , 0
488:0 , 0
489:0 , 0
490:0 , 0
491:0 , 0
492:0 , 0
493:0 , 0
494:0 , 0
495:0 , 0
496:0 , 0
497:0 , 0
498:0 , 0
499:0 , 0
500:0 , 0
501:0 , 0
502:0 , 0
503:0 , 0
504:0 , 0
505:0 , 0
506:0 , 0
507:0 , 0
508:0 , 0
509:0 , 0
510:0 , 0
511:0 , 0
512:0 , 0
513:0 , 0
514:0 , 0
515:0 , 0
516:0 , 0
517:0 , 0
518:0 , 0
519:0 , 0
520:0 , 0
521:0 , 0
522:0 , 0
523:0 , 0
524:0 , 0
525:0 , 0
526:0 , 0
527:0 , 0
528:0 , 0
529:0 , 0
530:0 , 0
531:0 , 0
532:0 , 0
533:1 , 0
534:0 , 0
535:0 , 0
536:0 , 0
537:0 , 0
538:0 , 0
539:0 , 0
540:0 , 0
541:0 , 0
542:0 , 0
543:0 , 0
544:0 , 0
545:0 , 0
546:0 , 0
547:0 , 0
548:0 , 0
549:0 , 0
550:0 , 0
551:0 , 0
552:0 , 0
553:0 , 0
554:0 , 0
555:0 , 0
556:0 , 0
557:0 , 0
558:0 , 0
559:0 , 0
560:0 , 0
561:0 , 0
562:0 , 0
563:0 , 0
564:0 , 0
565:0 , 0
566:0 , 0
567:0 , 0
568:0 , 0
569:0 , 0
570:0 , 0
571:0 , 0
572:0 , 0
573:0 , 0
574:0 , 0
575:0 , 0
576:0 , 0
577:0 , 0
578:0 , 0
579:0 , 0
580:0 , 0
581:0 , 0
582:0 , 0
583:0 , 0
584:0 , 0
585:0 , 0
586:0 , 0
587:0 , 0
588:0 , 0
589:0 , 0
590:0 , 0
591:0 , 0
592:0 , 0
593:0 , 0
594:0 , 0
595:0 , 0
596:0 , 0
597:0 , 0
598:0 , 0
599:0 , 0
600:0 , 0
601:0 , 0
602:0 , 0
603:0 , 0
604:0 , 0
605:0 , 0
606:0 , 0
607:0 , 0
608:0 , 0
609:0 , 0
610:0 , 0
611:0 , 0
612:0 , 0
613:0 , 0
614:0 , 0
615:0 , 0
616:0 , 0
617:0 , 0
618:0 , 0
619:0 , 0
620:0 , 0
621:0 , 0
622:0 , 0
623:0 , 0
624:0 , 0
625:0 , 0
626:0 , 0
627:0 , 0
628:0 , 0
629:0 , 0
630:0 , 0
631:0 , 0
632:0 , 0
633:0 , 0
634:0 , 0
635:0 , 0
636:0 , 0
637:0 , 0
638:0 , 0
639:0 , 0
640:0 , 0
641:0 , 0
642:0 , 0
643:0 , 0
644:0 , 0
645:0 , 0
646:0 , 0
647:0 , 0
648:0 , 0
649:0 , 0
650:0 , 0
651:0 , 0
652:0 , 0
653:0 , 0
654:0 , 0
655:0 , 0
656:0 , 0
657:0 , 0
658:0 , 0
659:0 , 0
660:0 , 0
661:0 , 0
662:0 , 0
663:0 , 0
664:0 , 0
665:0 , 0
666:0 , 0
667:0 , 0
668:0 , 0
669:0 , 0
670:0 , 0
671:0 , 0
672:0 , 0
673:0 , 0
674:0 , 0
675:0 , 0
676:0 , 0
677:0 , 0
678:0 , 0
679:0 , 0
680:0 , 0
681:0 , 0
682:0 , 0
683:0 , 0
684:0 , 0
685:0 , 0
686:0 , 0
687:0 , 0
688:0 , 0
689:0 , 0
690:0 , 0
691:0 , 0
692:0 , 0
693:0 , 0
694:0 , 0
695:0 , 0
696:0 , 0
697:0 , 0
698:0 , 0
699:0 , 0
700:0 , 0
701:0 , 0
702:0 , 0
703:0 , 0
704:0 , 0
705:0 , 0
706:0 , 0
707:0 , 0
708:0 , 0
709:0 , 0
710:0 , 0
711:0 , 0
712:0 , 0
713:0 , 0
714:0 , 0
715:0 , 0
716:0 , 0
717:0 , 0
718:0 , 0
719:0 , 0
720:0 , 0
721:0 , 0
722:0 , 0
723:0 , 0
724:0 , 0
725:0 , 0
726:0 , 0
727:0 , 0
728:0 , 0
729:0 , 0
730:0 , 0
731:0 , 0
732:0 , 0
733:0 , 0
734:0 , 0
735:0 , 0
736:0 , 0
737:0 , 0
738:0 , 0
739:0 , 0
740:0 , 0
741:0 , 0
742:0 , 0
743:0 , 0
744:0 , 0
745:0 , 0
746:0 , 0
747:0 , 0
748:0 , 0
749:0 , 0
750:0 , 0
751:0 , 0
752:0 , 0
753:0 , 0
754:0 , 0
755:0 , 0
756:0 , 0
757:0 , 0
758:0 , 0
759:0 , 0
760:0 , 0
761:0 , 0
762:0 , 0
763:0 , 0
764:0 , 0
765:0 , 0
766:0 , 0
767:0 , 0
768:0 , 0
769:0 , 0
770:0 , 0
771:0 , 0
772:0 , 0
773:0 , 0
774:0 , 0
775:0 , 0
776:0 , 0
777:0 , 0
778:0 , 0
779:0 , 0
780:0 , 0
781:0 , 0
782:0 , 0
783:0 , 0
784:0 , 0
785:0 , 0
786:0 , 0
787:0 , 0
788:0 , 0
789:0 , 0
790:0 , 0
791:0 , 0
792:0 , 0
793:0 , 0
794:0 , 0
795:0 , 0
796:0 , 0
797:0 , 0
798:0 , 0
799:0 , 0
800:0 , 0
801:0 , 0
802:0 , 0
803:0 , 0
804:0 , 0
805:0 , 0
806:0 , 0
807:0 , 0
808:0 , 0
809:0 , 0
810:0 , 0
811:0 , 0
812:0 , 0
813:0 , 0
814:0 , 0
815:0 , 0
816:0 , 0
817:0 , 0
818:0 , 0
819:0 , 0
820:0 , 0
821:0 , 0
822:0 , 0
823:0 , 0
824:0 , 0
825:0 , 0
826:0 , 0
827:0 , 0
828:0 , 0
829:0 , 0
830:0 , 0
831:0 , 0
832:0 , 0
833:0 , 0
834:0 , 0
835:0 , 0
836:0 , 0
837:0 , 0
838:0 , 0
839:0 , 0
840:0 , 0
841:0 , 0
842:0 , 0
843:0 , 0
844:0 , 0
845:0 , 0
846:0 , 0
847:0 , 0
848:0 , 0
849:0 , 0
850:0 , 0
851:0 , 0
852:0 , 0
853:0 , 0
854:0 , 0
855:0 , 0
856:0 , 0
857:0 , 0
858:0 , 0
859:0 , 0
860:0 , 0
861:0 , 0
862:0 , 0
863:0 , 0
864:0 , 0
865:0 , 0
866:0 , 0
867:0 , 0
868:0 , 0
869:0 , 0
870:0 , 0
871:0 , 0
872:0 , 0
873:0 , 0
874:0 , 0
875:0 , 0
876:0 , 0
877:0 , 0
878:0 , 0
879:0 , 0
880:0 , 0
881:0 , 0
882:0 , 0
883:0 , 0
884:0 , 0
885:0 , 0
886:0 , 0
887:0 , 0
888:0 , 0
889:0 , 0
890:0 , 0
891:0 , 0
892:0 , 0
893:0 , 0
894:0 , 0
895:0 , 0
896:0 , 0
897:0 , 0
898:0 , 0
899:0 , 0
900:0 , 0
901:0 , 0
902:0 , 0
903:0 , 0
904:0 , 0
905:0 , 0
906:0 , 0
907:0 , 0
908:0 , 0
909:0 , 0
910:0 , 0
911:0 , 0
912:0 , 0
913:0 , 0
914:0 , 0
915:0 , 0
916:0 , 0
917:0 , 0
918:0 , 0
919:0 , 0
920:0 , 0
921:0 , 0
922:0 , 0
923:0 , 0
924:0 , 0
925:0 , 0
926:0 , 0
927:0 , 0
928:0 , 0
929:0 , 0
930:0 , 0
931:0 , 0
932:0 , 0
933:0 , 0
934:0 , 0
935:0 , 0
936:0 , 0
937:0 , 0
938:0 , 0
939:0 , 0
940:0 , 0
941:0 , 0
942:0 , 0
943:0 , 0
944:0 , 0
945:0 , 0
946:0 , 0
947:0 , 0
948:0 , 0
949:0 , 0
950:0 , 0
951:0 , 0
952:0 , 0
953:0 , 0
954:0 , 0
955:0 , 0
956:0 , 0
957:0 , 0
958:0 , 0
959:0 , 0
960:0 , 0
961:0 , 0
962:0 , 0
963:0 , 0
964:0 , 0
965:0 , 0
966:0 , 0
967:0 , 0
968:0 , 0
969:0 , 0
970:0 , 0
971:0 , 0
972:0 , 0
973:0 , 0
974:0 , 0
975:0 , 0
976:0 , 0
977:0 , 0
978:0 , 0
979:0 , 0
980:0 , 0
981:0 , 0
982:0 , 0
983:0 , 0
984:0 , 0
985:0 , 0
986:0 , 0
987:0 , 0
988:0 , 0
989:0 , 0
990:0 , 0
991:0 , 0
992:0 , 0
993:0 , 0
994:0 , 0
995:0 , 0
996:0 , 0
997:0 , 0
998:0 , 0
999:0 , 0
1000:0 , 0
1001:0 , 0
1002:0 , 0
1003:0 , 0
1004:0 , 0
1005:0 , 0
1006:0 , 0
1007:0 , 0
1008:0 , 0
1009:0 , 0
1010:0 , 0
1011:0 , 0
1012:0 , 0
1013:0 , 0
1014:0 , 0
1015:0 , 0
1016:0 , 0
1017:0 , 0
1018:0 , 0
1019:0 , 0
1020:0 , 0
1021:0 , 0
1022:0 , 0
1023:0 , 0
1:195 , 0
2:100 , 83
3:27 , 19
4:8 , 7
5:0 , 0
6:2 , 2
7:1 , 1
8:1 , 1
9:3 , 3
10:0 , 0
11:1 , 1
12:0 , 0
13:1 , 1
14:0 , 0
15:2 , 1
16:2 , 1
17:5 , 4
18:0 , 0
19:0 , 0
20:1 , 0
21:0 , 0
22:1 , 1
23:2 , 2
24:5 , 4
25:0 , 0
26:1 , 0
27:0 , 0
28:1 , 0
29:0 , 0
30:0 , 0
31:0 , 0
32:0 , 0
33:0 , 0
34:0 , 0
35:0 , 0
36:0 , 0
37:0 , 0
38:0 , 0
39:0 , 0
40:0 , 0
41:0 , 0
42:0 , 0
43:0 , 0
44:0 , 0
45:0 , 0
46:0 , 0
47:0 , 0
48:0 , 0
49:0 , 0
50:0 , 0
51:0 , 0
52:0 , 0
53:0 , 0
54:0 , 0
55:0 , 0
56:0 , 0
57:0 , 0
58:0 , 0
59:0 , 0
60:0 , 0
61:0 , 0
62:0 , 0
63:0 , 0
64:0 , 0
65:0 , 0
66:0 , 0
67:0 , 0
68:0 , 0
69:0 , 0
70:0 , 0
71:0 , 0
72:0 , 0
73:0 , 0
74:0 , 0
75:0 , 0
76:0 , 0
77:0 , 0
78:0 , 0
79:0 , 0
80:0 , 0
81:0 , 0
82:0 , 0
83:0 , 0
84:0 , 0
85:0 , 0
86:0 , 0
87:0 , 0
88:0 , 0
89:0 , 0
90:0 , 0
91:0 , 0
92:0 , 0
93:0 , 0
94:0 , 0
95:0 , 0
96:0 , 0
97:0 , 0
98:0 , 0
99:0 , 0
100:0 , 0
101:0 , 0
102:0 , 0
103:0 , 0
104:0 , 0
105:0 , 0
106:0 , 0
107:0 , 0
108:0 , 0
109:0 , 0
110:0 , 0
111:0 , 0
112:0 , 0
113:0 , 0
114:0 , 0
115:0 , 0
116:0 , 0
117:7 , 7
118:10 , 10
119:38 , 38
120:127 , 127
121:180 , 180
122:370 , 370
123:399 , 399
124:388 , 388
125:344 , 344
126:293 , 293
127:213 , 213
128:181 , 181
129:109 , 109
130:98 , 98
131:55 , 55
132:69 , 69
133:69 , 69
134:65 , 65
135:37 , 37
136:63 , 63
137:39 , 39
138:36 , 36
139:34 , 34
140:23 , 23
141:32 , 32
142:23 , 23
143:19 , 19
144:31 , 31
145:37 , 37
146:27 , 27
147:42 , 43
148:33 , 32
149:45 , 45
150:27 , 27
151:28 , 28
152:15 , 15
153:26 , 26
154:18 , 18
155:17 , 17
156:34 , 34
157:15 , 15
158:23 , 23
159:14 , 14
160:9 , 9
161:21 , 21
162:11 , 11
163:20 , 20
164:21 , 21
165:22 , 22
166:9 , 9
167:18 , 18
168:22 , 22
169:15 , 15
170:8 , 8
171:12 , 12
172:9 , 9
173:21 , 21
174:9 , 9
175:13 , 13
176:20 , 20
177:26 , 26
178:1 , 1
179:15 , 15
180:28 , 28
181:11 , 11
182:20 , 20
183:17 , 17
184:6 , 6
185:16 , 16
186:21 , 21
187:24 , 24
188:21 , 21
189:15 , 15
190:9 , 9
191:11 , 11
192:12 , 12
193:14 , 14
194:18 , 18
195:16 , 16
196:17 , 17
197:18 , 18
198:22 , 22
199:18 , 18
200:23 , 23
201:9 , 9
202:3 , 3
203:10 , 10
204:4 , 4
205:12 , 12
206:6 , 6
207:7 , 7
208:8 , 8
209:12 , 12
210:7 , 7
211:6 , 6
212:21 , 21
213:9 , 9
214:7 , 7
215:19 , 19
216:9 , 9
217:12 , 12
218:8 , 8
219:7 , 7
220:15 , 15
221:10 , 10
222:18 , 18
223:13 , 13
224:11 , 11
225:6 , 6
226:8 , 8
227:17 , 17
228:7 , 7
229:13 , 13
230:15 , 15
231:16 , 16
232:23 , 23
233:2 , 2
234:10 , 10
235:14 , 14
236:8 , 8
237:14 , 14
238:8 , 8
239:16 , 16
240:12 , 12
241:14 , 14
242:8 , 8
243:14 , 14
244:7 , 7
245:9 , 9
246:7 , 7
247:16 , 16
248:10 , 10
249:22 , 22
250:7 , 7
251:10 , 10
252:13 , 13
253:14 , 14
254:27 , 27
255:24 , 24
256:13 , 13
257:20 , 20
258:13 , 13
259:11 , 11
260:17 , 17
261:15 , 15
262:21 , 21
263:7 , 8
264:11 , 10
265:19 , 19
266:4 , 4
267:13 , 13
268:13 , 13
269:8 , 8
270:8 , 8
271:6 , 6
272:8 , 8
273:9 , 9
274:6 , 6
275:4 , 4
276:13 , 13
277:18 , 18
278:11 , 11
279:17 , 17
280:3 , 3
281:6 , 6
282:3 , 3
283:7 , 7
284:12 , 12
285:8 , 8
286:19 , 19
287:8 , 8
288:9 , 9
289:10 , 10
290:15 , 15
291:8 , 8
292:3 , 3
293:5 , 5
294:7 , 7
295:9 , 9
296:9 , 9
297:11 , 11
298:6 , 6
299:9 , 9
300:13 , 13
301:3 , 3
302:12 , 12
303:9 , 9
304:1 , 1
305:5 , 5
306:13 , 13
307:5 , 5
308:4 , 4
309:8 , 8
310:7 , 7
311:5 , 5
312:10 , 10
313:4 , 4
314:6 , 6
315:16 , 16
316:6 , 6
317:10 , 10
318:4 , 4
319:10 , 10
320:2 , 2
321:11 , 11
322:4 , 4
323:12 , 12
324:2 , 2
325:5 , 5
326:9 , 9
327:4 , 4
328:3 , 3
329:13 , 13
330:6 , 6
331:9 , 9
332:8 , 8
333:5 , 5
334:4 , 4
335:9 , 9
336:7 , 7
337:5 , 5
338:4 , 4
339:8 , 8
340:7 , 7
341:4 , 4
342:8 , 8
343:8 , 8
344:7 , 7
345:5 , 5
346:2 , 2
347:8 , 8
348:16 , 16
349:10 , 10
350:9 , 9
351:10 , 10
352:14 , 14
353:12 , 12
354:15 , 15
355:0 , 0
356:0 , 0
357:0 , 0
358:4 , 4
359:5 , 5
360:1 , 1
361:10 , 10
362:8 , 8
363:12 , 12
364:4 , 4
365:3 , 3
366:9 , 9
367:5 , 5
368:2 , 2
369:6 , 6
370:11 , 11
371:6 , 6
372:8 , 8
373:6 , 6
374:8 , 8
375:11 , 11
376:1 , 1
377:8 , 8
378:4 , 4
379:9 , 9
380:5 , 5
381:14 , 14
382:10 , 10
383:7 , 7
384:8 , 8
385:11 , 11
386:10 , 10
387:21 , 21
388:13 , 13
389:13 , 13
390:4 , 4
391:4 , 4
392:8 , 8
393:16 , 16
394:20 , 20
395:10 , 10
396:10 , 10
397:6 , 6
398:6 , 6
399:1 , 1
400:15 , 15
401:3 , 3
402:1 , 1
403:3 , 3
404:2 , 2
405:5 , 5
406:6 , 6
407:6 , 6
408:7 , 7
409:7 , 7
410:9 , 9
411:3 , 3
412:4 , 4
413:5 , 5
414:3 , 3
415:7 , 7
416:5 , 5
417:3 , 3
418:1 , 1
419:5 , 5
420:6 , 6
421:7 , 7
422:4 , 4
423:1 , 1
424:3 , 3
425:4 , 4
426:1 , 1
427:2 , 2
428:6 , 6
429:3 , 3
430:0 , 0
431:1 , 1
432:2 , 2
433:2 , 2
434:0 , 0
435:6 , 6
436:1 , 1
437:2 , 2
438:0 , 0
439:1 , 1
440:8 , 8
441:4 , 4
442:3 , 3
443:9 , 9
444:0 , 0
445:6 , 6
446:5 , 5
447:3 , 3
448:6 , 6
449:2 , 2
450:1 , 1
451:0 , 0
452:0 , 0
453:4 , 4
454:2 , 2
455:5 , 5
456:4 , 4
457:1 , 1
458:3 , 3
459:5 , 5
460:5 , 5
461:2 , 2
462:0 , 0
463:2 , 2
464:2 , 2
465:4 , 4
466:9 , 9
467:1 , 1
468:6 , 6
469:5 , 5
470:1 , 1
471:3 , 3
472:0 , 0
473:3 , 3
474:3 , 3
475:4 , 4
476:0 , 0
477:3 , 3
478:1 , 1
479:6 , 6
480:5 , 5
481:2 , 2
482:0 , 0
483:4 , 4
484:4 , 4
485:0 , 0
486:0 , 0
487:0 , 0
488:4 , 4
489:3 , 3
490:8 , 8
491:3 , 3
492:10 , 10
493:10 , 10
494:4 , 4
495:0 , 0
496:3 , 3
497:7 , 7
498:3 , 3
499:2 , 2
500:0 , 0
501:0 , 0
502:6 , 6
503:5 , 5
504:1 , 1
505:5 , 5
506:2 , 2
507:15 , 15
508:3 , 3
509:4 , 4
510:3 , 3
511:3 , 3
512:5 , 5
513:7 , 7
514:1 , 1
515:2 , 2
516:0 , 0
517:3 , 3
518:2 , 2
519:3 , 3
520:7 , 7
521:1 , 1
522:3 , 3
523:0 , 0
524:0 , 0
525:0 , 0
526:1 , 1
527:1 , 1
528:10 , 10
529:5 , 5
530:1 , 1
531:2 , 2
532:1 , 1
533:0 , 0
534:1 , 1
535:2 , 2
536:3 , 3
537:0 , 0
538:3 , 3
539:5 , 5
540:2 , 2
541:8 , 8
542:9 , 9
543:7 , 7
544:3 , 3
545:4 , 4
546:3 , 3
547:0 , 0
548:8 , 8
549:2 , 2
550:4 , 4
551:6 , 6
552:4 , 4
553:0 , 0
554:9 , 9
555:9 , 9
556:5 , 5
557:3 , 3
558:9 , 9
559:1 , 1
560:4 , 4
561:2 , 2
562:4 , 4
563:5 , 5
564:5 , 5
565:1 , 1
566:3 , 3
567:2 , 2
568:1 , 1
569:0 , 0
570:0 , 0
571:0 , 0
572:0 , 0
573:0 , 0
574:0 , 0
575:3 , 3
576:4 , 4
577:1 , 1
578:3 , 3
579:3 , 3
580:0 , 0
581:0 , 0
582:0 , 0
583:0 , 0
584:3 , 3
585:0 , 0
586:0 , 0
587:0 , 0
588:1 , 1
589:5 , 5
590:0 , 0
591:0 , 0
592:0 , 0
593:3 , 3
594:1 , 1
595:0 , 0
596:0 , 0
597:0 , 0
598:0 , 0
599:0 , 0
600:0 , 0
601:1 , 1
602:9 , 9
603:2 , 2
604:4 , 4
605:0 , 0
606:2 , 2
607:1 , 1
608:0 , 0
609:0 , 0
610:0 , 0
611:0 , 0
612:3 , 3
613:0 , 0
614:0 , 0
615:3 , 3
616:6 , 6
617:0 , 0
618:0 , 0
619:0 , 0
620:0 , 0
621:3 , 3
622:1 , 1
623:1 , 1
624:3 , 3
625:4 , 4
626:3 , 3
627:0 , 0
628:0 , 0
629:3 , 3
630:0 , 0
631:3 , 3
632:3 , 3
633:0 , 0
634:0 , 0
635:0 , 0
636:3 , 3
637:5 , 5
638:1 , 1
639:1 , 1
640:6 , 6
641:5 , 5
642:3 , 3
643:1 , 1
644:5 , 5
645:0 , 0
646:0 , 0
647:0 , 0
648:0 , 0
649:0 , 0
650:0 , 0
651:6 , 6
652:0 , 0
653:0 , 0
654:0 , 0
655:0 , 0
656:0 , 0
657:0 , 0
658:0 , 0
659:0 , 0
660:0 , 0
661:0 , 0
662:0 , 0
663:2 , 2
664:1 , 1
665:0 , 0
666:0 , 0
667:4 , 4
668:0 , 0
669:0 , 0
670:0 , 0
671:0 , 0
672:0 , 0
673:0 , 0
674:0 , 0
675:0 , 0
676:0 , 0
677:0 , 0
678:0 , 0
679:0 , 0
680:1 , 1
681:2 , 2
682:0 , 0
683:0 , 0
684:0 , 0
685:0 , 0
686:0 , 0
687:0 , 0
688:3 , 3
689:0 , 0
690:0 , 0
691:0 , 0
692:0 , 0
693:2 , 2
694:1 , 1
695:0 , 0
696:0 , 0
697:0 , 0
698:0 , 0
699:0 , 0
700:3 , 3
701:0 , 0
702:0 , 0
703:0 , 0
704:2 , 2
705:1 , 1
706:7 , 7
707:0 , 0
708:0 , 0
709:0 , 0
710:0 , 0
711:0 , 0
712:0 , 0
713:0 , 0
714:1 , 1
715:3 , 3
716:4 , 4
717:1 , 1
718:0 , 0
719:0 , 0
720:2 , 2
721:2 , 2
722:0 , 0
723:0 , 0
724:0 , 0
725:0 , 0
726:0 , 0
727:0 , 0
728:0 , 0
729:0 , 0
730:0 , 0
731:0 , 0
732:0 , 0
733:2 , 2
734:1 , 1
735:0 , 0
736:0 , 0
737:0 , 0
738:1 , 1
739:2 , 2
740:0 , 0
741:0 , 0
742:0 , 0
743:0 , 0
744:0 , 0
745:0 , 0
746:0 , 0
747:0 , 0
748:0 , 0
749:0 , 0
750:0 , 0
751:0 , 0
752:0 , 0
753:0 , 0
754:0 , 0
755:0 , 0
756:0 , 0
757:0 , 0
758:0 , 0
759:3 , 3
760:1 , 1
761:0 , 0
762:0 , 0
763:0 , 0
764:0 , 0
765:0 , 0
766:1 , 1
767:4 , 4
768:5 , 5
769:0 , 0
770:0 , 0
771:0 , 0
772:0 , 0
773:0 , 0
774:0 , 0
775:0 , 0
776:0 , 0
777:0 , 0
778:0 , 0
779:0 , 0
780:0 , 0
781:0 , 0
782:0 , 0
783:0 , 0
784:0 , 0
785:0 , 0
786:0 , 0
787:0 , 0
788:0 , 0
789:0 , 0
790:0 , 0
791:2 , 2
792:1 , 1
793:0 , 0
794:0 , 0
795:0 , 0
796:0 , 0
797:1 , 1
798:5 , 5
799:0 , 0
800:0 , 0
801:3 , 3
802:0 , 0
803:0 , 0
804:3 , 3
805:2 , 2
806:0 , 0
807:0 , 0
808:0 , 0
809:0 , 0
810:2 , 2
811:1 , 1
812:0 , 0
813:0 , 0
814:0 , 0
815:0 , 0
816:0 , 0
817:0 , 0
818:0 , 0
819:3 , 3
820:0 , 0
821:0 , 0
822:0 , 0
823:0 , 0
824:0 , 0
825:0 , 0
826:0 , 0
827:0 , 0
828:0 , 0
829:0 , 0
830:0 , 0
831:0 , 0
832:0 , 0
833:0 , 0
834:0 , 0
835:0 , 0
836:3 , 3
837:0 , 0
838:0 , 0
839:0 , 0
840:0 , 0
841:0 , 0
842:0 , 0
843:0 , 0
844:0 , 0
845:0 , 0
846:0 , 0
847:0 , 0
848:0 , 0
849:0 , 0
850:0 , 0
851:0 , 0
852:0 , 0
853:0 , 0
854:0 , 0
855:0 , 0
856:0 , 0
857:0 , 0
858:0 , 0
859:0 , 0
860:0 , 0
861:0 , 0
862:0 , 0
863:0 , 0
864:0 , 0
865:0 , 0
866:0 , 0
867:0 , 0
868:0 , 0
869:0 , 0
870:0 , 0
871:0 , 0
872:0 , 0
873:0 , 0
874:0 , 0
875:0 , 0
876:0 , 0
877:0 , 0
878:0 , 0
879:0 , 0
880:0 , 0
881:0 , 0
882:0 , 0
883:0 , 0
884:0 , 0
885:0 , 0
886:0 , 0
887:0 , 0
888:0 , 0
889:0 , 0
890:0 , 0
891:0 , 0
892:0 , 0
893:0 , 0
894:0 , 0
895:0 , 0
896:0 , 0
897:0 , 0
898:0 , 0
899:0 , 0
900:0 , 0
901:0 , 0
902:0 , 0
903:0 , 0
904:0 , 0
905:0 , 0
906:0 , 0
907:0 , 0
908:0 , 0
909:0 , 0
910:0 , 0
911:0 , 0
912:0 , 0
913:0 , 0
914:0 , 0
915:0 , 0
916:0 , 0
917:0 , 0
918:0 , 0
919:0 , 0
920:0 , 0
921:0 , 0
922:0 , 0
923:0 , 0
924:0 , 0
925:0 , 0
926:0 , 0
927:0 , 0
928:0 , 0
929:0 , 0
930:0 , 0
931:0 , 0
932:0 , 0
933:0 , 0
934:0 , 0
935:0 , 0
936:0 , 0
937:0 , 0
938:0 , 0
939:0 , 0
940:0 , 0
941:0 , 0
942:0 , 0
943:0 , 0
944:0 , 0
945:0 , 0
946:0 , 0
947:0 , 0
948:0 , 0
949:0 , 0
950:0 , 0
951:0 , 0
952:0 , 0
953:0 , 0
954:0 , 0
955:0 , 0
956:0 , 0
957:0 , 0
958:0 , 0
959:0 , 0
960:0 , 0
961:0 , 0
962:0 , 0
963:0 , 0
964:0 , 0
965:0 , 0
966:0 , 0
967:0 , 0
968:0 , 0
969:0 , 0
970:0 , 0
971:0 , 0
972:0 , 0
973:0 , 0
974:0 , 0
975:0 , 0
976:0 , 0
977:0 , 0
978:0 , 0
979:0 , 0
980:0 , 0
981:0 , 0
982:0 , 0
983:0 , 0
984:0 , 0
985:0 , 0
986:0 , 0
987:0 , 0
988:0 , 0
989:0 , 0
990:0 , 0
991:0 , 0
992:0 , 0
993:0 , 0
994:0 , 0
995:0 , 0
996:0 , 0
997:0 , 0
998:0 , 0
999:0 , 0
1000:0 , 0
1001:0 , 0
1002:0 , 0
1003:0 , 0
1004:0 , 0
1005:0 , 0
1006:0 , 0
1007:0 , 0
1008:0 , 0
1009:0 , 0
1010:0 , 0
1011:0 , 0
1012:0 , 0
1013:0 , 0
1014:0 , 0
1015:0 , 0
1016:0 , 0
1017:0 , 0
1018:0 , 0
1019:0 , 0
1020:0 , 0
1021:0 , 0
1022:0 , 0
1023:0 , 0
0:47:0.564547
way:2
1:836:0.00473653
way:30
47
21000000
22000000
** Heartbeat for core[01]:        insts:40000000    cycles:51487724   (2059508920) seconds:561   -- 0.91 IPC (0.78 IPC) -- 76.34 KIPS (71.30 KIPS)
** Heartbeat for core[01]:  Thread:0      insts:40000000    cycles:51487724   (2059508920) seconds:561   -- 0.91 IPC (0.78 IPC) -- 76.34 KIPS (71.30 KIPS)
23000000
24000000
** Heartbeat for core[00]:        insts:60000000    cycles:56649921   (2265996800) seconds:617   -- 0.92 IPC (1.06 IPC) -- 80.00 KIPS (97.24 KIPS)
** Heartbeat for core[00]:  Thread:0      insts:60000000    cycles:56649921   (2265996800) seconds:617   -- 0.92 IPC (1.06 IPC) -- 80.00 KIPS (97.24 KIPS)
25000000
26000000
27000000
28000000
29000000
** Heartbeat for core[01]:        insts:50000000    cycles:66933206   (2677328200) seconds:719   -- 0.65 IPC (0.75 IPC) -- 63.29 KIPS (69.54 KIPS)
** Heartbeat for core[01]:  Thread:0      insts:50000000    cycles:66933206   (2677328200) seconds:719   -- 0.65 IPC (0.75 IPC) -- 63.29 KIPS (69.54 KIPS)
30000000
31000000
32000000
33000000
34000000
35000000
** Heartbeat for core[00]:        insts:70000000    cycles:81859972   (3274398840) seconds:873   -- 0.40 IPC (0.86 IPC) -- 39.06 KIPS (80.18 KIPS)
** Heartbeat for core[00]:  Thread:0      insts:70000000    cycles:81859972   (3274398840) seconds:873   -- 0.40 IPC (0.86 IPC) -- 39.06 KIPS (80.18 KIPS)
36000000
** Heartbeat for core[01]:        insts:60000000    cycles:84429185   (3377167360) seconds:900   -- 0.57 IPC (0.71 IPC) -- 55.25 KIPS (66.67 KIPS)
** Heartbeat for core[01]:  Thread:0      insts:60000000    cycles:84429185   (3377167360) seconds:900   -- 0.57 IPC (0.71 IPC) -- 55.25 KIPS (66.67 KIPS)
37000000
38000000
39000000
40000000
40000000: 40m cycle
1:499996 , 0
2:28833 , 307
3:2977 , 75
4:2744 , 43
5:754 , 24
6:322 , 3
7:396 , 2
8:263 , 6
9:242 , 5
10:222 , 5
11:161 , 2
12:153 , 3
13:127 , 0
14:101 , 0
15:114 , 1
16:113 , 2
17:225 , 1
18:341 , 2
19:540 , 21
20:814 , 29
21:876 , 35
22:846 , 36
23:699 , 26
24:668 , 19
25:503 , 9
26:296 , 10
27:221 , 3
28:148 , 4
29:127 , 1
30:86 , 0
31:107 , 3
32:132 , 3
33:149 , 0
34:129 , 1
35:147 , 1
36:154 , 5
37:133 , 3
38:160 , 7
39:118 , 5
40:85 , 4
41:79 , 3
42:52 , 5
43:49 , 2
44:37 , 0
45:47 , 0
46:44 , 1
47:44 , 0
48:38 , 1
49:30 , 0
50:34 , 0
51:21 , 0
52:21 , 0
53:29 , 0
54:24 , 1
55:25 , 0
56:25 , 0
57:18 , 0
58:18 , 0
59:31 , 1
60:24 , 0
61:26 , 0
62:24 , 0
63:22 , 2
64:21 , 0
65:19 , 0
66:9 , 0
67:19 , 0
68:24 , 0
69:12 , 1
70:19 , 0
71:27 , 1
72:13 , 0
73:17 , 0
74:19 , 0
75:11 , 0
76:17 , 0
77:14 , 0
78:11 , 0
79:7 , 0
80:19 , 0
81:14 , 0
82:8 , 0
83:14 , 1
84:13 , 0
85:7 , 0
86:14 , 0
87:10 , 0
88:7 , 0
89:14 , 0
90:7 , 0
91:4 , 0
92:7 , 0
93:8 , 0
94:15 , 0
95:7 , 0
96:9 , 0
97:3 , 0
98:7 , 0
99:8 , 0
100:6 , 0
101:3 , 0
102:8 , 0
103:2 , 0
104:17 , 0
105:7 , 1
106:7 , 0
107:3 , 0
108:2 , 0
109:2 , 0
110:2 , 0
111:3 , 0
112:6 , 0
113:5 , 0
114:5 , 0
115:3 , 0
116:5 , 0
117:1 , 0
118:5 , 0
119:3 , 0
120:4 , 0
121:3 , 0
122:1 , 0
123:4 , 0
124:2 , 0
125:6 , 0
126:4 , 0
127:2 , 0
128:7 , 0
129:6 , 1
130:2 , 0
131:1 , 0
132:4 , 0
133:4 , 0
134:1 , 0
135:3 , 1
136:5 , 0
137:4 , 0
138:3 , 0
139:1 , 0
140:3 , 0
141:2 , 0
142:4 , 0
143:3 , 0
144:1 , 0
145:4 , 0
146:3 , 0
147:9 , 0
148:1 , 0
149:4 , 0
150:1 , 0
151:2 , 0
152:2 , 0
153:2 , 0
154:3 , 0
155:2 , 0
156:3 , 0
157:2 , 0
158:3 , 0
159:2 , 0
160:1 , 0
161:2 , 0
162:1 , 0
163:2 , 0
164:3 , 0
165:5 , 1
166:0 , 0
167:2 , 0
168:0 , 0
169:3 , 0
170:1 , 0
171:1 , 0
172:1 , 0
173:3 , 0
174:3 , 0
175:2 , 0
176:3 , 0
177:3 , 0
178:0 , 0
179:2 , 0
180:1 , 0
181:1 , 0
182:2 , 0
183:0 , 0
184:0 , 0
185:1 , 0
186:0 , 0
187:1 , 0
188:1 , 0
189:0 , 0
190:0 , 0
191:1 , 0
192:1 , 0
193:0 , 0
194:2 , 0
195:2 , 0
196:1 , 0
197:2 , 0
198:0 , 0
199:3 , 0
200:0 , 0
201:2 , 0
202:2 , 0
203:2 , 0
204:2 , 0
205:1 , 0
206:1 , 0
207:0 , 0
208:2 , 0
209:4 , 0
210:2 , 0
211:3 , 0
212:1 , 0
213:0 , 0
214:3 , 0
215:3 , 0
216:0 , 0
217:2 , 0
218:2 , 0
219:2 , 0
220:3 , 0
221:1 , 0
222:0 , 0
223:1 , 0
224:1 , 0
225:0 , 0
226:1 , 0
227:1 , 0
228:0 , 0
229:1 , 0
230:2 , 0
231:0 , 0
232:1 , 0
233:1 , 0
234:1 , 0
235:1 , 0
236:2 , 0
237:1 , 0
238:0 , 0
239:4 , 0
240:1 , 0
241:6 , 0
242:1 , 0
243:1 , 0
244:1 , 0
245:2 , 0
246:1 , 0
247:2 , 0
248:1 , 0
249:0 , 0
250:1 , 0
251:0 , 0
252:2 , 0
253:1 , 0
254:0 , 0
255:0 , 0
256:0 , 0
257:1 , 0
258:0 , 0
259:2 , 0
260:1 , 0
261:1 , 0
262:1 , 0
263:0 , 0
264:0 , 0
265:0 , 0
266:0 , 0
267:0 , 0
268:0 , 0
269:1 , 0
270:0 , 0
271:0 , 0
272:1 , 0
273:0 , 0
274:0 , 0
275:0 , 0
276:0 , 0
277:1 , 0
278:0 , 0
279:0 , 0
280:1 , 0
281:1 , 0
282:0 , 0
283:0 , 0
284:3 , 0
285:0 , 0
286:0 , 0
287:1 , 0
288:0 , 0
289:0 , 0
290:0 , 0
291:2 , 0
292:1 , 0
293:1 , 0
294:1 , 0
295:0 , 0
296:0 , 0
297:0 , 0
298:0 , 0
299:0 , 0
300:0 , 0
301:0 , 0
302:0 , 0
303:2 , 0
304:2 , 0
305:0 , 0
306:0 , 0
307:0 , 0
308:1 , 0
309:1 , 0
310:1 , 0
311:0 , 0
312:0 , 0
313:0 , 0
314:1 , 0
315:0 , 0
316:2 , 0
317:0 , 0
318:0 , 0
319:0 , 0
320:0 , 0
321:0 , 0
322:1 , 0
323:0 , 0
324:1 , 0
325:0 , 0
326:0 , 0
327:0 , 0
328:0 , 0
329:0 , 0
330:0 , 0
331:0 , 0
332:0 , 0
333:1 , 0
334:0 , 0
335:0 , 0
336:0 , 0
337:0 , 0
338:0 , 0
339:0 , 0
340:0 , 0
341:1 , 0
342:1 , 0
343:0 , 0
344:0 , 0
345:0 , 0
346:1 , 0
347:0 , 0
348:1 , 0
349:0 , 0
350:0 , 0
351:0 , 0
352:2 , 0
353:1 , 0
354:0 , 0
355:0 , 0
356:1 , 0
357:0 , 0
358:0 , 0
359:0 , 0
360:0 , 0
361:1 , 0
362:0 , 0
363:0 , 0
364:0 , 0
365:0 , 0
366:0 , 0
367:0 , 0
368:0 , 0
369:0 , 0
370:0 , 0
371:0 , 0
372:0 , 0
373:0 , 0
374:2 , 0
375:0 , 0
376:0 , 0
377:0 , 0
378:0 , 0
379:0 , 0
380:0 , 0
381:0 , 0
382:0 , 0
383:0 , 0
384:0 , 0
385:0 , 0
386:0 , 0
387:0 , 0
388:0 , 0
389:0 , 0
390:1 , 0
391:0 , 0
392:1 , 0
393:0 , 0
394:0 , 0
395:0 , 0
396:0 , 0
397:0 , 0
398:2 , 0
399:1 , 0
400:3 , 0
401:2 , 0
402:0 , 0
403:2 , 0
404:3 , 0
405:0 , 0
406:0 , 0
407:0 , 0
408:0 , 0
409:0 , 0
410:0 , 0
411:0 , 0
412:0 , 0
413:0 , 0
414:0 , 0
415:2 , 0
416:1 , 0
417:0 , 0
418:0 , 0
419:0 , 0
420:1 , 0
421:0 , 0
422:0 , 0
423:1 , 0
424:0 , 0
425:0 , 0
426:1 , 0
427:0 , 0
428:0 , 0
429:0 , 0
430:0 , 0
431:0 , 0
432:0 , 0
433:0 , 0
434:0 , 0
435:0 , 0
436:1 , 0
437:0 , 0
438:0 , 0
439:0 , 0
440:0 , 0
441:1 , 0
442:0 , 0
443:0 , 0
444:0 , 0
445:0 , 0
446:0 , 0
447:0 , 0
448:0 , 0
449:0 , 0
450:0 , 0
451:0 , 0
452:0 , 0
453:0 , 0
454:0 , 0
455:1 , 0
456:0 , 0
457:0 , 0
458:0 , 0
459:0 , 0
460:0 , 0
461:0 , 0
462:1 , 0
463:0 , 0
464:0 , 0
465:0 , 0
466:0 , 0
467:0 , 0
468:0 , 0
469:0 , 0
470:0 , 0
471:0 , 0
472:0 , 0
473:0 , 0
474:0 , 0
475:0 , 0
476:0 , 0
477:0 , 0
478:0 , 0
479:0 , 0
480:0 , 0
481:0 , 0
482:0 , 0
483:0 , 0
484:0 , 0
485:0 , 0
486:0 , 0
487:0 , 0
488:0 , 0
489:0 , 0
490:0 , 0
491:0 , 0
492:0 , 0
493:0 , 0
494:0 , 0
495:0 , 0
496:0 , 0
497:0 , 0
498:0 , 0
499:0 , 0
500:0 , 0
501:0 , 0
502:0 , 0
503:0 , 0
504:0 , 0
505:0 , 0
506:0 , 0
507:1 , 0
508:0 , 0
509:0 , 0
510:0 , 0
511:0 , 0
512:1 , 0
513:0 , 0
514:0 , 0
515:0 , 0
516:0 , 0
517:0 , 0
518:0 , 0
519:0 , 0
520:0 , 0
521:0 , 0
522:0 , 0
523:0 , 0
524:0 , 0
525:0 , 0
526:0 , 0
527:0 , 0
528:1 , 0
529:0 , 0
530:0 , 0
531:0 , 0
532:0 , 0
533:1 , 0
534:0 , 0
535:0 , 0
536:0 , 0
537:0 , 0
538:0 , 0
539:0 , 0
540:0 , 0
541:0 , 0
542:0 , 0
543:0 , 0
544:0 , 0
545:0 , 0
546:0 , 0
547:0 , 0
548:0 , 0
549:0 , 0
550:0 , 0
551:0 , 0
552:1 , 0
553:0 , 0
554:0 , 0
555:0 , 0
556:1 , 0
557:1 , 0
558:0 , 0
559:0 , 0
560:0 , 0
561:0 , 0
562:0 , 0
563:1 , 0
564:3 , 0
565:3 , 0
566:4 , 0
567:0 , 0
568:0 , 0
569:0 , 0
570:3 , 0
571:3 , 0
572:1 , 0
573:1 , 0
574:1 , 0
575:0 , 0
576:2 , 0
577:1 , 0
578:0 , 0
579:0 , 0
580:0 , 0
581:1 , 0
582:0 , 0
583:0 , 0
584:1 , 0
585:0 , 0
586:0 , 0
587:1 , 0
588:0 , 0
589:0 , 0
590:0 , 0
591:0 , 0
592:0 , 0
593:0 , 0
594:0 , 0
595:0 , 0
596:0 , 0
597:0 , 0
598:0 , 0
599:0 , 0
600:0 , 0
601:1 , 0
602:0 , 0
603:0 , 0
604:1 , 0
605:0 , 0
606:0 , 0
607:0 , 0
608:0 , 0
609:1 , 0
610:0 , 0
611:0 , 0
612:0 , 0
613:1 , 0
614:0 , 0
615:1 , 0
616:0 , 0
617:0 , 0
618:0 , 0
619:0 , 0
620:0 , 0
621:0 , 0
622:0 , 0
623:0 , 0
624:0 , 0
625:0 , 0
626:0 , 0
627:0 , 0
628:1 , 0
629:0 , 0
630:0 , 0
631:0 , 0
632:0 , 0
633:0 , 0
634:0 , 0
635:0 , 0
636:0 , 0
637:0 , 0
638:0 , 0
639:1 , 0
640:0 , 0
641:0 , 0
642:0 , 0
643:0 , 0
644:0 , 0
645:0 , 0
646:0 , 0
647:0 , 0
648:0 , 0
649:0 , 0
650:0 , 0
651:0 , 0
652:0 , 0
653:0 , 0
654:0 , 0
655:0 , 0
656:0 , 0
657:0 , 0
658:0 , 0
659:0 , 0
660:0 , 0
661:0 , 0
662:0 , 0
663:0 , 0
664:0 , 0
665:0 , 0
666:0 , 0
667:0 , 0
668:0 , 0
669:0 , 0
670:0 , 0
671:0 , 0
672:0 , 0
673:0 , 0
674:0 , 0
675:1 , 0
676:0 , 0
677:0 , 0
678:0 , 0
679:1 , 0
680:0 , 0
681:0 , 0
682:0 , 0
683:0 , 0
684:0 , 0
685:0 , 0
686:0 , 0
687:0 , 0
688:0 , 0
689:0 , 0
690:0 , 0
691:0 , 0
692:0 , 0
693:0 , 0
694:0 , 0
695:0 , 0
696:0 , 0
697:0 , 0
698:0 , 0
699:0 , 0
700:0 , 0
701:0 , 0
702:1 , 0
703:0 , 0
704:0 , 0
705:0 , 0
706:0 , 0
707:0 , 0
708:0 , 0
709:0 , 0
710:1 , 0
711:0 , 0
712:0 , 0
713:0 , 0
714:0 , 0
715:0 , 0
716:0 , 0
717:0 , 0
718:0 , 0
719:0 , 0
720:0 , 0
721:0 , 0
722:0 , 0
723:0 , 0
724:1 , 0
725:0 , 0
726:0 , 0
727:0 , 0
728:0 , 0
729:0 , 0
730:1 , 0
731:0 , 0
732:0 , 0
733:0 , 0
734:0 , 0
735:0 , 0
736:0 , 0
737:0 , 0
738:0 , 0
739:0 , 0
740:0 , 0
741:0 , 0
742:0 , 0
743:0 , 0
744:0 , 0
745:0 , 0
746:0 , 0
747:0 , 0
748:0 , 0
749:0 , 0
750:0 , 0
751:0 , 0
752:0 , 0
753:0 , 0
754:0 , 0
755:0 , 0
756:0 , 0
757:0 , 0
758:0 , 0
759:0 , 0
760:0 , 0
761:0 , 0
762:0 , 0
763:0 , 0
764:0 , 0
765:0 , 0
766:0 , 0
767:0 , 0
768:0 , 0
769:0 , 0
770:0 , 0
771:0 , 0
772:0 , 0
773:0 , 0
774:0 , 0
775:0 , 0
776:0 , 0
777:0 , 0
778:0 , 0
779:0 , 0
780:0 , 0
781:0 , 0
782:0 , 0
783:0 , 0
784:0 , 0
785:0 , 0
786:0 , 0
787:0 , 0
788:0 , 0
789:0 , 0
790:0 , 0
791:0 , 0
792:0 , 0
793:0 , 0
794:0 , 0
795:0 , 0
796:0 , 0
797:0 , 0
798:0 , 0
799:0 , 0
800:0 , 0
801:0 , 0
802:0 , 0
803:0 , 0
804:0 , 0
805:0 , 0
806:0 , 0
807:0 , 0
808:0 , 0
809:0 , 0
810:1 , 0
811:0 , 0
812:0 , 0
813:0 , 0
814:0 , 0
815:0 , 0
816:0 , 0
817:0 , 0
818:0 , 0
819:0 , 0
820:0 , 0
821:0 , 0
822:0 , 0
823:0 , 0
824:0 , 0
825:0 , 0
826:0 , 0
827:0 , 0
828:0 , 0
829:0 , 0
830:0 , 0
831:0 , 0
832:0 , 0
833:0 , 0
834:0 , 0
835:0 , 0
836:0 , 0
837:0 , 0
838:0 , 0
839:0 , 0
840:0 , 0
841:1 , 0
842:0 , 0
843:0 , 0
844:0 , 0
845:0 , 0
846:0 , 0
847:0 , 0
848:0 , 0
849:0 , 0
850:0 , 0
851:0 , 0
852:0 , 0
853:0 , 0
854:0 , 0
855:0 , 0
856:0 , 0
857:0 , 0
858:0 , 0
859:0 , 0
860:0 , 0
861:0 , 0
862:0 , 0
863:0 , 0
864:0 , 0
865:0 , 0
866:0 , 0
867:0 , 0
868:1 , 0
869:0 , 0
870:0 , 0
871:0 , 0
872:0 , 0
873:0 , 0
874:0 , 0
875:0 , 0
876:0 , 0
877:0 , 0
878:0 , 0
879:0 , 0
880:0 , 0
881:0 , 0
882:0 , 0
883:0 , 0
884:0 , 0
885:0 , 0
886:0 , 0
887:0 , 0
888:0 , 0
889:0 , 0
890:0 , 0
891:0 , 0
892:0 , 0
893:0 , 0
894:0 , 0
895:0 , 0
896:0 , 0
897:0 , 0
898:0 , 0
899:0 , 0
900:0 , 0
901:0 , 0
902:0 , 0
903:0 , 0
904:0 , 0
905:0 , 0
906:0 , 0
907:0 , 0
908:0 , 0
909:0 , 0
910:0 , 0
911:0 , 0
912:0 , 0
913:0 , 0
914:0 , 0
915:0 , 0
916:0 , 0
917:0 , 0
918:0 , 0
919:0 , 0
920:0 , 0
921:0 , 0
922:0 , 0
923:1 , 0
924:0 , 0
925:0 , 0
926:1 , 0
927:0 , 0
928:0 , 0
929:0 , 0
930:0 , 0
931:0 , 0
932:0 , 0
933:0 , 0
934:0 , 0
935:0 , 0
936:0 , 0
937:0 , 0
938:0 , 0
939:0 , 0
940:0 , 0
941:0 , 0
942:0 , 0
943:0 , 0
944:0 , 0
945:0 , 0
946:0 , 0
947:0 , 0
948:0 , 0
949:0 , 0
950:0 , 0
951:0 , 0
952:0 , 0
953:0 , 0
954:0 , 0
955:0 , 0
956:0 , 0
957:0 , 0
958:0 , 0
959:0 , 0
960:0 , 0
961:0 , 0
962:0 , 0
963:0 , 0
964:0 , 0
965:0 , 0
966:0 , 0
967:0 , 0
968:0 , 0
969:0 , 0
970:0 , 0
971:0 , 0
972:0 , 0
973:0 , 0
974:0 , 0
975:0 , 0
976:0 , 0
977:0 , 0
978:0 , 0
979:0 , 0
980:0 , 0
981:0 , 0
982:0 , 0
983:0 , 0
984:0 , 0
985:0 , 0
986:0 , 0
987:0 , 0
988:0 , 0
989:0 , 0
990:0 , 0
991:0 , 0
992:0 , 0
993:0 , 0
994:0 , 0
995:0 , 0
996:0 , 0
997:0 , 0
998:0 , 0
999:0 , 0
1000:0 , 0
1001:0 , 0
1002:0 , 0
1003:0 , 0
1004:0 , 0
1005:0 , 0
1006:0 , 0
1007:0 , 0
1008:0 , 0
1009:0 , 0
1010:0 , 0
1011:0 , 0
1012:0 , 0
1013:0 , 0
1014:0 , 0
1015:0 , 0
1016:0 , 0
1017:0 , 0
1018:0 , 0
1019:0 , 0
1020:0 , 0
1021:0 , 0
1022:0 , 0
1023:0 , 0
1:6418 , 0
2:312 , 174
3:28 , 38
4:16 , 14
5:0 , 0
6:4 , 4
7:2 , 2
8:1 , 2
9:3 , 6
10:2 , 0
11:2 , 2
12:1 , 0
13:2 , 2
14:0 , 0
15:2 , 2
16:2 , 2
17:5 , 8
18:0 , 0
19:0 , 0
20:1 , 0
21:0 , 0
22:1 , 2
23:2 , 4
24:5 , 8
25:0 , 0
26:1 , 0
27:0 , 0
28:1 , 0
29:0 , 0
30:0 , 0
31:0 , 0
32:0 , 0
33:0 , 0
34:0 , 0
35:0 , 0
36:0 , 0
37:0 , 0
38:0 , 0
39:0 , 0
40:0 , 0
41:0 , 0
42:0 , 0
43:0 , 0
44:0 , 0
45:0 , 0
46:0 , 0
47:0 , 0
48:0 , 0
49:0 , 0
50:0 , 0
51:0 , 0
52:0 , 0
53:0 , 0
54:0 , 0
55:0 , 0
56:0 , 0
57:0 , 0
58:0 , 0
59:0 , 0
60:0 , 0
61:0 , 0
62:0 , 0
63:0 , 0
64:0 , 0
65:0 , 0
66:0 , 0
67:0 , 0
68:0 , 0
69:0 , 0
70:0 , 0
71:0 , 0
72:0 , 0
73:0 , 0
74:0 , 0
75:0 , 0
76:0 , 0
77:0 , 0
78:0 , 0
79:0 , 0
80:0 , 0
81:0 , 0
82:0 , 0
83:0 , 0
84:0 , 0
85:0 , 0
86:0 , 0
87:0 , 0
88:0 , 0
89:0 , 0
90:0 , 0
91:0 , 0
92:0 , 0
93:0 , 0
94:0 , 0
95:0 , 0
96:0 , 0
97:0 , 0
98:0 , 0
99:0 , 0
100:0 , 0
101:0 , 0
102:0 , 0
103:0 , 0
104:0 , 0
105:0 , 0
106:0 , 0
107:0 , 0
108:0 , 0
109:0 , 0
110:0 , 0
111:0 , 0
112:0 , 0
113:0 , 0
114:0 , 0
115:14 , 0
116:250 , 0
117:599 , 15
118:1730 , 129
119:3716 , 550
120:5574 , 1230
121:7863 , 1962
122:8824 , 3092
123:8816 , 3732
124:7931 , 3690
125:6165 , 3039
126:4482 , 2276
127:3288 , 1526
128:2518 , 1094
129:2034 , 881
130:1727 , 743
131:1694 , 633
132:1570 , 557
133:1946 , 771
134:1731 , 652
135:1579 , 580
136:1438 , 443
137:1435 , 343
138:1261 , 351
139:1118 , 277
140:1064 , 342
141:985 , 345
142:1027 , 287
143:958 , 299
144:1019 , 357
145:958 , 325
146:907 , 254
147:1097 , 383
148:906 , 280
149:901 , 322
150:887 , 267
151:830 , 263
152:720 , 164
153:717 , 216
154:748 , 202
155:792 , 203
156:841 , 298
157:850 , 297
158:650 , 210
159:578 , 144
160:549 , 96
161:657 , 187
162:606 , 175
163:629 , 225
164:740 , 256
165:667 , 258
166:546 , 145
167:514 , 137
168:457 , 192
169:545 , 201
170:614 , 164
171:594 , 173
172:607 , 172
173:795 , 247
174:691 , 207
175:625 , 170
176:641 , 228
177:568 , 163
178:477 , 124
179:537 , 131
180:580 , 221
181:497 , 165
182:524 , 179
183:585 , 191
184:652 , 179
185:586 , 178
186:476 , 159
187:524 , 191
188:483 , 238
189:441 , 139
190:382 , 114
191:431 , 130
192:383 , 105
193:296 , 97
194:368 , 129
195:428 , 100
196:413 , 112
197:442 , 125
198:517 , 178
199:462 , 161
200:402 , 145
201:288 , 131
202:322 , 60
203:358 , 82
204:343 , 98
205:509 , 165
206:402 , 108
207:394 , 83
208:367 , 59
209:384 , 74
210:364 , 78
211:456 , 131
212:483 , 171
213:523 , 189
214:397 , 106
215:354 , 140
216:350 , 101
217:330 , 117
218:289 , 86
219:364 , 92
220:380 , 123
221:305 , 98
222:324 , 100
223:286 , 62
224:329 , 110
225:393 , 67
226:338 , 61
227:489 , 179
228:444 , 143
229:367 , 115
230:387 , 140
231:351 , 120
232:283 , 145
233:221 , 78
234:251 , 73
235:185 , 64
236:231 , 79
237:311 , 97
238:337 , 102
239:283 , 94
240:353 , 132
241:302 , 87
242:290 , 119
243:358 , 167
244:331 , 109
245:274 , 68
246:270 , 90
247:210 , 95
248:188 , 88
249:238 , 91
250:202 , 55
251:255 , 77
252:239 , 104
253:285 , 155
254:290 , 130
255:379 , 165
256:256 , 72
257:321 , 118
258:265 , 117
259:276 , 81
260:249 , 76
261:215 , 114
262:180 , 111
263:220 , 69
264:276 , 108
265:237 , 81
266:173 , 54
267:239 , 104
268:265 , 115
269:191 , 70
270:203 , 90
271:193 , 50
272:197 , 60
273:153 , 44
274:213 , 69
275:175 , 44
276:185 , 100
277:170 , 93
278:206 , 68
279:213 , 90
280:202 , 47
281:200 , 61
282:219 , 41
283:185 , 58
284:229 , 80
285:221 , 71
286:226 , 90
287:227 , 77
288:236 , 120
289:258 , 79
290:194 , 74
291:236 , 114
292:226 , 58
293:201 , 51
294:217 , 72
295:187 , 76
296:175 , 76
297:245 , 104
298:165 , 51
299:353 , 138
300:288 , 87
301:218 , 69
302:184 , 69
303:258 , 114
304:203 , 53
305:262 , 65
306:228 , 75
307:266 , 88
308:286 , 97
309:357 , 96
310:222 , 68
311:181 , 68
312:209 , 76
313:196 , 45
314:180 , 62
315:197 , 66
316:253 , 57
317:215 , 73
318:185 , 56
319:277 , 52
320:162 , 27
321:268 , 81
322:284 , 90
323:203 , 80
324:140 , 42
325:172 , 38
326:206 , 40
327:213 , 65
328:210 , 50
329:142 , 73
330:104 , 36
331:214 , 73
332:207 , 61
333:171 , 62
334:165 , 64
335:184 , 56
336:198 , 73
337:186 , 67
338:139 , 56
339:153 , 44
340:127 , 34
341:194 , 47
342:204 , 59
343:183 , 45
344:233 , 69
345:256 , 74
346:183 , 43
347:159 , 76
348:123 , 61
349:174 , 68
350:196 , 81
351:177 , 63
352:256 , 62
353:140 , 82
354:156 , 83
355:160 , 53
356:205 , 61
357:188 , 44
358:148 , 57
359:115 , 52
360:137 , 58
361:233 , 83
362:211 , 40
363:196 , 59
364:256 , 44
365:241 , 51
366:184 , 57
367:179 , 61
368:131 , 34
369:160 , 44
370:114 , 42
371:148 , 38
372:188 , 61
373:157 , 50
374:211 , 82
375:189 , 82
376:129 , 44
377:168 , 36
378:117 , 35
379:185 , 44
380:155 , 68
381:127 , 81
382:181 , 82
383:170 , 92
384:176 , 75
385:146 , 82
386:153 , 78
387:211 , 102
388:181 , 77
389:213 , 117
390:149 , 55
391:147 , 72
392:169 , 57
393:114 , 86
394:141 , 117
395:142 , 85
396:153 , 63
397:127 , 40
398:96 , 43
399:138 , 53
400:111 , 69
401:103 , 42
402:73 , 20
403:108 , 46
404:108 , 67
405:107 , 52
406:79 , 30
407:72 , 33
408:147 , 56
409:166 , 53
410:121 , 57
411:98 , 32
412:142 , 48
413:156 , 79
414:177 , 59
415:177 , 41
416:93 , 37
417:89 , 35
418:106 , 10
419:111 , 25
420:148 , 85
421:100 , 71
422:185 , 69
423:105 , 34
424:107 , 25
425:121 , 26
426:106 , 31
427:65 , 14
428:90 , 31
429:104 , 35
430:109 , 37
431:65 , 32
432:90 , 16
433:149 , 16
434:117 , 18
435:121 , 37
436:146 , 39
437:161 , 47
438:130 , 14
439:114 , 45
440:192 , 56
441:168 , 60
442:73 , 21
443:109 , 54
444:157 , 29
445:206 , 58
446:114 , 33
447:146 , 50
448:148 , 68
449:154 , 32
450:117 , 41
451:118 , 25
452:80 , 9
453:95 , 20
454:141 , 42
455:130 , 39
456:115 , 31
457:120 , 17
458:111 , 19
459:155 , 78
460:126 , 68
461:113 , 51
462:108 , 16
463:66 , 37
464:129 , 27
465:123 , 32
466:82 , 29
467:99 , 33
468:116 , 38
469:163 , 46
470:102 , 20
471:85 , 17
472:98 , 17
473:67 , 17
474:91 , 23
475:132 , 41
476:65 , 16
477:55 , 21
478:97 , 27
479:118 , 44
480:112 , 31
481:106 , 38
482:117 , 13
483:88 , 18
484:103 , 15
485:94 , 16
486:142 , 32
487:106 , 10
488:86 , 24
489:102 , 28
490:90 , 47
491:97 , 28
492:105 , 51
493:103 , 30
494:63 , 34
495:116 , 59
496:225 , 68
497:128 , 37
498:79 , 20
499:68 , 28
500:97 , 14
501:103 , 18
502:95 , 44
503:99 , 31
504:91 , 19
505:117 , 31
506:141 , 43
507:107 , 50
508:107 , 53
509:95 , 53
510:138 , 54
511:86 , 14
512:120 , 17
513:76 , 25
514:92 , 5
515:70 , 23
516:53 , 16
517:40 , 18
518:24 , 12
519:36 , 23
520:58 , 32
521:78 , 33
522:56 , 27
523:80 , 33
524:38 , 19
525:71 , 12
526:62 , 21
527:82 , 23
528:80 , 35
529:68 , 20
530:48 , 11
531:54 , 23
532:57 , 12
533:75 , 29
534:64 , 11
535:74 , 28
536:93 , 32
537:76 , 14
538:69 , 25
539:131 , 43
540:112 , 23
541:69 , 30
542:91 , 36
543:92 , 30
544:31 , 18
545:39 , 10
546:84 , 16
547:106 , 25
548:104 , 27
549:65 , 14
550:107 , 29
551:63 , 25
552:51 , 33
553:71 , 17
554:80 , 29
555:98 , 49
556:53 , 30
557:82 , 28
558:67 , 39
559:58 , 13
560:37 , 15
561:63 , 26
562:70 , 25
563:158 , 34
564:156 , 30
565:88 , 6
566:38 , 6
567:41 , 8
568:27 , 2
569:27 , 1
570:78 , 0
571:62 , 2
572:80 , 1
573:79 , 10
574:85 , 13
575:130 , 26
576:86 , 44
577:65 , 26
578:106 , 29
579:50 , 18
580:54 , 21
581:58 , 5
582:23 , 6
583:63 , 8
584:73 , 13
585:100 , 6
586:30 , 12
587:19 , 9
588:36 , 15
589:56 , 14
590:17 , 2
591:20 , 2
592:29 , 0
593:46 , 14
594:69 , 15
595:68 , 35
596:30 , 11
597:52 , 9
598:22 , 6
599:16 , 2
600:26 , 5
601:32 , 3
602:58 , 28
603:44 , 10
604:52 , 10
605:49 , 25
606:36 , 16
607:20 , 8
608:25 , 4
609:34 , 1
610:15 , 3
611:29 , 2
612:49 , 21
613:48 , 34
614:24 , 14
615:40 , 26
616:37 , 28
617:19 , 6
618:22 , 8
619:10 , 1
620:53 , 11
621:30 , 21
622:37 , 18
623:38 , 12
624:39 , 15
625:24 , 9
626:28 , 7
627:59 , 2
628:48 , 9
629:35 , 13
630:42 , 14
631:41 , 20
632:29 , 9
633:55 , 14
634:24 , 11
635:21 , 5
636:31 , 14
637:27 , 21
638:51 , 18
639:17 , 9
640:105 , 33
641:77 , 32
642:39 , 13
643:35 , 8
644:15 , 15
645:38 , 8
646:30 , 3
647:33 , 1
648:61 , 1
649:28 , 1
650:31 , 2
651:53 , 25
652:49 , 10
653:47 , 12
654:44 , 9
655:35 , 3
656:14 , 1
657:28 , 2
658:12 , 0
659:27 , 3
660:21 , 0
661:29 , 9
662:37 , 7
663:39 , 12
664:16 , 2
665:29 , 8
666:13 , 5
667:25 , 17
668:6 , 1
669:24 , 7
670:22 , 2
671:18 , 1
672:34 , 7
673:24 , 5
674:13 , 3
675:18 , 0
676:36 , 2
677:33 , 2
678:17 , 2
679:35 , 4
680:18 , 9
681:27 , 5
682:21 , 0
683:22 , 1
684:18 , 0
685:15 , 0
686:30 , 6
687:41 , 8
688:46 , 19
689:31 , 11
690:38 , 11
691:15 , 2
692:23 , 1
693:13 , 5
694:28 , 9
695:21 , 0
696:46 , 19
697:28 , 6
698:30 , 12
699:17 , 6
700:28 , 10
701:50 , 2
702:31 , 1
703:26 , 0
704:23 , 8
705:19 , 5
706:56 , 20
707:24 , 2
708:1 , 0
709:11 , 0
710:16 , 2
711:9 , 0
712:30 , 0
713:12 , 1
714:17 , 8
715:21 , 14
716:15 , 14
717:22 , 16
718:25 , 4
719:16 , 5
720:33 , 10
721:17 , 4
722:19 , 0
723:29 , 0
724:12 , 2
725:16 , 0
726:8 , 1
727:21 , 1
728:11 , 0
729:10 , 0
730:25 , 6
731:31 , 2
732:37 , 9
733:16 , 4
734:28 , 6
735:32 , 1
736:1 , 0
737:3 , 1
738:4 , 4
739:12 , 8
740:7 , 0
741:6 , 1
742:19 , 2
743:42 , 0
744:26 , 1
745:8 , 4
746:19 , 12
747:2 , 0
748:11 , 4
749:17 , 8
750:16 , 5
751:13 , 1
752:24 , 1
753:16 , 1
754:23 , 2
755:13 , 0
756:3 , 1
757:15 , 2
758:37 , 1
759:17 , 9
760:10 , 3
761:2 , 0
762:19 , 0
763:18 , 0
764:5 , 0
765:9 , 0
766:28 , 7
767:14 , 12
768:18 , 15
769:19 , 2
770:5 , 0
771:17 , 1
772:6 , 0
773:7 , 0
774:6 , 0
775:1 , 0
776:7 , 0
777:12 , 0
778:23 , 0
779:7 , 1
780:5 , 0
781:12 , 1
782:17 , 1
783:4 , 0
784:18 , 0
785:5 , 0
786:17 , 0
787:39 , 1
788:20 , 1
789:19 , 0
790:17 , 0
791:38 , 4
792:30 , 2
793:46 , 5
794:26 , 0
795:50 , 0
796:22 , 0
797:39 , 5
798:51 , 13
799:14 , 4
800:18 , 2
801:16 , 11
802:33 , 0
803:23 , 0
804:19 , 6
805:11 , 7
806:24 , 0
807:30 , 0
808:36 , 0
809:10 , 0
810:34 , 6
811:11 , 5
812:26 , 0
813:19 , 0
814:38 , 0
815:18 , 1
816:30 , 1
817:6 , 0
818:22 , 0
819:19 , 10
820:15 , 0
821:35 , 0
822:10 , 0
823:9 , 0
824:18 , 0
825:31 , 0
826:19 , 0
827:19 , 0
828:13 , 0
829:12 , 0
830:27 , 0
831:20 , 0
832:22 , 0
833:14 , 0
834:32 , 0
835:22 , 0
836:44 , 8
837:32 , 0
838:26 , 3
839:20 , 0
840:23 , 0
841:22 , 0
842:17 , 0
843:6 , 0
844:13 , 0
845:16 , 0
846:13 , 0
847:5 , 0
848:11 , 0
849:6 , 0
850:1 , 0
851:3 , 0
852:6 , 0
853:18 , 0
854:8 , 0
855:16 , 0
856:26 , 0
857:10 , 0
858:38 , 0
859:21 , 0
860:15 , 0
861:15 , 0
862:6 , 0
863:10 , 0
864:2 , 0
865:23 , 0
866:10 , 0
867:14 , 0
868:21 , 0
869:4 , 0
870:2 , 0
871:2 , 0
872:1 , 0
873:9 , 0
874:21 , 0
875:18 , 0
876:7 , 0
877:7 , 0
878:3 , 0
879:7 , 0
880:6 , 0
881:2 , 0
882:1 , 0
883:1 , 0
884:1 , 0
885:11 , 0
886:17 , 0
887:2 , 0
888:3 , 0
889:2 , 0
890:5 , 0
891:11 , 0
892:1 , 0
893:5 , 0
894:14 , 0
895:13 , 0
896:5 , 0
897:26 , 0
898:5 , 0
899:2 , 0
900:5 , 0
901:3 , 0
902:10 , 0
903:4 , 0
904:1 , 0
905:12 , 0
906:2 , 0
907:10 , 0
908:3 , 0
909:4 , 0
910:9 , 0
911:6 , 0
912:21 , 0
913:23 , 0
914:24 , 0
915:7 , 0
916:20 , 0
917:8 , 0
918:13 , 0
919:13 , 0
920:0 , 0
921:5 , 0
922:4 , 0
923:16 , 0
924:6 , 0
925:6 , 0
926:4 , 0
927:2 , 0
928:16 , 0
929:14 , 0
930:17 , 0
931:27 , 0
932:3 , 0
933:8 , 0
934:5 , 0
935:6 , 0
936:5 , 0
937:6 , 0
938:7 , 0
939:5 , 0
940:3 , 0
941:3 , 0
942:26 , 0
943:19 , 0
944:2 , 0
945:8 , 0
946:2 , 0
947:3 , 0
948:1 , 0
949:5 , 0
950:10 , 0
951:3 , 0
952:5 , 0
953:7 , 0
954:4 , 0
955:3 , 0
956:2 , 0
957:3 , 0
958:6 , 0
959:18 , 0
960:3 , 0
961:12 , 0
962:4 , 0
963:10 , 0
964:17 , 0
965:7 , 0
966:3 , 0
967:6 , 0
968:5 , 0
969:18 , 0
970:4 , 0
971:1 , 0
972:8 , 0
973:11 , 0
974:14 , 0
975:9 , 0
976:3 , 0
977:2 , 0
978:2 , 0
979:13 , 0
980:37 , 0
981:6 , 0
982:16 , 0
983:13 , 0
984:6 , 0
985:2 , 0
986:9 , 0
987:5 , 0
988:6 , 0
989:13 , 0
990:4 , 0
991:5 , 0
992:5 , 0
993:3 , 0
994:1 , 0
995:14 , 0
996:4 , 0
997:3 , 0
998:10 , 0
999:17 , 0
1000:2 , 0
1001:3 , 0
1002:3 , 0
1003:0 , 0
1004:5 , 0
1005:2 , 0
1006:11 , 0
1007:12 , 0
1008:4 , 0
1009:5 , 0
1010:9 , 0
1011:1 , 0
1012:29 , 0
1013:14 , 0
1014:2 , 0
1015:13 , 0
1016:1 , 0
1017:4 , 0
1018:1 , 0
1019:4 , 0
1020:3 , 0
1021:2 , 0
1022:2 , 0
1023:3 , 0
0:43:0.597674
way:2
1:655:0.0042424
way:30
43
41000000
42000000
43000000
44000000
** Heartbeat for core[01]:        insts:70000000    cycles:101947582  (4077903240) seconds:1088  -- 0.57 IPC (0.69 IPC) -- 53.19 KIPS (64.34 KIPS)
** Heartbeat for core[01]:  Thread:0      insts:70000000    cycles:101947582  (4077903240) seconds:1088  -- 0.57 IPC (0.69 IPC) -- 53.19 KIPS (64.34 KIPS)
45000000
46000000
**Core 00 Core_Total  Finished:   insts:79985910    cycles:107374184  (4294967320) seconds:1149  -- 0.74 IPC (0.74 IPC) --  N/A  KHz (69.61 KHz)
**Core 00 Thread 00 Finished:   insts:79985910    cycles:107374184  (4294967320)  seconds:1149  -- 0.74 IPC (0.74 IPC) --  N/A  KHz (69.61 KHz) 
**Core 01 Core_Total  Finished:   insts:75443635    cycles:107374184  (4294967320) seconds:1149  -- 0.70 IPC (0.70 IPC) --  N/A  KHz (65.66 KHz)
**Core 01 Thread 00 Finished:   insts:75443635    cycles:107374184  (4294967320)  seconds:1149  -- 0.70 IPC (0.70 IPC) --  N/A  KHz (65.66 KHz) 
src/macsim.cc:617: (I=79985910  C=4294967361):  finalize simulation
src/macsim.cc:623: (I=79985910  C=4294967361):  elapsed time:1149.0 seconds
Done
