####################################################################################################
Interval
####################################################################################################
Cumulative:         Cycles:                  20000     Instructions:                  1200
POWER_L3CACHE_LINEFILL_BUF_R                               458451                        458451

POWER_L3CACHE_LINEFILL_BUF_W                               458451                        458451

POWER_L3CACHE_LINEFILL_BUF_R_TAG                           458451                        458451

POWER_L3CACHE_WB_BUF_R                                        983                           983

POWER_L3CACHE_WB_BUF_W                                        983                           983

POWER_L3CACHE_WB_BUF_R_TAG                                    983                           983

POWER_L3CACHE_R                                            758671                        758671

POWER_L3CACHE_W                                            102787                        102787

POWER_L3CACHE_R_TAG                                       1217122                       1217122

POWER_MC_R                                                9210615                       9210615

POWER_MC_W                                                 459434                        459434

POWER_BLOCK_STATES_R_CORE_0                             107374184                     107374184

POWER_BLOCK_STATES_W_CORE_0                             107374184                     107374184

POWER_FETCH_QUEUE_R_CORE_0                              102874204                     102874204

POWER_FETCH_QUEUE_W_CORE_0                              102874204                     102874204

POWER_INST_QUEUE_R_CORE_0                               222869723                     222869723

POWER_INST_QUEUE_W_CORE_0                               102874204                     102874204

POWER_BR_PRED_R_CORE_0                                   11314026                      11314026

POWER_BR_PRED_W_CORE_0                                   11187314                      11187314

POWER_RAS_R_CORE_0                                         552310                        552310

POWER_RAS_W_CORE_0                                         527236                        527236

POWER_ICACHE_R_CORE_0                                    25718551                      25718551

POWER_ICACHE_W_CORE_0                                         100                           100

POWER_ICACHE_R_TAG_CORE_0                                25718651                      25718651

POWER_ICACHE_MISS_BUF_R_CORE_0                                200                           200

POWER_ICACHE_MISS_BUF_W_CORE_0                                200                           200

POWER_ICACHE_MISS_BUF_R_TAG_CORE_0                            100                           100

POWER_ICACHE_MISS_BUF_W_TAG_CORE_0                              0                             0

POWER_ICACHE_TOT_ACC_CORE_0                                     0                             0

POWER_ICACHE_CONF_CORE_0                                        0                             0

POWER_INST_DECODER_R_CORE_0                              79985936                      79985936

POWER_INST_DECODER_W_CORE_0                                     0                             0

POWER_MICRO_OP_SEQ_R_CORE_0                                     0                             0

POWER_MICRO_OP_SEQ_W_CORE_0                                     0                             0

POWER_OPERAND_DECODER_R_CORE_0                           79985936                      79985936

POWER_OPERAND_DECODER_W_CORE_0                                  0                             0

POWER_UOP_QUEUE_R_CORE_0                                222869723                     222869723

POWER_UOP_QUEUE_W_CORE_0                                102874204                     102874204

POWER_REG_RENAMING_TABLE_R_CORE_0                       222869723                     222869723

POWER_REG_RENAMING_TABLE_W_CORE_0                       102874204                     102874204

POWER_DEP_CHECK_LOGIC_R_CORE_0                          102874204                     102874204

POWER_FREELIST_R_CORE_0                                 222869723                     222869723

POWER_FREELIST_W_CORE_0                                 102874204                     102874204

POWER_RESERVATION_STATION_R_CORE_0                      102874625                     102874625

POWER_RESERVATION_STATION_W_CORE_0                      102874204                     102874204

POWER_RESERVATION_STATION_R_TAG_CORE_0                  102874625                     102874625

POWER_RESERVATION_STATION_W_TAG_CORE_0                          0                             0

POWER_INST_ISSUE_SEL_LOGIC_R_CORE_0                     102874625                     102874625

POWER_INST_ISSUE_SEL_LOGIC_W_CORE_0                     102874191                     102874191

POWER_PAYLOAD_RAM_R_CORE_0                              102874625                     102874625

POWER_PAYLOAD_RAM_W_CORE_0                              102874191                     102874191

POWER_EX_ALU_R_CORE_0                                    63337770                      63337770

POWER_EX_FPU_R_CORE_0                                       60411                         60411

POWER_EX_MUL_R_CORE_0                                     4266295                       4266295

POWER_EX_SFU_R_CORE_0                                           0                             0

POWER_REORDER_BUF_R_CORE_0                              102874170                     102874170

POWER_REORDER_BUF_W_CORE_0                              205748408                     205748408

POWER_INST_COMMIT_SEL_LOGIC_R_CORE_0                    102874170                     102874170

POWER_INST_COMMIT_SEL_LOGIC_W_CORE_0                    102874204                     102874204

POWER_FP_RENAME_R_CORE_0                                   149760                        149760

POWER_FP_RENAME_W_CORE_0                                        0                             0

POWER_LOAD_QUEUE_R_CORE_0                                28149063                      28149063

POWER_LOAD_QUEUE_W_CORE_0                                28149063                      28149063

POWER_LOAD_QUEUE_R_TAG_CORE_0                            28149063                      28149063

POWER_LOAD_QUEUE_W_TAG_CORE_0                                   0                             0

POWER_STORE_QUEUE_R_CORE_0                                7061086                       7061086

POWER_STORE_QUEUE_W_CORE_0                                7061086                       7061086

POWER_STORE_QUEUE_R_TAG_CORE_0                            7061086                       7061086

POWER_STORE_QUEUE_W_TAG_CORE_0                                  0                             0

POWER_DATA_TLB_R_CORE_0                                  28149063                      28149063

POWER_DATA_TLB_W_CORE_0                                         0                             0

POWER_DATA_TLB_R_TAG_CORE_0                                     0                             0

POWER_DATA_TLB_W_TAG_CORE_0                                     0                             0

POWER_INT_REGFILE_R_CORE_0                              170417845                     170417845

POWER_INT_REGFILE_W_CORE_0                              102813780                     102813780

POWER_FP_REGFILE_R_CORE_0                                  117784                        117784

POWER_FP_REGFILE_W_CORE_0                                   60411                         60411

POWER_GP_REGISTER_R_CORE_0                              170417845                     170417845

POWER_GP_REGISTER_W_CORE_0                              102813780                     102813780

POWER_FP_REGISTER_R_CORE_0                                 120822                        120822

POWER_FP_REGISTER_W_CORE_0                                  60411                         60411

POWER_SEGMENT_REGISTER_R_CORE_0                          35209715                      35209715

POWER_SEGMENT_REGISTER_W_CORE_0                          69185412                      69185412

POWER_CONTROL_REGISTER_R_CORE_0                                 0                             0

POWER_CONTROL_REGISTER_W_CORE_0                           1997257                       1997257

POWER_FLAG_REGISTER_R_CORE_0                                    0                             0

POWER_FLAG_REGISTER_W_CORE_0                                    0                             0

POWER_EXEC_BYPASS_CORE_0                                102874191                     102874191

POWER_LOAD_BYPASS_CORE_0                                  1415129                       1415129

POWER_PIPELINE_CORE_0                                    79985910                      79985910

POWER_DCACHE_MISS_BUF_R_CORE_0                            1414929                       1414929

POWER_DCACHE_MISS_BUF_R_TAG_CORE_0                        1638268                       1638268

POWER_DCACHE_MISS_BUF_W_CORE_0                            1638268                       1638268

POWER_DCACHE_MISS_BUF_W_TAG_CORE_0                              0                             0

POWER_DCACHE_LINEFILL_BUF_R_CORE_0                              0                             0

POWER_L2CACHE_LINEFILL_BUF_R_CORE_0                        939071                        939071

POWER_DCACHE_LINEFILL_BUF_W_CORE_0                              0                             0

POWER_L2CACHE_LINEFILL_BUF_W_CORE_0                        923027                        923027

POWER_DCACHE_LINEFILL_BUF_R_TAG_CORE_0                          0                             0

POWER_L2CACHE_LINEFILL_BUF_R_TAG_CORE_0                   1154534                       1154534

POWER_DCACHE_LINEFILL_BUF_W_TAG_CORE_0                          0                             0

POWER_DCACHE_WB_BUF_R_CORE_0                               215463                        215463

POWER_L2CACHE_WB_BUF_R_CORE_0                                   0                             0

POWER_DCACHE_WB_BUF_W_CORE_0                               215463                        215463

POWER_L2CACHE_WB_BUF_W_CORE_0                                   0                             0

POWER_DCACHE_WB_BUF_R_TAG_CORE_0                           430926                        430926

POWER_L2CACHE_WB_BUF_R_TAG_CORE_0                               0                             0

POWER_DCACHE_WB_BUF_W_TAG_CORE_0                                0                             0

POWER_DCACHE_R_CORE_0                                    33571447                      33571447

POWER_L2CACHE_R_CORE_0                                          0                             0

POWER_DCACHE_W_CORE_0                                      707464                        707464

POWER_L2CACHE_W_CORE_0                                          0                             0

POWER_DCACHE_R_TAG_CORE_0                                35209715                      35209715

POWER_L2CACHE_R_TAG_CORE_0                                      0                             0

POWER_CONST_CACHE_R_CORE_0                                      0                             0

POWER_CONST_CACHE_W_CORE_0                                      0                             0

POWER_CONST_CACHE_R_TAG_CORE_0                                  0                             0

POWER_CONST_CACHE_W_TAG_CORE_0                                  0                             0

POWER_TEXTURE_CACHE_R_CORE_0                                    0                             0

POWER_TEXTURE_CACHE_W_CORE_0                                    0                             0

POWER_TEXTURE_CACHE_R_TAG_CORE_0                                0                             0

POWER_TEXTURE_CACHE_W_TAG_CORE_0                                0                             0

POWER_SHARED_MEM_R_CORE_0                                       0                             0

POWER_SHARED_MEM_W_CORE_0                                       0                             0

POWER_SHARED_MEM_R_TAG_CORE_0                                   0                             0

POWER_SHARED_MEM_W_TAG_CORE_0                                   0                             0

POWER_BLOCK_STATES_R_CORE_1                             107374184                     107374184

POWER_BLOCK_STATES_W_CORE_1                             107374184                     107374184

POWER_FETCH_QUEUE_R_CORE_1                              107316228                     107316228

POWER_FETCH_QUEUE_W_CORE_1                              107316228                     107316228

POWER_INST_QUEUE_R_CORE_1                               223314449                     223314449

POWER_INST_QUEUE_W_CORE_1                               107315973                     107315973

POWER_BR_PRED_R_CORE_1                                    7986690                       7986690

POWER_BR_PRED_W_CORE_1                                    7985433                       7985433

POWER_RAS_R_CORE_1                                            899                           899

POWER_RAS_W_CORE_1                                            672                           672

POWER_ICACHE_R_CORE_1                                    26829057                      26829057

POWER_ICACHE_W_CORE_1                                         529                           529

POWER_ICACHE_R_TAG_CORE_1                                26829586                      26829586

POWER_ICACHE_MISS_BUF_R_CORE_1                               1058                          1058

POWER_ICACHE_MISS_BUF_W_CORE_1                               1058                          1058

POWER_ICACHE_MISS_BUF_R_TAG_CORE_1                            529                           529

POWER_ICACHE_MISS_BUF_W_TAG_CORE_1                              0                             0

POWER_ICACHE_TOT_ACC_CORE_1                                     0                             0

POWER_ICACHE_CONF_CORE_1                                        0                             0

POWER_INST_DECODER_R_CORE_1                              75443913                      75443913

POWER_INST_DECODER_W_CORE_1                                     0                             0

POWER_MICRO_OP_SEQ_R_CORE_1                                     0                             0

POWER_MICRO_OP_SEQ_W_CORE_1                                     0                             0

POWER_OPERAND_DECODER_R_CORE_1                           75443913                      75443913

POWER_OPERAND_DECODER_W_CORE_1                                  0                             0

POWER_UOP_QUEUE_R_CORE_1                                223314449                     223314449

POWER_UOP_QUEUE_W_CORE_1                                107315973                     107315973

POWER_REG_RENAMING_TABLE_R_CORE_1                       223314449                     223314449

POWER_REG_RENAMING_TABLE_W_CORE_1                       107315973                     107315973

POWER_DEP_CHECK_LOGIC_R_CORE_1                          107316228                     107316228

POWER_FREELIST_R_CORE_1                                 223314449                     223314449

POWER_FREELIST_W_CORE_1                                 107315973                     107315973

POWER_RESERVATION_STATION_R_CORE_1                      107352765                     107352765

POWER_RESERVATION_STATION_W_CORE_1                      107315945                     107315945

POWER_RESERVATION_STATION_R_TAG_CORE_1                  107352765                     107352765

POWER_RESERVATION_STATION_W_TAG_CORE_1                          0                             0

POWER_INST_ISSUE_SEL_LOGIC_R_CORE_1                     107352765                     107352765

POWER_INST_ISSUE_SEL_LOGIC_W_CORE_1                     107315921                     107315921

POWER_PAYLOAD_RAM_R_CORE_1                              107352765                     107352765

POWER_PAYLOAD_RAM_W_CORE_1                              107315921                     107315921

POWER_EX_ALU_R_CORE_1                                    59530859                      59530859

POWER_EX_FPU_R_CORE_1                                          44                            44

POWER_EX_MUL_R_CORE_1                                         124                           124

POWER_EX_SFU_R_CORE_1                                           0                             0

POWER_REORDER_BUF_R_CORE_1                              107315826                     107315826

POWER_REORDER_BUF_W_CORE_1                              214631946                     214631946

POWER_INST_COMMIT_SEL_LOGIC_R_CORE_1                    107315826                     107315826

POWER_INST_COMMIT_SEL_LOGIC_W_CORE_1                    107315973                     107315973

POWER_FP_RENAME_R_CORE_1                                       60                            60

POWER_FP_RENAME_W_CORE_1                                        0                             0

POWER_LOAD_QUEUE_R_CORE_1                                35548743                      35548743

POWER_LOAD_QUEUE_W_CORE_1                                35548743                      35548743

POWER_LOAD_QUEUE_R_TAG_CORE_1                            35548743                      35548743

POWER_LOAD_QUEUE_W_TAG_CORE_1                                   0                             0

POWER_STORE_QUEUE_R_CORE_1                               12272995                      12272995

POWER_STORE_QUEUE_W_CORE_1                               12272995                      12272995

POWER_STORE_QUEUE_R_TAG_CORE_1                           12272995                      12272995

POWER_STORE_QUEUE_W_TAG_CORE_1                                  0                             0

POWER_DATA_TLB_R_CORE_1                                  35548743                      35548743

POWER_DATA_TLB_W_CORE_1                                         0                             0

POWER_DATA_TLB_R_TAG_CORE_1                                     0                             0

POWER_DATA_TLB_W_TAG_CORE_1                                     0                             0

POWER_INT_REGFILE_R_CORE_1                              166846860                     166846860

POWER_INT_REGFILE_W_CORE_1                              107315877                     107315877

POWER_FP_REGFILE_R_CORE_1                                      88                            88

POWER_FP_REGFILE_W_CORE_1                                      44                            44

POWER_GP_REGISTER_R_CORE_1                              166846860                     166846860

POWER_GP_REGISTER_W_CORE_1                              107315877                     107315877

POWER_FP_REGISTER_R_CORE_1                                     88                            88

POWER_FP_REGISTER_W_CORE_1                                     44                            44

POWER_SEGMENT_REGISTER_R_CORE_1                          47784894                      47784894

POWER_SEGMENT_REGISTER_W_CORE_1                          87615755                      87615755

POWER_CONTROL_REGISTER_R_CORE_1                                 0                             0

POWER_CONTROL_REGISTER_W_CORE_1                           7964950                       7964950

POWER_FLAG_REGISTER_R_CORE_1                                    0                             0

POWER_FLAG_REGISTER_W_CORE_1                                    0                             0

POWER_EXEC_BYPASS_CORE_1                                107315921                     107315921

POWER_LOAD_BYPASS_CORE_1                                  1019117                       1019117

POWER_PIPELINE_CORE_1                                    75443635                      75443635

POWER_DCACHE_MISS_BUF_R_CORE_1                            1018059                       1018059

POWER_DCACHE_MISS_BUF_R_TAG_CORE_1                        7112284                       7112284

POWER_DCACHE_MISS_BUF_W_CORE_1                            7112284                       7112284

POWER_DCACHE_MISS_BUF_W_TAG_CORE_1                              0                             0

POWER_DCACHE_LINEFILL_BUF_R_CORE_1                              0                             0

POWER_L2CACHE_LINEFILL_BUF_R_CORE_1                       2062675                       2062675

POWER_DCACHE_LINEFILL_BUF_W_CORE_1                              0                             0

POWER_L2CACHE_LINEFILL_BUF_W_CORE_1                        594658                        594658

POWER_DCACHE_LINEFILL_BUF_R_TAG_CORE_1                          0                             0

POWER_L2CACHE_LINEFILL_BUF_R_TAG_CORE_1                   2147775                       2147775

POWER_DCACHE_LINEFILL_BUF_W_TAG_CORE_1                          0                             0

POWER_DCACHE_WB_BUF_R_CORE_1                                85100                         85100

POWER_L2CACHE_WB_BUF_R_CORE_1                                   0                             0

POWER_DCACHE_WB_BUF_W_CORE_1                                85100                         85100

POWER_L2CACHE_WB_BUF_W_CORE_1                                   0                             0

POWER_DCACHE_WB_BUF_R_TAG_CORE_1                           170200                        170200

POWER_L2CACHE_WB_BUF_R_TAG_CORE_1                               0                             0

POWER_DCACHE_WB_BUF_W_TAG_CORE_1                                0                             0

POWER_DCACHE_R_CORE_1                                    40672610                      40672610

POWER_L2CACHE_R_CORE_1                                          0                             0

POWER_DCACHE_W_CORE_1                                      509029                        509029

POWER_L2CACHE_W_CORE_1                                          0                             0

POWER_DCACHE_R_TAG_CORE_1                                47784894                      47784894

POWER_L2CACHE_R_TAG_CORE_1                                      0                             0

POWER_CONST_CACHE_R_CORE_1                                      0                             0

POWER_CONST_CACHE_W_CORE_1                                      0                             0

POWER_CONST_CACHE_R_TAG_CORE_1                                  0                             0

POWER_CONST_CACHE_W_TAG_CORE_1                                  0                             0

POWER_TEXTURE_CACHE_R_CORE_1                                    0                             0

POWER_TEXTURE_CACHE_W_CORE_1                                    0                             0

POWER_TEXTURE_CACHE_R_TAG_CORE_1                                0                             0

POWER_TEXTURE_CACHE_W_TAG_CORE_1                                0                             0

POWER_SHARED_MEM_R_CORE_1                                       0                             0

POWER_SHARED_MEM_W_CORE_1                                       0                             0

POWER_SHARED_MEM_R_TAG_CORE_1                                   0                             0

POWER_SHARED_MEM_W_TAG_CORE_1                                   0                             0

