####################################################################################################
Interval
####################################################################################################
Cumulative:         Cycles:                  20000     Instructions:                  1200
DRAM_PRECHARGE                                              39376                         39376

DRAM_ACTIVATE                                               39384                         39384

DRAM_COLUMN                                                466759                        466759

DRAM_AVG_LATENCY_BASE                                      466759                        466759

DRAM_AVG_LATENCY                                         11758255                       25.1913

BANDWIDTH_TOT                                            29872576                      29872576

DRAM_CHANNEL0_BANDWIDTH_SATURATED                            6783                          6783

DRAM_CHANNEL1_BANDWIDTH_SATURATED                            6214                          6214

DRAM_CHANNEL2_BANDWIDTH_SATURATED                               0                             0

DRAM_CHANNEL3_BANDWIDTH_SATURATED                               0                             0

DRAM_CHANNEL4_BANDWIDTH_SATURATED                               0                             0

DRAM_CHANNEL5_BANDWIDTH_SATURATED                               0                             0

DRAM_CHANNEL6_BANDWIDTH_SATURATED                               0                             0

DRAM_CHANNEL7_BANDWIDTH_SATURATED                               0                             0

DRAM_CHANNEL0_DBUS_IDLE                                  35478343                      35478343

DRAM_CHANNEL1_DBUS_IDLE                                  35482671                      35482671

DRAM_CHANNEL2_DBUS_IDLE                                         0                             0

DRAM_CHANNEL3_DBUS_IDLE                                         0                             0

DRAM_CHANNEL4_DBUS_IDLE                                         0                             0

DRAM_CHANNEL5_DBUS_IDLE                                         0                             0

DRAM_CHANNEL6_DBUS_IDLE                                         0                             0

DRAM_CHANNEL7_DBUS_IDLE                                         0                             0

