####################################################################################################
Interval
####################################################################################################
Cumulative:         Cycles:                  20000     Instructions:                  1200
AVG_MEMORY_LATENCY_BASE                                   8853055                       8853055

AVG_MEMORY_LATENCY                                      538147025                       60.7866

MSHR_FULL                                                       0                             0

TOTAL_MEMORY                                              8557508                       8557508

TOTAL_MEMORY_MERGE                                        7347843                      0.858643

TOTAL_WB                                                   295565                     0.0345387

L1_WB                                                      294947                      0.997909

L2_WB                                                           0                             0

L3_WB                                                         618                    0.00209091

TOTAL_DRAM                                                 466759                        466759

TOTAL_DRAM_MERGE                                                0                             0

L1_HIT_CPU                                               73511504                      73511504

L1_HIT_GPU                                                      0                             0

L1_MISS_CPU                                               8556844                       8556844

L1_MISS_GPU                                                     0                             0

L2_HIT_CPU                                                      0                             0

L2_HIT_GPU                                                      0                             0

L2_MISS_CPU                                               1209665                       1209665

L2_MISS_GPU                                                     0                             0

L3_HIT_CPU                                                 743522                        743522

L3_HIT_GPU                                                      0                             0

L3_MISS_CPU                                                466141                        466141

L3_MISS_GPU                                                     0                             0

L3_HIT_PROMOTION_CPU                                            0                             0

L3_HIT_PROMOTION_GPU                                            0                             0

FETCH_THREAD_SKIP_LD_WAIT                                       0                             0

FETCH_THREAD_SKIP_BR_WAIT                                       0                             0

FETCH_THREAD_SKIP_SCHED_WAIT                                    0                             0

NUM_MUL_TRANS_CM_TM_DM_INST                                     0                             0

NUM_MUL_TRANS_CM_TM_DM                                          0                           NaN

CONST_CACHE_HIT                                                 0                             0

CONST_CACHE_MISS                                                0                             0

CONST_CACHE_MISS_NO_EXECUTE                                     0                             0

CONST_CACHE_ACCESS                                              0                             0

TEXTURE_CACHE_HIT                                               0                             0

TEXTURE_CACHE_MISS                                              0                             0

TEXTURE_CACHE_NO_EXECUTE                                        0                             0

TEXTURE_CACHE_ACCESS                                            0                             0

SHARED_MEM_INST                                                 0                             0

SHARED_MEM_ACCESS                                               0                             0

CACHE_BANK_BUSY                                           7974568                       7974568

ICACHE_MISS_TOTAL                                             664                           664

TOTAL_CAGE_PERIOD                                               0                             0

TOTAL_CAGE_APPL0                                                0                           NaN

TOTAL_CAGE_APPL1                                                0                           NaN

TOTAL_CAGE_APPL2                                                0                           NaN

TOTAL_CAGE_APPL3                                                0                           NaN

TOTAL_CAGE_APPL4                                                0                           NaN

ABIP_AVG_RATIO_BASE                                             0                             0

ABIP_AVG_RATIO                                                  0                           NaN

TOTAL_WRITE_ACKS                                                0                             0

TOTAL_WRITES                                                    0                             0

NUM_PHYSICAL_PAGES                                              0                             0

COAL_INST                                                       0                          NaN 
UNCOAL_INST                                                     0                          NaN 
                                                                0                           100%

COAL_INST_SINGLE_TRANS                                          0                          NaN 
COAL_INST_MUL_TRANS                                             0                          NaN 
UNCOAL_INST_MUL_TRANS                                           0                          NaN 
                                                                0                           100%

SM_COAL_INST                                                    0                          NaN 
CM_COAL_INST                                                    0                          NaN 
TM_COAL_INST                                                    0                          NaN 
DM_COAL_INST                                                    0                          NaN 
                                                                0                           100%

SM_UNCOAL_INST                                                  0                          NaN 
CM_UNCOAL_INST                                                  0                          NaN 
TM_UNCOAL_INST                                                  0                          NaN 
DM_UNCOAL_INST                                                  0                          NaN 
                                                                0                           100%

SM_COAL_INST_SINGLE_TRANS                                       0                          NaN 
CM_COAL_INST_SINGLE_TRANS                                       0                          NaN 
TM_COAL_INST_SINGLE_TRANS                                       0                          NaN 
DM_COAL_INST_SINGLE_TRANS                                       0                          NaN 
                                                                0                           100%

SM_COAL_INST_MUL_TRANS                                          0                          NaN 
CM_COAL_INST_MUL_TRANS                                          0                          NaN 
TM_COAL_INST_MUL_TRANS                                          0                          NaN 
DM_COAL_INST_MUL_TRANS                                          0                          NaN 
                                                                0                           100%

LD_NO_FORWARD                                            33816145                       53.5582%
FORWARDED_LD                                             29322925                       46.4418%
                                                         63139070                           100%

L3_TOT_ACCESS_CORE_CORE_0                                  714625                        714625

L3_HIT_CORE_CORE_0                                         675885                        675885

L3_MISS_CORE_CORE_0                                         38740                         38740

L3_HIT_RATE_CORE_CORE_0                                    675885                       0.94579

L3_MISS_RATE_CORE_CORE_0                                    38740                     0.0542102

L3_BYPASS_CORE_CORE_0                                           0                             0

MEM_STALL_CYCLE_CORE_0                                          0                             0

ICACHE_FILL_CORE_0                                            100                           100

NUM_WRITE_ACKS_CORE_0                                           0                             0

NUM_WRITES_CORE_0                                               0                             0

ICACHE_HIT_CORE_0                                        26053747                       99.9996%
ICACHE_MISS_CORE_0                                            100                    0.00038382%
                                                         26053847                           100%

L3_TOT_ACCESS_CORE_CORE_1                                  495038                        495038

L3_HIT_CORE_CORE_1                                          67637                         67637

L3_MISS_CORE_CORE_1                                        427401                        427401

L3_HIT_RATE_CORE_CORE_1                                     67637                       0.13663

L3_MISS_RATE_CORE_CORE_1                                   427401                       0.86337

L3_BYPASS_CORE_CORE_1                                      381895                        381895

MEM_STALL_CYCLE_CORE_1                                          0                             0

ICACHE_FILL_CORE_1                                            564                           564

NUM_WRITE_ACKS_CORE_1                                           0                             0

NUM_WRITES_CORE_1                                               0                             0

ICACHE_HIT_CORE_1                                        26077982                       99.9978%
ICACHE_MISS_CORE_1                                            564                     0.0021627%
                                                         26078546                           100%

