####################################################################################################
Interval
####################################################################################################
Cumulative:         Cycles:                  20000     Instructions:                  1200
TOTAL_PACKET_CPU                                          3352228                       3352228

TOTAL_PACKET_GPU                                                0                             0

NOC_AVG_LATENCY_BASE                                      3352227                       3352227

NOC_AVG_LATENCY_BASE_CPU                                  3352227                       3352227

NOC_AVG_LATENCY_BASE_GPU                                        0                             0

NOC_AVG_LATENCY                                          36568596                       10.9087

NOC_AVG_LATENCY_CPU                                      36568596                       10.9087

NOC_AVG_LATENCY_GPU                                             0                           NaN

NOC_AVG_ACTIVE_PACKET_BASE                                3352228                       3352228

NOC_AVG_ACTIVE_PACKET_BASE_CPU                            3352228                       3352228

NOC_AVG_ACTIVE_PACKET_BASE_GPU                                  0                             0

NOC_AVG_ACTIVE_PACKET                                     5166040                       1.54108

NOC_AVG_ACTIVE_PACKET_CPU                                 5166040                       1.54108

NOC_AVG_ACTIVE_PACKET_GPU                                       0                           NaN

NOC_IDLE_CHANNEL                                                0                             0

NOC_IDLE_CHANNEL_CPU                                            0                             0

NOC_IDLE_CHANNEL_GPU                                            0                             0

NOC_IDLE_CHANNEL_L3                                             0                             0

NOC_IDLE_CHANNEL_MC                                             0                             0

NOC_AVG_WAIT_IN_ROUTER_BASE                               8133707                       8133707

NOC_AVG_WAIT_IN_ROUTER_BASE_CPU                           3133954                       3133954

NOC_AVG_WAIT_IN_ROUTER_BASE_GPU                                 0                             0

NOC_AVG_WAIT_IN_ROUTER_BASE_L3                            3352228                       3352228

NOC_AVG_WAIT_IN_ROUTER_BASE_MC                            1647525                       1647525

NOC_AVG_WAIT_IN_ROUTER                                   67200191                       8.26194

NOC_AVG_WAIT_IN_ROUTER_CPU                               25280815                       8.06675

NOC_AVG_WAIT_IN_ROUTER_GPU                                      0                           NaN

NOC_AVG_WAIT_IN_ROUTER_L3                                27004470                       8.05568

NOC_AVG_WAIT_IN_ROUTER_MC                                14914906                       9.05292

NOC_LINK_ACTIVE                                          14345668                      14345668

