####################################################################################################
Interval
####################################################################################################
Cumulative:         Cycles:                  20000     Instructions:                  1200
POWER_L3CACHE_LINEFILL_BUF_R                               466141                        466141

POWER_L3CACHE_LINEFILL_BUF_W                               466141                        466141

POWER_L3CACHE_LINEFILL_BUF_R_TAG                           466141                        466141

POWER_L3CACHE_WB_BUF_R                                        618                           618

POWER_L3CACHE_WB_BUF_W                                        618                           618

POWER_L3CACHE_WB_BUF_R_TAG                                    618                           618

POWER_L3CACHE_R                                            743522                        743522

POWER_L3CACHE_W                                             84246                         84246

POWER_L3CACHE_R_TAG                                       1209663                       1209663

POWER_MC_R                                                9024267                       9024267

POWER_MC_W                                                 466759                        466759

POWER_BLOCK_STATES_R_CORE_0                             107374184                     107374184

POWER_BLOCK_STATES_W_CORE_0                             107374184                     107374184

POWER_FETCH_QUEUE_R_CORE_0                              104214988                     104214988

POWER_FETCH_QUEUE_W_CORE_0                              104214988                     104214988

POWER_INST_QUEUE_R_CORE_0                               224496974                     224496974

POWER_INST_QUEUE_W_CORE_0                               104214733                     104214733

POWER_BR_PRED_R_CORE_0                                   11461446                      11461446

POWER_BR_PRED_W_CORE_0                                   11332665                      11332665

POWER_RAS_R_CORE_0                                         559745                        559745

POWER_RAS_W_CORE_0                                         534256                        534256

POWER_ICACHE_R_CORE_0                                    26053747                      26053747

POWER_ICACHE_W_CORE_0                                         100                           100

POWER_ICACHE_R_TAG_CORE_0                                26053847                      26053847

POWER_ICACHE_MISS_BUF_R_CORE_0                                200                           200

POWER_ICACHE_MISS_BUF_W_CORE_0                                200                           200

POWER_ICACHE_MISS_BUF_R_TAG_CORE_0                            100                           100

POWER_ICACHE_MISS_BUF_W_TAG_CORE_0                              0                             0

POWER_ICACHE_TOT_ACC_CORE_0                                     0                             0

POWER_ICACHE_CONF_CORE_0                                        0                             0

POWER_INST_DECODER_R_CORE_0                              81028203                      81028203

POWER_INST_DECODER_W_CORE_0                                     0                             0

POWER_MICRO_OP_SEQ_R_CORE_0                                     0                             0

POWER_MICRO_OP_SEQ_W_CORE_0                                     0                             0

POWER_OPERAND_DECODER_R_CORE_0                           81028203                      81028203

POWER_OPERAND_DECODER_W_CORE_0                                  0                             0

POWER_UOP_QUEUE_R_CORE_0                                224496974                     224496974

POWER_UOP_QUEUE_W_CORE_0                                104214733                     104214733

POWER_REG_RENAMING_TABLE_R_CORE_0                       224496974                     224496974

POWER_REG_RENAMING_TABLE_W_CORE_0                       104214733                     104214733

POWER_DEP_CHECK_LOGIC_R_CORE_0                          104214988                     104214988

POWER_FREELIST_R_CORE_0                                 224496974                     224496974

POWER_FREELIST_W_CORE_0                                 104214733                     104214733

POWER_RESERVATION_STATION_R_CORE_0                      104215147                     104215147

POWER_RESERVATION_STATION_W_CORE_0                      104214689                     104214689

POWER_RESERVATION_STATION_R_TAG_CORE_0                  104215147                     104215147

POWER_RESERVATION_STATION_W_TAG_CORE_0                          0                             0

POWER_INST_ISSUE_SEL_LOGIC_R_CORE_0                     104215147                     104215147

POWER_INST_ISSUE_SEL_LOGIC_W_CORE_0                     104214665                     104214665

POWER_PAYLOAD_RAM_R_CORE_0                              104215147                     104215147

POWER_PAYLOAD_RAM_W_CORE_0                              104214665                     104214665

POWER_EX_ALU_R_CORE_0                                    64164188                      64164188

POWER_EX_FPU_R_CORE_0                                       61494                         61494

POWER_EX_MUL_R_CORE_0                                     4321055                       4321055

POWER_EX_SFU_R_CORE_0                                           0                             0

POWER_REORDER_BUF_R_CORE_0                              104214613                     104214613

POWER_REORDER_BUF_W_CORE_0                              208429466                     208429466

POWER_INST_COMMIT_SEL_LOGIC_R_CORE_0                    104214613                     104214613

POWER_INST_COMMIT_SEL_LOGIC_W_CORE_0                    104214733                     104214733

POWER_FP_RENAME_R_CORE_0                                   149370                        149370

POWER_FP_RENAME_W_CORE_0                                        0                             0

POWER_LOAD_QUEUE_R_CORE_0                                28513408                      28513408

POWER_LOAD_QUEUE_W_CORE_0                                28513408                      28513408

POWER_LOAD_QUEUE_R_TAG_CORE_0                            28513408                      28513408

POWER_LOAD_QUEUE_W_TAG_CORE_0                                   0                             0

POWER_STORE_QUEUE_R_CORE_0                                7155002                       7155002

POWER_STORE_QUEUE_W_CORE_0                                7155002                       7155002

POWER_STORE_QUEUE_R_TAG_CORE_0                            7155002                       7155002

POWER_STORE_QUEUE_W_TAG_CORE_0                                  0                             0

POWER_DATA_TLB_R_CORE_0                                  28513408                      28513408

POWER_DATA_TLB_W_CORE_0                                         0                             0

POWER_DATA_TLB_R_TAG_CORE_0                                     0                             0

POWER_DATA_TLB_W_TAG_CORE_0                                     0                             0

POWER_INT_REGFILE_R_CORE_0                              172638414                     172638414

POWER_INT_REGFILE_W_CORE_0                              104153171                     104153171

POWER_FP_REGFILE_R_CORE_0                                  119902                        119902

POWER_FP_REGFILE_W_CORE_0                                   61494                         61494

POWER_GP_REGISTER_R_CORE_0                              172638414                     172638414

POWER_GP_REGISTER_W_CORE_0                              104153171                     104153171

POWER_FP_REGISTER_R_CORE_0                                 122988                        122988

POWER_FP_REGISTER_W_CORE_0                                  61494                         61494

POWER_SEGMENT_REGISTER_R_CORE_0                          35667928                      35667928

POWER_SEGMENT_REGISTER_W_CORE_0                          70085965                      70085965

POWER_CONTROL_REGISTER_R_CORE_0                                 0                             0

POWER_CONTROL_REGISTER_W_CORE_0                           2024078                       2024078

POWER_FLAG_REGISTER_R_CORE_0                                    0                             0

POWER_FLAG_REGISTER_W_CORE_0                                    0                             0

POWER_EXEC_BYPASS_CORE_0                                104214665                     104214665

POWER_LOAD_BYPASS_CORE_0                                  1429252                       1429252

POWER_PIPELINE_CORE_0                                    81027912                      81027912

POWER_DCACHE_MISS_BUF_R_CORE_0                            1429052                       1429052

POWER_DCACHE_MISS_BUF_R_TAG_CORE_0                        1657537                       1657537

POWER_DCACHE_MISS_BUF_W_CORE_0                            1657537                       1657537

POWER_DCACHE_MISS_BUF_W_TAG_CORE_0                              0                             0

POWER_DCACHE_LINEFILL_BUF_R_CORE_0                              0                             0

POWER_L2CACHE_LINEFILL_BUF_R_CORE_0                        949088                        949088

POWER_DCACHE_LINEFILL_BUF_W_CORE_0                              0                             0

POWER_L2CACHE_LINEFILL_BUF_W_CORE_0                        932548                        932548

POWER_DCACHE_LINEFILL_BUF_R_TAG_CORE_0                          0                             0

POWER_L2CACHE_LINEFILL_BUF_R_TAG_CORE_0                   1167011                       1167011

POWER_DCACHE_LINEFILL_BUF_W_TAG_CORE_0                          0                             0

POWER_DCACHE_WB_BUF_R_CORE_0                               217923                        217923

POWER_L2CACHE_WB_BUF_R_CORE_0                                   0                             0

POWER_DCACHE_WB_BUF_W_CORE_0                               217923                        217923

POWER_L2CACHE_WB_BUF_W_CORE_0                                   0                             0

POWER_DCACHE_WB_BUF_R_TAG_CORE_0                           435846                        435846

POWER_L2CACHE_WB_BUF_R_TAG_CORE_0                               0                             0

POWER_DCACHE_WB_BUF_W_TAG_CORE_0                                0                             0

POWER_DCACHE_R_CORE_0                                    34010391                      34010391

POWER_L2CACHE_R_CORE_0                                          0                             0

POWER_DCACHE_W_CORE_0                                      714525                        714525

POWER_L2CACHE_W_CORE_0                                          0                             0

POWER_DCACHE_R_TAG_CORE_0                                35667928                      35667928

POWER_L2CACHE_R_TAG_CORE_0                                      0                             0

POWER_CONST_CACHE_R_CORE_0                                      0                             0

POWER_CONST_CACHE_W_CORE_0                                      0                             0

POWER_CONST_CACHE_R_TAG_CORE_0                                  0                             0

POWER_CONST_CACHE_W_TAG_CORE_0                                  0                             0

POWER_TEXTURE_CACHE_R_CORE_0                                    0                             0

POWER_TEXTURE_CACHE_W_CORE_0                                    0                             0

POWER_TEXTURE_CACHE_R_TAG_CORE_0                                0                             0

POWER_TEXTURE_CACHE_W_TAG_CORE_0                                0                             0

POWER_SHARED_MEM_R_CORE_0                                       0                             0

POWER_SHARED_MEM_W_CORE_0                                       0                             0

POWER_SHARED_MEM_R_TAG_CORE_0                                   0                             0

POWER_SHARED_MEM_W_TAG_CORE_0                                   0                             0

POWER_BLOCK_STATES_R_CORE_1                             107374184                     107374184

POWER_BLOCK_STATES_W_CORE_1                             107374184                     107374184

POWER_FETCH_QUEUE_R_CORE_1                              104311928                     104311928

POWER_FETCH_QUEUE_W_CORE_1                              104311928                     104311928

POWER_INST_QUEUE_R_CORE_1                               217308354                     217308354

POWER_INST_QUEUE_W_CORE_1                               104311676                     104311676

POWER_BR_PRED_R_CORE_1                                    7754823                       7754823

POWER_BR_PRED_W_CORE_1                                    7753310                       7753310

POWER_RAS_R_CORE_1                                           1009                          1009

POWER_RAS_W_CORE_1                                            781                           781

POWER_ICACHE_R_CORE_1                                    26077982                      26077982

POWER_ICACHE_W_CORE_1                                         564                           564

POWER_ICACHE_R_TAG_CORE_1                                26078546                      26078546

POWER_ICACHE_MISS_BUF_R_CORE_1                               1128                          1128

POWER_ICACHE_MISS_BUF_W_CORE_1                               1128                          1128

POWER_ICACHE_MISS_BUF_R_TAG_CORE_1                            564                           564

POWER_ICACHE_MISS_BUF_W_TAG_CORE_1                              0                             0

POWER_ICACHE_TOT_ACC_CORE_1                                     0                             0

POWER_ICACHE_CONF_CORE_1                                        0                             0

POWER_INST_DECODER_R_CORE_1                              73364047                      73364047

POWER_INST_DECODER_W_CORE_1                                     0                             0

POWER_MICRO_OP_SEQ_R_CORE_1                                     0                             0

POWER_MICRO_OP_SEQ_W_CORE_1                                     0                             0

POWER_OPERAND_DECODER_R_CORE_1                           73364047                      73364047

POWER_OPERAND_DECODER_W_CORE_1                                  0                             0

POWER_UOP_QUEUE_R_CORE_1                                217308354                     217308354

POWER_UOP_QUEUE_W_CORE_1                                104311676                     104311676

POWER_REG_RENAMING_TABLE_R_CORE_1                       217308354                     217308354

POWER_REG_RENAMING_TABLE_W_CORE_1                       104311676                     104311676

POWER_DEP_CHECK_LOGIC_R_CORE_1                          104311928                     104311928

POWER_FREELIST_R_CORE_1                                 217308354                     217308354

POWER_FREELIST_W_CORE_1                                 104311676                     104311676

POWER_RESERVATION_STATION_R_CORE_1                      104357846                     104357846

POWER_RESERVATION_STATION_W_CORE_1                      104311668                     104311668

POWER_RESERVATION_STATION_R_TAG_CORE_1                  104357846                     104357846

POWER_RESERVATION_STATION_W_TAG_CORE_1                          0                             0

POWER_INST_ISSUE_SEL_LOGIC_R_CORE_1                     104357846                     104357846

POWER_INST_ISSUE_SEL_LOGIC_W_CORE_1                     104311644                     104311644

POWER_PAYLOAD_RAM_R_CORE_1                              104357846                     104357846

POWER_PAYLOAD_RAM_W_CORE_1                              104311644                     104311644

POWER_EX_ALU_R_CORE_1                                    57910843                      57910843

POWER_EX_FPU_R_CORE_1                                          56                            56

POWER_EX_MUL_R_CORE_1                                         325                           325

POWER_EX_SFU_R_CORE_1                                           0                             0

POWER_REORDER_BUF_R_CORE_1                              104311467                     104311467

POWER_REORDER_BUF_W_CORE_1                              208623352                     208623352

POWER_INST_COMMIT_SEL_LOGIC_R_CORE_1                    104311467                     104311467

POWER_INST_COMMIT_SEL_LOGIC_W_CORE_1                    104311676                     104311676

POWER_FP_RENAME_R_CORE_1                                       74                            74

POWER_FP_RENAME_W_CORE_1                                        0                             0

POWER_LOAD_QUEUE_R_CORE_1                                34625493                      34625493

POWER_LOAD_QUEUE_W_CORE_1                                34625493                      34625493

POWER_LOAD_QUEUE_R_TAG_CORE_1                            34625493                      34625493

POWER_LOAD_QUEUE_W_TAG_CORE_1                                   0                             0

POWER_STORE_QUEUE_R_CORE_1                               11821129                      11821129

POWER_STORE_QUEUE_W_CORE_1                               11821129                      11821129

POWER_STORE_QUEUE_R_TAG_CORE_1                           11821129                      11821129

POWER_STORE_QUEUE_W_TAG_CORE_1                                  0                             0

POWER_DATA_TLB_R_CORE_1                                  34625493                      34625493

POWER_DATA_TLB_W_CORE_1                                         0                             0

POWER_DATA_TLB_R_TAG_CORE_1                                     0                             0

POWER_DATA_TLB_W_TAG_CORE_1                                     0                             0

POWER_INT_REGFILE_R_CORE_1                              162222756                     162222756

POWER_INT_REGFILE_W_CORE_1                              104311588                     104311588

POWER_FP_REGFILE_R_CORE_1                                     112                           112

POWER_FP_REGFILE_W_CORE_1                                      56                            56

POWER_GP_REGISTER_R_CORE_1                              162222756                     162222756

POWER_GP_REGISTER_W_CORE_1                              104311588                     104311588

POWER_FP_REGISTER_R_CORE_1                                    112                           112

POWER_FP_REGISTER_W_CORE_1                                     56                            56

POWER_SEGMENT_REGISTER_R_CORE_1                          46400420                      46400420

POWER_SEGMENT_REGISTER_W_CORE_1                          85075370                      85075370

POWER_CONTROL_REGISTER_R_CORE_1                                 0                             0

POWER_CONTROL_REGISTER_W_CORE_1                           7733999                       7733999

POWER_FLAG_REGISTER_R_CORE_1                                    0                             0

POWER_FLAG_REGISTER_W_CORE_1                                    0                             0

POWER_EXEC_BYPASS_CORE_1                                104311644                     104311644

POWER_LOAD_BYPASS_CORE_1                                   990076                        990076

POWER_PIPELINE_CORE_1                                    73363729                      73363729

POWER_DCACHE_MISS_BUF_R_CORE_1                             988948                        988948

POWER_DCACHE_MISS_BUF_R_TAG_CORE_1                        6899307                       6899307

POWER_DCACHE_MISS_BUF_W_CORE_1                            6899307                       6899307

POWER_DCACHE_MISS_BUF_W_TAG_CORE_1                              0                             0

POWER_DCACHE_LINEFILL_BUF_R_CORE_1                              0                             0

POWER_L2CACHE_LINEFILL_BUF_R_CORE_1                       1998807                       1998807

POWER_DCACHE_LINEFILL_BUF_W_CORE_1                              0                             0

POWER_L2CACHE_LINEFILL_BUF_W_CORE_1                        572061                        572061

POWER_DCACHE_LINEFILL_BUF_R_TAG_CORE_1                          0                             0

POWER_L2CACHE_LINEFILL_BUF_R_TAG_CORE_1                   2075831                       2075831

POWER_DCACHE_LINEFILL_BUF_W_TAG_CORE_1                          0                             0

POWER_DCACHE_WB_BUF_R_CORE_1                                77024                         77024

POWER_L2CACHE_WB_BUF_R_CORE_1                                   0                             0

POWER_DCACHE_WB_BUF_W_CORE_1                                77024                         77024

POWER_L2CACHE_WB_BUF_W_CORE_1                                   0                             0

POWER_DCACHE_WB_BUF_R_TAG_CORE_1                           154048                        154048

POWER_L2CACHE_WB_BUF_R_TAG_CORE_1                               0                             0

POWER_DCACHE_WB_BUF_W_TAG_CORE_1                                0                             0

POWER_DCACHE_R_CORE_1                                    39501113                      39501113

POWER_L2CACHE_R_CORE_1                                          0                             0

POWER_DCACHE_W_CORE_1                                      494473                        494473

POWER_L2CACHE_W_CORE_1                                          0                             0

POWER_DCACHE_R_TAG_CORE_1                                46400420                      46400420

POWER_L2CACHE_R_TAG_CORE_1                                      0                             0

POWER_CONST_CACHE_R_CORE_1                                      0                             0

POWER_CONST_CACHE_W_CORE_1                                      0                             0

POWER_CONST_CACHE_R_TAG_CORE_1                                  0                             0

POWER_CONST_CACHE_W_TAG_CORE_1                                  0                             0

POWER_TEXTURE_CACHE_R_CORE_1                                    0                             0

POWER_TEXTURE_CACHE_W_CORE_1                                    0                             0

POWER_TEXTURE_CACHE_R_TAG_CORE_1                                0                             0

POWER_TEXTURE_CACHE_W_TAG_CORE_1                                0                             0

POWER_SHARED_MEM_R_CORE_1                                       0                             0

POWER_SHARED_MEM_W_CORE_1                                       0                             0

POWER_SHARED_MEM_R_TAG_CORE_1                                   0                             0

POWER_SHARED_MEM_W_TAG_CORE_1                                   0                             0

