####################################################################################################
Interval
####################################################################################################
Cumulative:         Cycles:                  20000     Instructions:                  1200
TOTAL_PACKET_CPU                                          3357414                       3357414

TOTAL_PACKET_GPU                                                0                             0

NOC_AVG_LATENCY_BASE                                      3357413                       3357413

NOC_AVG_LATENCY_BASE_CPU                                  3357413                       3357413

NOC_AVG_LATENCY_BASE_GPU                                        0                             0

NOC_AVG_LATENCY                                          36602348                       10.9019

NOC_AVG_LATENCY_CPU                                      36602348                       10.9019

NOC_AVG_LATENCY_GPU                                             0                           NaN

NOC_AVG_ACTIVE_PACKET_BASE                                3357414                       3357414

NOC_AVG_ACTIVE_PACKET_BASE_CPU                            3357414                       3357414

NOC_AVG_ACTIVE_PACKET_BASE_GPU                                  0                             0

NOC_AVG_ACTIVE_PACKET                                     5169624                       1.53976

NOC_AVG_ACTIVE_PACKET_CPU                                 5169624                       1.53976

NOC_AVG_ACTIVE_PACKET_GPU                                       0                           NaN

NOC_IDLE_CHANNEL                                                0                             0

NOC_IDLE_CHANNEL_CPU                                            0                             0

NOC_IDLE_CHANNEL_GPU                                            0                             0

NOC_IDLE_CHANNEL_L3                                             0                             0

NOC_IDLE_CHANNEL_MC                                             0                             0

NOC_AVG_WAIT_IN_ROUTER_BASE                               8142697                       8142697

NOC_AVG_WAIT_IN_ROUTER_BASE_CPU                           3081849                       3081849

NOC_AVG_WAIT_IN_ROUTER_BASE_GPU                                 0                             0

NOC_AVG_WAIT_IN_ROUTER_BASE_L3                            3357414                       3357414

NOC_AVG_WAIT_IN_ROUTER_BASE_MC                            1703434                       1703434

NOC_AVG_WAIT_IN_ROUTER                                   67232745                       8.25681

NOC_AVG_WAIT_IN_ROUTER_CPU                               24900423                        8.0797

NOC_AVG_WAIT_IN_ROUTER_GPU                                      0                           NaN

NOC_AVG_WAIT_IN_ROUTER_L3                                27031818                       8.05138

NOC_AVG_WAIT_IN_ROUTER_MC                                15300504                       8.98215

NOC_LINK_ACTIVE                                          14355848                      14355848

