####################################################################################################
Interval
####################################################################################################
Cumulative:         Cycles:                  20000     Instructions:                  1200
POWER_L3CACHE_LINEFILL_BUF_R                               494749                        494749

POWER_L3CACHE_LINEFILL_BUF_W                               494749                        494749

POWER_L3CACHE_LINEFILL_BUF_R_TAG                           494749                        494749

POWER_L3CACHE_WB_BUF_R                                          2                             2

POWER_L3CACHE_WB_BUF_W                                          2                             2

POWER_L3CACHE_WB_BUF_R_TAG                                      2                             2

POWER_L3CACHE_R                                            689207                        689207

POWER_L3CACHE_W                                             49620                         49620

POWER_L3CACHE_R_TAG                                       1183956                       1183956

POWER_MC_R                                                8681465                       8681465

POWER_MC_W                                                 494751                        494751

POWER_BLOCK_STATES_R_CORE_0                             107374184                     107374184

POWER_BLOCK_STATES_W_CORE_0                             107374184                     107374184

POWER_FETCH_QUEUE_R_CORE_0                              104299036                     104299036

POWER_FETCH_QUEUE_W_CORE_0                              104299036                     104299036

POWER_INST_QUEUE_R_CORE_0                               224550230                     224550230

POWER_INST_QUEUE_W_CORE_0                               104298980                     104298980

POWER_BR_PRED_R_CORE_0                                   11470663                      11470663

POWER_BR_PRED_W_CORE_0                                   11341848                      11341848

POWER_RAS_R_CORE_0                                         560170                        560170

POWER_RAS_W_CORE_0                                         534672                        534672

POWER_ICACHE_R_CORE_0                                    26074759                      26074759

POWER_ICACHE_W_CORE_0                                         100                           100

POWER_ICACHE_R_TAG_CORE_0                                26074859                      26074859

POWER_ICACHE_MISS_BUF_R_CORE_0                                200                           200

POWER_ICACHE_MISS_BUF_W_CORE_0                                200                           200

POWER_ICACHE_MISS_BUF_R_TAG_CORE_0                            100                           100

POWER_ICACHE_MISS_BUF_W_TAG_CORE_0                              0                             0

POWER_ICACHE_TOT_ACC_CORE_0                                     0                             0

POWER_ICACHE_CONF_CORE_0                                        0                             0

POWER_INST_DECODER_R_CORE_0                              81093600                      81093600

POWER_INST_DECODER_W_CORE_0                                     0                             0

POWER_MICRO_OP_SEQ_R_CORE_0                                     0                             0

POWER_MICRO_OP_SEQ_W_CORE_0                                     0                             0

POWER_OPERAND_DECODER_R_CORE_0                           81093600                      81093600

POWER_OPERAND_DECODER_W_CORE_0                                  0                             0

POWER_UOP_QUEUE_R_CORE_0                                224550230                     224550230

POWER_UOP_QUEUE_W_CORE_0                                104298980                     104298980

POWER_REG_RENAMING_TABLE_R_CORE_0                       224550230                     224550230

POWER_REG_RENAMING_TABLE_W_CORE_0                       104298980                     104298980

POWER_DEP_CHECK_LOGIC_R_CORE_0                          104299036                     104299036

POWER_FREELIST_R_CORE_0                                 224550230                     224550230

POWER_FREELIST_W_CORE_0                                 104298980                     104298980

POWER_RESERVATION_STATION_R_CORE_0                      104299422                     104299422

POWER_RESERVATION_STATION_W_CORE_0                      104298943                     104298943

POWER_RESERVATION_STATION_R_TAG_CORE_0                  104299422                     104299422

POWER_RESERVATION_STATION_W_TAG_CORE_0                          0                             0

POWER_INST_ISSUE_SEL_LOGIC_R_CORE_0                     104299422                     104299422

POWER_INST_ISSUE_SEL_LOGIC_W_CORE_0                     104298919                     104298919

POWER_PAYLOAD_RAM_R_CORE_0                              104299422                     104299422

POWER_PAYLOAD_RAM_W_CORE_0                              104298919                     104298919

POWER_EX_ALU_R_CORE_0                                    64215865                      64215865

POWER_EX_FPU_R_CORE_0                                       61509                         61509

POWER_EX_MUL_R_CORE_0                                     4324657                       4324657

POWER_EX_SFU_R_CORE_0                                           0                             0

POWER_REORDER_BUF_R_CORE_0                              104298857                     104298857

POWER_REORDER_BUF_W_CORE_0                              208597960                     208597960

POWER_INST_COMMIT_SEL_LOGIC_R_CORE_0                    104298857                     104298857

POWER_INST_COMMIT_SEL_LOGIC_W_CORE_0                    104298980                     104298980

POWER_FP_RENAME_R_CORE_0                                   149500                        149500

POWER_FP_RENAME_W_CORE_0                                        0                             0

POWER_LOAD_QUEUE_R_CORE_0                                28536783                      28536783

POWER_LOAD_QUEUE_W_CORE_0                                28536783                      28536783

POWER_LOAD_QUEUE_R_TAG_CORE_0                            28536783                      28536783

POWER_LOAD_QUEUE_W_TAG_CORE_0                                   0                             0

POWER_STORE_QUEUE_R_CORE_0                                7160608                       7160608

POWER_STORE_QUEUE_W_CORE_0                                7160608                       7160608

POWER_STORE_QUEUE_R_TAG_CORE_0                            7160608                       7160608

POWER_STORE_QUEUE_W_TAG_CORE_0                                  0                             0

POWER_DATA_TLB_R_CORE_0                                  28536783                      28536783

POWER_DATA_TLB_W_CORE_0                                         0                             0

POWER_DATA_TLB_R_TAG_CORE_0                                     0                             0

POWER_DATA_TLB_W_TAG_CORE_0                                     0                             0

POWER_INT_REGFILE_R_CORE_0                              172777932                     172777932

POWER_INT_REGFILE_W_CORE_0                              104237410                     104237410

POWER_FP_REGFILE_R_CORE_0                                  119931                        119931

POWER_FP_REGFILE_W_CORE_0                                   61509                         61509

POWER_GP_REGISTER_R_CORE_0                              172777932                     172777932

POWER_GP_REGISTER_W_CORE_0                              104237410                     104237410

POWER_FP_REGISTER_R_CORE_0                                 123018                        123018

POWER_FP_REGISTER_W_CORE_0                                  61509                         61509

POWER_SEGMENT_REGISTER_R_CORE_0                          35696888                      35696888

POWER_SEGMENT_REGISTER_W_CORE_0                          70142785                      70142785

POWER_CONTROL_REGISTER_R_CORE_0                                 0                             0

POWER_CONTROL_REGISTER_W_CORE_0                           2025609                       2025609

POWER_FLAG_REGISTER_R_CORE_0                                    0                             0

POWER_FLAG_REGISTER_W_CORE_0                                    0                             0

POWER_EXEC_BYPASS_CORE_0                                104298919                     104298919

POWER_LOAD_BYPASS_CORE_0                                  1427870                       1427870

POWER_PIPELINE_CORE_0                                    81093460                      81093460

POWER_DCACHE_MISS_BUF_R_CORE_0                            1427670                       1427670

POWER_DCACHE_MISS_BUF_R_TAG_CORE_0                        1656453                       1656453

POWER_DCACHE_MISS_BUF_W_CORE_0                            1656453                       1656453

POWER_DCACHE_MISS_BUF_W_TAG_CORE_0                              0                             0

POWER_DCACHE_LINEFILL_BUF_R_CORE_0                              0                             0

POWER_L2CACHE_LINEFILL_BUF_R_CORE_0                        948693                        948693

POWER_DCACHE_LINEFILL_BUF_W_CORE_0                              0                             0

POWER_L2CACHE_LINEFILL_BUF_W_CORE_0                        932115                        932115

POWER_DCACHE_LINEFILL_BUF_R_TAG_CORE_0                          0                             0

POWER_L2CACHE_LINEFILL_BUF_R_TAG_CORE_0                   1166874                       1166874

POWER_DCACHE_LINEFILL_BUF_W_TAG_CORE_0                          0                             0

POWER_DCACHE_WB_BUF_R_CORE_0                               218181                        218181

POWER_L2CACHE_WB_BUF_R_CORE_0                                   0                             0

POWER_DCACHE_WB_BUF_W_CORE_0                               218181                        218181

POWER_L2CACHE_WB_BUF_W_CORE_0                                   0                             0

POWER_DCACHE_WB_BUF_R_TAG_CORE_0                           436362                        436362

POWER_L2CACHE_WB_BUF_R_TAG_CORE_0                               0                             0

POWER_DCACHE_WB_BUF_W_TAG_CORE_0                                0                             0

POWER_DCACHE_R_CORE_0                                    34040435                      34040435

POWER_L2CACHE_R_CORE_0                                          0                             0

POWER_DCACHE_W_CORE_0                                      713834                        713834

POWER_L2CACHE_W_CORE_0                                          0                             0

POWER_DCACHE_R_TAG_CORE_0                                35696888                      35696888

POWER_L2CACHE_R_TAG_CORE_0                                      0                             0

POWER_CONST_CACHE_R_CORE_0                                      0                             0

POWER_CONST_CACHE_W_CORE_0                                      0                             0

POWER_CONST_CACHE_R_TAG_CORE_0                                  0                             0

POWER_CONST_CACHE_W_TAG_CORE_0                                  0                             0

POWER_TEXTURE_CACHE_R_CORE_0                                    0                             0

POWER_TEXTURE_CACHE_W_CORE_0                                    0                             0

POWER_TEXTURE_CACHE_R_TAG_CORE_0                                0                             0

POWER_TEXTURE_CACHE_W_TAG_CORE_0                                0                             0

POWER_SHARED_MEM_R_CORE_0                                       0                             0

POWER_SHARED_MEM_W_CORE_0                                       0                             0

POWER_SHARED_MEM_R_TAG_CORE_0                                   0                             0

POWER_SHARED_MEM_W_TAG_CORE_0                                   0                             0

POWER_BLOCK_STATES_R_CORE_1                             107374184                     107374184

POWER_BLOCK_STATES_W_CORE_1                             107374184                     107374184

POWER_FETCH_QUEUE_R_CORE_1                               99037548                      99037548

POWER_FETCH_QUEUE_W_CORE_1                               99037548                      99037548

POWER_INST_QUEUE_R_CORE_1                               206368150                     206368150

POWER_INST_QUEUE_W_CORE_1                                99037293                      99037293

POWER_BR_PRED_R_CORE_1                                    7352880                       7352880

POWER_BR_PRED_W_CORE_1                                    7351372                       7351372

POWER_RAS_R_CORE_1                                           1009                          1009

POWER_RAS_W_CORE_1                                            781                           781

POWER_ICACHE_R_CORE_1                                    24759387                      24759387

POWER_ICACHE_W_CORE_1                                         564                           564

POWER_ICACHE_R_TAG_CORE_1                                24759951                      24759951

POWER_ICACHE_MISS_BUF_R_CORE_1                               1128                          1128

POWER_ICACHE_MISS_BUF_W_CORE_1                               1128                          1128

POWER_ICACHE_MISS_BUF_R_TAG_CORE_1                            564                           564

POWER_ICACHE_MISS_BUF_W_TAG_CORE_1                              0                             0

POWER_ICACHE_TOT_ACC_CORE_1                                     0                             0

POWER_ICACHE_CONF_CORE_1                                        0                             0

POWER_INST_DECODER_R_CORE_1                              69697437                      69697437

POWER_INST_DECODER_W_CORE_1                                     0                             0

POWER_MICRO_OP_SEQ_R_CORE_1                                     0                             0

POWER_MICRO_OP_SEQ_W_CORE_1                                     0                             0

POWER_OPERAND_DECODER_R_CORE_1                           69697437                      69697437

POWER_OPERAND_DECODER_W_CORE_1                                  0                             0

POWER_UOP_QUEUE_R_CORE_1                                206368150                     206368150

POWER_UOP_QUEUE_W_CORE_1                                 99037293                      99037293

POWER_REG_RENAMING_TABLE_R_CORE_1                       206368150                     206368150

POWER_REG_RENAMING_TABLE_W_CORE_1                        99037293                      99037293

POWER_DEP_CHECK_LOGIC_R_CORE_1                           99037548                      99037548

POWER_FREELIST_R_CORE_1                                 206368150                     206368150

POWER_FREELIST_W_CORE_1                                  99037293                      99037293

POWER_RESERVATION_STATION_R_CORE_1                       99076520                      99076520

POWER_RESERVATION_STATION_W_CORE_1                       99037293                      99037293

POWER_RESERVATION_STATION_R_TAG_CORE_1                   99076520                      99076520

POWER_RESERVATION_STATION_W_TAG_CORE_1                          0                             0

POWER_INST_ISSUE_SEL_LOGIC_R_CORE_1                      99076520                      99076520

POWER_INST_ISSUE_SEL_LOGIC_W_CORE_1                      99037280                      99037280

POWER_PAYLOAD_RAM_R_CORE_1                               99076520                      99076520

POWER_PAYLOAD_RAM_W_CORE_1                               99037280                      99037280

POWER_EX_ALU_R_CORE_1                                    55048108                      55048108

POWER_EX_FPU_R_CORE_1                                          56                            56

POWER_EX_MUL_R_CORE_1                                         325                           325

POWER_EX_SFU_R_CORE_1                                           0                             0

POWER_REORDER_BUF_R_CORE_1                               99037113                      99037113

POWER_REORDER_BUF_W_CORE_1                              198074586                     198074586

POWER_INST_COMMIT_SEL_LOGIC_R_CORE_1                     99037113                      99037113

POWER_INST_COMMIT_SEL_LOGIC_W_CORE_1                     99037293                      99037293

POWER_FP_RENAME_R_CORE_1                                       74                            74

POWER_FP_RENAME_W_CORE_1                                        0                             0

POWER_LOAD_QUEUE_R_CORE_1                                32968581                      32968581

POWER_LOAD_QUEUE_W_CORE_1                                32968581                      32968581

POWER_LOAD_QUEUE_R_TAG_CORE_1                            32968581                      32968581

POWER_LOAD_QUEUE_W_TAG_CORE_1                                   0                             0

POWER_STORE_QUEUE_R_CORE_1                               11059450                      11059450

POWER_STORE_QUEUE_W_CORE_1                               11059450                      11059450

POWER_STORE_QUEUE_R_TAG_CORE_1                           11059450                      11059450

POWER_STORE_QUEUE_W_TAG_CORE_1                                  0                             0

POWER_DATA_TLB_R_CORE_1                                  32968581                      32968581

POWER_DATA_TLB_W_CORE_1                                         0                             0

POWER_DATA_TLB_R_TAG_CORE_1                                     0                             0

POWER_DATA_TLB_W_TAG_CORE_1                                     0                             0

POWER_INT_REGFILE_R_CORE_1                              154085657                     154085657

POWER_INT_REGFILE_W_CORE_1                               99037224                      99037224

POWER_FP_REGFILE_R_CORE_1                                     112                           112

POWER_FP_REGFILE_W_CORE_1                                      56                            56

POWER_GP_REGISTER_R_CORE_1                              154085657                     154085657

POWER_GP_REGISTER_W_CORE_1                               99037224                      99037224

POWER_FP_REGISTER_R_CORE_1                                    112                           112

POWER_FP_REGISTER_W_CORE_1                                     56                            56

POWER_SEGMENT_REGISTER_R_CORE_1                          43988791                      43988791

POWER_SEGMENT_REGISTER_W_CORE_1                          80654035                      80654035

POWER_CONTROL_REGISTER_R_CORE_1                                 0                             0

POWER_CONTROL_REGISTER_W_CORE_1                           7332059                       7332059

POWER_FLAG_REGISTER_R_CORE_1                                    0                             0

POWER_FLAG_REGISTER_W_CORE_1                                    0                             0

POWER_EXEC_BYPASS_CORE_1                                 99037280                      99037280

POWER_LOAD_BYPASS_CORE_1                                   940044                        940044

POWER_PIPELINE_CORE_1                                    69697126                      69697126

POWER_DCACHE_MISS_BUF_R_CORE_1                             938916                        938916

POWER_DCACHE_MISS_BUF_R_TAG_CORE_1                        6529597                       6529597

POWER_DCACHE_MISS_BUF_W_CORE_1                            6529597                       6529597

POWER_DCACHE_MISS_BUF_W_TAG_CORE_1                              0                             0

POWER_DCACHE_LINEFILL_BUF_R_CORE_1                              0                             0

POWER_L2CACHE_LINEFILL_BUF_R_CORE_1                       1885636                       1885636

POWER_DCACHE_LINEFILL_BUF_W_CORE_1                              0                             0

POWER_L2CACHE_LINEFILL_BUF_W_CORE_1                        532736                        532736

POWER_DCACHE_LINEFILL_BUF_R_TAG_CORE_1                          0                             0

POWER_L2CACHE_LINEFILL_BUF_R_TAG_CORE_1                   1948351                       1948351

POWER_DCACHE_LINEFILL_BUF_W_TAG_CORE_1                          0                             0

POWER_DCACHE_WB_BUF_R_CORE_1                                62715                         62715

POWER_L2CACHE_WB_BUF_R_CORE_1                                   0                             0

POWER_DCACHE_WB_BUF_W_CORE_1                                62715                         62715

POWER_L2CACHE_WB_BUF_W_CORE_1                                   0                             0

POWER_DCACHE_WB_BUF_R_TAG_CORE_1                           125430                        125430

POWER_L2CACHE_WB_BUF_R_TAG_CORE_1                               0                             0

POWER_DCACHE_WB_BUF_W_TAG_CORE_1                                0                             0

POWER_DCACHE_R_CORE_1                                    37459194                      37459194

POWER_L2CACHE_R_CORE_1                                          0                             0

POWER_DCACHE_W_CORE_1                                      469457                        469457

POWER_L2CACHE_W_CORE_1                                          0                             0

POWER_DCACHE_R_TAG_CORE_1                                43988791                      43988791

POWER_L2CACHE_R_TAG_CORE_1                                      0                             0

POWER_CONST_CACHE_R_CORE_1                                      0                             0

POWER_CONST_CACHE_W_CORE_1                                      0                             0

POWER_CONST_CACHE_R_TAG_CORE_1                                  0                             0

POWER_CONST_CACHE_W_TAG_CORE_1                                  0                             0

POWER_TEXTURE_CACHE_R_CORE_1                                    0                             0

POWER_TEXTURE_CACHE_W_CORE_1                                    0                             0

POWER_TEXTURE_CACHE_R_TAG_CORE_1                                0                             0

POWER_TEXTURE_CACHE_W_TAG_CORE_1                                0                             0

POWER_SHARED_MEM_R_CORE_1                                       0                             0

POWER_SHARED_MEM_W_CORE_1                                       0                             0

POWER_SHARED_MEM_R_TAG_CORE_1                                   0                             0

POWER_SHARED_MEM_W_TAG_CORE_1                                   0                             0

