Arguments: ./macsim --l3_repl==PDP 
src/macsim.cc:133: (I=0  C=0):  initialize knobs
number of cores : 2
src/macsim.cc:531: (I=0  C=0):  initialize simulation
src/macsim.cc:327: (I=0  C=0):  initialize cores (2/0/0)
src/memory.cc:1695: (I=0  C=0):  Memory system(l2_decoupled_network) has been initialized.
l3_policy: PDP,PDP
0
1
ip_table done
src/network_ring.cc:107: (I=0  C=0):  TOTAL_ROUTER:4 CPU:2 GPU:0 L3:1 MC:1
src/network_ring.cc:312: (I=0  C=0):  RING topology
0 <-> 1 <-> 2 <-> 3 <-> 
enabling bug detector
src/macsim.cc:748: (I=0  C=0):  Initializing new noc

src/macsim.cc:839: (I=0  C=0):  Clock LCM           : 920
src/macsim.cc:840: (I=0  C=0):  CPU clock frequency : 2.3 GHz
src/macsim.cc:841: (I=0  C=0):  GPU clock frequency : 2.3 GHz
src/macsim.cc:842: (I=0  C=0):  L3  clock frequency : 1 GHz
src/macsim.cc:843: (I=0  C=0):  NOC clock frequency : 1 GHz
src/macsim.cc:844: (I=0  C=0):  MC  clock frequency : 0.8 GHz
src/process_manager.cc:455: (I=0  C=0):  setup_process:0 ../../../rrip-done/macsim_traces/astar/trace.txt current_index:0 (1)
src/process_manager.cc:548: (I=0  C=0):  thread_count:1
src/process_manager.cc:455: (I=0  C=0):  setup_process:1 ../../../trace_0409_2017/BWC1/BWC1_ori/trace.txt current_index:0 (1)
src/process_manager.cc:548: (I=0  C=0):  thread_count:1
1000000
2000000
3000000
4000000
** Heartbeat for core[00]:        insts:10000000    cycles:9328304    (373132120) seconds:91    -- 1.07 IPC (1.07 IPC) -- 0.00 KIPS (109.89 KIPS)
** Heartbeat for core[00]:  Thread:0      insts:10000000    cycles:9328304    (373132120) seconds:91    -- 1.07 IPC (1.07 IPC) -- 0.00 KIPS (109.89 KIPS)
5000000
6000000
** Heartbeat for core[01]:        insts:10000000    cycles:14672038   (586881480) seconds:144   -- 0.68 IPC (0.68 IPC) -- 0.00 KIPS (69.44 KIPS)
** Heartbeat for core[01]:  Thread:0      insts:10000000    cycles:14672038   (586881480) seconds:144   -- 0.68 IPC (0.68 IPC) -- 0.00 KIPS (69.44 KIPS)
7000000
8000000
** Heartbeat for core[00]:        insts:20000000    cycles:18473580   (738943160) seconds:181   -- 1.09 IPC (1.08 IPC) -- 111.11 KIPS (110.50 KIPS)
** Heartbeat for core[00]:  Thread:0      insts:20000000    cycles:18473580   (738943160) seconds:181   -- 1.09 IPC (1.08 IPC) -- 111.11 KIPS (110.50 KIPS)
9000000
10000000
11000000
** Heartbeat for core[00]:        insts:30000000    cycles:27451950   (1098077960) seconds:274   -- 1.11 IPC (1.09 IPC) -- 107.53 KIPS (109.49 KIPS)
** Heartbeat for core[00]:  Thread:0      insts:30000000    cycles:27451950   (1098077960) seconds:274   -- 1.11 IPC (1.09 IPC) -- 107.53 KIPS (109.49 KIPS)
12000000
** Heartbeat for core[01]:        insts:20000000    cycles:28697843   (1147913680) seconds:287   -- 0.71 IPC (0.70 IPC) -- 69.93 KIPS (69.69 KIPS)
** Heartbeat for core[01]:  Thread:0      insts:20000000    cycles:28697843   (1147913680) seconds:287   -- 0.71 IPC (0.70 IPC) -- 69.93 KIPS (69.69 KIPS)
13000000
14000000
15000000
** Heartbeat for core[00]:        insts:40000000    cycles:36427521   (1457100800) seconds:371   -- 1.11 IPC (1.10 IPC) -- 103.09 KIPS (107.82 KIPS)
** Heartbeat for core[00]:  Thread:0      insts:40000000    cycles:36427521   (1457100800) seconds:371   -- 1.11 IPC (1.10 IPC) -- 103.09 KIPS (107.82 KIPS)
16000000
17000000
18000000
** Heartbeat for core[01]:        insts:30000000    cycles:42731111   (1709244400) seconds:442   -- 0.71 IPC (0.70 IPC) -- 64.52 KIPS (67.87 KIPS)
** Heartbeat for core[01]:  Thread:0      insts:30000000    cycles:42731111   (1709244400) seconds:442   -- 0.71 IPC (0.70 IPC) -- 64.52 KIPS (67.87 KIPS)
19000000
** Heartbeat for core[00]:        insts:50000000    cycles:45485041   (1819401600) seconds:474   -- 1.10 IPC (1.10 IPC) -- 97.09 KIPS (105.49 KIPS)
** Heartbeat for core[00]:  Thread:0      insts:50000000    cycles:45485041   (1819401600) seconds:474   -- 1.10 IPC (1.10 IPC) -- 97.09 KIPS (105.49 KIPS)
20000000
21000000
22000000
23000000
24000000
** Heartbeat for core[00]:        insts:60000000    cycles:55637583   (2225503280) seconds:579   -- 0.98 IPC (1.08 IPC) -- 95.24 KIPS (103.63 KIPS)
** Heartbeat for core[00]:  Thread:0      insts:60000000    cycles:55637583   (2225503280) seconds:579   -- 0.98 IPC (1.08 IPC) -- 95.24 KIPS (103.63 KIPS)
25000000
26000000
** Heartbeat for core[01]:        insts:40000000    cycles:60035626   (2401425000) seconds:620   -- 0.58 IPC (0.67 IPC) -- 56.18 KIPS (64.52 KIPS)
** Heartbeat for core[01]:  Thread:0      insts:40000000    cycles:60035626   (2401425000) seconds:620   -- 0.58 IPC (0.67 IPC) -- 56.18 KIPS (64.52 KIPS)
27000000
28000000
29000000
30000000
31000000
32000000
33000000
34000000
** Heartbeat for core[01]:        insts:50000000    cycles:79255272   (3170210840) seconds:807   -- 0.52 IPC (0.63 IPC) -- 53.48 KIPS (61.96 KIPS)
** Heartbeat for core[01]:  Thread:0      insts:50000000    cycles:79255272   (3170210840) seconds:807   -- 0.52 IPC (0.63 IPC) -- 53.48 KIPS (61.96 KIPS)
** Heartbeat for core[00]:        insts:70000000    cycles:80033262   (3201330440) seconds:815   -- 0.41 IPC (0.87 IPC) -- 42.37 KIPS (85.89 KIPS)
** Heartbeat for core[00]:  Thread:0      insts:70000000    cycles:80033262   (3201330440) seconds:815   -- 0.41 IPC (0.87 IPC) -- 42.37 KIPS (85.89 KIPS)
35000000
36000000
37000000
38000000
39000000
40000000
40000000: 40m cycle
1:503904 , 0
2:27617 , 624
3:2923 , 138
4:2873 , 45
5:773 , 20
6:336 , 12
7:445 , 16
8:305 , 9
9:243 , 10
10:222 , 3
11:186 , 11
12:186 , 7
13:141 , 4
14:194 , 11
15:265 , 29
16:404 , 34
17:542 , 27
18:701 , 45
19:885 , 61
20:984 , 76
21:867 , 99
22:676 , 84
23:465 , 74
24:284 , 41
25:218 , 21
26:166 , 14
27:140 , 14
28:154 , 17
29:131 , 8
30:118 , 5
31:141 , 12
32:154 , 12
33:140 , 13
34:136 , 9
35:135 , 14
36:101 , 8
37:70 , 9
38:64 , 4
39:60 , 10
40:47 , 11
41:58 , 9
42:44 , 13
43:28 , 8
44:39 , 7
45:35 , 9
46:32 , 4
47:35 , 4
48:31 , 7
49:21 , 5
50:27 , 4
51:26 , 0
52:30 , 4
53:27 , 3
54:27 , 4
55:19 , 7
56:26 , 2
57:28 , 3
58:16 , 3
59:38 , 7
60:18 , 1
61:25 , 7
62:12 , 3
63:25 , 3
64:27 , 6
65:18 , 3
66:16 , 4
67:17 , 9
68:12 , 2
69:7 , 2
70:22 , 5
71:23 , 1
72:12 , 2
73:9 , 1
74:22 , 2
75:15 , 3
76:9 , 2
77:18 , 2
78:13 , 4
79:11 , 0
80:10 , 2
81:7 , 1
82:10 , 0
83:8 , 0
84:14 , 4
85:8 , 2
86:9 , 1
87:6 , 0
88:8 , 3
89:8 , 1
90:6 , 2
91:7 , 1
92:6 , 2
93:11 , 3
94:8 , 0
95:12 , 3
96:6 , 1
97:5 , 2
98:7 , 2
99:3 , 0
100:5 , 0
101:10 , 4
102:7 , 1
103:4 , 1
104:11 , 4
105:3 , 1
106:5 , 1
107:1 , 0
108:3 , 0
109:2 , 0
110:6 , 1
111:2 , 1
112:9 , 1
113:8 , 2
114:3 , 0
115:2 , 0
116:2 , 1
117:5 , 0
118:7 , 0
119:2 , 1
120:3 , 1
121:1 , 0
122:5 , 1
123:2 , 1
124:2 , 0
125:5 , 2
126:6 , 1
127:3 , 2
128:1 , 0
129:5 , 0
130:2 , 0
131:2 , 1
132:7 , 5
133:3 , 0
134:6 , 1
135:4 , 1
136:2 , 0
137:4 , 1
138:5 , 1
139:4 , 1
140:3 , 1
141:0 , 0
142:2 , 1
143:4 , 2
144:4 , 2
145:5 , 2
146:2 , 1
147:4 , 1
148:0 , 0
149:2 , 0
150:1 , 0
151:5 , 1
152:4 , 0
153:4 , 2
154:0 , 0
155:2 , 0
156:1 , 1
157:4 , 2
158:2 , 0
159:1 , 0
160:3 , 2
161:2 , 0
162:2 , 0
163:1 , 0
164:0 , 0
165:0 , 0
166:1 , 0
167:1 , 0
168:2 , 2
169:1 , 1
170:3 , 1
171:0 , 0
172:2 , 0
173:5 , 1
174:1 , 0
175:1 , 1
176:0 , 0
177:1 , 1
178:1 , 1
179:0 , 0
180:0 , 0
181:2 , 0
182:0 , 0
183:0 , 0
184:0 , 0
185:2 , 0
186:0 , 0
187:2 , 1
188:1 , 0
189:0 , 0
190:1 , 1
191:0 , 0
192:2 , 2
193:1 , 1
194:4 , 0
195:1 , 0
196:0 , 0
197:1 , 1
198:1 , 1
199:0 , 0
200:0 , 0
201:1 , 0
202:1 , 0
203:1 , 1
204:0 , 0
205:1 , 0
206:1 , 0
207:2 , 0
208:7 , 1
209:3 , 1
210:4 , 1
211:1 , 1
212:2 , 0
213:2 , 0
214:3 , 0
215:2 , 0
216:1 , 0
217:1 , 0
218:0 , 0
219:0 , 0
220:0 , 0
221:1 , 0
222:3 , 1
223:2 , 0
224:1 , 1
225:1 , 0
226:1 , 0
227:0 , 0
228:1 , 1
229:0 , 0
230:0 , 0
231:2 , 1
232:0 , 0
233:2 , 0
234:2 , 0
235:3 , 0
236:1 , 0
237:4 , 0
238:3 , 0
239:1 , 0
240:2 , 0
241:2 , 1
242:0 , 0
243:2 , 0
244:2 , 0
245:1 , 1
246:1 , 0
247:0 , 0
248:1 , 1
249:0 , 0
250:2 , 0
251:0 , 0
252:0 , 0
253:1 , 0
254:0 , 0
255:0 , 0
256:1 , 0
257:1 , 0
258:0 , 0
259:1 , 1
260:0 , 0
261:0 , 0
262:0 , 0
263:0 , 0
264:0 , 0
265:1 , 0
266:1 , 1
267:0 , 0
268:0 , 0
269:0 , 0
270:1 , 0
271:0 , 0
272:0 , 0
273:1 , 0
274:0 , 0
275:0 , 0
276:1 , 1
277:1 , 0
278:0 , 0
279:0 , 0
280:1 , 0
281:1 , 0
282:0 , 0
283:0 , 0
284:0 , 0
285:0 , 0
286:0 , 0
287:0 , 0
288:2 , 0
289:2 , 2
290:1 , 0
291:1 , 1
292:0 , 0
293:0 , 0
294:0 , 0
295:0 , 0
296:0 , 0
297:0 , 0
298:1 , 0
299:0 , 0
300:1 , 1
301:0 , 0
302:0 , 0
303:1 , 0
304:1 , 1
305:1 , 0
306:1 , 0
307:0 , 0
308:0 , 0
309:0 , 0
310:0 , 0
311:1 , 0
312:0 , 0
313:0 , 0
314:0 , 0
315:0 , 0
316:0 , 0
317:0 , 0
318:0 , 0
319:0 , 0
320:0 , 0
321:0 , 0
322:0 , 0
323:0 , 0
324:0 , 0
325:0 , 0
326:0 , 0
327:0 , 0
328:0 , 0
329:2 , 0
330:0 , 0
331:0 , 0
332:0 , 0
333:1 , 0
334:0 , 0
335:0 , 0
336:1 , 0
337:0 , 0
338:2 , 1
339:0 , 0
340:0 , 0
341:1 , 0
342:1 , 0
343:0 , 0
344:1 , 1
345:0 , 0
346:1 , 0
347:1 , 1
348:1 , 0
349:1 , 0
350:0 , 0
351:0 , 0
352:0 , 0
353:1 , 1
354:0 , 0
355:0 , 0
356:0 , 0
357:0 , 0
358:0 , 0
359:0 , 0
360:0 , 0
361:0 , 0
362:0 , 0
363:0 , 0
364:0 , 0
365:1 , 0
366:0 , 0
367:0 , 0
368:0 , 0
369:0 , 0
370:0 , 0
371:1 , 0
372:0 , 0
373:0 , 0
374:0 , 0
375:0 , 0
376:0 , 0
377:0 , 0
378:0 , 0
379:0 , 0
380:0 , 0
381:1 , 0
382:0 , 0
383:0 , 0
384:0 , 0
385:0 , 0
386:0 , 0
387:0 , 0
388:1 , 0
389:1 , 1
390:0 , 0
391:1 , 0
392:3 , 0
393:2 , 0
394:2 , 1
395:1 , 0
396:0 , 0
397:1 , 1
398:1 , 0
399:2 , 1
400:0 , 0
401:0 , 0
402:0 , 0
403:0 , 0
404:1 , 0
405:0 , 0
406:0 , 0
407:0 , 0
408:0 , 0
409:0 , 0
410:0 , 0
411:0 , 0
412:2 , 0
413:0 , 0
414:0 , 0
415:0 , 0
416:0 , 0
417:1 , 0
418:0 , 0
419:0 , 0
420:0 , 0
421:0 , 0
422:0 , 0
423:1 , 0
424:0 , 0
425:0 , 0
426:0 , 0
427:0 , 0
428:0 , 0
429:0 , 0
430:0 , 0
431:0 , 0
432:1 , 0
433:0 , 0
434:0 , 0
435:0 , 0
436:0 , 0
437:1 , 0
438:0 , 0
439:1 , 0
440:0 , 0
441:0 , 0
442:0 , 0
443:0 , 0
444:0 , 0
445:0 , 0
446:0 , 0
447:0 , 0
448:0 , 0
449:0 , 0
450:0 , 0
451:0 , 0
452:0 , 0
453:0 , 0
454:0 , 0
455:0 , 0
456:0 , 0
457:0 , 0
458:0 , 0
459:0 , 0
460:0 , 0
461:0 , 0
462:0 , 0
463:0 , 0
464:0 , 0
465:0 , 0
466:0 , 0
467:0 , 0
468:0 , 0
469:0 , 0
470:0 , 0
471:1 , 0
472:0 , 0
473:0 , 0
474:0 , 0
475:0 , 0
476:0 , 0
477:0 , 0
478:0 , 0
479:0 , 0
480:0 , 0
481:0 , 0
482:0 , 0
483:0 , 0
484:0 , 0
485:0 , 0
486:0 , 0
487:0 , 0
488:0 , 0
489:0 , 0
490:0 , 0
491:0 , 0
492:0 , 0
493:0 , 0
494:0 , 0
495:0 , 0
496:0 , 0
497:0 , 0
498:0 , 0
499:0 , 0
500:0 , 0
501:0 , 0
502:0 , 0
503:1 , 0
504:0 , 0
505:0 , 0
506:0 , 0
507:0 , 0
508:1 , 0
509:0 , 0
510:0 , 0
511:0 , 0
512:0 , 0
513:0 , 0
514:0 , 0
515:0 , 0
516:0 , 0
517:0 , 0
518:1 , 1
519:0 , 0
520:0 , 0
521:0 , 0
522:0 , 0
523:0 , 0
524:0 , 0
525:0 , 0
526:0 , 0
527:0 , 0
528:0 , 0
529:1 , 1
530:0 , 0
531:0 , 0
532:0 , 0
533:0 , 0
534:0 , 0
535:0 , 0
536:0 , 0
537:0 , 0
538:0 , 0
539:1 , 1
540:0 , 0
541:0 , 0
542:0 , 0
543:0 , 0
544:0 , 0
545:1 , 0
546:0 , 0
547:0 , 0
548:0 , 0
549:0 , 0
550:0 , 0
551:0 , 0
552:1 , 0
553:0 , 0
554:0 , 0
555:0 , 0
556:0 , 0
557:1 , 0
558:1 , 0
559:0 , 0
560:2 , 0
561:2 , 0
562:4 , 1
563:2 , 1
564:1 , 0
565:2 , 1
566:3 , 0
567:2 , 0
568:0 , 0
569:1 , 0
570:1 , 0
571:1 , 0
572:1 , 0
573:0 , 0
574:0 , 0
575:0 , 0
576:0 , 0
577:1 , 0
578:0 , 0
579:0 , 0
580:0 , 0
581:0 , 0
582:0 , 0
583:0 , 0
584:0 , 0
585:0 , 0
586:0 , 0
587:0 , 0
588:0 , 0
589:0 , 0
590:0 , 0
591:0 , 0
592:0 , 0
593:0 , 0
594:0 , 0
595:0 , 0
596:1 , 0
597:0 , 0
598:1 , 0
599:0 , 0
600:0 , 0
601:1 , 0
602:0 , 0
603:0 , 0
604:0 , 0
605:0 , 0
606:0 , 0
607:0 , 0
608:1 , 1
609:0 , 0
610:1 , 1
611:1 , 0
612:0 , 0
613:0 , 0
614:0 , 0
615:0 , 0
616:0 , 0
617:0 , 0
618:1 , 0
619:0 , 0
620:0 , 0
621:0 , 0
622:0 , 0
623:0 , 0
624:0 , 0
625:0 , 0
626:0 , 0
627:0 , 0
628:0 , 0
629:0 , 0
630:0 , 0
631:0 , 0
632:0 , 0
633:1 , 0
634:0 , 0
635:0 , 0
636:0 , 0
637:0 , 0
638:0 , 0
639:0 , 0
640:0 , 0
641:0 , 0
642:0 , 0
643:0 , 0
644:0 , 0
645:0 , 0
646:0 , 0
647:0 , 0
648:0 , 0
649:0 , 0
650:0 , 0
651:0 , 0
652:0 , 0
653:0 , 0
654:0 , 0
655:0 , 0
656:0 , 0
657:0 , 0
658:0 , 0
659:0 , 0
660:1 , 0
661:0 , 0
662:0 , 0
663:0 , 0
664:0 , 0
665:0 , 0
666:0 , 0
667:0 , 0
668:0 , 0
669:0 , 0
670:0 , 0
671:0 , 0
672:1 , 0
673:0 , 0
674:0 , 0
675:0 , 0
676:0 , 0
677:0 , 0
678:0 , 0
679:0 , 0
680:0 , 0
681:0 , 0
682:0 , 0
683:0 , 0
684:0 , 0
685:0 , 0
686:0 , 0
687:0 , 0
688:0 , 0
689:0 , 0
690:0 , 0
691:0 , 0
692:0 , 0
693:0 , 0
694:0 , 0
695:0 , 0
696:1 , 0
697:0 , 0
698:0 , 0
699:0 , 0
700:0 , 0
701:0 , 0
702:0 , 0
703:1 , 0
704:0 , 0
705:0 , 0
706:0 , 0
707:0 , 0
708:0 , 0
709:0 , 0
710:0 , 0
711:0 , 0
712:0 , 0
713:0 , 0
714:0 , 0
715:0 , 0
716:0 , 0
717:0 , 0
718:1 , 0
719:0 , 0
720:0 , 0
721:0 , 0
722:0 , 0
723:0 , 0
724:1 , 0
725:0 , 0
726:0 , 0
727:0 , 0
728:0 , 0
729:0 , 0
730:0 , 0
731:0 , 0
732:0 , 0
733:0 , 0
734:0 , 0
735:0 , 0
736:0 , 0
737:0 , 0
738:0 , 0
739:0 , 0
740:0 , 0
741:0 , 0
742:0 , 0
743:0 , 0
744:0 , 0
745:0 , 0
746:0 , 0
747:0 , 0
748:0 , 0
749:0 , 0
750:0 , 0
751:0 , 0
752:0 , 0
753:0 , 0
754:0 , 0
755:0 , 0
756:0 , 0
757:0 , 0
758:0 , 0
759:1 , 0
760:0 , 0
761:0 , 0
762:0 , 0
763:0 , 0
764:0 , 0
765:0 , 0
766:0 , 0
767:0 , 0
768:0 , 0
769:0 , 0
770:0 , 0
771:0 , 0
772:0 , 0
773:0 , 0
774:0 , 0
775:0 , 0
776:0 , 0
777:0 , 0
778:0 , 0
779:0 , 0
780:0 , 0
781:0 , 0
782:0 , 0
783:0 , 0
784:0 , 0
785:0 , 0
786:0 , 0
787:0 , 0
788:0 , 0
789:0 , 0
790:0 , 0
791:0 , 0
792:0 , 0
793:0 , 0
794:0 , 0
795:0 , 0
796:0 , 0
797:0 , 0
798:0 , 0
799:0 , 0
800:1 , 1
801:0 , 0
802:0 , 0
803:0 , 0
804:0 , 0
805:0 , 0
806:0 , 0
807:0 , 0
808:0 , 0
809:0 , 0
810:0 , 0
811:0 , 0
812:0 , 0
813:0 , 0
814:0 , 0
815:0 , 0
816:0 , 0
817:0 , 0
818:0 , 0
819:0 , 0
820:0 , 0
821:0 , 0
822:0 , 0
823:0 , 0
824:0 , 0
825:0 , 0
826:0 , 0
827:0 , 0
828:0 , 0
829:0 , 0
830:0 , 0
831:0 , 0
832:0 , 0
833:0 , 0
834:0 , 0
835:0 , 0
836:0 , 0
837:1 , 1
838:0 , 0
839:0 , 0
840:0 , 0
841:0 , 0
842:0 , 0
843:0 , 0
844:0 , 0
845:0 , 0
846:0 , 0
847:0 , 0
848:0 , 0
849:0 , 0
850:0 , 0
851:0 , 0
852:0 , 0
853:0 , 0
854:0 , 0
855:0 , 0
856:0 , 0
857:0 , 0
858:1 , 0
859:0 , 0
860:0 , 0
861:0 , 0
862:0 , 0
863:0 , 0
864:0 , 0
865:0 , 0
866:0 , 0
867:0 , 0
868:0 , 0
869:0 , 0
870:0 , 0
871:0 , 0
872:0 , 0
873:0 , 0
874:0 , 0
875:0 , 0
876:0 , 0
877:0 , 0
878:0 , 0
879:0 , 0
880:0 , 0
881:0 , 0
882:0 , 0
883:0 , 0
884:0 , 0
885:0 , 0
886:0 , 0
887:0 , 0
888:0 , 0
889:0 , 0
890:0 , 0
891:0 , 0
892:0 , 0
893:0 , 0
894:0 , 0
895:0 , 0
896:0 , 0
897:0 , 0
898:0 , 0
899:0 , 0
900:0 , 0
901:0 , 0
902:0 , 0
903:0 , 0
904:0 , 0
905:0 , 0
906:0 , 0
907:0 , 0
908:0 , 0
909:0 , 0
910:0 , 0
911:0 , 0
912:0 , 0
913:0 , 0
914:0 , 0
915:0 , 0
916:1 , 0
917:0 , 0
918:0 , 0
919:0 , 0
920:0 , 0
921:0 , 0
922:1 , 0
923:0 , 0
924:0 , 0
925:0 , 0
926:0 , 0
927:0 , 0
928:0 , 0
929:0 , 0
930:0 , 0
931:0 , 0
932:0 , 0
933:0 , 0
934:0 , 0
935:0 , 0
936:0 , 0
937:0 , 0
938:0 , 0
939:0 , 0
940:0 , 0
941:0 , 0
942:0 , 0
943:0 , 0
944:0 , 0
945:0 , 0
946:0 , 0
947:0 , 0
948:0 , 0
949:0 , 0
950:0 , 0
951:0 , 0
952:0 , 0
953:0 , 0
954:0 , 0
955:0 , 0
956:0 , 0
957:0 , 0
958:0 , 0
959:0 , 0
960:0 , 0
961:0 , 0
962:0 , 0
963:0 , 0
964:0 , 0
965:0 , 0
966:0 , 0
967:0 , 0
968:0 , 0
969:0 , 0
970:0 , 0
971:0 , 0
972:0 , 0
973:0 , 0
974:0 , 0
975:0 , 0
976:0 , 0
977:0 , 0
978:0 , 0
979:0 , 0
980:0 , 0
981:0 , 0
982:0 , 0
983:0 , 0
984:0 , 0
985:0 , 0
986:0 , 0
987:0 , 0
988:0 , 0
989:0 , 0
990:0 , 0
991:0 , 0
992:0 , 0
993:0 , 0
994:0 , 0
995:0 , 0
996:0 , 0
997:0 , 0
998:0 , 0
999:0 , 0
1000:0 , 0
1001:0 , 0
1002:0 , 0
1003:0 , 0
1004:0 , 0
1005:0 , 0
1006:0 , 0
1007:0 , 0
1008:0 , 0
1009:0 , 0
1010:0 , 0
1011:0 , 0
1012:0 , 0
1013:0 , 0
1014:0 , 0
1015:0 , 0
1016:0 , 0
1017:0 , 0
1018:0 , 0
1019:0 , 0
1020:0 , 0
1021:0 , 0
1022:0 , 0
1023:0 , 0
1:5800 , 0
2:290 , 0
3:31 , 0
4:14 , 0
5:2 , 0
6:6 , 0
7:0 , 0
8:2 , 0
9:5 , 0
10:2 , 0
11:1 , 0
12:1 , 0
13:0 , 0
14:1 , 0
15:2 , 0
16:1 , 0
17:3 , 0
18:3 , 0
19:0 , 0
20:0 , 0
21:1 , 0
22:0 , 0
23:1 , 0
24:1 , 0
25:3 , 0
26:1 , 0
27:1 , 0
28:0 , 0
29:2 , 0
30:1 , 0
31:0 , 0
32:0 , 0
33:0 , 0
34:0 , 0
35:0 , 0
36:0 , 0
37:0 , 0
38:0 , 0
39:0 , 0
40:0 , 0
41:0 , 0
42:0 , 0
43:0 , 0
44:0 , 0
45:0 , 0
46:0 , 0
47:0 , 0
48:0 , 0
49:0 , 0
50:0 , 0
51:0 , 0
52:0 , 0
53:0 , 0
54:0 , 0
55:0 , 0
56:0 , 0
57:0 , 0
58:0 , 0
59:0 , 0
60:0 , 0
61:0 , 0
62:0 , 0
63:0 , 0
64:0 , 0
65:0 , 0
66:0 , 0
67:0 , 0
68:0 , 0
69:0 , 0
70:0 , 0
71:0 , 0
72:0 , 0
73:0 , 0
74:0 , 0
75:0 , 0
76:0 , 0
77:0 , 0
78:0 , 0
79:0 , 0
80:0 , 0
81:0 , 0
82:0 , 0
83:0 , 0
84:0 , 0
85:0 , 0
86:0 , 0
87:0 , 0
88:0 , 0
89:0 , 0
90:0 , 0
91:0 , 0
92:0 , 0
93:0 , 0
94:0 , 0
95:0 , 0
96:0 , 0
97:0 , 0
98:0 , 0
99:0 , 0
100:0 , 0
101:0 , 0
102:0 , 0
103:0 , 0
104:0 , 0
105:0 , 0
106:0 , 0
107:0 , 0
108:0 , 0
109:0 , 0
110:0 , 0
111:0 , 0
112:0 , 0
113:0 , 0
114:0 , 0
115:0 , 0
116:0 , 0
117:66 , 0
118:221 , 0
119:781 , 0
120:1720 , 0
121:3249 , 0
122:4352 , 0
123:5556 , 0
124:6015 , 0
125:5459 , 0
126:4541 , 0
127:3542 , 0
128:2396 , 0
129:1915 , 0
130:1481 , 0
131:1351 , 0
132:1242 , 0
133:1136 , 0
134:1221 , 0
135:1205 , 0
136:1224 , 0
137:1101 , 0
138:1027 , 0
139:951 , 0
140:866 , 0
141:950 , 0
142:744 , 0
143:700 , 0
144:727 , 0
145:661 , 0
146:668 , 0
147:758 , 0
148:691 , 0
149:748 , 0
150:674 , 0
151:552 , 0
152:578 , 0
153:555 , 0
154:507 , 0
155:508 , 0
156:634 , 0
157:652 , 0
158:661 , 0
159:440 , 0
160:431 , 0
161:409 , 0
162:427 , 0
163:436 , 0
164:505 , 0
165:420 , 0
166:434 , 0
167:428 , 0
168:406 , 0
169:342 , 0
170:407 , 0
171:381 , 0
172:426 , 0
173:454 , 0
174:502 , 0
175:567 , 0
176:455 , 0
177:479 , 0
178:409 , 0
179:473 , 0
180:418 , 0
181:404 , 0
182:417 , 0
183:321 , 0
184:390 , 0
185:364 , 0
186:376 , 0
187:386 , 0
188:534 , 0
189:363 , 0
190:341 , 0
191:318 , 0
192:281 , 0
193:298 , 0
194:312 , 0
195:265 , 0
196:279 , 0
197:228 , 0
198:313 , 0
199:308 , 0
200:316 , 0
201:328 , 0
202:360 , 0
203:318 , 0
204:258 , 0
205:281 , 0
206:282 , 0
207:247 , 0
208:298 , 0
209:280 , 0
210:235 , 0
211:381 , 0
212:373 , 0
213:392 , 0
214:406 , 0
215:295 , 0
216:313 , 0
217:264 , 0
218:298 , 0
219:272 , 0
220:267 , 0
221:255 , 0
222:297 , 0
223:262 , 0
224:291 , 0
225:282 , 0
226:274 , 0
227:354 , 0
228:387 , 0
229:350 , 0
230:333 , 0
231:258 , 0
232:247 , 0
233:204 , 0
234:223 , 0
235:198 , 0
236:132 , 0
237:198 , 0
238:258 , 0
239:210 , 0
240:280 , 0
241:259 , 0
242:229 , 0
243:257 , 0
244:257 , 0
245:302 , 0
246:190 , 0
247:224 , 0
248:186 , 0
249:227 , 0
250:213 , 0
251:247 , 0
252:227 , 0
253:193 , 0
254:243 , 0
255:280 , 0
256:198 , 0
257:282 , 0
258:310 , 0
259:319 , 0
260:209 , 0
261:206 , 0
262:229 , 0
263:169 , 0
264:170 , 0
265:163 , 0
266:178 , 0
267:171 , 0
268:223 , 0
269:231 , 0
270:219 , 0
271:191 , 0
272:154 , 0
273:100 , 0
274:175 , 0
275:191 , 0
276:177 , 0
277:137 , 0
278:195 , 0
279:155 , 0
280:186 , 0
281:218 , 0
282:175 , 0
283:151 , 0
284:165 , 0
285:187 , 0
286:117 , 0
287:153 , 0
288:167 , 0
289:191 , 0
290:227 , 0
291:212 , 0
292:188 , 0
293:186 , 0
294:183 , 0
295:189 , 0
296:183 , 0
297:152 , 0
298:190 , 0
299:185 , 0
300:201 , 0
301:203 , 0
302:116 , 0
303:202 , 0
304:210 , 0
305:208 , 0
306:177 , 0
307:206 , 0
308:177 , 0
309:217 , 0
310:179 , 0
311:213 , 0
312:131 , 0
313:156 , 0
314:200 , 0
315:156 , 0
316:177 , 0
317:117 , 0
318:140 , 0
319:192 , 0
320:187 , 0
321:160 , 0
322:255 , 0
323:149 , 0
324:102 , 0
325:121 , 0
326:121 , 0
327:163 , 0
328:162 , 0
329:183 , 0
330:170 , 0
331:135 , 0
332:166 , 0
333:141 , 0
334:96 , 0
335:99 , 0
336:99 , 0
337:147 , 0
338:218 , 0
339:138 , 0
340:105 , 0
341:162 , 0
342:154 , 0
343:159 , 0
344:138 , 0
345:152 , 0
346:205 , 0
347:155 , 0
348:141 , 0
349:114 , 0
350:125 , 0
351:157 , 0
352:122 , 0
353:117 , 0
354:115 , 0
355:134 , 0
356:137 , 0
357:196 , 0
358:169 , 0
359:167 , 0
360:130 , 0
361:145 , 0
362:193 , 0
363:123 , 0
364:241 , 0
365:228 , 0
366:145 , 0
367:201 , 0
368:158 , 0
369:152 , 0
370:140 , 0
371:98 , 0
372:141 , 0
373:147 , 0
374:138 , 0
375:168 , 0
376:93 , 0
377:141 , 0
378:83 , 0
379:117 , 0
380:142 , 0
381:162 , 0
382:91 , 0
383:128 , 0
384:143 , 0
385:184 , 0
386:85 , 0
387:155 , 0
388:153 , 0
389:167 , 0
390:190 , 0
391:166 , 0
392:157 , 0
393:119 , 0
394:128 , 0
395:159 , 0
396:107 , 0
397:112 , 0
398:79 , 0
399:111 , 0
400:120 , 0
401:120 , 0
402:69 , 0
403:51 , 0
404:58 , 0
405:150 , 0
406:81 , 0
407:73 , 0
408:91 , 0
409:104 , 0
410:105 , 0
411:133 , 0
412:105 , 0
413:125 , 0
414:96 , 0
415:115 , 0
416:110 , 0
417:138 , 0
418:79 , 0
419:107 , 0
420:114 , 0
421:141 , 0
422:115 , 0
423:143 , 0
424:60 , 0
425:77 , 0
426:70 , 0
427:83 , 0
428:85 , 0
429:99 , 0
430:76 , 0
431:80 , 0
432:71 , 0
433:105 , 0
434:61 , 0
435:98 , 0
436:127 , 0
437:76 , 0
438:123 , 0
439:88 , 0
440:78 , 0
441:105 , 0
442:92 , 0
443:68 , 0
444:69 , 0
445:115 , 0
446:99 , 0
447:98 , 0
448:117 , 0
449:161 , 0
450:135 , 0
451:78 , 0
452:124 , 0
453:86 , 0
454:66 , 0
455:84 , 0
456:119 , 0
457:105 , 0
458:102 , 0
459:87 , 0
460:115 , 0
461:85 , 0
462:104 , 0
463:75 , 0
464:73 , 0
465:80 , 0
466:75 , 0
467:80 , 0
468:74 , 0
469:109 , 0
470:77 , 0
471:110 , 0
472:52 , 0
473:57 , 0
474:48 , 0
475:44 , 0
476:78 , 0
477:57 , 0
478:62 , 0
479:81 , 0
480:110 , 0
481:95 , 0
482:66 , 0
483:70 , 0
484:96 , 0
485:57 , 0
486:71 , 0
487:77 , 0
488:54 , 0
489:75 , 0
490:72 , 0
491:74 , 0
492:45 , 0
493:67 , 0
494:77 , 0
495:78 , 0
496:149 , 0
497:114 , 0
498:140 , 0
499:103 , 0
500:75 , 0
501:92 , 0
502:66 , 0
503:110 , 0
504:73 , 0
505:44 , 0
506:72 , 0
507:65 , 0
508:93 , 0
509:89 , 0
510:174 , 0
511:102 , 0
512:114 , 0
513:78 , 0
514:75 , 0
515:74 , 0
516:93 , 0
517:81 , 0
518:44 , 0
519:44 , 0
520:65 , 0
521:57 , 0
522:80 , 0
523:77 , 0
524:66 , 0
525:71 , 0
526:69 , 0
527:51 , 0
528:68 , 0
529:53 , 0
530:62 , 0
531:70 , 0
532:58 , 0
533:38 , 0
534:39 , 0
535:39 , 0
536:44 , 0
537:66 , 0
538:67 , 0
539:99 , 0
540:111 , 0
541:130 , 0
542:91 , 0
543:77 , 0
544:85 , 0
545:58 , 0
546:5 , 0
547:36 , 0
548:72 , 0
549:102 , 0
550:84 , 0
551:82 , 0
552:24 , 0
553:47 , 0
554:53 , 0
555:88 , 0
556:63 , 0
557:80 , 0
558:79 , 0
559:97 , 0
560:33 , 0
561:53 , 0
562:62 , 0
563:63 , 0
564:90 , 0
565:60 , 0
566:77 , 0
567:70 , 0
568:41 , 0
569:47 , 0
570:37 , 0
571:67 , 0
572:58 , 0
573:42 , 0
574:51 , 0
575:54 , 0
576:51 , 0
577:69 , 0
578:68 , 0
579:93 , 0
580:80 , 0
581:65 , 0
582:26 , 0
583:71 , 0
584:41 , 0
585:89 , 0
586:75 , 0
587:77 , 0
588:78 , 0
589:69 , 0
590:38 , 0
591:48 , 0
592:42 , 0
593:37 , 0
594:49 , 0
595:53 , 0
596:60 , 0
597:64 , 0
598:33 , 0
599:20 , 0
600:12 , 0
601:23 , 0
602:56 , 0
603:26 , 0
604:41 , 0
605:46 , 0
606:34 , 0
607:22 , 0
608:37 , 0
609:48 , 0
610:36 , 0
611:34 , 0
612:30 , 0
613:54 , 0
614:20 , 0
615:33 , 0
616:46 , 0
617:58 , 0
618:27 , 0
619:31 , 0
620:19 , 0
621:22 , 0
622:22 , 0
623:86 , 0
624:49 , 0
625:27 , 0
626:32 , 0
627:34 , 0
628:35 , 0
629:79 , 0
630:54 , 0
631:22 , 0
632:35 , 0
633:39 , 0
634:64 , 0
635:13 , 0
636:21 , 0
637:40 , 0
638:29 , 0
639:18 , 0
640:18 , 0
641:27 , 0
642:34 , 0
643:47 , 0
644:49 , 0
645:35 , 0
646:45 , 0
647:38 , 0
648:22 , 0
649:42 , 0
650:30 , 0
651:30 , 0
652:20 , 0
653:55 , 0
654:60 , 0
655:43 , 0
656:27 , 0
657:33 , 0
658:26 , 0
659:29 , 0
660:32 , 0
661:21 , 0
662:46 , 0
663:37 , 0
664:39 , 0
665:21 , 0
666:23 , 0
667:41 , 0
668:53 , 0
669:32 , 0
670:43 , 0
671:26 , 0
672:38 , 0
673:50 , 0
674:18 , 0
675:19 , 0
676:44 , 0
677:29 , 0
678:17 , 0
679:28 , 0
680:13 , 0
681:18 , 0
682:25 , 0
683:29 , 0
684:27 , 0
685:8 , 0
686:30 , 0
687:25 , 0
688:61 , 0
689:22 , 0
690:41 , 0
691:35 , 0
692:35 , 0
693:26 , 0
694:43 , 0
695:36 , 0
696:24 , 0
697:44 , 0
698:42 , 0
699:32 , 0
700:24 , 0
701:24 , 0
702:17 , 0
703:39 , 0
704:17 , 0
705:18 , 0
706:21 , 0
707:58 , 0
708:42 , 0
709:18 , 0
710:18 , 0
711:37 , 0
712:27 , 0
713:14 , 0
714:11 , 0
715:17 , 0
716:47 , 0
717:28 , 0
718:33 , 0
719:32 , 0
720:36 , 0
721:35 , 0
722:31 , 0
723:15 , 0
724:28 , 0
725:42 , 0
726:35 , 0
727:6 , 0
728:11 , 0
729:24 , 0
730:15 , 0
731:17 , 0
732:39 , 0
733:50 , 0
734:29 , 0
735:31 , 0
736:31 , 0
737:5 , 0
738:11 , 0
739:16 , 0
740:29 , 0
741:16 , 0
742:14 , 0
743:39 , 0
744:23 , 0
745:43 , 0
746:12 , 0
747:23 , 0
748:10 , 0
749:11 , 0
750:9 , 0
751:35 , 0
752:11 , 0
753:29 , 0
754:22 , 0
755:31 , 0
756:19 , 0
757:11 , 0
758:28 , 0
759:13 , 0
760:14 , 0
761:4 , 0
762:3 , 0
763:5 , 0
764:13 , 0
765:14 , 0
766:11 , 0
767:10 , 0
768:12 , 0
769:13 , 0
770:7 , 0
771:5 , 0
772:8 , 0
773:4 , 0
774:19 , 0
775:13 , 0
776:8 , 0
777:6 , 0
778:1 , 0
779:6 , 0
780:24 , 0
781:14 , 0
782:3 , 0
783:11 , 0
784:2 , 0
785:4 , 0
786:12 , 0
787:5 , 0
788:5 , 0
789:26 , 0
790:12 , 0
791:5 , 0
792:5 , 0
793:24 , 0
794:3 , 0
795:10 , 0
796:13 , 0
797:14 , 0
798:19 , 0
799:17 , 0
800:18 , 0
801:19 , 0
802:41 , 0
803:14 , 0
804:7 , 0
805:15 , 0
806:24 , 0
807:36 , 0
808:7 , 0
809:9 , 0
810:16 , 0
811:33 , 0
812:29 , 0
813:20 , 0
814:31 , 0
815:36 , 0
816:21 , 0
817:7 , 0
818:25 , 0
819:13 , 0
820:8 , 0
821:20 , 0
822:39 , 0
823:42 , 0
824:14 , 0
825:5 , 0
826:4 , 0
827:14 , 0
828:28 , 0
829:20 , 0
830:23 , 0
831:3 , 0
832:14 , 0
833:49 , 0
834:17 , 0
835:28 , 0
836:33 , 0
837:31 , 0
838:31 , 0
839:27 , 0
840:16 , 0
841:10 , 0
842:12 , 0
843:15 , 0
844:18 , 0
845:29 , 0
846:9 , 0
847:16 , 0
848:14 , 0
849:9 , 0
850:28 , 0
851:21 , 0
852:6 , 0
853:11 , 0
854:22 , 0
855:7 , 0
856:19 , 0
857:10 , 0
858:6 , 0
859:23 , 0
860:32 , 0
861:20 , 0
862:7 , 0
863:6 , 0
864:25 , 0
865:23 , 0
866:9 , 0
867:10 , 0
868:9 , 0
869:4 , 0
870:28 , 0
871:6 , 0
872:4 , 0
873:1 , 0
874:1 , 0
875:5 , 0
876:27 , 0
877:19 , 0
878:13 , 0
879:6 , 0
880:3 , 0
881:9 , 0
882:13 , 0
883:1 , 0
884:3 , 0
885:2 , 0
886:2 , 0
887:6 , 0
888:23 , 0
889:8 , 0
890:4 , 0
891:7 , 0
892:2 , 0
893:2 , 0
894:6 , 0
895:5 , 0
896:11 , 0
897:12 , 0
898:8 , 0
899:22 , 0
900:24 , 0
901:2 , 0
902:1 , 0
903:1 , 0
904:1 , 0
905:2 , 0
906:4 , 0
907:1 , 0
908:7 , 0
909:3 , 0
910:5 , 0
911:2 , 0
912:1 , 0
913:7 , 0
914:18 , 0
915:17 , 0
916:12 , 0
917:10 , 0
918:13 , 0
919:19 , 0
920:4 , 0
921:4 , 0
922:4 , 0
923:3 , 0
924:0 , 0
925:10 , 0
926:2 , 0
927:6 , 0
928:8 , 0
929:6 , 0
930:5 , 0
931:0 , 0
932:1 , 0
933:4 , 0
934:13 , 0
935:3 , 0
936:2 , 0
937:5 , 0
938:9 , 0
939:2 , 0
940:1 , 0
941:1 , 0
942:1 , 0
943:7 , 0
944:11 , 0
945:7 , 0
946:1 , 0
947:4 , 0
948:6 , 0
949:0 , 0
950:0 , 0
951:6 , 0
952:10 , 0
953:19 , 0
954:8 , 0
955:1 , 0
956:4 , 0
957:1 , 0
958:4 , 0
959:2 , 0
960:7 , 0
961:17 , 0
962:14 , 0
963:13 , 0
964:14 , 0
965:17 , 0
966:6 , 0
967:4 , 0
968:5 , 0
969:3 , 0
970:3 , 0
971:0 , 0
972:9 , 0
973:4 , 0
974:3 , 0
975:14 , 0
976:10 , 0
977:5 , 0
978:10 , 0
979:2 , 0
980:7 , 0
981:10 , 0
982:5 , 0
983:5 , 0
984:11 , 0
985:32 , 0
986:6 , 0
987:3 , 0
988:19 , 0
989:3 , 0
990:7 , 0
991:16 , 0
992:2 , 0
993:1 , 0
994:10 , 0
995:15 , 0
996:4 , 0
997:14 , 0
998:21 , 0
999:6 , 0
1000:7 , 0
1001:9 , 0
1002:6 , 0
1003:12 , 0
1004:8 , 0
1005:3 , 0
1006:1 , 0
1007:2 , 0
1008:1 , 0
1009:1 , 0
1010:4 , 0
1011:5 , 0
1012:22 , 0
1013:17 , 0
1014:9 , 0
1015:19 , 0
1016:13 , 0
1017:6 , 0
1018:1 , 0
1019:3 , 0
1020:2 , 0
1021:2 , 0
1022:4 , 0
1023:15 , 0
0:41:0.61267
way:16
1:758:0.00389502
way:16
41000000
42000000
** Heartbeat for core[01]:        insts:60000000    cycles:98485699   (3939427920) seconds:1002  -- 0.52 IPC (0.61 IPC) -- 51.28 KIPS (59.88 KIPS)
** Heartbeat for core[01]:  Thread:0      insts:60000000    cycles:98485699   (3939427920) seconds:1002  -- 0.52 IPC (0.61 IPC) -- 51.28 KIPS (59.88 KIPS)
43000000
44000000
45000000
** Heartbeat for core[00]:        insts:80000000    cycles:105253239  (4210129520) seconds:1072  -- 0.40 IPC (0.76 IPC) -- 38.91 KIPS (74.63 KIPS)
** Heartbeat for core[00]:  Thread:0      insts:80000000    cycles:105253239  (4210129520) seconds:1072  -- 0.40 IPC (0.76 IPC) -- 38.91 KIPS (74.63 KIPS)
46000000
**Core 00 Core_Total  Finished:   insts:80862398    cycles:107374184  (4294967320) seconds:1094  -- 0.75 IPC (0.75 IPC) --  N/A  KHz (73.91 KHz)
**Core 00 Thread 00 Finished:   insts:80862398    cycles:107374184  (4294967320)  seconds:1094  -- 0.75 IPC (0.75 IPC) --  N/A  KHz (73.91 KHz) 
**Core 01 Core_Total  Finished:   insts:64622232    cycles:107374184  (4294967320) seconds:1094  -- 0.60 IPC (0.60 IPC) --  N/A  KHz (59.07 KHz)
**Core 01 Thread 00 Finished:   insts:64622232    cycles:107374184  (4294967320)  seconds:1094  -- 0.60 IPC (0.60 IPC) --  N/A  KHz (59.07 KHz) 
src/macsim.cc:617: (I=80862398  C=4294967361):  finalize simulation
src/macsim.cc:623: (I=80862398  C=4294967361):  elapsed time:1094.0 seconds
Done
