####################################################################################################
Interval
####################################################################################################
Cumulative:         Cycles:                  20000     Instructions:                  1200
DISPATCHED_INST                                         307719858                     307719858

DISPATCH_WAIT                                         11342999962                       36.8614

NUM_NO_FETCH_CYCLES                                             0                             0

AVG_CORE_IDLE_CYCLE                                             0                             0

REEXEC_NUM                                                      0                             0

INV_MATCH_NUM                                                   0                             0

EARLY_PERM_NUM                                                  0                             0

PERM_MATCH_NUM                                                  0                             0

RETIRE_SPECLD_NUM                                               0                             0

RETIRE_SPECST_NUM                                               0                             0

FENCE_HEAD_ROB_WAIT                                             0                             0

NUM_SAMPLES_CORE_0                                      107374184                     107374184

NUM_ACTIVE_BLOCKS_CORE_0                                        0                             0

NUM_ACTIVE_THREADS_CORE_0                               107374184                             1

NUM_SCHED_IDLE_CYCLE_CORE_0                               8032079                       8032079

NUM_NO_SCHED_CYCLE_CORE_0                                65670426                      65670426

CORE_DISPATCHED_INST_CORE_0                             103521985                     103521985

CORE_DISPATCH_WAIT_CORE_0                              4331268988                       41.8391

CORE_CYCLES_CORE_0                                              0                             0

CORE_SCHED_THREADS_CORE_0                                       0                           NaN

CORE_NUM_NO_FETCH_CYCLES_CORE_0                                 0                             0

CORE_NUM_NO_FETCH_CYCLES_WITH_READY_THREADS_CORE_0                   0                             0

CORE_NUM_FETCH_CYCLES_CORE_0                                    0                             0

CORE_FETCH_DELTA_CORE_0                                         0                           NaN

CORE_NUM_RETIRE_CYCLES_CORE_0                                   0                             0

CORE_RETIRE_DELTA_CORE_0                                        0                           NaN

FENCE_PREF_REQ_CORE_0                                           0                             0

FENCE_WAITING_CORE_0                                            0                             0

DYN_FENCE_NUM_CORE_0                                            0                             0

WB_ORDERING_STALL_CORE_0                                        0                             0

WB_FULL_CORE_0                                                  0                             0

FENCE_TOT_CYCLES_CORE_0                                         0                             0

FENCE_EXEC_CYCLES_CORE_0                                        0                             0

STORE_RES_CORE_0                                        792222472                     792222472

STORE_NUM_CORE_0                                          7100347                       7100347

STORE_WB_FREE_CORE_0                                            0                             0

SCHED_FAILED_REASON_SUCCESS_CORE_0                      103522414                       5.88056%
SCHED_FAILED_OPERANDS_NOT_READY_CORE_0                 1648001805                       93.6142%
SCHED_FAILED_NO_PORTS_CORE_0                              8894263                      0.505236%
SCHED_FAILED_FENCE_ACTIVE_CORE_0                                0                             0%
                                                       1760418482                           100%

NUM_SAMPLES_CORE_1                                      107374184                     107374184

NUM_ACTIVE_BLOCKS_CORE_1                                        0                             0

NUM_ACTIVE_THREADS_CORE_1                               107374184                             1

NUM_SCHED_IDLE_CYCLE_CORE_1                              14752358                      14752358

NUM_NO_SCHED_CYCLE_CORE_1                                34933290                      34933290

CORE_DISPATCHED_INST_CORE_1                             107782961                     107782961

CORE_DISPATCH_WAIT_CORE_1                              3620202850                       33.5879

CORE_CYCLES_CORE_1                                              0                             0

CORE_SCHED_THREADS_CORE_1                                       0                           NaN

CORE_NUM_NO_FETCH_CYCLES_CORE_1                                 0                             0

CORE_NUM_NO_FETCH_CYCLES_WITH_READY_THREADS_CORE_1                   0                             0

CORE_NUM_FETCH_CYCLES_CORE_1                                    0                             0

CORE_FETCH_DELTA_CORE_1                                         0                           NaN

CORE_NUM_RETIRE_CYCLES_CORE_1                                   0                             0

CORE_RETIRE_DELTA_CORE_1                                        0                           NaN

FENCE_PREF_REQ_CORE_1                                           0                             0

FENCE_WAITING_CORE_1                                            0                             0

DYN_FENCE_NUM_CORE_1                                            0                             0

WB_ORDERING_STALL_CORE_1                                        0                             0

WB_FULL_CORE_1                                                  0                             0

FENCE_TOT_CYCLES_CORE_1                                         0                             0

FENCE_EXEC_CYCLES_CORE_1                                        0                             0

STORE_RES_CORE_1                                       2164879256                    2164879256

STORE_NUM_CORE_1                                         12308944                      12308944

STORE_WB_FREE_CORE_1                                            0                             0

SCHED_FAILED_REASON_SUCCESS_CORE_1                      107815170                        5.9199%
SCHED_FAILED_OPERANDS_NOT_READY_CORE_1                 1705700288                       93.6564%
SCHED_FAILED_NO_PORTS_CORE_1                              7717481                       0.42375%
SCHED_FAILED_FENCE_ACTIVE_CORE_1                                0                             0%
                                                       1821232939                           100%

NUM_SAMPLES_CORE_2                                      107374184                     107374184

NUM_ACTIVE_BLOCKS_CORE_2                                        0                             0

NUM_ACTIVE_THREADS_CORE_2                               107374184                             1

NUM_SCHED_IDLE_CYCLE_CORE_2                              16948060                      16948060

NUM_NO_SCHED_CYCLE_CORE_2                                38728487                      38728487

CORE_DISPATCHED_INST_CORE_2                              96414912                      96414912

CORE_DISPATCH_WAIT_CORE_2                              3391528124                       35.1764

CORE_CYCLES_CORE_2                                              0                             0

CORE_SCHED_THREADS_CORE_2                                       0                           NaN

CORE_NUM_NO_FETCH_CYCLES_CORE_2                                 0                             0

CORE_NUM_NO_FETCH_CYCLES_WITH_READY_THREADS_CORE_2                   0                             0

CORE_NUM_FETCH_CYCLES_CORE_2                                    0                             0

CORE_FETCH_DELTA_CORE_2                                         0                           NaN

CORE_NUM_RETIRE_CYCLES_CORE_2                                   0                             0

CORE_RETIRE_DELTA_CORE_2                                        0                           NaN

FENCE_PREF_REQ_CORE_2                                           0                             0

FENCE_WAITING_CORE_2                                            0                             0

DYN_FENCE_NUM_CORE_2                                            0                             0

WB_ORDERING_STALL_CORE_2                                        0                             0

WB_FULL_CORE_2                                                  0                             0

FENCE_TOT_CYCLES_CORE_2                                         0                             0

FENCE_EXEC_CYCLES_CORE_2                                        0                             0

STORE_RES_CORE_2                                       2121639936                    2121639936

STORE_NUM_CORE_2                                         10832885                      10832885

STORE_WB_FREE_CORE_2                                            0                             0

SCHED_FAILED_REASON_SUCCESS_CORE_2                       96441889                       5.55034%
SCHED_FAILED_OPERANDS_NOT_READY_CORE_2                 1634381622                       94.0605%
SCHED_FAILED_NO_PORTS_CORE_2                              6762629                      0.389197%
SCHED_FAILED_FENCE_ACTIVE_CORE_2                                0                             0%
                                                       1737586140                           100%

