####################################################################################################
Interval
####################################################################################################
Cumulative:         Cycles:                  20000     Instructions:                  1200
DRAM_PRECHARGE                                             126778                        126778

DRAM_ACTIVATE                                              126785                        126785

DRAM_COLUMN                                                746553                        746553

DRAM_AVG_LATENCY_BASE                                      746553                        746553

DRAM_AVG_LATENCY                                         23554059                       31.5504

BANDWIDTH_TOT                                            47779392                      47779392

DRAM_CHANNEL0_BANDWIDTH_SATURATED                           85025                         85025

DRAM_CHANNEL1_BANDWIDTH_SATURATED                           88655                         88655

DRAM_CHANNEL2_BANDWIDTH_SATURATED                               0                             0

DRAM_CHANNEL3_BANDWIDTH_SATURATED                               0                             0

DRAM_CHANNEL4_BANDWIDTH_SATURATED                               0                             0

DRAM_CHANNEL5_BANDWIDTH_SATURATED                               0                             0

DRAM_CHANNEL6_BANDWIDTH_SATURATED                               0                             0

DRAM_CHANNEL7_BANDWIDTH_SATURATED                               0                             0

DRAM_CHANNEL0_DBUS_IDLE                                  34357191                      34357191

DRAM_CHANNEL1_DBUS_IDLE                                  34365471                      34365471

DRAM_CHANNEL2_DBUS_IDLE                                         0                             0

DRAM_CHANNEL3_DBUS_IDLE                                         0                             0

DRAM_CHANNEL4_DBUS_IDLE                                         0                             0

DRAM_CHANNEL5_DBUS_IDLE                                         0                             0

DRAM_CHANNEL6_DBUS_IDLE                                         0                             0

DRAM_CHANNEL7_DBUS_IDLE                                         0                             0

