Arguments: ./macsim --l3_repl==PDP --num_sim_cores=3 --num_sim_large_cores=3 
src/macsim.cc:133: (I=0  C=0):  initialize knobs
number of cores : 3
src/macsim.cc:531: (I=0  C=0):  initialize simulation
src/macsim.cc:327: (I=0  C=0):  initialize cores (3/0/0)
src/memory.cc:1695: (I=0  C=0):  Memory system(l2_decoupled_network) has been initialized.
l3_policy: PDP,PDP
0
1
1
Way0:3
Way1:15
Way2:14
ip_table done
way0=3
way1=15
way2=14
src/network_ring.cc:107: (I=0  C=0):  TOTAL_ROUTER:5 CPU:3 GPU:0 L3:1 MC:1
src/network_ring.cc:312: (I=0  C=0):  RING topology
0 <-> 1 <-> 2 <-> 3 <-> 4 <-> 
enabling bug detector
src/macsim.cc:748: (I=0  C=0):  Initializing new noc

src/macsim.cc:839: (I=0  C=0):  Clock LCM           : 920
src/macsim.cc:840: (I=0  C=0):  CPU clock frequency : 2.3 GHz
src/macsim.cc:841: (I=0  C=0):  GPU clock frequency : 2.3 GHz
src/macsim.cc:842: (I=0  C=0):  L3  clock frequency : 1 GHz
src/macsim.cc:843: (I=0  C=0):  NOC clock frequency : 1 GHz
src/macsim.cc:844: (I=0  C=0):  MC  clock frequency : 0.8 GHz
src/process_manager.cc:455: (I=0  C=0):  setup_process:0 /home/jinku/macsim_traces/astar/trace.txt current_index:0 (1)
src/process_manager.cc:548: (I=0  C=0):  thread_count:1
src/process_manager.cc:455: (I=0  C=0):  setup_process:1 /home/jinku/macsim_traces/160810/4MB/trace.txt current_index:0 (1)
src/process_manager.cc:548: (I=0  C=0):  thread_count:1
src/process_manager.cc:455: (I=0  C=0):  setup_process:2 /home/jinku/macsim_traces/160810/16MB/trace.txt current_index:0 (1)
src/process_manager.cc:548: (I=0  C=0):  thread_count:1
1000000
2000000
3000000
4000000
** Heartbeat for core[00]:        insts:10000000    cycles:9366259    (374650320) seconds:136   -- 1.07 IPC (1.07 IPC) -- 0.00 KIPS (73.53 KIPS)
** Heartbeat for core[00]:  Thread:0      insts:10000000    cycles:9366259    (374650320) seconds:136   -- 1.07 IPC (1.07 IPC) -- 0.00 KIPS (73.53 KIPS)
5000000
6000000
** Heartbeat for core[02]:        insts:10000000    cycles:15144776   (605791000) seconds:228   -- 0.66 IPC (0.66 IPC) -- 0.00 KIPS (43.86 KIPS)
** Heartbeat for core[02]:  Thread:0      insts:10000000    cycles:15144776   (605791000) seconds:228   -- 0.66 IPC (0.66 IPC) -- 0.00 KIPS (43.86 KIPS)
** Heartbeat for core[01]:        insts:10000000    cycles:15189304   (607572120) seconds:229   -- 0.66 IPC (0.66 IPC) -- 0.00 KIPS (43.67 KIPS)
** Heartbeat for core[01]:  Thread:0      insts:10000000    cycles:15189304   (607572120) seconds:229   -- 0.66 IPC (0.66 IPC) -- 0.00 KIPS (43.67 KIPS)
7000000
8000000
** Heartbeat for core[00]:        insts:20000000    cycles:18554659   (742186320) seconds:285   -- 1.09 IPC (1.08 IPC) -- 67.11 KIPS (70.18 KIPS)
** Heartbeat for core[00]:  Thread:0      insts:20000000    cycles:18554659   (742186320) seconds:285   -- 1.09 IPC (1.08 IPC) -- 67.11 KIPS (70.18 KIPS)
9000000
10000000
10000000: 30m cycle
total access:[15360]
0:63:0.130923
total access:[42847]
1:520:0.0114349
total access:[231]
2:48:0.253846
11000000
** Heartbeat for core[00]:        insts:30000000    cycles:27585975   (1103438960) seconds:428   -- 1.11 IPC (1.09 IPC) -- 69.93 KIPS (70.09 KIPS)
** Heartbeat for core[00]:  Thread:0      insts:30000000    cycles:27585975   (1103438960) seconds:428   -- 1.11 IPC (1.09 IPC) -- 69.93 KIPS (70.09 KIPS)
12000000
** Heartbeat for core[02]:        insts:20000000    cycles:28777285   (1151091360) seconds:448   -- 0.73 IPC (0.69 IPC) -- 45.45 KIPS (44.64 KIPS)
** Heartbeat for core[02]:  Thread:0      insts:20000000    cycles:28777285   (1151091360) seconds:448   -- 0.73 IPC (0.69 IPC) -- 45.45 KIPS (44.64 KIPS)
13000000
** Heartbeat for core[01]:        insts:20000000    cycles:29995471   (1199818800) seconds:470   -- 0.68 IPC (0.67 IPC) -- 41.49 KIPS (42.55 KIPS)
** Heartbeat for core[01]:  Thread:0      insts:20000000    cycles:29995471   (1199818800) seconds:470   -- 0.68 IPC (0.67 IPC) -- 41.49 KIPS (42.55 KIPS)
14000000
15000000
** Heartbeat for core[00]:        insts:40000000    cycles:36600609   (1464024320) seconds:581   -- 1.11 IPC (1.09 IPC) -- 65.36 KIPS (68.85 KIPS)
** Heartbeat for core[00]:  Thread:0      insts:40000000    cycles:36600609   (1464024320) seconds:581   -- 1.11 IPC (1.09 IPC) -- 65.36 KIPS (68.85 KIPS)
16000000
17000000
18000000
** Heartbeat for core[01]:        insts:30000000    cycles:43137612   (1725504440) seconds:694   -- 0.76 IPC (0.70 IPC) -- 44.64 KIPS (43.23 KIPS)
** Heartbeat for core[01]:  Thread:0      insts:30000000    cycles:43137612   (1725504440) seconds:694   -- 0.76 IPC (0.70 IPC) -- 44.64 KIPS (43.23 KIPS)
** Heartbeat for core[02]:        insts:30000000    cycles:43287043   (1731481680) seconds:697   -- 0.69 IPC (0.69 IPC) -- 40.16 KIPS (43.04 KIPS)
** Heartbeat for core[02]:  Thread:0      insts:30000000    cycles:43287043   (1731481680) seconds:697   -- 0.69 IPC (0.69 IPC) -- 40.16 KIPS (43.04 KIPS)
19000000
** Heartbeat for core[00]:        insts:50000000    cycles:45736903   (1829476080) seconds:739   -- 1.09 IPC (1.09 IPC) -- 63.29 KIPS (67.66 KIPS)
** Heartbeat for core[00]:  Thread:0      insts:50000000    cycles:45736903   (1829476080) seconds:739   -- 1.09 IPC (1.09 IPC) -- 63.29 KIPS (67.66 KIPS)
20000000
20000000: 30m cycle
total access:[30027]
0:65:0.105197
total access:[151003]
1:523:0.0112655
total access:[231]
2:48:0.253846
21000000
22000000
23000000
24000000
** Heartbeat for core[00]:        insts:60000000    cycles:56284810   (2251392360) seconds:918   -- 0.95 IPC (1.07 IPC) -- 55.87 KIPS (65.36 KIPS)
** Heartbeat for core[00]:  Thread:0      insts:60000000    cycles:56284810   (2251392360) seconds:918   -- 0.95 IPC (1.07 IPC) -- 55.87 KIPS (65.36 KIPS)
** Heartbeat for core[02]:        insts:40000000    cycles:56494035   (2259761360) seconds:922   -- 0.76 IPC (0.71 IPC) -- 44.44 KIPS (43.38 KIPS)
** Heartbeat for core[02]:  Thread:0      insts:40000000    cycles:56494035   (2259761360) seconds:922   -- 0.76 IPC (0.71 IPC) -- 44.44 KIPS (43.38 KIPS)
25000000
** Heartbeat for core[01]:        insts:40000000    cycles:57778148   (2311125880) seconds:942   -- 0.68 IPC (0.69 IPC) -- 40.32 KIPS (42.46 KIPS)
** Heartbeat for core[01]:  Thread:0      insts:40000000    cycles:57778148   (2311125880) seconds:942   -- 0.68 IPC (0.69 IPC) -- 40.32 KIPS (42.46 KIPS)
26000000
27000000
28000000
29000000
30000000
30000000: 30m cycle
total access:[43048]
0:80:0.0988811
total access:[262258]
1:351:0.0111976
total access:[85171]
2:1012:0.00291133
31000000
** Heartbeat for core[01]:        insts:50000000    cycles:71738664   (2869546520) seconds:1162  -- 0.72 IPC (0.70 IPC) -- 45.45 KIPS (43.03 KIPS)
** Heartbeat for core[01]:  Thread:0      insts:50000000    cycles:71738664   (2869546520) seconds:1162  -- 0.72 IPC (0.70 IPC) -- 45.45 KIPS (43.03 KIPS)
32000000
** Heartbeat for core[02]:        insts:50000000    cycles:74780662   (2991226440) seconds:1209  -- 0.55 IPC (0.67 IPC) -- 34.84 KIPS (41.36 KIPS)
** Heartbeat for core[02]:  Thread:0      insts:50000000    cycles:74780662   (2991226440) seconds:1209  -- 0.55 IPC (0.67 IPC) -- 34.84 KIPS (41.36 KIPS)
33000000
34000000
35000000
** Heartbeat for core[00]:        insts:70000000    cycles:80777199   (3231087920) seconds:1308  -- 0.41 IPC (0.87 IPC) -- 25.64 KIPS (53.52 KIPS)
** Heartbeat for core[00]:  Thread:0      insts:70000000    cycles:80777199   (3231087920) seconds:1308  -- 0.41 IPC (0.87 IPC) -- 25.64 KIPS (53.52 KIPS)
36000000
37000000
** Heartbeat for core[01]:        insts:60000000    cycles:85603696   (3424147800) seconds:1385  -- 0.72 IPC (0.70 IPC) -- 44.84 KIPS (43.32 KIPS)
** Heartbeat for core[01]:  Thread:0      insts:60000000    cycles:85603696   (3424147800) seconds:1385  -- 0.72 IPC (0.70 IPC) -- 44.84 KIPS (43.32 KIPS)
38000000
39000000
40000000
40000000: 30m cycle
total access:[59767]
0:88:0.0964979
total access:[372435]
1:265:0.011052
total access:[164430]
2:989:0.00267399
** Heartbeat for core[02]:        insts:60000000    cycles:92824468   (3712978680) seconds:1506  -- 0.55 IPC (0.65 IPC) -- 33.67 KIPS (39.84 KIPS)
** Heartbeat for core[02]:  Thread:0      insts:60000000    cycles:92824468   (3712978680) seconds:1506  -- 0.55 IPC (0.65 IPC) -- 33.67 KIPS (39.84 KIPS)
41000000
42000000
43000000
** Heartbeat for core[01]:        insts:70000000    cycles:100866412  (4034656440) seconds:1632  -- 0.66 IPC (0.69 IPC) -- 40.49 KIPS (42.89 KIPS)
** Heartbeat for core[01]:  Thread:0      insts:70000000    cycles:100866412  (4034656440) seconds:1632  -- 0.66 IPC (0.69 IPC) -- 40.49 KIPS (42.89 KIPS)
44000000
45000000
46000000
** Heartbeat for core[00]:        insts:80000000    cycles:106109782  (4244391240) seconds:1723  -- 0.39 IPC (0.75 IPC) -- 24.10 KIPS (46.43 KIPS)
** Heartbeat for core[00]:  Thread:0      insts:80000000    cycles:106109782  (4244391240) seconds:1723  -- 0.39 IPC (0.75 IPC) -- 24.10 KIPS (46.43 KIPS)
**Core 02 Core_Total  Finished:   insts:67824006    cycles:107374184  (4294967320) seconds:1744  -- 0.63 IPC (0.63 IPC) --  N/A  KHz (38.89 KHz)
**Core 02 Thread 00 Finished:   insts:67824006    cycles:107374184  (4294967320)  seconds:1744  -- 0.63 IPC (0.63 IPC) --  N/A  KHz (38.89 KHz) 
**Core 00 Core_Total  Finished:   insts:80489766    cycles:107374184  (4294967320) seconds:1744  -- 0.75 IPC (0.75 IPC) --  N/A  KHz (46.15 KHz)
**Core 00 Thread 00 Finished:   insts:80489766    cycles:107374184  (4294967320)  seconds:1744  -- 0.75 IPC (0.75 IPC) --  N/A  KHz (46.15 KHz) 
**Core 01 Core_Total  Finished:   insts:75766939    cycles:107374184  (4294967320) seconds:1744  -- 0.71 IPC (0.71 IPC) --  N/A  KHz (43.44 KHz)
**Core 01 Thread 00 Finished:   insts:75766939    cycles:107374184  (4294967320)  seconds:1744  -- 0.71 IPC (0.71 IPC) --  N/A  KHz (43.44 KHz) 
src/macsim.cc:617: (I=80489766  C=4294967361):  finalize simulation
src/macsim.cc:623: (I=80489766  C=4294967361):  elapsed time:1743.3 seconds
Done
