####################################################################################################
Interval
####################################################################################################
Cumulative:         Cycles:                  20000     Instructions:                  1200
DRAM_PRECHARGE                                              13260                         13260

DRAM_ACTIVATE                                               13268                         13268

DRAM_COLUMN                                                403621                        403621

DRAM_AVG_LATENCY_BASE                                      403621                        403621

DRAM_AVG_LATENCY                                          9083407                       22.5048

BANDWIDTH_TOT                                            25831744                      25831744

DRAM_CHANNEL0_BANDWIDTH_SATURATED                             276                           276

DRAM_CHANNEL1_BANDWIDTH_SATURATED                             260                           260

DRAM_CHANNEL2_BANDWIDTH_SATURATED                               0                             0

DRAM_CHANNEL3_BANDWIDTH_SATURATED                               0                             0

DRAM_CHANNEL4_BANDWIDTH_SATURATED                               0                             0

DRAM_CHANNEL5_BANDWIDTH_SATURATED                               0                             0

DRAM_CHANNEL6_BANDWIDTH_SATURATED                               0                             0

DRAM_CHANNEL7_BANDWIDTH_SATURATED                               0                             0

DRAM_CHANNEL0_DBUS_IDLE                                  35732759                      35732759

DRAM_CHANNEL1_DBUS_IDLE                                  35733359                      35733359

DRAM_CHANNEL2_DBUS_IDLE                                         0                             0

DRAM_CHANNEL3_DBUS_IDLE                                         0                             0

DRAM_CHANNEL4_DBUS_IDLE                                         0                             0

DRAM_CHANNEL5_DBUS_IDLE                                         0                             0

DRAM_CHANNEL6_DBUS_IDLE                                         0                             0

DRAM_CHANNEL7_DBUS_IDLE                                         0                             0

