####################################################################################################
Interval
####################################################################################################
Cumulative:         Cycles:                  20000     Instructions:                  1200
TOTAL_PACKET_CPU                                          1854305                       1854305

TOTAL_PACKET_GPU                                                0                             0

NOC_AVG_LATENCY_BASE                                      1854304                       1854304

NOC_AVG_LATENCY_BASE_CPU                                  1854304                       1854304

NOC_AVG_LATENCY_BASE_GPU                                        0                             0

NOC_AVG_LATENCY                                          16700900                       9.00656

NOC_AVG_LATENCY_CPU                                      16700900                       9.00656

NOC_AVG_LATENCY_GPU                                             0                           NaN

NOC_AVG_ACTIVE_PACKET_BASE                                1854305                       1854305

NOC_AVG_ACTIVE_PACKET_BASE_CPU                            1854305                       1854305

NOC_AVG_ACTIVE_PACKET_BASE_GPU                                  0                             0

NOC_AVG_ACTIVE_PACKET                                     1961602                       1.05786

NOC_AVG_ACTIVE_PACKET_CPU                                 1961602                       1.05786

NOC_AVG_ACTIVE_PACKET_GPU                                       0                           NaN

NOC_IDLE_CHANNEL                                                0                             0

NOC_IDLE_CHANNEL_CPU                                            0                             0

NOC_IDLE_CHANNEL_GPU                                            0                             0

NOC_IDLE_CHANNEL_L3                                             0                             0

NOC_IDLE_CHANNEL_MC                                             0                             0

NOC_AVG_WAIT_IN_ROUTER_BASE                               3708608                       3708608

NOC_AVG_WAIT_IN_ROUTER_BASE_CPU                           1047062                       1047062

NOC_AVG_WAIT_IN_ROUTER_BASE_GPU                                 0                             0

NOC_AVG_WAIT_IN_ROUTER_BASE_L3                            1854304                       1854304

NOC_AVG_WAIT_IN_ROUTER_BASE_MC                             807242                        807242

NOC_AVG_WAIT_IN_ROUTER                                   25978738                       7.00498

NOC_AVG_WAIT_IN_ROUTER_CPU                                7329906                       7.00045

NOC_AVG_WAIT_IN_ROUTER_GPU                                      0                           NaN

NOC_AVG_WAIT_IN_ROUTER_L3                                12992292                       7.00656

NOC_AVG_WAIT_IN_ROUTER_MC                                 5656540                       7.00724

NOC_LINK_ACTIVE                                           5562912                       5562912

