####################################################################################################
Interval
####################################################################################################
Cumulative:         Cycles:                  20000     Instructions:                  1200
TOTAL_PACKET_CPU                                          1758173                       1758173

TOTAL_PACKET_GPU                                                0                             0

NOC_AVG_LATENCY_BASE                                      1758173                       1758173

NOC_AVG_LATENCY_BASE_CPU                                  1758173                       1758173

NOC_AVG_LATENCY_BASE_GPU                                        0                             0

NOC_AVG_LATENCY                                          15836585                       9.00741

NOC_AVG_LATENCY_CPU                                      15836585                       9.00741

NOC_AVG_LATENCY_GPU                                             0                           NaN

NOC_AVG_ACTIVE_PACKET_BASE                                1758173                       1758173

NOC_AVG_ACTIVE_PACKET_BASE_CPU                            1758173                       1758173

NOC_AVG_ACTIVE_PACKET_BASE_GPU                                  0                             0

NOC_AVG_ACTIVE_PACKET                                     1898962                       1.08008

NOC_AVG_ACTIVE_PACKET_CPU                                 1898962                       1.08008

NOC_AVG_ACTIVE_PACKET_GPU                                       0                           NaN

NOC_IDLE_CHANNEL                                                0                             0

NOC_IDLE_CHANNEL_CPU                                            0                             0

NOC_IDLE_CHANNEL_GPU                                            0                             0

NOC_IDLE_CHANNEL_L3                                             0                             0

NOC_IDLE_CHANNEL_MC                                             0                             0

NOC_AVG_WAIT_IN_ROUTER_BASE                               3516346                       3516346

NOC_AVG_WAIT_IN_ROUTER_BASE_CPU                            915083                        915083

NOC_AVG_WAIT_IN_ROUTER_BASE_GPU                                 0                             0

NOC_AVG_WAIT_IN_ROUTER_BASE_L3                            1758173                       1758173

NOC_AVG_WAIT_IN_ROUTER_BASE_MC                             843090                        843090

NOC_AVG_WAIT_IN_ROUTER                                   24640053                       7.00729

NOC_AVG_WAIT_IN_ROUTER_CPU                                6406445                       7.00094

NOC_AVG_WAIT_IN_ROUTER_GPU                                      0                           NaN

NOC_AVG_WAIT_IN_ROUTER_L3                                12320241                       7.00741

NOC_AVG_WAIT_IN_ROUTER_MC                                 5913367                       7.01392

NOC_LINK_ACTIVE                                           5274517                       5274517

