####################################################################################################
Interval
####################################################################################################
Cumulative:         Cycles:                  20000     Instructions:                  1200
POWER_L3CACHE_LINEFILL_BUF_R                               421545                        421545

POWER_L3CACHE_LINEFILL_BUF_W                               421545                        421545

POWER_L3CACHE_LINEFILL_BUF_R_TAG                           421545                        421545

POWER_L3CACHE_WB_BUF_R                                          0                             0

POWER_L3CACHE_WB_BUF_W                                          0                             0

POWER_L3CACHE_WB_BUF_R_TAG                                      0                             0

POWER_L3CACHE_R                                             35996                         35996

POWER_L3CACHE_W                                             32838                         32838

POWER_L3CACHE_R_TAG                                        457541                        457541

POWER_MC_R                                                6806951                       6806951

POWER_MC_W                                                 421545                        421545

POWER_BLOCK_STATES_R_CORE_0                             107374184                     107374184

POWER_BLOCK_STATES_W_CORE_0                             107374184                     107374184

POWER_FETCH_QUEUE_R_CORE_0                               96397156                      96397156

POWER_FETCH_QUEUE_W_CORE_0                               96397156                      96397156

POWER_INST_QUEUE_R_CORE_0                               200463604                     200463604

POWER_INST_QUEUE_W_CORE_0                                96396901                      96396901

POWER_BR_PRED_R_CORE_0                                    7165069                       7165069

POWER_BR_PRED_W_CORE_0                                    7163814                       7163814

POWER_RAS_R_CORE_0                                            899                           899

POWER_RAS_W_CORE_0                                            672                           672

POWER_ICACHE_R_CORE_0                                    24099289                      24099289

POWER_ICACHE_W_CORE_0                                         529                           529

POWER_ICACHE_R_TAG_CORE_0                                24099818                      24099818

POWER_ICACHE_MISS_BUF_R_CORE_0                               1058                          1058

POWER_ICACHE_MISS_BUF_W_CORE_0                               1058                          1058

POWER_ICACHE_MISS_BUF_R_TAG_CORE_0                            529                           529

POWER_ICACHE_MISS_BUF_W_TAG_CORE_0                              0                             0

POWER_ICACHE_TOT_ACC_CORE_0                                     0                             0

POWER_ICACHE_CONF_CORE_0                                        0                             0

POWER_INST_DECODER_R_CORE_0                              67811320                      67811320

POWER_INST_DECODER_W_CORE_0                                     0                             0

POWER_MICRO_OP_SEQ_R_CORE_0                                     0                             0

POWER_MICRO_OP_SEQ_W_CORE_0                                     0                             0

POWER_OPERAND_DECODER_R_CORE_0                           67811320                      67811320

POWER_OPERAND_DECODER_W_CORE_0                                  0                             0

POWER_UOP_QUEUE_R_CORE_0                                200463604                     200463604

POWER_UOP_QUEUE_W_CORE_0                                 96396901                      96396901

POWER_REG_RENAMING_TABLE_R_CORE_0                       200463604                     200463604

POWER_REG_RENAMING_TABLE_W_CORE_0                        96396901                      96396901

POWER_DEP_CHECK_LOGIC_R_CORE_0                           96397156                      96397156

POWER_FREELIST_R_CORE_0                                 200463604                     200463604

POWER_FREELIST_W_CORE_0                                  96396901                      96396901

POWER_RESERVATION_STATION_R_CORE_0                       96427931                      96427931

POWER_RESERVATION_STATION_W_CORE_0                       96396859                      96396859

POWER_RESERVATION_STATION_R_TAG_CORE_0                   96427931                      96427931

POWER_RESERVATION_STATION_W_TAG_CORE_0                          0                             0

POWER_INST_ISSUE_SEL_LOGIC_R_CORE_0                      96427931                      96427931

POWER_INST_ISSUE_SEL_LOGIC_W_CORE_0                      96396835                      96396835

POWER_PAYLOAD_RAM_R_CORE_0                               96427931                      96427931

POWER_PAYLOAD_RAM_W_CORE_0                               96396835                      96396835

POWER_EX_ALU_R_CORE_0                                    53541479                      53541479

POWER_EX_FPU_R_CORE_0                                          44                            44

POWER_EX_MUL_R_CORE_0                                         124                           124

POWER_EX_SFU_R_CORE_0                                           0                             0

POWER_REORDER_BUF_R_CORE_0                               96396752                      96396752

POWER_REORDER_BUF_W_CORE_0                              192793802                     192793802

POWER_INST_COMMIT_SEL_LOGIC_R_CORE_0                     96396752                      96396752

POWER_INST_COMMIT_SEL_LOGIC_W_CORE_0                     96396901                      96396901

POWER_FP_RENAME_R_CORE_0                                       60                            60

POWER_FP_RENAME_W_CORE_0                                        0                             0

POWER_LOAD_QUEUE_R_CORE_0                                32024227                      32024227

POWER_LOAD_QUEUE_W_CORE_0                                32024227                      32024227

POWER_LOAD_QUEUE_R_TAG_CORE_0                            32024227                      32024227

POWER_LOAD_QUEUE_W_TAG_CORE_0                                   0                             0

POWER_STORE_QUEUE_R_CORE_0                               10862057                      10862057

POWER_STORE_QUEUE_W_CORE_0                               10862057                      10862057

POWER_STORE_QUEUE_R_TAG_CORE_0                           10862057                      10862057

POWER_STORE_QUEUE_W_TAG_CORE_0                                  0                             0

POWER_DATA_TLB_R_CORE_0                                  32024227                      32024227

POWER_DATA_TLB_W_CORE_0                                         0                             0

POWER_DATA_TLB_R_TAG_CORE_0                                     0                             0

POWER_DATA_TLB_W_TAG_CORE_0                                     0                             0

POWER_INT_REGFILE_R_CORE_0                              149938394                     149938394

POWER_INT_REGFILE_W_CORE_0                               96396791                      96396791

POWER_FP_REGFILE_R_CORE_0                                      88                            88

POWER_FP_REGFILE_W_CORE_0                                      44                            44

POWER_GP_REGISTER_R_CORE_0                              149938394                     149938394

POWER_GP_REGISTER_W_CORE_0                               96396791                      96396791

POWER_FP_REGISTER_R_CORE_0                                     88                            88

POWER_FP_REGISTER_W_CORE_0                                     44                            44

POWER_SEGMENT_REGISTER_R_CORE_0                          42855188                      42855188

POWER_SEGMENT_REGISTER_W_CORE_0                          78577954                      78577954

POWER_CONTROL_REGISTER_R_CORE_0                                 0                             0

POWER_CONTROL_REGISTER_W_CORE_0                           7143332                       7143332

POWER_FLAG_REGISTER_R_CORE_0                                    0                             0

POWER_FLAG_REGISTER_W_CORE_0                                    0                             0

POWER_EXEC_BYPASS_CORE_0                                 96396835                      96396835

POWER_LOAD_BYPASS_CORE_0                                   915083                        915083

POWER_PIPELINE_CORE_0                                    67811032                      67811032

POWER_DCACHE_MISS_BUF_R_CORE_0                             914025                        914025

POWER_DCACHE_MISS_BUF_R_TAG_CORE_0                        6384877                       6384877

POWER_DCACHE_MISS_BUF_W_CORE_0                            6384877                       6384877

POWER_DCACHE_MISS_BUF_W_TAG_CORE_0                              0                             0

POWER_DCACHE_LINEFILL_BUF_R_CORE_0                              0                             0

POWER_L2CACHE_LINEFILL_BUF_R_CORE_0                       1872476                       1872476

POWER_DCACHE_LINEFILL_BUF_W_CORE_0                              0                             0

POWER_L2CACHE_LINEFILL_BUF_W_CORE_0                        544155                        544155

POWER_DCACHE_LINEFILL_BUF_R_TAG_CORE_0                          0                             0

POWER_L2CACHE_LINEFILL_BUF_R_TAG_CORE_0                   1959090                       1959090

POWER_DCACHE_LINEFILL_BUF_W_TAG_CORE_0                          0                             0

POWER_DCACHE_WB_BUF_R_CORE_0                                86614                         86614

POWER_L2CACHE_WB_BUF_R_CORE_0                                   0                             0

POWER_DCACHE_WB_BUF_W_CORE_0                                86614                         86614

POWER_L2CACHE_WB_BUF_W_CORE_0                                   0                             0

POWER_DCACHE_WB_BUF_R_TAG_CORE_0                           173228                        173228

POWER_L2CACHE_WB_BUF_R_TAG_CORE_0                               0                             0

POWER_DCACHE_WB_BUF_W_TAG_CORE_0                                0                             0

POWER_DCACHE_R_CORE_0                                    36470311                      36470311

POWER_L2CACHE_R_CORE_0                                          0                             0

POWER_DCACHE_W_CORE_0                                      457012                        457012

POWER_L2CACHE_W_CORE_0                                          0                             0

POWER_DCACHE_R_TAG_CORE_0                                42855188                      42855188

POWER_L2CACHE_R_TAG_CORE_0                                      0                             0

POWER_CONST_CACHE_R_CORE_0                                      0                             0

POWER_CONST_CACHE_W_CORE_0                                      0                             0

POWER_CONST_CACHE_R_TAG_CORE_0                                  0                             0

POWER_CONST_CACHE_W_TAG_CORE_0                                  0                             0

POWER_TEXTURE_CACHE_R_CORE_0                                    0                             0

POWER_TEXTURE_CACHE_W_CORE_0                                    0                             0

POWER_TEXTURE_CACHE_R_TAG_CORE_0                                0                             0

POWER_TEXTURE_CACHE_W_TAG_CORE_0                                0                             0

POWER_SHARED_MEM_R_CORE_0                                       0                             0

POWER_SHARED_MEM_W_CORE_0                                       0                             0

POWER_SHARED_MEM_R_TAG_CORE_0                                   0                             0

POWER_SHARED_MEM_W_TAG_CORE_0                                   0                             0

