BP_MISPRED_STALL_CORE_0                                  52378251                      52378251

BP_RESOLVED_CORE_0                                         372315                        372315

BP_REDIRECT_RESOLVED_CORE_0                                     0                             0

PERFECT_TARGET_PRED_CORE_0                                      0                             0

BP_ON_PATH_CORRECT_CORE_0                                10966747                       96.7357%
BP_ON_PATH_MISPREDICT_CORE_0                               370062                       3.26425%
BP_ON_PATH_MISFETCH_CORE_0                                      0                             0%
                                                         11336809                           100%

BP_OFF_PATH_CORRECT_CORE_0                                      0                          NaN 
BP_OFF_PATH_MISPREDICT_CORE_0                                   0                          NaN 
BP_OFF_PATH_MISFETCH_CORE_0                                     0                          NaN 
                                                                0                           100%

BP_MISPRED_STALL_CORE_1                                    481831                        481831

BP_RESOLVED_CORE_1                                           4995                          4995

BP_REDIRECT_RESOLVED_CORE_1                                     0                             0

PERFECT_TARGET_PRED_CORE_1                                      0                             0

BP_ON_PATH_CORRECT_CORE_1                                 7521962                       99.9339%
BP_ON_PATH_MISPREDICT_CORE_1                                 4973                     0.0660694%
BP_ON_PATH_MISFETCH_CORE_1                                      0                             0%
                                                          7526935                           100%

BP_OFF_PATH_CORRECT_CORE_1                                      0                          NaN 
BP_OFF_PATH_MISPREDICT_CORE_1                                   0                          NaN 
BP_OFF_PATH_MISFETCH_CORE_1                                     0                          NaN 
                                                                0                           100%

