####################################################################################################
Interval
####################################################################################################
Cumulative:         Cycles:                  20000     Instructions:                  1200
AVG_MEMORY_LATENCY_BASE                                   8632132                       8632132

AVG_MEMORY_LATENCY                                      542690166                       62.8686

MSHR_FULL                                                       0                             0

TOTAL_MEMORY                                              8346282                       8346282

TOTAL_MEMORY_MERGE                                        7150526                      0.856732

TOTAL_WB                                                   285853                     0.0342491

L1_WB                                                      285658                      0.999318

L2_WB                                                           0                             0

L3_WB                                                         195                   0.000682169

TOTAL_DRAM                                                 481993                        481993

TOTAL_DRAM_MERGE                                                0                             0

L1_HIT_CPU                                               72377191                      72377191

L1_HIT_GPU                                                      0                             0

L1_MISS_CPU                                               8345618                       8345618

L1_MISS_GPU                                                     0                             0

L2_HIT_CPU                                                      0                             0

L2_HIT_GPU                                                      0                             0

L2_MISS_CPU                                               1195756                       1195756

L2_MISS_GPU                                                     0                             0

L3_HIT_CPU                                                 713956                        713956

L3_HIT_GPU                                                      0                             0

L3_MISS_CPU                                                481798                        481798

L3_MISS_GPU                                                     0                             0

L3_HIT_PROMOTION_CPU                                            0                             0

L3_HIT_PROMOTION_GPU                                            0                             0

FETCH_THREAD_SKIP_LD_WAIT                                       0                             0

FETCH_THREAD_SKIP_BR_WAIT                                       0                             0

FETCH_THREAD_SKIP_SCHED_WAIT                                    0                             0

NUM_MUL_TRANS_CM_TM_DM_INST                                     0                             0

NUM_MUL_TRANS_CM_TM_DM                                          0                           NaN

CONST_CACHE_HIT                                                 0                             0

CONST_CACHE_MISS                                                0                             0

CONST_CACHE_MISS_NO_EXECUTE                                     0                             0

CONST_CACHE_ACCESS                                              0                             0

TEXTURE_CACHE_HIT                                               0                             0

TEXTURE_CACHE_MISS                                              0                             0

TEXTURE_CACHE_NO_EXECUTE                                        0                             0

TEXTURE_CACHE_ACCESS                                            0                             0

SHARED_MEM_INST                                                 0                             0

SHARED_MEM_ACCESS                                               0                             0

CACHE_BANK_BUSY                                           7710093                       7710093

ICACHE_MISS_TOTAL                                             664                           664

TOTAL_CAGE_PERIOD                                               0                             0

TOTAL_CAGE_APPL0                                                0                           NaN

TOTAL_CAGE_APPL1                                                0                           NaN

TOTAL_CAGE_APPL2                                                0                           NaN

TOTAL_CAGE_APPL3                                                0                           NaN

TOTAL_CAGE_APPL4                                                0                           NaN

ABIP_AVG_RATIO_BASE                                             0                             0

ABIP_AVG_RATIO                                                  0                           NaN

TOTAL_WRITE_ACKS                                                0                             0

TOTAL_WRITES                                                    0                             0

NUM_PHYSICAL_PAGES                                              0                             0

COAL_INST                                                       0                          NaN 
UNCOAL_INST                                                     0                          NaN 
                                                                0                           100%

COAL_INST_SINGLE_TRANS                                          0                          NaN 
COAL_INST_MUL_TRANS                                             0                          NaN 
UNCOAL_INST_MUL_TRANS                                           0                          NaN 
                                                                0                           100%

SM_COAL_INST                                                    0                          NaN 
CM_COAL_INST                                                    0                          NaN 
TM_COAL_INST                                                    0                          NaN 
DM_COAL_INST                                                    0                          NaN 
                                                                0                           100%

SM_UNCOAL_INST                                                  0                          NaN 
CM_UNCOAL_INST                                                  0                          NaN 
TM_UNCOAL_INST                                                  0                          NaN 
DM_UNCOAL_INST                                                  0                          NaN 
                                                                0                           100%

SM_COAL_INST_SINGLE_TRANS                                       0                          NaN 
CM_COAL_INST_SINGLE_TRANS                                       0                          NaN 
TM_COAL_INST_SINGLE_TRANS                                       0                          NaN 
DM_COAL_INST_SINGLE_TRANS                                       0                          NaN 
                                                                0                           100%

SM_COAL_INST_MUL_TRANS                                          0                          NaN 
CM_COAL_INST_MUL_TRANS                                          0                          NaN 
TM_COAL_INST_MUL_TRANS                                          0                          NaN 
DM_COAL_INST_MUL_TRANS                                          0                          NaN 
                                                                0                           100%

LD_NO_FORWARD                                            33597702                       53.9777%
FORWARDED_LD                                             28646016                       46.0223%
                                                         62243718                           100%

L3_TOT_ACCESS_CORE_CORE_0                                  714797                        714797

L3_HIT_CORE_CORE_0                                         676252                        676252

L3_MISS_CORE_CORE_0                                         38545                         38545

L3_HIT_RATE_CORE_CORE_0                                    676252                      0.946076

L3_MISS_RATE_CORE_CORE_0                                    38545                     0.0539244

L3_BYPASS_CORE_CORE_0                                           0                             0

MEM_STALL_CYCLE_CORE_0                                          0                             0

ICACHE_FILL_CORE_0                                            100                           100

NUM_WRITE_ACKS_CORE_0                                           0                             0

NUM_WRITES_CORE_0                                               0                             0

ICACHE_HIT_CORE_0                                        26063118                       99.9996%
ICACHE_MISS_CORE_0                                            100                   0.000383682%
                                                         26063218                           100%

L3_TOT_ACCESS_CORE_CORE_1                                  480957                        480957

L3_HIT_CORE_CORE_1                                          37704                         37704

L3_MISS_CORE_CORE_1                                        443253                        443253

L3_HIT_RATE_CORE_CORE_1                                     37704                     0.0783937

L3_MISS_RATE_CORE_CORE_1                                   443253                      0.921606

L3_BYPASS_CORE_CORE_1                                      414808                        414808

MEM_STALL_CYCLE_CORE_1                                          0                             0

ICACHE_FILL_CORE_1                                            564                           564

NUM_WRITE_ACKS_CORE_1                                           0                             0

NUM_WRITES_CORE_1                                               0                             0

ICACHE_HIT_CORE_1                                        25342189                       99.9978%
ICACHE_MISS_CORE_1                                            564                    0.00222549%
                                                         25342753                           100%

