####################################################################################################
Interval
####################################################################################################
Cumulative:         Cycles:                  20000     Instructions:                  1200
TOTAL_PACKET_CPU                                          3355301                       3355301

TOTAL_PACKET_GPU                                                0                             0

NOC_AVG_LATENCY_BASE                                      3355301                       3355301

NOC_AVG_LATENCY_BASE_CPU                                  3355301                       3355301

NOC_AVG_LATENCY_BASE_GPU                                        0                             0

NOC_AVG_LATENCY                                          36594644                       10.9065

NOC_AVG_LATENCY_CPU                                      36594644                       10.9065

NOC_AVG_LATENCY_GPU                                             0                           NaN

NOC_AVG_ACTIVE_PACKET_BASE                                3355301                       3355301

NOC_AVG_ACTIVE_PACKET_BASE_CPU                            3355301                       3355301

NOC_AVG_ACTIVE_PACKET_BASE_GPU                                  0                             0

NOC_AVG_ACTIVE_PACKET                                     5168664                       1.54045

NOC_AVG_ACTIVE_PACKET_CPU                                 5168664                       1.54045

NOC_AVG_ACTIVE_PACKET_GPU                                       0                           NaN

NOC_IDLE_CHANNEL                                                0                             0

NOC_IDLE_CHANNEL_CPU                                            0                             0

NOC_IDLE_CHANNEL_GPU                                            0                             0

NOC_IDLE_CHANNEL_L3                                             0                             0

NOC_IDLE_CHANNEL_MC                                             0                             0

NOC_AVG_WAIT_IN_ROUTER_BASE                               8140198                       8140198

NOC_AVG_WAIT_IN_ROUTER_BASE_CPU                           3106309                       3106309

NOC_AVG_WAIT_IN_ROUTER_BASE_GPU                                 0                             0

NOC_AVG_WAIT_IN_ROUTER_BASE_L3                            3355301                       3355301

NOC_AVG_WAIT_IN_ROUTER_BASE_MC                            1678588                       1678588

NOC_AVG_WAIT_IN_ROUTER                                   67239152                       8.26014

NOC_AVG_WAIT_IN_ROUTER_CPU                               25082715                       8.07477

NOC_AVG_WAIT_IN_ROUTER_GPU                                      0                           NaN

NOC_AVG_WAIT_IN_ROUTER_L3                                27024485                       8.05427

NOC_AVG_WAIT_IN_ROUTER_MC                                15131952                       9.01469

NOC_LINK_ACTIVE                                          14355073                      14355073

