BP_MISPRED_STALL_CORE_0                                    502382                        502382

BP_RESOLVED_CORE_0                                           4983                          4983

BP_REDIRECT_RESOLVED_CORE_0                                     0                             0

PERFECT_TARGET_PRED_CORE_0                                      0                             0

BP_ON_PATH_CORRECT_CORE_0                                 7317517                       99.9321%
BP_ON_PATH_MISPREDICT_CORE_0                                 4975                     0.0679414%
BP_ON_PATH_MISFETCH_CORE_0                                      0                             0%
                                                          7322492                           100%

BP_OFF_PATH_CORRECT_CORE_0                                      0                          NaN 
BP_OFF_PATH_MISPREDICT_CORE_0                                   0                          NaN 
BP_OFF_PATH_MISFETCH_CORE_0                                     0                          NaN 
                                                                0                           100%

BP_MISPRED_STALL_CORE_1                                  52047792                      52047792

BP_RESOLVED_CORE_1                                         395830                        395830

BP_REDIRECT_RESOLVED_CORE_1                                     0                             0

PERFECT_TARGET_PRED_CORE_1                                      0                             0

BP_ON_PATH_CORRECT_CORE_1                                11664296                       96.7377%
BP_ON_PATH_MISPREDICT_CORE_1                               393359                       3.26232%
BP_ON_PATH_MISFETCH_CORE_1                                      0                             0%
                                                         12057655                           100%

BP_OFF_PATH_CORRECT_CORE_1                                      0                          NaN 
BP_OFF_PATH_MISPREDICT_CORE_1                                   0                          NaN 
BP_OFF_PATH_MISFETCH_CORE_1                                     0                          NaN 
                                                                0                           100%

