Arguments: ./macsim --l3_repl==PDP 
src/macsim.cc:133: (I=0  C=0):  initialize knobs
number of cores : 2
src/macsim.cc:531: (I=0  C=0):  initialize simulation
src/macsim.cc:327: (I=0  C=0):  initialize cores (2/0/0)
src/memory.cc:1695: (I=0  C=0):  Memory system(l2_decoupled_network) has been initialized.
l3_policy: PDP,PDP
1
0
ip_table done
src/network_ring.cc:107: (I=0  C=0):  TOTAL_ROUTER:4 CPU:2 GPU:0 L3:1 MC:1
src/network_ring.cc:312: (I=0  C=0):  RING topology
0 <-> 1 <-> 2 <-> 3 <-> 
enabling bug detector
src/macsim.cc:748: (I=0  C=0):  Initializing new noc

src/macsim.cc:839: (I=0  C=0):  Clock LCM           : 920
src/macsim.cc:840: (I=0  C=0):  CPU clock frequency : 2.3 GHz
src/macsim.cc:841: (I=0  C=0):  GPU clock frequency : 2.3 GHz
src/macsim.cc:842: (I=0  C=0):  L3  clock frequency : 1 GHz
src/macsim.cc:843: (I=0  C=0):  NOC clock frequency : 1 GHz
src/macsim.cc:844: (I=0  C=0):  MC  clock frequency : 0.8 GHz
src/process_manager.cc:455: (I=0  C=0):  setup_process:0 ../../../trace_0409_2017/BWC1/BWC1_ori/trace.txt current_index:0 (1)
src/process_manager.cc:548: (I=0  C=0):  thread_count:1
src/process_manager.cc:455: (I=0  C=0):  setup_process:1 ../../../../jinku/macsim_traces/astar/trace.txt current_index:0 (1)
src/process_manager.cc:548: (I=0  C=0):  thread_count:1
1000000
2000000
3000000
** Heartbeat for core[01]:        insts:10000000    cycles:8775991    (351039600) seconds:88    -- 1.14 IPC (1.14 IPC) -- 0.00 KIPS (113.64 KIPS)
** Heartbeat for core[01]:  Thread:0      insts:10000000    cycles:8775991    (351039600) seconds:88    -- 1.14 IPC (1.14 IPC) -- 0.00 KIPS (113.64 KIPS)
4000000
5000000
6000000
** Heartbeat for core[00]:        insts:10000000    cycles:14579302   (583172040) seconds:146   -- 0.69 IPC (0.69 IPC) -- 0.00 KIPS (68.49 KIPS)
** Heartbeat for core[00]:  Thread:0      insts:10000000    cycles:14579302   (583172040) seconds:146   -- 0.69 IPC (0.69 IPC) -- 0.00 KIPS (68.49 KIPS)
7000000
** Heartbeat for core[01]:        insts:20000000    cycles:17442361   (697694400) seconds:175   -- 1.15 IPC (1.15 IPC) -- 114.94 KIPS (114.29 KIPS)
** Heartbeat for core[01]:  Thread:0      insts:20000000    cycles:17442361   (697694400) seconds:175   -- 1.15 IPC (1.15 IPC) -- 114.94 KIPS (114.29 KIPS)
8000000
9000000
10000000
11000000
** Heartbeat for core[01]:        insts:30000000    cycles:25949413   (1037976480) seconds:264   -- 1.18 IPC (1.16 IPC) -- 112.36 KIPS (113.64 KIPS)
** Heartbeat for core[01]:  Thread:0      insts:30000000    cycles:25949413   (1037976480) seconds:264   -- 1.18 IPC (1.16 IPC) -- 112.36 KIPS (113.64 KIPS)
12000000
** Heartbeat for core[00]:        insts:20000000    cycles:28512886   (1140515400) seconds:291   -- 0.72 IPC (0.70 IPC) -- 68.97 KIPS (68.73 KIPS)
** Heartbeat for core[00]:  Thread:0      insts:20000000    cycles:28512886   (1140515400) seconds:291   -- 0.72 IPC (0.70 IPC) -- 68.97 KIPS (68.73 KIPS)
13000000
14000000
** Heartbeat for core[01]:        insts:40000000    cycles:34447280   (1377891160) seconds:357   -- 1.18 IPC (1.16 IPC) -- 107.53 KIPS (112.04 KIPS)
** Heartbeat for core[01]:  Thread:0      insts:40000000    cycles:34447280   (1377891160) seconds:357   -- 1.18 IPC (1.16 IPC) -- 107.53 KIPS (112.04 KIPS)
15000000
16000000
17000000
18000000
** Heartbeat for core[00]:        insts:30000000    cycles:42454387   (1698175440) seconds:448   -- 0.72 IPC (0.71 IPC) -- 63.69 KIPS (66.96 KIPS)
** Heartbeat for core[00]:  Thread:0      insts:30000000    cycles:42454387   (1698175440) seconds:448   -- 0.72 IPC (0.71 IPC) -- 63.69 KIPS (66.96 KIPS)
** Heartbeat for core[01]:        insts:50000000    cycles:43074370   (1722974760) seconds:455   -- 1.16 IPC (1.16 IPC) -- 102.04 KIPS (109.89 KIPS)
** Heartbeat for core[01]:  Thread:0      insts:50000000    cycles:43074370   (1722974760) seconds:455   -- 1.16 IPC (1.16 IPC) -- 102.04 KIPS (109.89 KIPS)
19000000
20000000
21000000
22000000
** Heartbeat for core[01]:        insts:60000000    cycles:51652405   (2066096160) seconds:556   -- 1.17 IPC (1.16 IPC) -- 99.01 KIPS (107.91 KIPS)
** Heartbeat for core[01]:  Thread:0      insts:60000000    cycles:51652405   (2066096160) seconds:556   -- 1.17 IPC (1.16 IPC) -- 99.01 KIPS (107.91 KIPS)
23000000
** Heartbeat for core[00]:        insts:40000000    cycles:54491069   (2179642720) seconds:589   -- 0.83 IPC (0.73 IPC) -- 70.92 KIPS (67.91 KIPS)
** Heartbeat for core[00]:  Thread:0      insts:40000000    cycles:54491069   (2179642720) seconds:589   -- 0.83 IPC (0.73 IPC) -- 70.92 KIPS (67.91 KIPS)
24000000
25000000
26000000
27000000
28000000
29000000
30000000
** Heartbeat for core[01]:        insts:70000000    cycles:70455708   (2818228280) seconds:754   -- 0.53 IPC (0.99 IPC) -- 50.51 KIPS (92.84 KIPS)
** Heartbeat for core[01]:  Thread:0      insts:70000000    cycles:70455708   (2818228280) seconds:754   -- 0.53 IPC (0.99 IPC) -- 50.51 KIPS (92.84 KIPS)
** Heartbeat for core[00]:        insts:50000000    cycles:71162138   (2846485480) seconds:761   -- 0.60 IPC (0.70 IPC) -- 58.14 KIPS (65.70 KIPS)
** Heartbeat for core[00]:  Thread:0      insts:50000000    cycles:71162138   (2846485480) seconds:761   -- 0.60 IPC (0.70 IPC) -- 58.14 KIPS (65.70 KIPS)
31000000
32000000
33000000
34000000
35000000
36000000
37000000
38000000
39000000
** Heartbeat for core[00]:        insts:60000000    cycles:89815400   (3592615960) seconds:957   -- 0.54 IPC (0.67 IPC) -- 51.02 KIPS (62.70 KIPS)
** Heartbeat for core[00]:  Thread:0      insts:60000000    cycles:89815400   (3592615960) seconds:957   -- 0.54 IPC (0.67 IPC) -- 51.02 KIPS (62.70 KIPS)
40000000
40000000: 40m cycle
1:6372 , 0
2:314 , 101
3:27 , 20
4:5 , 5
5:2 , 2
6:2 , 2
7:2 , 2
8:2 , 1
9:2 , 1
10:1 , 1
11:3 , 1
12:5 , 4
13:2 , 2
14:0 , 0
15:1 , 0
16:1 , 1
17:1 , 1
18:0 , 0
19:0 , 0
20:1 , 1
21:0 , 0
22:1 , 1
23:0 , 0
24:0 , 0
25:1 , 1
26:0 , 0
27:1 , 0
28:0 , 0
29:0 , 0
30:0 , 0
31:0 , 0
32:0 , 0
33:0 , 0
34:0 , 0
35:0 , 0
36:0 , 0
37:0 , 0
38:0 , 0
39:0 , 0
40:0 , 0
41:0 , 0
42:0 , 0
43:1 , 1
44:0 , 0
45:0 , 0
46:0 , 0
47:0 , 0
48:0 , 0
49:0 , 0
50:0 , 0
51:0 , 0
52:0 , 0
53:0 , 0
54:1 , 1
55:0 , 0
56:0 , 0
57:0 , 0
58:0 , 0
59:0 , 0
60:0 , 0
61:0 , 0
62:0 , 0
63:0 , 0
64:0 , 0
65:0 , 0
66:0 , 0
67:0 , 0
68:0 , 0
69:0 , 0
70:0 , 0
71:0 , 0
72:0 , 0
73:0 , 0
74:0 , 0
75:0 , 0
76:0 , 0
77:0 , 0
78:0 , 0
79:0 , 0
80:0 , 0
81:0 , 0
82:0 , 0
83:0 , 0
84:0 , 0
85:0 , 0
86:0 , 0
87:0 , 0
88:0 , 0
89:0 , 0
90:0 , 0
91:0 , 0
92:0 , 0
93:0 , 0
94:0 , 0
95:0 , 0
96:0 , 0
97:0 , 0
98:0 , 0
99:0 , 0
100:0 , 0
101:0 , 0
102:0 , 0
103:0 , 0
104:0 , 0
105:0 , 0
106:0 , 0
107:0 , 0
108:0 , 0
109:0 , 0
110:0 , 0
111:0 , 0
112:0 , 0
113:0 , 0
114:0 , 0
115:0 , 0
116:24 , 0
117:151 , 0
118:412 , 14
119:1324 , 150
120:2471 , 410
121:4120 , 970
122:5491 , 1515
123:6688 , 2133
124:6994 , 2976
125:6161 , 2838
126:5188 , 2376
127:4076 , 1886
128:2758 , 1247
129:2336 , 964
130:1705 , 707
131:1631 , 525
132:1572 , 562
133:1346 , 512
134:1376 , 468
135:1433 , 586
136:1421 , 512
137:1243 , 412
138:1250 , 398
139:1040 , 358
140:1157 , 309
141:1217 , 275
142:912 , 304
143:936 , 249
144:864 , 283
145:929 , 307
146:861 , 282
147:967 , 275
148:798 , 274
149:782 , 230
150:817 , 322
151:666 , 186
152:741 , 188
153:795 , 244
154:612 , 173
155:663 , 226
156:744 , 234
157:715 , 245
158:833 , 307
159:674 , 187
160:569 , 174
161:552 , 144
162:530 , 119
163:537 , 147
164:631 , 183
165:532 , 211
166:508 , 131
167:546 , 161
168:536 , 119
169:457 , 120
170:492 , 156
171:467 , 171
172:516 , 168
173:510 , 156
174:560 , 202
175:658 , 213
176:511 , 150
177:589 , 191
178:562 , 156
179:536 , 143
180:567 , 151
181:522 , 185
182:501 , 187
183:411 , 133
184:459 , 178
185:515 , 220
186:454 , 164
187:503 , 212
188:508 , 161
189:535 , 187
190:385 , 165
191:473 , 142
192:293 , 66
193:377 , 105
194:418 , 127
195:461 , 132
196:400 , 140
197:389 , 90
198:447 , 119
199:411 , 113
200:391 , 131
201:328 , 67
202:358 , 139
203:338 , 84
204:336 , 88
205:356 , 102
206:383 , 143
207:306 , 112
208:316 , 104
209:352 , 98
210:284 , 73
211:413 , 107
212:436 , 113
213:444 , 163
214:552 , 183
215:329 , 110
216:338 , 134
217:395 , 157
218:311 , 94
219:348 , 100
220:372 , 121
221:288 , 112
222:299 , 109
223:255 , 78
224:301 , 77
225:324 , 109
226:249 , 78
227:324 , 120
228:343 , 181
229:375 , 177
230:383 , 127
231:265 , 91
232:235 , 87
233:228 , 110
234:261 , 119
235:194 , 60
236:172 , 38
237:207 , 60
238:327 , 122
239:212 , 71
240:338 , 117
241:266 , 65
242:215 , 80
243:253 , 98
244:272 , 90
245:292 , 74
246:228 , 87
247:243 , 92
248:253 , 84
249:250 , 105
250:230 , 75
251:301 , 117
252:200 , 84
253:131 , 34
254:228 , 86
255:317 , 120
256:259 , 102
257:278 , 101
258:281 , 88
259:282 , 106
260:223 , 54
261:194 , 48
262:199 , 69
263:179 , 83
264:249 , 79
265:235 , 73
266:245 , 87
267:284 , 87
268:201 , 40
269:237 , 44
270:231 , 68
271:178 , 44
272:199 , 52
273:138 , 32
274:204 , 63
275:153 , 77
276:150 , 55
277:138 , 30
278:207 , 51
279:165 , 40
280:258 , 74
281:266 , 88
282:206 , 82
283:197 , 53
284:223 , 59
285:206 , 54
286:202 , 52
287:187 , 43
288:199 , 53
289:187 , 49
290:231 , 79
291:229 , 76
292:206 , 81
293:186 , 93
294:198 , 72
295:143 , 58
296:156 , 64
297:190 , 69
298:165 , 58
299:196 , 78
300:198 , 110
301:194 , 67
302:144 , 69
303:157 , 68
304:220 , 98
305:192 , 89
306:218 , 89
307:179 , 61
308:213 , 96
309:206 , 80
310:221 , 94
311:226 , 60
312:189 , 67
313:205 , 69
314:225 , 72
315:183 , 50
316:218 , 61
317:148 , 44
318:174 , 44
319:196 , 83
320:216 , 101
321:191 , 57
322:200 , 67
323:227 , 97
324:120 , 50
325:111 , 35
326:113 , 23
327:150 , 37
328:173 , 24
329:185 , 50
330:145 , 51
331:220 , 75
332:216 , 57
333:165 , 69
334:112 , 37
335:98 , 41
336:136 , 38
337:171 , 56
338:168 , 71
339:138 , 73
340:114 , 40
341:200 , 54
342:171 , 30
343:183 , 40
344:117 , 35
345:168 , 50
346:218 , 75
347:174 , 69
348:162 , 79
349:129 , 43
350:96 , 57
351:162 , 95
352:130 , 54
353:162 , 58
354:121 , 46
355:123 , 59
356:140 , 55
357:210 , 63
358:161 , 56
359:149 , 45
360:152 , 53
361:173 , 66
362:173 , 70
363:181 , 58
364:308 , 83
365:252 , 67
366:158 , 47
367:178 , 76
368:219 , 72
369:198 , 57
370:167 , 57
371:138 , 61
372:133 , 43
373:159 , 66
374:158 , 68
375:192 , 87
376:156 , 64
377:218 , 73
378:135 , 37
379:97 , 16
380:140 , 39
381:116 , 54
382:75 , 28
383:149 , 77
384:131 , 62
385:195 , 111
386:116 , 69
387:148 , 78
388:148 , 72
389:183 , 90
390:248 , 121
391:173 , 94
392:130 , 43
393:76 , 44
394:119 , 57
395:149 , 90
396:139 , 76
397:137 , 67
398:108 , 50
399:128 , 67
400:167 , 76
401:139 , 46
402:101 , 36
403:88 , 29
404:111 , 31
405:126 , 55
406:112 , 45
407:99 , 45
408:107 , 52
409:87 , 34
410:103 , 51
411:164 , 54
412:77 , 25
413:177 , 51
414:138 , 57
415:122 , 42
416:179 , 38
417:187 , 33
418:137 , 33
419:102 , 38
420:107 , 45
421:118 , 56
422:125 , 60
423:167 , 81
424:138 , 38
425:96 , 17
426:122 , 42
427:97 , 22
428:98 , 22
429:64 , 31
430:87 , 38
431:66 , 30
432:111 , 28
433:118 , 31
434:91 , 9
435:104 , 19
436:157 , 61
437:112 , 54
438:129 , 55
439:82 , 29
440:122 , 32
441:135 , 53
442:77 , 23
443:116 , 28
444:93 , 17
445:131 , 20
446:161 , 53
447:149 , 42
448:133 , 35
449:149 , 44
450:131 , 56
451:92 , 36
452:112 , 32
453:111 , 32
454:113 , 28
455:133 , 41
456:164 , 46
457:101 , 19
458:94 , 7
459:80 , 28
460:151 , 50
461:117 , 31
462:152 , 50
463:116 , 47
464:97 , 35
465:80 , 37
466:60 , 17
467:106 , 44
468:91 , 34
469:186 , 76
470:140 , 41
471:135 , 39
472:149 , 48
473:95 , 26
474:81 , 15
475:96 , 16
476:147 , 44
477:93 , 19
478:100 , 11
479:113 , 35
480:104 , 41
481:145 , 72
482:79 , 32
483:130 , 25
484:173 , 31
485:119 , 21
486:117 , 47
487:96 , 41
488:73 , 32
489:123 , 37
490:152 , 46
491:103 , 37
492:84 , 12
493:99 , 32
494:86 , 27
495:208 , 72
496:219 , 92
497:148 , 81
498:149 , 48
499:122 , 40
500:95 , 19
501:95 , 28
502:107 , 31
503:117 , 34
504:102 , 37
505:83 , 25
506:75 , 31
507:76 , 29
508:111 , 32
509:134 , 76
510:154 , 79
511:142 , 47
512:173 , 56
513:155 , 34
514:114 , 16
515:89 , 32
516:145 , 18
517:85 , 18
518:54 , 10
519:58 , 11
520:107 , 38
521:68 , 17
522:105 , 35
523:88 , 29
524:63 , 21
525:72 , 31
526:116 , 31
527:78 , 23
528:87 , 35
529:86 , 21
530:92 , 23
531:75 , 18
532:73 , 28
533:64 , 18
534:113 , 22
535:91 , 20
536:104 , 11
537:106 , 24
538:63 , 37
539:87 , 26
540:140 , 56
541:122 , 57
542:51 , 23
543:102 , 33
544:86 , 38
545:78 , 30
546:34 , 18
547:40 , 8
548:78 , 20
549:123 , 32
550:102 , 29
551:39 , 11
552:61 , 23
553:63 , 37
554:78 , 35
555:61 , 28
556:38 , 20
557:57 , 39
558:74 , 28
559:47 , 29
560:78 , 24
561:81 , 26
562:85 , 33
563:84 , 12
564:103 , 30
565:103 , 15
566:103 , 21
567:87 , 15
568:91 , 13
569:84 , 5
570:75 , 10
571:100 , 7
572:100 , 7
573:68 , 20
574:45 , 9
575:70 , 13
576:43 , 14
577:77 , 26
578:84 , 42
579:136 , 33
580:113 , 40
581:88 , 20
582:71 , 5
583:95 , 24
584:85 , 13
585:108 , 30
586:88 , 12
587:52 , 12
588:62 , 13
589:86 , 20
590:55 , 21
591:52 , 19
592:53 , 11
593:41 , 5
594:58 , 20
595:90 , 14
596:95 , 24
597:74 , 34
598:59 , 18
599:68 , 13
600:72 , 5
601:49 , 9
602:84 , 11
603:70 , 20
604:29 , 7
605:74 , 9
606:59 , 4
607:69 , 11
608:77 , 31
609:78 , 16
610:98 , 25
611:49 , 3
612:57 , 11
613:52 , 26
614:31 , 6
615:47 , 32
616:65 , 39
617:49 , 28
618:46 , 7
619:59 , 8
620:37 , 8
621:64 , 3
622:31 , 10
623:84 , 20
624:79 , 36
625:43 , 6
626:56 , 12
627:70 , 6
628:36 , 3
629:80 , 5
630:47 , 4
631:47 , 14
632:44 , 9
633:63 , 11
634:78 , 17
635:21 , 3
636:47 , 3
637:20 , 13
638:38 , 23
639:23 , 10
640:35 , 11
641:102 , 24
642:72 , 12
643:62 , 11
644:28 , 11
645:33 , 13
646:40 , 6
647:56 , 9
648:20 , 5
649:24 , 2
650:39 , 7
651:41 , 11
652:62 , 5
653:26 , 6
654:53 , 10
655:68 , 22
656:34 , 6
657:47 , 6
658:38 , 11
659:57 , 11
660:48 , 4
661:34 , 5
662:57 , 11
663:55 , 11
664:20 , 7
665:35 , 10
666:25 , 9
667:32 , 10
668:19 , 10
669:5 , 0
670:48 , 11
671:40 , 6
672:54 , 12
673:76 , 12
674:19 , 0
675:21 , 1
676:43 , 21
677:32 , 3
678:23 , 2
679:16 , 1
680:16 , 1
681:38 , 6
682:20 , 13
683:19 , 5
684:17 , 1
685:34 , 1
686:16 , 2
687:30 , 11
688:62 , 20
689:22 , 5
690:45 , 22
691:70 , 6
692:28 , 0
693:25 , 2
694:66 , 2
695:29 , 2
696:28 , 14
697:28 , 3
698:39 , 21
699:46 , 22
700:13 , 3
701:22 , 4
702:19 , 3
703:44 , 0
704:19 , 1
705:47 , 2
706:16 , 3
707:32 , 4
708:34 , 7
709:29 , 2
710:32 , 0
711:30 , 3
712:21 , 1
713:16 , 3
714:24 , 7
715:17 , 5
716:39 , 4
717:15 , 2
718:19 , 6
719:30 , 12
720:29 , 8
721:39 , 10
722:40 , 3
723:29 , 2
724:45 , 0
725:25 , 1
726:16 , 1
727:5 , 1
728:15 , 1
729:10 , 0
730:13 , 2
731:16 , 2
732:47 , 9
733:41 , 2
734:9 , 1
735:14 , 1
736:29 , 3
737:21 , 1
738:12 , 1
739:30 , 2
740:32 , 8
741:18 , 3
742:38 , 4
743:21 , 1
744:34 , 0
745:49 , 6
746:29 , 7
747:13 , 9
748:5 , 1
749:10 , 0
750:11 , 5
751:31 , 11
752:25 , 2
753:19 , 2
754:44 , 3
755:20 , 3
756:26 , 0
757:28 , 3
758:35 , 1
759:23 , 3
760:24 , 3
761:7 , 0
762:13 , 1
763:15 , 1
764:10 , 1
765:4 , 0
766:11 , 3
767:7 , 2
768:10 , 4
769:13 , 6
770:10 , 4
771:35 , 0
772:17 , 5
773:10 , 0
774:9 , 2
775:10 , 1
776:25 , 3
777:14 , 3
778:15 , 1
779:27 , 1
780:12 , 0
781:12 , 2
782:6 , 1
783:12 , 1
784:20 , 1
785:10 , 1
786:23 , 2
787:2 , 0
788:15 , 2
789:15 , 0
790:10 , 2
791:11 , 0
792:13 , 0
793:17 , 5
794:23 , 2
795:25 , 3
796:21 , 0
797:41 , 0
798:21 , 0
799:33 , 7
800:59 , 10
801:27 , 1
802:61 , 6
803:23 , 0
804:25 , 1
805:31 , 0
806:53 , 6
807:5 , 1
808:13 , 0
809:23 , 0
810:9 , 2
811:11 , 0
812:20 , 6
813:10 , 1
814:22 , 1
815:31 , 1
816:24 , 1
817:3 , 0
818:13 , 0
819:13 , 6
820:20 , 0
821:17 , 0
822:24 , 0
823:23 , 0
824:30 , 0
825:7 , 1
826:5 , 0
827:3 , 0
828:11 , 0
829:31 , 0
830:10 , 0
831:10 , 0
832:7 , 0
833:18 , 1
834:30 , 0
835:29 , 0
836:8 , 0
837:13 , 0
838:38 , 8
839:14 , 0
840:1 , 0
841:16 , 0
842:47 , 0
843:28 , 2
844:30 , 0
845:29 , 0
846:7 , 0
847:15 , 0
848:10 , 0
849:10 , 0
850:14 , 0
851:5 , 0
852:17 , 0
853:22 , 0
854:6 , 0
855:5 , 0
856:3 , 0
857:3 , 0
858:10 , 0
859:8 , 0
860:23 , 0
861:11 , 0
862:18 , 0
863:22 , 0
864:11 , 0
865:8 , 1
866:14 , 0
867:10 , 0
868:10 , 0
869:10 , 0
870:22 , 0
871:22 , 0
872:17 , 0
873:5 , 0
874:6 , 0
875:5 , 0
876:3 , 0
877:2 , 0
878:0 , 0
879:17 , 0
880:8 , 0
881:19 , 0
882:17 , 0
883:6 , 0
884:3 , 0
885:1 , 0
886:4 , 0
887:7 , 0
888:14 , 0
889:3 , 0
890:10 , 0
891:17 , 0
892:5 , 0
893:4 , 0
894:4 , 0
895:26 , 0
896:14 , 0
897:13 , 0
898:11 , 1
899:8 , 1
900:3 , 0
901:23 , 0
902:6 , 0
903:4 , 0
904:4 , 0
905:9 , 0
906:11 , 0
907:15 , 1
908:11 , 1
909:2 , 0
910:3 , 0
911:4 , 0
912:8 , 0
913:17 , 0
914:10 , 0
915:10 , 0
916:15 , 0
917:11 , 0
918:22 , 0
919:46 , 0
920:7 , 0
921:8 , 0
922:8 , 0
923:7 , 0
924:5 , 0
925:21 , 0
926:9 , 0
927:22 , 0
928:25 , 0
929:1 , 0
930:6 , 0
931:11 , 0
932:6 , 0
933:5 , 0
934:6 , 0
935:4 , 0
936:12 , 0
937:8 , 0
938:22 , 0
939:5 , 0
940:4 , 0
941:12 , 0
942:3 , 0
943:15 , 0
944:24 , 0
945:10 , 0
946:11 , 0
947:3 , 0
948:0 , 0
949:0 , 0
950:2 , 0
951:0 , 0
952:6 , 0
953:18 , 0
954:16 , 0
955:15 , 0
956:11 , 0
957:3 , 0
958:28 , 0
959:15 , 0
960:16 , 0
961:30 , 0
962:8 , 0
963:6 , 0
964:27 , 0
965:8 , 0
966:4 , 0
967:3 , 0
968:8 , 0
969:10 , 0
970:4 , 0
971:1 , 0
972:13 , 0
973:3 , 0
974:13 , 0
975:6 , 0
976:10 , 0
977:7 , 0
978:17 , 0
979:32 , 0
980:24 , 0
981:5 , 0
982:4 , 0
983:0 , 0
984:3 , 0
985:19 , 0
986:7 , 0
987:7 , 0
988:2 , 0
989:12 , 0
990:8 , 0
991:20 , 0
992:9 , 0
993:0 , 0
994:1 , 0
995:2 , 0
996:0 , 0
997:23 , 0
998:6 , 0
999:6 , 0
1000:28 , 0
1001:21 , 0
1002:7 , 0
1003:17 , 0
1004:12 , 0
1005:4 , 0
1006:9 , 0
1007:4 , 0
1008:5 , 0
1009:2 , 0
1010:5 , 0
1011:10 , 0
1012:11 , 0
1013:8 , 0
1014:11 , 0
1015:22 , 0
1016:21 , 0
1017:11 , 0
1018:2 , 0
1019:0 , 0
1020:5 , 0
1021:13 , 0
1022:12 , 0
1023:7 , 0
1:554328 , 0
2:30594 , 140
3:3171 , 55
4:2751 , 19
5:629 , 7
6:367 , 3
7:461 , 1
8:342 , 2
9:292 , 0
10:225 , 0
11:163 , 0
12:175 , 2
13:127 , 0
14:119 , 0
15:215 , 0
16:365 , 0
17:585 , 0
18:875 , 0
19:1144 , 3
20:1100 , 2
21:877 , 1
22:589 , 1
23:340 , 1
24:202 , 1
25:174 , 1
26:196 , 0
27:190 , 0
28:196 , 0
29:218 , 2
30:208 , 3
31:208 , 3
32:184 , 8
33:175 , 3
34:133 , 5
35:131 , 2
36:118 , 4
37:73 , 1
38:82 , 0
39:78 , 0
40:51 , 2
41:61 , 1
42:45 , 0
43:44 , 0
44:45 , 0
45:38 , 0
46:36 , 0
47:30 , 0
48:36 , 1
49:19 , 0
50:35 , 0
51:34 , 1
52:32 , 0
53:35 , 0
54:31 , 0
55:24 , 0
56:25 , 1
57:25 , 0
58:20 , 0
59:23 , 0
60:19 , 0
61:20 , 1
62:28 , 0
63:19 , 1
64:13 , 0
65:26 , 1
66:17 , 0
67:11 , 0
68:19 , 1
69:19 , 1
70:17 , 0
71:16 , 0
72:8 , 0
73:16 , 0
74:20 , 0
75:13 , 0
76:18 , 0
77:17 , 0
78:9 , 0
79:9 , 0
80:16 , 0
81:7 , 0
82:9 , 0
83:20 , 1
84:4 , 0
85:7 , 0
86:10 , 0
87:10 , 0
88:7 , 0
89:13 , 0
90:6 , 0
91:6 , 0
92:16 , 0
93:12 , 0
94:12 , 0
95:6 , 0
96:5 , 0
97:7 , 0
98:12 , 0
99:5 , 0
100:15 , 0
101:10 , 0
102:7 , 0
103:5 , 0
104:7 , 0
105:3 , 0
106:7 , 0
107:5 , 0
108:8 , 0
109:6 , 0
110:6 , 0
111:6 , 0
112:7 , 0
113:1 , 0
114:4 , 0
115:3 , 0
116:4 , 0
117:7 , 0
118:3 , 0
119:5 , 0
120:7 , 0
121:3 , 0
122:2 , 1
123:2 , 0
124:5 , 0
125:6 , 0
126:8 , 0
127:2 , 0
128:2 , 0
129:3 , 0
130:4 , 0
131:2 , 0
132:6 , 0
133:3 , 0
134:2 , 0
135:9 , 0
136:3 , 0
137:5 , 0
138:6 , 0
139:3 , 0
140:2 , 0
141:3 , 0
142:5 , 1
143:2 , 0
144:2 , 0
145:3 , 0
146:5 , 0
147:5 , 0
148:3 , 0
149:8 , 0
150:4 , 0
151:3 , 0
152:3 , 0
153:4 , 0
154:2 , 0
155:2 , 0
156:2 , 0
157:2 , 0
158:1 , 0
159:4 , 0
160:2 , 0
161:1 , 0
162:3 , 0
163:1 , 0
164:1 , 0
165:1 , 0
166:2 , 0
167:1 , 0
168:0 , 0
169:0 , 0
170:4 , 0
171:4 , 0
172:2 , 0
173:5 , 0
174:3 , 0
175:2 , 0
176:2 , 0
177:1 , 0
178:2 , 0
179:0 , 0
180:0 , 0
181:1 , 0
182:0 , 0
183:1 , 0
184:1 , 0
185:3 , 0
186:2 , 0
187:0 , 0
188:0 , 0
189:0 , 0
190:0 , 0
191:2 , 0
192:1 , 0
193:2 , 0
194:4 , 0
195:1 , 0
196:2 , 0
197:2 , 0
198:0 , 0
199:1 , 0
200:0 , 0
201:0 , 0
202:1 , 0
203:2 , 0
204:1 , 0
205:1 , 0
206:3 , 0
207:6 , 0
208:2 , 0
209:3 , 0
210:1 , 0
211:1 , 0
212:2 , 0
213:3 , 0
214:0 , 0
215:1 , 0
216:2 , 0
217:2 , 0
218:2 , 0
219:0 , 0
220:3 , 0
221:0 , 0
222:1 , 0
223:4 , 0
224:1 , 0
225:1 , 0
226:2 , 0
227:0 , 0
228:0 , 0
229:2 , 0
230:0 , 0
231:2 , 0
232:1 , 0
233:0 , 0
234:2 , 0
235:3 , 0
236:2 , 0
237:2 , 0
238:2 , 1
239:4 , 0
240:5 , 0
241:4 , 0
242:5 , 0
243:3 , 0
244:2 , 0
245:1 , 0
246:0 , 0
247:1 , 0
248:0 , 0
249:2 , 0
250:1 , 0
251:1 , 0
252:0 , 0
253:0 , 0
254:0 , 0
255:0 , 0
256:1 , 0
257:1 , 0
258:1 , 0
259:0 , 0
260:0 , 0
261:0 , 0
262:0 , 0
263:1 , 0
264:1 , 0
265:1 , 0
266:1 , 0
267:0 , 0
268:2 , 0
269:0 , 0
270:0 , 0
271:0 , 0
272:0 , 0
273:1 , 0
274:0 , 0
275:1 , 0
276:0 , 0
277:0 , 0
278:0 , 0
279:0 , 0
280:0 , 0
281:0 , 0
282:0 , 0
283:0 , 0
284:1 , 0
285:0 , 0
286:0 , 0
287:1 , 0
288:0 , 0
289:2 , 0
290:0 , 0
291:1 , 0
292:1 , 0
293:0 , 0
294:0 , 0
295:0 , 0
296:0 , 0
297:0 , 0
298:0 , 0
299:1 , 0
300:0 , 0
301:0 , 0
302:1 , 0
303:0 , 0
304:1 , 0
305:0 , 0
306:0 , 0
307:0 , 0
308:0 , 0
309:0 , 0
310:0 , 0
311:0 , 0
312:0 , 0
313:1 , 0
314:0 , 0
315:0 , 0
316:0 , 0
317:0 , 0
318:0 , 0
319:0 , 0
320:0 , 0
321:0 , 0
322:0 , 0
323:1 , 0
324:0 , 0
325:0 , 0
326:0 , 0
327:0 , 0
328:0 , 0
329:1 , 0
330:0 , 0
331:0 , 0
332:0 , 0
333:0 , 0
334:1 , 0
335:0 , 0
336:0 , 0
337:1 , 0
338:0 , 0
339:0 , 0
340:0 , 0
341:0 , 0
342:2 , 0
343:0 , 0
344:0 , 0
345:1 , 0
346:1 , 0
347:0 , 0
348:0 , 0
349:0 , 0
350:0 , 0
351:0 , 0
352:0 , 0
353:0 , 0
354:0 , 0
355:0 , 0
356:0 , 0
357:0 , 0
358:0 , 0
359:0 , 0
360:0 , 0
361:0 , 0
362:0 , 0
363:0 , 0
364:0 , 0
365:0 , 0
366:0 , 0
367:0 , 0
368:0 , 0
369:1 , 0
370:0 , 0
371:0 , 0
372:0 , 0
373:0 , 0
374:0 , 0
375:0 , 0
376:0 , 0
377:0 , 0
378:1 , 0
379:1 , 0
380:1 , 0
381:0 , 0
382:0 , 0
383:0 , 0
384:0 , 0
385:0 , 0
386:0 , 0
387:1 , 0
388:0 , 0
389:1 , 0
390:1 , 0
391:0 , 0
392:0 , 0
393:0 , 0
394:0 , 0
395:1 , 0
396:0 , 0
397:0 , 0
398:0 , 0
399:0 , 0
400:0 , 0
401:0 , 0
402:1 , 0
403:0 , 0
404:0 , 0
405:0 , 0
406:0 , 0
407:0 , 0
408:0 , 0
409:0 , 0
410:0 , 0
411:0 , 0
412:0 , 0
413:0 , 0
414:0 , 0
415:1 , 0
416:0 , 0
417:0 , 0
418:0 , 0
419:0 , 0
420:0 , 0
421:0 , 0
422:0 , 0
423:0 , 0
424:1 , 0
425:1 , 0
426:0 , 0
427:0 , 0
428:0 , 0
429:1 , 0
430:0 , 0
431:0 , 0
432:0 , 0
433:0 , 0
434:0 , 0
435:0 , 0
436:0 , 0
437:0 , 0
438:0 , 0
439:0 , 0
440:0 , 0
441:0 , 0
442:0 , 0
443:0 , 0
444:0 , 0
445:0 , 0
446:0 , 0
447:0 , 0
448:0 , 0
449:0 , 0
450:0 , 0
451:0 , 0
452:0 , 0
453:0 , 0
454:0 , 0
455:0 , 0
456:0 , 0
457:0 , 0
458:0 , 0
459:0 , 0
460:0 , 0
461:0 , 0
462:0 , 0
463:0 , 0
464:0 , 0
465:0 , 0
466:1 , 0
467:1 , 0
468:1 , 0
469:0 , 0
470:0 , 0
471:0 , 0
472:0 , 0
473:0 , 0
474:0 , 0
475:0 , 0
476:0 , 0
477:1 , 0
478:0 , 0
479:0 , 0
480:0 , 0
481:0 , 0
482:0 , 0
483:0 , 0
484:0 , 0
485:0 , 0
486:0 , 0
487:0 , 0
488:0 , 0
489:0 , 0
490:0 , 0
491:0 , 0
492:0 , 0
493:0 , 0
494:0 , 0
495:0 , 0
496:0 , 0
497:0 , 0
498:0 , 0
499:0 , 0
500:0 , 0
501:0 , 0
502:0 , 0
503:0 , 0
504:0 , 0
505:0 , 0
506:0 , 0
507:0 , 0
508:0 , 0
509:0 , 0
510:1 , 0
511:0 , 0
512:0 , 0
513:0 , 0
514:0 , 0
515:0 , 0
516:0 , 0
517:1 , 0
518:0 , 0
519:0 , 0
520:0 , 0
521:0 , 0
522:0 , 0
523:0 , 0
524:1 , 0
525:0 , 0
526:1 , 0
527:0 , 0
528:0 , 0
529:0 , 0
530:0 , 0
531:0 , 0
532:0 , 0
533:0 , 0
534:0 , 0
535:0 , 0
536:1 , 0
537:0 , 0
538:0 , 0
539:0 , 0
540:0 , 0
541:0 , 0
542:0 , 0
543:0 , 0
544:0 , 0
545:0 , 0
546:0 , 0
547:0 , 0
548:0 , 0
549:0 , 0
550:0 , 0
551:1 , 0
552:0 , 0
553:0 , 0
554:1 , 0
555:0 , 0
556:0 , 0
557:0 , 0
558:1 , 0
559:3 , 0
560:3 , 0
561:3 , 0
562:0 , 0
563:0 , 0
564:0 , 0
565:2 , 0
566:0 , 0
567:1 , 0
568:0 , 0
569:1 , 0
570:0 , 0
571:1 , 0
572:0 , 0
573:0 , 0
574:0 , 0
575:0 , 0
576:0 , 0
577:0 , 0
578:0 , 0
579:0 , 0
580:0 , 0
581:0 , 0
582:0 , 0
583:0 , 0
584:0 , 0
585:0 , 0
586:0 , 0
587:0 , 0
588:0 , 0
589:0 , 0
590:0 , 0
591:0 , 0
592:1 , 0
593:0 , 0
594:0 , 0
595:1 , 0
596:0 , 0
597:0 , 0
598:0 , 0
599:0 , 0
600:0 , 0
601:0 , 0
602:0 , 0
603:0 , 0
604:0 , 0
605:0 , 0
606:1 , 0
607:0 , 0
608:0 , 0
609:1 , 0
610:0 , 0
611:0 , 0
612:1 , 0
613:0 , 0
614:0 , 0
615:0 , 0
616:0 , 0
617:0 , 0
618:0 , 0
619:0 , 0
620:0 , 0
621:0 , 0
622:0 , 0
623:0 , 0
624:0 , 0
625:0 , 0
626:0 , 0
627:0 , 0
628:1 , 0
629:0 , 0
630:0 , 0
631:0 , 0
632:0 , 0
633:0 , 0
634:0 , 0
635:0 , 0
636:0 , 0
637:0 , 0
638:0 , 0
639:0 , 0
640:0 , 0
641:0 , 0
642:0 , 0
643:0 , 0
644:0 , 0
645:0 , 0
646:0 , 0
647:0 , 0
648:0 , 0
649:0 , 0
650:0 , 0
651:0 , 0
652:0 , 0
653:0 , 0
654:0 , 0
655:0 , 0
656:0 , 0
657:0 , 0
658:0 , 0
659:0 , 0
660:0 , 0
661:0 , 0
662:0 , 0
663:0 , 0
664:0 , 0
665:0 , 0
666:0 , 0
667:0 , 0
668:0 , 0
669:0 , 0
670:0 , 0
671:1 , 0
672:0 , 0
673:0 , 0
674:0 , 0
675:0 , 0
676:0 , 0
677:0 , 0
678:0 , 0
679:0 , 0
680:0 , 0
681:0 , 0
682:1 , 0
683:0 , 0
684:0 , 0
685:0 , 0
686:0 , 0
687:0 , 0
688:0 , 0
689:0 , 0
690:0 , 0
691:0 , 0
692:0 , 0
693:0 , 0
694:0 , 0
695:0 , 0
696:0 , 0
697:0 , 0
698:0 , 0
699:0 , 0
700:0 , 0
701:0 , 0
702:0 , 0
703:0 , 0
704:0 , 0
705:0 , 0
706:0 , 0
707:0 , 0
708:0 , 0
709:0 , 0
710:0 , 0
711:0 , 0
712:0 , 0
713:0 , 0
714:0 , 0
715:0 , 0
716:0 , 0
717:0 , 0
718:0 , 0
719:0 , 0
720:0 , 0
721:0 , 0
722:0 , 0
723:0 , 0
724:0 , 0
725:0 , 0
726:0 , 0
727:0 , 0
728:0 , 0
729:0 , 0
730:0 , 0
731:0 , 0
732:0 , 0
733:0 , 0
734:0 , 0
735:0 , 0
736:0 , 0
737:0 , 0
738:0 , 0
739:0 , 0
740:0 , 0
741:0 , 0
742:0 , 0
743:0 , 0
744:0 , 0
745:0 , 0
746:0 , 0
747:0 , 0
748:0 , 0
749:0 , 0
750:0 , 0
751:0 , 0
752:1 , 0
753:0 , 0
754:0 , 0
755:0 , 0
756:0 , 0
757:0 , 0
758:0 , 0
759:0 , 0
760:0 , 0
761:0 , 0
762:0 , 0
763:0 , 0
764:0 , 0
765:0 , 0
766:0 , 0
767:0 , 0
768:0 , 0
769:0 , 0
770:0 , 0
771:0 , 0
772:0 , 0
773:0 , 0
774:0 , 0
775:0 , 0
776:0 , 0
777:0 , 0
778:0 , 0
779:0 , 0
780:0 , 0
781:0 , 0
782:0 , 0
783:0 , 0
784:0 , 0
785:0 , 0
786:0 , 0
787:0 , 0
788:0 , 0
789:0 , 0
790:0 , 0
791:0 , 0
792:0 , 0
793:0 , 0
794:0 , 0
795:0 , 0
796:0 , 0
797:0 , 0
798:0 , 0
799:0 , 0
800:0 , 0
801:0 , 0
802:0 , 0
803:0 , 0
804:0 , 0
805:0 , 0
806:0 , 0
807:0 , 0
808:1 , 0
809:0 , 0
810:0 , 0
811:0 , 0
812:0 , 0
813:0 , 0
814:0 , 0
815:0 , 0
816:0 , 0
817:0 , 0
818:0 , 0
819:0 , 0
820:0 , 0
821:0 , 0
822:0 , 0
823:0 , 0
824:0 , 0
825:0 , 0
826:0 , 0
827:0 , 0
828:0 , 0
829:0 , 0
830:0 , 0
831:0 , 0
832:0 , 0
833:0 , 0
834:0 , 0
835:0 , 0
836:0 , 0
837:0 , 0
838:0 , 0
839:0 , 0
840:1 , 0
841:0 , 0
842:0 , 0
843:0 , 0
844:0 , 0
845:0 , 0
846:0 , 0
847:0 , 0
848:0 , 0
849:0 , 0
850:0 , 0
851:0 , 0
852:0 , 0
853:0 , 0
854:0 , 0
855:0 , 0
856:0 , 0
857:0 , 0
858:0 , 0
859:0 , 0
860:0 , 0
861:0 , 0
862:0 , 0
863:0 , 0
864:0 , 0
865:0 , 0
866:0 , 0
867:0 , 0
868:0 , 0
869:0 , 0
870:0 , 0
871:0 , 0
872:0 , 0
873:0 , 0
874:0 , 0
875:0 , 0
876:0 , 0
877:0 , 0
878:0 , 0
879:0 , 0
880:0 , 0
881:0 , 0
882:0 , 0
883:0 , 0
884:0 , 0
885:0 , 0
886:0 , 0
887:0 , 0
888:0 , 0
889:0 , 0
890:0 , 0
891:0 , 0
892:0 , 0
893:0 , 0
894:0 , 0
895:0 , 0
896:0 , 0
897:0 , 0
898:0 , 0
899:0 , 0
900:0 , 0
901:0 , 0
902:0 , 0
903:0 , 0
904:0 , 0
905:0 , 0
906:0 , 0
907:0 , 0
908:0 , 0
909:0 , 0
910:0 , 0
911:0 , 0
912:0 , 0
913:0 , 0
914:0 , 0
915:0 , 0
916:0 , 0
917:0 , 0
918:0 , 0
919:0 , 0
920:0 , 0
921:0 , 0
922:0 , 0
923:1 , 0
924:0 , 0
925:0 , 0
926:0 , 0
927:0 , 0
928:0 , 0
929:0 , 0
930:0 , 0
931:0 , 0
932:0 , 0
933:0 , 0
934:0 , 0
935:0 , 0
936:0 , 0
937:0 , 0
938:0 , 0
939:0 , 0
940:0 , 0
941:0 , 0
942:0 , 0
943:0 , 0
944:0 , 0
945:0 , 0
946:0 , 0
947:0 , 0
948:0 , 0
949:0 , 0
950:0 , 0
951:0 , 0
952:0 , 0
953:0 , 0
954:0 , 0
955:0 , 0
956:0 , 0
957:0 , 0
958:0 , 0
959:0 , 0
960:0 , 0
961:0 , 0
962:0 , 0
963:0 , 0
964:0 , 0
965:0 , 0
966:0 , 0
967:0 , 0
968:0 , 0
969:0 , 0
970:0 , 0
971:0 , 0
972:0 , 0
973:0 , 0
974:0 , 0
975:0 , 0
976:0 , 0
977:0 , 0
978:0 , 0
979:0 , 0
980:0 , 0
981:0 , 0
982:0 , 0
983:0 , 0
984:0 , 0
985:0 , 0
986:0 , 0
987:0 , 0
988:0 , 0
989:0 , 0
990:0 , 0
991:0 , 0
992:0 , 0
993:0 , 0
994:0 , 0
995:0 , 0
996:0 , 0
997:0 , 0
998:0 , 0
999:0 , 0
1000:0 , 0
1001:0 , 0
1002:0 , 0
1003:0 , 0
1004:0 , 0
1005:0 , 0
1006:0 , 0
1007:0 , 0
1008:0 , 0
1009:0 , 0
1010:0 , 0
1011:0 , 0
1012:0 , 0
1013:0 , 0
1014:0 , 0
1015:0 , 0
1016:0 , 0
1017:0 , 0
1018:0 , 0
1019:0 , 0
1020:0 , 0
1021:0 , 0
1022:0 , 0
1023:0 , 0
0:845:0.0038966
way:30
1:41:0.616885
way:2
845
** Heartbeat for core[01]:        insts:80000000    cycles:93037681   (3721507200) seconds:991   -- 0.44 IPC (0.86 IPC) -- 42.19 KIPS (80.73 KIPS)
** Heartbeat for core[01]:  Thread:0      insts:80000000    cycles:93037681   (3721507200) seconds:991   -- 0.44 IPC (0.86 IPC) -- 42.19 KIPS (80.73 KIPS)
41000000
42000000
43000000
44000000
45000000
46000000
**Core 00 Core_Total  Finished:   insts:69397592    cycles:107374184  (4294967320) seconds:1148  -- 0.65 IPC (0.65 IPC) --  N/A  KHz (60.45 KHz)
**Core 00 Thread 00 Finished:   insts:69397592    cycles:107374184  (4294967320)  seconds:1148  -- 0.65 IPC (0.65 IPC) --  N/A  KHz (60.45 KHz) 
**Core 01 Core_Total  Finished:   insts:86251718    cycles:107374184  (4294967320) seconds:1148  -- 0.80 IPC (0.80 IPC) --  N/A  KHz (75.13 KHz)
**Core 01 Thread 00 Finished:   insts:86251718    cycles:107374184  (4294967320)  seconds:1148  -- 0.80 IPC (0.80 IPC) --  N/A  KHz (75.13 KHz) 
src/macsim.cc:617: (I=69397592  C=4294967361):  finalize simulation
src/macsim.cc:623: (I=69397592  C=4294967361):  elapsed time:1147.5 seconds
Done
