####################################################################################################
Interval
####################################################################################################
Cumulative:         Cycles:                  20000     Instructions:                  1200
POWER_L3CACHE_LINEFILL_BUF_R                               470090                        470090

POWER_L3CACHE_LINEFILL_BUF_W                               470090                        470090

POWER_L3CACHE_LINEFILL_BUF_R_TAG                           470090                        470090

POWER_L3CACHE_WB_BUF_R                                        563                           563

POWER_L3CACHE_WB_BUF_W                                        563                           563

POWER_L3CACHE_WB_BUF_R_TAG                                    563                           563

POWER_L3CACHE_R                                            735965                        735965

POWER_L3CACHE_W                                             79974                         79974

POWER_L3CACHE_R_TAG                                       1206055                       1206055

POWER_MC_R                                                8975822                       8975822

POWER_MC_W                                                 470653                        470653

POWER_BLOCK_STATES_R_CORE_0                             107374184                     107374184

POWER_BLOCK_STATES_W_CORE_0                             107374184                     107374184

POWER_FETCH_QUEUE_R_CORE_0                              104210232                     104210232

POWER_FETCH_QUEUE_W_CORE_0                              104210232                     104210232

POWER_INST_QUEUE_R_CORE_0                               224497780                     224497780

POWER_INST_QUEUE_W_CORE_0                               104210176                     104210176

POWER_BR_PRED_R_CORE_0                                   11460917                      11460917

POWER_BR_PRED_W_CORE_0                                   11332157                      11332157

POWER_RAS_R_CORE_0                                         559724                        559724

POWER_RAS_W_CORE_0                                         534235                        534235

POWER_ICACHE_R_CORE_0                                    26052558                      26052558

POWER_ICACHE_W_CORE_0                                         100                           100

POWER_ICACHE_R_TAG_CORE_0                                26052658                      26052658

POWER_ICACHE_MISS_BUF_R_CORE_0                                200                           200

POWER_ICACHE_MISS_BUF_W_CORE_0                                200                           200

POWER_ICACHE_MISS_BUF_R_TAG_CORE_0                            100                           100

POWER_ICACHE_MISS_BUF_W_TAG_CORE_0                              0                             0

POWER_ICACHE_TOT_ACC_CORE_0                                     0                             0

POWER_ICACHE_CONF_CORE_0                                        0                             0

POWER_INST_DECODER_R_CORE_0                              81024504                      81024504

POWER_INST_DECODER_W_CORE_0                                     0                             0

POWER_MICRO_OP_SEQ_R_CORE_0                                     0                             0

POWER_MICRO_OP_SEQ_W_CORE_0                                     0                             0

POWER_OPERAND_DECODER_R_CORE_0                           81024504                      81024504

POWER_OPERAND_DECODER_W_CORE_0                                  0                             0

POWER_UOP_QUEUE_R_CORE_0                                224497780                     224497780

POWER_UOP_QUEUE_W_CORE_0                                104210176                     104210176

POWER_REG_RENAMING_TABLE_R_CORE_0                       224497780                     224497780

POWER_REG_RENAMING_TABLE_W_CORE_0                       104210176                     104210176

POWER_DEP_CHECK_LOGIC_R_CORE_0                          104210232                     104210232

POWER_FREELIST_R_CORE_0                                 224497780                     224497780

POWER_FREELIST_W_CORE_0                                 104210176                     104210176

POWER_RESERVATION_STATION_R_CORE_0                      104210614                     104210614

POWER_RESERVATION_STATION_W_CORE_0                      104210139                     104210139

POWER_RESERVATION_STATION_R_TAG_CORE_0                  104210614                     104210614

POWER_RESERVATION_STATION_W_TAG_CORE_0                          0                             0

POWER_INST_ISSUE_SEL_LOGIC_R_CORE_0                     104210614                     104210614

POWER_INST_ISSUE_SEL_LOGIC_W_CORE_0                     104210115                     104210115

POWER_PAYLOAD_RAM_R_CORE_0                              104210614                     104210614

POWER_PAYLOAD_RAM_W_CORE_0                              104210115                     104210115

POWER_EX_ALU_R_CORE_0                                    64161385                      64161385

POWER_EX_FPU_R_CORE_0                                       61494                         61494

POWER_EX_MUL_R_CORE_0                                     4320853                       4320853

POWER_EX_SFU_R_CORE_0                                           0                             0

POWER_REORDER_BUF_R_CORE_0                              104210053                     104210053

POWER_REORDER_BUF_W_CORE_0                              208420352                     208420352

POWER_INST_COMMIT_SEL_LOGIC_R_CORE_0                    104210053                     104210053

POWER_INST_COMMIT_SEL_LOGIC_W_CORE_0                    104210176                     104210176

POWER_FP_RENAME_R_CORE_0                                   149481                        149481

POWER_FP_RENAME_W_CORE_0                                        0                             0

POWER_LOAD_QUEUE_R_CORE_0                                28512133                      28512133

POWER_LOAD_QUEUE_W_CORE_0                                28512133                      28512133

POWER_LOAD_QUEUE_R_TAG_CORE_0                            28512133                      28512133

POWER_LOAD_QUEUE_W_TAG_CORE_0                                   0                             0

POWER_STORE_QUEUE_R_CORE_0                                7154749                       7154749

POWER_STORE_QUEUE_W_CORE_0                                7154749                       7154749

POWER_STORE_QUEUE_R_TAG_CORE_0                            7154749                       7154749

POWER_STORE_QUEUE_W_TAG_CORE_0                                  0                             0

POWER_DATA_TLB_R_CORE_0                                  28512133                      28512133

POWER_DATA_TLB_W_CORE_0                                         0                             0

POWER_DATA_TLB_R_TAG_CORE_0                                     0                             0

POWER_DATA_TLB_W_TAG_CORE_0                                     0                             0

POWER_INT_REGFILE_R_CORE_0                              172630859                     172630859

POWER_INT_REGFILE_W_CORE_0                              104148621                     104148621

POWER_FP_REGFILE_R_CORE_0                                  119902                        119902

POWER_FP_REGFILE_W_CORE_0                                   61494                         61494

POWER_GP_REGISTER_R_CORE_0                              172630859                     172630859

POWER_GP_REGISTER_W_CORE_0                              104148621                     104148621

POWER_FP_REGISTER_R_CORE_0                                 122988                        122988

POWER_FP_REGISTER_W_CORE_0                                  61494                         61494

POWER_SEGMENT_REGISTER_R_CORE_0                          35666383                      35666383

POWER_SEGMENT_REGISTER_W_CORE_0                          70082857                      70082857

POWER_CONTROL_REGISTER_R_CORE_0                                 0                             0

POWER_CONTROL_REGISTER_W_CORE_0                           2023998                       2023998

POWER_FLAG_REGISTER_R_CORE_0                                    0                             0

POWER_FLAG_REGISTER_W_CORE_0                                    0                             0

POWER_EXEC_BYPASS_CORE_0                                104210115                     104210115

POWER_LOAD_BYPASS_CORE_0                                  1429094                       1429094

POWER_PIPELINE_CORE_0                                    81024364                      81024364

POWER_DCACHE_MISS_BUF_R_CORE_0                            1428894                       1428894

POWER_DCACHE_MISS_BUF_R_TAG_CORE_0                        1657447                       1657447

POWER_DCACHE_MISS_BUF_W_CORE_0                            1657447                       1657447

POWER_DCACHE_MISS_BUF_W_TAG_CORE_0                              0                             0

POWER_DCACHE_LINEFILL_BUF_R_CORE_0                              0                             0

POWER_L2CACHE_LINEFILL_BUF_R_CORE_0                        949168                        949168

POWER_DCACHE_LINEFILL_BUF_W_CORE_0                              0                             0

POWER_L2CACHE_LINEFILL_BUF_W_CORE_0                        932602                        932602

POWER_DCACHE_LINEFILL_BUF_R_TAG_CORE_0                          0                             0

POWER_L2CACHE_LINEFILL_BUF_R_TAG_CORE_0                   1167224                       1167224

POWER_DCACHE_LINEFILL_BUF_W_TAG_CORE_0                          0                             0

POWER_DCACHE_WB_BUF_R_CORE_0                               218056                        218056

POWER_L2CACHE_WB_BUF_R_CORE_0                                   0                             0

POWER_DCACHE_WB_BUF_W_CORE_0                               218056                        218056

POWER_L2CACHE_WB_BUF_W_CORE_0                                   0                             0

POWER_DCACHE_WB_BUF_R_TAG_CORE_0                           436112                        436112

POWER_L2CACHE_WB_BUF_R_TAG_CORE_0                               0                             0

POWER_DCACHE_WB_BUF_W_TAG_CORE_0                                0                             0

POWER_DCACHE_R_CORE_0                                    34008936                      34008936

POWER_L2CACHE_R_CORE_0                                          0                             0

POWER_DCACHE_W_CORE_0                                      714446                        714446

POWER_L2CACHE_W_CORE_0                                          0                             0

POWER_DCACHE_R_TAG_CORE_0                                35666383                      35666383

POWER_L2CACHE_R_TAG_CORE_0                                      0                             0

POWER_CONST_CACHE_R_CORE_0                                      0                             0

POWER_CONST_CACHE_W_CORE_0                                      0                             0

POWER_CONST_CACHE_R_TAG_CORE_0                                  0                             0

POWER_CONST_CACHE_W_TAG_CORE_0                                  0                             0

POWER_TEXTURE_CACHE_R_CORE_0                                    0                             0

POWER_TEXTURE_CACHE_W_CORE_0                                    0                             0

POWER_TEXTURE_CACHE_R_TAG_CORE_0                                0                             0

POWER_TEXTURE_CACHE_W_TAG_CORE_0                                0                             0

POWER_SHARED_MEM_R_CORE_0                                       0                             0

POWER_SHARED_MEM_W_CORE_0                                       0                             0

POWER_SHARED_MEM_R_TAG_CORE_0                                   0                             0

POWER_SHARED_MEM_W_TAG_CORE_0                                   0                             0

POWER_BLOCK_STATES_R_CORE_1                             107374184                     107374184

POWER_BLOCK_STATES_W_CORE_1                             107374184                     107374184

POWER_FETCH_QUEUE_R_CORE_1                              103575476                     103575476

POWER_FETCH_QUEUE_W_CORE_1                              103575476                     103575476

POWER_INST_QUEUE_R_CORE_1                               215763431                     215763431

POWER_INST_QUEUE_W_CORE_1                               103575223                     103575223

POWER_BR_PRED_R_CORE_1                                    7698173                       7698173

POWER_BR_PRED_W_CORE_1                                    7696658                       7696658

POWER_RAS_R_CORE_1                                           1009                          1009

POWER_RAS_W_CORE_1                                            781                           781

POWER_ICACHE_R_CORE_1                                    25893869                      25893869

POWER_ICACHE_W_CORE_1                                         564                           564

POWER_ICACHE_R_TAG_CORE_1                                25894433                      25894433

POWER_ICACHE_MISS_BUF_R_CORE_1                               1128                          1128

POWER_ICACHE_MISS_BUF_W_CORE_1                               1128                          1128

POWER_ICACHE_MISS_BUF_R_TAG_CORE_1                            564                           564

POWER_ICACHE_MISS_BUF_W_TAG_CORE_1                              0                             0

POWER_ICACHE_TOT_ACC_CORE_1                                     0                             0

POWER_ICACHE_CONF_CORE_1                                        0                             0

POWER_INST_DECODER_R_CORE_1                              72854196                      72854196

POWER_INST_DECODER_W_CORE_1                                     0                             0

POWER_MICRO_OP_SEQ_R_CORE_1                                     0                             0

POWER_MICRO_OP_SEQ_W_CORE_1                                     0                             0

POWER_OPERAND_DECODER_R_CORE_1                           72854196                      72854196

POWER_OPERAND_DECODER_W_CORE_1                                  0                             0

POWER_UOP_QUEUE_R_CORE_1                                215763431                     215763431

POWER_UOP_QUEUE_W_CORE_1                                103575223                     103575223

POWER_REG_RENAMING_TABLE_R_CORE_1                       215763431                     215763431

POWER_REG_RENAMING_TABLE_W_CORE_1                       103575223                     103575223

POWER_DEP_CHECK_LOGIC_R_CORE_1                          103575476                     103575476

POWER_FREELIST_R_CORE_1                                 215763431                     215763431

POWER_FREELIST_W_CORE_1                                 103575223                     103575223

POWER_RESERVATION_STATION_R_CORE_1                      103620047                     103620047

POWER_RESERVATION_STATION_W_CORE_1                      103575193                     103575193

POWER_RESERVATION_STATION_R_TAG_CORE_1                  103620047                     103620047

POWER_RESERVATION_STATION_W_TAG_CORE_1                          0                             0

POWER_INST_ISSUE_SEL_LOGIC_R_CORE_1                     103620047                     103620047

POWER_INST_ISSUE_SEL_LOGIC_W_CORE_1                     103575169                     103575169

POWER_PAYLOAD_RAM_R_CORE_1                              103620047                     103620047

POWER_PAYLOAD_RAM_W_CORE_1                              103575169                     103575169

POWER_EX_ALU_R_CORE_1                                    57514279                      57514279

POWER_EX_FPU_R_CORE_1                                          56                            56

POWER_EX_MUL_R_CORE_1                                         325                           325

POWER_EX_SFU_R_CORE_1                                           0                             0

POWER_REORDER_BUF_R_CORE_1                              103575015                     103575015

POWER_REORDER_BUF_W_CORE_1                              207150446                     207150446

POWER_INST_COMMIT_SEL_LOGIC_R_CORE_1                    103575015                     103575015

POWER_INST_COMMIT_SEL_LOGIC_W_CORE_1                    103575223                     103575223

POWER_FP_RENAME_R_CORE_1                                       74                            74

POWER_FP_RENAME_W_CORE_1                                        0                             0

POWER_LOAD_QUEUE_R_CORE_1                                34398886                      34398886

POWER_LOAD_QUEUE_W_CORE_1                                34398886                      34398886

POWER_LOAD_QUEUE_R_TAG_CORE_1                            34398886                      34398886

POWER_LOAD_QUEUE_W_TAG_CORE_1                                   0                             0

POWER_STORE_QUEUE_R_CORE_1                               11706501                      11706501

POWER_STORE_QUEUE_W_CORE_1                               11706501                      11706501

POWER_STORE_QUEUE_R_TAG_CORE_1                           11706501                      11706501

POWER_STORE_QUEUE_W_TAG_CORE_1                                  0                             0

POWER_DATA_TLB_R_CORE_1                                  34398886                      34398886

POWER_DATA_TLB_W_CORE_1                                         0                             0

POWER_DATA_TLB_R_TAG_CORE_1                                     0                             0

POWER_DATA_TLB_W_TAG_CORE_1                                     0                             0

POWER_INT_REGFILE_R_CORE_1                              161089717                     161089717

POWER_INT_REGFILE_W_CORE_1                              103575113                     103575113

POWER_FP_REGFILE_R_CORE_1                                     112                           112

POWER_FP_REGFILE_W_CORE_1                                      56                            56

POWER_GP_REGISTER_R_CORE_1                              161089717                     161089717

POWER_GP_REGISTER_W_CORE_1                              103575113                     103575113

POWER_FP_REGISTER_R_CORE_1                                    112                           112

POWER_FP_REGISTER_W_CORE_1                                     56                            56

POWER_SEGMENT_REGISTER_R_CORE_1                          46060509                      46060509

POWER_SEGMENT_REGISTER_W_CORE_1                          84452208                      84452208

POWER_CONTROL_REGISTER_R_CORE_1                                 0                             0

POWER_CONTROL_REGISTER_W_CORE_1                           7677349                       7677349

POWER_FLAG_REGISTER_R_CORE_1                                    0                             0

POWER_FLAG_REGISTER_W_CORE_1                                    0                             0

POWER_EXEC_BYPASS_CORE_1                                103575169                     103575169

POWER_LOAD_BYPASS_CORE_1                                   983019                        983019

POWER_PIPELINE_CORE_1                                    72853877                      72853877

POWER_DCACHE_MISS_BUF_R_CORE_1                             981891                        981891

POWER_DCACHE_MISS_BUF_R_TAG_CORE_1                        6847058                       6847058

POWER_DCACHE_MISS_BUF_W_CORE_1                            6847058                       6847058

POWER_DCACHE_MISS_BUF_W_TAG_CORE_1                              0                             0

POWER_DCACHE_LINEFILL_BUF_R_CORE_1                              0                             0

POWER_L2CACHE_LINEFILL_BUF_R_CORE_1                       1981964                       1981964

POWER_DCACHE_LINEFILL_BUF_W_CORE_1                              0                             0

POWER_L2CACHE_LINEFILL_BUF_W_CORE_1                        565591                        565591

POWER_DCACHE_LINEFILL_BUF_R_TAG_CORE_1                          0                             0

POWER_L2CACHE_LINEFILL_BUF_R_TAG_CORE_1                   2056046                       2056046

POWER_DCACHE_LINEFILL_BUF_W_TAG_CORE_1                          0                             0

POWER_DCACHE_WB_BUF_R_CORE_1                                74082                         74082

POWER_L2CACHE_WB_BUF_R_CORE_1                                   0                             0

POWER_DCACHE_WB_BUF_W_CORE_1                                74082                         74082

POWER_L2CACHE_WB_BUF_W_CORE_1                                   0                             0

POWER_DCACHE_WB_BUF_R_TAG_CORE_1                           148164                        148164

POWER_L2CACHE_WB_BUF_R_TAG_CORE_1                               0                             0

POWER_DCACHE_WB_BUF_W_TAG_CORE_1                                0                             0

POWER_DCACHE_R_CORE_1                                    39213451                      39213451

POWER_L2CACHE_R_CORE_1                                          0                             0

POWER_DCACHE_W_CORE_1                                      490945                        490945

POWER_L2CACHE_W_CORE_1                                          0                             0

POWER_DCACHE_R_TAG_CORE_1                                46060509                      46060509

POWER_L2CACHE_R_TAG_CORE_1                                      0                             0

POWER_CONST_CACHE_R_CORE_1                                      0                             0

POWER_CONST_CACHE_W_CORE_1                                      0                             0

POWER_CONST_CACHE_R_TAG_CORE_1                                  0                             0

POWER_CONST_CACHE_W_TAG_CORE_1                                  0                             0

POWER_TEXTURE_CACHE_R_CORE_1                                    0                             0

POWER_TEXTURE_CACHE_W_CORE_1                                    0                             0

POWER_TEXTURE_CACHE_R_TAG_CORE_1                                0                             0

POWER_TEXTURE_CACHE_W_TAG_CORE_1                                0                             0

POWER_SHARED_MEM_R_CORE_1                                       0                             0

POWER_SHARED_MEM_W_CORE_1                                       0                             0

POWER_SHARED_MEM_R_TAG_CORE_1                                   0                             0

POWER_SHARED_MEM_W_TAG_CORE_1                                   0                             0

