BP_MISPRED_STALL_CORE_0                                  52462823                      52462823

BP_RESOLVED_CORE_0                                         371832                        371832

BP_REDIRECT_RESOLVED_CORE_0                                     0                             0

PERFECT_TARGET_PRED_CORE_0                                      0                             0

BP_ON_PATH_CORRECT_CORE_0                                10952798                       96.7358%
BP_ON_PATH_MISPREDICT_CORE_0                               369580                       3.26416%
BP_ON_PATH_MISFETCH_CORE_0                                      0                             0%
                                                         11322378                           100%

BP_OFF_PATH_CORRECT_CORE_0                                      0                          NaN 
BP_OFF_PATH_MISPREDICT_CORE_0                                   0                          NaN 
BP_OFF_PATH_MISFETCH_CORE_0                                     0                          NaN 
                                                                0                           100%

BP_MISPRED_STALL_CORE_1                                    481475                        481475

BP_RESOLVED_CORE_1                                           4993                          4993

BP_REDIRECT_RESOLVED_CORE_1                                     0                             0

PERFECT_TARGET_PRED_CORE_1                                      0                             0

BP_ON_PATH_CORRECT_CORE_1                                 7317883                       99.9321%
BP_ON_PATH_MISPREDICT_CORE_1                                 4972                      0.067897%
BP_ON_PATH_MISFETCH_CORE_1                                      0                             0%
                                                          7322855                           100%

BP_OFF_PATH_CORRECT_CORE_1                                      0                          NaN 
BP_OFF_PATH_MISPREDICT_CORE_1                                   0                          NaN 
BP_OFF_PATH_MISFETCH_CORE_1                                     0                          NaN 
                                                                0                           100%

