Arguments: ./macsim --l3_repl==PDP 
src/macsim.cc:133: (I=0  C=0):  initialize knobs
number of cores : 2
src/macsim.cc:531: (I=0  C=0):  initialize simulation
src/macsim.cc:327: (I=0  C=0):  initialize cores (2/0/0)
src/memory.cc:1695: (I=0  C=0):  Memory system(l2_decoupled_network) has been initialized.
l3_policy: PDP,PDP
0
1
ip_table done
way0=29
way1=3
src/network_ring.cc:107: (I=0  C=0):  TOTAL_ROUTER:4 CPU:2 GPU:0 L3:1 MC:1
src/network_ring.cc:312: (I=0  C=0):  RING topology
0 <-> 1 <-> 2 <-> 3 <-> 
enabling bug detector
src/macsim.cc:748: (I=0  C=0):  Initializing new noc

src/macsim.cc:839: (I=0  C=0):  Clock LCM           : 920
src/macsim.cc:840: (I=0  C=0):  CPU clock frequency : 2.3 GHz
src/macsim.cc:841: (I=0  C=0):  GPU clock frequency : 2.3 GHz
src/macsim.cc:842: (I=0  C=0):  L3  clock frequency : 1 GHz
src/macsim.cc:843: (I=0  C=0):  NOC clock frequency : 1 GHz
src/macsim.cc:844: (I=0  C=0):  MC  clock frequency : 0.8 GHz
src/process_manager.cc:455: (I=0  C=0):  setup_process:0 ../../../../jinku/macsim_traces/astar/trace.txt current_index:0 (1)
src/process_manager.cc:548: (I=0  C=0):  thread_count:1
src/process_manager.cc:455: (I=0  C=0):  setup_process:1 ../../../../jinku/macsim_traces/160810/16MB/trace.txt current_index:0 (1)
src/process_manager.cc:548: (I=0  C=0):  thread_count:1
1000000
2000000
3000000
4000000
** Heartbeat for core[00]:        insts:10000000    cycles:9288256    (371530200) seconds:92    -- 1.08 IPC (1.08 IPC) -- 0.00 KIPS (108.70 KIPS)
** Heartbeat for core[00]:  Thread:0      insts:10000000    cycles:9288256    (371530200) seconds:92    -- 1.08 IPC (1.08 IPC) -- 0.00 KIPS (108.70 KIPS)
5000000
6000000
** Heartbeat for core[01]:        insts:10000000    cycles:13864665   (554586560) seconds:141   -- 0.72 IPC (0.72 IPC) -- 0.00 KIPS (70.92 KIPS)
** Heartbeat for core[01]:  Thread:0      insts:10000000    cycles:13864665   (554586560) seconds:141   -- 0.72 IPC (0.72 IPC) -- 0.00 KIPS (70.92 KIPS)
7000000
8000000
** Heartbeat for core[00]:        insts:20000000    cycles:18414856   (736594200) seconds:190   -- 1.10 IPC (1.09 IPC) -- 102.04 KIPS (105.26 KIPS)
** Heartbeat for core[00]:  Thread:0      insts:20000000    cycles:18414856   (736594200) seconds:190   -- 1.10 IPC (1.09 IPC) -- 102.04 KIPS (105.26 KIPS)
9000000
10000000
11000000
** Heartbeat for core[01]:        insts:20000000    cycles:27151070   (1086042760) seconds:284   -- 0.75 IPC (0.74 IPC) -- 69.93 KIPS (70.42 KIPS)
** Heartbeat for core[01]:  Thread:0      insts:20000000    cycles:27151070   (1086042760) seconds:284   -- 0.75 IPC (0.74 IPC) -- 69.93 KIPS (70.42 KIPS)
** Heartbeat for core[00]:        insts:30000000    cycles:27386110   (1095444360) seconds:286   -- 1.11 IPC (1.10 IPC) -- 104.17 KIPS (104.90 KIPS)
** Heartbeat for core[00]:  Thread:0      insts:30000000    cycles:27386110   (1095444360) seconds:286   -- 1.11 IPC (1.10 IPC) -- 104.17 KIPS (104.90 KIPS)
12000000
13000000
14000000
15000000
** Heartbeat for core[00]:        insts:40000000    cycles:36337984   (1453519320) seconds:387   -- 1.12 IPC (1.10 IPC) -- 99.01 KIPS (103.36 KIPS)
** Heartbeat for core[00]:  Thread:0      insts:40000000    cycles:36337984   (1453519320) seconds:387   -- 1.12 IPC (1.10 IPC) -- 99.01 KIPS (103.36 KIPS)
16000000
17000000
** Heartbeat for core[01]:        insts:30000000    cycles:40425222   (1617008840) seconds:435   -- 0.75 IPC (0.74 IPC) -- 66.23 KIPS (68.97 KIPS)
** Heartbeat for core[01]:  Thread:0      insts:30000000    cycles:40425222   (1617008840) seconds:435   -- 0.75 IPC (0.74 IPC) -- 66.23 KIPS (68.97 KIPS)
18000000
19000000
** Heartbeat for core[00]:        insts:50000000    cycles:45365708   (1814628280) seconds:493   -- 1.11 IPC (1.10 IPC) -- 94.34 KIPS (101.42 KIPS)
** Heartbeat for core[00]:  Thread:0      insts:50000000    cycles:45365708   (1814628280) seconds:493   -- 1.11 IPC (1.10 IPC) -- 94.34 KIPS (101.42 KIPS)
20000000
21000000
22000000
23000000
24000000
** Heartbeat for core[00]:        insts:60000000    cycles:55326255   (2213050160) seconds:597   -- 1.00 IPC (1.08 IPC) -- 96.15 KIPS (100.50 KIPS)
** Heartbeat for core[00]:  Thread:0      insts:60000000    cycles:55326255   (2213050160) seconds:597   -- 1.00 IPC (1.08 IPC) -- 96.15 KIPS (100.50 KIPS)
** Heartbeat for core[01]:        insts:40000000    cycles:56026532   (2241061240) seconds:604   -- 0.64 IPC (0.71 IPC) -- 59.17 KIPS (66.23 KIPS)
** Heartbeat for core[01]:  Thread:0      insts:40000000    cycles:56026532   (2241061240) seconds:604   -- 0.64 IPC (0.71 IPC) -- 59.17 KIPS (66.23 KIPS)
25000000
26000000
27000000
28000000
29000000
30000000
30000000: 30m cycle
total access:[34756]
0:48:0.120021
total access:[88484]
1:1023:0.00419738
31000000
** Heartbeat for core[01]:        insts:50000000    cycles:73479789   (2939191520) seconds:778   -- 0.57 IPC (0.68 IPC) -- 57.47 KIPS (64.27 KIPS)
** Heartbeat for core[01]:  Thread:0      insts:50000000    cycles:73479789   (2939191520) seconds:778   -- 0.57 IPC (0.68 IPC) -- 57.47 KIPS (64.27 KIPS)
32000000
33000000
34000000
** Heartbeat for core[00]:        insts:70000000    cycles:79856309   (3194252320) seconds:843   -- 0.41 IPC (0.88 IPC) -- 40.65 KIPS (83.04 KIPS)
** Heartbeat for core[00]:  Thread:0      insts:70000000    cycles:79856309   (3194252320) seconds:843   -- 0.41 IPC (0.88 IPC) -- 40.65 KIPS (83.04 KIPS)
35000000
36000000
37000000
38000000
39000000
** Heartbeat for core[01]:        insts:60000000    cycles:90929082   (3637163240) seconds:959   -- 0.57 IPC (0.66 IPC) -- 55.25 KIPS (62.57 KIPS)
** Heartbeat for core[01]:  Thread:0      insts:60000000    cycles:90929082   (3637163240) seconds:959   -- 0.57 IPC (0.66 IPC) -- 55.25 KIPS (62.57 KIPS)
40000000
41000000
42000000
43000000
44000000
45000000
** Heartbeat for core[00]:        insts:80000000    cycles:105004924  (4200196920) seconds:1110  -- 0.40 IPC (0.76 IPC) -- 37.45 KIPS (72.07 KIPS)
** Heartbeat for core[00]:  Thread:0      insts:80000000    cycles:105004924  (4200196920) seconds:1110  -- 0.40 IPC (0.76 IPC) -- 37.45 KIPS (72.07 KIPS)
46000000
**Core 00 Core_Total  Finished:   insts:80955826    cycles:107374184  (4294967320) seconds:1136  -- 0.75 IPC (0.75 IPC) --  N/A  KHz (71.26 KHz)
**Core 00 Thread 00 Finished:   insts:80955826    cycles:107374184  (4294967320)  seconds:1136  -- 0.75 IPC (0.75 IPC) --  N/A  KHz (71.26 KHz) 
**Core 01 Core_Total  Finished:   insts:69411819    cycles:107374184  (4294967320) seconds:1136  -- 0.65 IPC (0.65 IPC) --  N/A  KHz (61.10 KHz)
**Core 01 Thread 00 Finished:   insts:69411819    cycles:107374184  (4294967320)  seconds:1136  -- 0.65 IPC (0.65 IPC) --  N/A  KHz (61.10 KHz) 
src/macsim.cc:617: (I=80955826  C=4294967361):  finalize simulation
src/macsim.cc:623: (I=80955826  C=4294967361):  elapsed time:1135.9 seconds
Done
