####################################################################################################
Interval
####################################################################################################
Cumulative:         Cycles:                  20000     Instructions:                  1200
DRAM_PRECHARGE                                               4987                          4987

DRAM_ACTIVATE                                                4995                          4995

DRAM_COLUMN                                                 48834                         48834

DRAM_AVG_LATENCY_BASE                                       48834                         48834

DRAM_AVG_LATENCY                                          1653923                       33.8683

BANDWIDTH_TOT                                             3125376                       3125376

DRAM_CHANNEL0_BANDWIDTH_SATURATED                            2892                          2892

DRAM_CHANNEL1_BANDWIDTH_SATURATED                            2667                          2667

DRAM_CHANNEL2_BANDWIDTH_SATURATED                               0                             0

DRAM_CHANNEL3_BANDWIDTH_SATURATED                               0                             0

DRAM_CHANNEL4_BANDWIDTH_SATURATED                               0                             0

DRAM_CHANNEL5_BANDWIDTH_SATURATED                               0                             0

DRAM_CHANNEL6_BANDWIDTH_SATURATED                               0                             0

DRAM_CHANNEL7_BANDWIDTH_SATURATED                               0                             0

DRAM_CHANNEL0_DBUS_IDLE                                  37149551                      37149551

DRAM_CHANNEL1_DBUS_IDLE                                  37154863                      37154863

DRAM_CHANNEL2_DBUS_IDLE                                         0                             0

DRAM_CHANNEL3_DBUS_IDLE                                         0                             0

DRAM_CHANNEL4_DBUS_IDLE                                         0                             0

DRAM_CHANNEL5_DBUS_IDLE                                         0                             0

DRAM_CHANNEL6_DBUS_IDLE                                         0                             0

DRAM_CHANNEL7_DBUS_IDLE                                         0                             0

