####################################################################################################
Interval
####################################################################################################
Cumulative:         Cycles:                  20000     Instructions:                  1200
POWER_L3CACHE_LINEFILL_BUF_R                                48539                         48539

POWER_L3CACHE_LINEFILL_BUF_W                                48539                         48539

POWER_L3CACHE_LINEFILL_BUF_R_TAG                            48539                         48539

POWER_L3CACHE_WB_BUF_R                                        295                           295

POWER_L3CACHE_WB_BUF_W                                        295                           295

POWER_L3CACHE_WB_BUF_R_TAG                                    295                           295

POWER_L3CACHE_R                                           1125943                       1125943

POWER_L3CACHE_W                                             48539                         48539

POWER_L3CACHE_R_TAG                                       1174482                       1174482

POWER_MC_R                                               11287620                      11287620

POWER_MC_W                                                  48834                         48834

POWER_BLOCK_STATES_R_CORE_0                             107374184                     107374184

POWER_BLOCK_STATES_W_CORE_0                             107374184                     107374184

POWER_FETCH_QUEUE_R_CORE_0                              121136568                     121136568

POWER_FETCH_QUEUE_W_CORE_0                              121136568                     121136568

POWER_INST_QUEUE_R_CORE_0                               204514196                     204514196

POWER_INST_QUEUE_W_CORE_0                               121136568                     121136568

POWER_BR_PRED_R_CORE_0                                   10112814                      10112814

POWER_BR_PRED_W_CORE_0                                    8220401                       8220401

POWER_RAS_R_CORE_0                                        2534639                       2534639

POWER_RAS_W_CORE_0                                        2529314                       2529314

POWER_ICACHE_R_CORE_0                                    30284142                      30284142

POWER_ICACHE_W_CORE_0                                        1405                          1405

POWER_ICACHE_R_TAG_CORE_0                                30285547                      30285547

POWER_ICACHE_MISS_BUF_R_CORE_0                               2810                          2810

POWER_ICACHE_MISS_BUF_W_CORE_0                               2810                          2810

POWER_ICACHE_MISS_BUF_R_TAG_CORE_0                           1405                          1405

POWER_ICACHE_MISS_BUF_W_TAG_CORE_0                              0                             0

POWER_ICACHE_TOT_ACC_CORE_0                                     0                             0

POWER_ICACHE_CONF_CORE_0                                        0                             0

POWER_INST_DECODER_R_CORE_0                              89359651                      89359651

POWER_INST_DECODER_W_CORE_0                                     0                             0

POWER_MICRO_OP_SEQ_R_CORE_0                                     0                             0

POWER_MICRO_OP_SEQ_W_CORE_0                                     0                             0

POWER_OPERAND_DECODER_R_CORE_0                           89359651                      89359651

POWER_OPERAND_DECODER_W_CORE_0                                  0                             0

POWER_UOP_QUEUE_R_CORE_0                                204514196                     204514196

POWER_UOP_QUEUE_W_CORE_0                                121136568                     121136568

POWER_REG_RENAMING_TABLE_R_CORE_0                       204514196                     204514196

POWER_REG_RENAMING_TABLE_W_CORE_0                       121136568                     121136568

POWER_DEP_CHECK_LOGIC_R_CORE_0                          121136568                     121136568

POWER_FREELIST_R_CORE_0                                 204514196                     204514196

POWER_FREELIST_W_CORE_0                                 121136568                     121136568

POWER_RESERVATION_STATION_R_CORE_0                      121139729                     121139729

POWER_RESERVATION_STATION_W_CORE_0                      121136567                     121136567

POWER_RESERVATION_STATION_R_TAG_CORE_0                  121139729                     121139729

POWER_RESERVATION_STATION_W_TAG_CORE_0                          0                             0

POWER_INST_ISSUE_SEL_LOGIC_R_CORE_0                     121139729                     121139729

POWER_INST_ISSUE_SEL_LOGIC_W_CORE_0                     121136547                     121136547

POWER_PAYLOAD_RAM_R_CORE_0                              121139729                     121139729

POWER_PAYLOAD_RAM_W_CORE_0                              121136547                     121136547

POWER_EX_ALU_R_CORE_0                                    69634263                      69634263

POWER_EX_FPU_R_CORE_0                                     7004467                       7004467

POWER_EX_MUL_R_CORE_0                                     2240686                       2240686

POWER_EX_SFU_R_CORE_0                                           0                             0

POWER_REORDER_BUF_R_CORE_0                              121136516                     121136516

POWER_REORDER_BUF_W_CORE_0                              242273136                     242273136

POWER_INST_COMMIT_SEL_LOGIC_R_CORE_0                    121136516                     121136516

POWER_INST_COMMIT_SEL_LOGIC_W_CORE_0                    121136568                     121136568

POWER_FP_RENAME_R_CORE_0                                 39090659                      39090659

POWER_FP_RENAME_W_CORE_0                                        0                             0

POWER_LOAD_QUEUE_R_CORE_0                                32198624                      32198624

POWER_LOAD_QUEUE_W_CORE_0                                32198624                      32198624

POWER_LOAD_QUEUE_R_TAG_CORE_0                            32198624                      32198624

POWER_LOAD_QUEUE_W_TAG_CORE_0                                   0                             0

POWER_STORE_QUEUE_R_CORE_0                               10061689                      10061689

POWER_STORE_QUEUE_W_CORE_0                               10061689                      10061689

POWER_STORE_QUEUE_R_TAG_CORE_0                           10061689                      10061689

POWER_STORE_QUEUE_W_TAG_CORE_0                                  0                             0

POWER_DATA_TLB_R_CORE_0                                  32198624                      32198624

POWER_DATA_TLB_W_CORE_0                                         0                             0

POWER_DATA_TLB_R_TAG_CORE_0                                     0                             0

POWER_DATA_TLB_W_TAG_CORE_0                                     0                             0

POWER_INT_REGFILE_R_CORE_0                              186007029                     186007029

POWER_INT_REGFILE_W_CORE_0                              114132080                     114132080

POWER_FP_REGFILE_R_CORE_0                                10462542                      10462542

POWER_FP_REGFILE_W_CORE_0                                 7004467                       7004467

POWER_GP_REGISTER_R_CORE_0                              186007029                     186007029

POWER_GP_REGISTER_W_CORE_0                              114132080                     114132080

POWER_FP_REGISTER_R_CORE_0                               14008934                      14008934

POWER_FP_REGISTER_W_CORE_0                                7004467                       7004467

POWER_SEGMENT_REGISTER_R_CORE_0                          42257131                      42257131

POWER_SEGMENT_REGISTER_W_CORE_0                          84343772                      84343772

POWER_CONTROL_REGISTER_R_CORE_0                                 0                             0

POWER_CONTROL_REGISTER_W_CORE_0                           9980608                       9980608

POWER_FLAG_REGISTER_R_CORE_0                                    0                             0

POWER_FLAG_REGISTER_W_CORE_0                                    0                             0

POWER_EXEC_BYPASS_CORE_0                                121136547                     121136547

POWER_LOAD_BYPASS_CORE_0                                   894219                        894219

POWER_PIPELINE_CORE_0                                    89359617                      89359617

POWER_DCACHE_MISS_BUF_R_CORE_0                             891409                        891409

POWER_DCACHE_MISS_BUF_R_TAG_CORE_0                         986853                        986853

POWER_DCACHE_MISS_BUF_W_CORE_0                             986853                        986853

POWER_DCACHE_MISS_BUF_W_TAG_CORE_0                              0                             0

POWER_DCACHE_LINEFILL_BUF_R_CORE_0                              0                             0

POWER_L2CACHE_LINEFILL_BUF_R_CORE_0                        553840                        553840

POWER_DCACHE_LINEFILL_BUF_W_CORE_0                              0                             0

POWER_L2CACHE_LINEFILL_BUF_W_CORE_0                        515377                        515377

POWER_DCACHE_LINEFILL_BUF_R_TAG_CORE_0                          0                             0

POWER_L2CACHE_LINEFILL_BUF_R_TAG_CORE_0                    622108                        622108

POWER_DCACHE_LINEFILL_BUF_W_TAG_CORE_0                          0                             0

POWER_DCACHE_WB_BUF_R_CORE_0                                68268                         68268

POWER_L2CACHE_WB_BUF_R_CORE_0                                   0                             0

POWER_DCACHE_WB_BUF_W_CORE_0                                68268                         68268

POWER_L2CACHE_WB_BUF_W_CORE_0                                   0                             0

POWER_DCACHE_WB_BUF_R_TAG_CORE_0                           136536                        136536

POWER_L2CACHE_WB_BUF_R_TAG_CORE_0                               0                             0

POWER_DCACHE_WB_BUF_W_TAG_CORE_0                                0                             0

POWER_DCACHE_R_CORE_0                                    41270278                      41270278

POWER_L2CACHE_R_CORE_0                                          0                             0

POWER_DCACHE_W_CORE_0                                      445704                        445704

POWER_L2CACHE_W_CORE_0                                          0                             0

POWER_DCACHE_R_TAG_CORE_0                                42257131                      42257131

POWER_L2CACHE_R_TAG_CORE_0                                      0                             0

POWER_CONST_CACHE_R_CORE_0                                      0                             0

POWER_CONST_CACHE_W_CORE_0                                      0                             0

POWER_CONST_CACHE_R_TAG_CORE_0                                  0                             0

POWER_CONST_CACHE_W_TAG_CORE_0                                  0                             0

POWER_TEXTURE_CACHE_R_CORE_0                                    0                             0

POWER_TEXTURE_CACHE_W_CORE_0                                    0                             0

POWER_TEXTURE_CACHE_R_TAG_CORE_0                                0                             0

POWER_TEXTURE_CACHE_W_TAG_CORE_0                                0                             0

POWER_SHARED_MEM_R_CORE_0                                       0                             0

POWER_SHARED_MEM_W_CORE_0                                       0                             0

POWER_SHARED_MEM_R_TAG_CORE_0                                   0                             0

POWER_SHARED_MEM_W_TAG_CORE_0                                   0                             0

POWER_BLOCK_STATES_R_CORE_1                             107374184                     107374184

POWER_BLOCK_STATES_W_CORE_1                             107374184                     107374184

POWER_FETCH_QUEUE_R_CORE_1                              158870620                     158870620

POWER_FETCH_QUEUE_W_CORE_1                              158870620                     158870620

POWER_INST_QUEUE_R_CORE_1                               328271188                     328271188

POWER_INST_QUEUE_W_CORE_1                               158870368                     158870368

POWER_BR_PRED_R_CORE_1                                   11791311                      11791311

POWER_BR_PRED_W_CORE_1                                   11789752                      11789752

POWER_RAS_R_CORE_1                                           1109                          1109

POWER_RAS_W_CORE_1                                            831                           831

POWER_ICACHE_R_CORE_1                                    39717655                      39717655

POWER_ICACHE_W_CORE_1                                         567                           567

POWER_ICACHE_R_TAG_CORE_1                                39718222                      39718222

POWER_ICACHE_MISS_BUF_R_CORE_1                               1134                          1134

POWER_ICACHE_MISS_BUF_W_CORE_1                               1134                          1134

POWER_ICACHE_MISS_BUF_R_TAG_CORE_1                            567                           567

POWER_ICACHE_MISS_BUF_W_TAG_CORE_1                              0                             0

POWER_ICACHE_TOT_ACC_CORE_1                                     0                             0

POWER_ICACHE_CONF_CORE_1                                        0                             0

POWER_INST_DECODER_R_CORE_1                             111776910                     111776910

POWER_INST_DECODER_W_CORE_1                                     0                             0

POWER_MICRO_OP_SEQ_R_CORE_1                                     0                             0

POWER_MICRO_OP_SEQ_W_CORE_1                                     0                             0

POWER_OPERAND_DECODER_R_CORE_1                          111776910                     111776910

POWER_OPERAND_DECODER_W_CORE_1                                  0                             0

POWER_UOP_QUEUE_R_CORE_1                                328271188                     328271188

POWER_UOP_QUEUE_W_CORE_1                                158870368                     158870368

POWER_REG_RENAMING_TABLE_R_CORE_1                       328271188                     328271188

POWER_REG_RENAMING_TABLE_W_CORE_1                       158870368                     158870368

POWER_DEP_CHECK_LOGIC_R_CORE_1                          158870620                     158870620

POWER_FREELIST_R_CORE_1                                 328271188                     328271188

POWER_FREELIST_W_CORE_1                                 158870368                     158870368

POWER_RESERVATION_STATION_R_CORE_1                      159012353                     159012353

POWER_RESERVATION_STATION_W_CORE_1                      158870368                     158870368

POWER_RESERVATION_STATION_R_TAG_CORE_1                  159012353                     159012353

POWER_RESERVATION_STATION_W_TAG_CORE_1                          0                             0

POWER_INST_ISSUE_SEL_LOGIC_R_CORE_1                     159012353                     159012353

POWER_INST_ISSUE_SEL_LOGIC_W_CORE_1                     158870355                     158870355

POWER_PAYLOAD_RAM_R_CORE_1                              159012353                     159012353

POWER_PAYLOAD_RAM_W_CORE_1                              158870355                     158870355

POWER_EX_ALU_R_CORE_1                                    88251203                      88251203

POWER_EX_FPU_R_CORE_1                                          51                            51

POWER_EX_MUL_R_CORE_1                                         400                           400

POWER_EX_SFU_R_CORE_1                                           0                             0

POWER_REORDER_BUF_R_CORE_1                              158870188                     158870188

POWER_REORDER_BUF_W_CORE_1                              317740736                     317740736

POWER_INST_COMMIT_SEL_LOGIC_R_CORE_1                    158870188                     158870188

POWER_INST_COMMIT_SEL_LOGIC_W_CORE_1                    158870368                     158870368

POWER_FP_RENAME_R_CORE_1                                       68                            68

POWER_FP_RENAME_W_CORE_1                                        0                             0

POWER_LOAD_QUEUE_R_CORE_1                                52856060                      52856060

POWER_LOAD_QUEUE_W_CORE_1                                52856060                      52856060

POWER_LOAD_QUEUE_R_TAG_CORE_1                            52856060                      52856060

POWER_LOAD_QUEUE_W_TAG_CORE_1                                   0                             0

POWER_STORE_QUEUE_R_CORE_1                               17904639                      17904639

POWER_STORE_QUEUE_W_CORE_1                               17904639                      17904639

POWER_STORE_QUEUE_R_TAG_CORE_1                           17904639                      17904639

POWER_STORE_QUEUE_W_TAG_CORE_1                                  0                             0

POWER_DATA_TLB_R_CORE_1                                  52856060                      52856060

POWER_DATA_TLB_W_CORE_1                                         0                             0

POWER_DATA_TLB_R_TAG_CORE_1                                     0                             0

POWER_DATA_TLB_W_TAG_CORE_1                                     0                             0

POWER_INT_REGFILE_R_CORE_1                              247121907                     247121907

POWER_INT_REGFILE_W_CORE_1                              158870304                     158870304

POWER_FP_REGFILE_R_CORE_1                                     102                           102

POWER_FP_REGFILE_W_CORE_1                                      51                            51

POWER_GP_REGISTER_R_CORE_1                              247121907                     247121907

POWER_GP_REGISTER_W_CORE_1                              158870304                     158870304

POWER_FP_REGISTER_R_CORE_1                                    102                           102

POWER_FP_REGISTER_W_CORE_1                                     51                            51

POWER_SEGMENT_REGISTER_R_CORE_1                          70618701                      70618701

POWER_SEGMENT_REGISTER_W_CORE_1                         129475572                     129475572

POWER_CONTROL_REGISTER_R_CORE_1                                 0                             0

POWER_CONTROL_REGISTER_W_CORE_1                          11770389                      11770389

POWER_FLAG_REGISTER_R_CORE_1                                    0                             0

POWER_FLAG_REGISTER_W_CORE_1                                    0                             0

POWER_EXEC_BYPASS_CORE_1                                158870355                     158870355

POWER_LOAD_BYPASS_CORE_1                                  1454746                       1454746

POWER_PIPELINE_CORE_1                                   111776602                     111776602

POWER_DCACHE_MISS_BUF_R_CORE_1                            1453612                       1453612

POWER_DCACHE_MISS_BUF_R_TAG_CORE_1                       10249961                      10249961

POWER_DCACHE_MISS_BUF_W_CORE_1                           10249961                      10249961

POWER_DCACHE_MISS_BUF_W_TAG_CORE_1                              0                             0

POWER_DCACHE_LINEFILL_BUF_R_CORE_1                              0                             0

POWER_L2CACHE_LINEFILL_BUF_R_CORE_1                       3150842                       3150842

POWER_DCACHE_LINEFILL_BUF_W_CORE_1                              0                             0

POWER_L2CACHE_LINEFILL_BUF_W_CORE_1                        979716                        979716

POWER_DCACHE_LINEFILL_BUF_R_TAG_CORE_1                          0                             0

POWER_L2CACHE_LINEFILL_BUF_R_TAG_CORE_1                   3403186                       3403186

POWER_DCACHE_LINEFILL_BUF_W_TAG_CORE_1                          0                             0

POWER_DCACHE_WB_BUF_R_CORE_1                               252344                        252344

POWER_L2CACHE_WB_BUF_R_CORE_1                                   0                             0

POWER_DCACHE_WB_BUF_W_CORE_1                               252344                        252344

POWER_L2CACHE_WB_BUF_W_CORE_1                                   0                             0

POWER_DCACHE_WB_BUF_R_TAG_CORE_1                           504688                        504688

POWER_L2CACHE_WB_BUF_R_TAG_CORE_1                               0                             0

POWER_DCACHE_WB_BUF_W_TAG_CORE_1                                0                             0

POWER_DCACHE_R_CORE_1                                    60368740                      60368740

POWER_L2CACHE_R_CORE_1                                          0                             0

POWER_DCACHE_W_CORE_1                                      726805                        726805

POWER_L2CACHE_W_CORE_1                                          0                             0

POWER_DCACHE_R_TAG_CORE_1                                70618701                      70618701

POWER_L2CACHE_R_TAG_CORE_1                                      0                             0

POWER_CONST_CACHE_R_CORE_1                                      0                             0

POWER_CONST_CACHE_W_CORE_1                                      0                             0

POWER_CONST_CACHE_R_TAG_CORE_1                                  0                             0

POWER_CONST_CACHE_W_TAG_CORE_1                                  0                             0

POWER_TEXTURE_CACHE_R_CORE_1                                    0                             0

POWER_TEXTURE_CACHE_W_CORE_1                                    0                             0

POWER_TEXTURE_CACHE_R_TAG_CORE_1                                0                             0

POWER_TEXTURE_CACHE_W_TAG_CORE_1                                0                             0

POWER_SHARED_MEM_R_CORE_1                                       0                             0

POWER_SHARED_MEM_W_CORE_1                                       0                             0

POWER_SHARED_MEM_R_TAG_CORE_1                                   0                             0

POWER_SHARED_MEM_W_TAG_CORE_1                                   0                             0

