####################################################################################################
Interval
####################################################################################################
Cumulative:         Cycles:                  20000     Instructions:                  1200
DRAM_PRECHARGE                                              39336                         39336

DRAM_ACTIVATE                                               39344                         39344

DRAM_COLUMN                                                491169                        491169

DRAM_AVG_LATENCY_BASE                                      491168                        491168

DRAM_AVG_LATENCY                                         12270545                       24.9824

BANDWIDTH_TOT                                            31434816                      31434816

DRAM_CHANNEL0_BANDWIDTH_SATURATED                            7049                          7049

DRAM_CHANNEL1_BANDWIDTH_SATURATED                            6216                          6216

DRAM_CHANNEL2_BANDWIDTH_SATURATED                               0                             0

DRAM_CHANNEL3_BANDWIDTH_SATURATED                               0                             0

DRAM_CHANNEL4_BANDWIDTH_SATURATED                               0                             0

DRAM_CHANNEL5_BANDWIDTH_SATURATED                               0                             0

DRAM_CHANNEL6_BANDWIDTH_SATURATED                               0                             0

DRAM_CHANNEL7_BANDWIDTH_SATURATED                               0                             0

DRAM_CHANNEL0_DBUS_IDLE                                  35380310                      35380310

DRAM_CHANNEL1_DBUS_IDLE                                  35385431                      35385431

DRAM_CHANNEL2_DBUS_IDLE                                         0                             0

DRAM_CHANNEL3_DBUS_IDLE                                         0                             0

DRAM_CHANNEL4_DBUS_IDLE                                         0                             0

DRAM_CHANNEL5_DBUS_IDLE                                         0                             0

DRAM_CHANNEL6_DBUS_IDLE                                         0                             0

DRAM_CHANNEL7_DBUS_IDLE                                         0                             0

