####################################################################################################
Interval
####################################################################################################
Cumulative:         Cycles:                  20000     Instructions:                  1200
AVG_MEMORY_LATENCY_BASE                                   8501627                       8501627

AVG_MEMORY_LATENCY                                      545370915                        64.149

MSHR_FULL                                                       0                             0

TOTAL_MEMORY                                              8220799                       8220799

TOTAL_MEMORY_MERGE                                        7034081                      0.855644

TOTAL_WB                                                   280842                     0.0341624

L1_WB                                                      280830                      0.999957

L2_WB                                                           0                             0

L3_WB                                                          12                   4.27287e-05

TOTAL_DRAM                                                 491169                        491169

TOTAL_DRAM_MERGE                                                0                             0

L1_HIT_CPU                                               71701541                      71701541

L1_HIT_GPU                                                      0                             0

L1_MISS_CPU                                               8220135                       8220135

L1_MISS_GPU                                                     0                             0

L2_HIT_CPU                                                      0                             0

L2_HIT_GPU                                                      0                             0

L2_MISS_CPU                                               1186717                       1186717

L2_MISS_GPU                                                     0                             0

L3_HIT_CPU                                                 695560                        695560

L3_HIT_GPU                                                      0                             0

L3_MISS_CPU                                                491157                        491157

L3_MISS_GPU                                                     0                             0

L3_HIT_PROMOTION_CPU                                            0                             0

L3_HIT_PROMOTION_GPU                                            0                             0

FETCH_THREAD_SKIP_LD_WAIT                                       0                             0

FETCH_THREAD_SKIP_BR_WAIT                                       0                             0

FETCH_THREAD_SKIP_SCHED_WAIT                                    0                             0

NUM_MUL_TRANS_CM_TM_DM_INST                                     0                             0

NUM_MUL_TRANS_CM_TM_DM                                          0                           NaN

CONST_CACHE_HIT                                                 0                             0

CONST_CACHE_MISS                                                0                             0

CONST_CACHE_MISS_NO_EXECUTE                                     0                             0

CONST_CACHE_ACCESS                                              0                             0

TEXTURE_CACHE_HIT                                               0                             0

TEXTURE_CACHE_MISS                                              0                             0

TEXTURE_CACHE_NO_EXECUTE                                        0                             0

TEXTURE_CACHE_ACCESS                                            0                             0

SHARED_MEM_INST                                                 0                             0

SHARED_MEM_ACCESS                                               0                             0

CACHE_BANK_BUSY                                           7555175                       7555175

ICACHE_MISS_TOTAL                                             664                           664

TOTAL_CAGE_PERIOD                                               0                             0

TOTAL_CAGE_APPL0                                                0                           NaN

TOTAL_CAGE_APPL1                                                0                           NaN

TOTAL_CAGE_APPL2                                                0                           NaN

TOTAL_CAGE_APPL3                                                0                           NaN

TOTAL_CAGE_APPL4                                                0                           NaN

ABIP_AVG_RATIO_BASE                                             0                             0

ABIP_AVG_RATIO                                                  0                           NaN

TOTAL_WRITE_ACKS                                                0                             0

TOTAL_WRITES                                                    0                             0

NUM_PHYSICAL_PAGES                                              0                             0

COAL_INST                                                       0                          NaN 
UNCOAL_INST                                                     0                          NaN 
                                                                0                           100%

COAL_INST_SINGLE_TRANS                                          0                          NaN 
COAL_INST_MUL_TRANS                                             0                          NaN 
UNCOAL_INST_MUL_TRANS                                           0                          NaN 
                                                                0                           100%

SM_COAL_INST                                                    0                          NaN 
CM_COAL_INST                                                    0                          NaN 
TM_COAL_INST                                                    0                          NaN 
DM_COAL_INST                                                    0                          NaN 
                                                                0                           100%

SM_UNCOAL_INST                                                  0                          NaN 
CM_UNCOAL_INST                                                  0                          NaN 
TM_UNCOAL_INST                                                  0                          NaN 
DM_UNCOAL_INST                                                  0                          NaN 
                                                                0                           100%

SM_COAL_INST_SINGLE_TRANS                                       0                          NaN 
CM_COAL_INST_SINGLE_TRANS                                       0                          NaN 
TM_COAL_INST_SINGLE_TRANS                                       0                          NaN 
DM_COAL_INST_SINGLE_TRANS                                       0                          NaN 
                                                                0                           100%

SM_COAL_INST_MUL_TRANS                                          0                          NaN 
CM_COAL_INST_MUL_TRANS                                          0                          NaN 
TM_COAL_INST_MUL_TRANS                                          0                          NaN 
DM_COAL_INST_MUL_TRANS                                          0                          NaN 
                                                                0                           100%

LD_NO_FORWARD                                            33459202                       54.2268%
FORWARDED_LD                                             28243131                       45.7732%
                                                         61702333                           100%

L3_TOT_ACCESS_CORE_CORE_0                                  714125                        714125

L3_HIT_CORE_CORE_0                                         675643                        675643

L3_MISS_CORE_CORE_0                                         38482                         38482

L3_HIT_RATE_CORE_CORE_0                                    675643                      0.946113

L3_MISS_RATE_CORE_CORE_0                                    38482                     0.0538869

L3_BYPASS_CORE_CORE_0                                           0                             0

MEM_STALL_CYCLE_CORE_0                                          0                             0

ICACHE_FILL_CORE_0                                            100                           100

NUM_WRITE_ACKS_CORE_0                                           0                             0

NUM_WRITES_CORE_0                                               0                             0

ICACHE_HIT_CORE_0                                        26066745                       99.9996%
ICACHE_MISS_CORE_0                                            100                   0.000383629%
                                                         26066845                           100%

L3_TOT_ACCESS_CORE_CORE_1                                  472592                        472592

L3_HIT_CORE_CORE_1                                          19917                         19917

L3_MISS_CORE_CORE_1                                        452675                        452675

L3_HIT_RATE_CORE_CORE_1                                     19917                     0.0421442

L3_MISS_RATE_CORE_CORE_1                                   452675                      0.957856

L3_BYPASS_CORE_CORE_1                                      435030                        435030

MEM_STALL_CYCLE_CORE_1                                          0                             0

ICACHE_FILL_CORE_1                                            564                           564

NUM_WRITE_ACKS_CORE_1                                           0                             0

NUM_WRITES_CORE_1                                               0                             0

ICACHE_HIT_CORE_1                                        24903475                       99.9977%
ICACHE_MISS_CORE_1                                            564                    0.00226469%
                                                         24904039                           100%

