####################################################################################################
Interval
####################################################################################################
Cumulative:         Cycles:                  20000     Instructions:                  1200
TOTAL_PACKET_CPU                                          3355758                       3355758

TOTAL_PACKET_GPU                                                0                             0

NOC_AVG_LATENCY_BASE                                      3355758                       3355758

NOC_AVG_LATENCY_BASE_CPU                                  3355758                       3355758

NOC_AVG_LATENCY_BASE_GPU                                        0                             0

NOC_AVG_LATENCY                                          36591659                       10.9041

NOC_AVG_LATENCY_CPU                                      36591659                       10.9041

NOC_AVG_LATENCY_GPU                                             0                           NaN

NOC_AVG_ACTIVE_PACKET_BASE                                3355758                       3355758

NOC_AVG_ACTIVE_PACKET_BASE_CPU                            3355758                       3355758

NOC_AVG_ACTIVE_PACKET_BASE_GPU                                  0                             0

NOC_AVG_ACTIVE_PACKET                                     5168110                       1.54007

NOC_AVG_ACTIVE_PACKET_CPU                                 5168110                       1.54007

NOC_AVG_ACTIVE_PACKET_GPU                                       0                           NaN

NOC_IDLE_CHANNEL                                                0                             0

NOC_IDLE_CHANNEL_CPU                                            0                             0

NOC_IDLE_CHANNEL_GPU                                            0                             0

NOC_IDLE_CHANNEL_L3                                             0                             0

NOC_IDLE_CHANNEL_MC                                             0                             0

NOC_AVG_WAIT_IN_ROUTER_BASE                               8139766                       8139766

NOC_AVG_WAIT_IN_ROUTER_BASE_CPU                           3087558                       3087558

NOC_AVG_WAIT_IN_ROUTER_BASE_GPU                                 0                             0

NOC_AVG_WAIT_IN_ROUTER_BASE_L3                            3355758                       3355758

NOC_AVG_WAIT_IN_ROUTER_BASE_MC                            1696450                       1696450

NOC_AVG_WAIT_IN_ROUTER                                   67221245                       8.25838

NOC_AVG_WAIT_IN_ROUTER_CPU                               24943811                       8.07882

NOC_AVG_WAIT_IN_ROUTER_GPU                                      0                           NaN

NOC_AVG_WAIT_IN_ROUTER_L3                                27023636                       8.05292

NOC_AVG_WAIT_IN_ROUTER_MC                                15253798                        8.9916

NOC_LINK_ACTIVE                                          14352044                      14352044

