####################################################################################################
Interval
####################################################################################################
Cumulative:         Cycles:                  20000     Instructions:                  1200
POWER_L3CACHE_LINEFILL_BUF_R                               491156                        491156

POWER_L3CACHE_LINEFILL_BUF_W                               491156                        491156

POWER_L3CACHE_LINEFILL_BUF_R_TAG                           491156                        491156

POWER_L3CACHE_WB_BUF_R                                         12                            12

POWER_L3CACHE_WB_BUF_W                                         12                            12

POWER_L3CACHE_WB_BUF_R_TAG                                     12                            12

POWER_L3CACHE_R                                            695560                        695560

POWER_L3CACHE_W                                             56126                         56126

POWER_L3CACHE_R_TAG                                       1186717                       1186717

POWER_MC_R                                                8711968                       8711968

POWER_MC_W                                                 491169                        491169

POWER_BLOCK_STATES_R_CORE_0                             107374184                     107374184

POWER_BLOCK_STATES_W_CORE_0                             107374184                     107374184

POWER_FETCH_QUEUE_R_CORE_0                              104266980                     104266980

POWER_FETCH_QUEUE_W_CORE_0                              104266980                     104266980

POWER_INST_QUEUE_R_CORE_0                               224551397                     224551397

POWER_INST_QUEUE_W_CORE_0                               104266920                     104266920

POWER_BR_PRED_R_CORE_0                                   11467135                      11467135

POWER_BR_PRED_W_CORE_0                                   11338333                      11338333

POWER_RAS_R_CORE_0                                         560020                        560020

POWER_RAS_W_CORE_0                                         534522                        534522

POWER_ICACHE_R_CORE_0                                    26066745                      26066745

POWER_ICACHE_W_CORE_0                                         100                           100

POWER_ICACHE_R_TAG_CORE_0                                26066845                      26066845

POWER_ICACHE_MISS_BUF_R_CORE_0                                200                           200

POWER_ICACHE_MISS_BUF_W_CORE_0                                200                           200

POWER_ICACHE_MISS_BUF_R_TAG_CORE_0                            100                           100

POWER_ICACHE_MISS_BUF_W_TAG_CORE_0                              0                             0

POWER_ICACHE_TOT_ACC_CORE_0                                     0                             0

POWER_ICACHE_CONF_CORE_0                                        0                             0

POWER_INST_DECODER_R_CORE_0                              81068657                      81068657

POWER_INST_DECODER_W_CORE_0                                     0                             0

POWER_MICRO_OP_SEQ_R_CORE_0                                     0                             0

POWER_MICRO_OP_SEQ_W_CORE_0                                     0                             0

POWER_OPERAND_DECODER_R_CORE_0                           81068657                      81068657

POWER_OPERAND_DECODER_W_CORE_0                                  0                             0

POWER_UOP_QUEUE_R_CORE_0                                224551397                     224551397

POWER_UOP_QUEUE_W_CORE_0                                104266920                     104266920

POWER_REG_RENAMING_TABLE_R_CORE_0                       224551397                     224551397

POWER_REG_RENAMING_TABLE_W_CORE_0                       104266920                     104266920

POWER_DEP_CHECK_LOGIC_R_CORE_0                          104266980                     104266980

POWER_FREELIST_R_CORE_0                                 224551397                     224551397

POWER_FREELIST_W_CORE_0                                 104266920                     104266920

POWER_RESERVATION_STATION_R_CORE_0                      104267389                     104267389

POWER_RESERVATION_STATION_W_CORE_0                      104266915                     104266915

POWER_RESERVATION_STATION_R_TAG_CORE_0                  104267389                     104267389

POWER_RESERVATION_STATION_W_TAG_CORE_0                          0                             0

POWER_INST_ISSUE_SEL_LOGIC_R_CORE_0                     104267389                     104267389

POWER_INST_ISSUE_SEL_LOGIC_W_CORE_0                     104266900                     104266900

POWER_PAYLOAD_RAM_R_CORE_0                              104267389                     104267389

POWER_PAYLOAD_RAM_W_CORE_0                              104266900                     104266900

POWER_EX_ALU_R_CORE_0                                    64196264                      64196264

POWER_EX_FPU_R_CORE_0                                       61509                         61509

POWER_EX_MUL_R_CORE_0                                     4323250                       4323250

POWER_EX_SFU_R_CORE_0                                           0                             0

POWER_REORDER_BUF_R_CORE_0                              104266893                     104266893

POWER_REORDER_BUF_W_CORE_0                              208533840                     208533840

POWER_INST_COMMIT_SEL_LOGIC_R_CORE_0                    104266893                     104266893

POWER_INST_COMMIT_SEL_LOGIC_W_CORE_0                    104266920                     104266920

POWER_FP_RENAME_R_CORE_0                                   149426                        149426

POWER_FP_RENAME_W_CORE_0                                        0                             0

POWER_LOAD_QUEUE_R_CORE_0                                28527794                      28527794

POWER_LOAD_QUEUE_W_CORE_0                                28527794                      28527794

POWER_LOAD_QUEUE_R_TAG_CORE_0                            28527794                      28527794

POWER_LOAD_QUEUE_W_TAG_CORE_0                                   0                             0

POWER_STORE_QUEUE_R_CORE_0                                7158572                       7158572

POWER_STORE_QUEUE_W_CORE_0                                7158572                       7158572

POWER_STORE_QUEUE_R_TAG_CORE_0                            7158572                       7158572

POWER_STORE_QUEUE_W_TAG_CORE_0                                  0                             0

POWER_DATA_TLB_R_CORE_0                                  28527794                      28527794

POWER_DATA_TLB_W_CORE_0                                         0                             0

POWER_DATA_TLB_R_TAG_CORE_0                                     0                             0

POWER_DATA_TLB_W_TAG_CORE_0                                     0                             0

POWER_INT_REGFILE_R_CORE_0                              172724905                     172724905

POWER_INT_REGFILE_W_CORE_0                              104205391                     104205391

POWER_FP_REGFILE_R_CORE_0                                  119931                        119931

POWER_FP_REGFILE_W_CORE_0                                   61509                         61509

POWER_GP_REGISTER_R_CORE_0                              172724905                     172724905

POWER_GP_REGISTER_W_CORE_0                              104205391                     104205391

POWER_FP_REGISTER_R_CORE_0                                 123018                        123018

POWER_FP_REGISTER_W_CORE_0                                  61509                         61509

POWER_SEGMENT_REGISTER_R_CORE_0                          35685877                      35685877

POWER_SEGMENT_REGISTER_W_CORE_0                          70121160                      70121160

POWER_CONTROL_REGISTER_R_CORE_0                                 0                             0

POWER_CONTROL_REGISTER_W_CORE_0                           2025061                       2025061

POWER_FLAG_REGISTER_R_CORE_0                                    0                             0

POWER_FLAG_REGISTER_W_CORE_0                                    0                             0

POWER_EXEC_BYPASS_CORE_0                                104266900                     104266900

POWER_LOAD_BYPASS_CORE_0                                  1428250                       1428250

POWER_PIPELINE_CORE_0                                    81068589                      81068589

POWER_DCACHE_MISS_BUF_R_CORE_0                            1428050                       1428050

POWER_DCACHE_MISS_BUF_R_TAG_CORE_0                        1657166                       1657166

POWER_DCACHE_MISS_BUF_W_CORE_0                            1657166                       1657166

POWER_DCACHE_MISS_BUF_W_TAG_CORE_0                              0                             0

POWER_DCACHE_LINEFILL_BUF_R_CORE_0                              0                             0

POWER_L2CACHE_LINEFILL_BUF_R_CORE_0                        948833                        948833

POWER_DCACHE_LINEFILL_BUF_W_CORE_0                              0                             0

POWER_L2CACHE_LINEFILL_BUF_W_CORE_0                        932242                        932242

POWER_DCACHE_LINEFILL_BUF_R_TAG_CORE_0                          0                             0

POWER_L2CACHE_LINEFILL_BUF_R_TAG_CORE_0                   1166950                       1166950

POWER_DCACHE_LINEFILL_BUF_W_TAG_CORE_0                          0                             0

POWER_DCACHE_WB_BUF_R_CORE_0                               218117                        218117

POWER_L2CACHE_WB_BUF_R_CORE_0                                   0                             0

POWER_DCACHE_WB_BUF_W_CORE_0                               218117                        218117

POWER_L2CACHE_WB_BUF_W_CORE_0                                   0                             0

POWER_DCACHE_WB_BUF_R_TAG_CORE_0                           436234                        436234

POWER_L2CACHE_WB_BUF_R_TAG_CORE_0                               0                             0

POWER_DCACHE_WB_BUF_W_TAG_CORE_0                                0                             0

POWER_DCACHE_R_CORE_0                                    34028711                      34028711

POWER_L2CACHE_R_CORE_0                                          0                             0

POWER_DCACHE_W_CORE_0                                      714025                        714025

POWER_L2CACHE_W_CORE_0                                          0                             0

POWER_DCACHE_R_TAG_CORE_0                                35685877                      35685877

POWER_L2CACHE_R_TAG_CORE_0                                      0                             0

POWER_CONST_CACHE_R_CORE_0                                      0                             0

POWER_CONST_CACHE_W_CORE_0                                      0                             0

POWER_CONST_CACHE_R_TAG_CORE_0                                  0                             0

POWER_CONST_CACHE_W_TAG_CORE_0                                  0                             0

POWER_TEXTURE_CACHE_R_CORE_0                                    0                             0

POWER_TEXTURE_CACHE_W_CORE_0                                    0                             0

POWER_TEXTURE_CACHE_R_TAG_CORE_0                                0                             0

POWER_TEXTURE_CACHE_W_TAG_CORE_0                                0                             0

POWER_SHARED_MEM_R_CORE_0                                       0                             0

POWER_SHARED_MEM_W_CORE_0                                       0                             0

POWER_SHARED_MEM_R_TAG_CORE_0                                   0                             0

POWER_SHARED_MEM_W_TAG_CORE_0                                   0                             0

POWER_BLOCK_STATES_R_CORE_1                             107374184                     107374184

POWER_BLOCK_STATES_W_CORE_1                             107374184                     107374184

POWER_FETCH_QUEUE_R_CORE_1                               99613900                      99613900

POWER_FETCH_QUEUE_W_CORE_1                               99613900                      99613900

POWER_INST_QUEUE_R_CORE_1                               207554605                     207554605

POWER_INST_QUEUE_W_CORE_1                                99613645                      99613645

POWER_BR_PRED_R_CORE_1                                    7394048                       7394048

POWER_BR_PRED_W_CORE_1                                    7392540                       7392540

POWER_RAS_R_CORE_1                                           1009                          1009

POWER_RAS_W_CORE_1                                            781                           781

POWER_ICACHE_R_CORE_1                                    24903475                      24903475

POWER_ICACHE_W_CORE_1                                         564                           564

POWER_ICACHE_R_TAG_CORE_1                                24904039                      24904039

POWER_ICACHE_MISS_BUF_R_CORE_1                               1128                          1128

POWER_ICACHE_MISS_BUF_W_CORE_1                               1128                          1128

POWER_ICACHE_MISS_BUF_R_TAG_CORE_1                            564                           564

POWER_ICACHE_MISS_BUF_W_TAG_CORE_1                              0                             0

POWER_ICACHE_TOT_ACC_CORE_1                                     0                             0

POWER_ICACHE_CONF_CORE_1                                        0                             0

POWER_INST_DECODER_R_CORE_1                              70109117                      70109117

POWER_INST_DECODER_W_CORE_1                                     0                             0

POWER_MICRO_OP_SEQ_R_CORE_1                                     0                             0

POWER_MICRO_OP_SEQ_W_CORE_1                                     0                             0

POWER_OPERAND_DECODER_R_CORE_1                           70109117                      70109117

POWER_OPERAND_DECODER_W_CORE_1                                  0                             0

POWER_UOP_QUEUE_R_CORE_1                                207554605                     207554605

POWER_UOP_QUEUE_W_CORE_1                                 99613645                      99613645

POWER_REG_RENAMING_TABLE_R_CORE_1                       207554605                     207554605

POWER_REG_RENAMING_TABLE_W_CORE_1                        99613645                      99613645

POWER_DEP_CHECK_LOGIC_R_CORE_1                           99613900                      99613900

POWER_FREELIST_R_CORE_1                                 207554605                     207554605

POWER_FREELIST_W_CORE_1                                  99613645                      99613645

POWER_RESERVATION_STATION_R_CORE_1                       99652872                      99652872

POWER_RESERVATION_STATION_W_CORE_1                       99613645                      99613645

POWER_RESERVATION_STATION_R_TAG_CORE_1                   99652872                      99652872

POWER_RESERVATION_STATION_W_TAG_CORE_1                          0                             0

POWER_INST_ISSUE_SEL_LOGIC_R_CORE_1                      99652872                      99652872

POWER_INST_ISSUE_SEL_LOGIC_W_CORE_1                      99613632                      99613632

POWER_PAYLOAD_RAM_R_CORE_1                               99652872                      99652872

POWER_PAYLOAD_RAM_W_CORE_1                               99613632                      99613632

POWER_EX_ALU_R_CORE_1                                    55377452                      55377452

POWER_EX_FPU_R_CORE_1                                          56                            56

POWER_EX_MUL_R_CORE_1                                         325                           325

POWER_EX_SFU_R_CORE_1                                           0                             0

POWER_REORDER_BUF_R_CORE_1                               99613465                      99613465

POWER_REORDER_BUF_W_CORE_1                              199227290                     199227290

POWER_INST_COMMIT_SEL_LOGIC_R_CORE_1                     99613465                      99613465

POWER_INST_COMMIT_SEL_LOGIC_W_CORE_1                     99613645                      99613645

POWER_FP_RENAME_R_CORE_1                                       74                            74

POWER_FP_RENAME_W_CORE_1                                        0                             0

POWER_LOAD_QUEUE_R_CORE_1                                33174421                      33174421

POWER_LOAD_QUEUE_W_CORE_1                                33174421                      33174421

POWER_LOAD_QUEUE_R_TAG_CORE_1                            33174421                      33174421

POWER_LOAD_QUEUE_W_TAG_CORE_1                                   0                             0

POWER_STORE_QUEUE_R_CORE_1                               11100618                      11100618

POWER_STORE_QUEUE_W_CORE_1                               11100618                      11100618

POWER_STORE_QUEUE_R_TAG_CORE_1                           11100618                      11100618

POWER_STORE_QUEUE_W_TAG_CORE_1                                  0                             0

POWER_DATA_TLB_R_CORE_1                                  33174421                      33174421

POWER_DATA_TLB_W_CORE_1                                         0                             0

POWER_DATA_TLB_R_TAG_CORE_1                                     0                             0

POWER_DATA_TLB_W_TAG_CORE_1                                     0                             0

POWER_INT_REGFILE_R_CORE_1                              154991353                     154991353

POWER_INT_REGFILE_W_CORE_1                               99613576                      99613576

POWER_FP_REGFILE_R_CORE_1                                     112                           112

POWER_FP_REGFILE_W_CORE_1                                      56                            56

POWER_GP_REGISTER_R_CORE_1                              154991353                     154991353

POWER_GP_REGISTER_W_CORE_1                               99613576                      99613576

POWER_FP_REGISTER_R_CORE_1                                    112                           112

POWER_FP_REGISTER_W_CORE_1                                     56                            56

POWER_SEGMENT_REGISTER_R_CORE_1                          44235799                      44235799

POWER_SEGMENT_REGISTER_W_CORE_1                          81106883                      81106883

POWER_CONTROL_REGISTER_R_CORE_1                                 0                             0

POWER_CONTROL_REGISTER_W_CORE_1                           7373227                       7373227

POWER_FLAG_REGISTER_R_CORE_1                                    0                             0

POWER_FLAG_REGISTER_W_CORE_1                                    0                             0

POWER_EXEC_BYPASS_CORE_1                                 99613632                      99613632

POWER_LOAD_BYPASS_CORE_1                                   945184                        945184

POWER_PIPELINE_CORE_1                                    70108806                      70108806

POWER_DCACHE_MISS_BUF_R_CORE_1                             944056                        944056

POWER_DCACHE_MISS_BUF_R_TAG_CORE_1                        6562969                       6562969

POWER_DCACHE_MISS_BUF_W_CORE_1                            6562969                       6562969

POWER_DCACHE_MISS_BUF_W_TAG_CORE_1                              0                             0

POWER_DCACHE_LINEFILL_BUF_R_CORE_1                              0                             0

POWER_L2CACHE_LINEFILL_BUF_R_CORE_1                       1895895                       1895895

POWER_DCACHE_LINEFILL_BUF_W_CORE_1                              0                             0

POWER_L2CACHE_LINEFILL_BUF_W_CORE_1                        535304                        535304

POWER_DCACHE_LINEFILL_BUF_R_TAG_CORE_1                          0                             0

POWER_L2CACHE_LINEFILL_BUF_R_TAG_CORE_1                   1958608                       1958608

POWER_DCACHE_LINEFILL_BUF_W_TAG_CORE_1                          0                             0

POWER_DCACHE_WB_BUF_R_CORE_1                                62713                         62713

POWER_L2CACHE_WB_BUF_R_CORE_1                                   0                             0

POWER_DCACHE_WB_BUF_W_CORE_1                                62713                         62713

POWER_L2CACHE_WB_BUF_W_CORE_1                                   0                             0

POWER_DCACHE_WB_BUF_R_TAG_CORE_1                           125426                        125426

POWER_L2CACHE_WB_BUF_R_TAG_CORE_1                               0                             0

POWER_DCACHE_WB_BUF_W_TAG_CORE_1                                0                             0

POWER_DCACHE_R_CORE_1                                    37672830                      37672830

POWER_L2CACHE_R_CORE_1                                          0                             0

POWER_DCACHE_W_CORE_1                                      472027                        472027

POWER_L2CACHE_W_CORE_1                                          0                             0

POWER_DCACHE_R_TAG_CORE_1                                44235799                      44235799

POWER_L2CACHE_R_TAG_CORE_1                                      0                             0

POWER_CONST_CACHE_R_CORE_1                                      0                             0

POWER_CONST_CACHE_W_CORE_1                                      0                             0

POWER_CONST_CACHE_R_TAG_CORE_1                                  0                             0

POWER_CONST_CACHE_W_TAG_CORE_1                                  0                             0

POWER_TEXTURE_CACHE_R_CORE_1                                    0                             0

POWER_TEXTURE_CACHE_W_CORE_1                                    0                             0

POWER_TEXTURE_CACHE_R_TAG_CORE_1                                0                             0

POWER_TEXTURE_CACHE_W_TAG_CORE_1                                0                             0

POWER_SHARED_MEM_R_CORE_1                                       0                             0

POWER_SHARED_MEM_W_CORE_1                                       0                             0

POWER_SHARED_MEM_R_TAG_CORE_1                                   0                             0

POWER_SHARED_MEM_W_TAG_CORE_1                                   0                             0

