####################################################################################################
Interval
####################################################################################################
Cumulative:         Cycles:                  20000     Instructions:                  1200
AVG_MEMORY_LATENCY_BASE                                  11505472                      11505472

AVG_MEMORY_LATENCY                                      371285595                       32.2703

MSHR_FULL                                                       0                             0

TOTAL_MEMORY                                             11222262                      11222262

TOTAL_MEMORY_MERGE                                        9761326                      0.869818

TOTAL_WB                                                   283212                     0.0252366

L1_WB                                                      283212                             1

L2_WB                                                           0                             0

L3_WB                                                           0                             0

TOTAL_DRAM                                                  32105                         32105

TOTAL_DRAM_MERGE                                                0                             0

L1_HIT_CPU                                               75194841                      75194841

L1_HIT_GPU                                                      0                             0

L1_MISS_CPU                                              11221682                      11221682

L1_MISS_GPU                                                     0                             0

L2_HIT_CPU                                                      0                             0

L2_HIT_GPU                                                      0                             0

L2_MISS_CPU                                               1460936                       1460936

L2_MISS_GPU                                                     0                             0

L3_HIT_CPU                                                1428830                       1428830

L3_HIT_GPU                                                      0                             0

L3_MISS_CPU                                                 32105                         32105

L3_MISS_GPU                                                     0                             0

L3_HIT_PROMOTION_CPU                                            0                             0

L3_HIT_PROMOTION_GPU                                            0                             0

FETCH_THREAD_SKIP_LD_WAIT                                       0                             0

FETCH_THREAD_SKIP_BR_WAIT                                       0                             0

FETCH_THREAD_SKIP_SCHED_WAIT                                    0                             0

NUM_MUL_TRANS_CM_TM_DM_INST                                     0                             0

NUM_MUL_TRANS_CM_TM_DM                                          0                           NaN

CONST_CACHE_HIT                                                 0                             0

CONST_CACHE_MISS                                                0                             0

CONST_CACHE_MISS_NO_EXECUTE                                     0                             0

CONST_CACHE_ACCESS                                              0                             0

TEXTURE_CACHE_HIT                                               0                             0

TEXTURE_CACHE_MISS                                              0                             0

TEXTURE_CACHE_NO_EXECUTE                                        0                             0

TEXTURE_CACHE_ACCESS                                            0                             0

SHARED_MEM_INST                                                 0                             0

SHARED_MEM_ACCESS                                               0                             0

CACHE_BANK_BUSY                                          11688373                      11688373

ICACHE_MISS_TOTAL                                             580                           580

TOTAL_CAGE_PERIOD                                               0                             0

TOTAL_CAGE_APPL0                                                0                           NaN

TOTAL_CAGE_APPL1                                                0                           NaN

TOTAL_CAGE_APPL2                                                0                           NaN

TOTAL_CAGE_APPL3                                                0                           NaN

TOTAL_CAGE_APPL4                                                0                           NaN

ABIP_AVG_RATIO_BASE                                             0                             0

ABIP_AVG_RATIO                                                  0                           NaN

TOTAL_WRITE_ACKS                                                0                             0

TOTAL_WRITES                                                    0                             0

NUM_PHYSICAL_PAGES                                              0                             0

COAL_INST                                                       0                          NaN 
UNCOAL_INST                                                     0                          NaN 
                                                                0                           100%

COAL_INST_SINGLE_TRANS                                          0                          NaN 
COAL_INST_MUL_TRANS                                             0                          NaN 
UNCOAL_INST_MUL_TRANS                                           0                          NaN 
                                                                0                           100%

SM_COAL_INST                                                    0                          NaN 
CM_COAL_INST                                                    0                          NaN 
TM_COAL_INST                                                    0                          NaN 
DM_COAL_INST                                                    0                          NaN 
                                                                0                           100%

SM_UNCOAL_INST                                                  0                          NaN 
CM_UNCOAL_INST                                                  0                          NaN 
TM_UNCOAL_INST                                                  0                          NaN 
DM_UNCOAL_INST                                                  0                          NaN 
                                                                0                           100%

SM_COAL_INST_SINGLE_TRANS                                       0                          NaN 
CM_COAL_INST_SINGLE_TRANS                                       0                          NaN 
TM_COAL_INST_SINGLE_TRANS                                       0                          NaN 
DM_COAL_INST_SINGLE_TRANS                                       0                          NaN 
                                                                0                           100%

SM_COAL_INST_MUL_TRANS                                          0                          NaN 
CM_COAL_INST_MUL_TRANS                                          0                          NaN 
TM_COAL_INST_MUL_TRANS                                          0                          NaN 
DM_COAL_INST_MUL_TRANS                                          0                          NaN 
                                                                0                           100%

LD_NO_FORWARD                                            30754804                        46.035%
FORWARDED_LD                                             36052696                        53.965%
                                                         66807500                           100%

L3_TOT_ACCESS_CORE_CORE_0                                  733314                        733314

L3_HIT_CORE_CORE_0                                         718510                        718510

L3_MISS_CORE_CORE_0                                         14804                         14804

L3_HIT_RATE_CORE_CORE_0                                    718510                      0.979812

L3_MISS_RATE_CORE_CORE_0                                    14804                     0.0201878

L3_BYPASS_CORE_CORE_0                                           0                             0

MEM_STALL_CYCLE_CORE_0                                          0                             0

ICACHE_FILL_CORE_0                                             13                            13

NUM_WRITE_ACKS_CORE_0                                           0                             0

NUM_WRITES_CORE_0                                               0                             0

ICACHE_HIT_CORE_0                                        19874523                       99.9999%
ICACHE_MISS_CORE_0                                             13                   6.54103e-05%
                                                         19874536                           100%

L3_TOT_ACCESS_CORE_CORE_1                                  727621                        727621

L3_HIT_CORE_CORE_1                                         710320                        710320

L3_MISS_CORE_CORE_1                                         17301                         17301

L3_HIT_RATE_CORE_CORE_1                                    710320                      0.976223

L3_MISS_RATE_CORE_CORE_1                                    17301                     0.0237775

L3_BYPASS_CORE_CORE_1                                           0                             0

MEM_STALL_CYCLE_CORE_1                                          0                             0

ICACHE_FILL_CORE_1                                            567                           567

NUM_WRITE_ACKS_CORE_1                                           0                             0

NUM_WRITES_CORE_1                                               0                             0

ICACHE_HIT_CORE_1                                        39731572                       99.9986%
ICACHE_MISS_CORE_1                                            567                    0.00142706%
                                                         39732139                           100%

