####################################################################################################
Interval
####################################################################################################
Cumulative:         Cycles:                  20000     Instructions:                  1200
DISPATCHED_INST                                         206709674                     206709674

DISPATCH_WAIT                                          7895554622                       38.1963

NUM_NO_FETCH_CYCLES                                             0                             0

AVG_CORE_IDLE_CYCLE                                             0                             0

REEXEC_NUM                                                      0                             0

INV_MATCH_NUM                                                   0                             0

EARLY_PERM_NUM                                                  0                             0

PERM_MATCH_NUM                                                  0                             0

RETIRE_SPECLD_NUM                                               0                             0

RETIRE_SPECST_NUM                                               0                             0

FENCE_HEAD_ROB_WAIT                                             0                             0

NUM_SAMPLES_CORE_0                                      107374184                     107374184

NUM_ACTIVE_BLOCKS_CORE_0                                        0                             0

NUM_ACTIVE_THREADS_CORE_0                               107374184                             1

NUM_SCHED_IDLE_CYCLE_CORE_0                               7946264                       7946264

NUM_NO_SCHED_CYCLE_CORE_0                                65526848                      65526848

CORE_DISPATCHED_INST_CORE_0                             104237898                     104237898

CORE_DISPATCH_WAIT_CORE_0                              4336226330                       41.5993

CORE_CYCLES_CORE_0                                              0                             0

CORE_SCHED_THREADS_CORE_0                                       0                           NaN

CORE_NUM_NO_FETCH_CYCLES_CORE_0                                 0                             0

CORE_NUM_NO_FETCH_CYCLES_WITH_READY_THREADS_CORE_0                   0                             0

CORE_NUM_FETCH_CYCLES_CORE_0                                    0                             0

CORE_FETCH_DELTA_CORE_0                                         0                           NaN

CORE_NUM_RETIRE_CYCLES_CORE_0                                   0                             0

CORE_RETIRE_DELTA_CORE_0                                        0                           NaN

FENCE_PREF_REQ_CORE_0                                           0                             0

FENCE_WAITING_CORE_0                                            0                             0

DYN_FENCE_NUM_CORE_0                                            0                             0

WB_ORDERING_STALL_CORE_0                                        0                             0

WB_FULL_CORE_0                                                  0                             0

FENCE_TOT_CYCLES_CORE_0                                         0                             0

FENCE_EXEC_CYCLES_CORE_0                                        0                             0

STORE_RES_CORE_0                                        787707222                     787707222

STORE_NUM_CORE_0                                          7155901                       7155901

STORE_WB_FREE_CORE_0                                            0                             0

SCHED_FAILED_REASON_SUCCESS_CORE_0                      104238389                       5.91551%
SCHED_FAILED_OPERANDS_NOT_READY_CORE_0                 1648928060                       93.5763%
SCHED_FAILED_NO_PORTS_CORE_0                              8954807                      0.508183%
SCHED_FAILED_FENCE_ACTIVE_CORE_0                                0                             0%
                                                       1762121256                           100%

NUM_SAMPLES_CORE_1                                      107374184                     107374184

NUM_ACTIVE_BLOCKS_CORE_1                                        0                             0

NUM_ACTIVE_THREADS_CORE_1                               107374184                             1

NUM_SCHED_IDLE_CYCLE_CORE_1                              14083084                      14083084

NUM_NO_SCHED_CYCLE_CORE_1                                38381770                      38381770

CORE_DISPATCHED_INST_CORE_1                             102471776                     102471776

CORE_DISPATCH_WAIT_CORE_1                              3559328292                       34.7347

CORE_CYCLES_CORE_1                                              0                             0

CORE_SCHED_THREADS_CORE_1                                       0                           NaN

CORE_NUM_NO_FETCH_CYCLES_CORE_1                                 0                             0

CORE_NUM_NO_FETCH_CYCLES_WITH_READY_THREADS_CORE_1                   0                             0

CORE_NUM_FETCH_CYCLES_CORE_1                                    0                             0

CORE_FETCH_DELTA_CORE_1                                         0                           NaN

CORE_NUM_RETIRE_CYCLES_CORE_1                                   0                             0

CORE_RETIRE_DELTA_CORE_1                                        0                           NaN

FENCE_PREF_REQ_CORE_1                                           0                             0

FENCE_WAITING_CORE_1                                            0                             0

DYN_FENCE_NUM_CORE_1                                            0                             0

WB_ORDERING_STALL_CORE_1                                        0                             0

WB_FULL_CORE_1                                                  0                             0

FENCE_TOT_CYCLES_CORE_1                                         0                             0

FENCE_EXEC_CYCLES_CORE_1                                        0                             0

STORE_RES_CORE_1                                       2098762923                    2098762923

STORE_NUM_CORE_1                                         11491857                      11491857

STORE_WB_FREE_CORE_1                                            0                             0

SCHED_FAILED_REASON_SUCCESS_CORE_1                      102515158                       5.66539%
SCHED_FAILED_OPERANDS_NOT_READY_CORE_1                 1699795145                       93.9374%
SCHED_FAILED_NO_PORTS_CORE_1                              7187890                      0.397231%
SCHED_FAILED_FENCE_ACTIVE_CORE_1                                0                             0%
                                                       1809498193                           100%

