Arguments: ./macsim --l3_repl==PDP 
src/macsim.cc:133: (I=0  C=0):  initialize knobs
number of cores : 2
src/macsim.cc:531: (I=0  C=0):  initialize simulation
src/macsim.cc:327: (I=0  C=0):  initialize cores (2/0/0)
src/memory.cc:1695: (I=0  C=0):  Memory system(l2_decoupled_network) has been initialized.
l3_policy: PDP,PDP
0
1
ip_table done
way0=16
way1=16
src/network_ring.cc:107: (I=0  C=0):  TOTAL_ROUTER:4 CPU:2 GPU:0 L3:1 MC:1
src/network_ring.cc:312: (I=0  C=0):  RING topology
0 <-> 1 <-> 2 <-> 3 <-> 
enabling bug detector
src/macsim.cc:748: (I=0  C=0):  Initializing new noc

src/macsim.cc:839: (I=0  C=0):  Clock LCM           : 920
src/macsim.cc:840: (I=0  C=0):  CPU clock frequency : 2.3 GHz
src/macsim.cc:841: (I=0  C=0):  GPU clock frequency : 2.3 GHz
src/macsim.cc:842: (I=0  C=0):  L3  clock frequency : 1 GHz
src/macsim.cc:843: (I=0  C=0):  NOC clock frequency : 1 GHz
src/macsim.cc:844: (I=0  C=0):  MC  clock frequency : 0.8 GHz
src/process_manager.cc:455: (I=0  C=0):  setup_process:0 ../../../../jinku/macsim_traces/astar/trace.txt current_index:0 (1)
src/process_manager.cc:548: (I=0  C=0):  thread_count:1
src/process_manager.cc:455: (I=0  C=0):  setup_process:1 ../../../../jinku/macsim_traces/160810/16MB/trace.txt current_index:0 (1)
src/process_manager.cc:548: (I=0  C=0):  thread_count:1
1000000
2000000
3000000
4000000
** Heartbeat for core[00]:        insts:10000000    cycles:9288256    (371530200) seconds:93    -- 1.08 IPC (1.08 IPC) -- 0.00 KIPS (107.53 KIPS)
** Heartbeat for core[00]:  Thread:0      insts:10000000    cycles:9288256    (371530200) seconds:93    -- 1.08 IPC (1.08 IPC) -- 0.00 KIPS (107.53 KIPS)
5000000
6000000
** Heartbeat for core[01]:        insts:10000000    cycles:13864665   (554586560) seconds:141   -- 0.72 IPC (0.72 IPC) -- 0.00 KIPS (70.92 KIPS)
** Heartbeat for core[01]:  Thread:0      insts:10000000    cycles:13864665   (554586560) seconds:141   -- 0.72 IPC (0.72 IPC) -- 0.00 KIPS (70.92 KIPS)
7000000
8000000
** Heartbeat for core[00]:        insts:20000000    cycles:18414856   (736594200) seconds:188   -- 1.10 IPC (1.09 IPC) -- 105.26 KIPS (106.38 KIPS)
** Heartbeat for core[00]:  Thread:0      insts:20000000    cycles:18414856   (736594200) seconds:188   -- 1.10 IPC (1.09 IPC) -- 105.26 KIPS (106.38 KIPS)
9000000
10000000
11000000
** Heartbeat for core[01]:        insts:20000000    cycles:27151070   (1086042760) seconds:281   -- 0.75 IPC (0.74 IPC) -- 71.43 KIPS (71.17 KIPS)
** Heartbeat for core[01]:  Thread:0      insts:20000000    cycles:27151070   (1086042760) seconds:281   -- 0.75 IPC (0.74 IPC) -- 71.43 KIPS (71.17 KIPS)
** Heartbeat for core[00]:        insts:30000000    cycles:27386110   (1095444360) seconds:284   -- 1.11 IPC (1.10 IPC) -- 104.17 KIPS (105.63 KIPS)
** Heartbeat for core[00]:  Thread:0      insts:30000000    cycles:27386110   (1095444360) seconds:284   -- 1.11 IPC (1.10 IPC) -- 104.17 KIPS (105.63 KIPS)
12000000
13000000
14000000
15000000
** Heartbeat for core[00]:        insts:40000000    cycles:36337984   (1453519320) seconds:384   -- 1.12 IPC (1.10 IPC) -- 100.00 KIPS (104.17 KIPS)
** Heartbeat for core[00]:  Thread:0      insts:40000000    cycles:36337984   (1453519320) seconds:384   -- 1.12 IPC (1.10 IPC) -- 100.00 KIPS (104.17 KIPS)
16000000
17000000
** Heartbeat for core[01]:        insts:30000000    cycles:40425222   (1617008840) seconds:431   -- 0.75 IPC (0.74 IPC) -- 66.67 KIPS (69.61 KIPS)
** Heartbeat for core[01]:  Thread:0      insts:30000000    cycles:40425222   (1617008840) seconds:431   -- 0.75 IPC (0.74 IPC) -- 66.67 KIPS (69.61 KIPS)
18000000
19000000
** Heartbeat for core[00]:        insts:50000000    cycles:45364825   (1814592960) seconds:489   -- 1.11 IPC (1.10 IPC) -- 95.24 KIPS (102.25 KIPS)
** Heartbeat for core[00]:  Thread:0      insts:50000000    cycles:45364825   (1814592960) seconds:489   -- 1.11 IPC (1.10 IPC) -- 95.24 KIPS (102.25 KIPS)
20000000
21000000
22000000
** Heartbeat for core[01]:        insts:40000000    cycles:52855146   (2114205800) seconds:574   -- 0.80 IPC (0.76 IPC) -- 69.93 KIPS (69.69 KIPS)
** Heartbeat for core[01]:  Thread:0      insts:40000000    cycles:52855146   (2114205800) seconds:574   -- 0.80 IPC (0.76 IPC) -- 69.93 KIPS (69.69 KIPS)
23000000
24000000
** Heartbeat for core[00]:        insts:60000000    cycles:55265551   (2210622000) seconds:599   -- 1.01 IPC (1.09 IPC) -- 90.91 KIPS (100.17 KIPS)
** Heartbeat for core[00]:  Thread:0      insts:60000000    cycles:55265551   (2210622000) seconds:599   -- 1.01 IPC (1.09 IPC) -- 90.91 KIPS (100.17 KIPS)
25000000
26000000
27000000
28000000
29000000
30000000
30000000: 30m cycle
[]12863
0:80:0.0497335
way:16
[]99687
1:1022:0.00430216
way:16
** Heartbeat for core[01]:        insts:50000000    cycles:70303523   (2812140880) seconds:750   -- 0.57 IPC (0.71 IPC) -- 56.82 KIPS (66.67 KIPS)
** Heartbeat for core[01]:  Thread:0      insts:50000000    cycles:70303523   (2812140880) seconds:750   -- 0.57 IPC (0.71 IPC) -- 56.82 KIPS (66.67 KIPS)
31000000
32000000
33000000
34000000
** Heartbeat for core[00]:        insts:70000000    cycles:79718760   (3188750360) seconds:847   -- 0.41 IPC (0.88 IPC) -- 40.32 KIPS (82.64 KIPS)
** Heartbeat for core[00]:  Thread:0      insts:70000000    cycles:79718760   (3188750360) seconds:847   -- 0.41 IPC (0.88 IPC) -- 40.32 KIPS (82.64 KIPS)
35000000
36000000
37000000
38000000
** Heartbeat for core[01]:        insts:60000000    cycles:87755914   (3510236520) seconds:932   -- 0.57 IPC (0.68 IPC) -- 54.95 KIPS (64.38 KIPS)
** Heartbeat for core[01]:  Thread:0      insts:60000000    cycles:87755914   (3510236520) seconds:932   -- 0.57 IPC (0.68 IPC) -- 54.95 KIPS (64.38 KIPS)
39000000
40000000
41000000
42000000
43000000
44000000
45000000
** Heartbeat for core[00]:        insts:80000000    cycles:104762826  (4190513000) seconds:1119  -- 0.40 IPC (0.76 IPC) -- 36.76 KIPS (71.49 KIPS)
** Heartbeat for core[00]:  Thread:0      insts:80000000    cycles:104762826  (4190513000) seconds:1119  -- 0.40 IPC (0.76 IPC) -- 36.76 KIPS (71.49 KIPS)
** Heartbeat for core[01]:        insts:70000000    cycles:105217075  (4208682960) seconds:1124  -- 0.57 IPC (0.67 IPC) -- 52.08 KIPS (62.28 KIPS)
** Heartbeat for core[01]:  Thread:0      insts:70000000    cycles:105217075  (4208682960) seconds:1124  -- 0.57 IPC (0.67 IPC) -- 52.08 KIPS (62.28 KIPS)
46000000
**Core 00 Core_Total  Finished:   insts:81045981    cycles:107374184  (4294967320) seconds:1148  -- 0.75 IPC (0.75 IPC) --  N/A  KHz (70.60 KHz)
**Core 00 Thread 00 Finished:   insts:81045981    cycles:107374184  (4294967320)  seconds:1148  -- 0.75 IPC (0.75 IPC) --  N/A  KHz (70.60 KHz) 
**Core 01 Core_Total  Finished:   insts:72090034    cycles:107374184  (4294967320) seconds:1148  -- 0.67 IPC (0.67 IPC) --  N/A  KHz (62.80 KHz)
**Core 01 Thread 00 Finished:   insts:72090034    cycles:107374184  (4294967320)  seconds:1148  -- 0.67 IPC (0.67 IPC) --  N/A  KHz (62.80 KHz) 
src/macsim.cc:617: (I=81045981  C=4294967361):  finalize simulation
src/macsim.cc:623: (I=81045981  C=4294967361):  elapsed time:1147.9 seconds
Done
