####################################################################################################
Interval
####################################################################################################
Cumulative:         Cycles:                  20000     Instructions:                  1200
POWER_L3CACHE_LINEFILL_BUF_R                               475962                        475962

POWER_L3CACHE_LINEFILL_BUF_W                               475962                        475962

POWER_L3CACHE_LINEFILL_BUF_R_TAG                           475962                        475962

POWER_L3CACHE_WB_BUF_R                                        420                           420

POWER_L3CACHE_WB_BUF_W                                        420                           420

POWER_L3CACHE_WB_BUF_R_TAG                                    420                           420

POWER_L3CACHE_R                                            724981                        724981

POWER_L3CACHE_W                                             73476                         73476

POWER_L3CACHE_R_TAG                                       1200943                       1200943

POWER_MC_R                                                8902015                       8902015

POWER_MC_W                                                 476382                        476382

POWER_BLOCK_STATES_R_CORE_0                             107374184                     107374184

POWER_BLOCK_STATES_W_CORE_0                             107374184                     107374184

POWER_FETCH_QUEUE_R_CORE_0                              104238220                     104238220

POWER_FETCH_QUEUE_W_CORE_0                              104238220                     104238220

POWER_INST_QUEUE_R_CORE_0                               224537652                     224537652

POWER_INST_QUEUE_W_CORE_0                               104237966                     104237966

POWER_BR_PRED_R_CORE_0                                   11464043                      11464043

POWER_BR_PRED_W_CORE_0                                   11335261                      11335261

POWER_RAS_R_CORE_0                                         559846                        559846

POWER_RAS_W_CORE_0                                         534357                        534357

POWER_ICACHE_R_CORE_0                                    26059555                      26059555

POWER_ICACHE_W_CORE_0                                         100                           100

POWER_ICACHE_R_TAG_CORE_0                                26059655                      26059655

POWER_ICACHE_MISS_BUF_R_CORE_0                                200                           200

POWER_ICACHE_MISS_BUF_W_CORE_0                                200                           200

POWER_ICACHE_MISS_BUF_R_TAG_CORE_0                            100                           100

POWER_ICACHE_MISS_BUF_W_TAG_CORE_0                              0                             0

POWER_ICACHE_TOT_ACC_CORE_0                                     0                             0

POWER_ICACHE_CONF_CORE_0                                        0                             0

POWER_INST_DECODER_R_CORE_0                              81046271                      81046271

POWER_INST_DECODER_W_CORE_0                                     0                             0

POWER_MICRO_OP_SEQ_R_CORE_0                                     0                             0

POWER_MICRO_OP_SEQ_W_CORE_0                                     0                             0

POWER_OPERAND_DECODER_R_CORE_0                           81046271                      81046271

POWER_OPERAND_DECODER_W_CORE_0                                  0                             0

POWER_UOP_QUEUE_R_CORE_0                                224537652                     224537652

POWER_UOP_QUEUE_W_CORE_0                                104237966                     104237966

POWER_REG_RENAMING_TABLE_R_CORE_0                       224537652                     224537652

POWER_REG_RENAMING_TABLE_W_CORE_0                       104237966                     104237966

POWER_DEP_CHECK_LOGIC_R_CORE_0                          104238220                     104238220

POWER_FREELIST_R_CORE_0                                 224537652                     224537652

POWER_FREELIST_W_CORE_0                                 104237966                     104237966

POWER_RESERVATION_STATION_R_CORE_0                      104238389                     104238389

POWER_RESERVATION_STATION_W_CORE_0                      104237922                     104237922

POWER_RESERVATION_STATION_R_TAG_CORE_0                  104238389                     104238389

POWER_RESERVATION_STATION_W_TAG_CORE_0                          0                             0

POWER_INST_ISSUE_SEL_LOGIC_R_CORE_0                     104238389                     104238389

POWER_INST_ISSUE_SEL_LOGIC_W_CORE_0                     104237898                     104237898

POWER_PAYLOAD_RAM_R_CORE_0                              104238389                     104238389

POWER_PAYLOAD_RAM_W_CORE_0                              104237898                     104237898

POWER_EX_ALU_R_CORE_0                                    64178504                      64178504

POWER_EX_FPU_R_CORE_0                                       61494                         61494

POWER_EX_MUL_R_CORE_0                                     4322083                       4322083

POWER_EX_SFU_R_CORE_0                                           0                             0

POWER_REORDER_BUF_R_CORE_0                              104237846                     104237846

POWER_REORDER_BUF_W_CORE_0                              208475932                     208475932

POWER_INST_COMMIT_SEL_LOGIC_R_CORE_0                    104237846                     104237846

POWER_INST_COMMIT_SEL_LOGIC_W_CORE_0                    104237966                     104237966

POWER_FP_RENAME_R_CORE_0                                   149318                        149318

POWER_FP_RENAME_W_CORE_0                                        0                             0

POWER_LOAD_QUEUE_R_CORE_0                                28519910                      28519910

POWER_LOAD_QUEUE_W_CORE_0                                28519910                      28519910

POWER_LOAD_QUEUE_R_TAG_CORE_0                            28519910                      28519910

POWER_LOAD_QUEUE_W_TAG_CORE_0                                   0                             0

POWER_STORE_QUEUE_R_CORE_0                                7156398                       7156398

POWER_STORE_QUEUE_W_CORE_0                                7156398                       7156398

POWER_STORE_QUEUE_R_TAG_CORE_0                            7156398                       7156398

POWER_STORE_QUEUE_W_TAG_CORE_0                                  0                             0

POWER_DATA_TLB_R_CORE_0                                  28519910                      28519910

POWER_DATA_TLB_W_CORE_0                                         0                             0

POWER_DATA_TLB_R_TAG_CORE_0                                     0                             0

POWER_DATA_TLB_W_TAG_CORE_0                                     0                             0

POWER_INT_REGFILE_R_CORE_0                              172676991                     172676991

POWER_INT_REGFILE_W_CORE_0                              104176404                     104176404

POWER_FP_REGFILE_R_CORE_0                                  119902                        119902

POWER_FP_REGFILE_W_CORE_0                                   61494                         61494

POWER_GP_REGISTER_R_CORE_0                              172676991                     172676991

POWER_GP_REGISTER_W_CORE_0                              104176404                     104176404

POWER_FP_REGISTER_R_CORE_0                                 122988                        122988

POWER_FP_REGISTER_W_CORE_0                                  61494                         61494

POWER_SEGMENT_REGISTER_R_CORE_0                          35675817                      35675817

POWER_SEGMENT_REGISTER_W_CORE_0                          70101458                      70101458

POWER_CONTROL_REGISTER_R_CORE_0                                 0                             0

POWER_CONTROL_REGISTER_W_CORE_0                           2024464                       2024464

POWER_FLAG_REGISTER_R_CORE_0                                    0                             0

POWER_FLAG_REGISTER_W_CORE_0                                    0                             0

POWER_EXEC_BYPASS_CORE_0                                104237898                     104237898

POWER_LOAD_BYPASS_CORE_0                                  1429412                       1429412

POWER_PIPELINE_CORE_0                                    81045981                      81045981

POWER_DCACHE_MISS_BUF_R_CORE_0                            1429212                       1429212

POWER_DCACHE_MISS_BUF_R_TAG_CORE_0                        1657594                       1657594

POWER_DCACHE_MISS_BUF_W_CORE_0                            1657594                       1657594

POWER_DCACHE_MISS_BUF_W_TAG_CORE_0                              0                             0

POWER_DCACHE_LINEFILL_BUF_R_CORE_0                              0                             0

POWER_L2CACHE_LINEFILL_BUF_R_CORE_0                        949239                        949239

POWER_DCACHE_LINEFILL_BUF_W_CORE_0                              0                             0

POWER_L2CACHE_LINEFILL_BUF_W_CORE_0                        932711                        932711

POWER_DCACHE_LINEFILL_BUF_R_TAG_CORE_0                          0                             0

POWER_L2CACHE_LINEFILL_BUF_R_TAG_CORE_0                   1167245                       1167245

POWER_DCACHE_LINEFILL_BUF_W_TAG_CORE_0                          0                             0

POWER_DCACHE_WB_BUF_R_CORE_0                               218006                        218006

POWER_L2CACHE_WB_BUF_R_CORE_0                                   0                             0

POWER_DCACHE_WB_BUF_W_CORE_0                               218006                        218006

POWER_L2CACHE_WB_BUF_W_CORE_0                                   0                             0

POWER_DCACHE_WB_BUF_R_TAG_CORE_0                           436012                        436012

POWER_L2CACHE_WB_BUF_R_TAG_CORE_0                               0                             0

POWER_DCACHE_WB_BUF_W_TAG_CORE_0                                0                             0

POWER_DCACHE_R_CORE_0                                    34018223                      34018223

POWER_L2CACHE_R_CORE_0                                          0                             0

POWER_DCACHE_W_CORE_0                                      714605                        714605

POWER_L2CACHE_W_CORE_0                                          0                             0

POWER_DCACHE_R_TAG_CORE_0                                35675817                      35675817

POWER_L2CACHE_R_TAG_CORE_0                                      0                             0

POWER_CONST_CACHE_R_CORE_0                                      0                             0

POWER_CONST_CACHE_W_CORE_0                                      0                             0

POWER_CONST_CACHE_R_TAG_CORE_0                                  0                             0

POWER_CONST_CACHE_W_TAG_CORE_0                                  0                             0

POWER_TEXTURE_CACHE_R_CORE_0                                    0                             0

POWER_TEXTURE_CACHE_W_CORE_0                                    0                             0

POWER_TEXTURE_CACHE_R_TAG_CORE_0                                0                             0

POWER_TEXTURE_CACHE_W_TAG_CORE_0                                0                             0

POWER_SHARED_MEM_R_CORE_0                                       0                             0

POWER_SHARED_MEM_W_CORE_0                                       0                             0

POWER_SHARED_MEM_R_TAG_CORE_0                                   0                             0

POWER_SHARED_MEM_W_TAG_CORE_0                                   0                             0

POWER_BLOCK_STATES_R_CORE_1                             107374184                     107374184

POWER_BLOCK_STATES_W_CORE_1                             107374184                     107374184

POWER_FETCH_QUEUE_R_CORE_1                              102472080                     102472080

POWER_FETCH_QUEUE_W_CORE_1                              102472080                     102472080

POWER_INST_QUEUE_R_CORE_1                               213480845                     213480845

POWER_INST_QUEUE_W_CORE_1                               102471828                     102471828

POWER_BR_PRED_R_CORE_1                                    7613297                       7613297

POWER_BR_PRED_W_CORE_1                                    7611782                       7611782

POWER_RAS_R_CORE_1                                           1009                          1009

POWER_RAS_W_CORE_1                                            781                           781

POWER_ICACHE_R_CORE_1                                    25618020                      25618020

POWER_ICACHE_W_CORE_1                                         564                           564

POWER_ICACHE_R_TAG_CORE_1                                25618584                      25618584

POWER_ICACHE_MISS_BUF_R_CORE_1                               1128                          1128

POWER_ICACHE_MISS_BUF_W_CORE_1                               1128                          1128

POWER_ICACHE_MISS_BUF_R_TAG_CORE_1                            564                           564

POWER_ICACHE_MISS_BUF_W_TAG_CORE_1                              0                             0

POWER_ICACHE_TOT_ACC_CORE_1                                     0                             0

POWER_ICACHE_CONF_CORE_1                                        0                             0

POWER_INST_DECODER_R_CORE_1                              72090306                      72090306

POWER_INST_DECODER_W_CORE_1                                     0                             0

POWER_MICRO_OP_SEQ_R_CORE_1                                     0                             0

POWER_MICRO_OP_SEQ_W_CORE_1                                     0                             0

POWER_OPERAND_DECODER_R_CORE_1                           72090306                      72090306

POWER_OPERAND_DECODER_W_CORE_1                                  0                             0

POWER_UOP_QUEUE_R_CORE_1                                213480845                     213480845

POWER_UOP_QUEUE_W_CORE_1                                102471828                     102471828

POWER_REG_RENAMING_TABLE_R_CORE_1                       213480845                     213480845

POWER_REG_RENAMING_TABLE_W_CORE_1                       102471828                     102471828

POWER_DEP_CHECK_LOGIC_R_CORE_1                          102472080                     102472080

POWER_FREELIST_R_CORE_1                                 213480845                     213480845

POWER_FREELIST_W_CORE_1                                 102471828                     102471828

POWER_RESERVATION_STATION_R_CORE_1                      102515158                     102515158

POWER_RESERVATION_STATION_W_CORE_1                      102471800                     102471800

POWER_RESERVATION_STATION_R_TAG_CORE_1                  102515158                     102515158

POWER_RESERVATION_STATION_W_TAG_CORE_1                          0                             0

POWER_INST_ISSUE_SEL_LOGIC_R_CORE_1                     102515158                     102515158

POWER_INST_ISSUE_SEL_LOGIC_W_CORE_1                     102471776                     102471776

POWER_PAYLOAD_RAM_R_CORE_1                              102515158                     102515158

POWER_PAYLOAD_RAM_W_CORE_1                              102471776                     102471776

POWER_EX_ALU_R_CORE_1                                    56920147                      56920147

POWER_EX_FPU_R_CORE_1                                          56                            56

POWER_EX_MUL_R_CORE_1                                         325                           325

POWER_EX_SFU_R_CORE_1                                           0                             0

POWER_REORDER_BUF_R_CORE_1                              102471687                     102471687

POWER_REORDER_BUF_W_CORE_1                              204943656                     204943656

POWER_INST_COMMIT_SEL_LOGIC_R_CORE_1                    102471687                     102471687

POWER_INST_COMMIT_SEL_LOGIC_W_CORE_1                    102471828                     102471828

POWER_FP_RENAME_R_CORE_1                                       74                            74

POWER_FP_RENAME_W_CORE_1                                        0                             0

POWER_LOAD_QUEUE_R_CORE_1                                34059378                      34059378

POWER_LOAD_QUEUE_W_CORE_1                                34059378                      34059378

POWER_LOAD_QUEUE_R_TAG_CORE_1                            34059378                      34059378

POWER_LOAD_QUEUE_W_TAG_CORE_1                                   0                             0

POWER_STORE_QUEUE_R_CORE_1                               11535252                      11535252

POWER_STORE_QUEUE_W_CORE_1                               11535252                      11535252

POWER_STORE_QUEUE_R_TAG_CORE_1                           11535252                      11535252

POWER_STORE_QUEUE_W_TAG_CORE_1                                  0                             0

POWER_DATA_TLB_R_CORE_1                                  34059378                      34059378

POWER_DATA_TLB_W_CORE_1                                         0                             0

POWER_DATA_TLB_R_TAG_CORE_1                                     0                             0

POWER_DATA_TLB_W_TAG_CORE_1                                     0                             0

POWER_INT_REGFILE_R_CORE_1                              159392192                     159392192

POWER_INT_REGFILE_W_CORE_1                              102471720                     102471720

POWER_FP_REGFILE_R_CORE_1                                     112                           112

POWER_FP_REGFILE_W_CORE_1                                      56                            56

POWER_GP_REGISTER_R_CORE_1                              159392192                     159392192

POWER_GP_REGISTER_W_CORE_1                              102471720                     102471720

POWER_FP_REGISTER_R_CORE_1                                    112                           112

POWER_FP_REGISTER_W_CORE_1                                     56                            56

POWER_SEGMENT_REGISTER_R_CORE_1                          45551248                      45551248

POWER_SEGMENT_REGISTER_W_CORE_1                          83518564                      83518564

POWER_CONTROL_REGISTER_R_CORE_1                                 0                             0

POWER_CONTROL_REGISTER_W_CORE_1                           7592472                       7592472

POWER_FLAG_REGISTER_R_CORE_1                                    0                             0

POWER_FLAG_REGISTER_W_CORE_1                                    0                             0

POWER_EXEC_BYPASS_CORE_1                                102471776                     102471776

POWER_LOAD_BYPASS_CORE_1                                   972477                        972477

POWER_PIPELINE_CORE_1                                    72090034                      72090034

POWER_DCACHE_MISS_BUF_R_CORE_1                             971349                        971349

POWER_DCACHE_MISS_BUF_R_TAG_CORE_1                        6767375                       6767375

POWER_DCACHE_MISS_BUF_W_CORE_1                            6767375                       6767375

POWER_DCACHE_MISS_BUF_W_TAG_CORE_1                              0                             0

POWER_DCACHE_LINEFILL_BUF_R_CORE_1                              0                             0

POWER_L2CACHE_LINEFILL_BUF_R_CORE_1                       1957840                       1957840

POWER_DCACHE_LINEFILL_BUF_W_CORE_1                              0                             0

POWER_L2CACHE_LINEFILL_BUF_W_CORE_1                        557040                        557040

POWER_DCACHE_LINEFILL_BUF_R_TAG_CORE_1                          0                             0

POWER_L2CACHE_LINEFILL_BUF_R_TAG_CORE_1                   2028642                       2028642

POWER_DCACHE_LINEFILL_BUF_W_TAG_CORE_1                          0                             0

POWER_DCACHE_WB_BUF_R_CORE_1                                70802                         70802

POWER_L2CACHE_WB_BUF_R_CORE_1                                   0                             0

POWER_DCACHE_WB_BUF_W_CORE_1                                70802                         70802

POWER_L2CACHE_WB_BUF_W_CORE_1                                   0                             0

POWER_DCACHE_WB_BUF_R_TAG_CORE_1                           141604                        141604

POWER_L2CACHE_WB_BUF_R_TAG_CORE_1                               0                             0

POWER_DCACHE_WB_BUF_W_TAG_CORE_1                                0                             0

POWER_DCACHE_R_CORE_1                                    38783873                      38783873

POWER_L2CACHE_R_CORE_1                                          0                             0

POWER_DCACHE_W_CORE_1                                      485674                        485674

POWER_L2CACHE_W_CORE_1                                          0                             0

POWER_DCACHE_R_TAG_CORE_1                                45551248                      45551248

POWER_L2CACHE_R_TAG_CORE_1                                      0                             0

POWER_CONST_CACHE_R_CORE_1                                      0                             0

POWER_CONST_CACHE_W_CORE_1                                      0                             0

POWER_CONST_CACHE_R_TAG_CORE_1                                  0                             0

POWER_CONST_CACHE_W_TAG_CORE_1                                  0                             0

POWER_TEXTURE_CACHE_R_CORE_1                                    0                             0

POWER_TEXTURE_CACHE_W_CORE_1                                    0                             0

POWER_TEXTURE_CACHE_R_TAG_CORE_1                                0                             0

POWER_TEXTURE_CACHE_W_TAG_CORE_1                                0                             0

POWER_SHARED_MEM_R_CORE_1                                       0                             0

POWER_SHARED_MEM_W_CORE_1                                       0                             0

POWER_SHARED_MEM_R_TAG_CORE_1                                   0                             0

POWER_SHARED_MEM_W_TAG_CORE_1                                   0                             0

