####################################################################################################
Interval
####################################################################################################
Cumulative:         Cycles:                  20000     Instructions:                  1200
AVG_MEMORY_LATENCY_BASE                                   8128638                       8128638

AVG_MEMORY_LATENCY                                      566360335                       69.6747

MSHR_FULL                                                       0                             0

TOTAL_MEMORY                                              7842126                       7842126

TOTAL_MEMORY_MERGE                                        6690062                      0.853093

TOTAL_WB                                                   286526                     0.0365368

L1_WB                                                      284912                      0.994367

L2_WB                                                           0                             0

L3_WB                                                        1614                      0.005633

TOTAL_DRAM                                                 475385                        475385

TOTAL_DRAM_MERGE                                                4                   8.41423e-06

L1_HIT_CPU                                               69007213                      69007213

L1_HIT_GPU                                                      0                             0

L1_MISS_CPU                                               7841497                       7841497

L1_MISS_GPU                                                     0                             0

L2_HIT_CPU                                                      0                             0

L2_HIT_GPU                                                      0                             0

L2_MISS_CPU                                               1152064                       1152064

L2_MISS_GPU                                                     0                             0

L3_HIT_CPU                                                 678292                        678292

L3_HIT_GPU                                                      0                             0

L3_MISS_CPU                                                473771                        473771

L3_MISS_GPU                                                     0                             0

L3_HIT_PROMOTION_CPU                                            0                             0

L3_HIT_PROMOTION_GPU                                            0                             0

FETCH_THREAD_SKIP_LD_WAIT                                       0                             0

FETCH_THREAD_SKIP_BR_WAIT                                       0                             0

FETCH_THREAD_SKIP_SCHED_WAIT                                    0                             0

NUM_MUL_TRANS_CM_TM_DM_INST                                     0                             0

NUM_MUL_TRANS_CM_TM_DM                                          0                           NaN

CONST_CACHE_HIT                                                 0                             0

CONST_CACHE_MISS                                                0                             0

CONST_CACHE_MISS_NO_EXECUTE                                     0                             0

CONST_CACHE_ACCESS                                              0                             0

TEXTURE_CACHE_HIT                                               0                             0

TEXTURE_CACHE_MISS                                              0                             0

TEXTURE_CACHE_NO_EXECUTE                                        0                             0

TEXTURE_CACHE_ACCESS                                            0                             0

SHARED_MEM_INST                                                 0                             0

SHARED_MEM_ACCESS                                               0                             0

CACHE_BANK_BUSY                                           7180582                       7180582

ICACHE_MISS_TOTAL                                             629                           629

TOTAL_CAGE_PERIOD                                               0                             0

TOTAL_CAGE_APPL0                                                0                           NaN

TOTAL_CAGE_APPL1                                                0                           NaN

TOTAL_CAGE_APPL2                                                0                           NaN

TOTAL_CAGE_APPL3                                                0                           NaN

TOTAL_CAGE_APPL4                                                0                           NaN

ABIP_AVG_RATIO_BASE                                             0                             0

ABIP_AVG_RATIO                                                  0                           NaN

TOTAL_WRITE_ACKS                                                0                             0

TOTAL_WRITES                                                    0                             0

NUM_PHYSICAL_PAGES                                              0                             0

COAL_INST                                                       0                          NaN 
UNCOAL_INST                                                     0                          NaN 
                                                                0                           100%

COAL_INST_SINGLE_TRANS                                          0                          NaN 
COAL_INST_MUL_TRANS                                             0                          NaN 
UNCOAL_INST_MUL_TRANS                                           0                          NaN 
                                                                0                           100%

SM_COAL_INST                                                    0                          NaN 
CM_COAL_INST                                                    0                          NaN 
TM_COAL_INST                                                    0                          NaN 
DM_COAL_INST                                                    0                          NaN 
                                                                0                           100%

SM_UNCOAL_INST                                                  0                          NaN 
CM_UNCOAL_INST                                                  0                          NaN 
TM_UNCOAL_INST                                                  0                          NaN 
DM_UNCOAL_INST                                                  0                          NaN 
                                                                0                           100%

SM_COAL_INST_SINGLE_TRANS                                       0                          NaN 
CM_COAL_INST_SINGLE_TRANS                                       0                          NaN 
TM_COAL_INST_SINGLE_TRANS                                       0                          NaN 
DM_COAL_INST_SINGLE_TRANS                                       0                          NaN 
                                                                0                           100%

SM_COAL_INST_MUL_TRANS                                          0                          NaN 
CM_COAL_INST_MUL_TRANS                                          0                          NaN 
TM_COAL_INST_MUL_TRANS                                          0                          NaN 
DM_COAL_INST_MUL_TRANS                                          0                          NaN 
                                                                0                           100%

LD_NO_FORWARD                                            32391308                       54.7605%
FORWARDED_LD                                             26759598                       45.2395%
                                                         59150906                           100%

L3_TOT_ACCESS_CORE_CORE_0                                  710632                        710632

L3_HIT_CORE_CORE_0                                         669597                        669597

L3_MISS_CORE_CORE_0                                         41035                         41035

L3_HIT_RATE_CORE_CORE_0                                    669597                      0.942256

L3_MISS_RATE_CORE_CORE_0                                    41035                     0.0577444

L3_BYPASS_CORE_CORE_0                                           0                             0

MEM_STALL_CYCLE_CORE_0                                          0                             0

ICACHE_FILL_CORE_0                                            100                           100

NUM_WRITE_ACKS_CORE_0                                           0                             0

NUM_WRITES_CORE_0                                               0                             0

ICACHE_HIT_CORE_0                                        25958250                       99.9996%
ICACHE_MISS_CORE_0                                            100                   0.000385233%
                                                         25958350                           100%

L3_TOT_ACCESS_CORE_CORE_1                                  441431                        441431

L3_HIT_CORE_CORE_1                                           8695                          8695

L3_MISS_CORE_CORE_1                                        432736                        432736

L3_HIT_RATE_CORE_CORE_1                                      8695                     0.0196973

L3_MISS_RATE_CORE_CORE_1                                   432736                      0.980303

L3_BYPASS_CORE_CORE_1                                           0                             0

MEM_STALL_CYCLE_CORE_1                                          0                             0

ICACHE_FILL_CORE_1                                            529                           529

NUM_WRITE_ACKS_CORE_1                                           0                             0

NUM_WRITES_CORE_1                                               0                             0

ICACHE_HIT_CORE_1                                        23198928                       99.9977%
ICACHE_MISS_CORE_1                                            529                    0.00228023%
                                                         23199457                           100%

