####################################################################################################
Interval
####################################################################################################
Cumulative:         Cycles:                  20000     Instructions:                  1200
AVG_MEMORY_LATENCY_BASE                                   8517782                       8517782

AVG_MEMORY_LATENCY                                      544923408                       63.9748

MSHR_FULL                                                       0                             0

TOTAL_MEMORY                                              8236647                       8236647

TOTAL_MEMORY_MERGE                                        7048864                      0.855793

TOTAL_WB                                                   281143                     0.0341332

L1_WB                                                      281112                       0.99989

L2_WB                                                           0                             0

L3_WB                                                          31                   0.000110264

TOTAL_DRAM                                                 489682                        489682

TOTAL_DRAM_MERGE                                                0                             0

L1_HIT_CPU                                               71794504                      71794504

L1_HIT_GPU                                                      0                             0

L1_MISS_CPU                                               8235983                       8235983

L1_MISS_GPU                                                     0                             0

L2_HIT_CPU                                                      0                             0

L2_HIT_GPU                                                      0                             0

L2_MISS_CPU                                               1187783                       1187783

L2_MISS_GPU                                                     0                             0

L3_HIT_CPU                                                 698130                        698130

L3_HIT_GPU                                                      0                             0

L3_MISS_CPU                                                489651                        489651

L3_MISS_GPU                                                     0                             0

L3_HIT_PROMOTION_CPU                                            0                             0

L3_HIT_PROMOTION_GPU                                            0                             0

FETCH_THREAD_SKIP_LD_WAIT                                       0                             0

FETCH_THREAD_SKIP_BR_WAIT                                       0                             0

FETCH_THREAD_SKIP_SCHED_WAIT                                    0                             0

NUM_MUL_TRANS_CM_TM_DM_INST                                     0                             0

NUM_MUL_TRANS_CM_TM_DM                                          0                           NaN

CONST_CACHE_HIT                                                 0                             0

CONST_CACHE_MISS                                                0                             0

CONST_CACHE_MISS_NO_EXECUTE                                     0                             0

CONST_CACHE_ACCESS                                              0                             0

TEXTURE_CACHE_HIT                                               0                             0

TEXTURE_CACHE_MISS                                              0                             0

TEXTURE_CACHE_NO_EXECUTE                                        0                             0

TEXTURE_CACHE_ACCESS                                            0                             0

SHARED_MEM_INST                                                 0                             0

SHARED_MEM_ACCESS                                               0                             0

CACHE_BANK_BUSY                                           7573545                       7573545

ICACHE_MISS_TOTAL                                             664                           664

TOTAL_CAGE_PERIOD                                               0                             0

TOTAL_CAGE_APPL0                                                0                           NaN

TOTAL_CAGE_APPL1                                                0                           NaN

TOTAL_CAGE_APPL2                                                0                           NaN

TOTAL_CAGE_APPL3                                                0                           NaN

TOTAL_CAGE_APPL4                                                0                           NaN

ABIP_AVG_RATIO_BASE                                             0                             0

ABIP_AVG_RATIO                                                  0                           NaN

TOTAL_WRITE_ACKS                                                0                             0

TOTAL_WRITES                                                    0                             0

NUM_PHYSICAL_PAGES                                              0                             0

COAL_INST                                                       0                          NaN 
UNCOAL_INST                                                     0                          NaN 
                                                                0                           100%

COAL_INST_SINGLE_TRANS                                          0                          NaN 
COAL_INST_MUL_TRANS                                             0                          NaN 
UNCOAL_INST_MUL_TRANS                                           0                          NaN 
                                                                0                           100%

SM_COAL_INST                                                    0                          NaN 
CM_COAL_INST                                                    0                          NaN 
TM_COAL_INST                                                    0                          NaN 
DM_COAL_INST                                                    0                          NaN 
                                                                0                           100%

SM_UNCOAL_INST                                                  0                          NaN 
CM_UNCOAL_INST                                                  0                          NaN 
TM_UNCOAL_INST                                                  0                          NaN 
DM_UNCOAL_INST                                                  0                          NaN 
                                                                0                           100%

SM_COAL_INST_SINGLE_TRANS                                       0                          NaN 
CM_COAL_INST_SINGLE_TRANS                                       0                          NaN 
TM_COAL_INST_SINGLE_TRANS                                       0                          NaN 
DM_COAL_INST_SINGLE_TRANS                                       0                          NaN 
                                                                0                           100%

SM_COAL_INST_MUL_TRANS                                          0                          NaN 
CM_COAL_INST_MUL_TRANS                                          0                          NaN 
TM_COAL_INST_MUL_TRANS                                          0                          NaN 
DM_COAL_INST_MUL_TRANS                                          0                          NaN 
                                                                0                           100%

LD_NO_FORWARD                                            33485247                       54.1984%
FORWARDED_LD                                             28297534                       45.8017%
                                                         61782781                           100%

L3_TOT_ACCESS_CORE_CORE_0                                  714047                        714047

L3_HIT_CORE_CORE_0                                         675561                        675561

L3_MISS_CORE_CORE_0                                         38486                         38486

L3_HIT_RATE_CORE_CORE_0                                    675561                      0.946102

L3_MISS_RATE_CORE_CORE_0                                    38486                     0.0538984

L3_BYPASS_CORE_CORE_0                                           0                             0

MEM_STALL_CYCLE_CORE_0                                          0                             0

ICACHE_FILL_CORE_0                                            100                           100

NUM_WRITE_ACKS_CORE_0                                           0                             0

NUM_WRITES_CORE_0                                               0                             0

ICACHE_HIT_CORE_0                                        26066429                       99.9996%
ICACHE_MISS_CORE_0                                            100                   0.000383634%
                                                         26066529                           100%

L3_TOT_ACCESS_CORE_CORE_1                                  473734                        473734

L3_HIT_CORE_CORE_1                                          22569                         22569

L3_MISS_CORE_CORE_1                                        451165                        451165

L3_HIT_RATE_CORE_CORE_1                                     22569                     0.0476407

L3_MISS_RATE_CORE_CORE_1                                   451165                      0.952359

L3_BYPASS_CORE_CORE_1                                      431376                        431376

MEM_STALL_CYCLE_CORE_1                                          0                             0

ICACHE_FILL_CORE_1                                            564                           564

NUM_WRITE_ACKS_CORE_1                                           0                             0

NUM_WRITES_CORE_1                                               0                             0

ICACHE_HIT_CORE_1                                        24964647                       99.9977%
ICACHE_MISS_CORE_1                                            564                    0.00225914%
                                                         24965211                           100%

