Arguments: ./macsim --l3_repl==PDP 
src/macsim.cc:133: (I=0  C=0):  initialize knobs
number of cores : 2
src/macsim.cc:531: (I=0  C=0):  initialize simulation
src/macsim.cc:327: (I=0  C=0):  initialize cores (2/0/0)
src/memory.cc:1695: (I=0  C=0):  Memory system(l2_decoupled_network) has been initialized.
l3_policy: PDP,PDP
0
1
ip_table done
way0=23
way1=9
src/network_ring.cc:107: (I=0  C=0):  TOTAL_ROUTER:4 CPU:2 GPU:0 L3:1 MC:1
src/network_ring.cc:312: (I=0  C=0):  RING topology
0 <-> 1 <-> 2 <-> 3 <-> 
enabling bug detector
src/macsim.cc:748: (I=0  C=0):  Initializing new noc

src/macsim.cc:839: (I=0  C=0):  Clock LCM           : 920
src/macsim.cc:840: (I=0  C=0):  CPU clock frequency : 2.3 GHz
src/macsim.cc:841: (I=0  C=0):  GPU clock frequency : 2.3 GHz
src/macsim.cc:842: (I=0  C=0):  L3  clock frequency : 1 GHz
src/macsim.cc:843: (I=0  C=0):  NOC clock frequency : 1 GHz
src/macsim.cc:844: (I=0  C=0):  MC  clock frequency : 0.8 GHz
src/process_manager.cc:455: (I=0  C=0):  setup_process:0 ../../../../jinku/macsim_traces/astar/trace.txt current_index:0 (1)
src/process_manager.cc:548: (I=0  C=0):  thread_count:1
src/process_manager.cc:455: (I=0  C=0):  setup_process:1 ../../../../jinku/macsim_traces/160810/16MB/trace.txt current_index:0 (1)
src/process_manager.cc:548: (I=0  C=0):  thread_count:1
1000000
2000000
3000000
4000000
** Heartbeat for core[00]:        insts:10000000    cycles:9288256    (371530200) seconds:89    -- 1.08 IPC (1.08 IPC) -- 0.00 KIPS (112.36 KIPS)
** Heartbeat for core[00]:  Thread:0      insts:10000000    cycles:9288256    (371530200) seconds:89    -- 1.08 IPC (1.08 IPC) -- 0.00 KIPS (112.36 KIPS)
5000000
6000000
** Heartbeat for core[01]:        insts:10000000    cycles:13864665   (554586560) seconds:135   -- 0.72 IPC (0.72 IPC) -- 0.00 KIPS (74.07 KIPS)
** Heartbeat for core[01]:  Thread:0      insts:10000000    cycles:13864665   (554586560) seconds:135   -- 0.72 IPC (0.72 IPC) -- 0.00 KIPS (74.07 KIPS)
7000000
8000000
** Heartbeat for core[00]:        insts:20000000    cycles:18414856   (736594200) seconds:182   -- 1.10 IPC (1.09 IPC) -- 107.53 KIPS (109.89 KIPS)
** Heartbeat for core[00]:  Thread:0      insts:20000000    cycles:18414856   (736594200) seconds:182   -- 1.10 IPC (1.09 IPC) -- 107.53 KIPS (109.89 KIPS)
9000000
10000000
11000000
** Heartbeat for core[01]:        insts:20000000    cycles:27151070   (1086042760) seconds:275   -- 0.75 IPC (0.74 IPC) -- 71.43 KIPS (72.73 KIPS)
** Heartbeat for core[01]:  Thread:0      insts:20000000    cycles:27151070   (1086042760) seconds:275   -- 0.75 IPC (0.74 IPC) -- 71.43 KIPS (72.73 KIPS)
** Heartbeat for core[00]:        insts:30000000    cycles:27386110   (1095444360) seconds:277   -- 1.11 IPC (1.10 IPC) -- 105.26 KIPS (108.30 KIPS)
** Heartbeat for core[00]:  Thread:0      insts:30000000    cycles:27386110   (1095444360) seconds:277   -- 1.11 IPC (1.10 IPC) -- 105.26 KIPS (108.30 KIPS)
12000000
13000000
14000000
15000000
** Heartbeat for core[00]:        insts:40000000    cycles:36337984   (1453519320) seconds:377   -- 1.12 IPC (1.10 IPC) -- 100.00 KIPS (106.10 KIPS)
** Heartbeat for core[00]:  Thread:0      insts:40000000    cycles:36337984   (1453519320) seconds:377   -- 1.12 IPC (1.10 IPC) -- 100.00 KIPS (106.10 KIPS)
16000000
17000000
** Heartbeat for core[01]:        insts:30000000    cycles:40425222   (1617008840) seconds:425   -- 0.75 IPC (0.74 IPC) -- 66.67 KIPS (70.59 KIPS)
** Heartbeat for core[01]:  Thread:0      insts:30000000    cycles:40425222   (1617008840) seconds:425   -- 0.75 IPC (0.74 IPC) -- 66.67 KIPS (70.59 KIPS)
18000000
19000000
** Heartbeat for core[00]:        insts:50000000    cycles:45364804   (1814592120) seconds:483   -- 1.11 IPC (1.10 IPC) -- 94.34 KIPS (103.52 KIPS)
** Heartbeat for core[00]:  Thread:0      insts:50000000    cycles:45364804   (1814592120) seconds:483   -- 1.11 IPC (1.10 IPC) -- 94.34 KIPS (103.52 KIPS)
20000000
21000000
22000000
23000000
** Heartbeat for core[01]:        insts:40000000    cycles:54571228   (2182849080) seconds:582   -- 0.71 IPC (0.73 IPC) -- 63.69 KIPS (68.73 KIPS)
** Heartbeat for core[01]:  Thread:0      insts:40000000    cycles:54571228   (2182849080) seconds:582   -- 0.71 IPC (0.73 IPC) -- 63.69 KIPS (68.73 KIPS)
24000000
** Heartbeat for core[00]:        insts:60000000    cycles:55289738   (2211589480) seconds:589   -- 1.01 IPC (1.09 IPC) -- 94.34 KIPS (101.87 KIPS)
** Heartbeat for core[00]:  Thread:0      insts:60000000    cycles:55289738   (2211589480) seconds:589   -- 1.01 IPC (1.09 IPC) -- 94.34 KIPS (101.87 KIPS)
25000000
26000000
27000000
28000000
29000000
30000000
30000000: 30m cycle
total access:[34838]
0:50:0.119018
total access:[93703]
1:1023:0.00425483
31000000
** Heartbeat for core[01]:        insts:50000000    cycles:72031385   (2881255360) seconds:755   -- 0.57 IPC (0.69 IPC) -- 57.80 KIPS (66.23 KIPS)
** Heartbeat for core[01]:  Thread:0      insts:50000000    cycles:72031385   (2881255360) seconds:755   -- 0.57 IPC (0.69 IPC) -- 57.80 KIPS (66.23 KIPS)
32000000
33000000
34000000
** Heartbeat for core[00]:        insts:70000000    cycles:79741868   (3189674680) seconds:833   -- 0.41 IPC (0.88 IPC) -- 40.98 KIPS (84.03 KIPS)
** Heartbeat for core[00]:  Thread:0      insts:70000000    cycles:79741868   (3189674680) seconds:833   -- 0.41 IPC (0.88 IPC) -- 40.98 KIPS (84.03 KIPS)
35000000
36000000
37000000
38000000
** Heartbeat for core[01]:        insts:60000000    cycles:89481462   (3579258440) seconds:935   -- 0.57 IPC (0.67 IPC) -- 55.56 KIPS (64.17 KIPS)
** Heartbeat for core[01]:  Thread:0      insts:60000000    cycles:89481462   (3579258440) seconds:935   -- 0.57 IPC (0.67 IPC) -- 55.56 KIPS (64.17 KIPS)
39000000
40000000
41000000
42000000
43000000
44000000
45000000
** Heartbeat for core[00]:        insts:80000000    cycles:104714671  (4188586800) seconds:1098  -- 0.40 IPC (0.76 IPC) -- 37.74 KIPS (72.86 KIPS)
** Heartbeat for core[00]:  Thread:0      insts:80000000    cycles:104714671  (4188586800) seconds:1098  -- 0.40 IPC (0.76 IPC) -- 37.74 KIPS (72.86 KIPS)
46000000
** Heartbeat for core[01]:        insts:70000000    cycles:106954677  (4278187040) seconds:1122  -- 0.57 IPC (0.65 IPC) -- 53.48 KIPS (62.39 KIPS)
** Heartbeat for core[01]:  Thread:0      insts:70000000    cycles:106954677  (4278187040) seconds:1122  -- 0.57 IPC (0.65 IPC) -- 53.48 KIPS (62.39 KIPS)
**Core 00 Core_Total  Finished:   insts:81067667    cycles:107374184  (4294967320) seconds:1127  -- 0.76 IPC (0.76 IPC) --  N/A  KHz (71.93 KHz)
**Core 00 Thread 00 Finished:   insts:81067667    cycles:107374184  (4294967320)  seconds:1127  -- 0.76 IPC (0.76 IPC) --  N/A  KHz (71.93 KHz) 
**Core 01 Core_Total  Finished:   insts:70280689    cycles:107374184  (4294967320) seconds:1127  -- 0.65 IPC (0.65 IPC) --  N/A  KHz (62.36 KHz)
**Core 01 Thread 00 Finished:   insts:70280689    cycles:107374184  (4294967320)  seconds:1127  -- 0.65 IPC (0.65 IPC) --  N/A  KHz (62.36 KHz) 
src/macsim.cc:617: (I=81067667  C=4294967361):  finalize simulation
src/macsim.cc:623: (I=81067667  C=4294967361):  elapsed time:1127.3 seconds
Done
