####################################################################################################
Interval
####################################################################################################
Cumulative:         Cycles:                  20000     Instructions:                  1200
POWER_L3CACHE_LINEFILL_BUF_R                               489651                        489651

POWER_L3CACHE_LINEFILL_BUF_W                               489651                        489651

POWER_L3CACHE_LINEFILL_BUF_R_TAG                           489651                        489651

POWER_L3CACHE_WB_BUF_R                                         31                            31

POWER_L3CACHE_WB_BUF_W                                         31                            31

POWER_L3CACHE_WB_BUF_R_TAG                                     31                            31

POWER_L3CACHE_R                                            698130                        698130

POWER_L3CACHE_W                                             58275                         58275

POWER_L3CACHE_R_TAG                                       1187781                       1187781

POWER_MC_R                                                8726329                       8726329

POWER_MC_W                                                 489682                        489682

POWER_BLOCK_STATES_R_CORE_0                             107374184                     107374184

POWER_BLOCK_STATES_W_CORE_0                             107374184                     107374184

POWER_FETCH_QUEUE_R_CORE_0                              104265716                     104265716

POWER_FETCH_QUEUE_W_CORE_0                              104265716                     104265716

POWER_INST_QUEUE_R_CORE_0                               224541954                     224541954

POWER_INST_QUEUE_W_CORE_0                               104265716                     104265716

POWER_BR_PRED_R_CORE_0                                   11466998                      11466998

POWER_BR_PRED_W_CORE_0                                   11338204                      11338204

POWER_RAS_R_CORE_0                                         560014                        560014

POWER_RAS_W_CORE_0                                         534516                        534516

POWER_ICACHE_R_CORE_0                                    26066429                      26066429

POWER_ICACHE_W_CORE_0                                         100                           100

POWER_ICACHE_R_TAG_CORE_0                                26066529                      26066529

POWER_ICACHE_MISS_BUF_R_CORE_0                                200                           200

POWER_ICACHE_MISS_BUF_W_CORE_0                                200                           200

POWER_ICACHE_MISS_BUF_R_TAG_CORE_0                            100                           100

POWER_ICACHE_MISS_BUF_W_TAG_CORE_0                              0                             0

POWER_ICACHE_TOT_ACC_CORE_0                                     0                             0

POWER_ICACHE_CONF_CORE_0                                        0                             0

POWER_INST_DECODER_R_CORE_0                              81067671                      81067671

POWER_INST_DECODER_W_CORE_0                                     0                             0

POWER_MICRO_OP_SEQ_R_CORE_0                                     0                             0

POWER_MICRO_OP_SEQ_W_CORE_0                                     0                             0

POWER_OPERAND_DECODER_R_CORE_0                           81067671                      81067671

POWER_OPERAND_DECODER_W_CORE_0                                  0                             0

POWER_UOP_QUEUE_R_CORE_0                                224541954                     224541954

POWER_UOP_QUEUE_W_CORE_0                                104265716                     104265716

POWER_REG_RENAMING_TABLE_R_CORE_0                       224541954                     224541954

POWER_REG_RENAMING_TABLE_W_CORE_0                       104265716                     104265716

POWER_DEP_CHECK_LOGIC_R_CORE_0                          104265716                     104265716

POWER_FREELIST_R_CORE_0                                 224541954                     224541954

POWER_FREELIST_W_CORE_0                                 104265716                     104265716

POWER_RESERVATION_STATION_R_CORE_0                      104266205                     104266205

POWER_RESERVATION_STATION_W_CORE_0                      104265716                     104265716

POWER_RESERVATION_STATION_R_TAG_CORE_0                  104266205                     104266205

POWER_RESERVATION_STATION_W_TAG_CORE_0                          0                             0

POWER_INST_ISSUE_SEL_LOGIC_R_CORE_0                     104266205                     104266205

POWER_INST_ISSUE_SEL_LOGIC_W_CORE_0                     104265713                     104265713

POWER_PAYLOAD_RAM_R_CORE_0                              104266205                     104266205

POWER_PAYLOAD_RAM_W_CORE_0                              104265713                     104265713

POWER_EX_ALU_R_CORE_0                                    64195538                      64195538

POWER_EX_FPU_R_CORE_0                                       61509                         61509

POWER_EX_MUL_R_CORE_0                                     4323198                       4323198

POWER_EX_SFU_R_CORE_0                                           0                             0

POWER_REORDER_BUF_R_CORE_0                              104265710                     104265710

POWER_REORDER_BUF_W_CORE_0                              208531432                     208531432

POWER_INST_COMMIT_SEL_LOGIC_R_CORE_0                    104265710                     104265710

POWER_INST_COMMIT_SEL_LOGIC_W_CORE_0                    104265716                     104265716

POWER_FP_RENAME_R_CORE_0                                   149418                        149418

POWER_FP_RENAME_W_CORE_0                                        0                             0

POWER_LOAD_QUEUE_R_CORE_0                                28527462                      28527462

POWER_LOAD_QUEUE_W_CORE_0                                28527462                      28527462

POWER_LOAD_QUEUE_R_TAG_CORE_0                            28527462                      28527462

POWER_LOAD_QUEUE_W_TAG_CORE_0                                   0                             0

POWER_STORE_QUEUE_R_CORE_0                                7158498                       7158498

POWER_STORE_QUEUE_W_CORE_0                                7158498                       7158498

POWER_STORE_QUEUE_R_TAG_CORE_0                            7158498                       7158498

POWER_STORE_QUEUE_W_TAG_CORE_0                                  0                             0

POWER_DATA_TLB_R_CORE_0                                  28527462                      28527462

POWER_DATA_TLB_W_CORE_0                                         0                             0

POWER_DATA_TLB_R_TAG_CORE_0                                     0                             0

POWER_DATA_TLB_W_TAG_CORE_0                                     0                             0

POWER_INT_REGFILE_R_CORE_0                              172722940                     172722940

POWER_INT_REGFILE_W_CORE_0                              104204204                     104204204

POWER_FP_REGFILE_R_CORE_0                                  119931                        119931

POWER_FP_REGFILE_W_CORE_0                                   61509                         61509

POWER_GP_REGISTER_R_CORE_0                              172722940                     172722940

POWER_GP_REGISTER_W_CORE_0                              104204204                     104204204

POWER_FP_REGISTER_R_CORE_0                                 123018                        123018

POWER_FP_REGISTER_W_CORE_0                                  61509                         61509

POWER_SEGMENT_REGISTER_R_CORE_0                          35685468                      35685468

POWER_SEGMENT_REGISTER_W_CORE_0                          70120328                      70120328

POWER_CONTROL_REGISTER_R_CORE_0                                 0                             0

POWER_CONTROL_REGISTER_W_CORE_0                           2025039                       2025039

POWER_FLAG_REGISTER_R_CORE_0                                    0                             0

POWER_FLAG_REGISTER_W_CORE_0                                    0                             0

POWER_EXEC_BYPASS_CORE_0                                104265713                     104265713

POWER_LOAD_BYPASS_CORE_0                                  1428095                       1428095

POWER_PIPELINE_CORE_0                                    81067667                      81067667

POWER_DCACHE_MISS_BUF_R_CORE_0                            1427895                       1427895

POWER_DCACHE_MISS_BUF_R_TAG_CORE_0                        1657018                       1657018

POWER_DCACHE_MISS_BUF_W_CORE_0                            1657018                       1657018

POWER_DCACHE_MISS_BUF_W_TAG_CORE_0                              0                             0

POWER_DCACHE_LINEFILL_BUF_R_CORE_0                              0                             0

POWER_L2CACHE_LINEFILL_BUF_R_CORE_0                        948710                        948710

POWER_DCACHE_LINEFILL_BUF_W_CORE_0                              0                             0

POWER_L2CACHE_LINEFILL_BUF_W_CORE_0                        932103                        932103

POWER_DCACHE_LINEFILL_BUF_R_TAG_CORE_0                          0                             0

POWER_L2CACHE_LINEFILL_BUF_R_TAG_CORE_0                   1166766                       1166766

POWER_DCACHE_LINEFILL_BUF_W_TAG_CORE_0                          0                             0

POWER_DCACHE_WB_BUF_R_CORE_0                               218056                        218056

POWER_L2CACHE_WB_BUF_R_CORE_0                                   0                             0

POWER_DCACHE_WB_BUF_W_CORE_0                               218056                        218056

POWER_L2CACHE_WB_BUF_W_CORE_0                                   0                             0

POWER_DCACHE_WB_BUF_R_TAG_CORE_0                           436112                        436112

POWER_L2CACHE_WB_BUF_R_TAG_CORE_0                               0                             0

POWER_DCACHE_WB_BUF_W_TAG_CORE_0                                0                             0

POWER_DCACHE_R_CORE_0                                    34028450                      34028450

POWER_L2CACHE_R_CORE_0                                          0                             0

POWER_DCACHE_W_CORE_0                                      713947                        713947

POWER_L2CACHE_W_CORE_0                                          0                             0

POWER_DCACHE_R_TAG_CORE_0                                35685468                      35685468

POWER_L2CACHE_R_TAG_CORE_0                                      0                             0

POWER_CONST_CACHE_R_CORE_0                                      0                             0

POWER_CONST_CACHE_W_CORE_0                                      0                             0

POWER_CONST_CACHE_R_TAG_CORE_0                                  0                             0

POWER_CONST_CACHE_W_TAG_CORE_0                                  0                             0

POWER_TEXTURE_CACHE_R_CORE_0                                    0                             0

POWER_TEXTURE_CACHE_W_CORE_0                                    0                             0

POWER_TEXTURE_CACHE_R_TAG_CORE_0                                0                             0

POWER_TEXTURE_CACHE_W_TAG_CORE_0                                0                             0

POWER_SHARED_MEM_R_CORE_0                                       0                             0

POWER_SHARED_MEM_W_CORE_0                                       0                             0

POWER_SHARED_MEM_R_TAG_CORE_0                                   0                             0

POWER_SHARED_MEM_W_TAG_CORE_0                                   0                             0

POWER_BLOCK_STATES_R_CORE_1                             107374184                     107374184

POWER_BLOCK_STATES_W_CORE_1                             107374184                     107374184

POWER_FETCH_QUEUE_R_CORE_1                               99858588                      99858588

POWER_FETCH_QUEUE_W_CORE_1                               99858588                      99858588

POWER_INST_QUEUE_R_CORE_1                               208060983                     208060983

POWER_INST_QUEUE_W_CORE_1                                99858333                      99858333

POWER_BR_PRED_R_CORE_1                                    7412259                       7412259

POWER_BR_PRED_W_CORE_1                                    7410743                       7410743

POWER_RAS_R_CORE_1                                           1009                          1009

POWER_RAS_W_CORE_1                                            781                           781

POWER_ICACHE_R_CORE_1                                    24964647                      24964647

POWER_ICACHE_W_CORE_1                                         564                           564

POWER_ICACHE_R_TAG_CORE_1                                24965211                      24965211

POWER_ICACHE_MISS_BUF_R_CORE_1                               1128                          1128

POWER_ICACHE_MISS_BUF_W_CORE_1                               1128                          1128

POWER_ICACHE_MISS_BUF_R_TAG_CORE_1                            564                           564

POWER_ICACHE_MISS_BUF_W_TAG_CORE_1                              0                             0

POWER_ICACHE_TOT_ACC_CORE_1                                     0                             0

POWER_ICACHE_CONF_CORE_1                                        0                             0

POWER_INST_DECODER_R_CORE_1                              70280966                      70280966

POWER_INST_DECODER_W_CORE_1                                     0                             0

POWER_MICRO_OP_SEQ_R_CORE_1                                     0                             0

POWER_MICRO_OP_SEQ_W_CORE_1                                     0                             0

POWER_OPERAND_DECODER_R_CORE_1                           70280966                      70280966

POWER_OPERAND_DECODER_W_CORE_1                                  0                             0

POWER_UOP_QUEUE_R_CORE_1                                208060983                     208060983

POWER_UOP_QUEUE_W_CORE_1                                 99858333                      99858333

POWER_REG_RENAMING_TABLE_R_CORE_1                       208060983                     208060983

POWER_REG_RENAMING_TABLE_W_CORE_1                        99858333                      99858333

POWER_DEP_CHECK_LOGIC_R_CORE_1                           99858588                      99858588

POWER_FREELIST_R_CORE_1                                 208060983                     208060983

POWER_FREELIST_W_CORE_1                                  99858333                      99858333

POWER_RESERVATION_STATION_R_CORE_1                       99897697                      99897697

POWER_RESERVATION_STATION_W_CORE_1                       99858298                      99858298

POWER_RESERVATION_STATION_R_TAG_CORE_1                   99897697                      99897697

POWER_RESERVATION_STATION_W_TAG_CORE_1                          0                             0

POWER_INST_ISSUE_SEL_LOGIC_R_CORE_1                      99897697                      99897697

POWER_INST_ISSUE_SEL_LOGIC_W_CORE_1                      99858274                      99858274

POWER_PAYLOAD_RAM_R_CORE_1                               99897697                      99897697

POWER_PAYLOAD_RAM_W_CORE_1                               99858274                      99858274

POWER_EX_ALU_R_CORE_1                                    55512874                      55512874

POWER_EX_FPU_R_CORE_1                                          56                            56

POWER_EX_MUL_R_CORE_1                                         325                           325

POWER_EX_SFU_R_CORE_1                                           0                             0

POWER_REORDER_BUF_R_CORE_1                               99858187                      99858187

POWER_REORDER_BUF_W_CORE_1                              199716666                     199716666

POWER_INST_COMMIT_SEL_LOGIC_R_CORE_1                     99858187                      99858187

POWER_INST_COMMIT_SEL_LOGIC_W_CORE_1                     99858333                      99858333

POWER_FP_RENAME_R_CORE_1                                       74                            74

POWER_FP_RENAME_W_CORE_1                                        0                             0

POWER_LOAD_QUEUE_R_CORE_1                                33255226                      33255226

POWER_LOAD_QUEUE_W_CORE_1                                33255226                      33255226

POWER_LOAD_QUEUE_R_TAG_CORE_1                            33255226                      33255226

POWER_LOAD_QUEUE_W_TAG_CORE_1                                   0                             0

POWER_STORE_QUEUE_R_CORE_1                               11129216                      11129216

POWER_STORE_QUEUE_W_CORE_1                               11129216                      11129216

POWER_STORE_QUEUE_R_TAG_CORE_1                           11129216                      11129216

POWER_STORE_QUEUE_W_TAG_CORE_1                                  0                             0

POWER_DATA_TLB_R_CORE_1                                  33255226                      33255226

POWER_DATA_TLB_W_CORE_1                                         0                             0

POWER_DATA_TLB_R_TAG_CORE_1                                     0                             0

POWER_DATA_TLB_W_TAG_CORE_1                                     0                             0

POWER_INT_REGFILE_R_CORE_1                              155371417                     155371417

POWER_INT_REGFILE_W_CORE_1                               99858218                      99858218

POWER_FP_REGFILE_R_CORE_1                                     112                           112

POWER_FP_REGFILE_W_CORE_1                                      56                            56

POWER_GP_REGISTER_R_CORE_1                              155371417                     155371417

POWER_GP_REGISTER_W_CORE_1                               99858218                      99858218

POWER_FP_REGISTER_R_CORE_1                                    112                           112

POWER_FP_REGISTER_W_CORE_1                                     56                            56

POWER_SEGMENT_REGISTER_R_CORE_1                          44345019                      44345019

POWER_SEGMENT_REGISTER_W_CORE_1                          81307145                      81307145

POWER_CONTROL_REGISTER_R_CORE_1                                 0                             0

POWER_CONTROL_REGISTER_W_CORE_1                           7391435                       7391435

POWER_FLAG_REGISTER_R_CORE_1                                    0                             0

POWER_FLAG_REGISTER_W_CORE_1                                    0                             0

POWER_EXEC_BYPASS_CORE_1                                 99858274                      99858274

POWER_LOAD_BYPASS_CORE_1                                   947469                        947469

POWER_PIPELINE_CORE_1                                    70280689                      70280689

POWER_DCACHE_MISS_BUF_R_CORE_1                             946341                        946341

POWER_DCACHE_MISS_BUF_R_TAG_CORE_1                        6578965                       6578965

POWER_DCACHE_MISS_BUF_W_CORE_1                            6578965                       6578965

POWER_DCACHE_MISS_BUF_W_TAG_CORE_1                              0                             0

POWER_DCACHE_LINEFILL_BUF_R_CORE_1                              0                             0

POWER_L2CACHE_LINEFILL_BUF_R_CORE_1                       1900727                       1900727

POWER_DCACHE_LINEFILL_BUF_W_CORE_1                              0                             0

POWER_L2CACHE_LINEFILL_BUF_W_CORE_1                        536790                        536790

POWER_DCACHE_LINEFILL_BUF_R_TAG_CORE_1                          0                             0

POWER_L2CACHE_LINEFILL_BUF_R_TAG_CORE_1                   1963783                       1963783

POWER_DCACHE_LINEFILL_BUF_W_TAG_CORE_1                          0                             0

POWER_DCACHE_WB_BUF_R_CORE_1                                63056                         63056

POWER_L2CACHE_WB_BUF_R_CORE_1                                   0                             0

POWER_DCACHE_WB_BUF_W_CORE_1                                63056                         63056

POWER_L2CACHE_WB_BUF_W_CORE_1                                   0                             0

POWER_DCACHE_WB_BUF_R_TAG_CORE_1                           126112                        126112

POWER_L2CACHE_WB_BUF_R_TAG_CORE_1                               0                             0

POWER_DCACHE_WB_BUF_W_TAG_CORE_1                                0                             0

POWER_DCACHE_R_CORE_1                                    37766054                      37766054

POWER_L2CACHE_R_CORE_1                                          0                             0

POWER_DCACHE_W_CORE_1                                      473170                        473170

POWER_L2CACHE_W_CORE_1                                          0                             0

POWER_DCACHE_R_TAG_CORE_1                                44345019                      44345019

POWER_L2CACHE_R_TAG_CORE_1                                      0                             0

POWER_CONST_CACHE_R_CORE_1                                      0                             0

POWER_CONST_CACHE_W_CORE_1                                      0                             0

POWER_CONST_CACHE_R_TAG_CORE_1                                  0                             0

POWER_CONST_CACHE_W_TAG_CORE_1                                  0                             0

POWER_TEXTURE_CACHE_R_CORE_1                                    0                             0

POWER_TEXTURE_CACHE_W_CORE_1                                    0                             0

POWER_TEXTURE_CACHE_R_TAG_CORE_1                                0                             0

POWER_TEXTURE_CACHE_W_TAG_CORE_1                                0                             0

POWER_SHARED_MEM_R_CORE_1                                       0                             0

POWER_SHARED_MEM_W_CORE_1                                       0                             0

POWER_SHARED_MEM_R_TAG_CORE_1                                   0                             0

POWER_SHARED_MEM_W_TAG_CORE_1                                   0                             0

