####################################################################################################
Interval
####################################################################################################
Cumulative:         Cycles:                  20000     Instructions:                  1200
AVG_MEMORY_LATENCY_BASE                                   6071345                       6071345

AVG_MEMORY_LATENCY                                      969728446                       159.722

MSHR_FULL                                                       0                             0

TOTAL_MEMORY                                              5872247                       5872247

TOTAL_MEMORY_MERGE                                        2344407                      0.399235

TOTAL_WB                                                   199132                     0.0339107

L1_WB                                                      198759                      0.998127

L2_WB                                                           0                             0

L3_WB                                                         373                    0.00187313

TOTAL_DRAM                                                2615469                       2615469

TOTAL_DRAM_MERGE                                                0                             0

L1_HIT_CPU                                               45941697                      45941697

L1_HIT_GPU                                                      0                             0

L1_MISS_CPU                                               5871598                       5871598

L1_MISS_GPU                                                     0                             0

L2_HIT_CPU                                                      0                             0

L2_HIT_GPU                                                      0                             0

L2_MISS_CPU                                               3527839                       3527839

L2_MISS_GPU                                                     0                             0

L3_HIT_CPU                                                 912741                        912741

L3_HIT_GPU                                                      0                             0

L3_MISS_CPU                                               2615096                       2615096

L3_MISS_GPU                                                     0                             0

L3_HIT_PROMOTION_CPU                                            0                             0

L3_HIT_PROMOTION_GPU                                            0                             0

FETCH_THREAD_SKIP_LD_WAIT                                       0                             0

FETCH_THREAD_SKIP_BR_WAIT                                       0                             0

FETCH_THREAD_SKIP_SCHED_WAIT                                    0                             0

NUM_MUL_TRANS_CM_TM_DM_INST                                     0                             0

NUM_MUL_TRANS_CM_TM_DM                                          0                           NaN

CONST_CACHE_HIT                                                 0                             0

CONST_CACHE_MISS                                                0                             0

CONST_CACHE_MISS_NO_EXECUTE                                     0                             0

CONST_CACHE_ACCESS                                              0                             0

TEXTURE_CACHE_HIT                                               0                             0

TEXTURE_CACHE_MISS                                              0                             0

TEXTURE_CACHE_NO_EXECUTE                                        0                             0

TEXTURE_CACHE_ACCESS                                            0                             0

SHARED_MEM_INST                                                 0                             0

SHARED_MEM_ACCESS                                               0                             0

CACHE_BANK_BUSY                                             34953                         34953

ICACHE_MISS_TOTAL                                             649                           649

TOTAL_CAGE_PERIOD                                               0                             0

TOTAL_CAGE_APPL0                                                0                           NaN

TOTAL_CAGE_APPL1                                                0                           NaN

TOTAL_CAGE_APPL2                                                0                           NaN

TOTAL_CAGE_APPL3                                                0                           NaN

TOTAL_CAGE_APPL4                                                0                           NaN

ABIP_AVG_RATIO_BASE                                             0                             0

ABIP_AVG_RATIO                                                  0                           NaN

TOTAL_WRITE_ACKS                                                0                             0

TOTAL_WRITES                                                    0                             0

NUM_PHYSICAL_PAGES                                              0                             0

COAL_INST                                                       0                          NaN 
UNCOAL_INST                                                     0                          NaN 
                                                                0                           100%

COAL_INST_SINGLE_TRANS                                          0                          NaN 
COAL_INST_MUL_TRANS                                             0                          NaN 
UNCOAL_INST_MUL_TRANS                                           0                          NaN 
                                                                0                           100%

SM_COAL_INST                                                    0                          NaN 
CM_COAL_INST                                                    0                          NaN 
TM_COAL_INST                                                    0                          NaN 
DM_COAL_INST                                                    0                          NaN 
                                                                0                           100%

SM_UNCOAL_INST                                                  0                          NaN 
CM_UNCOAL_INST                                                  0                          NaN 
TM_UNCOAL_INST                                                  0                          NaN 
DM_UNCOAL_INST                                                  0                          NaN 
                                                                0                           100%

SM_COAL_INST_SINGLE_TRANS                                       0                          NaN 
CM_COAL_INST_SINGLE_TRANS                                       0                          NaN 
TM_COAL_INST_SINGLE_TRANS                                       0                          NaN 
DM_COAL_INST_SINGLE_TRANS                                       0                          NaN 
                                                                0                           100%

SM_COAL_INST_MUL_TRANS                                          0                          NaN 
CM_COAL_INST_MUL_TRANS                                          0                          NaN 
TM_COAL_INST_MUL_TRANS                                          0                          NaN 
DM_COAL_INST_MUL_TRANS                                          0                          NaN 
                                                                0                           100%

LD_NO_FORWARD                                            24915424                       63.4364%
FORWARDED_LD                                             14360818                       36.5636%
                                                         39276242                           100%

L3_TOT_ACCESS_CORE_CORE_0                                  630860                        630860

L3_HIT_CORE_CORE_0                                         549010                        549010

L3_MISS_CORE_CORE_0                                         81850                         81850

L3_HIT_RATE_CORE_CORE_0                                    549010                      0.870256

L3_MISS_RATE_CORE_CORE_0                                    81850                      0.129744

L3_BYPASS_CORE_CORE_0                                       48775                         48775

MEM_STALL_CYCLE_CORE_0                                          0                             0

ICACHE_FILL_CORE_0                                            100                           100

NUM_WRITE_ACKS_CORE_0                                           0                             0

NUM_WRITES_CORE_0                                               0                             0

ICACHE_HIT_CORE_0                                        24014667                       99.9996%
ICACHE_MISS_CORE_0                                            100                    0.00041641%
                                                         24014767                           100%

L3_TOT_ACCESS_CORE_CORE_1                                 2896977                       2896977

L3_HIT_CORE_CORE_1                                         363731                        363731

L3_MISS_CORE_CORE_1                                       2533246                       2533246

L3_HIT_RATE_CORE_CORE_1                                    363731                      0.125555

L3_MISS_RATE_CORE_CORE_1                                  2533246                      0.874445

L3_BYPASS_CORE_CORE_1                                     2499641                       2499641

MEM_STALL_CYCLE_CORE_1                                          0                             0

ICACHE_FILL_CORE_1                                            549                           549

NUM_WRITE_ACKS_CORE_1                                           0                             0

NUM_WRITES_CORE_1                                               0                             0

ICACHE_HIT_CORE_1                                        14416426                       99.9962%
ICACHE_MISS_CORE_1                                            549                    0.00380801%
                                                         14416975                           100%

