####################################################################################################
Interval
####################################################################################################
Cumulative:         Cycles:                  20000     Instructions:                  1200
TOTAL_PACKET_CPU                                         12286214                      12286214

TOTAL_PACKET_GPU                                                0                             0

NOC_AVG_LATENCY_BASE                                     12286213                      12286213

NOC_AVG_LATENCY_BASE_CPU                                 12286213                      12286213

NOC_AVG_LATENCY_BASE_GPU                                        0                             0

NOC_AVG_LATENCY                                         124132894                       10.1034

NOC_AVG_LATENCY_CPU                                     124132894                       10.1034

NOC_AVG_LATENCY_GPU                                             0                           NaN

NOC_AVG_ACTIVE_PACKET_BASE                               12286214                      12286214

NOC_AVG_ACTIVE_PACKET_BASE_CPU                           12286214                      12286214

NOC_AVG_ACTIVE_PACKET_BASE_GPU                                  0                             0

NOC_AVG_ACTIVE_PACKET                                    40981297                       3.33555

NOC_AVG_ACTIVE_PACKET_CPU                                40981297                       3.33555

NOC_AVG_ACTIVE_PACKET_GPU                                       0                           NaN

NOC_IDLE_CHANNEL                                                0                             0

NOC_IDLE_CHANNEL_CPU                                            0                             0

NOC_IDLE_CHANNEL_GPU                                            0                             0

NOC_IDLE_CHANNEL_L3                                             0                             0

NOC_IDLE_CHANNEL_MC                                             0                             0

NOC_AVG_WAIT_IN_ROUTER_BASE                              25834148                      25834148

NOC_AVG_WAIT_IN_ROUTER_BASE_CPU                           7686523                       7686523

NOC_AVG_WAIT_IN_ROUTER_BASE_GPU                                 0                             0

NOC_AVG_WAIT_IN_ROUTER_BASE_L3                           12286213                      12286213

NOC_AVG_WAIT_IN_ROUTER_BASE_MC                            5861412                       5861412

NOC_AVG_WAIT_IN_ROUTER                                  204101972                       7.90047

NOC_AVG_WAIT_IN_ROUTER_CPU                               61249980                       7.96849

NOC_AVG_WAIT_IN_ROUTER_GPU                                      0                           NaN

NOC_AVG_WAIT_IN_ROUTER_L3                                97036760                       7.89802

NOC_AVG_WAIT_IN_ROUTER_MC                                45815232                       7.81642

NOC_LINK_ACTIVE                                          40644491                      40644491

