Arguments: ./macsim --l3_repl==PDP 
src/macsim.cc:133: (I=0  C=0):  initialize knobs
number of cores : 2
src/macsim.cc:531: (I=0  C=0):  initialize simulation
src/macsim.cc:327: (I=0  C=0):  initialize cores (2/0/0)
src/memory.cc:1695: (I=0  C=0):  Memory system(l2_decoupled_network) has been initialized.
l3_policy: PDP,PDP
0
1
ip_table done
set num:2048
src/network_ring.cc:107: (I=0  C=0):  TOTAL_ROUTER:4 CPU:2 GPU:0 L3:1 MC:1
src/network_ring.cc:312: (I=0  C=0):  RING topology
0 <-> 1 <-> 2 <-> 3 <-> 
enabling bug detector
src/macsim.cc:748: (I=0  C=0):  Initializing new noc

src/macsim.cc:839: (I=0  C=0):  Clock LCM           : 920
src/macsim.cc:840: (I=0  C=0):  CPU clock frequency : 2.3 GHz
src/macsim.cc:841: (I=0  C=0):  GPU clock frequency : 2.3 GHz
src/macsim.cc:842: (I=0  C=0):  L3  clock frequency : 1 GHz
src/macsim.cc:843: (I=0  C=0):  NOC clock frequency : 1 GHz
src/macsim.cc:844: (I=0  C=0):  MC  clock frequency : 0.8 GHz
src/process_manager.cc:455: (I=0  C=0):  setup_process:0 ../../../../jinku/macsim_traces/astar/trace.txt current_index:0 (1)
src/process_manager.cc:548: (I=0  C=0):  thread_count:1
src/process_manager.cc:455: (I=0  C=0):  setup_process:1 ../../BWC7_14MB/trace.txt current_index:0 (1)
src/process_manager.cc:548: (I=0  C=0):  thread_count:1
1000000
2000000
3000000
4000000
** Heartbeat for core[00]:        insts:10000000    cycles:9696509    (387860320) seconds:113   -- 1.03 IPC (1.03 IPC) -- 0.00 KIPS (88.50 KIPS)
** Heartbeat for core[00]:  Thread:0      insts:10000000    cycles:9696509    (387860320) seconds:113   -- 1.03 IPC (1.03 IPC) -- 0.00 KIPS (88.50 KIPS)
5000000
6000000
7000000
8000000
** Heartbeat for core[00]:        insts:20000000    cycles:19275275   (771010960) seconds:244   -- 1.04 IPC (1.04 IPC) -- 76.34 KIPS (81.97 KIPS)
** Heartbeat for core[00]:  Thread:0      insts:20000000    cycles:19275275   (771010960) seconds:244   -- 1.04 IPC (1.04 IPC) -- 76.34 KIPS (81.97 KIPS)
9000000
10000000
11000000
12000000
** Heartbeat for core[01]:        insts:10000000    cycles:28235273   (1129410880) seconds:360   -- 0.35 IPC (0.35 IPC) -- 0.00 KIPS (27.78 KIPS)
** Heartbeat for core[01]:  Thread:0      insts:10000000    cycles:28235273   (1129410880) seconds:360   -- 0.35 IPC (0.35 IPC) -- 0.00 KIPS (27.78 KIPS)
** Heartbeat for core[00]:        insts:30000000    cycles:28687772   (1147510840) seconds:366   -- 1.06 IPC (1.05 IPC) -- 81.97 KIPS (81.97 KIPS)
** Heartbeat for core[00]:  Thread:0      insts:30000000    cycles:28687772   (1147510840) seconds:366   -- 1.06 IPC (1.05 IPC) -- 81.97 KIPS (81.97 KIPS)
13000000
14000000
15000000
16000000
** Heartbeat for core[00]:        insts:40000000    cycles:38151888   (1526075480) seconds:496   -- 1.06 IPC (1.05 IPC) -- 76.92 KIPS (80.65 KIPS)
** Heartbeat for core[00]:  Thread:0      insts:40000000    cycles:38151888   (1526075480) seconds:496   -- 1.06 IPC (1.05 IPC) -- 76.92 KIPS (80.65 KIPS)
17000000
18000000
19000000
20000000
20000000: 20m cycle
0:1076:35.3503
way:2
1:2047:0.00500832
way:30
** Heartbeat for core[00]:        insts:50000000    cycles:47792162   (1911686440) seconds:628   -- 1.04 IPC (1.05 IPC) -- 75.76 KIPS (79.62 KIPS)
** Heartbeat for core[00]:  Thread:0      insts:50000000    cycles:47792162   (1911686440) seconds:628   -- 1.04 IPC (1.05 IPC) -- 75.76 KIPS (79.62 KIPS)
21000000
22000000
23000000
24000000
** Heartbeat for core[01]:        insts:20000000    cycles:55202565   (2208102560) seconds:730   -- 0.37 IPC (0.36 IPC) -- 27.03 KIPS (27.40 KIPS)
** Heartbeat for core[01]:  Thread:0      insts:20000000    cycles:55202565   (2208102560) seconds:730   -- 0.37 IPC (0.36 IPC) -- 27.03 KIPS (27.40 KIPS)
25000000
26000000
27000000
** Heartbeat for core[00]:        insts:60000000    cycles:63625262   (2545010440) seconds:840   -- 0.63 IPC (0.94 IPC) -- 47.17 KIPS (71.43 KIPS)
** Heartbeat for core[00]:  Thread:0      insts:60000000    cycles:63625262   (2545010440) seconds:840   -- 0.63 IPC (0.94 IPC) -- 47.17 KIPS (71.43 KIPS)
28000000
29000000
30000000
31000000
32000000
33000000
34000000
35000000
** Heartbeat for core[01]:        insts:30000000    cycles:82443408   (3297736280) seconds:1081  -- 0.37 IPC (0.36 IPC) -- 28.49 KIPS (27.75 KIPS)
** Heartbeat for core[01]:  Thread:0      insts:30000000    cycles:82443408   (3297736280) seconds:1081  -- 0.37 IPC (0.36 IPC) -- 28.49 KIPS (27.75 KIPS)
36000000
37000000
38000000
39000000
40000000
40000000: 20m cycle
0:1181:123.546
way:2
1:2047:0.00442465
way:30
** Heartbeat for core[00]:        insts:70000000    cycles:92794655   (3711786160) seconds:1214  -- 0.34 IPC (0.75 IPC) -- 26.74 KIPS (57.66 KIPS)
** Heartbeat for core[00]:  Thread:0      insts:70000000    cycles:92794655   (3711786160) seconds:1214  -- 0.34 IPC (0.75 IPC) -- 26.74 KIPS (57.66 KIPS)
41000000
42000000
43000000
44000000
45000000
46000000
**Core 00 Core_Total  Finished:   insts:74686660    cycles:107374184  (4294967320) seconds:1395  -- 0.70 IPC (0.70 IPC) --  N/A  KHz (53.54 KHz)
**Core 00 Thread 00 Finished:   insts:74686660    cycles:107374184  (4294967320)  seconds:1395  -- 0.70 IPC (0.70 IPC) --  N/A  KHz (53.54 KHz) 
**Core 01 Core_Total  Finished:   insts:39015849    cycles:107374184  (4294967320) seconds:1395  -- 0.36 IPC (0.36 IPC) --  N/A  KHz (27.97 KHz)
**Core 01 Thread 00 Finished:   insts:39015849    cycles:107374184  (4294967320)  seconds:1395  -- 0.36 IPC (0.36 IPC) --  N/A  KHz (27.97 KHz) 
src/macsim.cc:617: (I=74686660  C=4294967361):  finalize simulation
src/macsim.cc:623: (I=74686660  C=4294967361):  elapsed time:1394.9 seconds
Done
