####################################################################################################
Interval
####################################################################################################
Cumulative:         Cycles:                  20000     Instructions:                  1200
AVG_MEMORY_LATENCY_BASE                                   8456546                       8456546

AVG_MEMORY_LATENCY                                      547027403                       64.6869

MSHR_FULL                                                       0                             0

TOTAL_MEMORY                                              8175663                       8175663

TOTAL_MEMORY_MERGE                                        6991958                      0.855216

TOTAL_WB                                                   280894                     0.0343573

L1_WB                                                      280892                      0.999993

L2_WB                                                           0                             0

L3_WB                                                           2                   7.12012e-06

TOTAL_DRAM                                                 495874                        495874

TOTAL_DRAM_MERGE                                                0                             0

L1_HIT_CPU                                               71367031                      71367031

L1_HIT_GPU                                                      0                             0

L1_MISS_CPU                                               8174999                       8174999

L1_MISS_GPU                                                     0                             0

L2_HIT_CPU                                                      0                             0

L2_HIT_GPU                                                      0                             0

L2_MISS_CPU                                               1183705                       1183705

L2_MISS_GPU                                                     0                             0

L3_HIT_CPU                                                 687831                        687831

L3_HIT_GPU                                                      0                             0

L3_MISS_CPU                                                495872                        495872

L3_MISS_GPU                                                     0                             0

L3_HIT_PROMOTION_CPU                                            0                             0

L3_HIT_PROMOTION_GPU                                            0                             0

FETCH_THREAD_SKIP_LD_WAIT                                       0                             0

FETCH_THREAD_SKIP_BR_WAIT                                       0                             0

FETCH_THREAD_SKIP_SCHED_WAIT                                    0                             0

NUM_MUL_TRANS_CM_TM_DM_INST                                     0                             0

NUM_MUL_TRANS_CM_TM_DM                                          0                           NaN

CONST_CACHE_HIT                                                 0                             0

CONST_CACHE_MISS                                                0                             0

CONST_CACHE_MISS_NO_EXECUTE                                     0                             0

CONST_CACHE_ACCESS                                              0                             0

TEXTURE_CACHE_HIT                                               0                             0

TEXTURE_CACHE_MISS                                              0                             0

TEXTURE_CACHE_NO_EXECUTE                                        0                             0

TEXTURE_CACHE_ACCESS                                            0                             0

SHARED_MEM_INST                                                 0                             0

SHARED_MEM_ACCESS                                               0                             0

CACHE_BANK_BUSY                                           7509550                       7509550

ICACHE_MISS_TOTAL                                             664                           664

TOTAL_CAGE_PERIOD                                               0                             0

TOTAL_CAGE_APPL0                                                0                           NaN

TOTAL_CAGE_APPL1                                                0                           NaN

TOTAL_CAGE_APPL2                                                0                           NaN

TOTAL_CAGE_APPL3                                                0                           NaN

TOTAL_CAGE_APPL4                                                0                           NaN

ABIP_AVG_RATIO_BASE                                             0                             0

ABIP_AVG_RATIO                                                  0                           NaN

TOTAL_WRITE_ACKS                                                0                             0

TOTAL_WRITES                                                    0                             0

NUM_PHYSICAL_PAGES                                              0                             0

COAL_INST                                                       0                          NaN 
UNCOAL_INST                                                     0                          NaN 
                                                                0                           100%

COAL_INST_SINGLE_TRANS                                          0                          NaN 
COAL_INST_MUL_TRANS                                             0                          NaN 
UNCOAL_INST_MUL_TRANS                                           0                          NaN 
                                                                0                           100%

SM_COAL_INST                                                    0                          NaN 
CM_COAL_INST                                                    0                          NaN 
TM_COAL_INST                                                    0                          NaN 
DM_COAL_INST                                                    0                          NaN 
                                                                0                           100%

SM_UNCOAL_INST                                                  0                          NaN 
CM_UNCOAL_INST                                                  0                          NaN 
TM_UNCOAL_INST                                                  0                          NaN 
DM_UNCOAL_INST                                                  0                          NaN 
                                                                0                           100%

SM_COAL_INST_SINGLE_TRANS                                       0                          NaN 
CM_COAL_INST_SINGLE_TRANS                                       0                          NaN 
TM_COAL_INST_SINGLE_TRANS                                       0                          NaN 
DM_COAL_INST_SINGLE_TRANS                                       0                          NaN 
                                                                0                           100%

SM_COAL_INST_MUL_TRANS                                          0                          NaN 
CM_COAL_INST_MUL_TRANS                                          0                          NaN 
TM_COAL_INST_MUL_TRANS                                          0                          NaN 
DM_COAL_INST_MUL_TRANS                                          0                          NaN 
                                                                0                           100%

LD_NO_FORWARD                                            33317837                       54.2752%
FORWARDED_LD                                             28068987                       45.7248%
                                                         61386824                           100%

L3_TOT_ACCESS_CORE_CORE_0                                  714588                        714588

L3_HIT_CORE_CORE_0                                         676124                        676124

L3_MISS_CORE_CORE_0                                         38464                         38464

L3_HIT_RATE_CORE_CORE_0                                    676124                      0.946173

L3_MISS_RATE_CORE_CORE_0                                    38464                     0.0538268

L3_BYPASS_CORE_CORE_0                                           0                             0

MEM_STALL_CYCLE_CORE_0                                          0                             0

ICACHE_FILL_CORE_0                                            100                           100

NUM_WRITE_ACKS_CORE_0                                           0                             0

NUM_WRITES_CORE_0                                               0                             0

ICACHE_HIT_CORE_0                                        26033233                       99.9996%
ICACHE_MISS_CORE_0                                            100                   0.000384123%
                                                         26033333                           100%

L3_TOT_ACCESS_CORE_CORE_1                                  469115                        469115

L3_HIT_CORE_CORE_1                                          11707                         11707

L3_MISS_CORE_CORE_1                                        457408                        457408

L3_HIT_RATE_CORE_CORE_1                                     11707                     0.0249555

L3_MISS_RATE_CORE_CORE_1                                   457408                      0.975044

L3_BYPASS_CORE_CORE_1                                      448464                        448464

MEM_STALL_CYCLE_CORE_1                                          0                             0

ICACHE_FILL_CORE_1                                            564                           564

NUM_WRITE_ACKS_CORE_1                                           0                             0

NUM_WRITES_CORE_1                                               0                             0

ICACHE_HIT_CORE_1                                        24708733                       99.9977%
ICACHE_MISS_CORE_1                                            564                    0.00228254%
                                                         24709297                           100%

