####################################################################################################
Interval
####################################################################################################
Cumulative:         Cycles:                  20000     Instructions:                  1200
POWER_L3CACHE_LINEFILL_BUF_R                               495872                        495872

POWER_L3CACHE_LINEFILL_BUF_W                               495872                        495872

POWER_L3CACHE_LINEFILL_BUF_R_TAG                           495872                        495872

POWER_L3CACHE_WB_BUF_R                                          2                             2

POWER_L3CACHE_WB_BUF_W                                          2                             2

POWER_L3CACHE_WB_BUF_R_TAG                                      2                             2

POWER_L3CACHE_R                                            687831                        687831

POWER_L3CACHE_W                                             47408                         47408

POWER_L3CACHE_R_TAG                                       1183703                       1183703

POWER_MC_R                                                8671537                       8671537

POWER_MC_W                                                 495874                        495874

POWER_BLOCK_STATES_R_CORE_0                             107374184                     107374184

POWER_BLOCK_STATES_W_CORE_0                             107374184                     107374184

POWER_FETCH_QUEUE_R_CORE_0                              104132932                     104132932

POWER_FETCH_QUEUE_W_CORE_0                              104132932                     104132932

POWER_INST_QUEUE_R_CORE_0                               224419710                     224419710

POWER_INST_QUEUE_W_CORE_0                               104132932                     104132932

POWER_BR_PRED_R_CORE_0                                   11452303                      11452303

POWER_BR_PRED_W_CORE_0                                   11323557                      11323557

POWER_RAS_R_CORE_0                                         559383                        559383

POWER_RAS_W_CORE_0                                         533894                        533894

POWER_ICACHE_R_CORE_0                                    26033233                      26033233

POWER_ICACHE_W_CORE_0                                         100                           100

POWER_ICACHE_R_TAG_CORE_0                                26033333                      26033333

POWER_ICACHE_MISS_BUF_R_CORE_0                                200                           200

POWER_ICACHE_MISS_BUF_W_CORE_0                                200                           200

POWER_ICACHE_MISS_BUF_R_TAG_CORE_0                            100                           100

POWER_ICACHE_MISS_BUF_W_TAG_CORE_0                              0                             0

POWER_ICACHE_TOT_ACC_CORE_0                                     0                             0

POWER_ICACHE_CONF_CORE_0                                        0                             0

POWER_INST_DECODER_R_CORE_0                              80964379                      80964379

POWER_INST_DECODER_W_CORE_0                                     0                             0

POWER_MICRO_OP_SEQ_R_CORE_0                                     0                             0

POWER_MICRO_OP_SEQ_W_CORE_0                                     0                             0

POWER_OPERAND_DECODER_R_CORE_0                           80964379                      80964379

POWER_OPERAND_DECODER_W_CORE_0                                  0                             0

POWER_UOP_QUEUE_R_CORE_0                                224419710                     224419710

POWER_UOP_QUEUE_W_CORE_0                                104132932                     104132932

POWER_REG_RENAMING_TABLE_R_CORE_0                       224419710                     224419710

POWER_REG_RENAMING_TABLE_W_CORE_0                       104132932                     104132932

POWER_DEP_CHECK_LOGIC_R_CORE_0                          104132932                     104132932

POWER_FREELIST_R_CORE_0                                 224419710                     224419710

POWER_FREELIST_W_CORE_0                                 104132932                     104132932

POWER_RESERVATION_STATION_R_CORE_0                      104133365                     104133365

POWER_RESERVATION_STATION_W_CORE_0                      104132918                     104132918

POWER_RESERVATION_STATION_R_TAG_CORE_0                  104133365                     104133365

POWER_RESERVATION_STATION_W_TAG_CORE_0                          0                             0

POWER_INST_ISSUE_SEL_LOGIC_R_CORE_0                     104133365                     104133365

POWER_INST_ISSUE_SEL_LOGIC_W_CORE_0                     104132898                     104132898

POWER_PAYLOAD_RAM_R_CORE_0                              104133365                     104133365

POWER_PAYLOAD_RAM_W_CORE_0                              104132898                     104132898

POWER_EX_ALU_R_CORE_0                                    64113865                      64113865

POWER_EX_FPU_R_CORE_0                                       61494                         61494

POWER_EX_MUL_R_CORE_0                                     4317441                       4317441

POWER_EX_SFU_R_CORE_0                                           0                             0

POWER_REORDER_BUF_R_CORE_0                              104132869                     104132869

POWER_REORDER_BUF_W_CORE_0                              208265864                     208265864

POWER_INST_COMMIT_SEL_LOGIC_R_CORE_0                    104132869                     104132869

POWER_INST_COMMIT_SEL_LOGIC_W_CORE_0                    104132932                     104132932

POWER_FP_RENAME_R_CORE_0                                   150348                        150348

POWER_FP_RENAME_W_CORE_0                                        0                             0

POWER_LOAD_QUEUE_R_CORE_0                                28490510                      28490510

POWER_LOAD_QUEUE_W_CORE_0                                28490510                      28490510

POWER_LOAD_QUEUE_R_TAG_CORE_0                            28490510                      28490510

POWER_LOAD_QUEUE_W_TAG_CORE_0                                   0                             0

POWER_STORE_QUEUE_R_CORE_0                                7150055                       7150055

POWER_STORE_QUEUE_W_CORE_0                                7150055                       7150055

POWER_STORE_QUEUE_R_TAG_CORE_0                            7150055                       7150055

POWER_STORE_QUEUE_W_TAG_CORE_0                                  0                             0

POWER_DATA_TLB_R_CORE_0                                  28490510                      28490510

POWER_DATA_TLB_W_CORE_0                                         0                             0

POWER_DATA_TLB_R_TAG_CORE_0                                     0                             0

POWER_DATA_TLB_W_TAG_CORE_0                                     0                             0

POWER_INT_REGFILE_R_CORE_0                              172502710                     172502710

POWER_INT_REGFILE_W_CORE_0                              104071404                     104071404

POWER_FP_REGFILE_R_CORE_0                                  119902                        119902

POWER_FP_REGFILE_W_CORE_0                                   61494                         61494

POWER_GP_REGISTER_R_CORE_0                              172502710                     172502710

POWER_GP_REGISTER_W_CORE_0                              104071404                     104071404

POWER_FP_REGISTER_R_CORE_0                                 122988                        122988

POWER_FP_REGISTER_W_CORE_0                                  61494                         61494

POWER_SEGMENT_REGISTER_R_CORE_0                          35640098                      35640098

POWER_SEGMENT_REGISTER_W_CORE_0                          70031210                      70031210

POWER_CONTROL_REGISTER_R_CORE_0                                 0                             0

POWER_CONTROL_REGISTER_W_CORE_0                           2022706                       2022706

POWER_FLAG_REGISTER_R_CORE_0                                    0                             0

POWER_FLAG_REGISTER_W_CORE_0                                    0                             0

POWER_EXEC_BYPASS_CORE_0                                104132898                     104132898

POWER_LOAD_BYPASS_CORE_0                                  1429177                       1429177

POWER_PIPELINE_CORE_0                                    80964330                      80964330

POWER_DCACHE_MISS_BUF_R_CORE_0                            1428977                       1428977

POWER_DCACHE_MISS_BUF_R_TAG_CORE_0                        1657176                       1657176

POWER_DCACHE_MISS_BUF_W_CORE_0                            1657176                       1657176

POWER_DCACHE_MISS_BUF_W_TAG_CORE_0                              0                             0

POWER_DCACHE_LINEFILL_BUF_R_CORE_0                              0                             0

POWER_L2CACHE_LINEFILL_BUF_R_CORE_0                        949256                        949256

POWER_DCACHE_LINEFILL_BUF_W_CORE_0                              0                             0

POWER_L2CACHE_LINEFILL_BUF_W_CORE_0                        932766                        932766

POWER_DCACHE_LINEFILL_BUF_R_TAG_CORE_0                          0                             0

POWER_L2CACHE_LINEFILL_BUF_R_TAG_CORE_0                   1167434                       1167434

POWER_DCACHE_LINEFILL_BUF_W_TAG_CORE_0                          0                             0

POWER_DCACHE_WB_BUF_R_CORE_0                               218178                        218178

POWER_L2CACHE_WB_BUF_R_CORE_0                                   0                             0

POWER_DCACHE_WB_BUF_W_CORE_0                               218178                        218178

POWER_L2CACHE_WB_BUF_W_CORE_0                                   0                             0

POWER_DCACHE_WB_BUF_R_TAG_CORE_0                           436356                        436356

POWER_L2CACHE_WB_BUF_R_TAG_CORE_0                               0                             0

POWER_DCACHE_WB_BUF_W_TAG_CORE_0                                0                             0

POWER_DCACHE_R_CORE_0                                    33982922                      33982922

POWER_L2CACHE_R_CORE_0                                          0                             0

POWER_DCACHE_W_CORE_0                                      714488                        714488

POWER_L2CACHE_W_CORE_0                                          0                             0

POWER_DCACHE_R_TAG_CORE_0                                35640098                      35640098

POWER_L2CACHE_R_TAG_CORE_0                                      0                             0

POWER_CONST_CACHE_R_CORE_0                                      0                             0

POWER_CONST_CACHE_W_CORE_0                                      0                             0

POWER_CONST_CACHE_R_TAG_CORE_0                                  0                             0

POWER_CONST_CACHE_W_TAG_CORE_0                                  0                             0

POWER_TEXTURE_CACHE_R_CORE_0                                    0                             0

POWER_TEXTURE_CACHE_W_CORE_0                                    0                             0

POWER_TEXTURE_CACHE_R_TAG_CORE_0                                0                             0

POWER_TEXTURE_CACHE_W_TAG_CORE_0                                0                             0

POWER_SHARED_MEM_R_CORE_0                                       0                             0

POWER_SHARED_MEM_W_CORE_0                                       0                             0

POWER_SHARED_MEM_R_TAG_CORE_0                                   0                             0

POWER_SHARED_MEM_W_TAG_CORE_0                                   0                             0

POWER_BLOCK_STATES_R_CORE_1                             107374184                     107374184

POWER_BLOCK_STATES_W_CORE_1                             107374184                     107374184

POWER_FETCH_QUEUE_R_CORE_1                               98834932                      98834932

POWER_FETCH_QUEUE_W_CORE_1                               98834932                      98834932

POWER_INST_QUEUE_R_CORE_1                               205949712                     205949712

POWER_INST_QUEUE_W_CORE_1                                98834677                      98834677

POWER_BR_PRED_R_CORE_1                                    7338407                       7338407

POWER_BR_PRED_W_CORE_1                                    7336894                       7336894

POWER_RAS_R_CORE_1                                           1009                          1009

POWER_RAS_W_CORE_1                                            781                           781

POWER_ICACHE_R_CORE_1                                    24708733                      24708733

POWER_ICACHE_W_CORE_1                                         564                           564

POWER_ICACHE_R_TAG_CORE_1                                24709297                      24709297

POWER_ICACHE_MISS_BUF_R_CORE_1                               1128                          1128

POWER_ICACHE_MISS_BUF_W_CORE_1                               1128                          1128

POWER_ICACHE_MISS_BUF_R_TAG_CORE_1                            564                           564

POWER_ICACHE_MISS_BUF_W_TAG_CORE_1                              0                             0

POWER_ICACHE_TOT_ACC_CORE_1                                     0                             0

POWER_ICACHE_CONF_CORE_1                                        0                             0

POWER_INST_DECODER_R_CORE_1                              69552710                      69552710

POWER_INST_DECODER_W_CORE_1                                     0                             0

POWER_MICRO_OP_SEQ_R_CORE_1                                     0                             0

POWER_MICRO_OP_SEQ_W_CORE_1                                     0                             0

POWER_OPERAND_DECODER_R_CORE_1                           69552710                      69552710

POWER_OPERAND_DECODER_W_CORE_1                                  0                             0

POWER_UOP_QUEUE_R_CORE_1                                205949712                     205949712

POWER_UOP_QUEUE_W_CORE_1                                 98834677                      98834677

POWER_REG_RENAMING_TABLE_R_CORE_1                       205949712                     205949712

POWER_REG_RENAMING_TABLE_W_CORE_1                        98834677                      98834677

POWER_DEP_CHECK_LOGIC_R_CORE_1                           98834932                      98834932

POWER_FREELIST_R_CORE_1                                 205949712                     205949712

POWER_FREELIST_W_CORE_1                                  98834677                      98834677

POWER_RESERVATION_STATION_R_CORE_1                       98873850                      98873850

POWER_RESERVATION_STATION_W_CORE_1                       98834634                      98834634

POWER_RESERVATION_STATION_R_TAG_CORE_1                   98873850                      98873850

POWER_RESERVATION_STATION_W_TAG_CORE_1                          0                             0

POWER_INST_ISSUE_SEL_LOGIC_R_CORE_1                      98873850                      98873850

POWER_INST_ISSUE_SEL_LOGIC_W_CORE_1                      98834610                      98834610

POWER_PAYLOAD_RAM_R_CORE_1                               98873850                      98873850

POWER_PAYLOAD_RAM_W_CORE_1                               98834610                      98834610

POWER_EX_ALU_R_CORE_1                                    54932297                      54932297

POWER_EX_FPU_R_CORE_1                                          56                            56

POWER_EX_MUL_R_CORE_1                                         325                           325

POWER_EX_SFU_R_CORE_1                                           0                             0

POWER_REORDER_BUF_R_CORE_1                               98834575                      98834575

POWER_REORDER_BUF_W_CORE_1                              197669354                     197669354

POWER_INST_COMMIT_SEL_LOGIC_R_CORE_1                     98834575                      98834575

POWER_INST_COMMIT_SEL_LOGIC_W_CORE_1                     98834677                      98834677

POWER_FP_RENAME_R_CORE_1                                       74                            74

POWER_FP_RENAME_W_CORE_1                                        0                             0

POWER_LOAD_QUEUE_R_CORE_1                                32896199                      32896199

POWER_LOAD_QUEUE_W_CORE_1                                32896199                      32896199

POWER_LOAD_QUEUE_R_TAG_CORE_1                            32896199                      32896199

POWER_LOAD_QUEUE_W_TAG_CORE_1                                   0                             0

POWER_STORE_QUEUE_R_CORE_1                               11044973                      11044973

POWER_STORE_QUEUE_W_CORE_1                               11044973                      11044973

POWER_STORE_QUEUE_R_TAG_CORE_1                           11044973                      11044973

POWER_STORE_QUEUE_W_TAG_CORE_1                                  0                             0

POWER_DATA_TLB_R_CORE_1                                  32896199                      32896199

POWER_DATA_TLB_W_CORE_1                                         0                             0

POWER_DATA_TLB_R_TAG_CORE_1                                     0                             0

POWER_DATA_TLB_W_TAG_CORE_1                                     0                             0

POWER_INT_REGFILE_R_CORE_1                              153767176                     153767176

POWER_INT_REGFILE_W_CORE_1                               98834554                      98834554

POWER_FP_REGFILE_R_CORE_1                                     112                           112

POWER_FP_REGFILE_W_CORE_1                                      56                            56

POWER_GP_REGISTER_R_CORE_1                              153767176                     153767176

POWER_GP_REGISTER_W_CORE_1                               98834554                      98834554

POWER_FP_REGISTER_R_CORE_1                                    112                           112

POWER_FP_REGISTER_W_CORE_1                                     56                            56

POWER_SEGMENT_REGISTER_R_CORE_1                          43901932                      43901932

POWER_SEGMENT_REGISTER_W_CORE_1                          80494813                      80494813

POWER_CONTROL_REGISTER_R_CORE_1                                 0                             0

POWER_CONTROL_REGISTER_W_CORE_1                           7317586                       7317586

POWER_FLAG_REGISTER_R_CORE_1                                    0                             0

POWER_FLAG_REGISTER_W_CORE_1                                    0                             0

POWER_EXEC_BYPASS_CORE_1                                 98834610                      98834610

POWER_LOAD_BYPASS_CORE_1                                   938231                        938231

POWER_PIPELINE_CORE_1                                    69552456                      69552456

POWER_DCACHE_MISS_BUF_R_CORE_1                             937103                        937103

POWER_DCACHE_MISS_BUF_R_TAG_CORE_1                        6517823                       6517823

POWER_DCACHE_MISS_BUF_W_CORE_1                            6517823                       6517823

POWER_DCACHE_MISS_BUF_W_TAG_CORE_1                              0                             0

POWER_DCACHE_LINEFILL_BUF_R_CORE_1                              0                             0

POWER_L2CACHE_LINEFILL_BUF_R_CORE_1                       1882016                       1882016

POWER_DCACHE_LINEFILL_BUF_W_CORE_1                              0                             0

POWER_L2CACHE_LINEFILL_BUF_W_CORE_1                        531829                        531829

POWER_DCACHE_LINEFILL_BUF_R_TAG_CORE_1                          0                             0

POWER_L2CACHE_LINEFILL_BUF_R_TAG_CORE_1                   1944730                       1944730

POWER_DCACHE_LINEFILL_BUF_W_TAG_CORE_1                          0                             0

POWER_DCACHE_WB_BUF_R_CORE_1                                62714                         62714

POWER_L2CACHE_WB_BUF_R_CORE_1                                   0                             0

POWER_DCACHE_WB_BUF_W_CORE_1                                62714                         62714

POWER_L2CACHE_WB_BUF_W_CORE_1                                   0                             0

POWER_DCACHE_WB_BUF_R_TAG_CORE_1                           125428                        125428

POWER_L2CACHE_WB_BUF_R_TAG_CORE_1                               0                             0

POWER_DCACHE_WB_BUF_W_TAG_CORE_1                                0                             0

POWER_DCACHE_R_CORE_1                                    37384109                      37384109

POWER_L2CACHE_R_CORE_1                                          0                             0

POWER_DCACHE_W_CORE_1                                      468551                        468551

POWER_L2CACHE_W_CORE_1                                          0                             0

POWER_DCACHE_R_TAG_CORE_1                                43901932                      43901932

POWER_L2CACHE_R_TAG_CORE_1                                      0                             0

POWER_CONST_CACHE_R_CORE_1                                      0                             0

POWER_CONST_CACHE_W_CORE_1                                      0                             0

POWER_CONST_CACHE_R_TAG_CORE_1                                  0                             0

POWER_CONST_CACHE_W_TAG_CORE_1                                  0                             0

POWER_TEXTURE_CACHE_R_CORE_1                                    0                             0

POWER_TEXTURE_CACHE_W_CORE_1                                    0                             0

POWER_TEXTURE_CACHE_R_TAG_CORE_1                                0                             0

POWER_TEXTURE_CACHE_W_TAG_CORE_1                                0                             0

POWER_SHARED_MEM_R_CORE_1                                       0                             0

POWER_SHARED_MEM_W_CORE_1                                       0                             0

POWER_SHARED_MEM_R_TAG_CORE_1                                   0                             0

POWER_SHARED_MEM_W_TAG_CORE_1                                   0                             0

