####################################################################################################
Interval
####################################################################################################
Cumulative:         Cycles:                  20000     Instructions:                  1200
POWER_L3CACHE_LINEFILL_BUF_R                               481794                        481794

POWER_L3CACHE_LINEFILL_BUF_W                               481794                        481794

POWER_L3CACHE_LINEFILL_BUF_R_TAG                           481794                        481794

POWER_L3CACHE_WB_BUF_R                                       1892                          1892

POWER_L3CACHE_WB_BUF_W                                       1892                          1892

POWER_L3CACHE_WB_BUF_R_TAG                                   1892                          1892

POWER_L3CACHE_R                                            753643                        753643

POWER_L3CACHE_W                                            481794                        481794

POWER_L3CACHE_R_TAG                                       1235438                       1235438

POWER_MC_R                                                8530939                       8530939

POWER_MC_W                                                 483687                        483687

POWER_BLOCK_STATES_R_CORE_0                             107374184                     107374184

POWER_BLOCK_STATES_W_CORE_0                             107374184                     107374184

POWER_FETCH_QUEUE_R_CORE_0                               93638848                      93638848

POWER_FETCH_QUEUE_W_CORE_0                               93638848                      93638848

POWER_INST_QUEUE_R_CORE_0                               195220443                     195220443

POWER_INST_QUEUE_W_CORE_0                                93638596                      93638596

POWER_BR_PRED_R_CORE_0                                    6968047                       6968047

POWER_BR_PRED_W_CORE_0                                    6966797                       6966797

POWER_RAS_R_CORE_0                                            899                           899

POWER_RAS_W_CORE_0                                            672                           672

POWER_ICACHE_R_CORE_0                                    23409712                      23409712

POWER_ICACHE_W_CORE_0                                         529                           529

POWER_ICACHE_R_TAG_CORE_0                                23410241                      23410241

POWER_ICACHE_MISS_BUF_R_CORE_0                               1058                          1058

POWER_ICACHE_MISS_BUF_W_CORE_0                               1058                          1058

POWER_ICACHE_MISS_BUF_R_TAG_CORE_0                            529                           529

POWER_ICACHE_MISS_BUF_W_TAG_CORE_0                              0                             0

POWER_ICACHE_TOT_ACC_CORE_0                                     0                             0

POWER_ICACHE_CONF_CORE_0                                        0                             0

POWER_INST_DECODER_R_CORE_0                              65841100                      65841100

POWER_INST_DECODER_W_CORE_0                                     0                             0

POWER_MICRO_OP_SEQ_R_CORE_0                                     0                             0

POWER_MICRO_OP_SEQ_W_CORE_0                                     0                             0

POWER_OPERAND_DECODER_R_CORE_0                           65841100                      65841100

POWER_OPERAND_DECODER_W_CORE_0                                  0                             0

POWER_UOP_QUEUE_R_CORE_0                                195220443                     195220443

POWER_UOP_QUEUE_W_CORE_0                                 93638596                      93638596

POWER_REG_RENAMING_TABLE_R_CORE_0                       195220443                     195220443

POWER_REG_RENAMING_TABLE_W_CORE_0                        93638596                      93638596

POWER_DEP_CHECK_LOGIC_R_CORE_0                           93638848                      93638848

POWER_FREELIST_R_CORE_0                                 195220443                     195220443

POWER_FREELIST_W_CORE_0                                  93638596                      93638596

POWER_RESERVATION_STATION_R_CORE_0                       93657347                      93657347

POWER_RESERVATION_STATION_W_CORE_0                       93638596                      93638596

POWER_RESERVATION_STATION_R_TAG_CORE_0                   93657347                      93657347

POWER_RESERVATION_STATION_W_TAG_CORE_0                          0                             0

POWER_INST_ISSUE_SEL_LOGIC_R_CORE_0                      93657347                      93657347

POWER_INST_ISSUE_SEL_LOGIC_W_CORE_0                      93638583                      93638583

POWER_PAYLOAD_RAM_R_CORE_0                               93657347                      93657347

POWER_PAYLOAD_RAM_W_CORE_0                               93638583                      93638583

POWER_EX_ALU_R_CORE_0                                    51965334                      51965334

POWER_EX_FPU_R_CORE_0                                          44                            44

POWER_EX_MUL_R_CORE_0                                         124                           124

POWER_EX_SFU_R_CORE_0                                           0                             0

POWER_REORDER_BUF_R_CORE_0                               93638416                      93638416

POWER_REORDER_BUF_W_CORE_0                              187277192                     187277192

POWER_INST_COMMIT_SEL_LOGIC_R_CORE_0                     93638416                      93638416

POWER_INST_COMMIT_SEL_LOGIC_W_CORE_0                     93638596                      93638596

POWER_FP_RENAME_R_CORE_0                                       60                            60

POWER_FP_RENAME_W_CORE_0                                        0                             0

POWER_LOAD_QUEUE_R_CORE_0                                31039138                      31039138

POWER_LOAD_QUEUE_W_CORE_0                                31039138                      31039138

POWER_LOAD_QUEUE_R_TAG_CORE_0                            31039138                      31039138

POWER_LOAD_QUEUE_W_TAG_CORE_0                                   0                             0

POWER_STORE_QUEUE_R_CORE_0                               10652707                      10652707

POWER_STORE_QUEUE_W_CORE_0                               10652707                      10652707

POWER_STORE_QUEUE_R_TAG_CORE_0                           10652707                      10652707

POWER_STORE_QUEUE_W_TAG_CORE_0                                  0                             0

POWER_DATA_TLB_R_CORE_0                                  31039138                      31039138

POWER_DATA_TLB_W_CORE_0                                         0                             0

POWER_DATA_TLB_R_TAG_CORE_0                                     0                             0

POWER_DATA_TLB_W_TAG_CORE_0                                     0                             0

POWER_INT_REGFILE_R_CORE_0                              145603997                     145603997

POWER_INT_REGFILE_W_CORE_0                               93638539                      93638539

POWER_FP_REGFILE_R_CORE_0                                      88                            88

POWER_FP_REGFILE_W_CORE_0                                      44                            44

POWER_GP_REGISTER_R_CORE_0                              145603997                     145603997

POWER_GP_REGISTER_W_CORE_0                               93638539                      93638539

POWER_FP_REGISTER_R_CORE_0                                     88                            88

POWER_FP_REGISTER_W_CORE_0                                     44                            44

POWER_SEGMENT_REGISTER_R_CORE_0                          41673081                      41673081

POWER_SEGMENT_REGISTER_W_CORE_0                          76410737                      76410737

POWER_CONTROL_REGISTER_R_CORE_0                                 0                             0

POWER_CONTROL_REGISTER_W_CORE_0                           6946310                       6946310

POWER_FLAG_REGISTER_R_CORE_0                                    0                             0

POWER_FLAG_REGISTER_W_CORE_0                                    0                             0

POWER_EXEC_BYPASS_CORE_0                                 93638583                      93638583

POWER_LOAD_BYPASS_CORE_0                                   890624                        890624

POWER_PIPELINE_CORE_0                                    65840792                      65840792

POWER_DCACHE_MISS_BUF_R_CORE_0                             889566                        889566

POWER_DCACHE_MISS_BUF_R_TAG_CORE_0                        6201948                       6201948

POWER_DCACHE_MISS_BUF_W_CORE_0                            6201948                       6201948

POWER_DCACHE_MISS_BUF_W_TAG_CORE_0                              0                             0

POWER_DCACHE_LINEFILL_BUF_R_CORE_0                              0                             0

POWER_L2CACHE_LINEFILL_BUF_R_CORE_0                       1796212                       1796212

POWER_DCACHE_LINEFILL_BUF_W_CORE_0                              0                             0

POWER_L2CACHE_LINEFILL_BUF_W_CORE_0                        516549                        516549

POWER_DCACHE_LINEFILL_BUF_R_TAG_CORE_0                          0                             0

POWER_L2CACHE_LINEFILL_BUF_R_TAG_CORE_0                   1867450                       1867450

POWER_DCACHE_LINEFILL_BUF_W_TAG_CORE_0                          0                             0

POWER_DCACHE_WB_BUF_R_CORE_0                                71238                         71238

POWER_L2CACHE_WB_BUF_R_CORE_0                                   0                             0

POWER_DCACHE_WB_BUF_W_CORE_0                                71238                         71238

POWER_L2CACHE_WB_BUF_W_CORE_0                                   0                             0

POWER_DCACHE_WB_BUF_R_TAG_CORE_0                           142476                        142476

POWER_L2CACHE_WB_BUF_R_TAG_CORE_0                               0                             0

POWER_DCACHE_WB_BUF_W_TAG_CORE_0                                0                             0

POWER_DCACHE_R_CORE_0                                    35471133                      35471133

POWER_L2CACHE_R_CORE_0                                          0                             0

POWER_DCACHE_W_CORE_0                                      444782                        444782

POWER_L2CACHE_W_CORE_0                                          0                             0

POWER_DCACHE_R_TAG_CORE_0                                41673081                      41673081

POWER_L2CACHE_R_TAG_CORE_0                                      0                             0

POWER_CONST_CACHE_R_CORE_0                                      0                             0

POWER_CONST_CACHE_W_CORE_0                                      0                             0

POWER_CONST_CACHE_R_TAG_CORE_0                                  0                             0

POWER_CONST_CACHE_W_TAG_CORE_0                                  0                             0

POWER_TEXTURE_CACHE_R_CORE_0                                    0                             0

POWER_TEXTURE_CACHE_W_CORE_0                                    0                             0

POWER_TEXTURE_CACHE_R_TAG_CORE_0                                0                             0

POWER_TEXTURE_CACHE_W_TAG_CORE_0                                0                             0

POWER_SHARED_MEM_R_CORE_0                                       0                             0

POWER_SHARED_MEM_W_CORE_0                                       0                             0

POWER_SHARED_MEM_R_TAG_CORE_0                                   0                             0

POWER_SHARED_MEM_W_TAG_CORE_0                                   0                             0

POWER_BLOCK_STATES_R_CORE_1                             107374184                     107374184

POWER_BLOCK_STATES_W_CORE_1                             107374184                     107374184

POWER_FETCH_QUEUE_R_CORE_1                              111759256                     111759256

POWER_FETCH_QUEUE_W_CORE_1                              111759256                     111759256

POWER_INST_QUEUE_R_CORE_1                               231719424                     231719424

POWER_INST_QUEUE_W_CORE_1                               111759256                     111759256

POWER_BR_PRED_R_CORE_1                                   12289573                      12289573

POWER_BR_PRED_W_CORE_1                                   12149197                      12149197

POWER_RAS_R_CORE_1                                         601799                        601799

POWER_RAS_W_CORE_1                                         574023                        574023

POWER_ICACHE_R_CORE_1                                    27939814                      27939814

POWER_ICACHE_W_CORE_1                                         100                           100

POWER_ICACHE_R_TAG_CORE_1                                27939914                      27939914

POWER_ICACHE_MISS_BUF_R_CORE_1                                200                           200

POWER_ICACHE_MISS_BUF_W_CORE_1                                200                           200

POWER_ICACHE_MISS_BUF_R_TAG_CORE_1                            100                           100

POWER_ICACHE_MISS_BUF_W_TAG_CORE_1                              0                             0

POWER_ICACHE_TOT_ACC_CORE_1                                     0                             0

POWER_ICACHE_CONF_CORE_1                                        0                             0

POWER_INST_DECODER_R_CORE_1                              86892690                      86892690

POWER_INST_DECODER_W_CORE_1                                     0                             0

POWER_MICRO_OP_SEQ_R_CORE_1                                     0                             0

POWER_MICRO_OP_SEQ_W_CORE_1                                     0                             0

POWER_OPERAND_DECODER_R_CORE_1                           86892690                      86892690

POWER_OPERAND_DECODER_W_CORE_1                                  0                             0

POWER_UOP_QUEUE_R_CORE_1                                231719424                     231719424

POWER_UOP_QUEUE_W_CORE_1                                111759256                     111759256

POWER_REG_RENAMING_TABLE_R_CORE_1                       231719424                     231719424

POWER_REG_RENAMING_TABLE_W_CORE_1                       111759256                     111759256

POWER_DEP_CHECK_LOGIC_R_CORE_1                          111759256                     111759256

POWER_FREELIST_R_CORE_1                                 231719424                     231719424

POWER_FREELIST_W_CORE_1                                 111759256                     111759256

POWER_RESERVATION_STATION_R_CORE_1                      111759598                     111759598

POWER_RESERVATION_STATION_W_CORE_1                      111759255                     111759255

POWER_RESERVATION_STATION_R_TAG_CORE_1                  111759598                     111759598

POWER_RESERVATION_STATION_W_TAG_CORE_1                          0                             0

POWER_INST_ISSUE_SEL_LOGIC_R_CORE_1                     111759598                     111759598

POWER_INST_ISSUE_SEL_LOGIC_W_CORE_1                     111759239                     111759239

POWER_PAYLOAD_RAM_R_CORE_1                              111759598                     111759598

POWER_PAYLOAD_RAM_W_CORE_1                              111759239                     111759239

POWER_EX_ALU_R_CORE_1                                    68812859                      68812859

POWER_EX_FPU_R_CORE_1                                       67506                         67506

POWER_EX_MUL_R_CORE_1                                     4629170                       4629170

POWER_EX_SFU_R_CORE_1                                           0                             0

POWER_REORDER_BUF_R_CORE_1                              111759215                     111759215

POWER_REORDER_BUF_W_CORE_1                              223518512                     223518512

POWER_INST_COMMIT_SEL_LOGIC_R_CORE_1                    111759215                     111759215

POWER_INST_COMMIT_SEL_LOGIC_W_CORE_1                    111759256                     111759256

POWER_FP_RENAME_R_CORE_1                                   157765                        157765

POWER_FP_RENAME_W_CORE_1                                        0                             0

POWER_LOAD_QUEUE_R_CORE_1                                30564845                      30564845

POWER_LOAD_QUEUE_W_CORE_1                                30564845                      30564845

POWER_LOAD_QUEUE_R_TAG_CORE_1                            30564845                      30564845

POWER_LOAD_QUEUE_W_TAG_CORE_1                                   0                             0

POWER_STORE_QUEUE_R_CORE_1                                7685218                       7685218

POWER_STORE_QUEUE_W_CORE_1                                7685218                       7685218

POWER_STORE_QUEUE_R_TAG_CORE_1                            7685218                       7685218

POWER_STORE_QUEUE_W_TAG_CORE_1                                  0                             0

POWER_DATA_TLB_R_CORE_1                                  30564845                      30564845

POWER_DATA_TLB_W_CORE_1                                         0                             0

POWER_DATA_TLB_R_TAG_CORE_1                                     0                             0

POWER_DATA_TLB_W_TAG_CORE_1                                     0                             0

POWER_INT_REGFILE_R_CORE_1                              185133762                     185133762

POWER_INT_REGFILE_W_CORE_1                              111691733                     111691733

POWER_FP_REGFILE_R_CORE_1                                  131654                        131654

POWER_FP_REGFILE_W_CORE_1                                   67506                         67506

POWER_GP_REGISTER_R_CORE_1                              185133762                     185133762

POWER_GP_REGISTER_W_CORE_1                              111691733                     111691733

POWER_FP_REGISTER_R_CORE_1                                 135012                        135012

POWER_FP_REGISTER_W_CORE_1                                  67506                         67506

POWER_SEGMENT_REGISTER_R_CORE_1                          38249704                      38249704

POWER_SEGMENT_REGISTER_W_CORE_1                          75159383                      75159383

POWER_CONTROL_REGISTER_R_CORE_1                                 0                             0

POWER_CONTROL_REGISTER_W_CORE_1                           2175124                       2175124

POWER_FLAG_REGISTER_R_CORE_1                                    0                             0

POWER_FLAG_REGISTER_W_CORE_1                                    0                             0

POWER_EXEC_BYPASS_CORE_1                                111759239                     111759239

POWER_LOAD_BYPASS_CORE_1                                  1580253                       1580253

POWER_PIPELINE_CORE_1                                    86892660                      86892660

POWER_DCACHE_MISS_BUF_R_CORE_1                            1580053                       1580053

POWER_DCACHE_MISS_BUF_R_TAG_CORE_1                        1844684                       1844684

POWER_DCACHE_MISS_BUF_W_CORE_1                            1844684                       1844684

POWER_DCACHE_MISS_BUF_W_TAG_CORE_1                              0                             0

POWER_DCACHE_LINEFILL_BUF_R_CORE_1                              0                             0

POWER_L2CACHE_LINEFILL_BUF_R_CORE_1                       1051177                       1051177

POWER_DCACHE_LINEFILL_BUF_W_CORE_1                              0                             0

POWER_L2CACHE_LINEFILL_BUF_W_CORE_1                       1031069                       1031069

POWER_DCACHE_LINEFILL_BUF_R_TAG_CORE_1                          0                             0

POWER_L2CACHE_LINEFILL_BUF_R_TAG_CORE_1                   1292120                       1292120

POWER_DCACHE_LINEFILL_BUF_W_TAG_CORE_1                          0                             0

POWER_DCACHE_WB_BUF_R_CORE_1                               240943                        240943

POWER_L2CACHE_WB_BUF_R_CORE_1                                   0                             0

POWER_DCACHE_WB_BUF_W_CORE_1                               240943                        240943

POWER_L2CACHE_WB_BUF_W_CORE_1                                   0                             0

POWER_DCACHE_WB_BUF_R_TAG_CORE_1                           481886                        481886

POWER_L2CACHE_WB_BUF_R_TAG_CORE_1                               0                             0

POWER_DCACHE_WB_BUF_W_TAG_CORE_1                                0                             0

POWER_DCACHE_R_CORE_1                                    36405020                      36405020

POWER_L2CACHE_R_CORE_1                                          0                             0

POWER_DCACHE_W_CORE_1                                      790026                        790026

POWER_L2CACHE_W_CORE_1                                          0                             0

POWER_DCACHE_R_TAG_CORE_1                                38249704                      38249704

POWER_L2CACHE_R_TAG_CORE_1                                      0                             0

POWER_CONST_CACHE_R_CORE_1                                      0                             0

POWER_CONST_CACHE_W_CORE_1                                      0                             0

POWER_CONST_CACHE_R_TAG_CORE_1                                  0                             0

POWER_CONST_CACHE_W_TAG_CORE_1                                  0                             0

POWER_TEXTURE_CACHE_R_CORE_1                                    0                             0

POWER_TEXTURE_CACHE_W_CORE_1                                    0                             0

POWER_TEXTURE_CACHE_R_TAG_CORE_1                                0                             0

POWER_TEXTURE_CACHE_W_TAG_CORE_1                                0                             0

POWER_SHARED_MEM_R_CORE_1                                       0                             0

POWER_SHARED_MEM_W_CORE_1                                       0                             0

POWER_SHARED_MEM_R_TAG_CORE_1                                   0                             0

POWER_SHARED_MEM_W_TAG_CORE_1                                   0                             0

