Arguments: ./macsim --l3_repl==PDP 
src/macsim.cc:133: (I=0  C=0):  initialize knobs
number of cores : 2
src/macsim.cc:531: (I=0  C=0):  initialize simulation
src/macsim.cc:327: (I=0  C=0):  initialize cores (2/0/0)
src/memory.cc:1695: (I=0  C=0):  Memory system(l2_decoupled_network) has been initialized.
l3_policy: PDP,PDP
0
1
ip_table done
way0=12
way1=20
src/network_ring.cc:107: (I=0  C=0):  TOTAL_ROUTER:4 CPU:2 GPU:0 L3:1 MC:1
src/network_ring.cc:312: (I=0  C=0):  RING topology
0 <-> 1 <-> 2 <-> 3 <-> 
enabling bug detector
src/macsim.cc:748: (I=0  C=0):  Initializing new noc

src/macsim.cc:839: (I=0  C=0):  Clock LCM           : 920
src/macsim.cc:840: (I=0  C=0):  CPU clock frequency : 2.3 GHz
src/macsim.cc:841: (I=0  C=0):  GPU clock frequency : 2.3 GHz
src/macsim.cc:842: (I=0  C=0):  L3  clock frequency : 1 GHz
src/macsim.cc:843: (I=0  C=0):  NOC clock frequency : 1 GHz
src/macsim.cc:844: (I=0  C=0):  MC  clock frequency : 0.8 GHz
src/process_manager.cc:455: (I=0  C=0):  setup_process:0 ../../../../jinku/macsim_traces/astar/trace.txt current_index:0 (1)
src/process_manager.cc:548: (I=0  C=0):  thread_count:1
src/process_manager.cc:455: (I=0  C=0):  setup_process:1 ../../../../jinku/macsim_traces/160810/16MB/trace.txt current_index:0 (1)
src/process_manager.cc:548: (I=0  C=0):  thread_count:1
1000000
2000000
3000000
4000000
** Heartbeat for core[00]:        insts:10000000    cycles:9288256    (371530200) seconds:89    -- 1.08 IPC (1.08 IPC) -- 0.00 KIPS (112.36 KIPS)
** Heartbeat for core[00]:  Thread:0      insts:10000000    cycles:9288256    (371530200) seconds:89    -- 1.08 IPC (1.08 IPC) -- 0.00 KIPS (112.36 KIPS)
5000000
6000000
** Heartbeat for core[01]:        insts:10000000    cycles:13864665   (554586560) seconds:136   -- 0.72 IPC (0.72 IPC) -- 0.00 KIPS (73.53 KIPS)
** Heartbeat for core[01]:  Thread:0      insts:10000000    cycles:13864665   (554586560) seconds:136   -- 0.72 IPC (0.72 IPC) -- 0.00 KIPS (73.53 KIPS)
7000000
8000000
** Heartbeat for core[00]:        insts:20000000    cycles:18414856   (736594200) seconds:183   -- 1.10 IPC (1.09 IPC) -- 106.38 KIPS (109.29 KIPS)
** Heartbeat for core[00]:  Thread:0      insts:20000000    cycles:18414856   (736594200) seconds:183   -- 1.10 IPC (1.09 IPC) -- 106.38 KIPS (109.29 KIPS)
9000000
10000000
11000000
** Heartbeat for core[01]:        insts:20000000    cycles:27151070   (1086042760) seconds:276   -- 0.75 IPC (0.74 IPC) -- 71.43 KIPS (72.46 KIPS)
** Heartbeat for core[01]:  Thread:0      insts:20000000    cycles:27151070   (1086042760) seconds:276   -- 0.75 IPC (0.74 IPC) -- 71.43 KIPS (72.46 KIPS)
** Heartbeat for core[00]:        insts:30000000    cycles:27386110   (1095444360) seconds:278   -- 1.11 IPC (1.10 IPC) -- 105.26 KIPS (107.91 KIPS)
** Heartbeat for core[00]:  Thread:0      insts:30000000    cycles:27386110   (1095444360) seconds:278   -- 1.11 IPC (1.10 IPC) -- 105.26 KIPS (107.91 KIPS)
12000000
13000000
14000000
15000000
** Heartbeat for core[00]:        insts:40000000    cycles:36337188   (1453487480) seconds:378   -- 1.12 IPC (1.10 IPC) -- 100.00 KIPS (105.82 KIPS)
** Heartbeat for core[00]:  Thread:0      insts:40000000    cycles:36337188   (1453487480) seconds:378   -- 1.12 IPC (1.10 IPC) -- 100.00 KIPS (105.82 KIPS)
16000000
17000000
** Heartbeat for core[01]:        insts:30000000    cycles:40430344   (1617213720) seconds:426   -- 0.75 IPC (0.74 IPC) -- 66.67 KIPS (70.42 KIPS)
** Heartbeat for core[01]:  Thread:0      insts:30000000    cycles:40430344   (1617213720) seconds:426   -- 0.75 IPC (0.74 IPC) -- 66.67 KIPS (70.42 KIPS)
18000000
19000000
** Heartbeat for core[00]:        insts:50000000    cycles:45366683   (1814667280) seconds:485   -- 1.11 IPC (1.10 IPC) -- 93.46 KIPS (103.09 KIPS)
** Heartbeat for core[00]:  Thread:0      insts:50000000    cycles:45366683   (1814667280) seconds:485   -- 1.11 IPC (1.10 IPC) -- 93.46 KIPS (103.09 KIPS)
20000000
21000000
22000000
** Heartbeat for core[01]:        insts:40000000    cycles:51882435   (2075297360) seconds:562   -- 0.87 IPC (0.77 IPC) -- 73.53 KIPS (71.17 KIPS)
** Heartbeat for core[01]:  Thread:0      insts:40000000    cycles:51882435   (2075297360) seconds:562   -- 0.87 IPC (0.77 IPC) -- 73.53 KIPS (71.17 KIPS)
23000000
24000000
** Heartbeat for core[00]:        insts:60000000    cycles:55266908   (2210676280) seconds:596   -- 1.01 IPC (1.09 IPC) -- 90.09 KIPS (100.67 KIPS)
** Heartbeat for core[00]:  Thread:0      insts:60000000    cycles:55266908   (2210676280) seconds:596   -- 1.01 IPC (1.09 IPC) -- 90.09 KIPS (100.67 KIPS)
25000000
26000000
27000000
28000000
29000000
30000000
30000000: 30m cycle
[]12856
0:80:0.0493565
way:12
[]103144
1:1022:0.00432564
way:20
** Heartbeat for core[01]:        insts:50000000    cycles:69326775   (2773070960) seconds:736   -- 0.57 IPC (0.72 IPC) -- 57.47 KIPS (67.93 KIPS)
** Heartbeat for core[01]:  Thread:0      insts:50000000    cycles:69326775   (2773070960) seconds:736   -- 0.57 IPC (0.72 IPC) -- 57.47 KIPS (67.93 KIPS)
31000000
32000000
33000000
34000000
** Heartbeat for core[00]:        insts:70000000    cycles:79749711   (3189988400) seconds:843   -- 0.41 IPC (0.88 IPC) -- 40.49 KIPS (83.04 KIPS)
** Heartbeat for core[00]:  Thread:0      insts:70000000    cycles:79749711   (3189988400) seconds:843   -- 0.41 IPC (0.88 IPC) -- 40.49 KIPS (83.04 KIPS)
35000000
36000000
37000000
** Heartbeat for core[01]:        insts:60000000    cycles:86784148   (3471365880) seconds:917   -- 0.57 IPC (0.69 IPC) -- 55.25 KIPS (65.43 KIPS)
** Heartbeat for core[01]:  Thread:0      insts:60000000    cycles:86784148   (3471365880) seconds:917   -- 0.57 IPC (0.69 IPC) -- 55.25 KIPS (65.43 KIPS)
38000000
39000000
40000000
41000000
42000000
43000000
44000000
45000000
** Heartbeat for core[01]:        insts:70000000    cycles:104250872  (4170034840) seconds:1105  -- 0.57 IPC (0.67 IPC) -- 53.19 KIPS (63.35 KIPS)
** Heartbeat for core[01]:  Thread:0      insts:70000000    cycles:104250872  (4170034840) seconds:1105  -- 0.57 IPC (0.67 IPC) -- 53.19 KIPS (63.35 KIPS)
** Heartbeat for core[00]:        insts:80000000    cycles:104790106  (4191604200) seconds:1111  -- 0.40 IPC (0.76 IPC) -- 37.31 KIPS (72.01 KIPS)
** Heartbeat for core[00]:  Thread:0      insts:80000000    cycles:104790106  (4191604200) seconds:1111  -- 0.40 IPC (0.76 IPC) -- 37.31 KIPS (72.01 KIPS)
46000000
**Core 00 Core_Total  Finished:   insts:81035677    cycles:107374184  (4294967320) seconds:1141  -- 0.75 IPC (0.75 IPC) --  N/A  KHz (71.02 KHz)
**Core 00 Thread 00 Finished:   insts:81035677    cycles:107374184  (4294967320)  seconds:1141  -- 0.75 IPC (0.75 IPC) --  N/A  KHz (71.02 KHz) 
**Core 01 Core_Total  Finished:   insts:73100261    cycles:107374184  (4294967320) seconds:1141  -- 0.68 IPC (0.68 IPC) --  N/A  KHz (64.07 KHz)
**Core 01 Thread 00 Finished:   insts:73100261    cycles:107374184  (4294967320)  seconds:1141  -- 0.68 IPC (0.68 IPC) --  N/A  KHz (64.07 KHz) 
src/macsim.cc:617: (I=81035677  C=4294967361):  finalize simulation
src/macsim.cc:623: (I=81035677  C=4294967361):  elapsed time:1140.5 seconds
Done
