####################################################################################################
Interval
####################################################################################################
Cumulative:         Cycles:                  20000     Instructions:                  1200
POWER_L3CACHE_LINEFILL_BUF_R                               468111                        468111

POWER_L3CACHE_LINEFILL_BUF_W                               468111                        468111

POWER_L3CACHE_LINEFILL_BUF_R_TAG                           468111                        468111

POWER_L3CACHE_WB_BUF_R                                        591                           591

POWER_L3CACHE_WB_BUF_W                                        591                           591

POWER_L3CACHE_WB_BUF_R_TAG                                    591                           591

POWER_L3CACHE_R                                            739639                        739639

POWER_L3CACHE_W                                             82103                         82103

POWER_L3CACHE_R_TAG                                       1207750                       1207750

POWER_MC_R                                                8999085                       8999085

POWER_MC_W                                                 468702                        468702

POWER_BLOCK_STATES_R_CORE_0                             107374184                     107374184

POWER_BLOCK_STATES_W_CORE_0                             107374184                     107374184

POWER_FETCH_QUEUE_R_CORE_0                              104224740                     104224740

POWER_FETCH_QUEUE_W_CORE_0                              104224740                     104224740

POWER_INST_QUEUE_R_CORE_0                               224515574                     224515574

POWER_INST_QUEUE_W_CORE_0                               104224718                     104224718

POWER_BR_PRED_R_CORE_0                                   11462526                      11462526

POWER_BR_PRED_W_CORE_0                                   11333765                      11333765

POWER_RAS_R_CORE_0                                         559790                        559790

POWER_RAS_W_CORE_0                                         534301                        534301

POWER_ICACHE_R_CORE_0                                    26056185                      26056185

POWER_ICACHE_W_CORE_0                                         100                           100

POWER_ICACHE_R_TAG_CORE_0                                26056285                      26056285

POWER_ICACHE_MISS_BUF_R_CORE_0                                200                           200

POWER_ICACHE_MISS_BUF_W_CORE_0                                200                           200

POWER_ICACHE_MISS_BUF_R_TAG_CORE_0                            100                           100

POWER_ICACHE_MISS_BUF_W_TAG_CORE_0                              0                             0

POWER_ICACHE_TOT_ACC_CORE_0                                     0                             0

POWER_ICACHE_CONF_CORE_0                                        0                             0

POWER_INST_DECODER_R_CORE_0                              81035790                      81035790

POWER_INST_DECODER_W_CORE_0                                     0                             0

POWER_MICRO_OP_SEQ_R_CORE_0                                     0                             0

POWER_MICRO_OP_SEQ_W_CORE_0                                     0                             0

POWER_OPERAND_DECODER_R_CORE_0                           81035790                      81035790

POWER_OPERAND_DECODER_W_CORE_0                                  0                             0

POWER_UOP_QUEUE_R_CORE_0                                224515574                     224515574

POWER_UOP_QUEUE_W_CORE_0                                104224718                     104224718

POWER_REG_RENAMING_TABLE_R_CORE_0                       224515574                     224515574

POWER_REG_RENAMING_TABLE_W_CORE_0                       104224718                     104224718

POWER_DEP_CHECK_LOGIC_R_CORE_0                          104224740                     104224740

POWER_FREELIST_R_CORE_0                                 224515574                     224515574

POWER_FREELIST_W_CORE_0                                 104224718                     104224718

POWER_RESERVATION_STATION_R_CORE_0                      104225163                     104225163

POWER_RESERVATION_STATION_W_CORE_0                      104224686                     104224686

POWER_RESERVATION_STATION_R_TAG_CORE_0                  104225163                     104225163

POWER_RESERVATION_STATION_W_TAG_CORE_0                          0                             0

POWER_INST_ISSUE_SEL_LOGIC_R_CORE_0                     104225163                     104225163

POWER_INST_ISSUE_SEL_LOGIC_W_CORE_0                     104224665                     104224665

POWER_PAYLOAD_RAM_R_CORE_0                              104225163                     104225163

POWER_PAYLOAD_RAM_W_CORE_0                              104224665                     104224665

POWER_EX_ALU_R_CORE_0                                    64170319                      64170319

POWER_EX_FPU_R_CORE_0                                       61494                         61494

POWER_EX_MUL_R_CORE_0                                     4321494                       4321494

POWER_EX_SFU_R_CORE_0                                           0                             0

POWER_REORDER_BUF_R_CORE_0                              104224591                     104224591

POWER_REORDER_BUF_W_CORE_0                              208449436                     208449436

POWER_INST_COMMIT_SEL_LOGIC_R_CORE_0                    104224591                     104224591

POWER_INST_COMMIT_SEL_LOGIC_W_CORE_0                    104224718                     104224718

POWER_FP_RENAME_R_CORE_0                                   149469                        149469

POWER_FP_RENAME_W_CORE_0                                        0                             0

POWER_LOAD_QUEUE_R_CORE_0                                28516211                      28516211

POWER_LOAD_QUEUE_W_CORE_0                                28516211                      28516211

POWER_LOAD_QUEUE_R_TAG_CORE_0                            28516211                      28516211

POWER_LOAD_QUEUE_W_TAG_CORE_0                                   0                             0

POWER_STORE_QUEUE_R_CORE_0                                7155645                       7155645

POWER_STORE_QUEUE_W_CORE_0                                7155645                       7155645

POWER_STORE_QUEUE_R_TAG_CORE_0                            7155645                       7155645

POWER_STORE_QUEUE_W_TAG_CORE_0                                  0                             0

POWER_DATA_TLB_R_CORE_0                                  28516211                      28516211

POWER_DATA_TLB_W_CORE_0                                         0                             0

POWER_DATA_TLB_R_TAG_CORE_0                                     0                             0

POWER_DATA_TLB_W_TAG_CORE_0                                     0                             0

POWER_INT_REGFILE_R_CORE_0                              172654984                     172654984

POWER_INT_REGFILE_W_CORE_0                              104163171                     104163171

POWER_FP_REGFILE_R_CORE_0                                  119902                        119902

POWER_FP_REGFILE_W_CORE_0                                   61494                         61494

POWER_GP_REGISTER_R_CORE_0                              172654984                     172654984

POWER_GP_REGISTER_W_CORE_0                              104163171                     104163171

POWER_FP_REGISTER_R_CORE_0                                 122988                        122988

POWER_FP_REGISTER_W_CORE_0                                  61494                         61494

POWER_SEGMENT_REGISTER_R_CORE_0                          35671358                      35671358

POWER_SEGMENT_REGISTER_W_CORE_0                          70092613                      70092613

POWER_CONTROL_REGISTER_R_CORE_0                                 0                             0

POWER_CONTROL_REGISTER_W_CORE_0                           2024242                       2024242

POWER_FLAG_REGISTER_R_CORE_0                                    0                             0

POWER_FLAG_REGISTER_W_CORE_0                                    0                             0

POWER_EXEC_BYPASS_CORE_0                                104224665                     104224665

POWER_LOAD_BYPASS_CORE_0                                  1429048                       1429048

POWER_PIPELINE_CORE_0                                    81035677                      81035677

POWER_DCACHE_MISS_BUF_R_CORE_0                            1428848                       1428848

POWER_DCACHE_MISS_BUF_R_TAG_CORE_0                        1657195                       1657195

POWER_DCACHE_MISS_BUF_W_CORE_0                            1657195                       1657195

POWER_DCACHE_MISS_BUF_W_TAG_CORE_0                              0                             0

POWER_DCACHE_LINEFILL_BUF_R_CORE_0                              0                             0

POWER_L2CACHE_LINEFILL_BUF_R_CORE_0                        949021                        949021

POWER_DCACHE_LINEFILL_BUF_W_CORE_0                              0                             0

POWER_L2CACHE_LINEFILL_BUF_W_CORE_0                        932453                        932453

POWER_DCACHE_LINEFILL_BUF_R_TAG_CORE_0                          0                             0

POWER_L2CACHE_LINEFILL_BUF_R_TAG_CORE_0                   1166950                       1166950

POWER_DCACHE_LINEFILL_BUF_W_TAG_CORE_0                          0                             0

POWER_DCACHE_WB_BUF_R_CORE_0                               217929                        217929

POWER_L2CACHE_WB_BUF_R_CORE_0                                   0                             0

POWER_DCACHE_WB_BUF_W_CORE_0                               217929                        217929

POWER_L2CACHE_WB_BUF_W_CORE_0                                   0                             0

POWER_DCACHE_WB_BUF_R_TAG_CORE_0                           435858                        435858

POWER_L2CACHE_WB_BUF_R_TAG_CORE_0                               0                             0

POWER_DCACHE_WB_BUF_W_TAG_CORE_0                                0                             0

POWER_DCACHE_R_CORE_0                                    34014163                      34014163

POWER_L2CACHE_R_CORE_0                                          0                             0

POWER_DCACHE_W_CORE_0                                      714424                        714424

POWER_L2CACHE_W_CORE_0                                          0                             0

POWER_DCACHE_R_TAG_CORE_0                                35671358                      35671358

POWER_L2CACHE_R_TAG_CORE_0                                      0                             0

POWER_CONST_CACHE_R_CORE_0                                      0                             0

POWER_CONST_CACHE_W_CORE_0                                      0                             0

POWER_CONST_CACHE_R_TAG_CORE_0                                  0                             0

POWER_CONST_CACHE_W_TAG_CORE_0                                  0                             0

POWER_TEXTURE_CACHE_R_CORE_0                                    0                             0

POWER_TEXTURE_CACHE_W_CORE_0                                    0                             0

POWER_TEXTURE_CACHE_R_TAG_CORE_0                                0                             0

POWER_TEXTURE_CACHE_W_TAG_CORE_0                                0                             0

POWER_SHARED_MEM_R_CORE_0                                       0                             0

POWER_SHARED_MEM_W_CORE_0                                       0                             0

POWER_SHARED_MEM_R_TAG_CORE_0                                   0                             0

POWER_SHARED_MEM_W_TAG_CORE_0                                   0                             0

POWER_BLOCK_STATES_R_CORE_1                             107374184                     107374184

POWER_BLOCK_STATES_W_CORE_1                             107374184                     107374184

POWER_FETCH_QUEUE_R_CORE_1                              103931360                     103931360

POWER_FETCH_QUEUE_W_CORE_1                              103931360                     103931360

POWER_INST_QUEUE_R_CORE_1                               216519597                     216519597

POWER_INST_QUEUE_W_CORE_1                               103931108                     103931108

POWER_BR_PRED_R_CORE_1                                    7725549                       7725549

POWER_BR_PRED_W_CORE_1                                    7724034                       7724034

POWER_RAS_R_CORE_1                                           1009                          1009

POWER_RAS_W_CORE_1                                            781                           781

POWER_ICACHE_R_CORE_1                                    25982840                      25982840

POWER_ICACHE_W_CORE_1                                         564                           564

POWER_ICACHE_R_TAG_CORE_1                                25983404                      25983404

POWER_ICACHE_MISS_BUF_R_CORE_1                               1128                          1128

POWER_ICACHE_MISS_BUF_W_CORE_1                               1128                          1128

POWER_ICACHE_MISS_BUF_R_TAG_CORE_1                            564                           564

POWER_ICACHE_MISS_BUF_W_TAG_CORE_1                              0                             0

POWER_ICACHE_TOT_ACC_CORE_1                                     0                             0

POWER_ICACHE_CONF_CORE_1                                        0                             0

POWER_INST_DECODER_R_CORE_1                              73100578                      73100578

POWER_INST_DECODER_W_CORE_1                                     0                             0

POWER_MICRO_OP_SEQ_R_CORE_1                                     0                             0

POWER_MICRO_OP_SEQ_W_CORE_1                                     0                             0

POWER_OPERAND_DECODER_R_CORE_1                           73100578                      73100578

POWER_OPERAND_DECODER_W_CORE_1                                  0                             0

POWER_UOP_QUEUE_R_CORE_1                                216519597                     216519597

POWER_UOP_QUEUE_W_CORE_1                                103931108                     103931108

POWER_REG_RENAMING_TABLE_R_CORE_1                       216519597                     216519597

POWER_REG_RENAMING_TABLE_W_CORE_1                       103931108                     103931108

POWER_DEP_CHECK_LOGIC_R_CORE_1                          103931360                     103931360

POWER_FREELIST_R_CORE_1                                 216519597                     216519597

POWER_FREELIST_W_CORE_1                                 103931108                     103931108

POWER_RESERVATION_STATION_R_CORE_1                      103976354                     103976354

POWER_RESERVATION_STATION_W_CORE_1                      103931081                     103931081

POWER_RESERVATION_STATION_R_TAG_CORE_1                  103976354                     103976354

POWER_RESERVATION_STATION_W_TAG_CORE_1                          0                             0

POWER_INST_ISSUE_SEL_LOGIC_R_CORE_1                     103976354                     103976354

POWER_INST_ISSUE_SEL_LOGIC_W_CORE_1                     103931057                     103931057

POWER_PAYLOAD_RAM_R_CORE_1                              103976354                     103976354

POWER_PAYLOAD_RAM_W_CORE_1                              103931057                     103931057

POWER_EX_ALU_R_CORE_1                                    57705911                      57705911

POWER_EX_FPU_R_CORE_1                                          56                            56

POWER_EX_MUL_R_CORE_1                                         325                           325

POWER_EX_SFU_R_CORE_1                                           0                             0

POWER_REORDER_BUF_R_CORE_1                              103930903                     103930903

POWER_REORDER_BUF_W_CORE_1                              207862216                     207862216

POWER_INST_COMMIT_SEL_LOGIC_R_CORE_1                    103930903                     103930903

POWER_INST_COMMIT_SEL_LOGIC_W_CORE_1                    103931108                     103931108

POWER_FP_RENAME_R_CORE_1                                       74                            74

POWER_FP_RENAME_W_CORE_1                                        0                             0

POWER_LOAD_QUEUE_R_CORE_1                                34508390                      34508390

POWER_LOAD_QUEUE_W_CORE_1                                34508390                      34508390

POWER_LOAD_QUEUE_R_TAG_CORE_1                            34508390                      34508390

POWER_LOAD_QUEUE_W_TAG_CORE_1                                   0                             0

POWER_STORE_QUEUE_R_CORE_1                               11761672                      11761672

POWER_STORE_QUEUE_W_CORE_1                               11761672                      11761672

POWER_STORE_QUEUE_R_TAG_CORE_1                           11761672                      11761672

POWER_STORE_QUEUE_W_TAG_CORE_1                                  0                             0

POWER_DATA_TLB_R_CORE_1                                  34508390                      34508390

POWER_DATA_TLB_W_CORE_1                                         0                             0

POWER_DATA_TLB_R_TAG_CORE_1                                     0                             0

POWER_DATA_TLB_W_TAG_CORE_1                                     0                             0

POWER_INT_REGFILE_R_CORE_1                              161637237                     161637237

POWER_INT_REGFILE_W_CORE_1                              103931001                     103931001

POWER_FP_REGFILE_R_CORE_1                                     112                           112

POWER_FP_REGFILE_W_CORE_1                                      56                            56

POWER_GP_REGISTER_R_CORE_1                              161637237                     161637237

POWER_GP_REGISTER_W_CORE_1                              103931001                     103931001

POWER_FP_REGISTER_R_CORE_1                                    112                           112

POWER_FP_REGISTER_W_CORE_1                                     56                            56

POWER_SEGMENT_REGISTER_R_CORE_1                          46224765                      46224765

POWER_SEGMENT_REGISTER_W_CORE_1                          84753342                      84753342

POWER_CONTROL_REGISTER_R_CORE_1                                 0                             0

POWER_CONTROL_REGISTER_W_CORE_1                           7704725                       7704725

POWER_FLAG_REGISTER_R_CORE_1                                    0                             0

POWER_FLAG_REGISTER_W_CORE_1                                    0                             0

POWER_EXEC_BYPASS_CORE_1                                103931057                     103931057

POWER_LOAD_BYPASS_CORE_1                                   986453                        986453

POWER_PIPELINE_CORE_1                                    73100261                      73100261

POWER_DCACHE_MISS_BUF_R_CORE_1                             985325                        985325

POWER_DCACHE_MISS_BUF_R_TAG_CORE_1                        6872524                       6872524

POWER_DCACHE_MISS_BUF_W_CORE_1                            6872524                       6872524

POWER_DCACHE_MISS_BUF_W_TAG_CORE_1                              0                             0

POWER_DCACHE_LINEFILL_BUF_R_CORE_1                              0                             0

POWER_L2CACHE_LINEFILL_BUF_R_CORE_1                       1990062                       1990062

POWER_DCACHE_LINEFILL_BUF_W_CORE_1                              0                             0

POWER_L2CACHE_LINEFILL_BUF_W_CORE_1                        568652                        568652

POWER_DCACHE_LINEFILL_BUF_R_TAG_CORE_1                          0                             0

POWER_L2CACHE_LINEFILL_BUF_R_TAG_CORE_1                   2065488                       2065488

POWER_DCACHE_LINEFILL_BUF_W_TAG_CORE_1                          0                             0

POWER_DCACHE_WB_BUF_R_CORE_1                                75426                         75426

POWER_L2CACHE_WB_BUF_R_CORE_1                                   0                             0

POWER_DCACHE_WB_BUF_W_CORE_1                                75426                         75426

POWER_L2CACHE_WB_BUF_W_CORE_1                                   0                             0

POWER_DCACHE_WB_BUF_R_TAG_CORE_1                           150852                        150852

POWER_L2CACHE_WB_BUF_R_TAG_CORE_1                               0                             0

POWER_DCACHE_WB_BUF_W_TAG_CORE_1                                0                             0

POWER_DCACHE_R_CORE_1                                    39352241                      39352241

POWER_L2CACHE_R_CORE_1                                          0                             0

POWER_DCACHE_W_CORE_1                                      492662                        492662

POWER_L2CACHE_W_CORE_1                                          0                             0

POWER_DCACHE_R_TAG_CORE_1                                46224765                      46224765

POWER_L2CACHE_R_TAG_CORE_1                                      0                             0

POWER_CONST_CACHE_R_CORE_1                                      0                             0

POWER_CONST_CACHE_W_CORE_1                                      0                             0

POWER_CONST_CACHE_R_TAG_CORE_1                                  0                             0

POWER_CONST_CACHE_W_TAG_CORE_1                                  0                             0

POWER_TEXTURE_CACHE_R_CORE_1                                    0                             0

POWER_TEXTURE_CACHE_W_CORE_1                                    0                             0

POWER_TEXTURE_CACHE_R_TAG_CORE_1                                0                             0

POWER_TEXTURE_CACHE_W_TAG_CORE_1                                0                             0

POWER_SHARED_MEM_R_CORE_1                                       0                             0

POWER_SHARED_MEM_W_CORE_1                                       0                             0

POWER_SHARED_MEM_R_TAG_CORE_1                                   0                             0

POWER_SHARED_MEM_W_TAG_CORE_1                                   0                             0

