####################################################################################################
Interval
####################################################################################################
Cumulative:         Cycles:                  20000     Instructions:                  1200
TOTAL_PACKET_CPU                                          1757986                       1757986

TOTAL_PACKET_GPU                                                0                             0

NOC_AVG_LATENCY_BASE                                      1757986                       1757986

NOC_AVG_LATENCY_BASE_CPU                                  1757986                       1757986

NOC_AVG_LATENCY_BASE_GPU                                        0                             0

NOC_AVG_LATENCY                                          15835030                       9.00748

NOC_AVG_LATENCY_CPU                                      15835030                       9.00748

NOC_AVG_LATENCY_GPU                                             0                           NaN

NOC_AVG_ACTIVE_PACKET_BASE                                1757986                       1757986

NOC_AVG_ACTIVE_PACKET_BASE_CPU                            1757986                       1757986

NOC_AVG_ACTIVE_PACKET_BASE_GPU                                  0                             0

NOC_AVG_ACTIVE_PACKET                                     1899838                       1.08069

NOC_AVG_ACTIVE_PACKET_CPU                                 1899838                       1.08069

NOC_AVG_ACTIVE_PACKET_GPU                                       0                           NaN

NOC_IDLE_CHANNEL                                                0                             0

NOC_IDLE_CHANNEL_CPU                                            0                             0

NOC_IDLE_CHANNEL_GPU                                            0                             0

NOC_IDLE_CHANNEL_L3                                             0                             0

NOC_IDLE_CHANNEL_MC                                             0                             0

NOC_AVG_WAIT_IN_ROUTER_BASE                               3515972                       3515972

NOC_AVG_WAIT_IN_ROUTER_BASE_CPU                            915369                        915369

NOC_AVG_WAIT_IN_ROUTER_BASE_GPU                                 0                             0

NOC_AVG_WAIT_IN_ROUTER_BASE_L3                            1757986                       1757986

NOC_AVG_WAIT_IN_ROUTER_BASE_MC                             842617                        842617

NOC_AVG_WAIT_IN_ROUTER                                   24637691                       7.00736

NOC_AVG_WAIT_IN_ROUTER_CPU                                6408442                       7.00094

NOC_AVG_WAIT_IN_ROUTER_GPU                                      0                           NaN

NOC_AVG_WAIT_IN_ROUTER_L3                                12319014                       7.00746

NOC_AVG_WAIT_IN_ROUTER_MC                                 5910235                       7.01414

NOC_LINK_ACTIVE                                           5273998                       5273998

