BP_MISPRED_STALL_CORE_0                                  52486849                      52486849

BP_RESOLVED_CORE_0                                         372430                        372430

BP_REDIRECT_RESOLVED_CORE_0                                     0                             0

PERFECT_TARGET_PRED_CORE_0                                      0                             0

BP_ON_PATH_CORRECT_CORE_0                                10969092                       96.7354%
BP_ON_PATH_MISPREDICT_CORE_0                               370177                       3.26456%
BP_ON_PATH_MISFETCH_CORE_0                                      0                             0%
                                                         11339269                           100%

BP_OFF_PATH_CORRECT_CORE_0                                      0                          NaN 
BP_OFF_PATH_MISPREDICT_CORE_0                                   0                          NaN 
BP_OFF_PATH_MISFETCH_CORE_0                                     0                          NaN 
                                                                0                           100%

BP_MISPRED_STALL_CORE_1                                    481475                        481475

BP_RESOLVED_CORE_1                                           4993                          4993

BP_REDIRECT_RESOLVED_CORE_1                                     0                             0

PERFECT_TARGET_PRED_CORE_1                                      0                             0

BP_ON_PATH_CORRECT_CORE_1                                 7359666                       99.9325%
BP_ON_PATH_MISPREDICT_CORE_1                                 4972                     0.0675118%
BP_ON_PATH_MISFETCH_CORE_1                                      0                             0%
                                                          7364638                           100%

BP_OFF_PATH_CORRECT_CORE_1                                      0                          NaN 
BP_OFF_PATH_MISPREDICT_CORE_1                                   0                          NaN 
BP_OFF_PATH_MISFETCH_CORE_1                                     0                          NaN 
                                                                0                           100%

