####################################################################################################
Interval
####################################################################################################
Cumulative:         Cycles:                  20000     Instructions:                  1200
AVG_MEMORY_LATENCY_BASE                                   8479377                       8479377

AVG_MEMORY_LATENCY                                      546232836                        64.419

MSHR_FULL                                                       0                             0

TOTAL_MEMORY                                              8198551                       8198551

TOTAL_MEMORY_MERGE                                        7013578                      0.855466

TOTAL_WB                                                   280843                     0.0342552

L1_WB                                                      280841                      0.999993

L2_WB                                                           0                             0

L3_WB                                                           2                   7.12142e-06

TOTAL_DRAM                                                 493521                        493521

TOTAL_DRAM_MERGE                                                0                             0

L1_HIT_CPU                                               71559214                      71559214

L1_HIT_GPU                                                      0                             0

L1_MISS_CPU                                               8197887                       8197887

L1_MISS_GPU                                                     0                             0

L2_HIT_CPU                                                      0                             0

L2_HIT_GPU                                                      0                             0

L2_MISS_CPU                                               1184973                       1184973

L2_MISS_GPU                                                     0                             0

L3_HIT_CPU                                                 691452                        691452

L3_HIT_GPU                                                      0                             0

L3_MISS_CPU                                                493519                        493519

L3_MISS_GPU                                                     0                             0

L3_HIT_PROMOTION_CPU                                            0                             0

L3_HIT_PROMOTION_GPU                                            0                             0

FETCH_THREAD_SKIP_LD_WAIT                                       0                             0

FETCH_THREAD_SKIP_BR_WAIT                                       0                             0

FETCH_THREAD_SKIP_SCHED_WAIT                                    0                             0

NUM_MUL_TRANS_CM_TM_DM_INST                                     0                             0

NUM_MUL_TRANS_CM_TM_DM                                          0                           NaN

CONST_CACHE_HIT                                                 0                             0

CONST_CACHE_MISS                                                0                             0

CONST_CACHE_MISS_NO_EXECUTE                                     0                             0

CONST_CACHE_ACCESS                                              0                             0

TEXTURE_CACHE_HIT                                               0                             0

TEXTURE_CACHE_MISS                                              0                             0

TEXTURE_CACHE_NO_EXECUTE                                        0                             0

TEXTURE_CACHE_ACCESS                                            0                             0

SHARED_MEM_INST                                                 0                             0

SHARED_MEM_ACCESS                                               0                             0

CACHE_BANK_BUSY                                           7532435                       7532435

ICACHE_MISS_TOTAL                                             664                           664

TOTAL_CAGE_PERIOD                                               0                             0

TOTAL_CAGE_APPL0                                                0                           NaN

TOTAL_CAGE_APPL1                                                0                           NaN

TOTAL_CAGE_APPL2                                                0                           NaN

TOTAL_CAGE_APPL3                                                0                           NaN

TOTAL_CAGE_APPL4                                                0                           NaN

ABIP_AVG_RATIO_BASE                                             0                             0

ABIP_AVG_RATIO                                                  0                           NaN

TOTAL_WRITE_ACKS                                                0                             0

TOTAL_WRITES                                                    0                             0

NUM_PHYSICAL_PAGES                                              0                             0

COAL_INST                                                       0                          NaN 
UNCOAL_INST                                                     0                          NaN 
                                                                0                           100%

COAL_INST_SINGLE_TRANS                                          0                          NaN 
COAL_INST_MUL_TRANS                                             0                          NaN 
UNCOAL_INST_MUL_TRANS                                           0                          NaN 
                                                                0                           100%

SM_COAL_INST                                                    0                          NaN 
CM_COAL_INST                                                    0                          NaN 
TM_COAL_INST                                                    0                          NaN 
DM_COAL_INST                                                    0                          NaN 
                                                                0                           100%

SM_UNCOAL_INST                                                  0                          NaN 
CM_UNCOAL_INST                                                  0                          NaN 
TM_UNCOAL_INST                                                  0                          NaN 
DM_UNCOAL_INST                                                  0                          NaN 
                                                                0                           100%

SM_COAL_INST_SINGLE_TRANS                                       0                          NaN 
CM_COAL_INST_SINGLE_TRANS                                       0                          NaN 
TM_COAL_INST_SINGLE_TRANS                                       0                          NaN 
DM_COAL_INST_SINGLE_TRANS                                       0                          NaN 
                                                                0                           100%

SM_COAL_INST_MUL_TRANS                                          0                          NaN 
CM_COAL_INST_MUL_TRANS                                          0                          NaN 
TM_COAL_INST_MUL_TRANS                                          0                          NaN 
DM_COAL_INST_MUL_TRANS                                          0                          NaN 
                                                                0                           100%

LD_NO_FORWARD                                            33405939                       54.2612%
FORWARDED_LD                                             28159172                       45.7388%
                                                         61565111                           100%

L3_TOT_ACCESS_CORE_CORE_0                                  714124                        714124

L3_HIT_CORE_CORE_0                                         675641                        675641

L3_MISS_CORE_CORE_0                                         38483                         38483

L3_HIT_RATE_CORE_CORE_0                                    675641                      0.946112

L3_MISS_RATE_CORE_CORE_0                                    38483                     0.0538884

L3_BYPASS_CORE_CORE_0                                           0                             0

MEM_STALL_CYCLE_CORE_0                                          0                             0

ICACHE_FILL_CORE_0                                            100                           100

NUM_WRITE_ACKS_CORE_0                                           0                             0

NUM_WRITES_CORE_0                                               0                             0

ICACHE_HIT_CORE_0                                        26068865                       99.9996%
ICACHE_MISS_CORE_0                                            100                   0.000383598%
                                                         26068965                           100%

L3_TOT_ACCESS_CORE_CORE_1                                  470847                        470847

L3_HIT_CORE_CORE_1                                          15811                         15811

L3_MISS_CORE_CORE_1                                        455036                        455036

L3_HIT_RATE_CORE_CORE_1                                     15811                     0.0335799

L3_MISS_RATE_CORE_CORE_1                                   455036                       0.96642

L3_BYPASS_CORE_CORE_1                                      441714                        441714

MEM_STALL_CYCLE_CORE_1                                          0                             0

ICACHE_FILL_CORE_1                                            564                           564

NUM_WRITE_ACKS_CORE_1                                           0                             0

NUM_WRITES_CORE_1                                               0                             0

ICACHE_HIT_CORE_1                                        24805755                       99.9977%
ICACHE_MISS_CORE_1                                            564                    0.00227361%
                                                         24806319                           100%

