####################################################################################################
Interval
####################################################################################################
Cumulative:         Cycles:                  20000     Instructions:                  1200
TOTAL_PACKET_CPU                                          3356982                       3356982

TOTAL_PACKET_GPU                                                0                             0

NOC_AVG_LATENCY_BASE                                      3356982                       3356982

NOC_AVG_LATENCY_BASE_CPU                                  3356982                       3356982

NOC_AVG_LATENCY_BASE_GPU                                        0                             0

NOC_AVG_LATENCY                                          36600931                       10.9029

NOC_AVG_LATENCY_CPU                                      36600931                       10.9029

NOC_AVG_LATENCY_GPU                                             0                           NaN

NOC_AVG_ACTIVE_PACKET_BASE                                3356982                       3356982

NOC_AVG_ACTIVE_PACKET_BASE_CPU                            3356982                       3356982

NOC_AVG_ACTIVE_PACKET_BASE_GPU                                  0                             0

NOC_AVG_ACTIVE_PACKET                                     5169103                       1.53981

NOC_AVG_ACTIVE_PACKET_CPU                                 5169103                       1.53981

NOC_AVG_ACTIVE_PACKET_GPU                                       0                           NaN

NOC_IDLE_CHANNEL                                                0                             0

NOC_IDLE_CHANNEL_CPU                                            0                             0

NOC_IDLE_CHANNEL_GPU                                            0                             0

NOC_IDLE_CHANNEL_L3                                             0                             0

NOC_IDLE_CHANNEL_MC                                             0                             0

NOC_AVG_WAIT_IN_ROUTER_BASE                               8142214                       8142214

NOC_AVG_WAIT_IN_ROUTER_BASE_CPU                           3084069                       3084069

NOC_AVG_WAIT_IN_ROUTER_BASE_GPU                                 0                             0

NOC_AVG_WAIT_IN_ROUTER_BASE_L3                            3356982                       3356982

NOC_AVG_WAIT_IN_ROUTER_BASE_MC                            1701163                       1701163

NOC_AVG_WAIT_IN_ROUTER                                   67234299                        8.2575

NOC_AVG_WAIT_IN_ROUTER_CPU                               24917578                       8.07945

NOC_AVG_WAIT_IN_ROUTER_GPU                                      0                           NaN

NOC_AVG_WAIT_IN_ROUTER_L3                                27030489                       8.05202

NOC_AVG_WAIT_IN_ROUTER_MC                                15286232                       8.98575

NOC_LINK_ACTIVE                                          14355688                      14355688

