Arguments: ./macsim --l3_repl==PDP 
src/macsim.cc:133: (I=0  C=0):  initialize knobs
number of cores : 2
src/macsim.cc:531: (I=0  C=0):  initialize simulation
src/macsim.cc:327: (I=0  C=0):  initialize cores (2/0/0)
src/memory.cc:1695: (I=0  C=0):  Memory system(l2_decoupled_network) has been initialized.
l3_policy: PDP,PDP
0
1
ip_table done
way0=26
way1=6
src/network_ring.cc:107: (I=0  C=0):  TOTAL_ROUTER:4 CPU:2 GPU:0 L3:1 MC:1
src/network_ring.cc:312: (I=0  C=0):  RING topology
0 <-> 1 <-> 2 <-> 3 <-> 
enabling bug detector
src/macsim.cc:748: (I=0  C=0):  Initializing new noc

src/macsim.cc:839: (I=0  C=0):  Clock LCM           : 920
src/macsim.cc:840: (I=0  C=0):  CPU clock frequency : 2.3 GHz
src/macsim.cc:841: (I=0  C=0):  GPU clock frequency : 2.3 GHz
src/macsim.cc:842: (I=0  C=0):  L3  clock frequency : 1 GHz
src/macsim.cc:843: (I=0  C=0):  NOC clock frequency : 1 GHz
src/macsim.cc:844: (I=0  C=0):  MC  clock frequency : 0.8 GHz
src/process_manager.cc:455: (I=0  C=0):  setup_process:0 ../../../../jinku/macsim_traces/astar/trace.txt current_index:0 (1)
src/process_manager.cc:548: (I=0  C=0):  thread_count:1
src/process_manager.cc:455: (I=0  C=0):  setup_process:1 ../../../../jinku/macsim_traces/160810/16MB/trace.txt current_index:0 (1)
src/process_manager.cc:548: (I=0  C=0):  thread_count:1
1000000
2000000
3000000
4000000
** Heartbeat for core[00]:        insts:10000000    cycles:9288256    (371530200) seconds:93    -- 1.08 IPC (1.08 IPC) -- 0.00 KIPS (107.53 KIPS)
** Heartbeat for core[00]:  Thread:0      insts:10000000    cycles:9288256    (371530200) seconds:93    -- 1.08 IPC (1.08 IPC) -- 0.00 KIPS (107.53 KIPS)
5000000
6000000
** Heartbeat for core[01]:        insts:10000000    cycles:13864665   (554586560) seconds:140   -- 0.72 IPC (0.72 IPC) -- 0.00 KIPS (71.43 KIPS)
** Heartbeat for core[01]:  Thread:0      insts:10000000    cycles:13864665   (554586560) seconds:140   -- 0.72 IPC (0.72 IPC) -- 0.00 KIPS (71.43 KIPS)
7000000
8000000
** Heartbeat for core[00]:        insts:20000000    cycles:18414856   (736594200) seconds:187   -- 1.10 IPC (1.09 IPC) -- 106.38 KIPS (106.95 KIPS)
** Heartbeat for core[00]:  Thread:0      insts:20000000    cycles:18414856   (736594200) seconds:187   -- 1.10 IPC (1.09 IPC) -- 106.38 KIPS (106.95 KIPS)
9000000
10000000
11000000
** Heartbeat for core[01]:        insts:20000000    cycles:27151070   (1086042760) seconds:280   -- 0.75 IPC (0.74 IPC) -- 71.43 KIPS (71.43 KIPS)
** Heartbeat for core[01]:  Thread:0      insts:20000000    cycles:27151070   (1086042760) seconds:280   -- 0.75 IPC (0.74 IPC) -- 71.43 KIPS (71.43 KIPS)
** Heartbeat for core[00]:        insts:30000000    cycles:27386110   (1095444360) seconds:282   -- 1.11 IPC (1.10 IPC) -- 105.26 KIPS (106.38 KIPS)
** Heartbeat for core[00]:  Thread:0      insts:30000000    cycles:27386110   (1095444360) seconds:282   -- 1.11 IPC (1.10 IPC) -- 105.26 KIPS (106.38 KIPS)
12000000
13000000
14000000
15000000
** Heartbeat for core[00]:        insts:40000000    cycles:36337984   (1453519320) seconds:383   -- 1.12 IPC (1.10 IPC) -- 99.01 KIPS (104.44 KIPS)
** Heartbeat for core[00]:  Thread:0      insts:40000000    cycles:36337984   (1453519320) seconds:383   -- 1.12 IPC (1.10 IPC) -- 99.01 KIPS (104.44 KIPS)
16000000
17000000
** Heartbeat for core[01]:        insts:30000000    cycles:40425222   (1617008840) seconds:430   -- 0.75 IPC (0.74 IPC) -- 66.67 KIPS (69.77 KIPS)
** Heartbeat for core[01]:  Thread:0      insts:30000000    cycles:40425222   (1617008840) seconds:430   -- 0.75 IPC (0.74 IPC) -- 66.67 KIPS (69.77 KIPS)
18000000
19000000
** Heartbeat for core[00]:        insts:50000000    cycles:45364804   (1814592120) seconds:489   -- 1.11 IPC (1.10 IPC) -- 94.34 KIPS (102.25 KIPS)
** Heartbeat for core[00]:  Thread:0      insts:50000000    cycles:45364804   (1814592120) seconds:489   -- 1.11 IPC (1.10 IPC) -- 94.34 KIPS (102.25 KIPS)
20000000
21000000
22000000
23000000
24000000
** Heartbeat for core[00]:        insts:60000000    cycles:55290888   (2211635480) seconds:593   -- 1.01 IPC (1.09 IPC) -- 96.15 KIPS (101.18 KIPS)
** Heartbeat for core[00]:  Thread:0      insts:60000000    cycles:55290888   (2211635480) seconds:593   -- 1.01 IPC (1.09 IPC) -- 96.15 KIPS (101.18 KIPS)
** Heartbeat for core[01]:        insts:40000000    cycles:55292076   (2211683000) seconds:593   -- 0.67 IPC (0.72 IPC) -- 61.35 KIPS (67.45 KIPS)
** Heartbeat for core[01]:  Thread:0      insts:40000000    cycles:55292076   (2211683000) seconds:593   -- 0.67 IPC (0.72 IPC) -- 61.35 KIPS (67.45 KIPS)
25000000
26000000
27000000
28000000
29000000
30000000
30000000: 30m cycle
total access:[34742]
0:48:0.119338
total access:[91132]
1:1023:0.00422402
31000000
** Heartbeat for core[01]:        insts:50000000    cycles:72742818   (2909712680) seconds:767   -- 0.57 IPC (0.69 IPC) -- 57.47 KIPS (65.19 KIPS)
** Heartbeat for core[01]:  Thread:0      insts:50000000    cycles:72742818   (2909712680) seconds:767   -- 0.57 IPC (0.69 IPC) -- 57.47 KIPS (65.19 KIPS)
32000000
33000000
34000000
** Heartbeat for core[00]:        insts:70000000    cycles:79746433   (3189857280) seconds:838   -- 0.41 IPC (0.88 IPC) -- 40.82 KIPS (83.53 KIPS)
** Heartbeat for core[00]:  Thread:0      insts:70000000    cycles:79746433   (3189857280) seconds:838   -- 0.41 IPC (0.88 IPC) -- 40.82 KIPS (83.53 KIPS)
35000000
36000000
37000000
38000000
39000000
** Heartbeat for core[01]:        insts:60000000    cycles:90196035   (3607841360) seconds:948   -- 0.57 IPC (0.67 IPC) -- 55.25 KIPS (63.29 KIPS)
** Heartbeat for core[01]:  Thread:0      insts:60000000    cycles:90196035   (3607841360) seconds:948   -- 0.57 IPC (0.67 IPC) -- 55.25 KIPS (63.29 KIPS)
40000000
41000000
42000000
43000000
44000000
45000000
** Heartbeat for core[00]:        insts:80000000    cycles:104698686  (4187947400) seconds:1102  -- 0.40 IPC (0.76 IPC) -- 37.88 KIPS (72.60 KIPS)
** Heartbeat for core[00]:  Thread:0      insts:80000000    cycles:104698686  (4187947400) seconds:1102  -- 0.40 IPC (0.76 IPC) -- 37.88 KIPS (72.60 KIPS)
46000000
**Core 00 Core_Total  Finished:   insts:81075143    cycles:107374184  (4294967320) seconds:1132  -- 0.76 IPC (0.76 IPC) --  N/A  KHz (71.62 KHz)
**Core 00 Thread 00 Finished:   insts:81075143    cycles:107374184  (4294967320)  seconds:1132  -- 0.76 IPC (0.76 IPC) --  N/A  KHz (71.62 KHz) 
**Core 01 Core_Total  Finished:   insts:69829606    cycles:107374184  (4294967320) seconds:1132  -- 0.65 IPC (0.65 IPC) --  N/A  KHz (61.69 KHz)
**Core 01 Thread 00 Finished:   insts:69829606    cycles:107374184  (4294967320)  seconds:1132  -- 0.65 IPC (0.65 IPC) --  N/A  KHz (61.69 KHz) 
src/macsim.cc:617: (I=81075143  C=4294967361):  finalize simulation
src/macsim.cc:623: (I=81075143  C=4294967361):  elapsed time:1132.1 seconds
Done
