####################################################################################################
Interval
####################################################################################################
Cumulative:         Cycles:                  20000     Instructions:                  1200
DISPATCHED_INST                                         204526737                     204526737

DISPATCH_WAIT                                          7849773153                       38.3802

NUM_NO_FETCH_CYCLES                                             0                             0

AVG_CORE_IDLE_CYCLE                                             0                             0

REEXEC_NUM                                                      0                             0

INV_MATCH_NUM                                                   0                             0

EARLY_PERM_NUM                                                  0                             0

PERM_MATCH_NUM                                                  0                             0

RETIRE_SPECLD_NUM                                               0                             0

RETIRE_SPECST_NUM                                               0                             0

FENCE_HEAD_ROB_WAIT                                             0                             0

NUM_SAMPLES_CORE_0                                      107374184                     107374184

NUM_ACTIVE_BLOCKS_CORE_0                                        0                             0

NUM_ACTIVE_THREADS_CORE_0                               107374184                             1

NUM_SCHED_IDLE_CYCLE_CORE_0                               7955030                       7955030

NUM_NO_SCHED_CYCLE_CORE_0                                65512222                      65512222

CORE_DISPATCHED_INST_CORE_0                             104258239                     104258239

CORE_DISPATCH_WAIT_CORE_0                              4336352002                       41.5924

CORE_CYCLES_CORE_0                                              0                             0

CORE_SCHED_THREADS_CORE_0                                       0                           NaN

CORE_NUM_NO_FETCH_CYCLES_CORE_0                                 0                             0

CORE_NUM_NO_FETCH_CYCLES_WITH_READY_THREADS_CORE_0                   0                             0

CORE_NUM_FETCH_CYCLES_CORE_0                                    0                             0

CORE_FETCH_DELTA_CORE_0                                         0                           NaN

CORE_NUM_RETIRE_CYCLES_CORE_0                                   0                             0

CORE_RETIRE_DELTA_CORE_0                                        0                           NaN

FENCE_PREF_REQ_CORE_0                                           0                             0

FENCE_WAITING_CORE_0                                            0                             0

DYN_FENCE_NUM_CORE_0                                            0                             0

WB_ORDERING_STALL_CORE_0                                        0                             0

WB_FULL_CORE_0                                                  0                             0

FENCE_TOT_CYCLES_CORE_0                                         0                             0

FENCE_EXEC_CYCLES_CORE_0                                        0                             0

STORE_RES_CORE_0                                        787646913                     787646913

STORE_NUM_CORE_0                                          7157504                       7157504

STORE_WB_FREE_CORE_0                                            0                             0

SCHED_FAILED_REASON_SUCCESS_CORE_0                      104258724                       5.91714%
SCHED_FAILED_OPERANDS_NOT_READY_CORE_0                 1648760971                       93.5744%
SCHED_FAILED_NO_PORTS_CORE_0                              8958079                       0.50841%
SCHED_FAILED_FENCE_ACTIVE_CORE_0                                0                             0%
                                                       1761977774                           100%

NUM_SAMPLES_CORE_1                                      107374184                     107374184

NUM_ACTIVE_BLOCKS_CORE_1                                        0                             0

NUM_ACTIVE_THREADS_CORE_1                               107374184                             1

NUM_SCHED_IDLE_CYCLE_CORE_1                              14018297                      14018297

NUM_NO_SCHED_CYCLE_CORE_1                                39632339                      39632339

CORE_DISPATCHED_INST_CORE_1                             100268498                     100268498

CORE_DISPATCH_WAIT_CORE_1                              3513421151                       35.0401

CORE_CYCLES_CORE_1                                              0                             0

CORE_SCHED_THREADS_CORE_1                                       0                           NaN

CORE_NUM_NO_FETCH_CYCLES_CORE_1                                 0                             0

CORE_NUM_NO_FETCH_CYCLES_WITH_READY_THREADS_CORE_1                   0                             0

CORE_NUM_FETCH_CYCLES_CORE_1                                    0                             0

CORE_FETCH_DELTA_CORE_1                                         0                           NaN

CORE_NUM_RETIRE_CYCLES_CORE_1                                   0                             0

CORE_RETIRE_DELTA_CORE_1                                        0                           NaN

FENCE_PREF_REQ_CORE_1                                           0                             0

FENCE_WAITING_CORE_1                                            0                             0

DYN_FENCE_NUM_CORE_1                                            0                             0

WB_ORDERING_STALL_CORE_1                                        0                             0

WB_FULL_CORE_1                                                  0                             0

FENCE_TOT_CYCLES_CORE_1                                         0                             0

FENCE_EXEC_CYCLES_CORE_1                                        0                             0

STORE_RES_CORE_1                                       2076229513                    2076229513

STORE_NUM_CORE_1                                         11152883                      11152883

STORE_WB_FREE_CORE_1                                            0                             0

SCHED_FAILED_REASON_SUCCESS_CORE_1                      100308388                       5.58146%
SCHED_FAILED_OPERANDS_NOT_READY_CORE_1                 1689840085                       94.0277%
SCHED_FAILED_NO_PORTS_CORE_1                              7024142                      0.390844%
SCHED_FAILED_FENCE_ACTIVE_CORE_1                                0                             0%
                                                       1797172615                           100%

