####################################################################################################
Interval
####################################################################################################
Cumulative:         Cycles:                  20000     Instructions:                  1200
AVG_MEMORY_LATENCY_BASE                                   8549548                       8549548

AVG_MEMORY_LATENCY                                      544362130                       63.6714

MSHR_FULL                                                       0                             0

TOTAL_MEMORY                                              8267233                       8267233

TOTAL_MEMORY_MERGE                                        7076674                      0.855991

TOTAL_WB                                                   282330                     0.0341505

L1_WB                                                      282284                      0.999837

L2_WB                                                           0                             0

L3_WB                                                          46                    0.00016293

TOTAL_DRAM                                                 487733                        487733

TOTAL_DRAM_MERGE                                                0                             0

L1_HIT_CPU                                               71950668                      71950668

L1_HIT_GPU                                                      0                             0

L1_MISS_CPU                                               8266569                       8266569

L1_MISS_GPU                                                     0                             0

L2_HIT_CPU                                                      0                             0

L2_HIT_GPU                                                      0                             0

L2_MISS_CPU                                               1190559                       1190559

L2_MISS_GPU                                                     0                             0

L3_HIT_CPU                                                 702869                        702869

L3_HIT_GPU                                                      0                             0

L3_MISS_CPU                                                487687                        487687

L3_MISS_GPU                                                     0                             0

L3_HIT_PROMOTION_CPU                                            0                             0

L3_HIT_PROMOTION_GPU                                            0                             0

FETCH_THREAD_SKIP_LD_WAIT                                       0                             0

FETCH_THREAD_SKIP_BR_WAIT                                       0                             0

FETCH_THREAD_SKIP_SCHED_WAIT                                    0                             0

NUM_MUL_TRANS_CM_TM_DM_INST                                     0                             0

NUM_MUL_TRANS_CM_TM_DM                                          0                           NaN

CONST_CACHE_HIT                                                 0                             0

CONST_CACHE_MISS                                                0                             0

CONST_CACHE_MISS_NO_EXECUTE                                     0                             0

CONST_CACHE_ACCESS                                              0                             0

TEXTURE_CACHE_HIT                                               0                             0

TEXTURE_CACHE_MISS                                              0                             0

TEXTURE_CACHE_NO_EXECUTE                                        0                             0

TEXTURE_CACHE_ACCESS                                            0                             0

SHARED_MEM_INST                                                 0                             0

SHARED_MEM_ACCESS                                               0                             0

CACHE_BANK_BUSY                                           7610563                       7610563

ICACHE_MISS_TOTAL                                             664                           664

TOTAL_CAGE_PERIOD                                               0                             0

TOTAL_CAGE_APPL0                                                0                           NaN

TOTAL_CAGE_APPL1                                                0                           NaN

TOTAL_CAGE_APPL2                                                0                           NaN

TOTAL_CAGE_APPL3                                                0                           NaN

TOTAL_CAGE_APPL4                                                0                           NaN

ABIP_AVG_RATIO_BASE                                             0                             0

ABIP_AVG_RATIO                                                  0                           NaN

TOTAL_WRITE_ACKS                                                0                             0

TOTAL_WRITES                                                    0                             0

NUM_PHYSICAL_PAGES                                              0                             0

COAL_INST                                                       0                          NaN 
UNCOAL_INST                                                     0                          NaN 
                                                                0                           100%

COAL_INST_SINGLE_TRANS                                          0                          NaN 
COAL_INST_MUL_TRANS                                             0                          NaN 
UNCOAL_INST_MUL_TRANS                                           0                          NaN 
                                                                0                           100%

SM_COAL_INST                                                    0                          NaN 
CM_COAL_INST                                                    0                          NaN 
TM_COAL_INST                                                    0                          NaN 
DM_COAL_INST                                                    0                          NaN 
                                                                0                           100%

SM_UNCOAL_INST                                                  0                          NaN 
CM_UNCOAL_INST                                                  0                          NaN 
TM_UNCOAL_INST                                                  0                          NaN 
DM_UNCOAL_INST                                                  0                          NaN 
                                                                0                           100%

SM_COAL_INST_SINGLE_TRANS                                       0                          NaN 
CM_COAL_INST_SINGLE_TRANS                                       0                          NaN 
TM_COAL_INST_SINGLE_TRANS                                       0                          NaN 
DM_COAL_INST_SINGLE_TRANS                                       0                          NaN 
                                                                0                           100%

SM_COAL_INST_MUL_TRANS                                          0                          NaN 
CM_COAL_INST_MUL_TRANS                                          0                          NaN 
TM_COAL_INST_MUL_TRANS                                          0                          NaN 
DM_COAL_INST_MUL_TRANS                                          0                          NaN 
                                                                0                           100%

LD_NO_FORWARD                                            33514335                       54.1366%
FORWARDED_LD                                             28392633                       45.8634%
                                                         61906968                           100%

L3_TOT_ACCESS_CORE_CORE_0                                  714861                        714861

L3_HIT_CORE_CORE_0                                         676365                        676365

L3_MISS_CORE_CORE_0                                         38496                         38496

L3_HIT_RATE_CORE_CORE_0                                    676365                      0.946149

L3_MISS_RATE_CORE_CORE_0                                    38496                      0.053851

L3_BYPASS_CORE_CORE_0                                           0                             0

MEM_STALL_CYCLE_CORE_0                                          0                             0

ICACHE_FILL_CORE_0                                            100                           100

NUM_WRITE_ACKS_CORE_0                                           0                             0

NUM_WRITES_CORE_0                                               0                             0

ICACHE_HIT_CORE_0                                        26064616                       99.9996%
ICACHE_MISS_CORE_0                                            100                    0.00038366%
                                                         26064716                           100%

L3_TOT_ACCESS_CORE_CORE_1                                  475695                        475695

L3_HIT_CORE_CORE_1                                          26504                         26504

L3_MISS_CORE_CORE_1                                        449191                        449191

L3_HIT_RATE_CORE_CORE_1                                     26504                     0.0557164

L3_MISS_RATE_CORE_CORE_1                                   449191                      0.944284

L3_BYPASS_CORE_CORE_1                                      427265                        427265

MEM_STALL_CYCLE_CORE_1                                          0                             0

ICACHE_FILL_CORE_1                                            564                           564

NUM_WRITE_ACKS_CORE_1                                           0                             0

NUM_WRITES_CORE_1                                               0                             0

ICACHE_HIT_CORE_1                                        25067202                       99.9977%
ICACHE_MISS_CORE_1                                            564                     0.0022499%
                                                         25067766                           100%

