####################################################################################################
Interval
####################################################################################################
Cumulative:         Cycles:                  20000     Instructions:                  1200
TOTAL_PACKET_CPU                                          1758167                       1758167

TOTAL_PACKET_GPU                                                0                             0

NOC_AVG_LATENCY_BASE                                      1758167                       1758167

NOC_AVG_LATENCY_BASE_CPU                                  1758167                       1758167

NOC_AVG_LATENCY_BASE_GPU                                        0                             0

NOC_AVG_LATENCY                                          15836659                       9.00748

NOC_AVG_LATENCY_CPU                                      15836659                       9.00748

NOC_AVG_LATENCY_GPU                                             0                           NaN

NOC_AVG_ACTIVE_PACKET_BASE                                1758167                       1758167

NOC_AVG_ACTIVE_PACKET_BASE_CPU                            1758167                       1758167

NOC_AVG_ACTIVE_PACKET_BASE_GPU                                  0                             0

NOC_AVG_ACTIVE_PACKET                                     1899083                       1.08015

NOC_AVG_ACTIVE_PACKET_CPU                                 1899083                       1.08015

NOC_AVG_ACTIVE_PACKET_GPU                                       0                           NaN

NOC_IDLE_CHANNEL                                                0                             0

NOC_IDLE_CHANNEL_CPU                                            0                             0

NOC_IDLE_CHANNEL_GPU                                            0                             0

NOC_IDLE_CHANNEL_L3                                             0                             0

NOC_IDLE_CHANNEL_MC                                             0                             0

NOC_AVG_WAIT_IN_ROUTER_BASE                               3516334                       3516334

NOC_AVG_WAIT_IN_ROUTER_BASE_CPU                            915112                        915112

NOC_AVG_WAIT_IN_ROUTER_BASE_GPU                                 0                             0

NOC_AVG_WAIT_IN_ROUTER_BASE_L3                            1758167                       1758167

NOC_AVG_WAIT_IN_ROUTER_BASE_MC                             843055                        843055

NOC_AVG_WAIT_IN_ROUTER                                   24640225                       7.00736

NOC_AVG_WAIT_IN_ROUTER_CPU                                6406652                       7.00095

NOC_AVG_WAIT_IN_ROUTER_GPU                                      0                           NaN

NOC_AVG_WAIT_IN_ROUTER_L3                                12320283                       7.00746

NOC_AVG_WAIT_IN_ROUTER_MC                                 5913290                       7.01412

NOC_LINK_ACTIVE                                           5274543                       5274543

