####################################################################################################
Interval
####################################################################################################
Cumulative:         Cycles:                  20000     Instructions:                  1200
POWER_L3CACHE_LINEFILL_BUF_R                               421517                        421517

POWER_L3CACHE_LINEFILL_BUF_W                               421517                        421517

POWER_L3CACHE_LINEFILL_BUF_R_TAG                           421517                        421517

POWER_L3CACHE_WB_BUF_R                                         21                            21

POWER_L3CACHE_WB_BUF_W                                         21                            21

POWER_L3CACHE_WB_BUF_R_TAG                                     21                            21

POWER_L3CACHE_R                                             36039                         36039

POWER_L3CACHE_W                                             35632                         35632

POWER_L3CACHE_R_TAG                                        457556                        457556

POWER_MC_R                                                6807262                       6807262

POWER_MC_W                                                 421538                        421538

POWER_BLOCK_STATES_R_CORE_0                             107374184                     107374184

POWER_BLOCK_STATES_W_CORE_0                             107374184                     107374184

POWER_FETCH_QUEUE_R_CORE_0                               96400344                      96400344

POWER_FETCH_QUEUE_W_CORE_0                               96400344                      96400344

POWER_INST_QUEUE_R_CORE_0                               200470237                     200470237

POWER_INST_QUEUE_W_CORE_0                                96400092                      96400092

POWER_BR_PRED_R_CORE_0                                    7165296                       7165296

POWER_BR_PRED_W_CORE_0                                    7164045                       7164045

POWER_RAS_R_CORE_0                                            899                           899

POWER_RAS_W_CORE_0                                            672                           672

POWER_ICACHE_R_CORE_0                                    24100086                      24100086

POWER_ICACHE_W_CORE_0                                         529                           529

POWER_ICACHE_R_TAG_CORE_0                                24100615                      24100615

POWER_ICACHE_MISS_BUF_R_CORE_0                               1058                          1058

POWER_ICACHE_MISS_BUF_W_CORE_0                               1058                          1058

POWER_ICACHE_MISS_BUF_R_TAG_CORE_0                            529                           529

POWER_ICACHE_MISS_BUF_W_TAG_CORE_0                              0                             0

POWER_ICACHE_TOT_ACC_CORE_0                                     0                             0

POWER_ICACHE_CONF_CORE_0                                        0                             0

POWER_INST_DECODER_R_CORE_0                              67813597                      67813597

POWER_INST_DECODER_W_CORE_0                                     0                             0

POWER_MICRO_OP_SEQ_R_CORE_0                                     0                             0

POWER_MICRO_OP_SEQ_W_CORE_0                                     0                             0

POWER_OPERAND_DECODER_R_CORE_0                           67813597                      67813597

POWER_OPERAND_DECODER_W_CORE_0                                  0                             0

POWER_UOP_QUEUE_R_CORE_0                                200470237                     200470237

POWER_UOP_QUEUE_W_CORE_0                                 96400092                      96400092

POWER_REG_RENAMING_TABLE_R_CORE_0                       200470237                     200470237

POWER_REG_RENAMING_TABLE_W_CORE_0                        96400092                      96400092

POWER_DEP_CHECK_LOGIC_R_CORE_0                           96400344                      96400344

POWER_FREELIST_R_CORE_0                                 200470237                     200470237

POWER_FREELIST_W_CORE_0                                  96400092                      96400092

POWER_RESERVATION_STATION_R_CORE_0                       96431170                      96431170

POWER_RESERVATION_STATION_W_CORE_0                       96400091                      96400091

POWER_RESERVATION_STATION_R_TAG_CORE_0                   96431170                      96431170

POWER_RESERVATION_STATION_W_TAG_CORE_0                          0                             0

POWER_INST_ISSUE_SEL_LOGIC_R_CORE_0                      96431170                      96431170

POWER_INST_ISSUE_SEL_LOGIC_W_CORE_0                      96400074                      96400074

POWER_PAYLOAD_RAM_R_CORE_0                               96431170                      96431170

POWER_PAYLOAD_RAM_W_CORE_0                               96400074                      96400074

POWER_EX_ALU_R_CORE_0                                    53543333                      53543333

POWER_EX_FPU_R_CORE_0                                          44                            44

POWER_EX_MUL_R_CORE_0                                         124                           124

POWER_EX_SFU_R_CORE_0                                           0                             0

POWER_REORDER_BUF_R_CORE_0                               96399917                      96399917

POWER_REORDER_BUF_W_CORE_0                              192800184                     192800184

POWER_INST_COMMIT_SEL_LOGIC_R_CORE_0                     96399917                      96399917

POWER_INST_COMMIT_SEL_LOGIC_W_CORE_0                     96400092                      96400092

POWER_FP_RENAME_R_CORE_0                                       60                            60

POWER_FP_RENAME_W_CORE_0                                        0                             0

POWER_LOAD_QUEUE_R_CORE_0                                32025382                      32025382

POWER_LOAD_QUEUE_W_CORE_0                                32025382                      32025382

POWER_LOAD_QUEUE_R_TAG_CORE_0                            32025382                      32025382

POWER_LOAD_QUEUE_W_TAG_CORE_0                                   0                             0

POWER_STORE_QUEUE_R_CORE_0                               10862287                      10862287

POWER_STORE_QUEUE_W_CORE_0                               10862287                      10862287

POWER_STORE_QUEUE_R_TAG_CORE_0                           10862287                      10862287

POWER_STORE_QUEUE_W_TAG_CORE_0                                  0                             0

POWER_DATA_TLB_R_CORE_0                                  32025382                      32025382

POWER_DATA_TLB_W_CORE_0                                         0                             0

POWER_DATA_TLB_R_TAG_CORE_0                                     0                             0

POWER_DATA_TLB_W_TAG_CORE_0                                     0                             0

POWER_INT_REGFILE_R_CORE_0                              149943487                     149943487

POWER_INT_REGFILE_W_CORE_0                               96400030                      96400030

POWER_FP_REGFILE_R_CORE_0                                      88                            88

POWER_FP_REGFILE_W_CORE_0                                      44                            44

POWER_GP_REGISTER_R_CORE_0                              149943487                     149943487

POWER_GP_REGISTER_W_CORE_0                               96400030                      96400030

POWER_FP_REGISTER_R_CORE_0                                     88                            88

POWER_FP_REGISTER_W_CORE_0                                     44                            44

POWER_SEGMENT_REGISTER_R_CORE_0                          42856573                      42856573

POWER_SEGMENT_REGISTER_W_CORE_0                          78580478                      78580478

POWER_CONTROL_REGISTER_R_CORE_0                                 0                             0

POWER_CONTROL_REGISTER_W_CORE_0                           7143559                       7143559

POWER_FLAG_REGISTER_R_CORE_0                                    0                             0

POWER_FLAG_REGISTER_W_CORE_0                                    0                             0

POWER_EXEC_BYPASS_CORE_0                                 96400074                      96400074

POWER_LOAD_BYPASS_CORE_0                                   915112                        915112

POWER_PIPELINE_CORE_0                                    67813293                      67813293

POWER_DCACHE_MISS_BUF_R_CORE_0                             914054                        914054

POWER_DCACHE_MISS_BUF_R_TAG_CORE_0                        6385195                       6385195

POWER_DCACHE_MISS_BUF_W_CORE_0                            6385195                       6385195

POWER_DCACHE_MISS_BUF_W_TAG_CORE_0                              0                             0

POWER_DCACHE_LINEFILL_BUF_R_CORE_0                              0                             0

POWER_L2CACHE_LINEFILL_BUF_R_CORE_0                       1872579                       1872579

POWER_DCACHE_LINEFILL_BUF_W_CORE_0                              0                             0

POWER_L2CACHE_LINEFILL_BUF_W_CORE_0                        544170                        544170

POWER_DCACHE_LINEFILL_BUF_R_TAG_CORE_0                          0                             0

POWER_L2CACHE_LINEFILL_BUF_R_TAG_CORE_0                   1959193                       1959193

POWER_DCACHE_LINEFILL_BUF_W_TAG_CORE_0                          0                             0

POWER_DCACHE_WB_BUF_R_CORE_0                                86614                         86614

POWER_L2CACHE_WB_BUF_R_CORE_0                                   0                             0

POWER_DCACHE_WB_BUF_W_CORE_0                                86614                         86614

POWER_L2CACHE_WB_BUF_W_CORE_0                                   0                             0

POWER_DCACHE_WB_BUF_R_TAG_CORE_0                           173228                        173228

POWER_L2CACHE_WB_BUF_R_TAG_CORE_0                               0                             0

POWER_DCACHE_WB_BUF_W_TAG_CORE_0                                0                             0

POWER_DCACHE_R_CORE_0                                    36471378                      36471378

POWER_L2CACHE_R_CORE_0                                          0                             0

POWER_DCACHE_W_CORE_0                                      457027                        457027

POWER_L2CACHE_W_CORE_0                                          0                             0

POWER_DCACHE_R_TAG_CORE_0                                42856573                      42856573

POWER_L2CACHE_R_TAG_CORE_0                                      0                             0

POWER_CONST_CACHE_R_CORE_0                                      0                             0

POWER_CONST_CACHE_W_CORE_0                                      0                             0

POWER_CONST_CACHE_R_TAG_CORE_0                                  0                             0

POWER_CONST_CACHE_W_TAG_CORE_0                                  0                             0

POWER_TEXTURE_CACHE_R_CORE_0                                    0                             0

POWER_TEXTURE_CACHE_W_CORE_0                                    0                             0

POWER_TEXTURE_CACHE_R_TAG_CORE_0                                0                             0

POWER_TEXTURE_CACHE_W_TAG_CORE_0                                0                             0

POWER_SHARED_MEM_R_CORE_0                                       0                             0

POWER_SHARED_MEM_W_CORE_0                                       0                             0

POWER_SHARED_MEM_R_TAG_CORE_0                                   0                             0

POWER_SHARED_MEM_W_TAG_CORE_0                                   0                             0

