Arguments: ./macsim 
src/macsim.cc:133: (I=0  C=0):  initialize knobs
number of cores : 1
src/macsim.cc:531: (I=0  C=0):  initialize simulation
src/macsim.cc:327: (I=0  C=0):  initialize cores (1/0/0)
src/memory.cc:1694: (I=0  C=0):  Memory system(l2_decoupled_network) has been initialized.
l3_policy: LRU,LRU
src/network_ring.cc:107: (I=0  C=0):  TOTAL_ROUTER:3 CPU:1 GPU:0 L3:1 MC:1
src/network_ring.cc:312: (I=0  C=0):  RING topology
0 <-> 1 <-> 2 <-> 
enabling bug detector
src/macsim.cc:748: (I=0  C=0):  Initializing new noc

src/macsim.cc:839: (I=0  C=0):  Clock LCM           : 920
src/macsim.cc:840: (I=0  C=0):  CPU clock frequency : 2.3 GHz
src/macsim.cc:841: (I=0  C=0):  GPU clock frequency : 2.3 GHz
src/macsim.cc:842: (I=0  C=0):  L3  clock frequency : 1 GHz
src/macsim.cc:843: (I=0  C=0):  NOC clock frequency : 1 GHz
src/macsim.cc:844: (I=0  C=0):  MC  clock frequency : 0.8 GHz
src/process_manager.cc:455: (I=0  C=0):  setup_process:0 ../../../trace_0409_2017/BWC1/BWC1_ori/trace.txt current_index:0 (1)
src/process_manager.cc:548: (I=0  C=0):  thread_count:1
** Heartbeat for core[00]:        insts:10000000    cycles:14517941   (580717600) seconds:72    -- 0.69 IPC (0.69 IPC) -- 0.00 KIPS (138.89 KIPS)
** Heartbeat for core[00]:  Thread:0      insts:10000000    cycles:14517941   (580717600) seconds:72    -- 0.69 IPC (0.69 IPC) -- 0.00 KIPS (138.89 KIPS)
** Heartbeat for core[00]:        insts:20000000    cycles:28443670   (1137746760) seconds:143   -- 0.72 IPC (0.70 IPC) -- 140.85 KIPS (139.86 KIPS)
** Heartbeat for core[00]:  Thread:0      insts:20000000    cycles:28443670   (1137746760) seconds:143   -- 0.72 IPC (0.70 IPC) -- 140.85 KIPS (139.86 KIPS)
** Heartbeat for core[00]:        insts:30000000    cycles:42369518   (1694780680) seconds:211   -- 0.72 IPC (0.71 IPC) -- 147.06 KIPS (142.18 KIPS)
** Heartbeat for core[00]:  Thread:0      insts:30000000    cycles:42369518   (1694780680) seconds:211   -- 0.72 IPC (0.71 IPC) -- 147.06 KIPS (142.18 KIPS)
** Heartbeat for core[00]:        insts:40000000    cycles:59406956   (2376278200) seconds:290   -- 0.59 IPC (0.67 IPC) -- 126.58 KIPS (137.93 KIPS)
** Heartbeat for core[00]:  Thread:0      insts:40000000    cycles:59406956   (2376278200) seconds:290   -- 0.59 IPC (0.67 IPC) -- 126.58 KIPS (137.93 KIPS)
** Heartbeat for core[00]:        insts:50000000    cycles:78045408   (3121816280) seconds:377   -- 0.54 IPC (0.64 IPC) -- 114.94 KIPS (132.63 KIPS)
** Heartbeat for core[00]:  Thread:0      insts:50000000    cycles:78045408   (3121816280) seconds:377   -- 0.54 IPC (0.64 IPC) -- 114.94 KIPS (132.63 KIPS)
** Heartbeat for core[00]:        insts:60000000    cycles:96683959   (3867358320) seconds:464   -- 0.54 IPC (0.62 IPC) -- 114.94 KIPS (129.31 KIPS)
** Heartbeat for core[00]:  Thread:0      insts:60000000    cycles:96683959   (3867358320) seconds:464   -- 0.54 IPC (0.62 IPC) -- 114.94 KIPS (129.31 KIPS)
**Core 00 Core_Total  Finished:   insts:65735672    cycles:107374184  (4294967320) seconds:513   -- 0.61 IPC (0.61 IPC) --  N/A  KHz (128.14 KHz)
**Core 00 Thread 00 Finished:   insts:65735672    cycles:107374184  (4294967320)  seconds:513   -- 0.61 IPC (0.61 IPC) --  N/A  KHz (128.14 KHz) 
src/macsim.cc:617: (I=65735672  C=4294967361):  finalize simulation
src/macsim.cc:623: (I=65735672  C=4294967361):  elapsed time:512.9 seconds
Done
