####################################################################################################
Interval
####################################################################################################
Cumulative:         Cycles:                  20000     Instructions:                  1200
POWER_L3CACHE_LINEFILL_BUF_R                               435842                        435842

POWER_L3CACHE_LINEFILL_BUF_W                               435842                        435842

POWER_L3CACHE_LINEFILL_BUF_R_TAG                           435842                        435842

POWER_L3CACHE_WB_BUF_R                                         29                            29

POWER_L3CACHE_WB_BUF_W                                         29                            29

POWER_L3CACHE_WB_BUF_R_TAG                                     29                            29

POWER_L3CACHE_R                                              8776                          8776

POWER_L3CACHE_W                                            435842                        435842

POWER_L3CACHE_R_TAG                                        444618                        444618

POWER_MC_R                                                6660889                       6660889

POWER_MC_W                                                 435871                        435871

POWER_BLOCK_STATES_R_CORE_0                             107374184                     107374184

POWER_BLOCK_STATES_W_CORE_0                             107374184                     107374184

POWER_FETCH_QUEUE_R_CORE_0                               93491680                      93491680

POWER_FETCH_QUEUE_W_CORE_0                               93491680                      93491680

POWER_INST_QUEUE_R_CORE_0                               194465079                     194465079

POWER_INST_QUEUE_W_CORE_0                                93491428                      93491428

POWER_BR_PRED_R_CORE_0                                    6957535                       6957535

POWER_BR_PRED_W_CORE_0                                    6956280                       6956280

POWER_RAS_R_CORE_0                                            899                           899

POWER_RAS_W_CORE_0                                            672                           672

POWER_ICACHE_R_CORE_0                                    23372920                      23372920

POWER_ICACHE_W_CORE_0                                         529                           529

POWER_ICACHE_R_TAG_CORE_0                                23373449                      23373449

POWER_ICACHE_MISS_BUF_R_CORE_0                               1058                          1058

POWER_ICACHE_MISS_BUF_W_CORE_0                               1058                          1058

POWER_ICACHE_MISS_BUF_R_TAG_CORE_0                            529                           529

POWER_ICACHE_MISS_BUF_W_TAG_CORE_0                              0                             0

POWER_ICACHE_TOT_ACC_CORE_0                                     0                             0

POWER_ICACHE_CONF_CORE_0                                        0                             0

POWER_INST_DECODER_R_CORE_0                              65735980                      65735980

POWER_INST_DECODER_W_CORE_0                                     0                             0

POWER_MICRO_OP_SEQ_R_CORE_0                                     0                             0

POWER_MICRO_OP_SEQ_W_CORE_0                                     0                             0

POWER_OPERAND_DECODER_R_CORE_0                           65735980                      65735980

POWER_OPERAND_DECODER_W_CORE_0                                  0                             0

POWER_UOP_QUEUE_R_CORE_0                                194465079                     194465079

POWER_UOP_QUEUE_W_CORE_0                                 93491428                      93491428

POWER_REG_RENAMING_TABLE_R_CORE_0                       194465079                     194465079

POWER_REG_RENAMING_TABLE_W_CORE_0                        93491428                      93491428

POWER_DEP_CHECK_LOGIC_R_CORE_0                           93491680                      93491680

POWER_FREELIST_R_CORE_0                                 194465079                     194465079

POWER_FREELIST_W_CORE_0                                  93491428                      93491428

POWER_RESERVATION_STATION_R_CORE_0                       93522456                      93522456

POWER_RESERVATION_STATION_W_CORE_0                       93491384                      93491384

POWER_RESERVATION_STATION_R_TAG_CORE_0                   93522456                      93522456

POWER_RESERVATION_STATION_W_TAG_CORE_0                          0                             0

POWER_INST_ISSUE_SEL_LOGIC_R_CORE_0                      93522456                      93522456

POWER_INST_ISSUE_SEL_LOGIC_W_CORE_0                      93491360                      93491360

POWER_PAYLOAD_RAM_R_CORE_0                               93522456                      93522456

POWER_PAYLOAD_RAM_W_CORE_0                               93491360                      93491360

POWER_EX_ALU_R_CORE_0                                    51881205                      51881205

POWER_EX_FPU_R_CORE_0                                          44                            44

POWER_EX_MUL_R_CORE_0                                         124                           124

POWER_EX_SFU_R_CORE_0                                           0                             0

POWER_REORDER_BUF_R_CORE_0                               93491248                      93491248

POWER_REORDER_BUF_W_CORE_0                              186982856                     186982856

POWER_INST_COMMIT_SEL_LOGIC_R_CORE_0                     93491248                      93491248

POWER_INST_COMMIT_SEL_LOGIC_W_CORE_0                     93491428                      93491428

POWER_FP_RENAME_R_CORE_0                                       60                            60

POWER_FP_RENAME_W_CORE_0                                        0                             0

POWER_LOAD_QUEUE_R_CORE_0                                30986560                      30986560

POWER_LOAD_QUEUE_W_CORE_0                                30986560                      30986560

POWER_LOAD_QUEUE_R_TAG_CORE_0                            30986560                      30986560

POWER_LOAD_QUEUE_W_TAG_CORE_0                                   0                             0

POWER_STORE_QUEUE_R_CORE_0                               10654523                      10654523

POWER_STORE_QUEUE_W_CORE_0                               10654523                      10654523

POWER_STORE_QUEUE_R_TAG_CORE_0                           10654523                      10654523

POWER_STORE_QUEUE_W_TAG_CORE_0                                  0                             0

POWER_DATA_TLB_R_CORE_0                                  30986560                      30986560

POWER_DATA_TLB_W_CORE_0                                         0                             0

POWER_DATA_TLB_R_TAG_CORE_0                                     0                             0

POWER_DATA_TLB_W_TAG_CORE_0                                     0                             0

POWER_INT_REGFILE_R_CORE_0                              145372645                     145372645

POWER_INT_REGFILE_W_CORE_0                               93491316                      93491316

POWER_FP_REGFILE_R_CORE_0                                      88                            88

POWER_FP_REGFILE_W_CORE_0                                      44                            44

POWER_GP_REGISTER_R_CORE_0                              145372645                     145372645

POWER_GP_REGISTER_W_CORE_0                               93491316                      93491316

POWER_FP_REGISTER_R_CORE_0                                     88                            88

POWER_FP_REGISTER_W_CORE_0                                     44                            44

POWER_SEGMENT_REGISTER_R_CORE_0                          41609987                      41609987

POWER_SEGMENT_REGISTER_W_CORE_0                          76295083                      76295083

POWER_CONTROL_REGISTER_R_CORE_0                                 0                             0

POWER_CONTROL_REGISTER_W_CORE_0                           6935798                       6935798

POWER_FLAG_REGISTER_R_CORE_0                                    0                             0

POWER_FLAG_REGISTER_W_CORE_0                                    0                             0

POWER_EXEC_BYPASS_CORE_0                                 93491360                      93491360

POWER_LOAD_BYPASS_CORE_0                                   889237                        889237

POWER_PIPELINE_CORE_0                                    65735672                      65735672

POWER_DCACHE_MISS_BUF_R_CORE_0                             888179                        888179

POWER_DCACHE_MISS_BUF_R_TAG_CORE_0                        6224489                       6224489

POWER_DCACHE_MISS_BUF_W_CORE_0                            6224489                       6224489

POWER_DCACHE_MISS_BUF_W_TAG_CORE_0                              0                             0

POWER_DCACHE_LINEFILL_BUF_R_CORE_0                              0                             0

POWER_L2CACHE_LINEFILL_BUF_R_CORE_0                       1823375                       1823375

POWER_DCACHE_LINEFILL_BUF_W_CORE_0                              0                             0

POWER_L2CACHE_LINEFILL_BUF_W_CORE_0                        531265                        531265

POWER_DCACHE_LINEFILL_BUF_R_TAG_CORE_0                          0                             0

POWER_L2CACHE_LINEFILL_BUF_R_TAG_CORE_0                   1910022                       1910022

POWER_DCACHE_LINEFILL_BUF_W_TAG_CORE_0                          0                             0

POWER_DCACHE_WB_BUF_R_CORE_0                                86647                         86647

POWER_L2CACHE_WB_BUF_R_CORE_0                                   0                             0

POWER_DCACHE_WB_BUF_W_CORE_0                                86647                         86647

POWER_L2CACHE_WB_BUF_W_CORE_0                                   0                             0

POWER_DCACHE_WB_BUF_R_TAG_CORE_0                           173294                        173294

POWER_L2CACHE_WB_BUF_R_TAG_CORE_0                               0                             0

POWER_DCACHE_WB_BUF_W_TAG_CORE_0                                0                             0

POWER_DCACHE_R_CORE_0                                    35385498                      35385498

POWER_L2CACHE_R_CORE_0                                          0                             0

POWER_DCACHE_W_CORE_0                                      444089                        444089

POWER_L2CACHE_W_CORE_0                                          0                             0

POWER_DCACHE_R_TAG_CORE_0                                41609987                      41609987

POWER_L2CACHE_R_TAG_CORE_0                                      0                             0

POWER_CONST_CACHE_R_CORE_0                                      0                             0

POWER_CONST_CACHE_W_CORE_0                                      0                             0

POWER_CONST_CACHE_R_TAG_CORE_0                                  0                             0

POWER_CONST_CACHE_W_TAG_CORE_0                                  0                             0

POWER_TEXTURE_CACHE_R_CORE_0                                    0                             0

POWER_TEXTURE_CACHE_W_CORE_0                                    0                             0

POWER_TEXTURE_CACHE_R_TAG_CORE_0                                0                             0

POWER_TEXTURE_CACHE_W_TAG_CORE_0                                0                             0

POWER_SHARED_MEM_R_CORE_0                                       0                             0

POWER_SHARED_MEM_W_CORE_0                                       0                             0

POWER_SHARED_MEM_R_TAG_CORE_0                                   0                             0

POWER_SHARED_MEM_W_TAG_CORE_0                                   0                             0

