####################################################################################################
Interval
####################################################################################################
Cumulative:         Cycles:                  20000     Instructions:                  1200
TOTAL_PACKET_CPU                                          1760950                       1760950

TOTAL_PACKET_GPU                                                0                             0

NOC_AVG_LATENCY_BASE                                      1760950                       1760950

NOC_AVG_LATENCY_BASE_CPU                                  1760950                       1760950

NOC_AVG_LATENCY_BASE_GPU                                        0                             0

NOC_AVG_LATENCY                                          15861676                       9.00745

NOC_AVG_LATENCY_CPU                                      15861676                       9.00745

NOC_AVG_LATENCY_GPU                                             0                           NaN

NOC_AVG_ACTIVE_PACKET_BASE                                1760950                       1760950

NOC_AVG_ACTIVE_PACKET_BASE_CPU                            1760950                       1760950

NOC_AVG_ACTIVE_PACKET_BASE_GPU                                  0                             0

NOC_AVG_ACTIVE_PACKET                                     1907635                        1.0833

NOC_AVG_ACTIVE_PACKET_CPU                                 1907635                        1.0833

NOC_AVG_ACTIVE_PACKET_GPU                                       0                           NaN

NOC_IDLE_CHANNEL                                                0                             0

NOC_IDLE_CHANNEL_CPU                                            0                             0

NOC_IDLE_CHANNEL_GPU                                            0                             0

NOC_IDLE_CHANNEL_L3                                             0                             0

NOC_IDLE_CHANNEL_MC                                             0                             0

NOC_AVG_WAIT_IN_ROUTER_BASE                               3521900                       3521900

NOC_AVG_WAIT_IN_ROUTER_BASE_CPU                            889237                        889237

NOC_AVG_WAIT_IN_ROUTER_BASE_GPU                                 0                             0

NOC_AVG_WAIT_IN_ROUTER_BASE_L3                            1760950                       1760950

NOC_AVG_WAIT_IN_ROUTER_BASE_MC                             871713                        871713

NOC_AVG_WAIT_IN_ROUTER                                   24679109                       7.00733

NOC_AVG_WAIT_IN_ROUTER_CPU                                6225402                       7.00084

NOC_AVG_WAIT_IN_ROUTER_GPU                                      0                           NaN

NOC_AVG_WAIT_IN_ROUTER_L3                                12339720                       7.00742

NOC_AVG_WAIT_IN_ROUTER_MC                                 6113987                       7.01376

NOC_LINK_ACTIVE                                           5282906                       5282906

