BP_MISPRED_STALL_CORE_0                                  46629495                      46629495

BP_RESOLVED_CORE_0                                         186223                        186223

BP_REDIRECT_RESOLVED_CORE_0                                     0                             0

PERFECT_TARGET_PRED_CORE_0                                      0                             0

BP_ON_PATH_CORRECT_CORE_0                                11577050                       98.5637%
BP_ON_PATH_MISPREDICT_CORE_0                               168709                       1.43634%
BP_ON_PATH_MISFETCH_CORE_0                                      0                             0%
                                                         11745759                           100%

BP_OFF_PATH_CORRECT_CORE_0                                      0                          NaN 
BP_OFF_PATH_MISPREDICT_CORE_0                                   0                          NaN 
BP_OFF_PATH_MISFETCH_CORE_0                                     0                          NaN 
                                                                0                           100%

BP_MISPRED_STALL_CORE_1                                    483922                        483922

BP_RESOLVED_CORE_1                                           4995                          4995

BP_REDIRECT_RESOLVED_CORE_1                                     0                             0

PERFECT_TARGET_PRED_CORE_1                                      0                             0

BP_ON_PATH_CORRECT_CORE_1                                 7885751                        99.937%
BP_ON_PATH_MISPREDICT_CORE_1                                 4973                     0.0630234%
BP_ON_PATH_MISFETCH_CORE_1                                      0                             0%
                                                          7890724                           100%

BP_OFF_PATH_CORRECT_CORE_1                                      0                          NaN 
BP_OFF_PATH_MISPREDICT_CORE_1                                   0                          NaN 
BP_OFF_PATH_MISFETCH_CORE_1                                     0                          NaN 
                                                                0                           100%

