####################################################################################################
Interval
####################################################################################################
Cumulative:         Cycles:                  20000     Instructions:                  1200
DRAM_PRECHARGE                                              21196                         21196

DRAM_ACTIVATE                                               21204                         21204

DRAM_COLUMN                                                435250                        435250

DRAM_AVG_LATENCY_BASE                                      435250                        435250

DRAM_AVG_LATENCY                                         10141531                       23.3005

BANDWIDTH_TOT                                            27856000                      27856000

DRAM_CHANNEL0_BANDWIDTH_SATURATED                           12377                         12377

DRAM_CHANNEL1_BANDWIDTH_SATURATED                           12475                         12475

DRAM_CHANNEL2_BANDWIDTH_SATURATED                               0                             0

DRAM_CHANNEL3_BANDWIDTH_SATURATED                               0                             0

DRAM_CHANNEL4_BANDWIDTH_SATURATED                               0                             0

DRAM_CHANNEL5_BANDWIDTH_SATURATED                               0                             0

DRAM_CHANNEL6_BANDWIDTH_SATURATED                               0                             0

DRAM_CHANNEL7_BANDWIDTH_SATURATED                               0                             0

DRAM_CHANNEL0_DBUS_IDLE                                  35606471                      35606471

DRAM_CHANNEL1_DBUS_IDLE                                  35606615                      35606615

DRAM_CHANNEL2_DBUS_IDLE                                         0                             0

DRAM_CHANNEL3_DBUS_IDLE                                         0                             0

DRAM_CHANNEL4_DBUS_IDLE                                         0                             0

DRAM_CHANNEL5_DBUS_IDLE                                         0                             0

DRAM_CHANNEL6_DBUS_IDLE                                         0                             0

DRAM_CHANNEL7_DBUS_IDLE                                         0                             0

