####################################################################################################
Interval
####################################################################################################
Cumulative:         Cycles:                  20000     Instructions:                  1200
TOTAL_PACKET_CPU                                          3344089                       3344089

TOTAL_PACKET_GPU                                                0                             0

NOC_AVG_LATENCY_BASE                                      3344086                       3344086

NOC_AVG_LATENCY_BASE_CPU                                  3344086                       3344086

NOC_AVG_LATENCY_BASE_GPU                                        0                             0

NOC_AVG_LATENCY                                          37367906                       11.1743

NOC_AVG_LATENCY_CPU                                      37367906                       11.1743

NOC_AVG_LATENCY_GPU                                             0                           NaN

NOC_AVG_ACTIVE_PACKET_BASE                                3344089                       3344089

NOC_AVG_ACTIVE_PACKET_BASE_CPU                            3344089                       3344089

NOC_AVG_ACTIVE_PACKET_BASE_GPU                                  0                             0

NOC_AVG_ACTIVE_PACKET                                     5472308                       1.63641

NOC_AVG_ACTIVE_PACKET_CPU                                 5472308                       1.63641

NOC_AVG_ACTIVE_PACKET_GPU                                       0                           NaN

NOC_IDLE_CHANNEL                                                0                             0

NOC_IDLE_CHANNEL_CPU                                            0                             0

NOC_IDLE_CHANNEL_GPU                                            0                             0

NOC_IDLE_CHANNEL_L3                                             0                             0

NOC_IDLE_CHANNEL_MC                                             0                             0

NOC_AVG_WAIT_IN_ROUTER_BASE                               8154525                       8154525

NOC_AVG_WAIT_IN_ROUTER_BASE_CPU                           3206763                       3206763

NOC_AVG_WAIT_IN_ROUTER_BASE_GPU                                 0                             0

NOC_AVG_WAIT_IN_ROUTER_BASE_L3                            3344088                       3344088

NOC_AVG_WAIT_IN_ROUTER_BASE_MC                            1603674                       1603674

NOC_AVG_WAIT_IN_ROUTER                                   69788957                       8.55831

NOC_AVG_WAIT_IN_ROUTER_CPU                               26637195                       8.30657

NOC_AVG_WAIT_IN_ROUTER_GPU                                      0                           NaN

NOC_AVG_WAIT_IN_ROUTER_L3                                27747068                       8.29735

NOC_AVG_WAIT_IN_ROUTER_MC                                15404694                       9.60588

NOC_LINK_ACTIVE                                          14431321                      14431321

