####################################################################################################
Interval
####################################################################################################
Cumulative:         Cycles:                  20000     Instructions:                  1200
TOTAL_PACKET_CPU                                          1754261                       1754261

TOTAL_PACKET_GPU                                                0                             0

NOC_AVG_LATENCY_BASE                                      1754261                       1754261

NOC_AVG_LATENCY_BASE_CPU                                  1754261                       1754261

NOC_AVG_LATENCY_BASE_GPU                                        0                             0

NOC_AVG_LATENCY                                          15801378                       9.00743

NOC_AVG_LATENCY_CPU                                      15801378                       9.00743

NOC_AVG_LATENCY_GPU                                             0                           NaN

NOC_AVG_ACTIVE_PACKET_BASE                                1754261                       1754261

NOC_AVG_ACTIVE_PACKET_BASE_CPU                            1754261                       1754261

NOC_AVG_ACTIVE_PACKET_BASE_GPU                                  0                             0

NOC_AVG_ACTIVE_PACKET                                     1895427                       1.08047

NOC_AVG_ACTIVE_PACKET_CPU                                 1895427                       1.08047

NOC_AVG_ACTIVE_PACKET_GPU                                       0                           NaN

NOC_IDLE_CHANNEL                                                0                             0

NOC_IDLE_CHANNEL_CPU                                            0                             0

NOC_IDLE_CHANNEL_GPU                                            0                             0

NOC_IDLE_CHANNEL_L3                                             0                             0

NOC_IDLE_CHANNEL_MC                                             0                             0

NOC_AVG_WAIT_IN_ROUTER_BASE                               3508522                       3508522

NOC_AVG_WAIT_IN_ROUTER_BASE_CPU                            947311                        947311

NOC_AVG_WAIT_IN_ROUTER_BASE_GPU                                 0                             0

NOC_AVG_WAIT_IN_ROUTER_BASE_L3                            1754261                       1754261

NOC_AVG_WAIT_IN_ROUTER_BASE_MC                             806950                        806950

NOC_AVG_WAIT_IN_ROUTER                                   24585287                       7.00731

NOC_AVG_WAIT_IN_ROUTER_CPU                                6632042                       7.00091

NOC_AVG_WAIT_IN_ROUTER_GPU                                      0                           NaN

NOC_AVG_WAIT_IN_ROUTER_L3                                12292858                       7.00743

NOC_AVG_WAIT_IN_ROUTER_MC                                 5660387                       7.01454

NOC_LINK_ACTIVE                                           5262781                       5262781

