####################################################################################################
Interval
####################################################################################################
Cumulative:         Cycles:                  20000     Instructions:                  1200
TOTAL_PACKET_CPU                                          1757021                       1757021

TOTAL_PACKET_GPU                                                0                             0

NOC_AVG_LATENCY_BASE                                      1757020                       1757020

NOC_AVG_LATENCY_BASE_CPU                                  1757020                       1757020

NOC_AVG_LATENCY_BASE_GPU                                        0                             0

NOC_AVG_LATENCY                                          15826398                       9.00752

NOC_AVG_LATENCY_CPU                                      15826398                       9.00752

NOC_AVG_LATENCY_GPU                                             0                           NaN

NOC_AVG_ACTIVE_PACKET_BASE                                1757021                       1757021

NOC_AVG_ACTIVE_PACKET_BASE_CPU                            1757021                       1757021

NOC_AVG_ACTIVE_PACKET_BASE_GPU                                  0                             0

NOC_AVG_ACTIVE_PACKET                                     1903048                       1.08311

NOC_AVG_ACTIVE_PACKET_CPU                                 1903048                       1.08311

NOC_AVG_ACTIVE_PACKET_GPU                                       0                           NaN

NOC_IDLE_CHANNEL                                                0                             0

NOC_IDLE_CHANNEL_CPU                                            0                             0

NOC_IDLE_CHANNEL_GPU                                            0                             0

NOC_IDLE_CHANNEL_L3                                             0                             0

NOC_IDLE_CHANNEL_MC                                             0                             0

NOC_AVG_WAIT_IN_ROUTER_BASE                               3514041                       3514041

NOC_AVG_WAIT_IN_ROUTER_BASE_CPU                            916905                        916905

NOC_AVG_WAIT_IN_ROUTER_BASE_GPU                                 0                             0

NOC_AVG_WAIT_IN_ROUTER_BASE_L3                            1757020                       1757020

NOC_AVG_WAIT_IN_ROUTER_BASE_MC                             840116                        840116

NOC_AVG_WAIT_IN_ROUTER                                   24624298                        7.0074

NOC_AVG_WAIT_IN_ROUTER_CPU                                6419199                       7.00094

NOC_AVG_WAIT_IN_ROUTER_GPU                                      0                           NaN

NOC_AVG_WAIT_IN_ROUTER_L3                                12312294                       7.00749

NOC_AVG_WAIT_IN_ROUTER_MC                                 5892805                       7.01428

NOC_LINK_ACTIVE                                           5271125                       5271125

