Arguments: ./macsim --l3_repl==PDP 
src/macsim.cc:133: (I=0  C=0):  initialize knobs
number of cores : 2
src/macsim.cc:531: (I=0  C=0):  initialize simulation
src/macsim.cc:327: (I=0  C=0):  initialize cores (2/0/0)
src/memory.cc:1695: (I=0  C=0):  Memory system(l2_decoupled_network) has been initialized.
l3_policy: PDP,PDP
0
1
ip_table done
way0=17
way1=15
src/network_ring.cc:107: (I=0  C=0):  TOTAL_ROUTER:4 CPU:2 GPU:0 L3:1 MC:1
src/network_ring.cc:312: (I=0  C=0):  RING topology
0 <-> 1 <-> 2 <-> 3 <-> 
enabling bug detector
src/macsim.cc:748: (I=0  C=0):  Initializing new noc

src/macsim.cc:839: (I=0  C=0):  Clock LCM           : 920
src/macsim.cc:840: (I=0  C=0):  CPU clock frequency : 2.3 GHz
src/macsim.cc:841: (I=0  C=0):  GPU clock frequency : 2.3 GHz
src/macsim.cc:842: (I=0  C=0):  L3  clock frequency : 1 GHz
src/macsim.cc:843: (I=0  C=0):  NOC clock frequency : 1 GHz
src/macsim.cc:844: (I=0  C=0):  MC  clock frequency : 0.8 GHz
src/process_manager.cc:455: (I=0  C=0):  setup_process:0 ../../../../jinku/macsim_traces/astar/trace.txt current_index:0 (1)
src/process_manager.cc:548: (I=0  C=0):  thread_count:1
src/process_manager.cc:455: (I=0  C=0):  setup_process:1 ../../../../jinku/macsim_traces/160810/16MB/trace.txt current_index:0 (1)
src/process_manager.cc:548: (I=0  C=0):  thread_count:1
1000000
2000000
3000000
4000000
** Heartbeat for core[00]:        insts:10000000    cycles:9288256    (371530200) seconds:93    -- 1.08 IPC (1.08 IPC) -- 0.00 KIPS (107.53 KIPS)
** Heartbeat for core[00]:  Thread:0      insts:10000000    cycles:9288256    (371530200) seconds:93    -- 1.08 IPC (1.08 IPC) -- 0.00 KIPS (107.53 KIPS)
5000000
6000000
** Heartbeat for core[01]:        insts:10000000    cycles:13864665   (554586560) seconds:139   -- 0.72 IPC (0.72 IPC) -- 0.00 KIPS (71.94 KIPS)
** Heartbeat for core[01]:  Thread:0      insts:10000000    cycles:13864665   (554586560) seconds:139   -- 0.72 IPC (0.72 IPC) -- 0.00 KIPS (71.94 KIPS)
7000000
8000000
** Heartbeat for core[00]:        insts:20000000    cycles:18414856   (736594200) seconds:185   -- 1.10 IPC (1.09 IPC) -- 108.70 KIPS (108.11 KIPS)
** Heartbeat for core[00]:  Thread:0      insts:20000000    cycles:18414856   (736594200) seconds:185   -- 1.10 IPC (1.09 IPC) -- 108.70 KIPS (108.11 KIPS)
9000000
10000000
11000000
** Heartbeat for core[01]:        insts:20000000    cycles:27151070   (1086042760) seconds:277   -- 0.75 IPC (0.74 IPC) -- 72.46 KIPS (72.20 KIPS)
** Heartbeat for core[01]:  Thread:0      insts:20000000    cycles:27151070   (1086042760) seconds:277   -- 0.75 IPC (0.74 IPC) -- 72.46 KIPS (72.20 KIPS)
** Heartbeat for core[00]:        insts:30000000    cycles:27386110   (1095444360) seconds:280   -- 1.11 IPC (1.10 IPC) -- 105.26 KIPS (107.14 KIPS)
** Heartbeat for core[00]:  Thread:0      insts:30000000    cycles:27386110   (1095444360) seconds:280   -- 1.11 IPC (1.10 IPC) -- 105.26 KIPS (107.14 KIPS)
12000000
13000000
14000000
15000000
** Heartbeat for core[00]:        insts:40000000    cycles:36337984   (1453519320) seconds:379   -- 1.12 IPC (1.10 IPC) -- 101.01 KIPS (105.54 KIPS)
** Heartbeat for core[00]:  Thread:0      insts:40000000    cycles:36337984   (1453519320) seconds:379   -- 1.12 IPC (1.10 IPC) -- 101.01 KIPS (105.54 KIPS)
16000000
17000000
** Heartbeat for core[01]:        insts:30000000    cycles:40425222   (1617008840) seconds:426   -- 0.75 IPC (0.74 IPC) -- 67.11 KIPS (70.42 KIPS)
** Heartbeat for core[01]:  Thread:0      insts:30000000    cycles:40425222   (1617008840) seconds:426   -- 0.75 IPC (0.74 IPC) -- 67.11 KIPS (70.42 KIPS)
18000000
19000000
** Heartbeat for core[00]:        insts:50000000    cycles:45364091   (1814563600) seconds:484   -- 1.11 IPC (1.10 IPC) -- 95.24 KIPS (103.31 KIPS)
** Heartbeat for core[00]:  Thread:0      insts:50000000    cycles:45364091   (1814563600) seconds:484   -- 1.11 IPC (1.10 IPC) -- 95.24 KIPS (103.31 KIPS)
20000000
21000000
22000000
23000000
** Heartbeat for core[01]:        insts:40000000    cycles:53094387   (2123775440) seconds:571   -- 0.79 IPC (0.75 IPC) -- 68.97 KIPS (70.05 KIPS)
** Heartbeat for core[01]:  Thread:0      insts:40000000    cycles:53094387   (2123775440) seconds:571   -- 0.79 IPC (0.75 IPC) -- 68.97 KIPS (70.05 KIPS)
24000000
** Heartbeat for core[00]:        insts:60000000    cycles:55266646   (2210665800) seconds:592   -- 1.01 IPC (1.09 IPC) -- 92.59 KIPS (101.35 KIPS)
** Heartbeat for core[00]:  Thread:0      insts:60000000    cycles:55266646   (2210665800) seconds:592   -- 1.01 IPC (1.09 IPC) -- 92.59 KIPS (101.35 KIPS)
25000000
26000000
27000000
28000000
29000000
30000000
30000000: 30m cycle
[]12866
0:78:0.0498277
way:17
[]98830
1:1023:0.00428957
way:15
** Heartbeat for core[01]:        insts:50000000    cycles:70540927   (2821637040) seconds:743   -- 0.57 IPC (0.71 IPC) -- 58.14 KIPS (67.29 KIPS)
** Heartbeat for core[01]:  Thread:0      insts:50000000    cycles:70540927   (2821637040) seconds:743   -- 0.57 IPC (0.71 IPC) -- 58.14 KIPS (67.29 KIPS)
31000000
32000000
33000000
34000000
** Heartbeat for core[00]:        insts:70000000    cycles:79727937   (3189117440) seconds:836   -- 0.41 IPC (0.88 IPC) -- 40.98 KIPS (83.73 KIPS)
** Heartbeat for core[00]:  Thread:0      insts:70000000    cycles:79727937   (3189117440) seconds:836   -- 0.41 IPC (0.88 IPC) -- 40.98 KIPS (83.73 KIPS)
35000000
36000000
37000000
38000000
** Heartbeat for core[01]:        insts:60000000    cycles:87989596   (3519583800) seconds:922   -- 0.57 IPC (0.68 IPC) -- 55.87 KIPS (65.08 KIPS)
** Heartbeat for core[01]:  Thread:0      insts:60000000    cycles:87989596   (3519583800) seconds:922   -- 0.57 IPC (0.68 IPC) -- 55.87 KIPS (65.08 KIPS)
39000000
40000000
41000000
42000000
43000000
44000000
45000000
** Heartbeat for core[00]:        insts:80000000    cycles:104790709  (4191628320) seconds:1102  -- 0.40 IPC (0.76 IPC) -- 37.59 KIPS (72.60 KIPS)
** Heartbeat for core[00]:  Thread:0      insts:80000000    cycles:104790709  (4191628320) seconds:1102  -- 0.40 IPC (0.76 IPC) -- 37.59 KIPS (72.60 KIPS)
** Heartbeat for core[01]:        insts:70000000    cycles:105456661  (4218266400) seconds:1109  -- 0.57 IPC (0.66 IPC) -- 53.48 KIPS (63.12 KIPS)
** Heartbeat for core[01]:  Thread:0      insts:70000000    cycles:105456661  (4218266400) seconds:1109  -- 0.57 IPC (0.66 IPC) -- 53.48 KIPS (63.12 KIPS)
46000000
**Core 00 Core_Total  Finished:   insts:81035677    cycles:107374184  (4294967320) seconds:1130  -- 0.75 IPC (0.75 IPC) --  N/A  KHz (71.71 KHz)
**Core 00 Thread 00 Finished:   insts:81035677    cycles:107374184  (4294967320)  seconds:1130  -- 0.75 IPC (0.75 IPC) --  N/A  KHz (71.71 KHz) 
**Core 01 Core_Total  Finished:   insts:71842529    cycles:107374184  (4294967320) seconds:1130  -- 0.67 IPC (0.67 IPC) --  N/A  KHz (63.58 KHz)
**Core 01 Thread 00 Finished:   insts:71842529    cycles:107374184  (4294967320)  seconds:1130  -- 0.67 IPC (0.67 IPC) --  N/A  KHz (63.58 KHz) 
src/macsim.cc:617: (I=81035677  C=4294967361):  finalize simulation
src/macsim.cc:623: (I=81035677  C=4294967361):  elapsed time:1130.1 seconds
Done
