Arguments: ./macsim --l3_repl==PDP --num_sim_cores=2 --num_sim_large_cores=2 
src/macsim.cc:133: (I=0  C=0):  initialize knobs
number of cores : 2
src/macsim.cc:531: (I=0  C=0):  initialize simulation
src/macsim.cc:327: (I=0  C=0):  initialize cores (2/0/0)
src/memory.cc:1695: (I=0  C=0):  Memory system(l2_decoupled_network) has been initialized.
l3_policy: PDP,PDP
0
1
Way0:3
Way1:29
ip_table done
way0=3
way1=29
src/network_ring.cc:107: (I=0  C=0):  TOTAL_ROUTER:4 CPU:2 GPU:0 L3:1 MC:1
src/network_ring.cc:312: (I=0  C=0):  RING topology
0 <-> 1 <-> 2 <-> 3 <-> 
enabling bug detector
src/macsim.cc:748: (I=0  C=0):  Initializing new noc

src/macsim.cc:839: (I=0  C=0):  Clock LCM           : 920
src/macsim.cc:840: (I=0  C=0):  CPU clock frequency : 2.3 GHz
src/macsim.cc:841: (I=0  C=0):  GPU clock frequency : 2.3 GHz
src/macsim.cc:842: (I=0  C=0):  L3  clock frequency : 1 GHz
src/macsim.cc:843: (I=0  C=0):  NOC clock frequency : 1 GHz
src/macsim.cc:844: (I=0  C=0):  MC  clock frequency : 0.8 GHz
src/process_manager.cc:455: (I=0  C=0):  setup_process:0 /home/jinku/macsim_traces/astar/trace.txt current_index:0 (1)
src/process_manager.cc:548: (I=0  C=0):  thread_count:1
src/process_manager.cc:455: (I=0  C=0):  setup_process:1 /home/jinku/macsim_traces/160810/4MB/trace.txt current_index:0 (1)
src/process_manager.cc:548: (I=0  C=0):  thread_count:1
1000000
2000000
3000000
4000000
** Heartbeat for core[00]:        insts:10000000    cycles:9296240    (371849560) seconds:96    -- 1.08 IPC (1.08 IPC) -- 0.00 KIPS (104.17 KIPS)
** Heartbeat for core[00]:  Thread:0      insts:10000000    cycles:9296240    (371849560) seconds:96    -- 1.08 IPC (1.08 IPC) -- 0.00 KIPS (104.17 KIPS)
5000000
** Heartbeat for core[01]:        insts:10000000    cycles:13336935   (533477360) seconds:142   -- 0.75 IPC (0.75 IPC) -- 0.00 KIPS (70.42 KIPS)
** Heartbeat for core[01]:  Thread:0      insts:10000000    cycles:13336935   (533477360) seconds:142   -- 0.75 IPC (0.75 IPC) -- 0.00 KIPS (70.42 KIPS)
6000000
7000000
8000000
** Heartbeat for core[00]:        insts:20000000    cycles:18412793   (736511680) seconds:202   -- 1.10 IPC (1.09 IPC) -- 94.34 KIPS (99.01 KIPS)
** Heartbeat for core[00]:  Thread:0      insts:20000000    cycles:18412793   (736511680) seconds:202   -- 1.10 IPC (1.09 IPC) -- 94.34 KIPS (99.01 KIPS)
9000000
10000000
10000000: 30m cycle
total access:[12863]
0:47:0.150279
total access:[72706]
1:390:0.0186117
** Heartbeat for core[01]:        insts:20000000    cycles:23181273   (927250880) seconds:257   -- 1.02 IPC (0.86 IPC) -- 86.96 KIPS (77.82 KIPS)
** Heartbeat for core[01]:  Thread:0      insts:20000000    cycles:23181273   (927250880) seconds:257   -- 1.02 IPC (0.86 IPC) -- 86.96 KIPS (77.82 KIPS)
11000000
** Heartbeat for core[00]:        insts:30000000    cycles:27372064   (1094882520) seconds:306   -- 1.12 IPC (1.10 IPC) -- 96.15 KIPS (98.04 KIPS)
** Heartbeat for core[00]:  Thread:0      insts:30000000    cycles:27372064   (1094882520) seconds:306   -- 1.12 IPC (1.10 IPC) -- 96.15 KIPS (98.04 KIPS)
12000000
13000000
14000000
** Heartbeat for core[01]:        insts:30000000    cycles:32665611   (1306624400) seconds:367   -- 1.05 IPC (0.92 IPC) -- 90.91 KIPS (81.74 KIPS)
** Heartbeat for core[01]:  Thread:0      insts:30000000    cycles:32665611   (1306624400) seconds:367   -- 1.05 IPC (0.92 IPC) -- 90.91 KIPS (81.74 KIPS)
15000000
** Heartbeat for core[00]:        insts:40000000    cycles:36309912   (1452396440) seconds:409   -- 1.12 IPC (1.10 IPC) -- 97.09 KIPS (97.80 KIPS)
** Heartbeat for core[00]:  Thread:0      insts:40000000    cycles:36309912   (1452396440) seconds:409   -- 1.12 IPC (1.10 IPC) -- 97.09 KIPS (97.80 KIPS)
16000000
17000000
18000000
** Heartbeat for core[01]:        insts:40000000    cycles:42311460   (1692458360) seconds:479   -- 1.04 IPC (0.95 IPC) -- 89.29 KIPS (83.51 KIPS)
** Heartbeat for core[01]:  Thread:0      insts:40000000    cycles:42311460   (1692458360) seconds:479   -- 1.04 IPC (0.95 IPC) -- 89.29 KIPS (83.51 KIPS)
19000000
** Heartbeat for core[00]:        insts:50000000    cycles:45339157   (1813566240) seconds:515   -- 1.11 IPC (1.10 IPC) -- 94.34 KIPS (97.09 KIPS)
** Heartbeat for core[00]:  Thread:0      insts:50000000    cycles:45339157   (1813566240) seconds:515   -- 1.11 IPC (1.10 IPC) -- 94.34 KIPS (97.09 KIPS)
20000000
20000000: 30m cycle
total access:[25997]
0:61:0.119791
total access:[233510]
1:390:0.0198112
21000000
22000000
** Heartbeat for core[01]:        insts:50000000    cycles:52001989   (2080079520) seconds:592   -- 1.03 IPC (0.96 IPC) -- 88.50 KIPS (84.46 KIPS)
** Heartbeat for core[01]:  Thread:0      insts:50000000    cycles:52001989   (2080079520) seconds:592   -- 1.03 IPC (0.96 IPC) -- 88.50 KIPS (84.46 KIPS)
23000000
24000000
** Heartbeat for core[00]:        insts:60000000    cycles:55245833   (2209833280) seconds:627   -- 1.01 IPC (1.09 IPC) -- 89.29 KIPS (95.69 KIPS)
** Heartbeat for core[00]:  Thread:0      insts:60000000    cycles:55245833   (2209833280) seconds:627   -- 1.01 IPC (1.09 IPC) -- 89.29 KIPS (95.69 KIPS)
25000000
26000000
** Heartbeat for core[01]:        insts:60000000    cycles:61440973   (2457638880) seconds:691   -- 1.06 IPC (0.98 IPC) -- 101.01 KIPS (86.83 KIPS)
** Heartbeat for core[01]:  Thread:0      insts:60000000    cycles:61440973   (2457638880) seconds:691   -- 1.06 IPC (0.98 IPC) -- 101.01 KIPS (86.83 KIPS)
27000000
28000000
29000000
30000000
30000000: 30m cycle
total access:[39052]
0:61:0.111818
total access:[386972]
1:206:0.0195903
31000000
** Heartbeat for core[01]:        insts:70000000    cycles:71410070   (2856402760) seconds:791   -- 1.00 IPC (0.98 IPC) -- 100.00 KIPS (88.50 KIPS)
** Heartbeat for core[01]:  Thread:0      insts:70000000    cycles:71410070   (2856402760) seconds:791   -- 1.00 IPC (0.98 IPC) -- 100.00 KIPS (88.50 KIPS)
32000000
33000000
34000000
** Heartbeat for core[00]:        insts:70000000    cycles:79853908   (3194156280) seconds:878   -- 0.41 IPC (0.88 IPC) -- 39.84 KIPS (79.73 KIPS)
** Heartbeat for core[00]:  Thread:0      insts:70000000    cycles:79853908   (3194156280) seconds:878   -- 0.41 IPC (0.88 IPC) -- 39.84 KIPS (79.73 KIPS)
35000000
** Heartbeat for core[01]:        insts:80000000    cycles:80788653   (3231546080) seconds:887   -- 1.07 IPC (0.99 IPC) -- 104.17 KIPS (90.19 KIPS)
** Heartbeat for core[01]:  Thread:0      insts:80000000    cycles:80788653   (3231546080) seconds:887   -- 1.07 IPC (0.99 IPC) -- 104.17 KIPS (90.19 KIPS)
36000000
37000000
38000000
39000000
** Heartbeat for core[01]:        insts:90000000    cycles:90627392   (3625095640) seconds:986   -- 1.02 IPC (0.99 IPC) -- 101.01 KIPS (91.28 KIPS)
** Heartbeat for core[01]:  Thread:0      insts:90000000    cycles:90627392   (3625095640) seconds:986   -- 1.02 IPC (0.99 IPC) -- 101.01 KIPS (91.28 KIPS)
40000000
40000000: 30m cycle
total access:[53825]
0:76:0.104372
total access:[543338]
1:158:0.0190775
41000000
42000000
43000000
** Heartbeat for core[01]:        insts:100000000   cycles:100115904  (4004636120) seconds:1083  -- 1.05 IPC (1.00 IPC) -- 103.09 KIPS (92.34 KIPS)
** Heartbeat for core[01]:  Thread:0      insts:100000000   cycles:100115904  (4004636120) seconds:1083  -- 1.05 IPC (1.00 IPC) -- 103.09 KIPS (92.34 KIPS)
44000000
45000000
** Heartbeat for core[00]:        insts:80000000    cycles:104878378  (4195135080) seconds:1131  -- 0.40 IPC (0.76 IPC) -- 39.53 KIPS (70.73 KIPS)
** Heartbeat for core[00]:  Thread:0      insts:80000000    cycles:104878378  (4195135080) seconds:1131  -- 0.40 IPC (0.76 IPC) -- 39.53 KIPS (70.73 KIPS)
46000000
**Core 00 Core_Total  Finished:   insts:81003168    cycles:107374184  (4294967320) seconds:1156  -- 0.75 IPC (0.75 IPC) --  N/A  KHz (70.07 KHz)
**Core 00 Thread 00 Finished:   insts:81003168    cycles:107374184  (4294967320)  seconds:1156  -- 0.75 IPC (0.75 IPC) --  N/A  KHz (70.07 KHz) 
**Core 01 Core_Total  Finished:   insts:107391113   cycles:107374184  (4294967320) seconds:1156  -- 1.00 IPC (1.00 IPC) --  N/A  KHz (92.90 KHz)
**Core 01 Thread 00 Finished:   insts:107391113   cycles:107374184  (4294967320)  seconds:1156  -- 1.00 IPC (1.00 IPC) --  N/A  KHz (92.90 KHz) 
src/macsim.cc:617: (I=81003168  C=4294967361):  finalize simulation
src/macsim.cc:623: (I=81003168  C=4294967361):  elapsed time:1155.2 seconds
Done
