BP_MISPRED_STALL_CORE_0                                  52358596                      52358596

BP_RESOLVED_CORE_0                                         371246                        371246

BP_REDIRECT_RESOLVED_CORE_0                                     0                             0

PERFECT_TARGET_PRED_CORE_0                                      0                             0

BP_ON_PATH_CORRECT_CORE_0                                10936828                       96.7363%
BP_ON_PATH_MISPREDICT_CORE_0                               368994                       3.26375%
BP_ON_PATH_MISFETCH_CORE_0                                      0                             0%
                                                         11305822                           100%

BP_OFF_PATH_CORRECT_CORE_0                                      0                          NaN 
BP_OFF_PATH_MISPREDICT_CORE_0                                   0                          NaN 
BP_OFF_PATH_MISFETCH_CORE_0                                     0                          NaN 
                                                                0                           100%

BP_MISPRED_STALL_CORE_1                                    477644                        477644

BP_RESOLVED_CORE_1                                           4983                          4983

BP_REDIRECT_RESOLVED_CORE_1                                     0                             0

PERFECT_TARGET_PRED_CORE_1                                      0                             0

BP_ON_PATH_CORRECT_CORE_1                                 7305264                       99.9319%
BP_ON_PATH_MISPREDICT_CORE_1                                 4975                     0.0680552%
BP_ON_PATH_MISFETCH_CORE_1                                      0                             0%
                                                          7310239                           100%

BP_OFF_PATH_CORRECT_CORE_1                                      0                          NaN 
BP_OFF_PATH_MISPREDICT_CORE_1                                   0                          NaN 
BP_OFF_PATH_MISFETCH_CORE_1                                     0                          NaN 
                                                                0                           100%

