####################################################################################################
Interval
####################################################################################################
Cumulative:         Cycles:                  20000     Instructions:                  1200
TOTAL_PACKET_CPU                                          3357074                       3357074

TOTAL_PACKET_GPU                                                0                             0

NOC_AVG_LATENCY_BASE                                      3357074                       3357074

NOC_AVG_LATENCY_BASE_CPU                                  3357074                       3357074

NOC_AVG_LATENCY_BASE_GPU                                        0                             0

NOC_AVG_LATENCY                                          36569592                       10.8933

NOC_AVG_LATENCY_CPU                                      36569592                       10.8933

NOC_AVG_LATENCY_GPU                                             0                           NaN

NOC_AVG_ACTIVE_PACKET_BASE                                3357074                       3357074

NOC_AVG_ACTIVE_PACKET_BASE_CPU                            3357074                       3357074

NOC_AVG_ACTIVE_PACKET_BASE_GPU                                  0                             0

NOC_AVG_ACTIVE_PACKET                                     5177410                       1.54224

NOC_AVG_ACTIVE_PACKET_CPU                                 5177410                       1.54224

NOC_AVG_ACTIVE_PACKET_GPU                                       0                           NaN

NOC_IDLE_CHANNEL                                                0                             0

NOC_IDLE_CHANNEL_CPU                                            0                             0

NOC_IDLE_CHANNEL_GPU                                            0                             0

NOC_IDLE_CHANNEL_L3                                             0                             0

NOC_IDLE_CHANNEL_MC                                             0                             0

NOC_AVG_WAIT_IN_ROUTER_BASE                               8134725                       8134725

NOC_AVG_WAIT_IN_ROUTER_BASE_CPU                           3065551                       3065551

NOC_AVG_WAIT_IN_ROUTER_BASE_GPU                                 0                             0

NOC_AVG_WAIT_IN_ROUTER_BASE_L3                            3357074                       3357074

NOC_AVG_WAIT_IN_ROUTER_BASE_MC                            1712100                       1712100

NOC_AVG_WAIT_IN_ROUTER                                   67130028                       8.25228

NOC_AVG_WAIT_IN_ROUTER_CPU                               24763470                       8.07798

NOC_AVG_WAIT_IN_ROUTER_GPU                                      0                           NaN

NOC_AVG_WAIT_IN_ROUTER_L3                                27011208                       8.04606

NOC_AVG_WAIT_IN_ROUTER_MC                                15355350                       8.96872

NOC_LINK_ACTIVE                                          14336471                      14336471

