####################################################################################################
Interval
####################################################################################################
Cumulative:         Cycles:                  20000     Instructions:                  1200
TOTAL_PACKET_CPU                                          1686612                       1686612

TOTAL_PACKET_GPU                                                0                             0

NOC_AVG_LATENCY_BASE                                      1686612                       1686612

NOC_AVG_LATENCY_BASE_CPU                                  1686612                       1686612

NOC_AVG_LATENCY_BASE_GPU                                        0                             0

NOC_AVG_LATENCY                                          15444399                       9.15705

NOC_AVG_LATENCY_CPU                                      15444399                       9.15705

NOC_AVG_LATENCY_GPU                                             0                           NaN

NOC_AVG_ACTIVE_PACKET_BASE                                1686612                       1686612

NOC_AVG_ACTIVE_PACKET_BASE_CPU                            1686612                       1686612

NOC_AVG_ACTIVE_PACKET_BASE_GPU                                  0                             0

NOC_AVG_ACTIVE_PACKET                                     2109913                       1.25098

NOC_AVG_ACTIVE_PACKET_CPU                                 2109913                       1.25098

NOC_AVG_ACTIVE_PACKET_GPU                                       0                           NaN

NOC_IDLE_CHANNEL                                                0                             0

NOC_IDLE_CHANNEL_CPU                                            0                             0

NOC_IDLE_CHANNEL_GPU                                            0                             0

NOC_IDLE_CHANNEL_L3                                             0                             0

NOC_IDLE_CHANNEL_MC                                             0                             0

NOC_AVG_WAIT_IN_ROUTER_BASE                               3373224                       3373224

NOC_AVG_WAIT_IN_ROUTER_BASE_CPU                           1416591                       1416591

NOC_AVG_WAIT_IN_ROUTER_BASE_GPU                                 0                             0

NOC_AVG_WAIT_IN_ROUTER_BASE_L3                            1686612                       1686612

NOC_AVG_WAIT_IN_ROUTER_BASE_MC                             270021                        270021

NOC_AVG_WAIT_IN_ROUTER                                   24138823                       7.15601

NOC_AVG_WAIT_IN_ROUTER_CPU                               10138404                        7.1569

NOC_AVG_WAIT_IN_ROUTER_GPU                                      0                           NaN

NOC_AVG_WAIT_IN_ROUTER_L3                                12070767                       7.15681

NOC_AVG_WAIT_IN_ROUTER_MC                                 1929652                        7.1463

NOC_LINK_ACTIVE                                           5060244                       5060244

