####################################################################################################
Interval
####################################################################################################
Cumulative:         Cycles:                  20000     Instructions:                  1200
AVG_MEMORY_LATENCY_BASE                                   8881082                       8881082

AVG_MEMORY_LATENCY                                      537593014                       60.5324

MSHR_FULL                                                       0                             0

TOTAL_MEMORY                                              8585445                       8585445

TOTAL_MEMORY_MERGE                                        7374074                      0.858904

TOTAL_WB                                                   295646                     0.0344357

L1_WB                                                      294994                      0.997795

L2_WB                                                           0                             0

L3_WB                                                         652                    0.00220534

TOTAL_DRAM                                                 464835                        464835

TOTAL_DRAM_MERGE                                                0                             0

L1_HIT_CPU                                               73661349                      73661349

L1_HIT_GPU                                                      0                             0

L1_MISS_CPU                                               8584781                       8584781

L1_MISS_GPU                                                     0                             0

L2_HIT_CPU                                                      0                             0

L2_HIT_GPU                                                      0                             0

L2_MISS_CPU                                               1211371                       1211371

L2_MISS_GPU                                                     0                             0

L3_HIT_CPU                                                 747187                        747187

L3_HIT_GPU                                                      0                             0

L3_MISS_CPU                                                464183                        464183

L3_MISS_GPU                                                     0                             0

L3_HIT_PROMOTION_CPU                                            0                             0

L3_HIT_PROMOTION_GPU                                            0                             0

FETCH_THREAD_SKIP_LD_WAIT                                       0                             0

FETCH_THREAD_SKIP_BR_WAIT                                       0                             0

FETCH_THREAD_SKIP_SCHED_WAIT                                    0                             0

NUM_MUL_TRANS_CM_TM_DM_INST                                     0                             0

NUM_MUL_TRANS_CM_TM_DM                                          0                           NaN

CONST_CACHE_HIT                                                 0                             0

CONST_CACHE_MISS                                                0                             0

CONST_CACHE_MISS_NO_EXECUTE                                     0                             0

CONST_CACHE_ACCESS                                              0                             0

TEXTURE_CACHE_HIT                                               0                             0

TEXTURE_CACHE_MISS                                              0                             0

TEXTURE_CACHE_NO_EXECUTE                                        0                             0

TEXTURE_CACHE_ACCESS                                            0                             0

SHARED_MEM_INST                                                 0                             0

SHARED_MEM_ACCESS                                               0                             0

CACHE_BANK_BUSY                                           8011798                       8011798

ICACHE_MISS_TOTAL                                             664                           664

TOTAL_CAGE_PERIOD                                               0                             0

TOTAL_CAGE_APPL0                                                0                           NaN

TOTAL_CAGE_APPL1                                                0                           NaN

TOTAL_CAGE_APPL2                                                0                           NaN

TOTAL_CAGE_APPL3                                                0                           NaN

TOTAL_CAGE_APPL4                                                0                           NaN

ABIP_AVG_RATIO_BASE                                             0                             0

ABIP_AVG_RATIO                                                  0                           NaN

TOTAL_WRITE_ACKS                                                0                             0

TOTAL_WRITES                                                    0                             0

NUM_PHYSICAL_PAGES                                              0                             0

COAL_INST                                                       0                          NaN 
UNCOAL_INST                                                     0                          NaN 
                                                                0                           100%

COAL_INST_SINGLE_TRANS                                          0                          NaN 
COAL_INST_MUL_TRANS                                             0                          NaN 
UNCOAL_INST_MUL_TRANS                                           0                          NaN 
                                                                0                           100%

SM_COAL_INST                                                    0                          NaN 
CM_COAL_INST                                                    0                          NaN 
TM_COAL_INST                                                    0                          NaN 
DM_COAL_INST                                                    0                          NaN 
                                                                0                           100%

SM_UNCOAL_INST                                                  0                          NaN 
CM_UNCOAL_INST                                                  0                          NaN 
TM_UNCOAL_INST                                                  0                          NaN 
DM_UNCOAL_INST                                                  0                          NaN 
                                                                0                           100%

SM_COAL_INST_SINGLE_TRANS                                       0                          NaN 
CM_COAL_INST_SINGLE_TRANS                                       0                          NaN 
TM_COAL_INST_SINGLE_TRANS                                       0                          NaN 
DM_COAL_INST_SINGLE_TRANS                                       0                          NaN 
                                                                0                           100%

SM_COAL_INST_MUL_TRANS                                          0                          NaN 
CM_COAL_INST_MUL_TRANS                                          0                          NaN 
TM_COAL_INST_MUL_TRANS                                          0                          NaN 
DM_COAL_INST_MUL_TRANS                                          0                          NaN 
                                                                0                           100%

LD_NO_FORWARD                                            33849585                       53.5097%
FORWARDED_LD                                             29409224                       46.4903%
                                                         63258809                           100%

L3_TOT_ACCESS_CORE_CORE_0                                  714570                        714570

L3_HIT_CORE_CORE_0                                         675813                        675813

L3_MISS_CORE_CORE_0                                         38757                         38757

L3_HIT_RATE_CORE_CORE_0                                    675813                      0.945762

L3_MISS_RATE_CORE_CORE_0                                    38757                     0.0542382

L3_BYPASS_CORE_CORE_0                                           0                             0

MEM_STALL_CYCLE_CORE_0                                          0                             0

ICACHE_FILL_CORE_0                                            100                           100

NUM_WRITE_ACKS_CORE_0                                           0                             0

NUM_WRITES_CORE_0                                               0                             0

ICACHE_HIT_CORE_0                                        26059520                       99.9996%
ICACHE_MISS_CORE_0                                            100                   0.000383735%
                                                         26059620                           100%

L3_TOT_ACCESS_CORE_CORE_1                                  496800                        496800

L3_HIT_CORE_CORE_1                                          71374                         71374

L3_MISS_CORE_CORE_1                                        425426                        425426

L3_HIT_RATE_CORE_CORE_1                                     71374                      0.143667

L3_MISS_RATE_CORE_CORE_1                                   425426                      0.856333

L3_BYPASS_CORE_CORE_1                                      377765                        377765

MEM_STALL_CYCLE_CORE_1                                          0                             0

ICACHE_FILL_CORE_1                                            564                           564

NUM_WRITE_ACKS_CORE_1                                           0                             0

NUM_WRITES_CORE_1                                               0                             0

ICACHE_HIT_CORE_1                                        26170022                       99.9978%
ICACHE_MISS_CORE_1                                            564                    0.00215509%
                                                         26170586                           100%

