####################################################################################################
Interval
####################################################################################################
Cumulative:         Cycles:                  20000     Instructions:                  1200
TOTAL_PACKET_CPU                                          3351759                       3351759

TOTAL_PACKET_GPU                                                0                             0

NOC_AVG_LATENCY_BASE                                      3351758                       3351758

NOC_AVG_LATENCY_BASE_CPU                                  3351758                       3351758

NOC_AVG_LATENCY_BASE_GPU                                        0                             0

NOC_AVG_LATENCY                                          36563040                       10.9086

NOC_AVG_LATENCY_CPU                                      36563040                       10.9086

NOC_AVG_LATENCY_GPU                                             0                           NaN

NOC_AVG_ACTIVE_PACKET_BASE                                3351759                       3351759

NOC_AVG_ACTIVE_PACKET_BASE_CPU                            3351759                       3351759

NOC_AVG_ACTIVE_PACKET_BASE_GPU                                  0                             0

NOC_AVG_ACTIVE_PACKET                                     5163980                       1.54068

NOC_AVG_ACTIVE_PACKET_CPU                                 5163980                       1.54068

NOC_AVG_ACTIVE_PACKET_GPU                                       0                           NaN

NOC_IDLE_CHANNEL                                                0                             0

NOC_IDLE_CHANNEL_CPU                                            0                             0

NOC_IDLE_CHANNEL_GPU                                            0                             0

NOC_IDLE_CHANNEL_L3                                             0                             0

NOC_IDLE_CHANNEL_MC                                             0                             0

NOC_AVG_WAIT_IN_ROUTER_BASE                               8132656                       8132656

NOC_AVG_WAIT_IN_ROUTER_BASE_CPU                           3137311                       3137311

NOC_AVG_WAIT_IN_ROUTER_BASE_GPU                                 0                             0

NOC_AVG_WAIT_IN_ROUTER_BASE_L3                            3351758                       3351758

NOC_AVG_WAIT_IN_ROUTER_BASE_MC                            1643587                       1643587

NOC_AVG_WAIT_IN_ROUTER                                   67190089                       8.26176

NOC_AVG_WAIT_IN_ROUTER_CPU                               25303968                        8.0655

NOC_AVG_WAIT_IN_ROUTER_GPU                                      0                           NaN

NOC_AVG_WAIT_IN_ROUTER_L3                                26999979                       8.05547

NOC_AVG_WAIT_IN_ROUTER_MC                                14886142                       9.05711

NOC_LINK_ACTIVE                                          14343992                      14343992

