####################################################################################################
Interval
####################################################################################################
Cumulative:         Cycles:                  20000     Instructions:                  1200
POWER_L3CACHE_LINEFILL_BUF_R                               464183                        464183

POWER_L3CACHE_LINEFILL_BUF_W                               464183                        464183

POWER_L3CACHE_LINEFILL_BUF_R_TAG                           464183                        464183

POWER_L3CACHE_WB_BUF_R                                        652                           652

POWER_L3CACHE_WB_BUF_W                                        652                           652

POWER_L3CACHE_WB_BUF_R_TAG                                    652                           652

POWER_L3CACHE_R                                            747187                        747187

POWER_L3CACHE_W                                             86418                         86418

POWER_L3CACHE_R_TAG                                       1211370                       1211370

POWER_MC_R                                                9050280                       9050280

POWER_MC_W                                                 464835                        464835

POWER_BLOCK_STATES_R_CORE_0                             107374184                     107374184

POWER_BLOCK_STATES_W_CORE_0                             107374184                     107374184

POWER_FETCH_QUEUE_R_CORE_0                              104238080                     104238080

POWER_FETCH_QUEUE_W_CORE_0                              104238080                     104238080

POWER_INST_QUEUE_R_CORE_0                               224534865                     224534865

POWER_INST_QUEUE_W_CORE_0                               104237828                     104237828

POWER_BR_PRED_R_CORE_0                                   11464031                      11464031

POWER_BR_PRED_W_CORE_0                                   11335245                      11335245

POWER_RAS_R_CORE_0                                         559845                        559845

POWER_RAS_W_CORE_0                                         534356                        534356

POWER_ICACHE_R_CORE_0                                    26059520                      26059520

POWER_ICACHE_W_CORE_0                                         100                           100

POWER_ICACHE_R_TAG_CORE_0                                26059620                      26059620

POWER_ICACHE_MISS_BUF_R_CORE_0                                200                           200

POWER_ICACHE_MISS_BUF_W_CORE_0                                200                           200

POWER_ICACHE_MISS_BUF_R_TAG_CORE_0                            100                           100

POWER_ICACHE_MISS_BUF_W_TAG_CORE_0                              0                             0

POWER_ICACHE_TOT_ACC_CORE_0                                     0                             0

POWER_ICACHE_CONF_CORE_0                                        0                             0

POWER_INST_DECODER_R_CORE_0                              81046163                      81046163

POWER_INST_DECODER_W_CORE_0                                     0                             0

POWER_MICRO_OP_SEQ_R_CORE_0                                     0                             0

POWER_MICRO_OP_SEQ_W_CORE_0                                     0                             0

POWER_OPERAND_DECODER_R_CORE_0                           81046163                      81046163

POWER_OPERAND_DECODER_W_CORE_0                                  0                             0

POWER_UOP_QUEUE_R_CORE_0                                224534865                     224534865

POWER_UOP_QUEUE_W_CORE_0                                104237828                     104237828

POWER_REG_RENAMING_TABLE_R_CORE_0                       224534865                     224534865

POWER_REG_RENAMING_TABLE_W_CORE_0                       104237828                     104237828

POWER_DEP_CHECK_LOGIC_R_CORE_0                          104238080                     104238080

POWER_FREELIST_R_CORE_0                                 224534865                     224534865

POWER_FREELIST_W_CORE_0                                 104237828                     104237828

POWER_RESERVATION_STATION_R_CORE_0                      104238277                     104238277

POWER_RESERVATION_STATION_W_CORE_0                      104237796                     104237796

POWER_RESERVATION_STATION_R_TAG_CORE_0                  104238277                     104238277

POWER_RESERVATION_STATION_W_TAG_CORE_0                          0                             0

POWER_INST_ISSUE_SEL_LOGIC_R_CORE_0                     104238277                     104238277

POWER_INST_ISSUE_SEL_LOGIC_W_CORE_0                     104237777                     104237777

POWER_PAYLOAD_RAM_R_CORE_0                              104238277                     104238277

POWER_PAYLOAD_RAM_W_CORE_0                              104237777                     104237777

POWER_EX_ALU_R_CORE_0                                    64178428                      64178428

POWER_EX_FPU_R_CORE_0                                       61494                         61494

POWER_EX_MUL_R_CORE_0                                     4322076                       4322076

POWER_EX_SFU_R_CORE_0                                           0                             0

POWER_REORDER_BUF_R_CORE_0                              104237666                     104237666

POWER_REORDER_BUF_W_CORE_0                              208475656                     208475656

POWER_INST_COMMIT_SEL_LOGIC_R_CORE_0                    104237666                     104237666

POWER_INST_COMMIT_SEL_LOGIC_W_CORE_0                    104237828                     104237828

POWER_FP_RENAME_R_CORE_0                                   149543                        149543

POWER_FP_RENAME_W_CORE_0                                        0                             0

POWER_LOAD_QUEUE_R_CORE_0                                28519878                      28519878

POWER_LOAD_QUEUE_W_CORE_0                                28519878                      28519878

POWER_LOAD_QUEUE_R_TAG_CORE_0                            28519878                      28519878

POWER_LOAD_QUEUE_W_TAG_CORE_0                                   0                             0

POWER_STORE_QUEUE_R_CORE_0                                7156401                       7156401

POWER_STORE_QUEUE_W_CORE_0                                7156401                       7156401

POWER_STORE_QUEUE_R_TAG_CORE_0                            7156401                       7156401

POWER_STORE_QUEUE_W_TAG_CORE_0                                  0                             0

POWER_DATA_TLB_R_CORE_0                                  28519878                      28519878

POWER_DATA_TLB_W_CORE_0                                         0                             0

POWER_DATA_TLB_R_TAG_CORE_0                                     0                             0

POWER_DATA_TLB_W_TAG_CORE_0                                     0                             0

POWER_INT_REGFILE_R_CORE_0                              172676787                     172676787

POWER_INT_REGFILE_W_CORE_0                              104176283                     104176283

POWER_FP_REGFILE_R_CORE_0                                  119902                        119902

POWER_FP_REGFILE_W_CORE_0                                   61494                         61494

POWER_GP_REGISTER_R_CORE_0                              172676787                     172676787

POWER_GP_REGISTER_W_CORE_0                              104176283                     104176283

POWER_FP_REGISTER_R_CORE_0                                 122988                        122988

POWER_FP_REGISTER_W_CORE_0                                  61494                         61494

POWER_SEGMENT_REGISTER_R_CORE_0                          35675779                      35675779

POWER_SEGMENT_REGISTER_W_CORE_0                          70101368                      70101368

POWER_CONTROL_REGISTER_R_CORE_0                                 0                             0

POWER_CONTROL_REGISTER_W_CORE_0                           2024460                       2024460

POWER_FLAG_REGISTER_R_CORE_0                                    0                             0

POWER_FLAG_REGISTER_W_CORE_0                                    0                             0

POWER_EXEC_BYPASS_CORE_0                                104237777                     104237777

POWER_LOAD_BYPASS_CORE_0                                  1429141                       1429141

POWER_PIPELINE_CORE_0                                    81045842                      81045842

POWER_DCACHE_MISS_BUF_R_CORE_0                            1428941                       1428941

POWER_DCACHE_MISS_BUF_R_TAG_CORE_0                        1657286                       1657286

POWER_DCACHE_MISS_BUF_W_CORE_0                            1657286                       1657286

POWER_DCACHE_MISS_BUF_W_TAG_CORE_0                              0                             0

POWER_DCACHE_LINEFILL_BUF_R_CORE_0                              0                             0

POWER_L2CACHE_LINEFILL_BUF_R_CORE_0                        949054                        949054

POWER_DCACHE_LINEFILL_BUF_W_CORE_0                              0                             0

POWER_L2CACHE_LINEFILL_BUF_W_CORE_0                        932500                        932500

POWER_DCACHE_LINEFILL_BUF_R_TAG_CORE_0                          0                             0

POWER_L2CACHE_LINEFILL_BUF_R_TAG_CORE_0                   1166985                       1166985

POWER_DCACHE_LINEFILL_BUF_W_TAG_CORE_0                          0                             0

POWER_DCACHE_WB_BUF_R_CORE_0                               217931                        217931

POWER_L2CACHE_WB_BUF_R_CORE_0                                   0                             0

POWER_DCACHE_WB_BUF_W_CORE_0                               217931                        217931

POWER_L2CACHE_WB_BUF_W_CORE_0                                   0                             0

POWER_DCACHE_WB_BUF_R_TAG_CORE_0                           435862                        435862

POWER_L2CACHE_WB_BUF_R_TAG_CORE_0                               0                             0

POWER_DCACHE_WB_BUF_W_TAG_CORE_0                                0                             0

POWER_DCACHE_R_CORE_0                                    34018493                      34018493

POWER_L2CACHE_R_CORE_0                                          0                             0

POWER_DCACHE_W_CORE_0                                      714469                        714469

POWER_L2CACHE_W_CORE_0                                          0                             0

POWER_DCACHE_R_TAG_CORE_0                                35675779                      35675779

POWER_L2CACHE_R_TAG_CORE_0                                      0                             0

POWER_CONST_CACHE_R_CORE_0                                      0                             0

POWER_CONST_CACHE_W_CORE_0                                      0                             0

POWER_CONST_CACHE_R_TAG_CORE_0                                  0                             0

POWER_CONST_CACHE_W_TAG_CORE_0                                  0                             0

POWER_TEXTURE_CACHE_R_CORE_0                                    0                             0

POWER_TEXTURE_CACHE_W_CORE_0                                    0                             0

POWER_TEXTURE_CACHE_R_TAG_CORE_0                                0                             0

POWER_TEXTURE_CACHE_W_TAG_CORE_0                                0                             0

POWER_SHARED_MEM_R_CORE_0                                       0                             0

POWER_SHARED_MEM_W_CORE_0                                       0                             0

POWER_SHARED_MEM_R_TAG_CORE_0                                   0                             0

POWER_SHARED_MEM_W_TAG_CORE_0                                   0                             0

POWER_BLOCK_STATES_R_CORE_1                             107374184                     107374184

POWER_BLOCK_STATES_W_CORE_1                             107374184                     107374184

POWER_FETCH_QUEUE_R_CORE_1                              104680088                     104680088

POWER_FETCH_QUEUE_W_CORE_1                              104680088                     104680088

POWER_INST_QUEUE_R_CORE_1                               218067779                     218067779

POWER_INST_QUEUE_W_CORE_1                               104679836                     104679836

POWER_BR_PRED_R_CORE_1                                    7783143                       7783143

POWER_BR_PRED_W_CORE_1                                    7781632                       7781632

POWER_RAS_R_CORE_1                                           1009                          1009

POWER_RAS_W_CORE_1                                            781                           781

POWER_ICACHE_R_CORE_1                                    26170022                      26170022

POWER_ICACHE_W_CORE_1                                         564                           564

POWER_ICACHE_R_TAG_CORE_1                                26170586                      26170586

POWER_ICACHE_MISS_BUF_R_CORE_1                               1128                          1128

POWER_ICACHE_MISS_BUF_W_CORE_1                               1128                          1128

POWER_ICACHE_MISS_BUF_R_TAG_CORE_1                            564                           564

POWER_ICACHE_MISS_BUF_W_TAG_CORE_1                              0                             0

POWER_ICACHE_TOT_ACC_CORE_1                                     0                             0

POWER_ICACHE_CONF_CORE_1                                        0                             0

POWER_INST_DECODER_R_CORE_1                              73618927                      73618927

POWER_INST_DECODER_W_CORE_1                                     0                             0

POWER_MICRO_OP_SEQ_R_CORE_1                                     0                             0

POWER_MICRO_OP_SEQ_W_CORE_1                                     0                             0

POWER_OPERAND_DECODER_R_CORE_1                           73618927                      73618927

POWER_OPERAND_DECODER_W_CORE_1                                  0                             0

POWER_UOP_QUEUE_R_CORE_1                                218067779                     218067779

POWER_UOP_QUEUE_W_CORE_1                                104679836                     104679836

POWER_REG_RENAMING_TABLE_R_CORE_1                       218067779                     218067779

POWER_REG_RENAMING_TABLE_W_CORE_1                       104679836                     104679836

POWER_DEP_CHECK_LOGIC_R_CORE_1                          104680088                     104680088

POWER_FREELIST_R_CORE_1                                 218067779                     218067779

POWER_FREELIST_W_CORE_1                                 104679836                     104679836

POWER_RESERVATION_STATION_R_CORE_1                      104726184                     104726184

POWER_RESERVATION_STATION_W_CORE_1                      104679836                     104679836

POWER_RESERVATION_STATION_R_TAG_CORE_1                  104726184                     104726184

POWER_RESERVATION_STATION_W_TAG_CORE_1                          0                             0

POWER_INST_ISSUE_SEL_LOGIC_R_CORE_1                     104726184                     104726184

POWER_INST_ISSUE_SEL_LOGIC_W_CORE_1                     104679829                     104679829

POWER_PAYLOAD_RAM_R_CORE_1                              104726184                     104726184

POWER_PAYLOAD_RAM_W_CORE_1                              104679829                     104679829

POWER_EX_ALU_R_CORE_1                                    58109097                      58109097

POWER_EX_FPU_R_CORE_1                                          56                            56

POWER_EX_MUL_R_CORE_1                                         325                           325

POWER_EX_SFU_R_CORE_1                                           0                             0

POWER_REORDER_BUF_R_CORE_1                              104679627                     104679627

POWER_REORDER_BUF_W_CORE_1                              209359672                     209359672

POWER_INST_COMMIT_SEL_LOGIC_R_CORE_1                    104679627                     104679627

POWER_INST_COMMIT_SEL_LOGIC_W_CORE_1                    104679836                     104679836

POWER_FP_RENAME_R_CORE_1                                       74                            74

POWER_FP_RENAME_W_CORE_1                                        0                             0

POWER_LOAD_QUEUE_R_CORE_1                                34738780                      34738780

POWER_LOAD_QUEUE_W_CORE_1                                34738780                      34738780

POWER_LOAD_QUEUE_R_TAG_CORE_1                            34738780                      34738780

POWER_LOAD_QUEUE_W_TAG_CORE_1                                   0                             0

POWER_STORE_QUEUE_R_CORE_1                               11877926                      11877926

POWER_STORE_QUEUE_W_CORE_1                               11877926                      11877926

POWER_STORE_QUEUE_R_TAG_CORE_1                           11877926                      11877926

POWER_STORE_QUEUE_W_TAG_CORE_1                                  0                             0

POWER_DATA_TLB_R_CORE_1                                  34738780                      34738780

POWER_DATA_TLB_W_CORE_1                                         0                             0

POWER_DATA_TLB_R_TAG_CORE_1                                     0                             0

POWER_DATA_TLB_W_TAG_CORE_1                                     0                             0

POWER_INT_REGFILE_R_CORE_1                              162789195                     162789195

POWER_INT_REGFILE_W_CORE_1                              104679773                     104679773

POWER_FP_REGFILE_R_CORE_1                                     112                           112

POWER_FP_REGFILE_W_CORE_1                                      56                            56

POWER_GP_REGISTER_R_CORE_1                              162789195                     162789195

POWER_GP_REGISTER_W_CORE_1                              104679773                     104679773

POWER_FP_REGISTER_R_CORE_1                                    112                           112

POWER_FP_REGISTER_W_CORE_1                                     56                            56

POWER_SEGMENT_REGISTER_R_CORE_1                          46570351                      46570351

POWER_SEGMENT_REGISTER_W_CORE_1                          85386901                      85386901

POWER_CONTROL_REGISTER_R_CORE_1                                 0                             0

POWER_CONTROL_REGISTER_W_CORE_1                           7762319                       7762319

POWER_FLAG_REGISTER_R_CORE_1                                    0                             0

POWER_FLAG_REGISTER_W_CORE_1                                    0                             0

POWER_EXEC_BYPASS_CORE_1                                104679829                     104679829

POWER_LOAD_BYPASS_CORE_1                                   993600                        993600

POWER_PIPELINE_CORE_1                                    73618609                      73618609

POWER_DCACHE_MISS_BUF_R_CORE_1                             992472                        992472

POWER_DCACHE_MISS_BUF_R_TAG_CORE_1                        6927495                       6927495

POWER_DCACHE_MISS_BUF_W_CORE_1                            6927495                       6927495

POWER_DCACHE_MISS_BUF_W_TAG_CORE_1                              0                             0

POWER_DCACHE_LINEFILL_BUF_R_CORE_1                              0                             0

POWER_L2CACHE_LINEFILL_BUF_R_CORE_1                       2005946                       2005946

POWER_DCACHE_LINEFILL_BUF_W_CORE_1                              0                             0

POWER_L2CACHE_LINEFILL_BUF_W_CORE_1                        573863                        573863

POWER_DCACHE_LINEFILL_BUF_R_TAG_CORE_1                          0                             0

POWER_L2CACHE_LINEFILL_BUF_R_TAG_CORE_1                   2083009                       2083009

POWER_DCACHE_LINEFILL_BUF_W_TAG_CORE_1                          0                             0

POWER_DCACHE_WB_BUF_R_CORE_1                                77063                         77063

POWER_L2CACHE_WB_BUF_R_CORE_1                                   0                             0

POWER_DCACHE_WB_BUF_W_CORE_1                                77063                         77063

POWER_L2CACHE_WB_BUF_W_CORE_1                                   0                             0

POWER_DCACHE_WB_BUF_R_TAG_CORE_1                           154126                        154126

POWER_L2CACHE_WB_BUF_R_TAG_CORE_1                               0                             0

POWER_DCACHE_WB_BUF_W_TAG_CORE_1                                0                             0

POWER_DCACHE_R_CORE_1                                    39642856                      39642856

POWER_L2CACHE_R_CORE_1                                          0                             0

POWER_DCACHE_W_CORE_1                                      496236                        496236

POWER_L2CACHE_W_CORE_1                                          0                             0

POWER_DCACHE_R_TAG_CORE_1                                46570351                      46570351

POWER_L2CACHE_R_TAG_CORE_1                                      0                             0

POWER_CONST_CACHE_R_CORE_1                                      0                             0

POWER_CONST_CACHE_W_CORE_1                                      0                             0

POWER_CONST_CACHE_R_TAG_CORE_1                                  0                             0

POWER_CONST_CACHE_W_TAG_CORE_1                                  0                             0

POWER_TEXTURE_CACHE_R_CORE_1                                    0                             0

POWER_TEXTURE_CACHE_W_CORE_1                                    0                             0

POWER_TEXTURE_CACHE_R_TAG_CORE_1                                0                             0

POWER_TEXTURE_CACHE_W_TAG_CORE_1                                0                             0

POWER_SHARED_MEM_R_CORE_1                                       0                             0

POWER_SHARED_MEM_W_CORE_1                                       0                             0

POWER_SHARED_MEM_R_TAG_CORE_1                                   0                             0

POWER_SHARED_MEM_W_TAG_CORE_1                                   0                             0

