BP_MISPRED_STALL_CORE_0                                    502399                        502399

BP_RESOLVED_CORE_0                                           4983                          4983

BP_REDIRECT_RESOLVED_CORE_0                                     0                             0

PERFECT_TARGET_PRED_CORE_0                                      0                             0

BP_ON_PATH_CORRECT_CORE_0                                 7287168                       99.9318%
BP_ON_PATH_MISPREDICT_CORE_0                                 4975                     0.0682241%
BP_ON_PATH_MISFETCH_CORE_0                                      0                             0%
                                                          7292143                           100%

BP_OFF_PATH_CORRECT_CORE_0                                      0                          NaN 
BP_OFF_PATH_MISPREDICT_CORE_0                                   0                          NaN 
BP_OFF_PATH_MISFETCH_CORE_0                                     0                          NaN 
                                                                0                           100%

BP_MISPRED_STALL_CORE_1                                  51917866                      51917866

BP_RESOLVED_CORE_1                                         399027                        399027

BP_REDIRECT_RESOLVED_CORE_1                                     0                             0

PERFECT_TARGET_PRED_CORE_1                                      0                             0

BP_ON_PATH_CORRECT_CORE_1                                11772645                       96.7413%
BP_ON_PATH_MISPREDICT_CORE_1                               396552                       3.25865%
BP_ON_PATH_MISFETCH_CORE_1                                      0                             0%
                                                         12169197                           100%

BP_OFF_PATH_CORRECT_CORE_1                                      0                          NaN 
BP_OFF_PATH_MISPREDICT_CORE_1                                   0                          NaN 
BP_OFF_PATH_MISFETCH_CORE_1                                     0                          NaN 
                                                                0                           100%

