####################################################################################################
Interval
####################################################################################################
Cumulative:         Cycles:                  20000     Instructions:                  1200
TOTAL_PACKET_CPU                                          3417528                       3417528

TOTAL_PACKET_GPU                                                0                             0

NOC_AVG_LATENCY_BASE                                      3417526                       3417526

NOC_AVG_LATENCY_BASE_CPU                                  3417526                       3417526

NOC_AVG_LATENCY_BASE_GPU                                        0                             0

NOC_AVG_LATENCY                                          35248279                        10.314

NOC_AVG_LATENCY_CPU                                      35248279                        10.314

NOC_AVG_LATENCY_GPU                                             0                           NaN

NOC_AVG_ACTIVE_PACKET_BASE                                3417528                       3417528

NOC_AVG_ACTIVE_PACKET_BASE_CPU                            3417528                       3417528

NOC_AVG_ACTIVE_PACKET_BASE_GPU                                  0                             0

NOC_AVG_ACTIVE_PACKET                                     5243467                       1.53429

NOC_AVG_ACTIVE_PACKET_CPU                                 5243467                       1.53429

NOC_AVG_ACTIVE_PACKET_GPU                                       0                           NaN

NOC_IDLE_CHANNEL                                                0                             0

NOC_IDLE_CHANNEL_CPU                                            0                             0

NOC_IDLE_CHANNEL_GPU                                            0                             0

NOC_IDLE_CHANNEL_L3                                             0                             0

NOC_IDLE_CHANNEL_MC                                             0                             0

NOC_AVG_WAIT_IN_ROUTER_BASE                               7766840                       7766840

NOC_AVG_WAIT_IN_ROUTER_BASE_CPU                           2983300                       2983300

NOC_AVG_WAIT_IN_ROUTER_BASE_GPU                                 0                             0

NOC_AVG_WAIT_IN_ROUTER_BASE_L3                            3417526                       3417526

NOC_AVG_WAIT_IN_ROUTER_BASE_MC                            1366014                       1366014

NOC_AVG_WAIT_IN_ROUTER                                   61508127                       7.91932

NOC_AVG_WAIT_IN_ROUTER_CPU                               23301216                       7.81055

NOC_AVG_WAIT_IN_ROUTER_GPU                                      0                           NaN

NOC_AVG_WAIT_IN_ROUTER_L3                                26547381                       7.76801

NOC_AVG_WAIT_IN_ROUTER_MC                                11659530                       8.53544

NOC_LINK_ACTIVE                                          13050245                      13050245

