Arguments: ./macsim --l3_repl==PDP 
src/macsim.cc:133: (I=0  C=0):  initialize knobs
number of cores : 2
src/macsim.cc:531: (I=0  C=0):  initialize simulation
src/macsim.cc:327: (I=0  C=0):  initialize cores (2/0/0)
src/memory.cc:1695: (I=0  C=0):  Memory system(l2_decoupled_network) has been initialized.
l3_policy: PDP,PDP
1
0
ip_table done
src/network_ring.cc:107: (I=0  C=0):  TOTAL_ROUTER:4 CPU:2 GPU:0 L3:1 MC:1
src/network_ring.cc:312: (I=0  C=0):  RING topology
0 <-> 1 <-> 2 <-> 3 <-> 
enabling bug detector
src/macsim.cc:748: (I=0  C=0):  Initializing new noc

src/macsim.cc:839: (I=0  C=0):  Clock LCM           : 920
src/macsim.cc:840: (I=0  C=0):  CPU clock frequency : 2.3 GHz
src/macsim.cc:841: (I=0  C=0):  GPU clock frequency : 2.3 GHz
src/macsim.cc:842: (I=0  C=0):  L3  clock frequency : 1 GHz
src/macsim.cc:843: (I=0  C=0):  NOC clock frequency : 1 GHz
src/macsim.cc:844: (I=0  C=0):  MC  clock frequency : 0.8 GHz
src/process_manager.cc:455: (I=0  C=0):  setup_process:0 ../../../trace_0409_2017/BWC1/BWC1_ori/trace.txt current_index:0 (1)
src/process_manager.cc:548: (I=0  C=0):  thread_count:1
src/process_manager.cc:455: (I=0  C=0):  setup_process:1 ../../../../jinku/macsim_traces/astar/trace.txt current_index:0 (1)
src/process_manager.cc:548: (I=0  C=0):  thread_count:1
1000000
2000000
3000000
** Heartbeat for core[01]:        insts:10000000    cycles:8731249    (349249920) seconds:88    -- 1.15 IPC (1.15 IPC) -- 0.00 KIPS (113.64 KIPS)
** Heartbeat for core[01]:  Thread:0      insts:10000000    cycles:8731249    (349249920) seconds:88    -- 1.15 IPC (1.15 IPC) -- 0.00 KIPS (113.64 KIPS)
4000000
5000000
6000000
** Heartbeat for core[00]:        insts:10000000    cycles:14563867   (582554640) seconds:150   -- 0.69 IPC (0.69 IPC) -- 0.00 KIPS (66.67 KIPS)
** Heartbeat for core[00]:  Thread:0      insts:10000000    cycles:14563867   (582554640) seconds:150   -- 0.69 IPC (0.69 IPC) -- 0.00 KIPS (66.67 KIPS)
7000000
** Heartbeat for core[01]:        insts:20000000    cycles:17313345   (692533760) seconds:180   -- 1.17 IPC (1.16 IPC) -- 108.70 KIPS (111.11 KIPS)
** Heartbeat for core[01]:  Thread:0      insts:20000000    cycles:17313345   (692533760) seconds:180   -- 1.17 IPC (1.16 IPC) -- 108.70 KIPS (111.11 KIPS)
8000000
9000000
10000000
11000000
** Heartbeat for core[01]:        insts:30000000    cycles:25744099   (1029763920) seconds:269   -- 1.19 IPC (1.17 IPC) -- 112.36 KIPS (111.52 KIPS)
** Heartbeat for core[01]:  Thread:0      insts:30000000    cycles:25744099   (1029763920) seconds:269   -- 1.19 IPC (1.17 IPC) -- 112.36 KIPS (111.52 KIPS)
12000000
** Heartbeat for core[00]:        insts:20000000    cycles:28506179   (1140247120) seconds:298   -- 0.72 IPC (0.70 IPC) -- 67.57 KIPS (67.11 KIPS)
** Heartbeat for core[00]:  Thread:0      insts:20000000    cycles:28506179   (1140247120) seconds:298   -- 0.72 IPC (0.70 IPC) -- 67.57 KIPS (67.11 KIPS)
13000000
14000000
** Heartbeat for core[01]:        insts:40000000    cycles:34172042   (1366881640) seconds:361   -- 1.19 IPC (1.17 IPC) -- 108.70 KIPS (110.80 KIPS)
** Heartbeat for core[01]:  Thread:0      insts:40000000    cycles:34172042   (1366881640) seconds:361   -- 1.19 IPC (1.17 IPC) -- 108.70 KIPS (110.80 KIPS)
15000000
16000000
17000000
18000000
** Heartbeat for core[00]:        insts:30000000    cycles:42439129   (1697565120) seconds:456   -- 0.72 IPC (0.71 IPC) -- 63.29 KIPS (65.79 KIPS)
** Heartbeat for core[00]:  Thread:0      insts:30000000    cycles:42439129   (1697565120) seconds:456   -- 0.72 IPC (0.71 IPC) -- 63.29 KIPS (65.79 KIPS)
** Heartbeat for core[01]:        insts:50000000    cycles:42678395   (1707135760) seconds:459   -- 1.18 IPC (1.17 IPC) -- 102.04 KIPS (108.93 KIPS)
** Heartbeat for core[01]:  Thread:0      insts:50000000    cycles:42678395   (1707135760) seconds:459   -- 1.18 IPC (1.17 IPC) -- 102.04 KIPS (108.93 KIPS)
19000000
20000000
21000000
22000000
** Heartbeat for core[01]:        insts:60000000    cycles:51161824   (2046472920) seconds:559   -- 1.18 IPC (1.17 IPC) -- 100.00 KIPS (107.33 KIPS)
** Heartbeat for core[01]:  Thread:0      insts:60000000    cycles:51161824   (2046472920) seconds:559   -- 1.18 IPC (1.17 IPC) -- 100.00 KIPS (107.33 KIPS)
23000000
** Heartbeat for core[00]:        insts:40000000    cycles:54460051   (2178402000) seconds:598   -- 0.83 IPC (0.73 IPC) -- 70.42 KIPS (66.89 KIPS)
** Heartbeat for core[00]:  Thread:0      insts:40000000    cycles:54460051   (2178402000) seconds:598   -- 0.83 IPC (0.73 IPC) -- 70.42 KIPS (66.89 KIPS)
24000000
25000000
26000000
27000000
28000000
29000000
** Heartbeat for core[01]:        insts:70000000    cycles:68996733   (2759869280) seconds:747   -- 0.56 IPC (1.01 IPC) -- 53.19 KIPS (93.71 KIPS)
** Heartbeat for core[01]:  Thread:0      insts:70000000    cycles:68996733   (2759869280) seconds:747   -- 0.56 IPC (1.01 IPC) -- 53.19 KIPS (93.71 KIPS)
30000000
31000000
** Heartbeat for core[00]:        insts:50000000    cycles:71816454   (2872658120) seconds:776   -- 0.58 IPC (0.70 IPC) -- 56.18 KIPS (64.43 KIPS)
** Heartbeat for core[00]:  Thread:0      insts:50000000    cycles:71816454   (2872658120) seconds:776   -- 0.58 IPC (0.70 IPC) -- 56.18 KIPS (64.43 KIPS)
32000000
33000000
34000000
35000000
36000000
37000000
38000000
39000000
** Heartbeat for core[00]:        insts:60000000    cycles:90443827   (3617753040) seconds:974   -- 0.54 IPC (0.66 IPC) -- 50.51 KIPS (61.60 KIPS)
** Heartbeat for core[00]:  Thread:0      insts:60000000    cycles:90443827   (3617753040) seconds:974   -- 0.54 IPC (0.66 IPC) -- 50.51 KIPS (61.60 KIPS)
** Heartbeat for core[01]:        insts:80000000    cycles:91482601   (3659304000) seconds:985   -- 0.44 IPC (0.87 IPC) -- 42.02 KIPS (81.22 KIPS)
** Heartbeat for core[01]:  Thread:0      insts:80000000    cycles:91482601   (3659304000) seconds:985   -- 0.44 IPC (0.87 IPC) -- 42.02 KIPS (81.22 KIPS)
40000000
40000000: 40m cycle
1:6270 , 0
2:311 , 102
3:27 , 20
4:5 , 5
5:2 , 2
6:2 , 2
7:2 , 2
8:2 , 1
9:2 , 1
10:1 , 1
11:3 , 1
12:5 , 4
13:2 , 2
14:0 , 0
15:1 , 0
16:1 , 1
17:1 , 1
18:0 , 0
19:0 , 0
20:1 , 1
21:0 , 0
22:1 , 1
23:0 , 0
24:0 , 0
25:1 , 1
26:0 , 0
27:1 , 0
28:0 , 0
29:0 , 0
30:0 , 0
31:0 , 0
32:0 , 0
33:0 , 0
34:0 , 0
35:0 , 0
36:0 , 0
37:0 , 0
38:0 , 0
39:0 , 0
40:0 , 0
41:0 , 0
42:0 , 0
43:1 , 1
44:0 , 0
45:0 , 0
46:0 , 0
47:0 , 0
48:0 , 0
49:0 , 0
50:0 , 0
51:0 , 0
52:0 , 0
53:0 , 0
54:1 , 1
55:0 , 0
56:0 , 0
57:0 , 0
58:0 , 0
59:0 , 0
60:0 , 0
61:0 , 0
62:0 , 0
63:0 , 0
64:0 , 0
65:0 , 0
66:0 , 0
67:0 , 0
68:0 , 0
69:0 , 0
70:0 , 0
71:0 , 0
72:0 , 0
73:0 , 0
74:0 , 0
75:0 , 0
76:0 , 0
77:0 , 0
78:0 , 0
79:0 , 0
80:0 , 0
81:0 , 0
82:0 , 0
83:0 , 0
84:0 , 0
85:0 , 0
86:0 , 0
87:0 , 0
88:0 , 0
89:0 , 0
90:0 , 0
91:0 , 0
92:0 , 0
93:0 , 0
94:0 , 0
95:0 , 0
96:0 , 0
97:0 , 0
98:0 , 0
99:0 , 0
100:0 , 0
101:0 , 0
102:0 , 0
103:0 , 0
104:0 , 0
105:0 , 0
106:0 , 0
107:0 , 0
108:0 , 0
109:0 , 0
110:0 , 0
111:0 , 0
112:0 , 0
113:0 , 0
114:0 , 0
115:0 , 0
116:18 , 0
117:124 , 0
118:326 , 11
119:1136 , 106
120:2177 , 296
121:3775 , 766
122:5104 , 1266
123:6275 , 1765
124:7044 , 2606
125:6230 , 2622
126:5150 , 2181
127:4175 , 1756
128:2727 , 1172
129:2381 , 927
130:1766 , 682
131:1652 , 509
132:1542 , 539
133:1274 , 441
134:1317 , 405
135:1465 , 526
136:1423 , 447
137:1260 , 374
138:1301 , 370
139:1166 , 339
140:1152 , 310
141:1143 , 279
142:1049 , 277
143:908 , 237
144:881 , 230
145:943 , 284
146:783 , 247
147:943 , 259
148:833 , 228
149:803 , 212
150:853 , 282
151:745 , 210
152:747 , 175
153:812 , 228
154:628 , 156
155:680 , 197
156:710 , 251
157:737 , 235
158:846 , 257
159:754 , 196
160:645 , 149
161:562 , 101
162:523 , 107
163:585 , 130
164:566 , 127
165:544 , 175
166:513 , 132
167:513 , 127
168:523 , 99
169:532 , 130
170:468 , 129
171:507 , 145
172:595 , 136
173:506 , 131
174:572 , 199
175:653 , 174
176:480 , 139
177:507 , 178
178:595 , 142
179:507 , 106
180:554 , 145
181:517 , 144
182:523 , 163
183:385 , 113
184:435 , 167
185:416 , 170
186:530 , 168
187:500 , 178
188:517 , 152
189:531 , 171
190:438 , 154
191:470 , 122
192:369 , 82
193:409 , 101
194:344 , 104
195:437 , 115
196:425 , 118
197:321 , 81
198:472 , 111
199:485 , 92
200:354 , 136
201:355 , 60
202:318 , 103
203:358 , 64
204:316 , 77
205:352 , 96
206:361 , 103
207:276 , 102
208:336 , 93
209:324 , 90
210:246 , 47
211:395 , 82
212:439 , 107
213:470 , 132
214:594 , 162
215:342 , 104
216:339 , 125
217:437 , 153
218:316 , 78
219:381 , 104
220:361 , 117
221:299 , 96
222:322 , 85
223:247 , 71
224:327 , 60
225:328 , 92
226:286 , 88
227:284 , 99
228:369 , 169
229:379 , 153
230:368 , 109
231:265 , 76
232:240 , 83
233:214 , 89
234:257 , 106
235:222 , 59
236:162 , 37
237:224 , 54
238:300 , 102
239:243 , 64
240:313 , 113
241:223 , 62
242:256 , 75
243:228 , 67
244:254 , 75
245:265 , 78
246:243 , 78
247:268 , 76
248:295 , 80
249:271 , 97
250:229 , 58
251:310 , 111
252:203 , 83
253:114 , 29
254:199 , 67
255:305 , 103
256:256 , 97
257:275 , 101
258:299 , 82
259:261 , 81
260:223 , 49
261:205 , 43
262:190 , 61
263:221 , 87
264:211 , 64
265:272 , 71
266:227 , 78
267:263 , 84
268:202 , 44
269:212 , 45
270:245 , 78
271:207 , 32
272:194 , 46
273:165 , 37
274:180 , 52
275:163 , 72
276:179 , 48
277:121 , 33
278:214 , 53
279:142 , 37
280:161 , 56
281:229 , 70
282:211 , 75
283:185 , 47
284:205 , 50
285:200 , 51
286:273 , 45
287:194 , 31
288:182 , 39
289:199 , 37
290:222 , 71
291:207 , 60
292:209 , 67
293:215 , 89
294:184 , 75
295:125 , 51
296:162 , 60
297:182 , 56
298:171 , 48
299:177 , 59
300:180 , 93
301:185 , 63
302:183 , 63
303:201 , 63
304:261 , 83
305:245 , 92
306:243 , 78
307:193 , 61
308:199 , 88
309:151 , 64
310:240 , 98
311:200 , 33
312:179 , 57
313:227 , 64
314:197 , 70
315:182 , 53
316:199 , 50
317:160 , 34
318:175 , 35
319:185 , 55
320:171 , 82
321:172 , 58
322:216 , 55
323:217 , 90
324:131 , 52
325:154 , 32
326:127 , 21
327:156 , 28
328:121 , 20
329:153 , 34
330:143 , 46
331:162 , 42
332:202 , 49
333:190 , 49
334:118 , 32
335:135 , 34
336:97 , 32
337:141 , 55
338:138 , 63
339:116 , 64
340:89 , 24
341:116 , 37
342:179 , 29
343:154 , 41
344:146 , 41
345:179 , 38
346:238 , 61
347:184 , 62
348:146 , 65
349:112 , 40
350:95 , 46
351:122 , 72
352:127 , 55
353:190 , 49
354:148 , 52
355:156 , 50
356:136 , 47
357:178 , 56
358:141 , 52
359:112 , 41
360:128 , 40
361:173 , 66
362:158 , 61
363:160 , 49
364:294 , 73
365:217 , 53
366:172 , 45
367:165 , 54
368:233 , 66
369:195 , 43
370:155 , 47
371:125 , 53
372:106 , 36
373:135 , 44
374:169 , 87
375:154 , 69
376:131 , 52
377:191 , 66
378:143 , 34
379:100 , 20
380:139 , 28
381:86 , 40
382:76 , 26
383:143 , 65
384:143 , 64
385:201 , 107
386:145 , 79
387:144 , 71
388:156 , 63
389:185 , 89
390:205 , 98
391:174 , 89
392:146 , 48
393:73 , 29
394:130 , 48
395:141 , 88
396:133 , 71
397:141 , 55
398:102 , 47
399:115 , 49
400:170 , 73
401:112 , 37
402:129 , 43
403:113 , 22
404:111 , 26
405:129 , 54
406:126 , 45
407:61 , 33
408:133 , 48
409:79 , 30
410:74 , 45
411:82 , 36
412:84 , 30
413:141 , 48
414:116 , 47
415:113 , 32
416:154 , 25
417:159 , 25
418:133 , 33
419:140 , 35
420:92 , 28
421:113 , 58
422:139 , 44
423:138 , 73
424:95 , 32
425:96 , 11
426:108 , 35
427:120 , 22
428:83 , 21
429:68 , 29
430:76 , 36
431:55 , 27
432:116 , 26
433:111 , 25
434:92 , 6
435:105 , 18
436:157 , 53
437:90 , 40
438:119 , 41
439:96 , 31
440:127 , 27
441:151 , 46
442:119 , 27
443:53 , 22
444:69 , 19
445:110 , 16
446:136 , 50
447:110 , 39
448:144 , 34
449:131 , 41
450:131 , 51
451:90 , 32
452:111 , 24
453:115 , 25
454:125 , 18
455:108 , 40
456:147 , 42
457:107 , 21
458:64 , 6
459:86 , 21
460:104 , 43
461:142 , 28
462:125 , 37
463:98 , 45
464:74 , 25
465:79 , 38
466:90 , 20
467:98 , 32
468:66 , 25
469:169 , 60
470:157 , 43
471:128 , 31
472:126 , 39
473:85 , 28
474:129 , 16
475:76 , 5
476:108 , 36
477:103 , 23
478:112 , 6
479:94 , 26
480:85 , 40
481:139 , 56
482:102 , 41
483:120 , 26
484:161 , 23
485:146 , 21
486:129 , 39
487:82 , 38
488:70 , 30
489:93 , 34
490:165 , 35
491:112 , 35
492:71 , 14
493:98 , 24
494:69 , 17
495:176 , 61
496:220 , 83
497:163 , 67
498:187 , 55
499:97 , 34
500:106 , 19
501:90 , 24
502:83 , 25
503:105 , 29
504:86 , 32
505:79 , 30
506:65 , 14
507:103 , 31
508:121 , 25
509:161 , 51
510:134 , 68
511:154 , 40
512:160 , 59
513:140 , 20
514:108 , 10
515:85 , 30
516:148 , 22
517:92 , 11
518:69 , 7
519:62 , 5
520:85 , 35
521:99 , 8
522:122 , 33
523:80 , 28
524:51 , 9
525:85 , 28
526:116 , 25
527:92 , 18
528:83 , 30
529:83 , 24
530:88 , 22
531:93 , 22
532:78 , 27
533:71 , 22
534:94 , 14
535:109 , 16
536:108 , 14
537:110 , 19
538:84 , 35
539:62 , 22
540:116 , 46
541:126 , 61
542:80 , 14
543:90 , 30
544:92 , 31
545:58 , 28
546:45 , 17
547:41 , 9
548:56 , 13
549:99 , 30
550:58 , 21
551:57 , 12
552:39 , 14
553:71 , 31
554:82 , 26
555:88 , 24
556:70 , 24
557:60 , 34
558:105 , 24
559:74 , 24
560:93 , 19
561:138 , 25
562:105 , 29
563:75 , 12
564:86 , 22
565:69 , 18
566:63 , 14
567:76 , 14
568:82 , 12
569:66 , 4
570:56 , 3
571:73 , 4
572:80 , 4
573:64 , 7
574:38 , 2
575:66 , 6
576:40 , 15
577:75 , 18
578:98 , 44
579:103 , 30
580:121 , 33
581:105 , 34
582:86 , 4
583:78 , 20
584:102 , 22
585:98 , 16
586:106 , 17
587:60 , 8
588:70 , 21
589:72 , 14
590:90 , 23
591:72 , 19
592:57 , 9
593:53 , 6
594:63 , 6
595:76 , 17
596:87 , 23
597:74 , 26
598:85 , 20
599:47 , 4
600:78 , 4
601:56 , 7
602:71 , 12
603:50 , 9
604:30 , 7
605:70 , 14
606:50 , 4
607:62 , 9
608:61 , 24
609:58 , 14
610:72 , 19
611:36 , 4
612:56 , 7
613:47 , 21
614:18 , 4
615:54 , 25
616:70 , 41
617:44 , 26
618:33 , 9
619:63 , 8
620:43 , 6
621:59 , 5
622:59 , 6
623:74 , 18
624:67 , 33
625:39 , 13
626:44 , 10
627:44 , 4
628:25 , 4
629:55 , 3
630:58 , 4
631:49 , 12
632:40 , 8
633:56 , 7
634:71 , 19
635:36 , 8
636:52 , 4
637:23 , 11
638:40 , 21
639:38 , 13
640:16 , 6
641:90 , 21
642:48 , 13
643:64 , 13
644:42 , 9
645:44 , 6
646:23 , 5
647:41 , 10
648:51 , 5
649:38 , 0
650:31 , 7
651:65 , 12
652:67 , 10
653:29 , 4
654:60 , 14
655:40 , 11
656:36 , 9
657:38 , 5
658:34 , 7
659:41 , 8
660:24 , 5
661:40 , 6
662:52 , 8
663:62 , 5
664:28 , 8
665:25 , 10
666:17 , 8
667:48 , 14
668:36 , 6
669:18 , 0
670:42 , 3
671:31 , 6
672:52 , 7
673:83 , 12
674:20 , 1
675:24 , 5
676:21 , 10
677:25 , 5
678:30 , 4
679:19 , 2
680:12 , 0
681:48 , 4
682:29 , 11
683:27 , 4
684:20 , 3
685:31 , 2
686:21 , 2
687:36 , 8
688:46 , 20
689:36 , 9
690:61 , 22
691:55 , 7
692:49 , 1
693:28 , 2
694:47 , 1
695:22 , 2
696:44 , 13
697:18 , 2
698:37 , 17
699:44 , 19
700:17 , 6
701:28 , 2
702:32 , 0
703:26 , 3
704:34 , 3
705:36 , 2
706:14 , 0
707:32 , 1
708:38 , 7
709:22 , 3
710:15 , 4
711:7 , 2
712:22 , 3
713:7 , 2
714:18 , 3
715:22 , 7
716:29 , 8
717:14 , 0
718:13 , 7
719:21 , 12
720:20 , 4
721:46 , 18
722:38 , 3
723:35 , 7
724:25 , 1
725:44 , 1
726:25 , 1
727:10 , 0
728:6 , 0
729:16 , 1
730:25 , 3
731:13 , 1
732:31 , 15
733:39 , 2
734:8 , 0
735:25 , 3
736:15 , 2
737:8 , 1
738:24 , 4
739:43 , 3
740:22 , 5
741:27 , 5
742:33 , 1
743:22 , 1
744:26 , 2
745:48 , 2
746:16 , 5
747:15 , 11
748:4 , 1
749:11 , 1
750:7 , 5
751:27 , 9
752:30 , 5
753:11 , 4
754:39 , 2
755:23 , 1
756:20 , 0
757:17 , 3
758:21 , 2
759:38 , 3
760:47 , 4
761:8 , 2
762:31 , 1
763:13 , 4
764:8 , 2
765:6 , 4
766:7 , 0
767:11 , 3
768:10 , 4
769:9 , 5
770:9 , 4
771:17 , 1
772:8 , 2
773:11 , 0
774:26 , 4
775:9 , 3
776:30 , 7
777:9 , 1
778:6 , 2
779:25 , 3
780:11 , 2
781:18 , 2
782:19 , 1
783:26 , 1
784:22 , 1
785:12 , 3
786:36 , 7
787:9 , 0
788:11 , 3
789:13 , 0
790:13 , 4
791:1 , 0
792:10 , 0
793:21 , 4
794:31 , 4
795:19 , 3
796:16 , 0
797:18 , 0
798:23 , 0
799:61 , 4
800:49 , 14
801:26 , 1
802:49 , 6
803:27 , 0
804:50 , 0
805:36 , 0
806:54 , 6
807:22 , 2
808:1 , 0
809:20 , 0
810:26 , 3
811:8 , 0
812:23 , 7
813:12 , 1
814:18 , 2
815:32 , 0
816:19 , 0
817:14 , 1
818:21 , 0
819:15 , 6
820:16 , 0
821:15 , 0
822:7 , 0
823:23 , 2
824:24 , 0
825:13 , 0
826:32 , 0
827:21 , 0
828:11 , 0
829:33 , 0
830:16 , 0
831:21 , 0
832:16 , 1
833:15 , 0
834:32 , 1
835:37 , 0
836:16 , 0
837:14 , 0
838:36 , 7
839:27 , 0
840:6 , 0
841:13 , 1
842:13 , 1
843:13 , 3
844:32 , 0
845:32 , 0
846:7 , 0
847:5 , 0
848:4 , 0
849:4 , 0
850:12 , 0
851:3 , 0
852:9 , 0
853:9 , 0
854:2 , 0
855:1 , 0
856:3 , 0
857:4 , 0
858:10 , 0
859:13 , 0
860:29 , 0
861:24 , 0
862:18 , 0
863:16 , 0
864:7 , 0
865:8 , 0
866:12 , 0
867:17 , 0
868:14 , 0
869:12 , 0
870:25 , 0
871:21 , 0
872:21 , 0
873:8 , 0
874:5 , 0
875:12 , 0
876:5 , 0
877:2 , 0
878:1 , 0
879:16 , 0
880:10 , 0
881:18 , 0
882:14 , 0
883:3 , 0
884:8 , 0
885:3 , 0
886:3 , 0
887:7 , 0
888:9 , 0
889:1 , 0
890:7 , 0
891:20 , 0
892:11 , 0
893:2 , 0
894:5 , 0
895:20 , 0
896:11 , 0
897:16 , 0
898:12 , 0
899:10 , 0
900:6 , 0
901:18 , 0
902:9 , 0
903:8 , 0
904:19 , 0
905:16 , 0
906:1 , 0
907:9 , 0
908:8 , 0
909:2 , 0
910:2 , 0
911:7 , 0
912:7 , 0
913:11 , 0
914:15 , 0
915:18 , 0
916:15 , 0
917:23 , 0
918:26 , 0
919:43 , 0
920:8 , 0
921:13 , 0
922:12 , 0
923:11 , 0
924:10 , 0
925:21 , 0
926:11 , 0
927:12 , 0
928:16 , 0
929:9 , 0
930:4 , 0
931:9 , 0
932:12 , 0
933:8 , 0
934:7 , 0
935:3 , 0
936:16 , 0
937:13 , 0
938:28 , 0
939:6 , 0
940:4 , 0
941:14 , 0
942:2 , 0
943:11 , 0
944:25 , 0
945:11 , 0
946:17 , 0
947:1 , 0
948:2 , 0
949:5 , 0
950:2 , 0
951:3 , 0
952:7 , 0
953:20 , 0
954:11 , 0
955:13 , 0
956:13 , 0
957:13 , 0
958:27 , 0
959:19 , 0
960:19 , 0
961:30 , 0
962:14 , 0
963:3 , 0
964:23 , 0
965:10 , 0
966:0 , 0
967:9 , 0
968:5 , 0
969:15 , 0
970:4 , 0
971:0 , 0
972:10 , 0
973:4 , 0
974:18 , 0
975:7 , 0
976:12 , 0
977:8 , 0
978:25 , 0
979:25 , 0
980:13 , 0
981:10 , 0
982:7 , 0
983:0 , 0
984:1 , 0
985:14 , 0
986:7 , 0
987:4 , 0
988:7 , 0
989:9 , 0
990:3 , 0
991:16 , 0
992:10 , 0
993:1 , 0
994:1 , 0
995:6 , 0
996:9 , 0
997:23 , 0
998:5 , 0
999:23 , 0
1000:9 , 0
1001:18 , 0
1002:9 , 0
1003:9 , 0
1004:20 , 0
1005:7 , 0
1006:3 , 0
1007:6 , 0
1008:11 , 0
1009:3 , 0
1010:5 , 0
1011:10 , 0
1012:11 , 0
1013:14 , 0
1014:11 , 0
1015:25 , 0
1016:18 , 0
1017:21 , 0
1018:3 , 0
1019:8 , 0
1020:4 , 0
1021:25 , 0
1022:8 , 0
1023:12 , 0
1:558353 , 0
2:30372 , 278
3:3236 , 68
4:2700 , 22
5:742 , 11
6:389 , 4
7:508 , 3
8:322 , 2
9:287 , 1
10:221 , 0
11:174 , 1
12:155 , 2
13:140 , 1
14:136 , 1
15:215 , 1
16:385 , 4
17:642 , 7
18:968 , 13
19:1167 , 27
20:1051 , 35
21:888 , 14
22:557 , 12
23:330 , 8
24:196 , 1
25:221 , 3
26:225 , 2
27:222 , 1
28:221 , 7
29:201 , 3
30:204 , 5
31:176 , 6
32:161 , 8
33:150 , 5
34:148 , 8
35:131 , 3
36:94 , 3
37:64 , 3
38:69 , 3
39:72 , 2
40:55 , 5
41:48 , 0
42:52 , 5
43:43 , 3
44:47 , 0
45:36 , 2
46:44 , 1
47:21 , 1
48:35 , 2
49:34 , 3
50:32 , 0
51:39 , 3
52:30 , 0
53:30 , 1
54:24 , 2
55:28 , 2
56:21 , 0
57:26 , 1
58:13 , 0
59:33 , 4
60:14 , 0
61:26 , 0
62:24 , 1
63:15 , 0
64:24 , 2
65:24 , 1
66:17 , 1
67:20 , 1
68:14 , 1
69:13 , 0
70:22 , 0
71:18 , 1
72:13 , 0
73:17 , 1
74:23 , 0
75:11 , 0
76:14 , 0
77:16 , 0
78:10 , 0
79:10 , 0
80:15 , 0
81:12 , 1
82:14 , 0
83:11 , 1
84:3 , 0
85:10 , 0
86:10 , 0
87:13 , 0
88:10 , 2
89:11 , 0
90:4 , 0
91:11 , 0
92:17 , 0
93:10 , 0
94:10 , 0
95:9 , 0
96:6 , 1
97:9 , 0
98:11 , 0
99:13 , 0
100:11 , 0
101:8 , 0
102:6 , 1
103:4 , 0
104:5 , 0
105:7 , 0
106:4 , 1
107:7 , 0
108:8 , 1
109:5 , 0
110:4 , 0
111:7 , 1
112:8 , 0
113:1 , 0
114:7 , 0
115:8 , 0
116:7 , 0
117:5 , 0
118:3 , 0
119:2 , 0
120:6 , 0
121:4 , 0
122:1 , 1
123:4 , 0
124:5 , 1
125:9 , 0
126:5 , 1
127:4 , 0
128:1 , 0
129:2 , 0
130:4 , 0
131:3 , 0
132:3 , 0
133:6 , 0
134:4 , 1
135:6 , 0
136:8 , 0
137:6 , 0
138:1 , 0
139:2 , 0
140:5 , 1
141:4 , 0
142:2 , 0
143:2 , 0
144:5 , 0
145:4 , 0
146:3 , 0
147:4 , 1
148:6 , 0
149:2 , 0
150:3 , 0
151:5 , 0
152:5 , 0
153:4 , 0
154:3 , 0
155:4 , 1
156:1 , 0
157:2 , 1
158:2 , 0
159:5 , 0
160:2 , 0
161:0 , 0
162:2 , 0
163:1 , 0
164:0 , 0
165:1 , 0
166:1 , 0
167:2 , 0
168:0 , 0
169:3 , 0
170:2 , 0
171:6 , 0
172:5 , 0
173:3 , 0
174:1 , 0
175:2 , 0
176:1 , 0
177:2 , 0
178:0 , 0
179:0 , 0
180:1 , 0
181:0 , 0
182:3 , 0
183:1 , 0
184:1 , 0
185:1 , 1
186:2 , 0
187:1 , 0
188:0 , 0
189:1 , 0
190:1 , 0
191:0 , 0
192:2 , 0
193:1 , 0
194:5 , 1
195:1 , 0
196:1 , 0
197:1 , 0
198:1 , 0
199:1 , 0
200:0 , 0
201:0 , 0
202:2 , 1
203:2 , 0
204:2 , 0
205:1 , 0
206:3 , 0
207:5 , 0
208:1 , 0
209:3 , 0
210:2 , 0
211:3 , 0
212:2 , 0
213:2 , 0
214:1 , 0
215:2 , 0
216:1 , 0
217:0 , 0
218:1 , 0
219:2 , 0
220:1 , 0
221:1 , 0
222:1 , 1
223:1 , 0
224:1 , 0
225:0 , 0
226:1 , 0
227:0 , 0
228:1 , 0
229:2 , 0
230:0 , 0
231:1 , 0
232:3 , 0
233:2 , 0
234:2 , 0
235:5 , 0
236:3 , 0
237:1 , 0
238:1 , 1
239:5 , 0
240:4 , 0
241:3 , 0
242:4 , 0
243:4 , 1
244:1 , 0
245:1 , 0
246:2 , 0
247:0 , 0
248:1 , 0
249:0 , 0
250:1 , 0
251:0 , 0
252:1 , 0
253:0 , 0
254:0 , 0
255:2 , 0
256:0 , 0
257:0 , 0
258:1 , 0
259:0 , 0
260:1 , 0
261:0 , 0
262:1 , 0
263:1 , 0
264:2 , 0
265:0 , 0
266:1 , 0
267:1 , 0
268:1 , 0
269:1 , 1
270:0 , 0
271:0 , 0
272:0 , 0
273:0 , 0
274:0 , 0
275:1 , 1
276:1 , 0
277:1 , 0
278:0 , 0
279:1 , 0
280:0 , 0
281:1 , 0
282:1 , 0
283:0 , 0
284:0 , 0
285:0 , 0
286:0 , 0
287:1 , 0
288:1 , 0
289:1 , 0
290:0 , 0
291:0 , 0
292:0 , 0
293:0 , 0
294:0 , 0
295:0 , 0
296:0 , 0
297:0 , 0
298:0 , 0
299:0 , 0
300:1 , 0
301:1 , 0
302:0 , 0
303:0 , 0
304:1 , 0
305:0 , 0
306:0 , 0
307:0 , 0
308:0 , 0
309:0 , 0
310:0 , 0
311:0 , 0
312:1 , 0
313:0 , 0
314:0 , 0
315:0 , 0
316:0 , 0
317:1 , 0
318:0 , 0
319:0 , 0
320:1 , 0
321:0 , 0
322:0 , 0
323:0 , 0
324:0 , 0
325:0 , 0
326:0 , 0
327:0 , 0
328:0 , 0
329:1 , 0
330:0 , 0
331:0 , 0
332:0 , 0
333:0 , 0
334:1 , 0
335:1 , 0
336:0 , 0
337:1 , 0
338:0 , 0
339:0 , 0
340:0 , 0
341:0 , 0
342:2 , 0
343:0 , 0
344:2 , 0
345:0 , 0
346:1 , 0
347:1 , 1
348:0 , 0
349:0 , 0
350:0 , 0
351:0 , 0
352:1 , 1
353:1 , 0
354:0 , 0
355:0 , 0
356:0 , 0
357:0 , 0
358:0 , 0
359:0 , 0
360:0 , 0
361:1 , 0
362:0 , 0
363:0 , 0
364:0 , 0
365:0 , 0
366:0 , 0
367:0 , 0
368:1 , 0
369:0 , 0
370:0 , 0
371:0 , 0
372:1 , 0
373:0 , 0
374:0 , 0
375:0 , 0
376:2 , 0
377:0 , 0
378:0 , 0
379:1 , 0
380:0 , 0
381:0 , 0
382:1 , 0
383:0 , 0
384:0 , 0
385:0 , 0
386:0 , 0
387:0 , 0
388:1 , 0
389:0 , 0
390:0 , 0
391:0 , 0
392:0 , 0
393:0 , 0
394:0 , 0
395:1 , 0
396:0 , 0
397:0 , 0
398:0 , 0
399:1 , 0
400:0 , 0
401:0 , 0
402:0 , 0
403:0 , 0
404:0 , 0
405:0 , 0
406:0 , 0
407:0 , 0
408:0 , 0
409:0 , 0
410:0 , 0
411:0 , 0
412:0 , 0
413:0 , 0
414:0 , 0
415:0 , 0
416:0 , 0
417:0 , 0
418:0 , 0
419:0 , 0
420:0 , 0
421:0 , 0
422:0 , 0
423:2 , 0
424:1 , 0
425:0 , 0
426:0 , 0
427:0 , 0
428:1 , 0
429:0 , 0
430:0 , 0
431:0 , 0
432:0 , 0
433:0 , 0
434:0 , 0
435:0 , 0
436:0 , 0
437:0 , 0
438:0 , 0
439:0 , 0
440:0 , 0
441:0 , 0
442:0 , 0
443:0 , 0
444:0 , 0
445:0 , 0
446:0 , 0
447:0 , 0
448:0 , 0
449:0 , 0
450:0 , 0
451:0 , 0
452:0 , 0
453:0 , 0
454:0 , 0
455:0 , 0
456:0 , 0
457:0 , 0
458:0 , 0
459:0 , 0
460:0 , 0
461:0 , 0
462:0 , 0
463:0 , 0
464:0 , 0
465:0 , 0
466:1 , 1
467:1 , 0
468:1 , 0
469:0 , 0
470:0 , 0
471:0 , 0
472:0 , 0
473:0 , 0
474:0 , 0
475:0 , 0
476:0 , 0
477:0 , 0
478:0 , 0
479:0 , 0
480:0 , 0
481:0 , 0
482:0 , 0
483:0 , 0
484:0 , 0
485:0 , 0
486:0 , 0
487:0 , 0
488:0 , 0
489:0 , 0
490:0 , 0
491:0 , 0
492:0 , 0
493:0 , 0
494:0 , 0
495:0 , 0
496:0 , 0
497:0 , 0
498:0 , 0
499:0 , 0
500:0 , 0
501:0 , 0
502:0 , 0
503:0 , 0
504:0 , 0
505:0 , 0
506:0 , 0
507:0 , 0
508:0 , 0
509:0 , 0
510:1 , 1
511:0 , 0
512:0 , 0
513:0 , 0
514:1 , 0
515:0 , 0
516:0 , 0
517:0 , 0
518:0 , 0
519:0 , 0
520:1 , 1
521:0 , 0
522:0 , 0
523:0 , 0
524:0 , 0
525:1 , 0
526:0 , 0
527:0 , 0
528:0 , 0
529:0 , 0
530:0 , 0
531:0 , 0
532:0 , 0
533:0 , 0
534:1 , 1
535:0 , 0
536:0 , 0
537:0 , 0
538:0 , 0
539:0 , 0
540:0 , 0
541:0 , 0
542:0 , 0
543:0 , 0
544:0 , 0
545:0 , 0
546:0 , 0
547:0 , 0
548:0 , 0
549:0 , 0
550:1 , 0
551:0 , 0
552:0 , 0
553:0 , 0
554:0 , 0
555:0 , 0
556:0 , 0
557:1 , 0
558:2 , 0
559:2 , 0
560:4 , 0
561:1 , 0
562:0 , 0
563:0 , 0
564:1 , 0
565:2 , 0
566:0 , 0
567:0 , 0
568:0 , 0
569:1 , 1
570:1 , 0
571:0 , 0
572:0 , 0
573:0 , 0
574:0 , 0
575:0 , 0
576:0 , 0
577:0 , 0
578:0 , 0
579:0 , 0
580:0 , 0
581:0 , 0
582:0 , 0
583:0 , 0
584:0 , 0
585:0 , 0
586:0 , 0
587:0 , 0
588:0 , 0
589:0 , 0
590:0 , 0
591:0 , 0
592:0 , 0
593:0 , 0
594:1 , 0
595:0 , 0
596:0 , 0
597:0 , 0
598:0 , 0
599:0 , 0
600:0 , 0
601:0 , 0
602:0 , 0
603:0 , 0
604:0 , 0
605:0 , 0
606:1 , 0
607:0 , 0
608:0 , 0
609:1 , 0
610:1 , 0
611:0 , 0
612:0 , 0
613:0 , 0
614:0 , 0
615:0 , 0
616:0 , 0
617:0 , 0
618:0 , 0
619:0 , 0
620:0 , 0
621:0 , 0
622:0 , 0
623:0 , 0
624:0 , 0
625:0 , 0
626:1 , 0
627:0 , 0
628:0 , 0
629:0 , 0
630:0 , 0
631:0 , 0
632:0 , 0
633:0 , 0
634:0 , 0
635:0 , 0
636:0 , 0
637:0 , 0
638:0 , 0
639:0 , 0
640:0 , 0
641:0 , 0
642:0 , 0
643:0 , 0
644:0 , 0
645:0 , 0
646:0 , 0
647:0 , 0
648:0 , 0
649:0 , 0
650:0 , 0
651:0 , 0
652:0 , 0
653:0 , 0
654:0 , 0
655:0 , 0
656:0 , 0
657:0 , 0
658:0 , 0
659:0 , 0
660:0 , 0
661:0 , 0
662:0 , 0
663:0 , 0
664:0 , 0
665:0 , 0
666:0 , 0
667:0 , 0
668:0 , 0
669:0 , 0
670:1 , 0
671:0 , 0
672:0 , 0
673:0 , 0
674:0 , 0
675:0 , 0
676:0 , 0
677:0 , 0
678:0 , 0
679:0 , 0
680:0 , 0
681:0 , 0
682:0 , 0
683:0 , 0
684:0 , 0
685:0 , 0
686:0 , 0
687:0 , 0
688:1 , 0
689:0 , 0
690:0 , 0
691:0 , 0
692:0 , 0
693:0 , 0
694:0 , 0
695:0 , 0
696:0 , 0
697:0 , 0
698:0 , 0
699:0 , 0
700:0 , 0
701:0 , 0
702:0 , 0
703:0 , 0
704:0 , 0
705:0 , 0
706:0 , 0
707:0 , 0
708:0 , 0
709:0 , 0
710:0 , 0
711:0 , 0
712:0 , 0
713:0 , 0
714:0 , 0
715:0 , 0
716:0 , 0
717:0 , 0
718:0 , 0
719:0 , 0
720:0 , 0
721:0 , 0
722:0 , 0
723:0 , 0
724:0 , 0
725:0 , 0
726:0 , 0
727:0 , 0
728:0 , 0
729:0 , 0
730:0 , 0
731:0 , 0
732:0 , 0
733:0 , 0
734:0 , 0
735:0 , 0
736:0 , 0
737:0 , 0
738:0 , 0
739:0 , 0
740:0 , 0
741:0 , 0
742:0 , 0
743:0 , 0
744:0 , 0
745:0 , 0
746:0 , 0
747:0 , 0
748:0 , 0
749:0 , 0
750:0 , 0
751:0 , 0
752:1 , 0
753:0 , 0
754:0 , 0
755:0 , 0
756:0 , 0
757:0 , 0
758:0 , 0
759:0 , 0
760:0 , 0
761:0 , 0
762:0 , 0
763:0 , 0
764:0 , 0
765:0 , 0
766:0 , 0
767:0 , 0
768:0 , 0
769:0 , 0
770:0 , 0
771:0 , 0
772:0 , 0
773:0 , 0
774:0 , 0
775:0 , 0
776:0 , 0
777:0 , 0
778:0 , 0
779:0 , 0
780:0 , 0
781:0 , 0
782:0 , 0
783:0 , 0
784:0 , 0
785:0 , 0
786:0 , 0
787:0 , 0
788:0 , 0
789:0 , 0
790:0 , 0
791:0 , 0
792:0 , 0
793:0 , 0
794:0 , 0
795:0 , 0
796:0 , 0
797:0 , 0
798:0 , 0
799:0 , 0
800:0 , 0
801:0 , 0
802:0 , 0
803:0 , 0
804:0 , 0
805:0 , 0
806:0 , 0
807:0 , 0
808:0 , 0
809:0 , 0
810:0 , 0
811:0 , 0
812:0 , 0
813:0 , 0
814:0 , 0
815:0 , 0
816:0 , 0
817:0 , 0
818:0 , 0
819:0 , 0
820:0 , 0
821:0 , 0
822:0 , 0
823:0 , 0
824:0 , 0
825:0 , 0
826:0 , 0
827:0 , 0
828:0 , 0
829:0 , 0
830:0 , 0
831:0 , 0
832:0 , 0
833:0 , 0
834:0 , 0
835:0 , 0
836:0 , 0
837:1 , 0
838:0 , 0
839:0 , 0
840:0 , 0
841:0 , 0
842:0 , 0
843:0 , 0
844:0 , 0
845:0 , 0
846:0 , 0
847:0 , 0
848:0 , 0
849:0 , 0
850:0 , 0
851:0 , 0
852:0 , 0
853:0 , 0
854:0 , 0
855:0 , 0
856:0 , 0
857:0 , 0
858:0 , 0
859:0 , 0
860:0 , 0
861:0 , 0
862:0 , 0
863:0 , 0
864:0 , 0
865:0 , 0
866:0 , 0
867:0 , 0
868:0 , 0
869:0 , 0
870:0 , 0
871:0 , 0
872:1 , 0
873:0 , 0
874:0 , 0
875:0 , 0
876:0 , 0
877:0 , 0
878:0 , 0
879:0 , 0
880:0 , 0
881:0 , 0
882:0 , 0
883:0 , 0
884:0 , 0
885:0 , 0
886:0 , 0
887:0 , 0
888:0 , 0
889:0 , 0
890:0 , 0
891:0 , 0
892:0 , 0
893:0 , 0
894:0 , 0
895:0 , 0
896:0 , 0
897:0 , 0
898:0 , 0
899:0 , 0
900:0 , 0
901:0 , 0
902:0 , 0
903:0 , 0
904:0 , 0
905:0 , 0
906:0 , 0
907:0 , 0
908:0 , 0
909:0 , 0
910:0 , 0
911:0 , 0
912:0 , 0
913:0 , 0
914:0 , 0
915:0 , 0
916:0 , 0
917:0 , 0
918:0 , 0
919:0 , 0
920:0 , 0
921:0 , 0
922:0 , 0
923:0 , 0
924:0 , 0
925:0 , 0
926:0 , 0
927:0 , 0
928:0 , 0
929:1 , 0
930:0 , 0
931:0 , 0
932:0 , 0
933:0 , 0
934:0 , 0
935:0 , 0
936:0 , 0
937:0 , 0
938:0 , 0
939:0 , 0
940:0 , 0
941:0 , 0
942:0 , 0
943:0 , 0
944:0 , 0
945:0 , 0
946:0 , 0
947:0 , 0
948:0 , 0
949:0 , 0
950:0 , 0
951:0 , 0
952:0 , 0
953:0 , 0
954:0 , 0
955:0 , 0
956:0 , 0
957:0 , 0
958:0 , 0
959:0 , 0
960:0 , 0
961:0 , 0
962:0 , 0
963:0 , 0
964:0 , 0
965:0 , 0
966:0 , 0
967:0 , 0
968:0 , 0
969:0 , 0
970:0 , 0
971:0 , 0
972:0 , 0
973:0 , 0
974:0 , 0
975:0 , 0
976:0 , 0
977:0 , 0
978:0 , 0
979:1 , 0
980:0 , 0
981:0 , 0
982:0 , 0
983:0 , 0
984:0 , 0
985:0 , 0
986:0 , 0
987:0 , 0
988:0 , 0
989:0 , 0
990:0 , 0
991:0 , 0
992:0 , 0
993:0 , 0
994:0 , 0
995:0 , 0
996:0 , 0
997:0 , 0
998:0 , 0
999:0 , 0
1000:0 , 0
1001:0 , 0
1002:0 , 0
1003:0 , 0
1004:0 , 0
1005:0 , 0
1006:0 , 0
1007:0 , 0
1008:0 , 0
1009:0 , 0
1010:0 , 0
1011:0 , 0
1012:0 , 0
1013:0 , 0
1014:0 , 0
1015:0 , 0
1016:0 , 0
1017:0 , 0
1018:0 , 0
1019:0 , 0
1020:0 , 0
1021:0 , 0
1022:0 , 0
1023:0 , 0
0:708:0.00387518
way:27
1:42:0.615781
way:5
708
41000000
42000000
43000000
44000000
45000000
46000000
**Core 00 Core_Total  Finished:   insts:69094072    cycles:107374184  (4294967320) seconds:1160  -- 0.64 IPC (0.64 IPC) --  N/A  KHz (59.56 KHz)
**Core 00 Thread 00 Finished:   insts:69094072    cycles:107374184  (4294967320)  seconds:1160  -- 0.64 IPC (0.64 IPC) --  N/A  KHz (59.56 KHz) 
**Core 01 Core_Total  Finished:   insts:87031385    cycles:107374184  (4294967320) seconds:1160  -- 0.81 IPC (0.81 IPC) --  N/A  KHz (75.03 KHz)
**Core 01 Thread 00 Finished:   insts:87031385    cycles:107374184  (4294967320)  seconds:1160  -- 0.81 IPC (0.81 IPC) --  N/A  KHz (75.03 KHz) 
src/macsim.cc:617: (I=69094072  C=4294967361):  finalize simulation
src/macsim.cc:623: (I=69094072  C=4294967361):  elapsed time:1159.7 seconds
Done
