####################################################################################################
Interval
####################################################################################################
Cumulative:         Cycles:                  20000     Instructions:                  1200
TOTAL_PACKET_CPU                                          6901260                       6901260

TOTAL_PACKET_GPU                                                0                             0

NOC_AVG_LATENCY_BASE                                      6901258                       6901258

NOC_AVG_LATENCY_BASE_CPU                                  6901258                       6901258

NOC_AVG_LATENCY_BASE_GPU                                        0                             0

NOC_AVG_LATENCY                                          69833865                        10.119

NOC_AVG_LATENCY_CPU                                      69833865                        10.119

NOC_AVG_LATENCY_GPU                                             0                           NaN

NOC_AVG_ACTIVE_PACKET_BASE                                6901260                       6901260

NOC_AVG_ACTIVE_PACKET_BASE_CPU                            6901260                       6901260

NOC_AVG_ACTIVE_PACKET_BASE_GPU                                  0                             0

NOC_AVG_ACTIVE_PACKET                                    14342714                       2.07827

NOC_AVG_ACTIVE_PACKET_CPU                                14342714                       2.07827

NOC_AVG_ACTIVE_PACKET_GPU                                       0                           NaN

NOC_IDLE_CHANNEL                                                0                             0

NOC_IDLE_CHANNEL_CPU                                            0                             0

NOC_IDLE_CHANNEL_GPU                                            0                             0

NOC_IDLE_CHANNEL_L3                                             0                             0

NOC_IDLE_CHANNEL_MC                                             0                             0

NOC_AVG_WAIT_IN_ROUTER_BASE                              15220980                      15220980

NOC_AVG_WAIT_IN_ROUTER_BASE_CPU                           5069373                       5069373

NOC_AVG_WAIT_IN_ROUTER_BASE_GPU                                 0                             0

NOC_AVG_WAIT_IN_ROUTER_BASE_L3                            6901259                       6901259

NOC_AVG_WAIT_IN_ROUTER_BASE_MC                            3250348                       3250348

NOC_AVG_WAIT_IN_ROUTER                                  119382445                       7.84328

NOC_AVG_WAIT_IN_ROUTER_CPU                               39204944                       7.73369

NOC_AVG_WAIT_IN_ROUTER_GPU                                      0                           NaN

NOC_AVG_WAIT_IN_ROUTER_L3                                53191392                       7.70749

NOC_AVG_WAIT_IN_ROUTER_MC                                26986109                       8.30253

NOC_LINK_ACTIVE                                          24962794                      24962794

