####################################################################################################
Interval
####################################################################################################
Cumulative:         Cycles:                  20000     Instructions:                  1200
POWER_L3CACHE_LINEFILL_BUF_R                              1269648                       1269648

POWER_L3CACHE_LINEFILL_BUF_W                              1269648                       1269648

POWER_L3CACHE_LINEFILL_BUF_R_TAG                          1269648                       1269648

POWER_L3CACHE_WB_BUF_R                                       1820                          1820

POWER_L3CACHE_WB_BUF_W                                       1820                          1820

POWER_L3CACHE_WB_BUF_R_TAG                                   1820                          1820

POWER_L3CACHE_R                                            910421                        910421

POWER_L3CACHE_W                                             84012                         84012

POWER_L3CACHE_R_TAG                                       2180071                       2180071

POWER_MC_R                                               11822101                      11822101

POWER_MC_W                                                1271469                       1271469

POWER_BLOCK_STATES_R_CORE_0                             107374184                     107374184

POWER_BLOCK_STATES_W_CORE_0                             107374184                     107374184

POWER_FETCH_QUEUE_R_CORE_0                              103286740                     103286740

POWER_FETCH_QUEUE_W_CORE_0                              103286740                     103286740

POWER_INST_QUEUE_R_CORE_0                               223237878                     223237878

POWER_INST_QUEUE_W_CORE_0                               103286740                     103286740

POWER_BR_PRED_R_CORE_0                                   11360083                      11360083

POWER_BR_PRED_W_CORE_0                                   11233309                      11233309

POWER_RAS_R_CORE_0                                         554142                        554142

POWER_RAS_W_CORE_0                                         529056                        529056

POWER_ICACHE_R_CORE_0                                    25821685                      25821685

POWER_ICACHE_W_CORE_0                                         100                           100

POWER_ICACHE_R_TAG_CORE_0                                25821785                      25821785

POWER_ICACHE_MISS_BUF_R_CORE_0                                200                           200

POWER_ICACHE_MISS_BUF_W_CORE_0                                200                           200

POWER_ICACHE_MISS_BUF_R_TAG_CORE_0                            100                           100

POWER_ICACHE_MISS_BUF_W_TAG_CORE_0                              0                             0

POWER_ICACHE_TOT_ACC_CORE_0                                     0                             0

POWER_ICACHE_CONF_CORE_0                                        0                             0

POWER_INST_DECODER_R_CORE_0                              80306787                      80306787

POWER_INST_DECODER_W_CORE_0                                     0                             0

POWER_MICRO_OP_SEQ_R_CORE_0                                     0                             0

POWER_MICRO_OP_SEQ_W_CORE_0                                     0                             0

POWER_OPERAND_DECODER_R_CORE_0                           80306787                      80306787

POWER_OPERAND_DECODER_W_CORE_0                                  0                             0

POWER_UOP_QUEUE_R_CORE_0                                223237878                     223237878

POWER_UOP_QUEUE_W_CORE_0                                103286740                     103286740

POWER_REG_RENAMING_TABLE_R_CORE_0                       223237878                     223237878

POWER_REG_RENAMING_TABLE_W_CORE_0                       103286740                     103286740

POWER_DEP_CHECK_LOGIC_R_CORE_0                          103286740                     103286740

POWER_FREELIST_R_CORE_0                                 223237878                     223237878

POWER_FREELIST_W_CORE_0                                 103286740                     103286740

POWER_RESERVATION_STATION_R_CORE_0                      103287099                     103287099

POWER_RESERVATION_STATION_W_CORE_0                      103286712                     103286712

POWER_RESERVATION_STATION_R_TAG_CORE_0                  103287099                     103287099

POWER_RESERVATION_STATION_W_TAG_CORE_0                          0                             0

POWER_INST_ISSUE_SEL_LOGIC_R_CORE_0                     103287099                     103287099

POWER_INST_ISSUE_SEL_LOGIC_W_CORE_0                     103286692                     103286692

POWER_PAYLOAD_RAM_R_CORE_0                              103287099                     103287099

POWER_PAYLOAD_RAM_W_CORE_0                              103286692                     103286692

POWER_EX_ALU_R_CORE_0                                    63591818                      63591818

POWER_EX_FPU_R_CORE_0                                       60417                         60417

POWER_EX_MUL_R_CORE_0                                     4284420                       4284420

POWER_EX_SFU_R_CORE_0                                           0                             0

POWER_REORDER_BUF_R_CORE_0                              103286678                     103286678

POWER_REORDER_BUF_W_CORE_0                              206573480                     206573480

POWER_INST_COMMIT_SEL_LOGIC_R_CORE_0                    103286678                     103286678

POWER_INST_COMMIT_SEL_LOGIC_W_CORE_0                    103286740                     103286740

POWER_FP_RENAME_R_CORE_0                                   147644                        147644

POWER_FP_RENAME_W_CORE_0                                        0                             0

POWER_LOAD_QUEUE_R_CORE_0                                28264335                      28264335

POWER_LOAD_QUEUE_W_CORE_0                                28264335                      28264335

POWER_LOAD_QUEUE_R_TAG_CORE_0                            28264335                      28264335

POWER_LOAD_QUEUE_W_TAG_CORE_0                                   0                             0

POWER_STORE_QUEUE_R_CORE_0                                7086109                       7086109

POWER_STORE_QUEUE_W_CORE_0                                7086109                       7086109

POWER_STORE_QUEUE_R_TAG_CORE_0                            7086109                       7086109

POWER_STORE_QUEUE_W_TAG_CORE_0                                  0                             0

POWER_DATA_TLB_R_CORE_0                                  28264335                      28264335

POWER_DATA_TLB_W_CORE_0                                         0                             0

POWER_DATA_TLB_R_TAG_CORE_0                                     0                             0

POWER_DATA_TLB_W_TAG_CORE_0                                     0                             0

POWER_INT_REGFILE_R_CORE_0                              171102513                     171102513

POWER_INT_REGFILE_W_CORE_0                              103226275                     103226275

POWER_FP_REGFILE_R_CORE_0                                  117795                        117795

POWER_FP_REGFILE_W_CORE_0                                   60417                         60417

POWER_GP_REGISTER_R_CORE_0                              171102513                     171102513

POWER_GP_REGISTER_W_CORE_0                              103226275                     103226275

POWER_FP_REGISTER_R_CORE_0                                 120834                        120834

POWER_FP_REGISTER_W_CORE_0                                  60417                         60417

POWER_SEGMENT_REGISTER_R_CORE_0                          35350037                      35350037

POWER_SEGMENT_REGISTER_W_CORE_0                          69461029                      69461029

POWER_CONTROL_REGISTER_R_CORE_0                                 0                             0

POWER_CONTROL_REGISTER_W_CORE_0                           2004237                       2004237

POWER_FLAG_REGISTER_R_CORE_0                                    0                             0

POWER_FLAG_REGISTER_W_CORE_0                                    0                             0

POWER_EXEC_BYPASS_CORE_0                                103286692                     103286692

POWER_LOAD_BYPASS_CORE_0                                  1418463                       1418463

POWER_PIPELINE_CORE_0                                    80306735                      80306735

POWER_DCACHE_MISS_BUF_R_CORE_0                            1418263                       1418263

POWER_DCACHE_MISS_BUF_R_TAG_CORE_0                        1642755                       1642755

POWER_DCACHE_MISS_BUF_W_CORE_0                            1642755                       1642755

POWER_DCACHE_MISS_BUF_W_TAG_CORE_0                              0                             0

POWER_DCACHE_LINEFILL_BUF_R_CORE_0                              0                             0

POWER_L2CACHE_LINEFILL_BUF_R_CORE_0                        941096                        941096

POWER_DCACHE_LINEFILL_BUF_W_CORE_0                              0                             0

POWER_L2CACHE_LINEFILL_BUF_W_CORE_0                        925154                        925154

POWER_DCACHE_LINEFILL_BUF_R_TAG_CORE_0                          0                             0

POWER_L2CACHE_LINEFILL_BUF_R_TAG_CORE_0                   1157019                       1157019

POWER_DCACHE_LINEFILL_BUF_W_TAG_CORE_0                          0                             0

POWER_DCACHE_WB_BUF_R_CORE_0                               215923                        215923

POWER_L2CACHE_WB_BUF_R_CORE_0                                   0                             0

POWER_DCACHE_WB_BUF_W_CORE_0                               215923                        215923

POWER_L2CACHE_WB_BUF_W_CORE_0                                   0                             0

POWER_DCACHE_WB_BUF_R_TAG_CORE_0                           431846                        431846

POWER_L2CACHE_WB_BUF_R_TAG_CORE_0                               0                             0

POWER_DCACHE_WB_BUF_W_TAG_CORE_0                                0                             0

POWER_DCACHE_R_CORE_0                                    33707282                      33707282

POWER_L2CACHE_R_CORE_0                                          0                             0

POWER_DCACHE_W_CORE_0                                      709131                        709131

POWER_L2CACHE_W_CORE_0                                          0                             0

POWER_DCACHE_R_TAG_CORE_0                                35350037                      35350037

POWER_L2CACHE_R_TAG_CORE_0                                      0                             0

POWER_CONST_CACHE_R_CORE_0                                      0                             0

POWER_CONST_CACHE_W_CORE_0                                      0                             0

POWER_CONST_CACHE_R_TAG_CORE_0                                  0                             0

POWER_CONST_CACHE_W_TAG_CORE_0                                  0                             0

POWER_TEXTURE_CACHE_R_CORE_0                                    0                             0

POWER_TEXTURE_CACHE_W_CORE_0                                    0                             0

POWER_TEXTURE_CACHE_R_TAG_CORE_0                                0                             0

POWER_TEXTURE_CACHE_W_TAG_CORE_0                                0                             0

POWER_SHARED_MEM_R_CORE_0                                       0                             0

POWER_SHARED_MEM_W_CORE_0                                       0                             0

POWER_SHARED_MEM_R_TAG_CORE_0                                   0                             0

POWER_SHARED_MEM_W_TAG_CORE_0                                   0                             0

POWER_BLOCK_STATES_R_CORE_1                             107374184                     107374184

POWER_BLOCK_STATES_W_CORE_1                             107374184                     107374184

POWER_FETCH_QUEUE_R_CORE_1                              115920060                     115920060

POWER_FETCH_QUEUE_W_CORE_1                              115920060                     115920060

POWER_INST_QUEUE_R_CORE_1                               173546134                     173546134

POWER_INST_QUEUE_W_CORE_1                               115919807                     115919807

POWER_BR_PRED_R_CORE_1                                   11390346                      11390346

POWER_BR_PRED_W_CORE_1                                   11388843                      11388843

POWER_RAS_R_CORE_1                                            992                           992

POWER_RAS_W_CORE_1                                            768                           768

POWER_ICACHE_R_CORE_1                                    28980015                      28980015

POWER_ICACHE_W_CORE_1                                         551                           551

POWER_ICACHE_R_TAG_CORE_1                                28980566                      28980566

POWER_ICACHE_MISS_BUF_R_CORE_1                               1102                          1102

POWER_ICACHE_MISS_BUF_W_CORE_1                               1102                          1102

POWER_ICACHE_MISS_BUF_R_TAG_CORE_1                            551                           551

POWER_ICACHE_MISS_BUF_W_TAG_CORE_1                              0                             0

POWER_ICACHE_TOT_ACC_CORE_1                                     0                             0

POWER_ICACHE_CONF_CORE_1                                        0                             0

POWER_INST_DECODER_R_CORE_1                              78421684                      78421684

POWER_INST_DECODER_W_CORE_1                                     0                             0

POWER_MICRO_OP_SEQ_R_CORE_1                                     0                             0

POWER_MICRO_OP_SEQ_W_CORE_1                                     0                             0

POWER_OPERAND_DECODER_R_CORE_1                           78421684                      78421684

POWER_OPERAND_DECODER_W_CORE_1                                  0                             0

POWER_UOP_QUEUE_R_CORE_1                                173546134                     173546134

POWER_UOP_QUEUE_W_CORE_1                                115919807                     115919807

POWER_REG_RENAMING_TABLE_R_CORE_1                       173546134                     173546134

POWER_REG_RENAMING_TABLE_W_CORE_1                       115919807                     115919807

POWER_DEP_CHECK_LOGIC_R_CORE_1                          115920060                     115920060

POWER_FREELIST_R_CORE_1                                 173546134                     173546134

POWER_FREELIST_W_CORE_1                                 115919807                     115919807

POWER_RESERVATION_STATION_R_CORE_1                      115949211                     115949211

POWER_RESERVATION_STATION_W_CORE_1                      115919807                     115919807

POWER_RESERVATION_STATION_R_TAG_CORE_1                  115949211                     115949211

POWER_RESERVATION_STATION_W_TAG_CORE_1                          0                             0

POWER_INST_ISSUE_SEL_LOGIC_R_CORE_1                     115949211                     115949211

POWER_INST_ISSUE_SEL_LOGIC_W_CORE_1                     115919807                     115919807

POWER_PAYLOAD_RAM_R_CORE_1                              115949211                     115949211

POWER_PAYLOAD_RAM_W_CORE_1                              115919807                     115919807

POWER_EX_ALU_R_CORE_1                                    61226556                      61226556

POWER_EX_FPU_R_CORE_1                                    16588846                      16588846

POWER_EX_MUL_R_CORE_1                                         320                           320

POWER_EX_SFU_R_CORE_1                                           0                             0

POWER_REORDER_BUF_R_CORE_1                              115919551                     115919551

POWER_REORDER_BUF_W_CORE_1                              231839614                     231839614

POWER_INST_COMMIT_SEL_LOGIC_R_CORE_1                    115919551                     115919551

POWER_INST_COMMIT_SEL_LOGIC_W_CORE_1                    115919807                     115919807

POWER_FP_RENAME_R_CORE_1                                 23186908                      23186908

POWER_FP_RENAME_W_CORE_1                                        0                             0

POWER_LOAD_QUEUE_R_CORE_1                                26128329                      26128329

POWER_LOAD_QUEUE_W_CORE_1                                26128329                      26128329

POWER_LOAD_QUEUE_R_TAG_CORE_1                            26128329                      26128329

POWER_LOAD_QUEUE_W_TAG_CORE_1                                   0                             0

POWER_STORE_QUEUE_R_CORE_1                               12005160                      12005160

POWER_STORE_QUEUE_W_CORE_1                               12005160                      12005160

POWER_STORE_QUEUE_R_TAG_CORE_1                           12005160                      12005160

POWER_STORE_QUEUE_W_TAG_CORE_1                                  0                             0

POWER_DATA_TLB_R_CORE_1                                  26128329                      26128329

POWER_DATA_TLB_W_CORE_1                                         0                             0

POWER_DATA_TLB_R_TAG_CORE_1                                     0                             0

POWER_DATA_TLB_W_TAG_CORE_1                                     0                             0

POWER_INT_REGFILE_R_CORE_1                              160557837                     160557837

POWER_INT_REGFILE_W_CORE_1                               99330961                      99330961

POWER_FP_REGFILE_R_CORE_1                                33177692                      33177692

POWER_FP_REGFILE_W_CORE_1                                16588846                      16588846

POWER_GP_REGISTER_R_CORE_1                              160557837                     160557837

POWER_GP_REGISTER_W_CORE_1                               99330961                      99330961

POWER_FP_REGISTER_R_CORE_1                               33177692                      33177692

POWER_FP_REGISTER_W_CORE_1                               16588846                      16588846

POWER_SEGMENT_REGISTER_R_CORE_1                          38104085                      38104085

POWER_SEGMENT_REGISTER_W_CORE_1                          70376506                      70376506

POWER_CONTROL_REGISTER_R_CORE_1                                 0                             0

POWER_CONTROL_REGISTER_W_CORE_1                              8329                          8329

POWER_FLAG_REGISTER_R_CORE_1                                    0                             0

POWER_FLAG_REGISTER_W_CORE_1                                    0                             0

POWER_EXEC_BYPASS_CORE_1                                115919807                     115919807

POWER_LOAD_BYPASS_CORE_1                                  2941681                       2941681

POWER_PIPELINE_CORE_1                                    78421325                      78421325

POWER_DCACHE_MISS_BUF_R_CORE_1                            2940579                       2940579

POWER_DCACHE_MISS_BUF_R_TAG_CORE_1                        8907228                       8907228

POWER_DCACHE_MISS_BUF_W_CORE_1                            8907228                       8907228

POWER_DCACHE_MISS_BUF_W_TAG_CORE_1                              0                             0

POWER_DCACHE_LINEFILL_BUF_R_CORE_1                              0                             0

POWER_L2CACHE_LINEFILL_BUF_R_CORE_1                       2250186                       2250186

POWER_DCACHE_LINEFILL_BUF_W_CORE_1                              0                             0

POWER_L2CACHE_LINEFILL_BUF_W_CORE_1                       1484187                       1484187

POWER_DCACHE_LINEFILL_BUF_R_TAG_CORE_1                          0                             0

POWER_L2CACHE_LINEFILL_BUF_R_TAG_CORE_1                   2263536                       2263536

POWER_DCACHE_LINEFILL_BUF_W_TAG_CORE_1                          0                             0

POWER_DCACHE_WB_BUF_R_CORE_1                                13350                         13350

POWER_L2CACHE_WB_BUF_R_CORE_1                                   0                             0

POWER_DCACHE_WB_BUF_W_CORE_1                                13350                         13350

POWER_L2CACHE_WB_BUF_W_CORE_1                                   0                             0

POWER_DCACHE_WB_BUF_R_TAG_CORE_1                            26700                         26700

POWER_L2CACHE_WB_BUF_R_TAG_CORE_1                               0                             0

POWER_DCACHE_WB_BUF_W_TAG_CORE_1                                0                             0

POWER_DCACHE_R_CORE_1                                    29196857                      29196857

POWER_L2CACHE_R_CORE_1                                          0                             0

POWER_DCACHE_W_CORE_1                                     1470286                       1470286

POWER_L2CACHE_W_CORE_1                                          0                             0

POWER_DCACHE_R_TAG_CORE_1                                38104085                      38104085

POWER_L2CACHE_R_TAG_CORE_1                                      0                             0

POWER_CONST_CACHE_R_CORE_1                                      0                             0

POWER_CONST_CACHE_W_CORE_1                                      0                             0

POWER_CONST_CACHE_R_TAG_CORE_1                                  0                             0

POWER_CONST_CACHE_W_TAG_CORE_1                                  0                             0

POWER_TEXTURE_CACHE_R_CORE_1                                    0                             0

POWER_TEXTURE_CACHE_W_CORE_1                                    0                             0

POWER_TEXTURE_CACHE_R_TAG_CORE_1                                0                             0

POWER_TEXTURE_CACHE_W_TAG_CORE_1                                0                             0

POWER_SHARED_MEM_R_CORE_1                                       0                             0

POWER_SHARED_MEM_W_CORE_1                                       0                             0

POWER_SHARED_MEM_R_TAG_CORE_1                                   0                             0

POWER_SHARED_MEM_W_TAG_CORE_1                                   0                             0

