BP_MISPRED_STALL_CORE_0                                  52392652                      52392652

BP_RESOLVED_CORE_0                                         372192                        372192

BP_REDIRECT_RESOLVED_CORE_0                                     0                             0

PERFECT_TARGET_PRED_CORE_0                                      0                             0

BP_ON_PATH_CORRECT_CORE_0                                10962899                       96.7357%
BP_ON_PATH_MISPREDICT_CORE_0                               369939                       3.26431%
BP_ON_PATH_MISFETCH_CORE_0                                      0                             0%
                                                         11332838                           100%

BP_OFF_PATH_CORRECT_CORE_0                                      0                          NaN 
BP_OFF_PATH_MISPREDICT_CORE_0                                   0                          NaN 
BP_OFF_PATH_MISFETCH_CORE_0                                     0                          NaN 
                                                                0                           100%

BP_MISPRED_STALL_CORE_1                                    481819                        481819

BP_RESOLVED_CORE_1                                           4995                          4995

BP_REDIRECT_RESOLVED_CORE_1                                     0                             0

PERFECT_TARGET_PRED_CORE_1                                      0                             0

BP_ON_PATH_CORRECT_CORE_1                                 7635026                       99.9349%
BP_ON_PATH_MISPREDICT_CORE_1                                 4973                     0.0650916%
BP_ON_PATH_MISFETCH_CORE_1                                      0                             0%
                                                          7639999                           100%

BP_OFF_PATH_CORRECT_CORE_1                                      0                          NaN 
BP_OFF_PATH_MISPREDICT_CORE_1                                   0                          NaN 
BP_OFF_PATH_MISFETCH_CORE_1                                     0                          NaN 
                                                                0                           100%

