####################################################################################################
Interval
####################################################################################################
Cumulative:         Cycles:                  20000     Instructions:                  1200
AVG_MEMORY_LATENCY_BASE                                   8742505                       8742505

AVG_MEMORY_LATENCY                                      540453226                        61.819

MSHR_FULL                                                       0                             0

TOTAL_MEMORY                                              8452175                       8452175

TOTAL_MEMORY_MERGE                                        7249546                      0.857714

TOTAL_WB                                                   290339                     0.0343508

L1_WB                                                      289862                      0.998357

L2_WB                                                           0                             0

L3_WB                                                         477                    0.00164291

TOTAL_DRAM                                                 474483                        474483

TOTAL_DRAM_MERGE                                                0                             0

L1_HIT_CPU                                               72937212                      72937212

L1_HIT_GPU                                                      0                             0

L1_MISS_CPU                                               8451511                       8451511

L1_MISS_GPU                                                     0                             0

L2_HIT_CPU                                                      0                             0

L2_HIT_GPU                                                      0                             0

L2_MISS_CPU                                               1202629                       1202629

L2_MISS_GPU                                                     0                             0

L3_HIT_CPU                                                 728621                        728621

L3_HIT_GPU                                                      0                             0

L3_MISS_CPU                                                474006                        474006

L3_MISS_GPU                                                     0                             0

L3_HIT_PROMOTION_CPU                                            0                             0

L3_HIT_PROMOTION_GPU                                            0                             0

FETCH_THREAD_SKIP_LD_WAIT                                       0                             0

FETCH_THREAD_SKIP_BR_WAIT                                       0                             0

FETCH_THREAD_SKIP_SCHED_WAIT                                    0                             0

NUM_MUL_TRANS_CM_TM_DM_INST                                     0                             0

NUM_MUL_TRANS_CM_TM_DM                                          0                           NaN

CONST_CACHE_HIT                                                 0                             0

CONST_CACHE_MISS                                                0                             0

CONST_CACHE_MISS_NO_EXECUTE                                     0                             0

CONST_CACHE_ACCESS                                              0                             0

TEXTURE_CACHE_HIT                                               0                             0

TEXTURE_CACHE_MISS                                              0                             0

TEXTURE_CACHE_NO_EXECUTE                                        0                             0

TEXTURE_CACHE_ACCESS                                            0                             0

SHARED_MEM_INST                                                 0                             0

SHARED_MEM_ACCESS                                               0                             0

CACHE_BANK_BUSY                                           7843223                       7843223

ICACHE_MISS_TOTAL                                             664                           664

TOTAL_CAGE_PERIOD                                               0                             0

TOTAL_CAGE_APPL0                                                0                           NaN

TOTAL_CAGE_APPL1                                                0                           NaN

TOTAL_CAGE_APPL2                                                0                           NaN

TOTAL_CAGE_APPL3                                                0                           NaN

TOTAL_CAGE_APPL4                                                0                           NaN

ABIP_AVG_RATIO_BASE                                             0                             0

ABIP_AVG_RATIO                                                  0                           NaN

TOTAL_WRITE_ACKS                                                0                             0

TOTAL_WRITES                                                    0                             0

NUM_PHYSICAL_PAGES                                              0                             0

COAL_INST                                                       0                          NaN 
UNCOAL_INST                                                     0                          NaN 
                                                                0                           100%

COAL_INST_SINGLE_TRANS                                          0                          NaN 
COAL_INST_MUL_TRANS                                             0                          NaN 
UNCOAL_INST_MUL_TRANS                                           0                          NaN 
                                                                0                           100%

SM_COAL_INST                                                    0                          NaN 
CM_COAL_INST                                                    0                          NaN 
TM_COAL_INST                                                    0                          NaN 
DM_COAL_INST                                                    0                          NaN 
                                                                0                           100%

SM_UNCOAL_INST                                                  0                          NaN 
CM_UNCOAL_INST                                                  0                          NaN 
TM_UNCOAL_INST                                                  0                          NaN 
DM_UNCOAL_INST                                                  0                          NaN 
                                                                0                           100%

SM_COAL_INST_SINGLE_TRANS                                       0                          NaN 
CM_COAL_INST_SINGLE_TRANS                                       0                          NaN 
TM_COAL_INST_SINGLE_TRANS                                       0                          NaN 
DM_COAL_INST_SINGLE_TRANS                                       0                          NaN 
                                                                0                           100%

SM_COAL_INST_MUL_TRANS                                          0                          NaN 
CM_COAL_INST_MUL_TRANS                                          0                          NaN 
TM_COAL_INST_MUL_TRANS                                          0                          NaN 
DM_COAL_INST_MUL_TRANS                                          0                          NaN 
                                                                0                           100%

LD_NO_FORWARD                                            33703041                       53.7648%
FORWARDED_LD                                             28983007                       46.2352%
                                                         62686048                           100%

L3_TOT_ACCESS_CORE_CORE_0                                  714637                        714637

L3_HIT_CORE_CORE_0                                         675974                        675974

L3_MISS_CORE_CORE_0                                         38663                         38663

L3_HIT_RATE_CORE_CORE_0                                    675974                      0.945898

L3_MISS_RATE_CORE_CORE_0                                    38663                     0.0541016

L3_BYPASS_CORE_CORE_0                                           0                             0

MEM_STALL_CYCLE_CORE_0                                          0                             0

ICACHE_FILL_CORE_0                                            100                           100

NUM_WRITE_ACKS_CORE_0                                           0                             0

NUM_WRITES_CORE_0                                               0                             0

ICACHE_HIT_CORE_0                                        26054034                       99.9996%
ICACHE_MISS_CORE_0                                            100                   0.000383816%
                                                         26054134                           100%

L3_TOT_ACCESS_CORE_CORE_1                                  487990                        487990

L3_HIT_CORE_CORE_1                                          52647                         52647

L3_MISS_CORE_CORE_1                                        435343                        435343

L3_HIT_RATE_CORE_CORE_1                                     52647                      0.107885

L3_MISS_RATE_CORE_CORE_1                                   435343                      0.892115

L3_BYPASS_CORE_CORE_1                                      398375                        398375

MEM_STALL_CYCLE_CORE_1                                          0                             0

ICACHE_FILL_CORE_1                                            564                           564

NUM_WRITE_ACKS_CORE_1                                           0                             0

NUM_WRITES_CORE_1                                               0                             0

ICACHE_HIT_CORE_1                                        25709647                       99.9978%
ICACHE_MISS_CORE_1                                            564                    0.00219368%
                                                         25710211                           100%

