Arguments: ./macsim --l3_repl==PDP 
src/macsim.cc:133: (I=0  C=0):  initialize knobs
number of cores : 2
src/macsim.cc:531: (I=0  C=0):  initialize simulation
src/macsim.cc:327: (I=0  C=0):  initialize cores (2/0/0)
src/memory.cc:1695: (I=0  C=0):  Memory system(l2_decoupled_network) has been initialized.
l3_policy: PDP,PDP
0
1
ip_table done
set num:2048
src/network_ring.cc:107: (I=0  C=0):  TOTAL_ROUTER:4 CPU:2 GPU:0 L3:1 MC:1
src/network_ring.cc:312: (I=0  C=0):  RING topology
0 <-> 1 <-> 2 <-> 3 <-> 
enabling bug detector
src/macsim.cc:748: (I=0  C=0):  Initializing new noc

src/macsim.cc:839: (I=0  C=0):  Clock LCM           : 920
src/macsim.cc:840: (I=0  C=0):  CPU clock frequency : 2.3 GHz
src/macsim.cc:841: (I=0  C=0):  GPU clock frequency : 2.3 GHz
src/macsim.cc:842: (I=0  C=0):  L3  clock frequency : 1 GHz
src/macsim.cc:843: (I=0  C=0):  NOC clock frequency : 1 GHz
src/macsim.cc:844: (I=0  C=0):  MC  clock frequency : 0.8 GHz
src/process_manager.cc:455: (I=0  C=0):  setup_process:0 ../../../../jinku/macsim_traces/astar/trace.txt current_index:0 (1)
src/process_manager.cc:548: (I=0  C=0):  thread_count:1
src/process_manager.cc:455: (I=0  C=0):  setup_process:1 ../../BWC7_14MB/trace.txt current_index:0 (1)
src/process_manager.cc:548: (I=0  C=0):  thread_count:1
1000000
2000000
3000000
4000000
** Heartbeat for core[00]:        insts:10000000    cycles:9646939    (385877520) seconds:115   -- 1.04 IPC (1.04 IPC) -- 0.00 KIPS (86.96 KIPS)
** Heartbeat for core[00]:  Thread:0      insts:10000000    cycles:9646939    (385877520) seconds:115   -- 1.04 IPC (1.04 IPC) -- 0.00 KIPS (86.96 KIPS)
5000000
6000000
7000000
8000000
** Heartbeat for core[00]:        insts:20000000    cycles:19104787   (764191440) seconds:245   -- 1.06 IPC (1.05 IPC) -- 76.92 KIPS (81.63 KIPS)
** Heartbeat for core[00]:  Thread:0      insts:20000000    cycles:19104787   (764191440) seconds:245   -- 1.06 IPC (1.05 IPC) -- 76.92 KIPS (81.63 KIPS)
9000000
10000000
11000000
12000000
** Heartbeat for core[01]:        insts:10000000    cycles:28349629   (1133985120) seconds:366   -- 0.35 IPC (0.35 IPC) -- 0.00 KIPS (27.32 KIPS)
** Heartbeat for core[01]:  Thread:0      insts:10000000    cycles:28349629   (1133985120) seconds:366   -- 0.35 IPC (0.35 IPC) -- 0.00 KIPS (27.32 KIPS)
** Heartbeat for core[00]:        insts:30000000    cycles:28400886   (1136035400) seconds:366   -- 1.08 IPC (1.06 IPC) -- 82.64 KIPS (81.97 KIPS)
** Heartbeat for core[00]:  Thread:0      insts:30000000    cycles:28400886   (1136035400) seconds:366   -- 1.08 IPC (1.06 IPC) -- 82.64 KIPS (81.97 KIPS)
13000000
14000000
15000000
16000000
** Heartbeat for core[00]:        insts:40000000    cycles:37731170   (1509246760) seconds:495   -- 1.07 IPC (1.06 IPC) -- 77.52 KIPS (80.81 KIPS)
** Heartbeat for core[00]:  Thread:0      insts:40000000    cycles:37731170   (1509246760) seconds:495   -- 1.07 IPC (1.06 IPC) -- 77.52 KIPS (80.81 KIPS)
17000000
18000000
19000000
20000000
20000000: 20m cycle
0:9:0.510916
way:4
1:471:0.00414296
way:28
** Heartbeat for core[00]:        insts:50000000    cycles:47218059   (1888722320) seconds:625   -- 1.05 IPC (1.06 IPC) -- 76.92 KIPS (80.00 KIPS)
** Heartbeat for core[00]:  Thread:0      insts:50000000    cycles:47218059   (1888722320) seconds:625   -- 1.05 IPC (1.06 IPC) -- 76.92 KIPS (80.00 KIPS)
21000000
22000000
23000000
24000000
** Heartbeat for core[01]:        insts:20000000    cycles:55447893   (2217915680) seconds:740   -- 0.37 IPC (0.36 IPC) -- 26.74 KIPS (27.03 KIPS)
** Heartbeat for core[01]:  Thread:0      insts:20000000    cycles:55447893   (2217915680) seconds:740   -- 0.37 IPC (0.36 IPC) -- 26.74 KIPS (27.03 KIPS)
25000000
26000000
** Heartbeat for core[00]:        insts:60000000    cycles:61131662   (2445266440) seconds:817   -- 0.72 IPC (0.98 IPC) -- 52.08 KIPS (73.44 KIPS)
** Heartbeat for core[00]:  Thread:0      insts:60000000    cycles:61131662   (2445266440) seconds:817   -- 0.72 IPC (0.98 IPC) -- 52.08 KIPS (73.44 KIPS)
27000000
28000000
29000000
30000000
31000000
32000000
33000000
34000000
35000000
36000000
** Heartbeat for core[01]:        insts:30000000    cycles:83079176   (3323167000) seconds:1106  -- 0.36 IPC (0.36 IPC) -- 27.32 KIPS (27.12 KIPS)
** Heartbeat for core[01]:  Thread:0      insts:30000000    cycles:83079176   (3323167000) seconds:1106  -- 0.36 IPC (0.36 IPC) -- 27.32 KIPS (27.12 KIPS)
37000000
** Heartbeat for core[00]:        insts:70000000    cycles:86477570   (3459102760) seconds:1157  -- 0.39 IPC (0.81 IPC) -- 29.41 KIPS (60.50 KIPS)
** Heartbeat for core[00]:  Thread:0      insts:70000000    cycles:86477570   (3459102760) seconds:1157  -- 0.39 IPC (0.81 IPC) -- 29.41 KIPS (60.50 KIPS)
38000000
39000000
40000000
40000000: 20m cycle
0:12:0.550332
way:4
1:1023:0.00404878
way:28
41000000
42000000
43000000
44000000
45000000
46000000
**Core 00 Core_Total  Finished:   insts:78211766    cycles:107374184  (4294967320) seconds:1427  -- 0.73 IPC (0.73 IPC) --  N/A  KHz (54.81 KHz)
**Core 00 Thread 00 Finished:   insts:78211766    cycles:107374184  (4294967320)  seconds:1427  -- 0.73 IPC (0.73 IPC) --  N/A  KHz (54.81 KHz) 
**Core 01 Core_Total  Finished:   insts:38752964    cycles:107374184  (4294967320) seconds:1427  -- 0.36 IPC (0.36 IPC) --  N/A  KHz (27.16 KHz)
**Core 01 Thread 00 Finished:   insts:38752964    cycles:107374184  (4294967320)  seconds:1427  -- 0.36 IPC (0.36 IPC) --  N/A  KHz (27.16 KHz) 
src/macsim.cc:617: (I=78211766  C=4294967361):  finalize simulation
src/macsim.cc:623: (I=78211766  C=4294967361):  elapsed time:1426.8 seconds
Done
