####################################################################################################
Interval
####################################################################################################
Cumulative:         Cycles:                  20000     Instructions:                  1200
POWER_L3CACHE_LINEFILL_BUF_R                              2580677                       2580677

POWER_L3CACHE_LINEFILL_BUF_W                              2580677                       2580677

POWER_L3CACHE_LINEFILL_BUF_R_TAG                          2580677                       2580677

POWER_L3CACHE_WB_BUF_R                                       5694                          5694

POWER_L3CACHE_WB_BUF_W                                       5694                          5694

POWER_L3CACHE_WB_BUF_R_TAG                                   5694                          5694

POWER_L3CACHE_R                                            992230                        992230

POWER_L3CACHE_W                                             77565                         77565

POWER_L3CACHE_R_TAG                                       3572918                       3572918

POWER_MC_R                                                8574561                       8574561

POWER_MC_W                                                2586381                       2586381

POWER_BLOCK_STATES_R_CORE_0                             107374184                     107374184

POWER_BLOCK_STATES_W_CORE_0                             107374184                     107374184

POWER_FETCH_QUEUE_R_CORE_0                              100592064                     100592064

POWER_FETCH_QUEUE_W_CORE_0                              100592064                     100592064

POWER_INST_QUEUE_R_CORE_0                               220045869                     220045869

POWER_INST_QUEUE_W_CORE_0                               100591911                     100591911

POWER_BR_PRED_R_CORE_0                                   11064054                      11064054

POWER_BR_PRED_W_CORE_0                                   10941093                      10941093

POWER_RAS_R_CORE_0                                         539285                        539285

POWER_RAS_W_CORE_0                                         514977                        514977

POWER_ICACHE_R_CORE_0                                    25148016                      25148016

POWER_ICACHE_W_CORE_0                                         100                           100

POWER_ICACHE_R_TAG_CORE_0                                25148116                      25148116

POWER_ICACHE_MISS_BUF_R_CORE_0                                200                           200

POWER_ICACHE_MISS_BUF_W_CORE_0                                200                           200

POWER_ICACHE_MISS_BUF_R_TAG_CORE_0                            100                           100

POWER_ICACHE_MISS_BUF_W_TAG_CORE_0                              0                             0

POWER_ICACHE_TOT_ACC_CORE_0                                     0                             0

POWER_ICACHE_CONF_CORE_0                                        0                             0

POWER_INST_DECODER_R_CORE_0                              78211955                      78211955

POWER_INST_DECODER_W_CORE_0                                     0                             0

POWER_MICRO_OP_SEQ_R_CORE_0                                     0                             0

POWER_MICRO_OP_SEQ_W_CORE_0                                     0                             0

POWER_OPERAND_DECODER_R_CORE_0                           78211955                      78211955

POWER_OPERAND_DECODER_W_CORE_0                                  0                             0

POWER_UOP_QUEUE_R_CORE_0                                220045869                     220045869

POWER_UOP_QUEUE_W_CORE_0                                100591911                     100591911

POWER_REG_RENAMING_TABLE_R_CORE_0                       220045869                     220045869

POWER_REG_RENAMING_TABLE_W_CORE_0                       100591911                     100591911

POWER_DEP_CHECK_LOGIC_R_CORE_0                          100592064                     100592064

POWER_FREELIST_R_CORE_0                                 220045869                     220045869

POWER_FREELIST_W_CORE_0                                 100591911                     100591911

POWER_RESERVATION_STATION_R_CORE_0                      100592350                     100592350

POWER_RESERVATION_STATION_W_CORE_0                      100591879                     100591879

POWER_RESERVATION_STATION_R_TAG_CORE_0                  100592350                     100592350

POWER_RESERVATION_STATION_W_TAG_CORE_0                          0                             0

POWER_INST_ISSUE_SEL_LOGIC_R_CORE_0                     100592350                     100592350

POWER_INST_ISSUE_SEL_LOGIC_W_CORE_0                     100591858                     100591858

POWER_PAYLOAD_RAM_R_CORE_0                              100592350                     100592350

POWER_PAYLOAD_RAM_W_CORE_0                              100591858                     100591858

POWER_EX_ALU_R_CORE_0                                    61931730                      61931730

POWER_EX_FPU_R_CORE_0                                       58425                         58425

POWER_EX_MUL_R_CORE_0                                     4173898                       4173898

POWER_EX_SFU_R_CORE_0                                           0                             0

POWER_REORDER_BUF_R_CORE_0                              100591821                     100591821

POWER_REORDER_BUF_W_CORE_0                              201183822                     201183822

POWER_INST_COMMIT_SEL_LOGIC_R_CORE_0                    100591821                     100591821

POWER_INST_COMMIT_SEL_LOGIC_W_CORE_0                    100591911                     100591911

POWER_FP_RENAME_R_CORE_0                                   144940                        144940

POWER_FP_RENAME_W_CORE_0                                        0                             0

POWER_LOAD_QUEUE_R_CORE_0                                27530267                      27530267

POWER_LOAD_QUEUE_W_CORE_0                                27530267                      27530267

POWER_LOAD_QUEUE_R_TAG_CORE_0                            27530267                      27530267

POWER_LOAD_QUEUE_W_TAG_CORE_0                                   0                             0

POWER_STORE_QUEUE_R_CORE_0                                6898030                       6898030

POWER_STORE_QUEUE_W_CORE_0                                6898030                       6898030

POWER_STORE_QUEUE_R_TAG_CORE_0                            6898030                       6898030

POWER_STORE_QUEUE_W_TAG_CORE_0                                  0                             0

POWER_DATA_TLB_R_CORE_0                                  27530267                      27530267

POWER_DATA_TLB_W_CORE_0                                         0                             0

POWER_DATA_TLB_R_TAG_CORE_0                                     0                             0

POWER_DATA_TLB_W_TAG_CORE_0                                     0                             0

POWER_INT_REGFILE_R_CORE_0                              166639061                     166639061

POWER_INT_REGFILE_W_CORE_0                              100533433                     100533433

POWER_FP_REGFILE_R_CORE_0                                  113905                        113905

POWER_FP_REGFILE_W_CORE_0                                   58425                         58425

POWER_GP_REGISTER_R_CORE_0                              166639061                     166639061

POWER_GP_REGISTER_W_CORE_0                              100533433                     100533433

POWER_FP_REGISTER_R_CORE_0                                 116850                        116850

POWER_FP_REGISTER_W_CORE_0                                  58425                         58425

POWER_SEGMENT_REGISTER_R_CORE_0                          34427805                      34427805

POWER_SEGMENT_REGISTER_W_CORE_0                          67648816                      67648816

POWER_CONTROL_REGISTER_R_CORE_0                                 0                             0

POWER_CONTROL_REGISTER_W_CORE_0                           1950703                       1950703

POWER_FLAG_REGISTER_R_CORE_0                                    0                             0

POWER_FLAG_REGISTER_W_CORE_0                                    0                             0

POWER_EXEC_BYPASS_CORE_0                                100591858                     100591858

POWER_LOAD_BYPASS_CORE_0                                  1395696                       1395696

POWER_PIPELINE_CORE_0                                    78211766                      78211766

POWER_DCACHE_MISS_BUF_R_CORE_0                            1395496                       1395496

POWER_DCACHE_MISS_BUF_R_TAG_CORE_0                        1613943                       1613943

POWER_DCACHE_MISS_BUF_W_CORE_0                            1613943                       1613943

POWER_DCACHE_MISS_BUF_W_TAG_CORE_0                              0                             0

POWER_DCACHE_LINEFILL_BUF_R_CORE_0                              0                             0

POWER_L2CACHE_LINEFILL_BUF_R_CORE_0                        926118                        926118

POWER_DCACHE_LINEFILL_BUF_W_CORE_0                              0                             0

POWER_L2CACHE_LINEFILL_BUF_W_CORE_0                        910375                        910375

POWER_DCACHE_LINEFILL_BUF_R_TAG_CORE_0                          0                             0

POWER_L2CACHE_LINEFILL_BUF_R_TAG_CORE_0                   1138647                       1138647

POWER_DCACHE_LINEFILL_BUF_W_TAG_CORE_0                          0                             0

POWER_DCACHE_WB_BUF_R_CORE_0                               212529                        212529

POWER_L2CACHE_WB_BUF_R_CORE_0                                   0                             0

POWER_DCACHE_WB_BUF_W_CORE_0                               212529                        212529

POWER_L2CACHE_WB_BUF_W_CORE_0                                   0                             0

POWER_DCACHE_WB_BUF_R_TAG_CORE_0                           425058                        425058

POWER_L2CACHE_WB_BUF_R_TAG_CORE_0                               0                             0

POWER_DCACHE_WB_BUF_W_TAG_CORE_0                                0                             0

POWER_DCACHE_R_CORE_0                                    32813862                      32813862

POWER_L2CACHE_R_CORE_0                                          0                             0

POWER_DCACHE_W_CORE_0                                      697746                        697746

POWER_L2CACHE_W_CORE_0                                          0                             0

POWER_DCACHE_R_TAG_CORE_0                                34427805                      34427805

POWER_L2CACHE_R_TAG_CORE_0                                      0                             0

POWER_CONST_CACHE_R_CORE_0                                      0                             0

POWER_CONST_CACHE_W_CORE_0                                      0                             0

POWER_CONST_CACHE_R_TAG_CORE_0                                  0                             0

POWER_CONST_CACHE_W_TAG_CORE_0                                  0                             0

POWER_TEXTURE_CACHE_R_CORE_0                                    0                             0

POWER_TEXTURE_CACHE_W_CORE_0                                    0                             0

POWER_TEXTURE_CACHE_R_TAG_CORE_0                                0                             0

POWER_TEXTURE_CACHE_W_TAG_CORE_0                                0                             0

POWER_SHARED_MEM_R_CORE_0                                       0                             0

POWER_SHARED_MEM_W_CORE_0                                       0                             0

POWER_SHARED_MEM_R_TAG_CORE_0                                   0                             0

POWER_SHARED_MEM_W_TAG_CORE_0                                   0                             0

POWER_BLOCK_STATES_R_CORE_1                             107374184                     107374184

POWER_BLOCK_STATES_W_CORE_1                             107374184                     107374184

POWER_FETCH_QUEUE_R_CORE_1                               57293284                      57293284

POWER_FETCH_QUEUE_W_CORE_1                               57293284                      57293284

POWER_INST_QUEUE_R_CORE_1                                72234801                      72234801

POWER_INST_QUEUE_W_CORE_1                                57293030                      57293030

POWER_BR_PRED_R_CORE_1                                    5654707                       5654707

POWER_BR_PRED_W_CORE_1                                    5653198                       5653198

POWER_RAS_R_CORE_1                                            992                           992

POWER_RAS_W_CORE_1                                            768                           768

POWER_ICACHE_R_CORE_1                                    14323321                      14323321

POWER_ICACHE_W_CORE_1                                         549                           549

POWER_ICACHE_R_TAG_CORE_1                                14323870                      14323870

POWER_ICACHE_MISS_BUF_R_CORE_1                               1098                          1098

POWER_ICACHE_MISS_BUF_W_CORE_1                               1098                          1098

POWER_ICACHE_MISS_BUF_R_TAG_CORE_1                            549                           549

POWER_ICACHE_MISS_BUF_W_TAG_CORE_1                              0                             0

POWER_ICACHE_TOT_ACC_CORE_1                                     0                             0

POWER_ICACHE_CONF_CORE_1                                        0                             0

POWER_INST_DECODER_R_CORE_1                              38753324                      38753324

POWER_INST_DECODER_W_CORE_1                                     0                             0

POWER_MICRO_OP_SEQ_R_CORE_1                                     0                             0

POWER_MICRO_OP_SEQ_W_CORE_1                                     0                             0

POWER_OPERAND_DECODER_R_CORE_1                           38753324                      38753324

POWER_OPERAND_DECODER_W_CORE_1                                  0                             0

POWER_UOP_QUEUE_R_CORE_1                                 72234801                      72234801

POWER_UOP_QUEUE_W_CORE_1                                 57293030                      57293030

POWER_REG_RENAMING_TABLE_R_CORE_1                        72234801                      72234801

POWER_REG_RENAMING_TABLE_W_CORE_1                        57293030                      57293030

POWER_DEP_CHECK_LOGIC_R_CORE_1                           57293284                      57293284

POWER_FREELIST_R_CORE_1                                  72234801                      72234801

POWER_FREELIST_W_CORE_1                                  57293030                      57293030

POWER_RESERVATION_STATION_R_CORE_1                       57293016                      57293016

POWER_RESERVATION_STATION_W_CORE_1                       57293026                      57293026

POWER_RESERVATION_STATION_R_TAG_CORE_1                   57293016                      57293016

POWER_RESERVATION_STATION_W_TAG_CORE_1                          0                             0

POWER_INST_ISSUE_SEL_LOGIC_R_CORE_1                      57293016                      57293016

POWER_INST_ISSUE_SEL_LOGIC_W_CORE_1                      57293016                      57293016

POWER_PAYLOAD_RAM_R_CORE_1                               57293016                      57293016

POWER_PAYLOAD_RAM_W_CORE_1                               57293016                      57293016

POWER_EX_ALU_R_CORE_1                                    30252409                      30252409

POWER_EX_FPU_R_CORE_1                                     8257577                       8257577

POWER_EX_MUL_R_CORE_1                                         320                           320

POWER_EX_SFU_R_CORE_1                                           0                             0

POWER_REORDER_BUF_R_CORE_1                               57292774                      57292774

POWER_REORDER_BUF_W_CORE_1                              114586060                     114586060

POWER_INST_COMMIT_SEL_LOGIC_R_CORE_1                     57292774                      57292774

POWER_INST_COMMIT_SEL_LOGIC_W_CORE_1                     57293030                      57293030

POWER_FP_RENAME_R_CORE_1                                 10657013                      10657013

POWER_FP_RENAME_W_CORE_1                                        0                             0

POWER_LOAD_QUEUE_R_CORE_1                                12905545                      12905545

POWER_LOAD_QUEUE_W_CORE_1                                12905545                      12905545

POWER_LOAD_QUEUE_R_TAG_CORE_1                            12905545                      12905545

POWER_LOAD_QUEUE_W_TAG_CORE_1                                   0                             0

POWER_STORE_QUEUE_R_CORE_1                                5877165                       5877165

POWER_STORE_QUEUE_W_CORE_1                                5877165                       5877165

POWER_STORE_QUEUE_R_TAG_CORE_1                            5877165                       5877165

POWER_STORE_QUEUE_W_TAG_CORE_1                                  0                             0

POWER_DATA_TLB_R_CORE_1                                  12905545                      12905545

POWER_DATA_TLB_W_CORE_1                                         0                             0

POWER_DATA_TLB_R_TAG_CORE_1                                     0                             0

POWER_DATA_TLB_W_TAG_CORE_1                                     0                             0

POWER_INT_REGFILE_R_CORE_1                               79288168                      79288168

POWER_INT_REGFILE_W_CORE_1                               49035439                      49035439

POWER_FP_REGFILE_R_CORE_1                                16515154                      16515154

POWER_FP_REGFILE_W_CORE_1                                 8257577                       8257577

POWER_GP_REGISTER_R_CORE_1                               79288168                      79288168

POWER_GP_REGISTER_W_CORE_1                               49035439                      49035439

POWER_FP_REGISTER_R_CORE_1                               16515154                      16515154

POWER_FP_REGISTER_W_CORE_1                                8257577                       8257577

POWER_SEGMENT_REGISTER_R_CORE_1                          18782710                      18782710

POWER_SEGMENT_REGISTER_W_CORE_1                          34692320                      34692320

POWER_CONTROL_REGISTER_R_CORE_1                                 0                             0

POWER_CONTROL_REGISTER_W_CORE_1                              8328                          8328

POWER_FLAG_REGISTER_R_CORE_1                                    0                             0

POWER_FLAG_REGISTER_W_CORE_1                                    0                             0

POWER_EXEC_BYPASS_CORE_1                                 57293016                      57293016

POWER_LOAD_BYPASS_CORE_1                                  5750141                       5750141

POWER_PIPELINE_CORE_1                                    38752964                      38752964

POWER_DCACHE_MISS_BUF_R_CORE_1                            5749043                       5749043

POWER_DCACHE_MISS_BUF_R_TAG_CORE_1                        4373597                       4373597

POWER_DCACHE_MISS_BUF_W_CORE_1                            4373597                       4373597

POWER_DCACHE_MISS_BUF_W_TAG_CORE_1                              0                             0

POWER_DCACHE_LINEFILL_BUF_R_CORE_1                              0                             0

POWER_L2CACHE_LINEFILL_BUF_R_CORE_1                       2879574                       2879574

POWER_DCACHE_LINEFILL_BUF_W_CORE_1                              0                             0

POWER_L2CACHE_LINEFILL_BUF_W_CORE_1                       2878888                       2878888

POWER_DCACHE_LINEFILL_BUF_R_TAG_CORE_1                          0                             0

POWER_L2CACHE_LINEFILL_BUF_R_TAG_CORE_1                   2883404                       2883404

POWER_DCACHE_LINEFILL_BUF_W_TAG_CORE_1                          0                             0

POWER_DCACHE_WB_BUF_R_CORE_1                                 3830                          3830

POWER_L2CACHE_WB_BUF_R_CORE_1                                   0                             0

POWER_DCACHE_WB_BUF_W_CORE_1                                 3830                          3830

POWER_L2CACHE_WB_BUF_W_CORE_1                                   0                             0

POWER_DCACHE_WB_BUF_R_TAG_CORE_1                             7660                          7660

POWER_L2CACHE_WB_BUF_R_TAG_CORE_1                               0                             0

POWER_DCACHE_WB_BUF_W_TAG_CORE_1                                0                             0

POWER_DCACHE_R_CORE_1                                    14409113                      14409113

POWER_L2CACHE_R_CORE_1                                          0                             0

POWER_DCACHE_W_CORE_1                                     2874509                       2874509

POWER_L2CACHE_W_CORE_1                                          0                             0

POWER_DCACHE_R_TAG_CORE_1                                18782710                      18782710

POWER_L2CACHE_R_TAG_CORE_1                                      0                             0

POWER_CONST_CACHE_R_CORE_1                                      0                             0

POWER_CONST_CACHE_W_CORE_1                                      0                             0

POWER_CONST_CACHE_R_TAG_CORE_1                                  0                             0

POWER_CONST_CACHE_W_TAG_CORE_1                                  0                             0

POWER_TEXTURE_CACHE_R_CORE_1                                    0                             0

POWER_TEXTURE_CACHE_W_CORE_1                                    0                             0

POWER_TEXTURE_CACHE_R_TAG_CORE_1                                0                             0

POWER_TEXTURE_CACHE_W_TAG_CORE_1                                0                             0

POWER_SHARED_MEM_R_CORE_1                                       0                             0

POWER_SHARED_MEM_W_CORE_1                                       0                             0

POWER_SHARED_MEM_R_TAG_CORE_1                                   0                             0

POWER_SHARED_MEM_W_TAG_CORE_1                                   0                             0

