Arguments: ./macsim --l3_repl==PDP 
src/macsim.cc:133: (I=0  C=0):  initialize knobs
number of cores : 2
src/macsim.cc:531: (I=0  C=0):  initialize simulation
src/macsim.cc:327: (I=0  C=0):  initialize cores (2/0/0)
src/memory.cc:1695: (I=0  C=0):  Memory system(l2_decoupled_network) has been initialized.
l3_policy: PDP,PDP
0
1
ip_table done
way0=5
way1=27
src/network_ring.cc:107: (I=0  C=0):  TOTAL_ROUTER:4 CPU:2 GPU:0 L3:1 MC:1
src/network_ring.cc:312: (I=0  C=0):  RING topology
0 <-> 1 <-> 2 <-> 3 <-> 
enabling bug detector
src/macsim.cc:748: (I=0  C=0):  Initializing new noc

src/macsim.cc:839: (I=0  C=0):  Clock LCM           : 920
src/macsim.cc:840: (I=0  C=0):  CPU clock frequency : 2.3 GHz
src/macsim.cc:841: (I=0  C=0):  GPU clock frequency : 2.3 GHz
src/macsim.cc:842: (I=0  C=0):  L3  clock frequency : 1 GHz
src/macsim.cc:843: (I=0  C=0):  NOC clock frequency : 1 GHz
src/macsim.cc:844: (I=0  C=0):  MC  clock frequency : 0.8 GHz
src/process_manager.cc:455: (I=0  C=0):  setup_process:0 ../../../../jinku/macsim_traces/astar/trace.txt current_index:0 (1)
src/process_manager.cc:548: (I=0  C=0):  thread_count:1
src/process_manager.cc:455: (I=0  C=0):  setup_process:1 ../../../../jinku/macsim_traces/160810/16MB/trace.txt current_index:0 (1)
src/process_manager.cc:548: (I=0  C=0):  thread_count:1
1000000
2000000
3000000
4000000
** Heartbeat for core[00]:        insts:10000000    cycles:9288707    (371548240) seconds:94    -- 1.08 IPC (1.08 IPC) -- 0.00 KIPS (106.38 KIPS)
** Heartbeat for core[00]:  Thread:0      insts:10000000    cycles:9288707    (371548240) seconds:94    -- 1.08 IPC (1.08 IPC) -- 0.00 KIPS (106.38 KIPS)
5000000
6000000
** Heartbeat for core[01]:        insts:10000000    cycles:13866074   (554642920) seconds:143   -- 0.72 IPC (0.72 IPC) -- 0.00 KIPS (69.93 KIPS)
** Heartbeat for core[01]:  Thread:0      insts:10000000    cycles:13866074   (554642920) seconds:143   -- 0.72 IPC (0.72 IPC) -- 0.00 KIPS (69.93 KIPS)
7000000
8000000
** Heartbeat for core[00]:        insts:20000000    cycles:18417844   (736713720) seconds:192   -- 1.10 IPC (1.09 IPC) -- 102.04 KIPS (104.17 KIPS)
** Heartbeat for core[00]:  Thread:0      insts:20000000    cycles:18417844   (736713720) seconds:192   -- 1.10 IPC (1.09 IPC) -- 102.04 KIPS (104.17 KIPS)
9000000
10000000
11000000
** Heartbeat for core[01]:        insts:20000000    cycles:27148149   (1085925920) seconds:285   -- 0.75 IPC (0.74 IPC) -- 70.42 KIPS (70.18 KIPS)
** Heartbeat for core[01]:  Thread:0      insts:20000000    cycles:27148149   (1085925920) seconds:285   -- 0.75 IPC (0.74 IPC) -- 70.42 KIPS (70.18 KIPS)
** Heartbeat for core[00]:        insts:30000000    cycles:27399763   (1095990480) seconds:288   -- 1.11 IPC (1.09 IPC) -- 104.17 KIPS (104.17 KIPS)
** Heartbeat for core[00]:  Thread:0      insts:30000000    cycles:27399763   (1095990480) seconds:288   -- 1.11 IPC (1.09 IPC) -- 104.17 KIPS (104.17 KIPS)
12000000
13000000
14000000
15000000
** Heartbeat for core[00]:        insts:40000000    cycles:36367562   (1454702440) seconds:388   -- 1.12 IPC (1.10 IPC) -- 100.00 KIPS (103.09 KIPS)
** Heartbeat for core[00]:  Thread:0      insts:40000000    cycles:36367562   (1454702440) seconds:388   -- 1.12 IPC (1.10 IPC) -- 100.00 KIPS (103.09 KIPS)
16000000
17000000
** Heartbeat for core[01]:        insts:30000000    cycles:40424175   (1616966960) seconds:435   -- 0.75 IPC (0.74 IPC) -- 66.67 KIPS (68.97 KIPS)
** Heartbeat for core[01]:  Thread:0      insts:30000000    cycles:40424175   (1616966960) seconds:435   -- 0.75 IPC (0.74 IPC) -- 66.67 KIPS (68.97 KIPS)
18000000
19000000
** Heartbeat for core[00]:        insts:50000000    cycles:45410710   (1816428360) seconds:494   -- 1.11 IPC (1.10 IPC) -- 94.34 KIPS (101.21 KIPS)
** Heartbeat for core[00]:  Thread:0      insts:50000000    cycles:45410710   (1816428360) seconds:494   -- 1.11 IPC (1.10 IPC) -- 94.34 KIPS (101.21 KIPS)
20000000
21000000
22000000
** Heartbeat for core[01]:        insts:40000000    cycles:51440138   (2057605480) seconds:566   -- 0.91 IPC (0.78 IPC) -- 76.34 KIPS (70.67 KIPS)
** Heartbeat for core[01]:  Thread:0      insts:40000000    cycles:51440138   (2057605480) seconds:566   -- 0.91 IPC (0.78 IPC) -- 76.34 KIPS (70.67 KIPS)
23000000
24000000
** Heartbeat for core[00]:        insts:60000000    cycles:55354354   (2214174120) seconds:609   -- 1.01 IPC (1.08 IPC) -- 86.96 KIPS (98.52 KIPS)
** Heartbeat for core[00]:  Thread:0      insts:60000000    cycles:55354354   (2214174120) seconds:609   -- 1.01 IPC (1.08 IPC) -- 86.96 KIPS (98.52 KIPS)
25000000
26000000
27000000
28000000
29000000
** Heartbeat for core[01]:        insts:50000000    cycles:67599078   (2703963080) seconds:730   -- 0.62 IPC (0.74 IPC) -- 60.98 KIPS (68.49 KIPS)
** Heartbeat for core[01]:  Thread:0      insts:50000000    cycles:67599078   (2703963080) seconds:730   -- 0.62 IPC (0.74 IPC) -- 60.98 KIPS (68.49 KIPS)
30000000
30000000: 30m cycle
0:38:0.585336
way:5
1:1021:0.00448788
way:27
31000000
32000000
33000000
34000000
** Heartbeat for core[00]:        insts:70000000    cycles:79862864   (3194514520) seconds:856   -- 0.41 IPC (0.88 IPC) -- 40.49 KIPS (81.78 KIPS)
** Heartbeat for core[00]:  Thread:0      insts:70000000    cycles:79862864   (3194514520) seconds:856   -- 0.41 IPC (0.88 IPC) -- 40.49 KIPS (81.78 KIPS)
35000000
36000000
** Heartbeat for core[01]:        insts:60000000    cycles:85060066   (3402402600) seconds:910   -- 0.57 IPC (0.71 IPC) -- 55.56 KIPS (65.93 KIPS)
** Heartbeat for core[01]:  Thread:0      insts:60000000    cycles:85060066   (3402402600) seconds:910   -- 0.57 IPC (0.71 IPC) -- 55.56 KIPS (65.93 KIPS)
37000000
38000000
39000000
40000000
41000000
42000000
43000000
44000000
** Heartbeat for core[01]:        insts:70000000    cycles:102525228  (4101009080) seconds:1098  -- 0.57 IPC (0.68 IPC) -- 53.19 KIPS (63.75 KIPS)
** Heartbeat for core[01]:  Thread:0      insts:70000000    cycles:102525228  (4101009080) seconds:1098  -- 0.57 IPC (0.68 IPC) -- 53.19 KIPS (63.75 KIPS)
45000000
** Heartbeat for core[00]:        insts:80000000    cycles:104966576  (4198663000) seconds:1125  -- 0.40 IPC (0.76 IPC) -- 37.17 KIPS (71.11 KIPS)
** Heartbeat for core[00]:  Thread:0      insts:80000000    cycles:104966576  (4198663000) seconds:1125  -- 0.40 IPC (0.76 IPC) -- 37.17 KIPS (71.11 KIPS)
46000000
**Core 00 Core_Total  Finished:   insts:80967935    cycles:107374184  (4294967320) seconds:1153  -- 0.75 IPC (0.75 IPC) --  N/A  KHz (70.22 KHz)
**Core 00 Thread 00 Finished:   insts:80967935    cycles:107374184  (4294967320)  seconds:1153  -- 0.75 IPC (0.75 IPC) --  N/A  KHz (70.22 KHz) 
**Core 01 Core_Total  Finished:   insts:74911853    cycles:107374184  (4294967320) seconds:1153  -- 0.70 IPC (0.70 IPC) --  N/A  KHz (64.97 KHz)
**Core 01 Thread 00 Finished:   insts:74911853    cycles:107374184  (4294967320)  seconds:1153  -- 0.70 IPC (0.70 IPC) --  N/A  KHz (64.97 KHz) 
src/macsim.cc:617: (I=80967935  C=4294967361):  finalize simulation
src/macsim.cc:623: (I=80967935  C=4294967361):  elapsed time:1152.8 seconds
Done
