####################################################################################################
Interval
####################################################################################################
Cumulative:         Cycles:                  20000     Instructions:                  1200
TOTAL_PACKET_CPU                                          1758054                       1758054

TOTAL_PACKET_GPU                                                0                             0

NOC_AVG_LATENCY_BASE                                      1758054                       1758054

NOC_AVG_LATENCY_BASE_CPU                                  1758054                       1758054

NOC_AVG_LATENCY_BASE_GPU                                        0                             0

NOC_AVG_LATENCY                                          15835640                       9.00748

NOC_AVG_LATENCY_CPU                                      15835640                       9.00748

NOC_AVG_LATENCY_GPU                                             0                           NaN

NOC_AVG_ACTIVE_PACKET_BASE                                1758054                       1758054

NOC_AVG_ACTIVE_PACKET_BASE_CPU                            1758054                       1758054

NOC_AVG_ACTIVE_PACKET_BASE_GPU                                  0                             0

NOC_AVG_ACTIVE_PACKET                                     1899531                       1.08047

NOC_AVG_ACTIVE_PACKET_CPU                                 1899531                       1.08047

NOC_AVG_ACTIVE_PACKET_GPU                                       0                           NaN

NOC_IDLE_CHANNEL                                                0                             0

NOC_IDLE_CHANNEL_CPU                                            0                             0

NOC_IDLE_CHANNEL_GPU                                            0                             0

NOC_IDLE_CHANNEL_L3                                             0                             0

NOC_IDLE_CHANNEL_MC                                             0                             0

NOC_AVG_WAIT_IN_ROUTER_BASE                               3516108                       3516108

NOC_AVG_WAIT_IN_ROUTER_BASE_CPU                            915317                        915317

NOC_AVG_WAIT_IN_ROUTER_BASE_GPU                                 0                             0

NOC_AVG_WAIT_IN_ROUTER_BASE_L3                            1758054                       1758054

NOC_AVG_WAIT_IN_ROUTER_BASE_MC                             842737                        842737

NOC_AVG_WAIT_IN_ROUTER                                   24638639                       7.00736

NOC_AVG_WAIT_IN_ROUTER_CPU                                6408083                       7.00094

NOC_AVG_WAIT_IN_ROUTER_GPU                                      0                           NaN

NOC_AVG_WAIT_IN_ROUTER_L3                                12319492                       7.00746

NOC_AVG_WAIT_IN_ROUTER_MC                                 5911064                       7.01413

NOC_LINK_ACTIVE                                           5274202                       5274202

