BP_MISPRED_STALL_CORE_0                                  52407253                      52407253

BP_RESOLVED_CORE_0                                         372503                        372503

BP_REDIRECT_RESOLVED_CORE_0                                     0                             0

PERFECT_TARGET_PRED_CORE_0                                      0                             0

BP_ON_PATH_CORRECT_CORE_0                                10971172                       96.7354%
BP_ON_PATH_MISPREDICT_CORE_0                               370249                       3.26457%
BP_ON_PATH_MISFETCH_CORE_0                                      0                             0%
                                                         11341421                           100%

BP_OFF_PATH_CORRECT_CORE_0                                      0                          NaN 
BP_OFF_PATH_MISPREDICT_CORE_0                                   0                          NaN 
BP_OFF_PATH_MISFETCH_CORE_0                                     0                          NaN 
                                                                0                           100%

BP_MISPRED_STALL_CORE_1                                    492324                        492324

BP_RESOLVED_CORE_1                                           4993                          4993

BP_REDIRECT_RESOLVED_CORE_1                                     0                             0

PERFECT_TARGET_PRED_CORE_1                                      0                             0

BP_ON_PATH_CORRECT_CORE_1                                 7295090                       99.9319%
BP_ON_PATH_MISPREDICT_CORE_1                                 4972                      0.068109%
BP_ON_PATH_MISFETCH_CORE_1                                      0                             0%
                                                          7300062                           100%

BP_OFF_PATH_CORRECT_CORE_1                                      0                          NaN 
BP_OFF_PATH_MISPREDICT_CORE_1                                   0                          NaN 
BP_OFF_PATH_MISFETCH_CORE_1                                     0                          NaN 
                                                                0                           100%

