####################################################################################################
Interval
####################################################################################################
Cumulative:         Cycles:                  20000     Instructions:                  1200
TOTAL_PACKET_CPU                                          3359085                       3359085

TOTAL_PACKET_GPU                                                0                             0

NOC_AVG_LATENCY_BASE                                      3359083                       3359083

NOC_AVG_LATENCY_BASE_CPU                                  3359083                       3359083

NOC_AVG_LATENCY_BASE_GPU                                        0                             0

NOC_AVG_LATENCY                                          36617612                       10.9011

NOC_AVG_LATENCY_CPU                                      36617612                       10.9011

NOC_AVG_LATENCY_GPU                                             0                           NaN

NOC_AVG_ACTIVE_PACKET_BASE                                3359085                       3359085

NOC_AVG_ACTIVE_PACKET_BASE_CPU                            3359085                       3359085

NOC_AVG_ACTIVE_PACKET_BASE_GPU                                  0                             0

NOC_AVG_ACTIVE_PACKET                                     5174202                       1.54036

NOC_AVG_ACTIVE_PACKET_CPU                                 5174202                       1.54036

NOC_AVG_ACTIVE_PACKET_GPU                                       0                           NaN

NOC_IDLE_CHANNEL                                                0                             0

NOC_IDLE_CHANNEL_CPU                                            0                             0

NOC_IDLE_CHANNEL_GPU                                            0                             0

NOC_IDLE_CHANNEL_L3                                             0                             0

NOC_IDLE_CHANNEL_MC                                             0                             0

NOC_AVG_WAIT_IN_ROUTER_BASE                               8145945                       8145945

NOC_AVG_WAIT_IN_ROUTER_BASE_CPU                           3075286                       3075286

NOC_AVG_WAIT_IN_ROUTER_BASE_GPU                                 0                             0

NOC_AVG_WAIT_IN_ROUTER_BASE_L3                            3359083                       3359083

NOC_AVG_WAIT_IN_ROUTER_BASE_MC                            1711576                       1711576

NOC_AVG_WAIT_IN_ROUTER                                   67254583                        8.2562

NOC_AVG_WAIT_IN_ROUTER_CPU                               24853186                       8.08158

NOC_AVG_WAIT_IN_ROUTER_GPU                                      0                           NaN

NOC_AVG_WAIT_IN_ROUTER_L3                                27043914                       8.05098

NOC_AVG_WAIT_IN_ROUTER_MC                                15357483                       8.97271

NOC_LINK_ACTIVE                                          14360582                      14360582

