Arguments: ./macsim --l3_repl==PDP 
src/macsim.cc:133: (I=0  C=0):  initialize knobs
number of cores : 2
src/macsim.cc:531: (I=0  C=0):  initialize simulation
src/macsim.cc:327: (I=0  C=0):  initialize cores (2/0/0)
src/memory.cc:1695: (I=0  C=0):  Memory system(l2_decoupled_network) has been initialized.
l3_policy: PDP,PDP
0
1
ip_table done
way0=31
way1=1
src/network_ring.cc:107: (I=0  C=0):  TOTAL_ROUTER:4 CPU:2 GPU:0 L3:1 MC:1
src/network_ring.cc:312: (I=0  C=0):  RING topology
0 <-> 1 <-> 2 <-> 3 <-> 
enabling bug detector
src/macsim.cc:748: (I=0  C=0):  Initializing new noc

src/macsim.cc:839: (I=0  C=0):  Clock LCM           : 920
src/macsim.cc:840: (I=0  C=0):  CPU clock frequency : 2.3 GHz
src/macsim.cc:841: (I=0  C=0):  GPU clock frequency : 2.3 GHz
src/macsim.cc:842: (I=0  C=0):  L3  clock frequency : 1 GHz
src/macsim.cc:843: (I=0  C=0):  NOC clock frequency : 1 GHz
src/macsim.cc:844: (I=0  C=0):  MC  clock frequency : 0.8 GHz
src/process_manager.cc:455: (I=0  C=0):  setup_process:0 ../../../../jinku/macsim_traces/astar/trace.txt current_index:0 (1)
src/process_manager.cc:548: (I=0  C=0):  thread_count:1
src/process_manager.cc:455: (I=0  C=0):  setup_process:1 ../../../../jinku/macsim_traces/160810/16MB/trace.txt current_index:0 (1)
src/process_manager.cc:548: (I=0  C=0):  thread_count:1
1000000
2000000
3000000
4000000
** Heartbeat for core[00]:        insts:10000000    cycles:9292215    (371688560) seconds:90    -- 1.08 IPC (1.08 IPC) -- 0.00 KIPS (111.11 KIPS)
** Heartbeat for core[00]:  Thread:0      insts:10000000    cycles:9292215    (371688560) seconds:90    -- 1.08 IPC (1.08 IPC) -- 0.00 KIPS (111.11 KIPS)
5000000
6000000
** Heartbeat for core[01]:        insts:10000000    cycles:13875143   (555005680) seconds:137   -- 0.72 IPC (0.72 IPC) -- 0.00 KIPS (72.99 KIPS)
** Heartbeat for core[01]:  Thread:0      insts:10000000    cycles:13875143   (555005680) seconds:137   -- 0.72 IPC (0.72 IPC) -- 0.00 KIPS (72.99 KIPS)
7000000
8000000
** Heartbeat for core[00]:        insts:20000000    cycles:18415392   (736615640) seconds:184   -- 1.10 IPC (1.09 IPC) -- 106.38 KIPS (108.70 KIPS)
** Heartbeat for core[00]:  Thread:0      insts:20000000    cycles:18415392   (736615640) seconds:184   -- 1.10 IPC (1.09 IPC) -- 106.38 KIPS (108.70 KIPS)
9000000
10000000
11000000
** Heartbeat for core[01]:        insts:20000000    cycles:27170367   (1086814640) seconds:278   -- 0.75 IPC (0.74 IPC) -- 70.92 KIPS (71.94 KIPS)
** Heartbeat for core[01]:  Thread:0      insts:20000000    cycles:27170367   (1086814640) seconds:278   -- 0.75 IPC (0.74 IPC) -- 70.92 KIPS (71.94 KIPS)
** Heartbeat for core[00]:        insts:30000000    cycles:27383794   (1095351720) seconds:280   -- 1.12 IPC (1.10 IPC) -- 104.17 KIPS (107.14 KIPS)
** Heartbeat for core[00]:  Thread:0      insts:30000000    cycles:27383794   (1095351720) seconds:280   -- 1.12 IPC (1.10 IPC) -- 104.17 KIPS (107.14 KIPS)
12000000
13000000
14000000
15000000
** Heartbeat for core[00]:        insts:40000000    cycles:36333273   (1453330880) seconds:380   -- 1.12 IPC (1.10 IPC) -- 100.00 KIPS (105.26 KIPS)
** Heartbeat for core[00]:  Thread:0      insts:40000000    cycles:36333273   (1453330880) seconds:380   -- 1.12 IPC (1.10 IPC) -- 100.00 KIPS (105.26 KIPS)
16000000
17000000
** Heartbeat for core[01]:        insts:30000000    cycles:40440193   (1617607680) seconds:429   -- 0.75 IPC (0.74 IPC) -- 66.23 KIPS (69.93 KIPS)
** Heartbeat for core[01]:  Thread:0      insts:30000000    cycles:40440193   (1617607680) seconds:429   -- 0.75 IPC (0.74 IPC) -- 66.23 KIPS (69.93 KIPS)
18000000
19000000
** Heartbeat for core[00]:        insts:50000000    cycles:45359314   (1814372520) seconds:486   -- 1.11 IPC (1.10 IPC) -- 94.34 KIPS (102.88 KIPS)
** Heartbeat for core[00]:  Thread:0      insts:50000000    cycles:45359314   (1814372520) seconds:486   -- 1.11 IPC (1.10 IPC) -- 94.34 KIPS (102.88 KIPS)
20000000
21000000
22000000
23000000
24000000
** Heartbeat for core[00]:        insts:60000000    cycles:55281458   (2211258280) seconds:590   -- 1.01 IPC (1.09 IPC) -- 96.15 KIPS (101.69 KIPS)
** Heartbeat for core[00]:  Thread:0      insts:60000000    cycles:55281458   (2211258280) seconds:590   -- 1.01 IPC (1.09 IPC) -- 96.15 KIPS (101.69 KIPS)
** Heartbeat for core[01]:        insts:40000000    cycles:56415269   (2256610720) seconds:601   -- 0.63 IPC (0.71 IPC) -- 58.14 KIPS (66.56 KIPS)
** Heartbeat for core[01]:  Thread:0      insts:40000000    cycles:56415269   (2256610720) seconds:601   -- 0.63 IPC (0.71 IPC) -- 58.14 KIPS (66.56 KIPS)
25000000
26000000
27000000
28000000
29000000
30000000
30000000: 30m cycle
total access:[34649]
0:48:0.120043
total access:[87070]
1:1023:0.00417931
31000000
32000000
** Heartbeat for core[01]:        insts:50000000    cycles:73880918   (2955236680) seconds:776   -- 0.57 IPC (0.68 IPC) -- 57.14 KIPS (64.43 KIPS)
** Heartbeat for core[01]:  Thread:0      insts:50000000    cycles:73880918   (2955236680) seconds:776   -- 0.57 IPC (0.68 IPC) -- 57.14 KIPS (64.43 KIPS)
33000000
34000000
** Heartbeat for core[00]:        insts:70000000    cycles:79699072   (3187962840) seconds:835   -- 0.41 IPC (0.88 IPC) -- 40.82 KIPS (83.83 KIPS)
** Heartbeat for core[00]:  Thread:0      insts:70000000    cycles:79699072   (3187962840) seconds:835   -- 0.41 IPC (0.88 IPC) -- 40.82 KIPS (83.83 KIPS)
35000000
36000000
37000000
38000000
39000000
** Heartbeat for core[01]:        insts:60000000    cycles:91335204   (3653408120) seconds:958   -- 0.57 IPC (0.66 IPC) -- 54.95 KIPS (62.63 KIPS)
** Heartbeat for core[01]:  Thread:0      insts:60000000    cycles:91335204   (3653408120) seconds:958   -- 0.57 IPC (0.66 IPC) -- 54.95 KIPS (62.63 KIPS)
40000000
41000000
42000000
43000000
44000000
45000000
** Heartbeat for core[00]:        insts:80000000    cycles:104660584  (4186423320) seconds:1101  -- 0.40 IPC (0.76 IPC) -- 37.59 KIPS (72.66 KIPS)
** Heartbeat for core[00]:  Thread:0      insts:80000000    cycles:104660584  (4186423320) seconds:1101  -- 0.40 IPC (0.76 IPC) -- 37.59 KIPS (72.66 KIPS)
46000000
**Core 00 Core_Total  Finished:   insts:81090127    cycles:107374184  (4294967320) seconds:1130  -- 0.76 IPC (0.76 IPC) --  N/A  KHz (71.76 KHz)
**Core 00 Thread 00 Finished:   insts:81090127    cycles:107374184  (4294967320)  seconds:1130  -- 0.76 IPC (0.76 IPC) --  N/A  KHz (71.76 KHz) 
**Core 01 Core_Total  Finished:   insts:69183846    cycles:107374184  (4294967320) seconds:1130  -- 0.64 IPC (0.64 IPC) --  N/A  KHz (61.22 KHz)
**Core 01 Thread 00 Finished:   insts:69183846    cycles:107374184  (4294967320)  seconds:1130  -- 0.64 IPC (0.64 IPC) --  N/A  KHz (61.22 KHz) 
src/macsim.cc:617: (I=81090127  C=4294967361):  finalize simulation
src/macsim.cc:623: (I=81090127  C=4294967361):  elapsed time:1130.6 seconds
Done
