BP_MISPRED_STALL_CORE_0                                  64522706                      64522706

BP_RESOLVED_CORE_0                                         867514                        867514

BP_REDIRECT_RESOLVED_CORE_0                                     0                             0

PERFECT_TARGET_PRED_CORE_0                                      0                             0

BP_ON_PATH_CORRECT_CORE_0                                 7726983                       94.0965%
BP_ON_PATH_MISPREDICT_CORE_0                               484782                       5.90351%
BP_ON_PATH_MISFETCH_CORE_0                                      0                             0%
                                                          8211765                           100%

BP_OFF_PATH_CORRECT_CORE_0                                      0                          NaN 
BP_OFF_PATH_MISPREDICT_CORE_0                                   0                          NaN 
BP_OFF_PATH_MISFETCH_CORE_0                                     0                          NaN 
                                                                0                           100%

BP_MISPRED_STALL_CORE_1                                    496088                        496088

BP_RESOLVED_CORE_1                                           4995                          4995

BP_REDIRECT_RESOLVED_CORE_1                                     0                             0

PERFECT_TARGET_PRED_CORE_1                                      0                             0

BP_ON_PATH_CORRECT_CORE_1                                 7724510                       99.9357%
BP_ON_PATH_MISPREDICT_CORE_1                                 4973                     0.0643381%
BP_ON_PATH_MISFETCH_CORE_1                                      0                             0%
                                                          7729483                           100%

BP_OFF_PATH_CORRECT_CORE_1                                      0                          NaN 
BP_OFF_PATH_MISPREDICT_CORE_1                                   0                          NaN 
BP_OFF_PATH_MISFETCH_CORE_1                                     0                          NaN 
                                                                0                           100%

