Arguments: ./macsim --l3_repl==PDP 
src/macsim.cc:133: (I=0  C=0):  initialize knobs
number of cores : 2
src/macsim.cc:531: (I=0  C=0):  initialize simulation
src/macsim.cc:327: (I=0  C=0):  initialize cores (2/0/0)
src/memory.cc:1695: (I=0  C=0):  Memory system(l2_decoupled_network) has been initialized.
l3_policy: PDP,PDP
0
1
Way0:14
Way1:18
ip_table done
way0=14
way1=18
src/network_ring.cc:107: (I=0  C=0):  TOTAL_ROUTER:4 CPU:2 GPU:0 L3:1 MC:1
src/network_ring.cc:312: (I=0  C=0):  RING topology
0 <-> 1 <-> 2 <-> 3 <-> 
enabling bug detector
src/macsim.cc:748: (I=0  C=0):  Initializing new noc

src/macsim.cc:839: (I=0  C=0):  Clock LCM           : 920
src/macsim.cc:840: (I=0  C=0):  CPU clock frequency : 2.3 GHz
src/macsim.cc:841: (I=0  C=0):  GPU clock frequency : 2.3 GHz
src/macsim.cc:842: (I=0  C=0):  L3  clock frequency : 1 GHz
src/macsim.cc:843: (I=0  C=0):  NOC clock frequency : 1 GHz
src/macsim.cc:844: (I=0  C=0):  MC  clock frequency : 0.8 GHz
src/process_manager.cc:455: (I=0  C=0):  setup_process:0 /home/jinku/macsim_traces/dealII/trace.txt current_index:0 (1)
src/process_manager.cc:548: (I=0  C=0):  thread_count:1
src/process_manager.cc:455: (I=0  C=0):  setup_process:1 /home/jinku/macsim_traces/160810/16MB/trace.txt current_index:0 (1)
src/process_manager.cc:548: (I=0  C=0):  thread_count:1
1000000
2000000
** Heartbeat for core[00]:        insts:10000000    cycles:5363729    (214549120) seconds:66    -- 1.86 IPC (1.86 IPC) -- 0.00 KIPS (151.52 KIPS)
** Heartbeat for core[00]:  Thread:0      insts:10000000    cycles:5363729    (214549120) seconds:66    -- 1.86 IPC (1.86 IPC) -- 0.00 KIPS (151.52 KIPS)
3000000
4000000
** Heartbeat for core[00]:        insts:20000000    cycles:9899304    (395972120) seconds:130   -- 2.20 IPC (2.02 IPC) -- 156.25 KIPS (153.85 KIPS)
** Heartbeat for core[00]:  Thread:0      insts:20000000    cycles:9899304    (395972120) seconds:130   -- 2.20 IPC (2.02 IPC) -- 156.25 KIPS (153.85 KIPS)
5000000
6000000
** Heartbeat for core[01]:        insts:10000000    cycles:13848583   (553943280) seconds:184   -- 0.72 IPC (0.72 IPC) -- 0.00 KIPS (54.35 KIPS)
** Heartbeat for core[01]:  Thread:0      insts:10000000    cycles:13848583   (553943280) seconds:184   -- 0.72 IPC (0.72 IPC) -- 0.00 KIPS (54.35 KIPS)
** Heartbeat for core[00]:        insts:30000000    cycles:14781881   (591275200) seconds:195   -- 2.05 IPC (2.03 IPC) -- 153.85 KIPS (153.85 KIPS)
** Heartbeat for core[00]:  Thread:0      insts:30000000    cycles:14781881   (591275200) seconds:195   -- 2.05 IPC (2.03 IPC) -- 153.85 KIPS (153.85 KIPS)
7000000
8000000
9000000
** Heartbeat for core[00]:        insts:40000000    cycles:21560931   (862437200) seconds:280   -- 1.48 IPC (1.86 IPC) -- 117.65 KIPS (142.86 KIPS)
** Heartbeat for core[00]:  Thread:0      insts:40000000    cycles:21560931   (862437200) seconds:280   -- 1.48 IPC (1.86 IPC) -- 117.65 KIPS (142.86 KIPS)
10000000
10000000: 30m cycle
total access:[46131]
0:72:0.141447
total access:[258]
1:5:0.381093
11000000
** Heartbeat for core[01]:        insts:20000000    cycles:27006354   (1080254120) seconds:349   -- 0.76 IPC (0.74 IPC) -- 60.61 KIPS (57.31 KIPS)
** Heartbeat for core[01]:  Thread:0      insts:20000000    cycles:27006354   (1080254120) seconds:349   -- 0.76 IPC (0.74 IPC) -- 60.61 KIPS (57.31 KIPS)
12000000
** Heartbeat for core[00]:        insts:50000000    cycles:28329033   (1133161280) seconds:366   -- 1.48 IPC (1.76 IPC) -- 116.28 KIPS (136.61 KIPS)
** Heartbeat for core[00]:  Thread:0      insts:50000000    cycles:28329033   (1133161280) seconds:366   -- 1.48 IPC (1.76 IPC) -- 116.28 KIPS (136.61 KIPS)
13000000
14000000
15000000
** Heartbeat for core[00]:        insts:60000000    cycles:35548577   (1421943040) seconds:455   -- 1.39 IPC (1.69 IPC) -- 112.36 KIPS (131.87 KIPS)
** Heartbeat for core[00]:  Thread:0      insts:60000000    cycles:35548577   (1421943040) seconds:455   -- 1.39 IPC (1.69 IPC) -- 112.36 KIPS (131.87 KIPS)
16000000
17000000
** Heartbeat for core[01]:        insts:30000000    cycles:40212729   (1608509120) seconds:502   -- 0.76 IPC (0.75 IPC) -- 65.36 KIPS (59.76 KIPS)
** Heartbeat for core[01]:  Thread:0      insts:30000000    cycles:40212729   (1608509120) seconds:502   -- 0.76 IPC (0.75 IPC) -- 65.36 KIPS (59.76 KIPS)
18000000
19000000
20000000
20000000: 30m cycle
total access:[104350]
0:27:0.10528
total access:[8457]
1:275:0.00597945
** Heartbeat for core[00]:        insts:70000000    cycles:47444435   (1897777360) seconds:575   -- 0.84 IPC (1.48 IPC) -- 83.33 KIPS (121.74 KIPS)
** Heartbeat for core[00]:  Thread:0      insts:70000000    cycles:47444435   (1897777360) seconds:575   -- 0.84 IPC (1.48 IPC) -- 83.33 KIPS (121.74 KIPS)
21000000
22000000
** Heartbeat for core[01]:        insts:40000000    cycles:52228058   (2089122280) seconds:620   -- 0.83 IPC (0.77 IPC) -- 84.75 KIPS (64.52 KIPS)
** Heartbeat for core[01]:  Thread:0      insts:40000000    cycles:52228058   (2089122280) seconds:620   -- 0.83 IPC (0.77 IPC) -- 84.75 KIPS (64.52 KIPS)
23000000
24000000
25000000
26000000
27000000
28000000
29000000
30000000
30000000: 30m cycle
total access:[128834]
0:28:0.071443
total access:[102558]
1:489:0.0055748
** Heartbeat for core[01]:        insts:50000000    cycles:69573998   (2782959880) seconds:758   -- 0.58 IPC (0.72 IPC) -- 72.46 KIPS (65.96 KIPS)
** Heartbeat for core[01]:  Thread:0      insts:50000000    cycles:69573998   (2782959880) seconds:758   -- 0.58 IPC (0.72 IPC) -- 72.46 KIPS (65.96 KIPS)
31000000
** Heartbeat for core[00]:        insts:80000000    cycles:72026122   (2881044840) seconds:777   -- 0.41 IPC (1.11 IPC) -- 49.50 KIPS (102.96 KIPS)
** Heartbeat for core[00]:  Thread:0      insts:80000000    cycles:72026122   (2881044840) seconds:777   -- 0.41 IPC (1.11 IPC) -- 49.50 KIPS (102.96 KIPS)
32000000
33000000
34000000
35000000
36000000
37000000
** Heartbeat for core[01]:        insts:60000000    cycles:86946862   (3477874440) seconds:903   -- 0.58 IPC (0.69 IPC) -- 68.97 KIPS (66.45 KIPS)
** Heartbeat for core[01]:  Thread:0      insts:60000000    cycles:86946862   (3477874440) seconds:903   -- 0.58 IPC (0.69 IPC) -- 68.97 KIPS (66.45 KIPS)
38000000
39000000
40000000
40000000: 30m cycle
total access:[142266]
0:26:0.0584165
total access:[185460]
1:672:0.0051118
41000000
42000000
43000000
44000000
45000000
** Heartbeat for core[01]:        insts:70000000    cycles:104318147  (4172725840) seconds:1062  -- 0.58 IPC (0.67 IPC) -- 62.89 KIPS (65.91 KIPS)
** Heartbeat for core[01]:  Thread:0      insts:70000000    cycles:104318147  (4172725840) seconds:1062  -- 0.58 IPC (0.67 IPC) -- 62.89 KIPS (65.91 KIPS)
46000000
**Core 00 Core_Total  Finished:   insts:89315064    cycles:107374184  (4294967320) seconds:1092  -- 0.83 IPC (0.83 IPC) --  N/A  KHz (81.79 KHz)
**Core 00 Thread 00 Finished:   insts:89315064    cycles:107374184  (4294967320)  seconds:1092  -- 0.83 IPC (0.83 IPC) --  N/A  KHz (81.79 KHz) 
**Core 01 Core_Total  Finished:   insts:73149085    cycles:107374184  (4294967320) seconds:1092  -- 0.68 IPC (0.68 IPC) --  N/A  KHz (66.99 KHz)
**Core 01 Thread 00 Finished:   insts:73149085    cycles:107374184  (4294967320)  seconds:1092  -- 0.68 IPC (0.68 IPC) --  N/A  KHz (66.99 KHz) 
src/macsim.cc:617: (I=89315064  C=4294967361):  finalize simulation
src/macsim.cc:623: (I=89315064  C=4294967361):  elapsed time:1092.6 seconds
Done
