####################################################################################################
Interval
####################################################################################################
Cumulative:         Cycles:                  20000     Instructions:                  1200
DRAM_PRECHARGE                                              39321                         39321

DRAM_ACTIVATE                                               39329                         39329

DRAM_COLUMN                                                492361                        492361

DRAM_AVG_LATENCY_BASE                                      492361                        492361

DRAM_AVG_LATENCY                                         12294395                       24.9703

BANDWIDTH_TOT                                            31511104                      31511104

DRAM_CHANNEL0_BANDWIDTH_SATURATED                            6944                          6944

DRAM_CHANNEL1_BANDWIDTH_SATURATED                            6339                          6339

DRAM_CHANNEL2_BANDWIDTH_SATURATED                               0                             0

DRAM_CHANNEL3_BANDWIDTH_SATURATED                               0                             0

DRAM_CHANNEL4_BANDWIDTH_SATURATED                               0                             0

DRAM_CHANNEL5_BANDWIDTH_SATURATED                               0                             0

DRAM_CHANNEL6_BANDWIDTH_SATURATED                               0                             0

DRAM_CHANNEL7_BANDWIDTH_SATURATED                               0                             0

DRAM_CHANNEL0_DBUS_IDLE                                  35375263                      35375263

DRAM_CHANNEL1_DBUS_IDLE                                  35380935                      35380935

DRAM_CHANNEL2_DBUS_IDLE                                         0                             0

DRAM_CHANNEL3_DBUS_IDLE                                         0                             0

DRAM_CHANNEL4_DBUS_IDLE                                         0                             0

DRAM_CHANNEL5_DBUS_IDLE                                         0                             0

DRAM_CHANNEL6_DBUS_IDLE                                         0                             0

DRAM_CHANNEL7_DBUS_IDLE                                         0                             0

