####################################################################################################
Interval
####################################################################################################
Cumulative:         Cycles:                  20000     Instructions:                  1200
AVG_MEMORY_LATENCY_BASE                                  10056583                      10056583

AVG_MEMORY_LATENCY                                      514089342                       51.1197

MSHR_FULL                                                       0                             0

TOTAL_MEMORY                                              9715010                       9715010

TOTAL_MEMORY_MERGE                                        8440152                      0.868774

TOTAL_WB                                                   341577                     0.0351597

L1_WB                                                      340393                      0.996534

L2_WB                                                           0                             0

L3_WB                                                        1184                    0.00346628

TOTAL_DRAM                                                 379267                        379267

TOTAL_DRAM_MERGE                                                0                             0

L1_HIT_CPU                                               79728626                      79728626

L1_HIT_GPU                                                      0                             0

L1_MISS_CPU                                               9714345                       9714345

L1_MISS_GPU                                                     0                             0

L2_HIT_CPU                                                      0                             0

L2_HIT_GPU                                                      0                             0

L2_MISS_CPU                                               1274858                       1274858

L2_MISS_GPU                                                     0                             0

L3_HIT_CPU                                                 896775                        896775

L3_HIT_GPU                                                      0                             0

L3_MISS_CPU                                                378083                        378083

L3_MISS_GPU                                                     0                             0

L3_HIT_PROMOTION_CPU                                            0                             0

L3_HIT_PROMOTION_GPU                                            0                             0

FETCH_THREAD_SKIP_LD_WAIT                                       0                             0

FETCH_THREAD_SKIP_BR_WAIT                                       0                             0

FETCH_THREAD_SKIP_SCHED_WAIT                                    0                             0

NUM_MUL_TRANS_CM_TM_DM_INST                                     0                             0

NUM_MUL_TRANS_CM_TM_DM                                          0                           NaN

CONST_CACHE_HIT                                                 0                             0

CONST_CACHE_MISS                                                0                             0

CONST_CACHE_MISS_NO_EXECUTE                                     0                             0

CONST_CACHE_ACCESS                                              0                             0

TEXTURE_CACHE_HIT                                               0                             0

TEXTURE_CACHE_MISS                                              0                             0

TEXTURE_CACHE_NO_EXECUTE                                        0                             0

TEXTURE_CACHE_ACCESS                                            0                             0

SHARED_MEM_INST                                                 0                             0

SHARED_MEM_ACCESS                                               0                             0

CACHE_BANK_BUSY                                           9486311                       9486311

ICACHE_MISS_TOTAL                                             665                           665

TOTAL_CAGE_PERIOD                                               0                             0

TOTAL_CAGE_APPL0                                                0                           NaN

TOTAL_CAGE_APPL1                                                0                           NaN

TOTAL_CAGE_APPL2                                                0                           NaN

TOTAL_CAGE_APPL3                                                0                           NaN

TOTAL_CAGE_APPL4                                                0                           NaN

ABIP_AVG_RATIO_BASE                                             0                             0

ABIP_AVG_RATIO                                                  0                           NaN

TOTAL_WRITE_ACKS                                                0                             0

TOTAL_WRITES                                                    0                             0

NUM_PHYSICAL_PAGES                                              0                             0

COAL_INST                                                       0                          NaN 
UNCOAL_INST                                                     0                          NaN 
                                                                0                           100%

COAL_INST_SINGLE_TRANS                                          0                          NaN 
COAL_INST_MUL_TRANS                                             0                          NaN 
UNCOAL_INST_MUL_TRANS                                           0                          NaN 
                                                                0                           100%

SM_COAL_INST                                                    0                          NaN 
CM_COAL_INST                                                    0                          NaN 
TM_COAL_INST                                                    0                          NaN 
DM_COAL_INST                                                    0                          NaN 
                                                                0                           100%

SM_UNCOAL_INST                                                  0                          NaN 
CM_UNCOAL_INST                                                  0                          NaN 
TM_UNCOAL_INST                                                  0                          NaN 
DM_UNCOAL_INST                                                  0                          NaN 
                                                                0                           100%

SM_COAL_INST_SINGLE_TRANS                                       0                          NaN 
CM_COAL_INST_SINGLE_TRANS                                       0                          NaN 
TM_COAL_INST_SINGLE_TRANS                                       0                          NaN 
DM_COAL_INST_SINGLE_TRANS                                       0                          NaN 
                                                                0                           100%

SM_COAL_INST_MUL_TRANS                                          0                          NaN 
CM_COAL_INST_MUL_TRANS                                          0                          NaN 
TM_COAL_INST_MUL_TRANS                                          0                          NaN 
DM_COAL_INST_MUL_TRANS                                          0                          NaN 
                                                                0                           100%

LD_NO_FORWARD                                            35003967                       51.4444%
FORWARDED_LD                                             33038350                       48.5556%
                                                         68042317                           100%

L3_TOT_ACCESS_CORE_CORE_0                                  711843                        711843

L3_HIT_CORE_CORE_0                                         671152                        671152

L3_MISS_CORE_CORE_0                                         40691                         40691

L3_HIT_RATE_CORE_CORE_0                                    671152                      0.942837

L3_MISS_RATE_CORE_CORE_0                                    40691                     0.0571629

L3_BYPASS_CORE_CORE_0                                        1150                          1150

MEM_STALL_CYCLE_CORE_0                                          0                             0

ICACHE_FILL_CORE_0                                            100                           100

NUM_WRITE_ACKS_CORE_0                                           0                             0

NUM_WRITES_CORE_0                                               0                             0

ICACHE_HIT_CORE_0                                        25988487                       99.9996%
ICACHE_MISS_CORE_0                                            100                   0.000384784%
                                                         25988587                           100%

L3_TOT_ACCESS_CORE_CORE_1                                  563015                        563015

L3_HIT_CORE_CORE_1                                         225623                        225623

L3_MISS_CORE_CORE_1                                        337392                        337392

L3_HIT_RATE_CORE_CORE_1                                    225623                      0.400741

L3_MISS_RATE_CORE_CORE_1                                   337392                      0.599259

L3_BYPASS_CORE_CORE_1                                      277416                        277416

MEM_STALL_CYCLE_CORE_1                                          0                             0

ICACHE_FILL_CORE_1                                            565                           565

NUM_WRITE_ACKS_CORE_1                                           0                             0

NUM_WRITES_CORE_1                                               0                             0

ICACHE_HIT_CORE_1                                        30121048                       99.9981%
ICACHE_MISS_CORE_1                                            565                    0.00187573%
                                                         30121613                           100%

