Arguments: ./macsim --l3_repl==PDP 
src/macsim.cc:133: (I=0  C=0):  initialize knobs
number of cores : 2
src/macsim.cc:531: (I=0  C=0):  initialize simulation
src/macsim.cc:327: (I=0  C=0):  initialize cores (2/0/0)
src/memory.cc:1695: (I=0  C=0):  Memory system(l2_decoupled_network) has been initialized.
l3_policy: PDP,PDP
0
1
Way0:3
Way1:29
ip_table done
way0=3
way1=29
src/network_ring.cc:107: (I=0  C=0):  TOTAL_ROUTER:4 CPU:2 GPU:0 L3:1 MC:1
src/network_ring.cc:312: (I=0  C=0):  RING topology
0 <-> 1 <-> 2 <-> 3 <-> 
enabling bug detector
src/macsim.cc:748: (I=0  C=0):  Initializing new noc

src/macsim.cc:839: (I=0  C=0):  Clock LCM           : 920
src/macsim.cc:840: (I=0  C=0):  CPU clock frequency : 2.3 GHz
src/macsim.cc:841: (I=0  C=0):  GPU clock frequency : 2.3 GHz
src/macsim.cc:842: (I=0  C=0):  L3  clock frequency : 1 GHz
src/macsim.cc:843: (I=0  C=0):  NOC clock frequency : 1 GHz
src/macsim.cc:844: (I=0  C=0):  MC  clock frequency : 0.8 GHz
src/process_manager.cc:455: (I=0  C=0):  setup_process:0 /home/jinku/macsim_traces/astar/trace.txt current_index:0 (1)
src/process_manager.cc:548: (I=0  C=0):  thread_count:1
src/process_manager.cc:455: (I=0  C=0):  setup_process:1 /home/jinku/macsim_traces/160810/8MB/trace.txt current_index:0 (1)
src/process_manager.cc:548: (I=0  C=0):  thread_count:1
1000000
2000000
3000000
4000000
** Heartbeat for core[00]:        insts:10000000    cycles:9300863    (372034480) seconds:94    -- 1.08 IPC (1.08 IPC) -- 0.00 KIPS (106.38 KIPS)
** Heartbeat for core[00]:  Thread:0      insts:10000000    cycles:9300863    (372034480) seconds:94    -- 1.08 IPC (1.08 IPC) -- 0.00 KIPS (106.38 KIPS)
5000000
6000000
** Heartbeat for core[01]:        insts:10000000    cycles:13866801   (554672000) seconds:143   -- 0.72 IPC (0.72 IPC) -- 0.00 KIPS (69.93 KIPS)
** Heartbeat for core[01]:  Thread:0      insts:10000000    cycles:13866801   (554672000) seconds:143   -- 0.72 IPC (0.72 IPC) -- 0.00 KIPS (69.93 KIPS)
7000000
8000000
** Heartbeat for core[00]:        insts:20000000    cycles:18446270   (737850760) seconds:193   -- 1.09 IPC (1.08 IPC) -- 101.01 KIPS (103.63 KIPS)
** Heartbeat for core[00]:  Thread:0      insts:20000000    cycles:18446270   (737850760) seconds:193   -- 1.09 IPC (1.08 IPC) -- 101.01 KIPS (103.63 KIPS)
9000000
10000000
10000000: 30m cycle
total access:[12274]
0:50:0.153124
total access:[1391]
1:638:0.00909115
11000000
** Heartbeat for core[01]:        insts:20000000    cycles:26041061   (1041642400) seconds:277   -- 0.82 IPC (0.77 IPC) -- 74.63 KIPS (72.20 KIPS)
** Heartbeat for core[01]:  Thread:0      insts:20000000    cycles:26041061   (1041642400) seconds:277   -- 0.82 IPC (0.77 IPC) -- 74.63 KIPS (72.20 KIPS)
** Heartbeat for core[00]:        insts:30000000    cycles:27424416   (1096976600) seconds:294   -- 1.11 IPC (1.09 IPC) -- 99.01 KIPS (102.04 KIPS)
** Heartbeat for core[00]:  Thread:0      insts:30000000    cycles:27424416   (1096976600) seconds:294   -- 1.11 IPC (1.09 IPC) -- 99.01 KIPS (102.04 KIPS)
12000000
13000000
14000000
15000000
** Heartbeat for core[00]:        insts:40000000    cycles:36381580   (1455263160) seconds:392   -- 1.12 IPC (1.10 IPC) -- 102.04 KIPS (102.04 KIPS)
** Heartbeat for core[00]:  Thread:0      insts:40000000    cycles:36381580   (1455263160) seconds:392   -- 1.12 IPC (1.10 IPC) -- 102.04 KIPS (102.04 KIPS)
16000000
** Heartbeat for core[01]:        insts:30000000    cycles:39067904   (1562716120) seconds:420   -- 0.77 IPC (0.77 IPC) -- 69.93 KIPS (71.43 KIPS)
** Heartbeat for core[01]:  Thread:0      insts:30000000    cycles:39067904   (1562716120) seconds:420   -- 0.77 IPC (0.77 IPC) -- 69.93 KIPS (71.43 KIPS)
17000000
18000000
19000000
** Heartbeat for core[00]:        insts:50000000    cycles:45447027   (1817881040) seconds:488   -- 1.10 IPC (1.10 IPC) -- 104.17 KIPS (102.46 KIPS)
** Heartbeat for core[00]:  Thread:0      insts:50000000    cycles:45447027   (1817881040) seconds:488   -- 1.10 IPC (1.10 IPC) -- 104.17 KIPS (102.46 KIPS)
20000000
20000000: 30m cycle
total access:[23619]
0:52:0.128391
total access:[108163]
1:658:0.00897927
21000000
22000000
** Heartbeat for core[01]:        insts:40000000    cycles:52381430   (2095257160) seconds:568   -- 0.75 IPC (0.76 IPC) -- 67.57 KIPS (70.42 KIPS)
** Heartbeat for core[01]:  Thread:0      insts:40000000    cycles:52381430   (2095257160) seconds:568   -- 0.75 IPC (0.76 IPC) -- 67.57 KIPS (70.42 KIPS)
23000000
24000000
** Heartbeat for core[00]:        insts:60000000    cycles:55512371   (2220494800) seconds:605   -- 0.99 IPC (1.08 IPC) -- 85.47 KIPS (99.17 KIPS)
** Heartbeat for core[00]:  Thread:0      insts:60000000    cycles:55512371   (2220494800) seconds:605   -- 0.99 IPC (1.08 IPC) -- 85.47 KIPS (99.17 KIPS)
25000000
26000000
27000000
** Heartbeat for core[01]:        insts:50000000    cycles:64243167   (2569726640) seconds:691   -- 0.84 IPC (0.78 IPC) -- 81.30 KIPS (72.36 KIPS)
** Heartbeat for core[01]:  Thread:0      insts:50000000    cycles:64243167   (2569726640) seconds:691   -- 0.84 IPC (0.78 IPC) -- 81.30 KIPS (72.36 KIPS)
28000000
29000000
30000000
30000000: 30m cycle
total access:[35630]
0:52:0.117456
total access:[245978]
1:431:0.00872168
31000000
32000000
** Heartbeat for core[01]:        insts:60000000    cycles:74715683   (2988627280) seconds:802   -- 0.95 IPC (0.80 IPC) -- 90.09 KIPS (74.81 KIPS)
** Heartbeat for core[01]:  Thread:0      insts:60000000    cycles:74715683   (2988627280) seconds:802   -- 0.95 IPC (0.80 IPC) -- 90.09 KIPS (74.81 KIPS)
33000000
34000000
** Heartbeat for core[00]:        insts:70000000    cycles:80103237   (3204129440) seconds:854   -- 0.41 IPC (0.87 IPC) -- 40.16 KIPS (81.97 KIPS)
** Heartbeat for core[00]:  Thread:0      insts:70000000    cycles:80103237   (3204129440) seconds:854   -- 0.41 IPC (0.87 IPC) -- 40.16 KIPS (81.97 KIPS)
35000000
36000000
37000000
38000000
39000000
** Heartbeat for core[01]:        insts:70000000    cycles:91373467   (3654938640) seconds:960   -- 0.60 IPC (0.77 IPC) -- 63.29 KIPS (72.92 KIPS)
** Heartbeat for core[01]:  Thread:0      insts:70000000    cycles:91373467   (3654938640) seconds:960   -- 0.60 IPC (0.77 IPC) -- 63.29 KIPS (72.92 KIPS)
40000000
40000000: 30m cycle
total access:[48731]
0:64:0.108939
total access:[347658]
1:447:0.0083042
41000000
42000000
43000000
44000000
** Heartbeat for core[01]:        insts:80000000    cycles:101328870  (4053154760) seconds:1065  -- 1.00 IPC (0.79 IPC) -- 95.24 KIPS (75.12 KIPS)
** Heartbeat for core[01]:  Thread:0      insts:80000000    cycles:101328870  (4053154760) seconds:1065  -- 1.00 IPC (0.79 IPC) -- 95.24 KIPS (75.12 KIPS)
45000000
** Heartbeat for core[00]:        insts:80000000    cycles:105339742  (4213589640) seconds:1104  -- 0.40 IPC (0.76 IPC) -- 40.00 KIPS (72.46 KIPS)
** Heartbeat for core[00]:  Thread:0      insts:80000000    cycles:105339742  (4213589640) seconds:1104  -- 0.40 IPC (0.76 IPC) -- 40.00 KIPS (72.46 KIPS)
46000000
**Core 00 Core_Total  Finished:   insts:80824866    cycles:107374184  (4294967320) seconds:1125  -- 0.75 IPC (0.75 IPC) --  N/A  KHz (71.84 KHz)
**Core 00 Thread 00 Finished:   insts:80824866    cycles:107374184  (4294967320)  seconds:1125  -- 0.75 IPC (0.75 IPC) --  N/A  KHz (71.84 KHz) 
**Core 01 Core_Total  Finished:   insts:84559903    cycles:107374184  (4294967320) seconds:1125  -- 0.79 IPC (0.79 IPC) --  N/A  KHz (75.16 KHz)
**Core 01 Thread 00 Finished:   insts:84559903    cycles:107374184  (4294967320)  seconds:1125  -- 0.79 IPC (0.79 IPC) --  N/A  KHz (75.16 KHz) 
src/macsim.cc:617: (I=80824866  C=4294967361):  finalize simulation
src/macsim.cc:623: (I=80824866  C=4294967361):  elapsed time:1124.8 seconds
Done
