####################################################################################################
Interval
####################################################################################################
Cumulative:         Cycles:                  20000     Instructions:                  1200
POWER_L3CACHE_LINEFILL_BUF_R                               378082                        378082

POWER_L3CACHE_LINEFILL_BUF_W                               378082                        378082

POWER_L3CACHE_LINEFILL_BUF_R_TAG                           378082                        378082

POWER_L3CACHE_WB_BUF_R                                       1184                          1184

POWER_L3CACHE_WB_BUF_W                                       1184                          1184

POWER_L3CACHE_WB_BUF_R_TAG                                   1184                          1184

POWER_L3CACHE_R                                            896775                        896775

POWER_L3CACHE_W                                             99516                         99516

POWER_L3CACHE_R_TAG                                       1274858                       1274858

POWER_MC_R                                               10094277                      10094277

POWER_MC_W                                                 379267                        379267

POWER_BLOCK_STATES_R_CORE_0                             107374184                     107374184

POWER_BLOCK_STATES_W_CORE_0                             107374184                     107374184

POWER_FETCH_QUEUE_R_CORE_0                              103953948                     103953948

POWER_FETCH_QUEUE_W_CORE_0                              103953948                     103953948

POWER_INST_QUEUE_R_CORE_0                               224216447                     224216447

POWER_INST_QUEUE_W_CORE_0                               103953696                     103953696

POWER_BR_PRED_R_CORE_0                                   11432677                      11432677

POWER_BR_PRED_W_CORE_0                                   11303980                      11303980

POWER_RAS_R_CORE_0                                         558494                        558494

POWER_RAS_W_CORE_0                                         533018                        533018

POWER_ICACHE_R_CORE_0                                    25988487                      25988487

POWER_ICACHE_W_CORE_0                                         100                           100

POWER_ICACHE_R_TAG_CORE_0                                25988587                      25988587

POWER_ICACHE_MISS_BUF_R_CORE_0                                200                           200

POWER_ICACHE_MISS_BUF_W_CORE_0                                200                           200

POWER_ICACHE_MISS_BUF_R_TAG_CORE_0                            100                           100

POWER_ICACHE_MISS_BUF_W_TAG_CORE_0                              0                             0

POWER_ICACHE_TOT_ACC_CORE_0                                     0                             0

POWER_ICACHE_CONF_CORE_0                                        0                             0

POWER_INST_DECODER_R_CORE_0                              80825126                      80825126

POWER_INST_DECODER_W_CORE_0                                     0                             0

POWER_MICRO_OP_SEQ_R_CORE_0                                     0                             0

POWER_MICRO_OP_SEQ_W_CORE_0                                     0                             0

POWER_OPERAND_DECODER_R_CORE_0                           80825126                      80825126

POWER_OPERAND_DECODER_W_CORE_0                                  0                             0

POWER_UOP_QUEUE_R_CORE_0                                224216447                     224216447

POWER_UOP_QUEUE_W_CORE_0                                103953696                     103953696

POWER_REG_RENAMING_TABLE_R_CORE_0                       224216447                     224216447

POWER_REG_RENAMING_TABLE_W_CORE_0                       103953696                     103953696

POWER_DEP_CHECK_LOGIC_R_CORE_0                          103953948                     103953948

POWER_FREELIST_R_CORE_0                                 224216447                     224216447

POWER_FREELIST_W_CORE_0                                 103953696                     103953696

POWER_RESERVATION_STATION_R_CORE_0                      103954078                     103954078

POWER_RESERVATION_STATION_W_CORE_0                      103953664                     103953664

POWER_RESERVATION_STATION_R_TAG_CORE_0                  103954078                     103954078

POWER_RESERVATION_STATION_W_TAG_CORE_0                          0                             0

POWER_INST_ISSUE_SEL_LOGIC_R_CORE_0                     103954078                     103954078

POWER_INST_ISSUE_SEL_LOGIC_W_CORE_0                     103953645                     103953645

POWER_PAYLOAD_RAM_R_CORE_0                              103954078                     103954078

POWER_PAYLOAD_RAM_W_CORE_0                              103953645                     103953645

POWER_EX_ALU_R_CORE_0                                    64004027                      64004027

POWER_EX_FPU_R_CORE_0                                       61473                         61473

POWER_EX_MUL_R_CORE_0                                     4309716                       4309716

POWER_EX_SFU_R_CORE_0                                           0                             0

POWER_REORDER_BUF_R_CORE_0                              103953612                     103953612

POWER_REORDER_BUF_W_CORE_0                              207907392                     207907392

POWER_INST_COMMIT_SEL_LOGIC_R_CORE_0                    103953612                     103953612

POWER_INST_COMMIT_SEL_LOGIC_W_CORE_0                    103953696                     103953696

POWER_FP_RENAME_R_CORE_0                                   150382                        150382

POWER_FP_RENAME_W_CORE_0                                        0                             0

POWER_LOAD_QUEUE_R_CORE_0                                28440594                      28440594

POWER_LOAD_QUEUE_W_CORE_0                                28440594                      28440594

POWER_LOAD_QUEUE_R_TAG_CORE_0                            28440594                      28440594

POWER_LOAD_QUEUE_W_TAG_CORE_0                                   0                             0

POWER_STORE_QUEUE_R_CORE_0                                7138268                       7138268

POWER_STORE_QUEUE_W_CORE_0                                7138268                       7138268

POWER_STORE_QUEUE_R_TAG_CORE_0                            7138268                       7138268

POWER_STORE_QUEUE_W_TAG_CORE_0                                  0                             0

POWER_DATA_TLB_R_CORE_0                                  28440594                      28440594

POWER_DATA_TLB_W_CORE_0                                         0                             0

POWER_DATA_TLB_R_TAG_CORE_0                                     0                             0

POWER_DATA_TLB_W_TAG_CORE_0                                     0                             0

POWER_INT_REGFILE_R_CORE_0                              172205915                     172205915

POWER_INT_REGFILE_W_CORE_0                              103892172                     103892172

POWER_FP_REGFILE_R_CORE_0                                  119862                        119862

POWER_FP_REGFILE_W_CORE_0                                   61473                         61473

POWER_GP_REGISTER_R_CORE_0                              172205915                     172205915

POWER_GP_REGISTER_W_CORE_0                              103892172                     103892172

POWER_FP_REGISTER_R_CORE_0                                 122946                        122946

POWER_FP_REGISTER_W_CORE_0                                  61473                         61473

POWER_SEGMENT_REGISTER_R_CORE_0                          35578429                      35578429

POWER_SEGMENT_REGISTER_W_CORE_0                          69910145                      69910145

POWER_CONTROL_REGISTER_R_CORE_0                                 0                             0

POWER_CONTROL_REGISTER_W_CORE_0                           2019497                       2019497

POWER_FLAG_REGISTER_R_CORE_0                                    0                             0

POWER_FLAG_REGISTER_W_CORE_0                                    0                             0

POWER_EXEC_BYPASS_CORE_0                                103953645                     103953645

POWER_LOAD_BYPASS_CORE_0                                  1423686                       1423686

POWER_PIPELINE_CORE_0                                    80824866                      80824866

POWER_DCACHE_MISS_BUF_R_CORE_0                            1423486                       1423486

POWER_DCACHE_MISS_BUF_R_TAG_CORE_0                        1651000                       1651000

POWER_DCACHE_MISS_BUF_W_CORE_0                            1651000                       1651000

POWER_DCACHE_MISS_BUF_W_TAG_CORE_0                              0                             0

POWER_DCACHE_LINEFILL_BUF_R_CORE_0                              0                             0

POWER_L2CACHE_LINEFILL_BUF_R_CORE_0                        945638                        945638

POWER_DCACHE_LINEFILL_BUF_W_CORE_0                              0                             0

POWER_L2CACHE_LINEFILL_BUF_W_CORE_0                        929298                        929298

POWER_DCACHE_LINEFILL_BUF_R_TAG_CORE_0                          0                             0

POWER_L2CACHE_LINEFILL_BUF_R_TAG_CORE_0                   1163094                       1163094

POWER_DCACHE_LINEFILL_BUF_W_TAG_CORE_0                          0                             0

POWER_DCACHE_WB_BUF_R_CORE_0                               217456                        217456

POWER_L2CACHE_WB_BUF_R_CORE_0                                   0                             0

POWER_DCACHE_WB_BUF_W_CORE_0                               217456                        217456

POWER_L2CACHE_WB_BUF_W_CORE_0                                   0                             0

POWER_DCACHE_WB_BUF_R_TAG_CORE_0                           434912                        434912

POWER_L2CACHE_WB_BUF_R_TAG_CORE_0                               0                             0

POWER_DCACHE_WB_BUF_W_TAG_CORE_0                                0                             0

POWER_DCACHE_R_CORE_0                                    33927429                      33927429

POWER_L2CACHE_R_CORE_0                                          0                             0

POWER_DCACHE_W_CORE_0                                      711742                        711742

POWER_L2CACHE_W_CORE_0                                          0                             0

POWER_DCACHE_R_TAG_CORE_0                                35578429                      35578429

POWER_L2CACHE_R_TAG_CORE_0                                      0                             0

POWER_CONST_CACHE_R_CORE_0                                      0                             0

POWER_CONST_CACHE_W_CORE_0                                      0                             0

POWER_CONST_CACHE_R_TAG_CORE_0                                  0                             0

POWER_CONST_CACHE_W_TAG_CORE_0                                  0                             0

POWER_TEXTURE_CACHE_R_CORE_0                                    0                             0

POWER_TEXTURE_CACHE_W_CORE_0                                    0                             0

POWER_TEXTURE_CACHE_R_TAG_CORE_0                                0                             0

POWER_TEXTURE_CACHE_W_TAG_CORE_0                                0                             0

POWER_SHARED_MEM_R_CORE_0                                       0                             0

POWER_SHARED_MEM_W_CORE_0                                       0                             0

POWER_SHARED_MEM_R_TAG_CORE_0                                   0                             0

POWER_SHARED_MEM_W_TAG_CORE_0                                   0                             0

POWER_BLOCK_STATES_R_CORE_1                             107374184                     107374184

POWER_BLOCK_STATES_W_CORE_1                             107374184                     107374184

POWER_FETCH_QUEUE_R_CORE_1                              120484192                     120484192

POWER_FETCH_QUEUE_W_CORE_1                              120484192                     120484192

POWER_INST_QUEUE_R_CORE_1                               248947232                     248947232

POWER_INST_QUEUE_W_CORE_1                               120483938                     120483938

POWER_BR_PRED_R_CORE_1                                    8998847                       8998847

POWER_BR_PRED_W_CORE_1                                    8997333                       8997333

POWER_RAS_R_CORE_1                                           1013                          1013

POWER_RAS_W_CORE_1                                            783                           783

POWER_ICACHE_R_CORE_1                                    30121048                      30121048

POWER_ICACHE_W_CORE_1                                         565                           565

POWER_ICACHE_R_TAG_CORE_1                                30121613                      30121613

POWER_ICACHE_MISS_BUF_R_CORE_1                               1130                          1130

POWER_ICACHE_MISS_BUF_W_CORE_1                               1130                          1130

POWER_ICACHE_MISS_BUF_R_TAG_CORE_1                            565                           565

POWER_ICACHE_MISS_BUF_W_TAG_CORE_1                              0                             0

POWER_ICACHE_TOT_ACC_CORE_1                                     0                             0

POWER_ICACHE_CONF_CORE_1                                        0                             0

POWER_INST_DECODER_R_CORE_1                              84560223                      84560223

POWER_INST_DECODER_W_CORE_1                                     0                             0

POWER_MICRO_OP_SEQ_R_CORE_1                                     0                             0

POWER_MICRO_OP_SEQ_W_CORE_1                                     0                             0

POWER_OPERAND_DECODER_R_CORE_1                           84560223                      84560223

POWER_OPERAND_DECODER_W_CORE_1                                  0                             0

POWER_UOP_QUEUE_R_CORE_1                                248947232                     248947232

POWER_UOP_QUEUE_W_CORE_1                                120483938                     120483938

POWER_REG_RENAMING_TABLE_R_CORE_1                       248947232                     248947232

POWER_REG_RENAMING_TABLE_W_CORE_1                       120483938                     120483938

POWER_DEP_CHECK_LOGIC_R_CORE_1                          120484192                     120484192

POWER_FREELIST_R_CORE_1                                 248947232                     248947232

POWER_FREELIST_W_CORE_1                                 120483938                     120483938

POWER_RESERVATION_STATION_R_CORE_1                      120558345                     120558345

POWER_RESERVATION_STATION_W_CORE_1                      120483935                     120483935

POWER_RESERVATION_STATION_R_TAG_CORE_1                  120558345                     120558345

POWER_RESERVATION_STATION_W_TAG_CORE_1                          0                             0

POWER_INST_ISSUE_SEL_LOGIC_R_CORE_1                     120558345                     120558345

POWER_INST_ISSUE_SEL_LOGIC_W_CORE_1                     120483935                     120483935

POWER_PAYLOAD_RAM_R_CORE_1                              120558345                     120558345

POWER_PAYLOAD_RAM_W_CORE_1                              120483935                     120483935

POWER_EX_ALU_R_CORE_1                                    66619014                      66619014

POWER_EX_FPU_R_CORE_1                                          51                            51

POWER_EX_MUL_R_CORE_1                                         328                           328

POWER_EX_SFU_R_CORE_1                                           0                             0

POWER_REORDER_BUF_R_CORE_1                              120483730                     120483730

POWER_REORDER_BUF_W_CORE_1                              240967876                     240967876

POWER_INST_COMMIT_SEL_LOGIC_R_CORE_1                    120483730                     120483730

POWER_INST_COMMIT_SEL_LOGIC_W_CORE_1                    120483938                     120483938

POWER_FP_RENAME_R_CORE_1                                       68                            68

POWER_FP_RENAME_W_CORE_1                                        0                             0

POWER_LOAD_QUEUE_R_CORE_1                                39601571                      39601571

POWER_LOAD_QUEUE_W_CORE_1                                39601571                      39601571

POWER_LOAD_QUEUE_R_TAG_CORE_1                            39601571                      39601571

POWER_LOAD_QUEUE_W_TAG_CORE_1                                   0                             0

POWER_STORE_QUEUE_R_CORE_1                               14337381                      14337381

POWER_STORE_QUEUE_W_CORE_1                               14337381                      14337381

POWER_STORE_QUEUE_R_TAG_CORE_1                           14337381                      14337381

POWER_STORE_QUEUE_W_TAG_CORE_1                                  0                             0

POWER_DATA_TLB_R_CORE_1                                  39601571                      39601571

POWER_DATA_TLB_W_CORE_1                                         0                             0

POWER_DATA_TLB_R_TAG_CORE_1                                     0                             0

POWER_DATA_TLB_W_TAG_CORE_1                                     0                             0

POWER_INT_REGFILE_R_CORE_1                              187103226                     187103226

POWER_INT_REGFILE_W_CORE_1                              120483884                     120483884

POWER_FP_REGFILE_R_CORE_1                                     102                           102

POWER_FP_REGFILE_W_CORE_1                                      51                            51

POWER_GP_REGISTER_R_CORE_1                              187103226                     187103226

POWER_GP_REGISTER_W_CORE_1                              120483884                     120483884

POWER_FP_REGISTER_R_CORE_1                                    102                           102

POWER_FP_REGISTER_W_CORE_1                                     51                            51

POWER_SEGMENT_REGISTER_R_CORE_1                          53864542                      53864542

POWER_SEGMENT_REGISTER_W_CORE_1                          98759586                      98759586

POWER_CONTROL_REGISTER_R_CORE_1                                 0                             0

POWER_CONTROL_REGISTER_W_CORE_1                           8978018                       8978018

POWER_FLAG_REGISTER_R_CORE_1                                    0                             0

POWER_FLAG_REGISTER_W_CORE_1                                    0                             0

POWER_EXEC_BYPASS_CORE_1                                120483935                     120483935

POWER_LOAD_BYPASS_CORE_1                                  1126030                       1126030

POWER_PIPELINE_CORE_1                                    84559903                      84559903

POWER_DCACHE_MISS_BUF_R_CORE_1                            1124900                       1124900

POWER_DCACHE_MISS_BUF_R_TAG_CORE_1                        8063345                       8063345

POWER_DCACHE_MISS_BUF_W_CORE_1                            8063345                       8063345

POWER_DCACHE_MISS_BUF_W_TAG_CORE_1                              0                             0

POWER_DCACHE_LINEFILL_BUF_R_CORE_1                              0                             0

POWER_L2CACHE_LINEFILL_BUF_R_CORE_1                       2347949                       2347949

POWER_DCACHE_LINEFILL_BUF_W_CORE_1                              0                             0

POWER_L2CACHE_LINEFILL_BUF_W_CORE_1                        685951                        685951

POWER_DCACHE_LINEFILL_BUF_R_TAG_CORE_1                          0                             0

POWER_L2CACHE_LINEFILL_BUF_R_TAG_CORE_1                   2470886                       2470886

POWER_DCACHE_LINEFILL_BUF_W_TAG_CORE_1                          0                             0

POWER_DCACHE_WB_BUF_R_CORE_1                               122937                        122937

POWER_L2CACHE_WB_BUF_R_CORE_1                                   0                             0

POWER_DCACHE_WB_BUF_W_CORE_1                               122937                        122937

POWER_L2CACHE_WB_BUF_W_CORE_1                                   0                             0

POWER_DCACHE_WB_BUF_R_TAG_CORE_1                           245874                        245874

POWER_L2CACHE_WB_BUF_R_TAG_CORE_1                               0                             0

POWER_DCACHE_WB_BUF_W_TAG_CORE_1                                0                             0

POWER_DCACHE_R_CORE_1                                    45801197                      45801197

POWER_L2CACHE_R_CORE_1                                          0                             0

POWER_DCACHE_W_CORE_1                                      562449                        562449

POWER_L2CACHE_W_CORE_1                                          0                             0

POWER_DCACHE_R_TAG_CORE_1                                53864542                      53864542

POWER_L2CACHE_R_TAG_CORE_1                                      0                             0

POWER_CONST_CACHE_R_CORE_1                                      0                             0

POWER_CONST_CACHE_W_CORE_1                                      0                             0

POWER_CONST_CACHE_R_TAG_CORE_1                                  0                             0

POWER_CONST_CACHE_W_TAG_CORE_1                                  0                             0

POWER_TEXTURE_CACHE_R_CORE_1                                    0                             0

POWER_TEXTURE_CACHE_W_CORE_1                                    0                             0

POWER_TEXTURE_CACHE_R_TAG_CORE_1                                0                             0

POWER_TEXTURE_CACHE_W_TAG_CORE_1                                0                             0

POWER_SHARED_MEM_R_CORE_1                                       0                             0

POWER_SHARED_MEM_W_CORE_1                                       0                             0

POWER_SHARED_MEM_R_TAG_CORE_1                                   0                             0

POWER_SHARED_MEM_W_TAG_CORE_1                                   0                             0

