Arguments: ./macsim --l3_repl==PDP 
src/macsim.cc:133: (I=0  C=0):  initialize knobs
number of cores : 1
src/macsim.cc:531: (I=0  C=0):  initialize simulation
src/macsim.cc:327: (I=0  C=0):  initialize cores (1/0/0)
src/memory.cc:1695: (I=0  C=0):  Memory system(l2_decoupled_network) has been initialized.
l3_policy: PDP,PDP
1
ip_table done
src/network_ring.cc:107: (I=0  C=0):  TOTAL_ROUTER:3 CPU:1 GPU:0 L3:1 MC:1
src/network_ring.cc:312: (I=0  C=0):  RING topology
0 <-> 1 <-> 2 <-> 
enabling bug detector
src/macsim.cc:748: (I=0  C=0):  Initializing new noc

src/macsim.cc:839: (I=0  C=0):  Clock LCM           : 920
src/macsim.cc:840: (I=0  C=0):  CPU clock frequency : 2.3 GHz
src/macsim.cc:841: (I=0  C=0):  GPU clock frequency : 2.3 GHz
src/macsim.cc:842: (I=0  C=0):  L3  clock frequency : 1 GHz
src/macsim.cc:843: (I=0  C=0):  NOC clock frequency : 1 GHz
src/macsim.cc:844: (I=0  C=0):  MC  clock frequency : 0.8 GHz
src/process_manager.cc:455: (I=0  C=0):  setup_process:0 ../../../trace_0409_2017/boby/trace.txt current_index:0 (1)
src/process_manager.cc:548: (I=0  C=0):  thread_count:1
** Heartbeat for core[00]:        insts:10000000    cycles:17759827   (710393040) seconds:104   -- 0.56 IPC (0.56 IPC) -- 0.00 KIPS (96.15 KIPS)
** Heartbeat for core[00]:  Thread:0      insts:10000000    cycles:17759827   (710393040) seconds:104   -- 0.56 IPC (0.56 IPC) -- 0.00 KIPS (96.15 KIPS)
** Heartbeat for core[00]:        insts:20000000    cycles:32683679   (1307347120) seconds:205   -- 0.67 IPC (0.61 IPC) -- 99.01 KIPS (97.56 KIPS)
** Heartbeat for core[00]:  Thread:0      insts:20000000    cycles:32683679   (1307347120) seconds:205   -- 0.67 IPC (0.61 IPC) -- 99.01 KIPS (97.56 KIPS)
** Heartbeat for core[00]:        insts:30000000    cycles:48091797   (1923671840) seconds:308   -- 0.65 IPC (0.62 IPC) -- 97.09 KIPS (97.40 KIPS)
** Heartbeat for core[00]:  Thread:0      insts:30000000    cycles:48091797   (1923671840) seconds:308   -- 0.65 IPC (0.62 IPC) -- 97.09 KIPS (97.40 KIPS)
** Heartbeat for core[00]:        insts:40000000    cycles:64891493   (2595659680) seconds:416   -- 0.60 IPC (0.62 IPC) -- 92.59 KIPS (96.15 KIPS)
** Heartbeat for core[00]:  Thread:0      insts:40000000    cycles:64891493   (2595659680) seconds:416   -- 0.60 IPC (0.62 IPC) -- 92.59 KIPS (96.15 KIPS)
** Heartbeat for core[00]:        insts:50000000    cycles:80230028   (3209201080) seconds:529   -- 0.65 IPC (0.62 IPC) -- 88.50 KIPS (94.52 KIPS)
** Heartbeat for core[00]:  Thread:0      insts:50000000    cycles:80230028   (3209201080) seconds:529   -- 0.65 IPC (0.62 IPC) -- 88.50 KIPS (94.52 KIPS)
40m cycle
1:6939 , 0
2:334 , 0
3:25 , 0
4:3 , 0
5:0 , 0
6:0 , 0
7:0 , 0
8:0 , 0
9:0 , 0
10:0 , 0
11:0 , 0
12:0 , 0
13:0 , 0
14:0 , 0
15:0 , 0
16:0 , 0
17:0 , 0
18:0 , 0
19:0 , 0
20:0 , 0
21:0 , 0
22:0 , 0
23:0 , 0
24:0 , 0
25:0 , 0
26:0 , 0
27:0 , 0
28:0 , 0
29:0 , 0
30:0 , 0
31:0 , 0
32:0 , 0
33:0 , 0
34:0 , 0
35:0 , 0
36:0 , 0
37:0 , 0
38:0 , 0
39:0 , 0
40:0 , 0
41:0 , 0
42:0 , 0
43:0 , 0
44:0 , 0
45:0 , 0
46:0 , 0
47:0 , 0
48:0 , 0
49:0 , 0
50:0 , 0
51:0 , 0
52:0 , 0
53:0 , 0
54:0 , 0
55:0 , 0
56:0 , 0
57:0 , 0
58:0 , 0
59:0 , 0
60:0 , 0
61:0 , 0
62:0 , 0
63:0 , 0
64:0 , 0
65:0 , 0
66:0 , 0
67:0 , 0
68:0 , 0
69:0 , 0
70:0 , 0
71:0 , 0
72:0 , 0
73:0 , 0
74:0 , 0
75:0 , 0
76:0 , 0
77:0 , 0
78:0 , 0
79:0 , 0
80:0 , 0
81:0 , 0
82:0 , 0
83:0 , 0
84:0 , 0
85:0 , 0
86:0 , 0
87:0 , 0
88:0 , 0
89:0 , 0
90:0 , 0
91:0 , 0
92:0 , 0
93:0 , 0
94:0 , 0
95:0 , 0
96:0 , 0
97:0 , 0
98:0 , 0
99:0 , 0
100:0 , 0
101:0 , 0
102:0 , 0
103:0 , 0
104:0 , 0
105:0 , 0
106:0 , 0
107:0 , 0
108:0 , 0
109:0 , 0
110:0 , 0
111:0 , 0
112:469539 , 735
113:378807 , 30
114:1 , 0
115:0 , 0
116:0 , 0
117:0 , 0
118:0 , 0
119:0 , 0
120:0 , 0
121:0 , 0
122:0 , 0
123:0 , 0
124:0 , 0
125:0 , 0
126:0 , 0
127:0 , 0
128:0 , 0
129:0 , 0
130:0 , 0
131:0 , 0
132:0 , 0
133:0 , 0
134:0 , 0
135:0 , 0
136:0 , 0
137:0 , 0
138:0 , 0
139:0 , 0
140:0 , 0
141:0 , 0
142:0 , 0
143:0 , 0
144:0 , 0
145:0 , 0
146:1 , 0
147:0 , 0
148:0 , 0
149:0 , 0
150:0 , 0
151:0 , 0
152:0 , 0
153:0 , 0
154:0 , 0
155:0 , 0
156:0 , 0
157:0 , 0
158:0 , 0
159:0 , 0
160:0 , 0
161:0 , 0
162:0 , 0
163:0 , 0
164:0 , 0
165:0 , 0
166:0 , 0
167:0 , 0
168:0 , 0
169:0 , 0
170:0 , 0
171:0 , 0
172:0 , 0
173:0 , 0
174:0 , 0
175:0 , 0
176:0 , 0
177:0 , 0
178:1 , 0
179:0 , 0
180:0 , 0
181:0 , 0
182:0 , 0
183:0 , 0
184:0 , 0
185:0 , 0
186:0 , 0
187:0 , 0
188:0 , 0
189:0 , 0
190:0 , 0
191:0 , 0
192:0 , 0
193:0 , 0
194:0 , 0
195:0 , 0
196:0 , 0
197:0 , 0
198:0 , 0
199:0 , 0
200:0 , 0
201:0 , 0
202:0 , 0
203:0 , 0
204:0 , 0
205:0 , 0
206:0 , 0
207:0 , 0
208:0 , 0
209:0 , 0
210:1 , 0
211:0 , 0
212:0 , 0
213:0 , 0
214:0 , 0
215:0 , 0
216:0 , 0
217:0 , 0
218:0 , 0
219:0 , 0
220:0 , 0
221:0 , 0
222:0 , 0
223:0 , 0
224:0 , 0
225:0 , 0
226:0 , 0
227:0 , 0
228:0 , 0
229:0 , 0
230:0 , 0
231:0 , 0
232:0 , 0
233:0 , 0
234:0 , 0
235:0 , 0
236:0 , 0
237:0 , 0
238:0 , 0
239:0 , 0
240:0 , 0
241:0 , 0
242:1 , 0
243:0 , 0
244:0 , 0
245:0 , 0
246:0 , 0
247:0 , 0
248:0 , 0
249:0 , 0
250:0 , 0
251:0 , 0
252:0 , 0
253:0 , 0
254:0 , 0
255:0 , 0
256:0 , 0
257:0 , 0
258:0 , 0
259:0 , 0
260:0 , 0
261:0 , 0
262:0 , 0
263:0 , 0
264:0 , 0
265:0 , 0
266:0 , 0
267:0 , 0
268:0 , 0
269:0 , 0
270:0 , 0
271:0 , 0
272:0 , 0
273:0 , 0
274:1 , 0
275:0 , 0
276:0 , 0
277:0 , 0
278:0 , 0
279:0 , 0
280:0 , 0
281:0 , 0
282:0 , 0
283:0 , 0
284:0 , 0
285:0 , 0
286:0 , 0
287:0 , 0
288:0 , 0
289:0 , 0
290:0 , 0
291:0 , 0
292:0 , 0
293:0 , 0
294:0 , 0
295:0 , 0
296:0 , 0
297:0 , 0
298:0 , 0
299:0 , 0
300:0 , 0
301:0 , 0
302:0 , 0
303:0 , 0
304:0 , 0
305:0 , 0
306:1 , 0
307:0 , 0
308:0 , 0
309:0 , 0
310:0 , 0
311:1 , 0
312:0 , 0
313:0 , 0
314:0 , 0
315:0 , 0
316:0 , 0
317:0 , 0
318:0 , 0
319:0 , 0
320:0 , 0
321:0 , 0
322:0 , 0
323:0 , 0
324:0 , 0
325:0 , 0
326:0 , 0
327:0 , 0
328:0 , 0
329:0 , 0
330:0 , 0
331:0 , 0
332:0 , 0
333:0 , 0
334:0 , 0
335:0 , 0
336:0 , 0
337:0 , 0
338:1 , 0
339:0 , 0
340:0 , 0
341:0 , 0
342:0 , 0
343:0 , 0
344:0 , 0
345:0 , 0
346:0 , 0
347:0 , 0
348:0 , 0
349:0 , 0
350:0 , 0
351:0 , 0
352:0 , 0
353:0 , 0
354:0 , 0
355:0 , 0
356:0 , 0
357:0 , 0
358:0 , 0
359:0 , 0
360:0 , 0
361:0 , 0
362:0 , 0
363:0 , 0
364:0 , 0
365:0 , 0
366:0 , 0
367:0 , 0
368:0 , 0
369:0 , 0
370:1 , 0
371:0 , 0
372:0 , 0
373:0 , 0
374:0 , 0
375:0 , 0
376:0 , 0
377:0 , 0
378:0 , 0
379:0 , 0
380:0 , 0
381:0 , 0
382:0 , 0
383:0 , 0
384:0 , 0
385:0 , 0
386:0 , 0
387:0 , 0
388:0 , 0
389:0 , 0
390:0 , 0
391:0 , 0
392:0 , 0
393:0 , 0
394:0 , 0
395:0 , 0
396:0 , 0
397:0 , 0
398:0 , 0
399:0 , 0
400:0 , 0
401:0 , 0
402:1 , 0
403:0 , 0
404:0 , 0
405:0 , 0
406:0 , 0
407:0 , 0
408:0 , 0
409:0 , 0
410:0 , 0
411:0 , 0
412:0 , 0
413:0 , 0
414:0 , 0
415:0 , 0
416:0 , 0
417:0 , 0
418:0 , 0
419:0 , 0
420:0 , 0
421:0 , 0
422:0 , 0
423:0 , 0
424:0 , 0
425:0 , 0
426:0 , 0
427:0 , 0
428:0 , 0
429:0 , 0
430:0 , 0
431:0 , 0
432:0 , 0
433:0 , 0
434:1 , 0
435:0 , 0
436:0 , 0
437:0 , 0
438:0 , 0
439:0 , 0
440:0 , 0
441:0 , 0
442:0 , 0
443:0 , 0
444:0 , 0
445:0 , 0
446:0 , 0
447:0 , 0
448:0 , 0
449:0 , 0
450:0 , 0
451:0 , 0
452:0 , 0
453:0 , 0
454:0 , 0
455:0 , 0
456:0 , 0
457:0 , 0
458:0 , 0
459:0 , 0
460:0 , 0
461:0 , 0
462:0 , 0
463:0 , 0
464:0 , 0
465:0 , 0
466:1 , 0
467:0 , 0
468:0 , 0
469:0 , 0
470:0 , 0
471:0 , 0
472:0 , 0
473:0 , 0
474:0 , 0
475:0 , 0
476:0 , 0
477:0 , 0
478:0 , 0
479:0 , 0
480:0 , 0
481:0 , 0
482:0 , 0
483:0 , 0
484:0 , 0
485:0 , 0
486:0 , 0
487:0 , 0
488:0 , 0
489:0 , 0
490:0 , 0
491:0 , 0
492:0 , 0
493:0 , 0
494:0 , 0
495:0 , 0
496:0 , 0
497:0 , 0
498:1 , 0
499:0 , 0
500:0 , 0
501:0 , 0
502:0 , 0
503:0 , 0
504:0 , 0
505:0 , 0
506:0 , 0
507:0 , 0
508:0 , 0
509:0 , 0
510:0 , 0
511:0 , 0
512:0 , 0
513:0 , 0
514:0 , 0
515:0 , 0
516:0 , 0
517:0 , 0
518:0 , 0
519:0 , 0
520:0 , 0
521:0 , 0
522:0 , 0
523:0 , 0
524:0 , 0
525:0 , 0
526:0 , 0
527:0 , 0
528:0 , 0
529:0 , 0
530:1 , 0
531:0 , 0
532:0 , 0
533:0 , 0
534:0 , 0
535:0 , 0
536:0 , 0
537:0 , 0
538:0 , 0
539:0 , 0
540:0 , 0
541:0 , 0
542:0 , 0
543:0 , 0
544:0 , 0
545:0 , 0
546:0 , 0
547:0 , 0
548:0 , 0
549:0 , 0
550:0 , 0
551:0 , 0
552:0 , 0
553:0 , 0
554:0 , 0
555:0 , 0
556:0 , 0
557:0 , 0
558:0 , 0
559:0 , 0
560:0 , 0
561:0 , 0
562:1 , 0
563:0 , 0
564:0 , 0
565:0 , 0
566:0 , 0
567:0 , 0
568:0 , 0
569:0 , 0
570:0 , 0
571:0 , 0
572:0 , 0
573:0 , 0
574:0 , 0
575:0 , 0
576:0 , 0
577:0 , 0
578:0 , 0
579:0 , 0
580:0 , 0
581:0 , 0
582:0 , 0
583:0 , 0
584:0 , 0
585:0 , 0
586:0 , 0
587:0 , 0
588:0 , 0
589:0 , 0
590:0 , 0
591:0 , 0
592:0 , 0
593:0 , 0
594:1 , 0
595:0 , 0
596:0 , 0
597:0 , 0
598:0 , 0
599:0 , 0
600:0 , 0
601:0 , 0
602:0 , 0
603:0 , 0
604:0 , 0
605:0 , 0
606:0 , 0
607:0 , 0
608:0 , 0
609:0 , 0
610:0 , 0
611:0 , 0
612:0 , 0
613:0 , 0
614:0 , 0
615:0 , 0
616:0 , 0
617:0 , 0
618:0 , 0
619:0 , 0
620:0 , 0
621:0 , 0
622:0 , 0
623:0 , 0
624:0 , 0
625:0 , 0
626:1 , 0
627:0 , 0
628:0 , 0
629:0 , 0
630:0 , 0
631:0 , 0
632:0 , 0
633:0 , 0
634:0 , 0
635:0 , 0
636:0 , 0
637:0 , 0
638:0 , 0
639:0 , 0
640:0 , 0
641:0 , 0
642:0 , 0
643:0 , 0
644:0 , 0
645:0 , 0
646:0 , 0
647:0 , 0
648:0 , 0
649:0 , 0
650:0 , 0
651:0 , 0
652:0 , 0
653:0 , 0
654:0 , 0
655:0 , 0
656:0 , 0
657:0 , 0
658:1 , 0
659:0 , 0
660:0 , 0
661:0 , 0
662:0 , 0
663:0 , 0
664:0 , 0
665:0 , 0
666:0 , 0
667:0 , 0
668:0 , 0
669:0 , 0
670:0 , 0
671:0 , 0
672:0 , 0
673:0 , 0
674:0 , 0
675:0 , 0
676:0 , 0
677:0 , 0
678:0 , 0
679:0 , 0
680:0 , 0
681:0 , 0
682:0 , 0
683:0 , 0
684:0 , 0
685:0 , 0
686:0 , 0
687:0 , 0
688:0 , 0
689:0 , 0
690:1 , 0
691:0 , 0
692:0 , 0
693:0 , 0
694:0 , 0
695:0 , 0
696:0 , 0
697:0 , 0
698:0 , 0
699:0 , 0
700:0 , 0
701:0 , 0
702:0 , 0
703:0 , 0
704:0 , 0
705:0 , 0
706:0 , 0
707:0 , 0
708:0 , 0
709:0 , 0
710:0 , 0
711:0 , 0
712:0 , 0
713:0 , 0
714:0 , 0
715:0 , 0
716:0 , 0
717:0 , 0
718:0 , 0
719:0 , 0
720:0 , 0
721:0 , 0
722:1 , 0
723:0 , 0
724:0 , 0
725:0 , 0
726:0 , 0
727:0 , 0
728:0 , 0
729:0 , 0
730:0 , 0
731:0 , 0
732:0 , 0
733:0 , 0
734:0 , 0
735:0 , 0
736:0 , 0
737:0 , 0
738:0 , 0
739:0 , 0
740:0 , 0
741:0 , 0
742:0 , 0
743:0 , 0
744:0 , 0
745:0 , 0
746:0 , 0
747:0 , 0
748:0 , 0
749:0 , 0
750:0 , 0
751:0 , 0
752:0 , 0
753:0 , 0
754:1 , 0
755:0 , 0
756:0 , 0
757:0 , 0
758:0 , 0
759:0 , 0
760:0 , 0
761:0 , 0
762:0 , 0
763:0 , 0
764:0 , 0
765:0 , 0
766:0 , 0
767:0 , 0
768:0 , 0
769:0 , 0
770:0 , 0
771:0 , 0
772:0 , 0
773:0 , 0
774:0 , 0
775:0 , 0
776:0 , 0
777:0 , 0
778:0 , 0
779:0 , 0
780:0 , 0
781:0 , 0
782:0 , 0
783:0 , 0
784:0 , 0
785:0 , 0
786:1 , 0
787:0 , 0
788:0 , 0
789:0 , 0
790:0 , 0
791:0 , 0
792:0 , 0
793:0 , 0
794:0 , 0
795:0 , 0
796:0 , 0
797:0 , 0
798:0 , 0
799:0 , 0
800:0 , 0
801:0 , 0
802:0 , 0
803:0 , 0
804:0 , 0
805:0 , 0
806:0 , 0
807:0 , 0
808:0 , 0
809:0 , 0
810:0 , 0
811:0 , 0
812:0 , 0
813:0 , 0
814:0 , 0
815:0 , 0
816:0 , 0
817:0 , 0
818:1 , 0
819:0 , 0
820:0 , 0
821:0 , 0
822:0 , 0
823:0 , 0
824:0 , 0
825:0 , 0
826:0 , 0
827:0 , 0
828:0 , 0
829:0 , 0
830:0 , 0
831:0 , 0
832:0 , 0
833:0 , 0
834:0 , 0
835:0 , 0
836:0 , 0
837:0 , 0
838:0 , 0
839:0 , 0
840:0 , 0
841:0 , 0
842:0 , 0
843:0 , 0
844:0 , 0
845:0 , 0
846:0 , 0
847:0 , 0
848:0 , 0
849:0 , 0
850:1 , 0
851:0 , 0
852:0 , 0
853:0 , 0
854:0 , 0
855:0 , 0
856:0 , 0
857:0 , 0
858:0 , 0
859:0 , 0
860:0 , 0
861:0 , 0
862:0 , 0
863:0 , 0
864:0 , 0
865:0 , 0
866:0 , 0
867:0 , 0
868:0 , 0
869:0 , 0
870:0 , 0
871:0 , 0
872:0 , 0
873:0 , 0
874:0 , 0
875:0 , 0
876:0 , 0
877:0 , 0
878:0 , 0
879:0 , 0
880:0 , 0
881:0 , 0
882:1 , 0
883:0 , 0
884:0 , 0
885:0 , 0
886:0 , 0
887:0 , 0
888:0 , 0
889:0 , 0
890:0 , 0
891:0 , 0
892:0 , 0
893:0 , 0
894:0 , 0
895:0 , 0
896:0 , 0
897:0 , 0
898:0 , 0
899:0 , 0
900:0 , 0
901:0 , 0
902:0 , 0
903:0 , 0
904:0 , 0
905:0 , 0
906:0 , 0
907:0 , 0
908:0 , 0
909:0 , 0
910:0 , 0
911:0 , 0
912:0 , 0
913:0 , 0
914:1 , 0
915:0 , 0
916:0 , 0
917:0 , 0
918:0 , 0
919:0 , 0
920:0 , 0
921:0 , 0
922:0 , 0
923:0 , 0
924:0 , 0
925:0 , 0
926:0 , 0
927:0 , 0
928:0 , 0
929:0 , 0
930:0 , 0
931:0 , 0
932:0 , 0
933:0 , 0
934:0 , 0
935:0 , 0
936:0 , 0
937:0 , 0
938:0 , 0
939:0 , 0
940:0 , 0
941:0 , 0
942:0 , 0
943:0 , 0
944:0 , 0
945:0 , 0
946:1 , 0
947:0 , 0
948:0 , 0
949:0 , 0
950:0 , 0
951:0 , 0
952:0 , 0
953:0 , 0
954:0 , 0
955:0 , 0
956:0 , 0
957:0 , 0
958:0 , 0
959:0 , 0
960:0 , 0
961:0 , 0
962:0 , 0
963:0 , 0
964:0 , 0
965:0 , 0
966:0 , 0
967:0 , 0
968:0 , 0
969:0 , 0
970:0 , 0
971:0 , 0
972:0 , 0
973:0 , 0
974:0 , 0
975:0 , 0
976:0 , 0
977:0 , 0
978:1 , 0
979:0 , 0
980:0 , 0
981:0 , 0
982:0 , 0
983:0 , 0
984:0 , 0
985:0 , 0
986:0 , 0
987:0 , 0
988:0 , 0
989:0 , 0
990:0 , 0
991:0 , 0
992:0 , 0
993:0 , 0
994:0 , 0
995:0 , 0
996:0 , 0
997:0 , 0
998:0 , 0
999:0 , 0
1000:0 , 0
1001:0 , 0
1002:0 , 0
1003:0 , 0
1004:0 , 0
1005:0 , 0
1006:0 , 0
1007:0 , 0
1008:0 , 0
1009:0 , 0
1010:1 , 0
1011:0 , 0
1012:0 , 0
1013:0 , 0
1014:0 , 0
1015:0 , 0
1016:0 , 0
1017:0 , 0
1018:0 , 0
1019:0 , 0
1020:0 , 0
1021:0 , 0
1022:0 , 0
1023:0 , 0
1:0.000480583
2:0.00047591
3:0.000452435
4:0.000430001
5:0.000409534
6:0.000390926
7:0.000373936
8:0.000358362
9:0.000344032
10:0.000330805
11:0.000318557
12:0.000307184
13:0.000296594
14:0.000286711
15:0.000277465
16:0.000268797
17:0.000260653
18:0.000252989
19:0.000245763
20:0.000238938
21:0.000232482
22:0.000226365
23:0.000220562
24:0.000215049
25:0.000209805
26:0.000204811
27:0.000200049
28:0.000195504
29:0.00019116
30:0.000187005
31:0.000183027
32:0.000179215
33:0.000175558
34:0.000172047
35:0.000168674
36:0.000165431
37:0.00016231
38:0.000159305
39:0.000156409
40:0.000153617
41:0.000150922
42:0.00014832
43:0.000145807
44:0.000143377
45:0.000141027
46:0.000138753
47:0.000136551
48:0.000134417
49:0.00013235
50:0.000130345
51:0.000128399
52:0.000126511
53:0.000124678
54:0.000122897
55:0.000121167
56:0.000119484
57:0.000117847
58:0.000116255
59:0.000114705
60:0.000113196
61:0.000111726
62:0.000110294
63:0.000108898
64:0.000107537
65:0.000106209
66:0.000104914
67:0.00010365
68:0.000102417
69:0.000101212
70:0.000100035
71:9.88854e-05
72:9.77618e-05
73:9.66635e-05
74:9.55896e-05
75:9.45392e-05
76:9.35117e-05
77:9.25063e-05
78:9.15223e-05
79:9.0559e-05
80:8.96158e-05
81:8.8692e-05
82:8.77871e-05
83:8.69004e-05
84:8.60315e-05
85:8.51798e-05
86:8.43447e-05
87:8.35259e-05
88:8.27229e-05
89:8.19351e-05
90:8.11622e-05
91:8.04037e-05
92:7.96593e-05
93:7.89285e-05
94:7.82111e-05
95:7.75065e-05
96:7.68146e-05
97:7.61348e-05
98:7.5467e-05
99:7.48109e-05
100:7.4166e-05
101:7.35321e-05
102:7.2909e-05
103:7.22964e-05
104:7.1694e-05
105:7.11015e-05
106:7.05188e-05
107:6.99455e-05
108:6.93814e-05
109:6.88264e-05
110:6.82802e-05
111:6.77426e-05
112:0.00471598
113:0.00896626
114:0.00896625
115:0.00896623
116:0.00896621
117:0.00896619
118:0.00896617
119:0.00896615
120:0.00896613
121:0.00896611
122:0.00896609
123:0.00896607
124:0.00896605
125:0.00896603
126:0.00896601
127:0.00896598
128:0.00896596
129:0.00896594
130:0.00896592
131:0.0089659
132:0.00896588
133:0.00896586
134:0.00896584
135:0.00896582
136:0.0089658
137:0.00896578
138:0.00896576
139:0.00896574
140:0.00896572
141:0.0089657
142:0.00896568
143:0.00896566
144:0.00896564
145:0.00896561
146:0.00896561
147:0.00896559
148:0.00896556
149:0.00896554
150:0.00896552
151:0.0089655
152:0.00896548
153:0.00896546
154:0.00896544
155:0.00896542
156:0.0089654
157:0.00896538
158:0.00896536
159:0.00896534
160:0.00896532
161:0.0089653
162:0.00896528
163:0.00896526
164:0.00896524
165:0.00896522
166:0.0089652
167:0.00896518
168:0.00896516
169:0.00896513
170:0.00896511
171:0.00896509
172:0.00896507
173:0.00896505
174:0.00896503
175:0.00896501
176:0.00896499
177:0.00896497
178:0.00896496
179:0.00896494
180:0.00896492
181:0.0089649
182:0.00896488
183:0.00896486
184:0.00896484
185:0.00896482
186:0.0089648
187:0.00896478
188:0.00896476
189:0.00896474
190:0.00896472
191:0.0089647
192:0.00896468
193:0.00896466
194:0.00896464
195:0.00896462
196:0.0089646
197:0.00896458
198:0.00896455
199:0.00896453
200:0.00896451
201:0.00896449
202:0.00896447
203:0.00896445
204:0.00896443
205:0.00896441
206:0.00896439
207:0.00896437
208:0.00896435
209:0.00896433
210:0.00896432
211:0.0089643
212:0.00896428
213:0.00896426
214:0.00896424
215:0.00896422
216:0.0089642
217:0.00896418
218:0.00896416
219:0.00896414
220:0.00896412
221:0.0089641
222:0.00896408
223:0.00896406
224:0.00896404
225:0.00896402
226:0.008964
227:0.00896398
228:0.00896396
229:0.00896394
230:0.00896392
231:0.0089639
232:0.00896388
233:0.00896386
234:0.00896384
235:0.00896382
236:0.00896379
237:0.00896377
238:0.00896375
239:0.00896373
240:0.00896371
241:0.00896369
242:0.00896369
243:0.00896367
244:0.00896364
245:0.00896362
246:0.0089636
247:0.00896358
248:0.00896356
249:0.00896354
250:0.00896352
251:0.0089635
252:0.00896348
253:0.00896346
254:0.00896344
255:0.00896342
0:113
** Heartbeat for core[00]:        insts:60000000    cycles:96366861   (3854674400) seconds:629   -- 0.62 IPC (0.62 IPC) -- 100.00 KIPS (95.39 KIPS)
** Heartbeat for core[00]:  Thread:0      insts:60000000    cycles:96366861   (3854674400) seconds:629   -- 0.62 IPC (0.62 IPC) -- 100.00 KIPS (95.39 KIPS)
**Core 00 Core_Total  Finished:   insts:66564784    cycles:107374184  (4294967320) seconds:697   -- 0.62 IPC (0.62 IPC) --  N/A  KHz (95.50 KHz)
**Core 00 Thread 00 Finished:   insts:66564784    cycles:107374184  (4294967320)  seconds:697   -- 0.62 IPC (0.62 IPC) --  N/A  KHz (95.50 KHz) 
src/macsim.cc:617: (I=66564784  C=4294967361):  finalize simulation
src/macsim.cc:623: (I=66564784  C=4294967361):  elapsed time:696.2 seconds
Done
