####################################################################################################
Interval
####################################################################################################
Cumulative:         Cycles:                  20000     Instructions:                  1200
POWER_L3CACHE_LINEFILL_BUF_R                               383781                        383781

POWER_L3CACHE_LINEFILL_BUF_W                               383781                        383781

POWER_L3CACHE_LINEFILL_BUF_R_TAG                           383781                        383781

POWER_L3CACHE_WB_BUF_R                                      33298                         33298

POWER_L3CACHE_WB_BUF_W                                      33298                         33298

POWER_L3CACHE_WB_BUF_R_TAG                                  33298                         33298

POWER_L3CACHE_R                                             95496                         95496

POWER_L3CACHE_W                                            130929                        130929

POWER_L3CACHE_R_TAG                                        479277                        479277

POWER_MC_R                                                7228130                       7228130

POWER_MC_W                                                 417079                        417079

POWER_BLOCK_STATES_R_CORE_0                             107374184                     107374184

POWER_BLOCK_STATES_W_CORE_0                             107374184                     107374184

POWER_FETCH_QUEUE_R_CORE_0                              103067260                     103067260

POWER_FETCH_QUEUE_W_CORE_0                              103067260                     103067260

POWER_INST_QUEUE_R_CORE_0                               212679297                     212679297

POWER_INST_QUEUE_W_CORE_0                               103067005                     103067005

POWER_BR_PRED_R_CORE_0                                    7659083                       7659083

POWER_BR_PRED_W_CORE_0                                    7657564                       7657564

POWER_RAS_R_CORE_0                                           1013                          1013

POWER_RAS_W_CORE_0                                            783                           783

POWER_ICACHE_R_CORE_0                                    25766815                      25766815

POWER_ICACHE_W_CORE_0                                         565                           565

POWER_ICACHE_R_TAG_CORE_0                                25767380                      25767380

POWER_ICACHE_MISS_BUF_R_CORE_0                               1130                          1130

POWER_ICACHE_MISS_BUF_W_CORE_0                               1130                          1130

POWER_ICACHE_MISS_BUF_R_TAG_CORE_0                            565                           565

POWER_ICACHE_MISS_BUF_W_TAG_CORE_0                              0                             0

POWER_ICACHE_TOT_ACC_CORE_0                                     0                             0

POWER_ICACHE_CONF_CORE_0                                        0                             0

POWER_INST_DECODER_R_CORE_0                              72502347                      72502347

POWER_INST_DECODER_W_CORE_0                                     0                             0

POWER_MICRO_OP_SEQ_R_CORE_0                                     0                             0

POWER_MICRO_OP_SEQ_W_CORE_0                                     0                             0

POWER_OPERAND_DECODER_R_CORE_0                           72502347                      72502347

POWER_OPERAND_DECODER_W_CORE_0                                  0                             0

POWER_UOP_QUEUE_R_CORE_0                                212679297                     212679297

POWER_UOP_QUEUE_W_CORE_0                                103067005                     103067005

POWER_REG_RENAMING_TABLE_R_CORE_0                       212679297                     212679297

POWER_REG_RENAMING_TABLE_W_CORE_0                       103067005                     103067005

POWER_DEP_CHECK_LOGIC_R_CORE_0                          103067260                     103067260

POWER_FREELIST_R_CORE_0                                 212679297                     212679297

POWER_FREELIST_W_CORE_0                                 103067005                     103067005

POWER_RESERVATION_STATION_R_CORE_0                      103116080                     103116080

POWER_RESERVATION_STATION_W_CORE_0                      103066975                     103066975

POWER_RESERVATION_STATION_R_TAG_CORE_0                  103116080                     103116080

POWER_RESERVATION_STATION_W_TAG_CORE_0                          0                             0

POWER_INST_ISSUE_SEL_LOGIC_R_CORE_0                     103116080                     103116080

POWER_INST_ISSUE_SEL_LOGIC_W_CORE_0                     103066951                     103066951

POWER_PAYLOAD_RAM_R_CORE_0                              103116080                     103116080

POWER_PAYLOAD_RAM_W_CORE_0                              103066951                     103066951

POWER_EX_ALU_R_CORE_0                                    57240637                      57240637

POWER_EX_FPU_R_CORE_0                                          51                            51

POWER_EX_MUL_R_CORE_0                                         328                           328

POWER_EX_SFU_R_CORE_0                                           0                             0

POWER_REORDER_BUF_R_CORE_0                              103066846                     103066846

POWER_REORDER_BUF_W_CORE_0                              206134010                     206134010

POWER_INST_COMMIT_SEL_LOGIC_R_CORE_0                    103066846                     103066846

POWER_INST_COMMIT_SEL_LOGIC_W_CORE_0                    103067005                     103067005

POWER_FP_RENAME_R_CORE_0                                       68                            68

POWER_FP_RENAME_W_CORE_0                                        0                             0

POWER_LOAD_QUEUE_R_CORE_0                                34242501                      34242501

POWER_LOAD_QUEUE_W_CORE_0                                34242501                      34242501

POWER_LOAD_QUEUE_R_TAG_CORE_0                            34242501                      34242501

POWER_LOAD_QUEUE_W_TAG_CORE_0                                   0                             0

POWER_STORE_QUEUE_R_CORE_0                               11632563                      11632563

POWER_STORE_QUEUE_W_CORE_0                               11632563                      11632563

POWER_STORE_QUEUE_R_TAG_CORE_0                           11632563                      11632563

POWER_STORE_QUEUE_W_TAG_CORE_0                                  0                             0

POWER_DATA_TLB_R_CORE_0                                  34242501                      34242501

POWER_DATA_TLB_W_CORE_0                                         0                             0

POWER_DATA_TLB_R_TAG_CORE_0                                     0                             0

POWER_DATA_TLB_W_TAG_CORE_0                                     0                             0

POWER_INT_REGFILE_R_CORE_0                              160307865                     160307865

POWER_INT_REGFILE_W_CORE_0                              103066900                     103066900

POWER_FP_REGFILE_R_CORE_0                                     102                           102

POWER_FP_REGFILE_W_CORE_0                                      51                            51

POWER_GP_REGISTER_R_CORE_0                              160307865                     160307865

POWER_GP_REGISTER_W_CORE_0                              103066900                     103066900

POWER_FP_REGISTER_R_CORE_0                                    102                           102

POWER_FP_REGISTER_W_CORE_0                                     51                            51

POWER_SEGMENT_REGISTER_R_CORE_0                          45825935                      45825935

POWER_SEGMENT_REGISTER_W_CORE_0                          84022159                      84022159

POWER_CONTROL_REGISTER_R_CORE_0                                 0                             0

POWER_CONTROL_REGISTER_W_CORE_0                           7638254                       7638254

POWER_FLAG_REGISTER_R_CORE_0                                    0                             0

POWER_FLAG_REGISTER_W_CORE_0                                    0                             0

POWER_EXEC_BYPASS_CORE_0                                103066951                     103066951

POWER_LOAD_BYPASS_CORE_0                                   958555                        958555

POWER_PIPELINE_CORE_0                                    72502061                      72502061

POWER_DCACHE_MISS_BUF_R_CORE_0                             957425                        957425

POWER_DCACHE_MISS_BUF_R_TAG_CORE_0                        6810486                       6810486

POWER_DCACHE_MISS_BUF_W_CORE_0                            6810486                       6810486

POWER_DCACHE_MISS_BUF_W_TAG_CORE_0                              0                             0

POWER_DCACHE_LINEFILL_BUF_R_CORE_0                              0                             0

POWER_L2CACHE_LINEFILL_BUF_R_CORE_0                       1976155                       1976155

POWER_DCACHE_LINEFILL_BUF_W_CORE_0                              0                             0

POWER_L2CACHE_LINEFILL_BUF_W_CORE_0                        555355                        555355

POWER_DCACHE_LINEFILL_BUF_R_TAG_CORE_0                          0                             0

POWER_L2CACHE_LINEFILL_BUF_R_TAG_CORE_0                   2052233                       2052233

POWER_DCACHE_LINEFILL_BUF_W_TAG_CORE_0                          0                             0

POWER_DCACHE_WB_BUF_R_CORE_0                                76078                         76078

POWER_L2CACHE_WB_BUF_R_CORE_0                                   0                             0

POWER_DCACHE_WB_BUF_W_CORE_0                                76078                         76078

POWER_L2CACHE_WB_BUF_W_CORE_0                                   0                             0

POWER_DCACHE_WB_BUF_R_TAG_CORE_0                           152156                        152156

POWER_L2CACHE_WB_BUF_R_TAG_CORE_0                               0                             0

POWER_DCACHE_WB_BUF_W_TAG_CORE_0                                0                             0

POWER_DCACHE_R_CORE_0                                    39015449                      39015449

POWER_L2CACHE_R_CORE_0                                          0                             0

POWER_DCACHE_W_CORE_0                                      478712                        478712

POWER_L2CACHE_W_CORE_0                                          0                             0

POWER_DCACHE_R_TAG_CORE_0                                45825935                      45825935

POWER_L2CACHE_R_TAG_CORE_0                                      0                             0

POWER_CONST_CACHE_R_CORE_0                                      0                             0

POWER_CONST_CACHE_W_CORE_0                                      0                             0

POWER_CONST_CACHE_R_TAG_CORE_0                                  0                             0

POWER_CONST_CACHE_W_TAG_CORE_0                                  0                             0

POWER_TEXTURE_CACHE_R_CORE_0                                    0                             0

POWER_TEXTURE_CACHE_W_CORE_0                                    0                             0

POWER_TEXTURE_CACHE_R_TAG_CORE_0                                0                             0

POWER_TEXTURE_CACHE_W_TAG_CORE_0                                0                             0

POWER_SHARED_MEM_R_CORE_0                                       0                             0

POWER_SHARED_MEM_W_CORE_0                                       0                             0

POWER_SHARED_MEM_R_TAG_CORE_0                                   0                             0

POWER_SHARED_MEM_W_TAG_CORE_0                                   0                             0

