####################################################################################################
Interval
####################################################################################################
Cumulative:         Cycles:                  20000     Instructions:                  1200
POWER_L3CACHE_LINEFILL_BUF_R                              1135189                       1135189

POWER_L3CACHE_LINEFILL_BUF_W                              1135189                       1135189

POWER_L3CACHE_LINEFILL_BUF_R_TAG                          1135189                       1135189

POWER_L3CACHE_WB_BUF_R                                         29                            29

POWER_L3CACHE_WB_BUF_W                                         29                            29

POWER_L3CACHE_WB_BUF_R_TAG                                     29                            29

POWER_L3CACHE_R                                            126429                        126429

POWER_L3CACHE_W                                           1135189                       1135189

POWER_L3CACHE_R_TAG                                       1261620                       1261620

POWER_MC_R                                                8941094                       8941094

POWER_MC_W                                                1135219                       1135219

POWER_BLOCK_STATES_R_CORE_0                             107374184                     107374184

POWER_BLOCK_STATES_W_CORE_0                             107374184                     107374184

POWER_FETCH_QUEUE_R_CORE_0                               99457172                      99457172

POWER_FETCH_QUEUE_W_CORE_0                               99457172                      99457172

POWER_INST_QUEUE_R_CORE_0                               145828195                     145828195

POWER_INST_QUEUE_W_CORE_0                                99456919                      99456919

POWER_BR_PRED_R_CORE_0                                    9610873                       9610873

POWER_BR_PRED_W_CORE_0                                    9609354                       9609354

POWER_RAS_R_CORE_0                                            992                           992

POWER_RAS_W_CORE_0                                            768                           768

POWER_ICACHE_R_CORE_0                                    24864293                      24864293

POWER_ICACHE_W_CORE_0                                         552                           552

POWER_ICACHE_R_TAG_CORE_0                                24864845                      24864845

POWER_ICACHE_MISS_BUF_R_CORE_0                               1104                          1104

POWER_ICACHE_MISS_BUF_W_CORE_0                               1104                          1104

POWER_ICACHE_MISS_BUF_R_TAG_CORE_0                            552                           552

POWER_ICACHE_MISS_BUF_W_TAG_CORE_0                              0                             0

POWER_ICACHE_TOT_ACC_CORE_0                                     0                             0

POWER_ICACHE_CONF_CORE_0                                        0                             0

POWER_INST_DECODER_R_CORE_0                              67409119                      67409119

POWER_INST_DECODER_W_CORE_0                                     0                             0

POWER_MICRO_OP_SEQ_R_CORE_0                                     0                             0

POWER_MICRO_OP_SEQ_W_CORE_0                                     0                             0

POWER_OPERAND_DECODER_R_CORE_0                           67409119                      67409119

POWER_OPERAND_DECODER_W_CORE_0                                  0                             0

POWER_UOP_QUEUE_R_CORE_0                                145828195                     145828195

POWER_UOP_QUEUE_W_CORE_0                                 99456919                      99456919

POWER_REG_RENAMING_TABLE_R_CORE_0                       145828195                     145828195

POWER_REG_RENAMING_TABLE_W_CORE_0                        99456919                      99456919

POWER_DEP_CHECK_LOGIC_R_CORE_0                           99457172                      99457172

POWER_FREELIST_R_CORE_0                                 145828195                     145828195

POWER_FREELIST_W_CORE_0                                  99456919                      99456919

POWER_RESERVATION_STATION_R_CORE_0                       99475012                      99475012

POWER_RESERVATION_STATION_W_CORE_0                       99456919                      99456919

POWER_RESERVATION_STATION_R_TAG_CORE_0                   99475012                      99475012

POWER_RESERVATION_STATION_W_TAG_CORE_0                          0                             0

POWER_INST_ISSUE_SEL_LOGIC_R_CORE_0                      99475012                      99475012

POWER_INST_ISSUE_SEL_LOGIC_W_CORE_0                      99456906                      99456906

POWER_PAYLOAD_RAM_R_CORE_0                               99475012                      99475012

POWER_PAYLOAD_RAM_W_CORE_0                               99456906                      99456906

POWER_EX_ALU_R_CORE_0                                    52788087                      52788087

POWER_EX_FPU_R_CORE_0                                    13634179                      13634179

POWER_EX_MUL_R_CORE_0                                         320                           320

POWER_EX_SFU_R_CORE_0                                           0                             0

POWER_REORDER_BUF_R_CORE_0                               99456663                      99456663

POWER_REORDER_BUF_W_CORE_0                              198913838                     198913838

POWER_INST_COMMIT_SEL_LOGIC_R_CORE_0                     99456663                      99456663

POWER_INST_COMMIT_SEL_LOGIC_W_CORE_0                     99456919                      99456919

POWER_FP_RENAME_R_CORE_0                                 19085669                      19085669

POWER_FP_RENAME_W_CORE_0                                        0                             0

POWER_LOAD_QUEUE_R_CORE_0                                22457483                      22457483

POWER_LOAD_QUEUE_W_CORE_0                                22457483                      22457483

POWER_LOAD_QUEUE_R_TAG_CORE_0                            22457483                      22457483

POWER_LOAD_QUEUE_W_TAG_CORE_0                                   0                             0

POWER_STORE_QUEUE_R_CORE_0                               10594943                      10594943

POWER_STORE_QUEUE_W_CORE_0                               10594943                      10594943

POWER_STORE_QUEUE_R_TAG_CORE_0                           10594943                      10594943

POWER_STORE_QUEUE_W_TAG_CORE_0                                  0                             0

POWER_DATA_TLB_R_CORE_0                                  22457483                      22457483

POWER_DATA_TLB_W_CORE_0                                         0                             0

POWER_DATA_TLB_R_TAG_CORE_0                                     0                             0

POWER_DATA_TLB_W_TAG_CORE_0                                     0                             0

POWER_INT_REGFILE_R_CORE_0                              138611134                     138611134

POWER_INT_REGFILE_W_CORE_0                               85822727                      85822727

POWER_FP_REGFILE_R_CORE_0                                27268358                      27268358

POWER_FP_REGFILE_W_CORE_0                                13634179                      13634179

POWER_GP_REGISTER_R_CORE_0                              138611134                     138611134

POWER_GP_REGISTER_W_CORE_0                               85822727                      85822727

POWER_FP_REGISTER_R_CORE_0                               27268358                      27268358

POWER_FP_REGISTER_W_CORE_0                               13634179                      13634179

POWER_SEGMENT_REGISTER_R_CORE_0                          33034320                      33034320

POWER_SEGMENT_REGISTER_W_CORE_0                          61031544                      61031544

POWER_CONTROL_REGISTER_R_CORE_0                                 0                             0

POWER_CONTROL_REGISTER_W_CORE_0                              8328                          8328

POWER_FLAG_REGISTER_R_CORE_0                                    0                             0

POWER_FLAG_REGISTER_W_CORE_0                                    0                             0

POWER_EXEC_BYPASS_CORE_0                                 99456906                      99456906

POWER_LOAD_BYPASS_CORE_0                                  2523241                       2523241

POWER_PIPELINE_CORE_0                                    67408787                      67408787

POWER_DCACHE_MISS_BUF_R_CORE_0                            2522137                       2522137

POWER_DCACHE_MISS_BUF_R_TAG_CORE_0                        7805323                       7805323

POWER_DCACHE_MISS_BUF_W_CORE_0                            7805323                       7805323

POWER_DCACHE_MISS_BUF_W_TAG_CORE_0                              0                             0

POWER_DCACHE_LINEFILL_BUF_R_CORE_0                              0                             0

POWER_L2CACHE_LINEFILL_BUF_R_CORE_0                       1953628                       1953628

POWER_DCACHE_LINEFILL_BUF_W_CORE_0                              0                             0

POWER_L2CACHE_LINEFILL_BUF_W_CORE_0                       1262188                       1262188

POWER_DCACHE_LINEFILL_BUF_R_TAG_CORE_0                          0                             0

POWER_L2CACHE_LINEFILL_BUF_R_TAG_CORE_0                   1954198                       1954198

POWER_DCACHE_LINEFILL_BUF_W_TAG_CORE_0                          0                             0

POWER_DCACHE_WB_BUF_R_CORE_0                                  570                           570

POWER_L2CACHE_WB_BUF_R_CORE_0                                   0                             0

POWER_DCACHE_WB_BUF_W_CORE_0                                  570                           570

POWER_L2CACHE_WB_BUF_W_CORE_0                                   0                             0

POWER_DCACHE_WB_BUF_R_TAG_CORE_0                             1140                          1140

POWER_L2CACHE_WB_BUF_R_TAG_CORE_0                               0                             0

POWER_DCACHE_WB_BUF_W_TAG_CORE_0                                0                             0

POWER_DCACHE_R_CORE_0                                    25228997                      25228997

POWER_L2CACHE_R_CORE_0                                          0                             0

POWER_DCACHE_W_CORE_0                                     1261066                       1261066

POWER_L2CACHE_W_CORE_0                                          0                             0

POWER_DCACHE_R_TAG_CORE_0                                33034320                      33034320

POWER_L2CACHE_R_TAG_CORE_0                                      0                             0

POWER_CONST_CACHE_R_CORE_0                                      0                             0

POWER_CONST_CACHE_W_CORE_0                                      0                             0

POWER_CONST_CACHE_R_TAG_CORE_0                                  0                             0

POWER_CONST_CACHE_W_TAG_CORE_0                                  0                             0

POWER_TEXTURE_CACHE_R_CORE_0                                    0                             0

POWER_TEXTURE_CACHE_W_CORE_0                                    0                             0

POWER_TEXTURE_CACHE_R_TAG_CORE_0                                0                             0

POWER_TEXTURE_CACHE_W_TAG_CORE_0                                0                             0

POWER_SHARED_MEM_R_CORE_0                                       0                             0

POWER_SHARED_MEM_W_CORE_0                                       0                             0

POWER_SHARED_MEM_R_TAG_CORE_0                                   0                             0

POWER_SHARED_MEM_W_TAG_CORE_0                                   0                             0

