####################################################################################################
Interval
####################################################################################################
Cumulative:         Cycles:                  20000     Instructions:                  1200
TOTAL_PACKET_CPU                                          3355276                       3355276

TOTAL_PACKET_GPU                                                0                             0

NOC_AVG_LATENCY_BASE                                      3355276                       3355276

NOC_AVG_LATENCY_BASE_CPU                                  3355276                       3355276

NOC_AVG_LATENCY_BASE_GPU                                        0                             0

NOC_AVG_LATENCY                                          36574567                       10.9006

NOC_AVG_LATENCY_CPU                                      36574567                       10.9006

NOC_AVG_LATENCY_GPU                                             0                           NaN

NOC_AVG_ACTIVE_PACKET_BASE                                3355276                       3355276

NOC_AVG_ACTIVE_PACKET_BASE_CPU                            3355276                       3355276

NOC_AVG_ACTIVE_PACKET_BASE_GPU                                  0                             0

NOC_AVG_ACTIVE_PACKET                                     5173162                        1.5418

NOC_AVG_ACTIVE_PACKET_CPU                                 5173162                        1.5418

NOC_AVG_ACTIVE_PACKET_GPU                                       0                           NaN

NOC_IDLE_CHANNEL                                                0                             0

NOC_IDLE_CHANNEL_CPU                                            0                             0

NOC_IDLE_CHANNEL_GPU                                            0                             0

NOC_IDLE_CHANNEL_L3                                             0                             0

NOC_IDLE_CHANNEL_MC                                             0                             0

NOC_AVG_WAIT_IN_ROUTER_BASE                               8135058                       8135058

NOC_AVG_WAIT_IN_ROUTER_BASE_CPU                           3144853                       3144853

NOC_AVG_WAIT_IN_ROUTER_BASE_GPU                                 0                             0

NOC_AVG_WAIT_IN_ROUTER_BASE_L3                            3355276                       3355276

NOC_AVG_WAIT_IN_ROUTER_BASE_MC                            1634929                       1634929

NOC_AVG_WAIT_IN_ROUTER                                   67172457                       8.25716

NOC_AVG_WAIT_IN_ROUTER_CPU                               25344366                         8.059

NOC_AVG_WAIT_IN_ROUTER_GPU                                      0                           NaN

NOC_AVG_WAIT_IN_ROUTER_L3                                27013561                       8.05107

NOC_AVG_WAIT_IN_ROUTER_MC                                14814530                       9.06127

NOC_LINK_ACTIVE                                          14340838                      14340838

