####################################################################################################
Interval
####################################################################################################
Cumulative:         Cycles:                  20000     Instructions:                  1200
TOTAL_PACKET_CPU                                          4796453                       4796453

TOTAL_PACKET_GPU                                                0                             0

NOC_AVG_LATENCY_BASE                                      4796453                       4796453

NOC_AVG_LATENCY_BASE_CPU                                  4796453                       4796453

NOC_AVG_LATENCY_BASE_GPU                                        0                             0

NOC_AVG_LATENCY                                          45916730                       9.57306

NOC_AVG_LATENCY_CPU                                      45916730                       9.57306

NOC_AVG_LATENCY_GPU                                             0                           NaN

NOC_AVG_ACTIVE_PACKET_BASE                                4796453                       4796453

NOC_AVG_ACTIVE_PACKET_BASE_CPU                            4796453                       4796453

NOC_AVG_ACTIVE_PACKET_BASE_GPU                                  0                             0

NOC_AVG_ACTIVE_PACKET                                     7719276                       1.60937

NOC_AVG_ACTIVE_PACKET_CPU                                 7719276                       1.60937

NOC_AVG_ACTIVE_PACKET_GPU                                       0                           NaN

NOC_IDLE_CHANNEL                                                0                             0

NOC_IDLE_CHANNEL_CPU                                            0                             0

NOC_IDLE_CHANNEL_GPU                                            0                             0

NOC_IDLE_CHANNEL_L3                                             0                             0

NOC_IDLE_CHANNEL_MC                                             0                             0

NOC_AVG_WAIT_IN_ROUTER_BASE                               9592906                       9592906

NOC_AVG_WAIT_IN_ROUTER_BASE_CPU                           2650330                       2650330

NOC_AVG_WAIT_IN_ROUTER_BASE_GPU                                 0                             0

NOC_AVG_WAIT_IN_ROUTER_BASE_L3                            4796453                       4796453

NOC_AVG_WAIT_IN_ROUTER_BASE_MC                            2146123                       2146123

NOC_AVG_WAIT_IN_ROUTER                                   70193969                       7.31728

NOC_AVG_WAIT_IN_ROUTER_CPU                               18556505                       7.00158

NOC_AVG_WAIT_IN_ROUTER_GPU                                      0                           NaN

NOC_AVG_WAIT_IN_ROUTER_L3                                36236822                       7.55492

NOC_AVG_WAIT_IN_ROUTER_MC                                15400642                       7.17603

NOC_LINK_ACTIVE                                          14476357                      14476357

