####################################################################################################
Interval
####################################################################################################
Cumulative:         Cycles:                  20000     Instructions:                  1200
POWER_L3CACHE_LINEFILL_BUF_R                              1051310                       1051310

POWER_L3CACHE_LINEFILL_BUF_W                              1051310                       1051310

POWER_L3CACHE_LINEFILL_BUF_R_TAG                          1051310                       1051310

POWER_L3CACHE_WB_BUF_R                                      43502                         43502

POWER_L3CACHE_WB_BUF_W                                      43502                         43502

POWER_L3CACHE_WB_BUF_R_TAG                                  43502                         43502

POWER_L3CACHE_R                                            273854                        273854

POWER_L3CACHE_W                                            119707                        119707

POWER_L3CACHE_R_TAG                                       1325165                       1325165

POWER_MC_R                                                9152949                       9152949

POWER_MC_W                                                1094813                       1094813

POWER_BLOCK_STATES_R_CORE_0                             107374184                     107374184

POWER_BLOCK_STATES_W_CORE_0                             107374184                     107374184

POWER_FETCH_QUEUE_R_CORE_0                              105303348                     105303348

POWER_FETCH_QUEUE_W_CORE_0                              105303348                     105303348

POWER_INST_QUEUE_R_CORE_0                               154559090                     154559090

POWER_INST_QUEUE_W_CORE_0                               105303096                     105303096

POWER_BR_PRED_R_CORE_0                                   10373418                      10373418

POWER_BR_PRED_W_CORE_0                                   10371896                      10371896

POWER_RAS_R_CORE_0                                            992                           992

POWER_RAS_W_CORE_0                                            768                           768

POWER_ICACHE_R_CORE_0                                    26325837                      26325837

POWER_ICACHE_W_CORE_0                                         552                           552

POWER_ICACHE_R_TAG_CORE_0                                26326389                      26326389

POWER_ICACHE_MISS_BUF_R_CORE_0                               1104                          1104

POWER_ICACHE_MISS_BUF_W_CORE_0                               1104                          1104

POWER_ICACHE_MISS_BUF_R_TAG_CORE_0                            552                           552

POWER_ICACHE_MISS_BUF_W_TAG_CORE_0                              0                             0

POWER_ICACHE_TOT_ACC_CORE_0                                     0                             0

POWER_ICACHE_CONF_CORE_0                                        0                             0

POWER_INST_DECODER_R_CORE_0                              71221842                      71221842

POWER_INST_DECODER_W_CORE_0                                     0                             0

POWER_MICRO_OP_SEQ_R_CORE_0                                     0                             0

POWER_MICRO_OP_SEQ_W_CORE_0                                     0                             0

POWER_OPERAND_DECODER_R_CORE_0                           71221842                      71221842

POWER_OPERAND_DECODER_W_CORE_0                                  0                             0

POWER_UOP_QUEUE_R_CORE_0                                154559090                     154559090

POWER_UOP_QUEUE_W_CORE_0                                105303096                     105303096

POWER_REG_RENAMING_TABLE_R_CORE_0                       154559090                     154559090

POWER_REG_RENAMING_TABLE_W_CORE_0                       105303096                     105303096

POWER_DEP_CHECK_LOGIC_R_CORE_0                          105303348                     105303348

POWER_FREELIST_R_CORE_0                                 154559090                     154559090

POWER_FREELIST_W_CORE_0                                 105303096                     105303096

POWER_RESERVATION_STATION_R_CORE_0                      105337759                     105337759

POWER_RESERVATION_STATION_W_CORE_0                      105303092                     105303092

POWER_RESERVATION_STATION_R_TAG_CORE_0                  105337759                     105337759

POWER_RESERVATION_STATION_W_TAG_CORE_0                          0                             0

POWER_INST_ISSUE_SEL_LOGIC_R_CORE_0                     105337759                     105337759

POWER_INST_ISSUE_SEL_LOGIC_W_CORE_0                     105303064                     105303064

POWER_PAYLOAD_RAM_R_CORE_0                              105337759                     105337759

POWER_PAYLOAD_RAM_W_CORE_0                              105303064                     105303064

POWER_EX_ALU_R_CORE_0                                    55584072                      55584072

POWER_EX_FPU_R_CORE_0                                    15159269                      15159269

POWER_EX_MUL_R_CORE_0                                         320                           320

POWER_EX_SFU_R_CORE_0                                           0                             0

POWER_REORDER_BUF_R_CORE_0                              105302840                     105302840

POWER_REORDER_BUF_W_CORE_0                              210606192                     210606192

POWER_INST_COMMIT_SEL_LOGIC_R_CORE_0                    105302840                     105302840

POWER_INST_COMMIT_SEL_LOGIC_W_CORE_0                    105303096                     105303096

POWER_FP_RENAME_R_CORE_0                                 21235944                      21235944

POWER_FP_RENAME_W_CORE_0                                        0                             0

POWER_LOAD_QUEUE_R_CORE_0                                23728385                      23728385

POWER_LOAD_QUEUE_W_CORE_0                                23728385                      23728385

POWER_LOAD_QUEUE_R_TAG_CORE_0                            23728385                      23728385

POWER_LOAD_QUEUE_W_TAG_CORE_0                                   0                             0

POWER_STORE_QUEUE_R_CORE_0                               10865713                      10865713

POWER_STORE_QUEUE_W_CORE_0                               10865713                      10865713

POWER_STORE_QUEUE_R_TAG_CORE_0                           10865713                      10865713

POWER_STORE_QUEUE_W_TAG_CORE_0                                  0                             0

POWER_DATA_TLB_R_CORE_0                                  23728385                      23728385

POWER_DATA_TLB_W_CORE_0                                         0                             0

POWER_DATA_TLB_R_TAG_CORE_0                                     0                             0

POWER_DATA_TLB_W_TAG_CORE_0                                     0                             0

POWER_INT_REGFILE_R_CORE_0                              145728187                     145728187

POWER_INT_REGFILE_W_CORE_0                               90143795                      90143795

POWER_FP_REGFILE_R_CORE_0                                30318538                      30318538

POWER_FP_REGFILE_W_CORE_0                                15159269                      15159269

POWER_GP_REGISTER_R_CORE_0                              145728187                     145728187

POWER_GP_REGISTER_W_CORE_0                               90143795                      90143795

POWER_FP_REGISTER_R_CORE_0                               30318538                      30318538

POWER_FP_REGISTER_W_CORE_0                               15159269                      15159269

POWER_SEGMENT_REGISTER_R_CORE_0                          34559403                      34559403

POWER_SEGMENT_REGISTER_W_CORE_0                          63827534                      63827534

POWER_CONTROL_REGISTER_R_CORE_0                                 0                             0

POWER_CONTROL_REGISTER_W_CORE_0                              8328                          8328

POWER_FLAG_REGISTER_R_CORE_0                                    0                             0

POWER_FLAG_REGISTER_W_CORE_0                                    0                             0

POWER_EXEC_BYPASS_CORE_0                                105303064                     105303064

POWER_LOAD_BYPASS_CORE_0                                  2650331                       2650331

POWER_PIPELINE_CORE_0                                    71221511                      71221511

POWER_DCACHE_MISS_BUF_R_CORE_0                            2649227                       2649227

POWER_DCACHE_MISS_BUF_R_TAG_CORE_0                        8057584                       8057584

POWER_DCACHE_MISS_BUF_W_CORE_0                            8057584                       8057584

POWER_DCACHE_MISS_BUF_W_TAG_CORE_0                              0                             0

POWER_DCACHE_LINEFILL_BUF_R_CORE_0                              0                             0

POWER_L2CACHE_LINEFILL_BUF_R_CORE_0                       2019087                       2019087

POWER_DCACHE_LINEFILL_BUF_W_CORE_0                              0                             0

POWER_L2CACHE_LINEFILL_BUF_W_CORE_0                       1327647                       1327647

POWER_DCACHE_LINEFILL_BUF_R_TAG_CORE_0                          0                             0

POWER_L2CACHE_LINEFILL_BUF_R_TAG_CORE_0                   2021570                       2021570

POWER_DCACHE_LINEFILL_BUF_W_TAG_CORE_0                          0                             0

POWER_DCACHE_WB_BUF_R_CORE_0                                 2483                          2483

POWER_L2CACHE_WB_BUF_R_CORE_0                                   0                             0

POWER_DCACHE_WB_BUF_W_CORE_0                                 2483                          2483

POWER_L2CACHE_WB_BUF_W_CORE_0                                   0                             0

POWER_DCACHE_WB_BUF_R_TAG_CORE_0                             4966                          4966

POWER_L2CACHE_WB_BUF_R_TAG_CORE_0                               0                             0

POWER_DCACHE_WB_BUF_W_TAG_CORE_0                                0                             0

POWER_DCACHE_R_CORE_0                                    26501819                      26501819

POWER_L2CACHE_R_CORE_0                                          0                             0

POWER_DCACHE_W_CORE_0                                     1324612                       1324612

POWER_L2CACHE_W_CORE_0                                          0                             0

POWER_DCACHE_R_TAG_CORE_0                                34559403                      34559403

POWER_L2CACHE_R_TAG_CORE_0                                      0                             0

POWER_CONST_CACHE_R_CORE_0                                      0                             0

POWER_CONST_CACHE_W_CORE_0                                      0                             0

POWER_CONST_CACHE_R_TAG_CORE_0                                  0                             0

POWER_CONST_CACHE_W_TAG_CORE_0                                  0                             0

POWER_TEXTURE_CACHE_R_CORE_0                                    0                             0

POWER_TEXTURE_CACHE_W_CORE_0                                    0                             0

POWER_TEXTURE_CACHE_R_TAG_CORE_0                                0                             0

POWER_TEXTURE_CACHE_W_TAG_CORE_0                                0                             0

POWER_SHARED_MEM_R_CORE_0                                       0                             0

POWER_SHARED_MEM_W_CORE_0                                       0                             0

POWER_SHARED_MEM_R_TAG_CORE_0                                   0                             0

POWER_SHARED_MEM_W_TAG_CORE_0                                   0                             0

