BP_MISPRED_STALL_CORE_0                                  52479529                      52479529

BP_RESOLVED_CORE_0                                         345302                        345302

BP_REDIRECT_RESOLVED_CORE_0                                     0                             0

PERFECT_TARGET_PRED_CORE_0                                      0                             0

BP_ON_PATH_CORRECT_CORE_0                                10160265                       96.7327%
BP_ON_PATH_MISPREDICT_CORE_0                               343175                       3.26726%
BP_ON_PATH_MISFETCH_CORE_0                                      0                             0%
                                                         10503440                           100%

BP_OFF_PATH_CORRECT_CORE_0                                      0                          NaN 
BP_OFF_PATH_MISPREDICT_CORE_0                                   0                          NaN 
BP_OFF_PATH_MISFETCH_CORE_0                                     0                          NaN 
                                                                0                           100%

BP_MISPRED_STALL_CORE_1                                    483227                        483227

BP_RESOLVED_CORE_1                                           4995                          4995

BP_REDIRECT_RESOLVED_CORE_1                                     0                             0

PERFECT_TARGET_PRED_CORE_1                                      0                             0

BP_ON_PATH_CORRECT_CORE_1                                 7910482                       99.9372%
BP_ON_PATH_MISPREDICT_CORE_1                                 4973                     0.0628265%
BP_ON_PATH_MISFETCH_CORE_1                                      0                             0%
                                                          7915455                           100%

BP_OFF_PATH_CORRECT_CORE_1                                      0                          NaN 
BP_OFF_PATH_MISPREDICT_CORE_1                                   0                          NaN 
BP_OFF_PATH_MISFETCH_CORE_1                                     0                          NaN 
                                                                0                           100%

