####################################################################################################
Interval
####################################################################################################
Cumulative:         Cycles:                  20000     Instructions:                  1200
DISPATCHED_INST                                         203021327                     203021327

DISPATCH_WAIT                                          7983749766                       39.3247

NUM_NO_FETCH_CYCLES                                             0                             0

AVG_CORE_IDLE_CYCLE                                             0                             0

REEXEC_NUM                                                      0                             0

INV_MATCH_NUM                                                   0                             0

EARLY_PERM_NUM                                                  0                             0

PERM_MATCH_NUM                                                  0                             0

RETIRE_SPECLD_NUM                                               0                             0

RETIRE_SPECST_NUM                                               0                             0

FENCE_HEAD_ROB_WAIT                                             0                             0

NUM_SAMPLES_CORE_0                                      107374184                     107374184

NUM_ACTIVE_BLOCKS_CORE_0                                        0                             0

NUM_ACTIVE_THREADS_CORE_0                               107374184                             1

NUM_SCHED_IDLE_CYCLE_CORE_0                               7524217                       7524217

NUM_NO_SCHED_CYCLE_CORE_0                                68380838                      68380838

CORE_DISPATCHED_INST_CORE_0                              96602113                      96602113

CORE_DISPATCH_WAIT_CORE_0                              4343275346                       44.9605

CORE_CYCLES_CORE_0                                              0                             0

CORE_SCHED_THREADS_CORE_0                                       0                           NaN

CORE_NUM_NO_FETCH_CYCLES_CORE_0                                 0                             0

CORE_NUM_NO_FETCH_CYCLES_WITH_READY_THREADS_CORE_0                   0                             0

CORE_NUM_FETCH_CYCLES_CORE_0                                    0                             0

CORE_FETCH_DELTA_CORE_0                                         0                           NaN

CORE_NUM_RETIRE_CYCLES_CORE_0                                   0                             0

CORE_RETIRE_DELTA_CORE_0                                        0                           NaN

FENCE_PREF_REQ_CORE_0                                           0                             0

FENCE_WAITING_CORE_0                                            0                             0

DYN_FENCE_NUM_CORE_0                                            0                             0

WB_ORDERING_STALL_CORE_0                                        0                             0

WB_FULL_CORE_0                                                  0                             0

FENCE_TOT_CYCLES_CORE_0                                         0                             0

FENCE_EXEC_CYCLES_CORE_0                                        0                             0

STORE_RES_CORE_0                                        813997355                     813997355

STORE_NUM_CORE_0                                          6635052                       6635052

STORE_WB_FREE_CORE_0                                            0                             0

SCHED_FAILED_REASON_SUCCESS_CORE_0                       96602349                       5.45322%
SCHED_FAILED_OPERANDS_NOT_READY_CORE_0                 1666607952                       94.0803%
SCHED_FAILED_NO_PORTS_CORE_0                              8262943                      0.466445%
SCHED_FAILED_FENCE_ACTIVE_CORE_0                                0                             0%
                                                       1771473244                           100%

NUM_SAMPLES_CORE_1                                      107374184                     107374184

NUM_ACTIVE_BLOCKS_CORE_1                                        0                             0

NUM_ACTIVE_THREADS_CORE_1                               107374184                             1

NUM_SCHED_IDLE_CYCLE_CORE_1                              14424858                      14424858

NUM_NO_SCHED_CYCLE_CORE_1                                35918500                      35918500

CORE_DISPATCHED_INST_CORE_1                             106419214                     106419214

CORE_DISPATCH_WAIT_CORE_1                              3640474420                       34.2088

CORE_CYCLES_CORE_1                                              0                             0

CORE_SCHED_THREADS_CORE_1                                       0                           NaN

CORE_NUM_NO_FETCH_CYCLES_CORE_1                                 0                             0

CORE_NUM_NO_FETCH_CYCLES_WITH_READY_THREADS_CORE_1                   0                             0

CORE_NUM_FETCH_CYCLES_CORE_1                                    0                             0

CORE_FETCH_DELTA_CORE_1                                         0                           NaN

CORE_NUM_RETIRE_CYCLES_CORE_1                                   0                             0

CORE_RETIRE_DELTA_CORE_1                                        0                           NaN

FENCE_PREF_REQ_CORE_1                                           0                             0

FENCE_WAITING_CORE_1                                            0                             0

DYN_FENCE_NUM_CORE_1                                            0                             0

WB_ORDERING_STALL_CORE_1                                        0                             0

WB_FULL_CORE_1                                                  0                             0

FENCE_TOT_CYCLES_CORE_1                                         0                             0

FENCE_EXEC_CYCLES_CORE_1                                        0                             0

STORE_RES_CORE_1                                       2141452789                    2141452789

STORE_NUM_CORE_1                                         12099155                      12099155

STORE_WB_FREE_CORE_1                                            0                             0

SCHED_FAILED_REASON_SUCCESS_CORE_1                      106468182                       5.82057%
SCHED_FAILED_OPERANDS_NOT_READY_CORE_1                 1715222539                       93.7705%
SCHED_FAILED_NO_PORTS_CORE_1                              7481041                      0.408985%
SCHED_FAILED_FENCE_ACTIVE_CORE_1                                0                             0%
                                                       1829171762                           100%

