####################################################################################################
Interval
####################################################################################################
Cumulative:         Cycles:                  20000     Instructions:                  1200
DRAM_PRECHARGE                                              77643                         77643

DRAM_ACTIVATE                                               77651                         77651

DRAM_COLUMN                                                518634                        518634

DRAM_AVG_LATENCY_BASE                                      518634                        518634

DRAM_AVG_LATENCY                                         14569022                       28.0911

BANDWIDTH_TOT                                            33192576                      33192576

DRAM_CHANNEL0_BANDWIDTH_SATURATED                           17697                         17697

DRAM_CHANNEL1_BANDWIDTH_SATURATED                           16708                         16708

DRAM_CHANNEL2_BANDWIDTH_SATURATED                               0                             0

DRAM_CHANNEL3_BANDWIDTH_SATURATED                               0                             0

DRAM_CHANNEL4_BANDWIDTH_SATURATED                               0                             0

DRAM_CHANNEL5_BANDWIDTH_SATURATED                               0                             0

DRAM_CHANNEL6_BANDWIDTH_SATURATED                               0                             0

DRAM_CHANNEL7_BANDWIDTH_SATURATED                               0                             0

DRAM_CHANNEL0_DBUS_IDLE                                  35255695                      35255695

DRAM_CHANNEL1_DBUS_IDLE                                  35290319                      35290319

DRAM_CHANNEL2_DBUS_IDLE                                         0                             0

DRAM_CHANNEL3_DBUS_IDLE                                         0                             0

DRAM_CHANNEL4_DBUS_IDLE                                         0                             0

DRAM_CHANNEL5_DBUS_IDLE                                         0                             0

DRAM_CHANNEL6_DBUS_IDLE                                         0                             0

DRAM_CHANNEL7_DBUS_IDLE                                         0                             0

