####################################################################################################
Interval
####################################################################################################
Cumulative:         Cycles:                  20000     Instructions:                  1200
AVG_MEMORY_LATENCY_BASE                                   8821258                       8821258

AVG_MEMORY_LATENCY                                      536253517                        60.791

MSHR_FULL                                                       0                             0

TOTAL_MEMORY                                              8533770                       8533770

TOTAL_MEMORY_MERGE                                        7380403                      0.864847

TOTAL_WB                                                   287496                     0.0336892

L1_WB                                                      287016                       0.99833

L2_WB                                                           0                             0

L3_WB                                                         480                    0.00166959

TOTAL_DRAM                                                 518634                        518634

TOTAL_DRAM_MERGE                                                0                             0

L1_HIT_CPU                                               71904677                      71904677

L1_HIT_GPU                                                      0                             0

L1_MISS_CPU                                               8533106                       8533106

L1_MISS_GPU                                                     0                             0

L2_HIT_CPU                                                      0                             0

L2_HIT_GPU                                                      0                             0

L2_MISS_CPU                                               1153367                       1153367

L2_MISS_GPU                                                     0                             0

L3_HIT_CPU                                                 635211                        635211

L3_HIT_GPU                                                      0                             0

L3_MISS_CPU                                                518154                        518154

L3_MISS_GPU                                                     0                             0

L3_HIT_PROMOTION_CPU                                            0                             0

L3_HIT_PROMOTION_GPU                                            0                             0

FETCH_THREAD_SKIP_LD_WAIT                                       0                             0

FETCH_THREAD_SKIP_BR_WAIT                                       0                             0

FETCH_THREAD_SKIP_SCHED_WAIT                                    0                             0

NUM_MUL_TRANS_CM_TM_DM_INST                                     0                             0

NUM_MUL_TRANS_CM_TM_DM                                          0                           NaN

CONST_CACHE_HIT                                                 0                             0

CONST_CACHE_MISS                                                0                             0

CONST_CACHE_MISS_NO_EXECUTE                                     0                             0

CONST_CACHE_ACCESS                                              0                             0

TEXTURE_CACHE_HIT                                               0                             0

TEXTURE_CACHE_MISS                                              0                             0

TEXTURE_CACHE_NO_EXECUTE                                        0                             0

TEXTURE_CACHE_ACCESS                                            0                             0

SHARED_MEM_INST                                                 0                             0

SHARED_MEM_ACCESS                                               0                             0

CACHE_BANK_BUSY                                           8135998                       8135998

ICACHE_MISS_TOTAL                                             664                           664

TOTAL_CAGE_PERIOD                                               0                             0

TOTAL_CAGE_APPL0                                                0                           NaN

TOTAL_CAGE_APPL1                                                0                           NaN

TOTAL_CAGE_APPL2                                                0                           NaN

TOTAL_CAGE_APPL3                                                0                           NaN

TOTAL_CAGE_APPL4                                                0                           NaN

ABIP_AVG_RATIO_BASE                                             0                             0

ABIP_AVG_RATIO                                                  0                           NaN

TOTAL_WRITE_ACKS                                                0                             0

TOTAL_WRITES                                                    0                             0

NUM_PHYSICAL_PAGES                                              0                             0

COAL_INST                                                       0                          NaN 
UNCOAL_INST                                                     0                          NaN 
                                                                0                           100%

COAL_INST_SINGLE_TRANS                                          0                          NaN 
COAL_INST_MUL_TRANS                                             0                          NaN 
UNCOAL_INST_MUL_TRANS                                           0                          NaN 
                                                                0                           100%

SM_COAL_INST                                                    0                          NaN 
CM_COAL_INST                                                    0                          NaN 
TM_COAL_INST                                                    0                          NaN 
DM_COAL_INST                                                    0                          NaN 
                                                                0                           100%

SM_UNCOAL_INST                                                  0                          NaN 
CM_UNCOAL_INST                                                  0                          NaN 
TM_UNCOAL_INST                                                  0                          NaN 
DM_UNCOAL_INST                                                  0                          NaN 
                                                                0                           100%

SM_COAL_INST_SINGLE_TRANS                                       0                          NaN 
CM_COAL_INST_SINGLE_TRANS                                       0                          NaN 
TM_COAL_INST_SINGLE_TRANS                                       0                          NaN 
DM_COAL_INST_SINGLE_TRANS                                       0                          NaN 
                                                                0                           100%

SM_COAL_INST_MUL_TRANS                                          0                          NaN 
CM_COAL_INST_MUL_TRANS                                          0                          NaN 
TM_COAL_INST_MUL_TRANS                                          0                          NaN 
DM_COAL_INST_MUL_TRANS                                          0                          NaN 
                                                                0                           100%

LD_NO_FORWARD                                            32330174                       52.3959%
FORWARDED_LD                                             29373483                       47.6041%
                                                         61703657                           100%

L3_TOT_ACCESS_CORE_CORE_0                                  648242                        648242

L3_HIT_CORE_CORE_0                                         536411                        536411

L3_MISS_CORE_CORE_0                                        111831                        111831

L3_HIT_RATE_CORE_CORE_0                                    536411                      0.827486

L3_MISS_RATE_CORE_CORE_0                                   111831                      0.172514

L3_BYPASS_CORE_CORE_0                                       90717                         90717

MEM_STALL_CYCLE_CORE_0                                          0                             0

ICACHE_FILL_CORE_0                                            100                           100

NUM_WRITE_ACKS_CORE_0                                           0                             0

NUM_WRITES_CORE_0                                               0                             0

ICACHE_HIT_CORE_0                                        24150530                       99.9996%
ICACHE_MISS_CORE_0                                            100                   0.000414068%
                                                         24150630                           100%

L3_TOT_ACCESS_CORE_CORE_1                                  505123                        505123

L3_HIT_CORE_CORE_1                                          98800                         98800

L3_MISS_CORE_CORE_1                                        406323                        406323

L3_HIT_RATE_CORE_CORE_1                                     98800                      0.195596

L3_MISS_RATE_CORE_CORE_1                                   406323                      0.804404

L3_BYPASS_CORE_CORE_1                                      340705                        340705

MEM_STALL_CYCLE_CORE_1                                          0                             0

ICACHE_FILL_CORE_1                                            564                           564

NUM_WRITE_ACKS_CORE_1                                           0                             0

NUM_WRITES_CORE_1                                               0                             0

ICACHE_HIT_CORE_1                                        26604881                       99.9979%
ICACHE_MISS_CORE_1                                            564                    0.00211987%
                                                         26605445                           100%

