####################################################################################################
Interval
####################################################################################################
Cumulative:         Cycles:                  20000     Instructions:                  1200
TOTAL_PACKET_CPU                                          3343520                       3343520

TOTAL_PACKET_GPU                                                0                             0

NOC_AVG_LATENCY_BASE                                      3343520                       3343520

NOC_AVG_LATENCY_BASE_CPU                                  3343520                       3343520

NOC_AVG_LATENCY_BASE_GPU                                        0                             0

NOC_AVG_LATENCY                                          35870901                       10.7285

NOC_AVG_LATENCY_CPU                                      35870901                       10.7285

NOC_AVG_LATENCY_GPU                                             0                           NaN

NOC_AVG_ACTIVE_PACKET_BASE                                3343520                       3343520

NOC_AVG_ACTIVE_PACKET_BASE_CPU                            3343520                       3343520

NOC_AVG_ACTIVE_PACKET_BASE_GPU                                  0                             0

NOC_AVG_ACTIVE_PACKET                                     5104442                       1.52667

NOC_AVG_ACTIVE_PACKET_CPU                                 5104442                       1.52667

NOC_AVG_ACTIVE_PACKET_GPU                                       0                           NaN

NOC_IDLE_CHANNEL                                                0                             0

NOC_IDLE_CHANNEL_CPU                                            0                             0

NOC_IDLE_CHANNEL_GPU                                            0                             0

NOC_IDLE_CHANNEL_L3                                             0                             0

NOC_IDLE_CHANNEL_MC                                             0                             0

NOC_AVG_WAIT_IN_ROUTER_BASE                               7983525                       7983525

NOC_AVG_WAIT_IN_ROUTER_BASE_CPU                           2954975                       2954975

NOC_AVG_WAIT_IN_ROUTER_BASE_GPU                                 0                             0

NOC_AVG_WAIT_IN_ROUTER_BASE_L3                            3343520                       3343520

NOC_AVG_WAIT_IN_ROUTER_BASE_MC                            1685030                       1685030

NOC_AVG_WAIT_IN_ROUTER                                   65074804                       8.15114

NOC_AVG_WAIT_IN_ROUTER_CPU                               23652796                        8.0044

NOC_AVG_WAIT_IN_ROUTER_GPU                                      0                           NaN

NOC_AVG_WAIT_IN_ROUTER_L3                                26589983                       7.95269

NOC_AVG_WAIT_IN_ROUTER_MC                                14832025                       8.80223

NOC_LINK_ACTIVE                                          13920969                      13920969

