####################################################################################################
Interval
####################################################################################################
Cumulative:         Cycles:                  20000     Instructions:                  1200
FP_OPS_TOT                                                6920277                       6920277

FP_OPS_CORE_0                                               38956                         38956

OP_CAT_XED_CATEGORY_INVALID_CORE_0                              0                             0%
OP_CAT_XED_CATEGORY_3DNOW_CORE_0                                0                             0%
OP_CAT_XED_CATEGORY_AES_CORE_0                                  0                             0%
OP_CAT_XED_CATEGORY_AVX_CORE_0                                  0                             0%
OP_CAT_XED_CATEGORY_AVX2_CORE_0                                 0                             0%
OP_CAT_XED_CATEGORY_AVX2GATHER_CORE_0                           0                             0%
OP_CAT_XED_CATEGORY_BDW_CORE_0                                  0                             0%
OP_CAT_XED_CATEGORY_BINARY_CORE_0                        23386635                       29.8418%
OP_CAT_XED_CATEGORY_BITBYTE_CORE_0                          15594                     0.0198983%
OP_CAT_XED_CATEGORY_BMI1_CORE_0                                 0                             0%
OP_CAT_XED_CATEGORY_BMI2_CORE_0                                 0                             0%
OP_CAT_XED_CATEGORY_BROADCAST_CORE_0                            0                             0%
OP_CAT_XED_CATEGORY_CALL_CORE_0                            515914                      0.658317%
OP_CAT_XED_CATEGORY_CMOV_CORE_0                           1459854                        1.8628%
OP_CAT_XED_CATEGORY_COND_BR_CORE_0                       10963347                       13.9895%
OP_CAT_XED_CATEGORY_CONVERT_CORE_0                         497188                      0.634422%
OP_CAT_XED_CATEGORY_DATAXFER_CORE_0                      33808207                         43.14%
OP_CAT_XED_CATEGORY_DECIMAL_CORE_0                              0                             0%
OP_CAT_XED_CATEGORY_FCMOV_CORE_0                                0                             0%
OP_CAT_XED_CATEGORY_FLAGOP_CORE_0                               0                             0%
OP_CAT_XED_CATEGORY_FMA4_CORE_0                                 0                             0%
OP_CAT_XED_CATEGORY_INTERRUPT_CORE_0                            0                             0%
OP_CAT_XED_CATEGORY_IO_CORE_0                                   0                             0%
OP_CAT_XED_CATEGORY_IOSTRINGOP_CORE_0                           0                             0%
OP_CAT_XED_CATEGORY_LOGICAL_CORE_0                         429585                      0.548159%
OP_CAT_XED_CATEGORY_LZCNT_CORE_0                                0                             0%
OP_CAT_XED_CATEGORY_MISC_CORE_0                           1416646                       1.80767%
OP_CAT_XED_CATEGORY_MMX_CORE_0                                  0                             0%
OP_CAT_XED_CATEGORY_NOP_CORE_0                                  0                             0%
OP_CAT_XED_CATEGORY_PCLMULQDQ_CORE_0                            0                             0%
OP_CAT_XED_CATEGORY_POP_CORE_0                             209698                      0.267579%
OP_CAT_XED_CATEGORY_PREFETCH_CORE_0                             0                             0%
OP_CAT_XED_CATEGORY_PUSH_CORE_0                            209698                      0.267579%
OP_CAT_XED_CATEGORY_RDRAND_CORE_0                               0                             0%
OP_CAT_XED_CATEGORY_RDSEED_CORE_0                               0                             0%
OP_CAT_XED_CATEGORY_RDWRFSGS_CORE_0                             0                             0%
OP_CAT_XED_CATEGORY_RET_CORE_0                             515914                      0.658317%
OP_CAT_XED_CATEGORY_ROTATE_CORE_0                               0                             0%
OP_CAT_XED_CATEGORY_SEGOP_CORE_0                                0                             0%
OP_CAT_XED_CATEGORY_SEMAPHORE_CORE_0                        21598                     0.0275595%
OP_CAT_XED_CATEGORY_SHIFT_CORE_0                           165734                       0.21148%
OP_CAT_XED_CATEGORY_SSE_CORE_0                              19478                     0.0248543%
OP_CAT_XED_CATEGORY_STRINGOP_CORE_0                             0                             0%
OP_CAT_XED_CATEGORY_STTNI_CORE_0                                0                             0%
OP_CAT_XED_CATEGORY_SYSCALL_CORE_0                             39                   4.97648e-05%
OP_CAT_XED_CATEGORY_SYSRET_CORE_0                               0                             0%
OP_CAT_XED_CATEGORY_SYSTEM_CORE_0                               0                             0%
OP_CAT_XED_CATEGORY_TBM_CORE_0                                  0                             0%
OP_CAT_XED_CATEGORY_UNCOND_BR_CORE_0                       147275                      0.187926%
OP_CAT_XED_CATEGORY_VFMA_CORE_0                                 0                             0%
OP_CAT_XED_CATEGORY_VTX_CORE_0                                  0                             0%
OP_CAT_XED_CATEGORY_WIDENOP_CORE_0                              0                             0%
OP_CAT_XED_CATEGORY_X87_ALU_CORE_0                              0                             0%
OP_CAT_XED_CATEGORY_XOP_CORE_0                                  0                             0%
OP_CAT_XED_CATEGORY_XSAVE_CORE_0                                0                             0%
OP_CAT_XED_CATEGORY_XSAVEOPT_CORE_0                             0                             0%
OP_CAT_TR_MUL_CORE_0                                      4182681                       5.33719%
OP_CAT_TR_DIV_CORE_0                                            0                             0%
OP_CAT_TR_FMUL_CORE_0                                           0                             0%
OP_CAT_TR_FDIV_CORE_0                                        2946                    0.00375916%
OP_CAT_TR_NOP_CORE_0                                       400627                      0.511208%
OP_CAT_PREFETCH_NTA_CORE_0                                      0                             0%
OP_CAT_PREFETCH_T0_CORE_0                                       0                             0%
OP_CAT_PREFETCH_T1_CORE_0                                       0                             0%
OP_CAT_PREFETCH_T2_CORE_0                                       0                             0%
OP_CAT_GPU_EN_CORE_0                                            0                             0%
OP_CAT_GPU_INVALID_CORE_0                                       0                             0%
OP_CAT_GPU_ABS_CORE_0                                           0                             0%
OP_CAT_GPU_ABS64_CORE_0                                         0                             0%
OP_CAT_GPU_ADD_CORE_0                                           0                             0%
OP_CAT_GPU_ADD64_CORE_0                                         0                             0%
OP_CAT_GPU_ADDC_CORE_0                                          0                             0%
OP_CAT_GPU_AND_CORE_0                                           0                             0%
OP_CAT_GPU_AND64_CORE_0                                         0                             0%
OP_CAT_GPU_ATOM_GM_CORE_0                                       0                             0%
OP_CAT_GPU_ATOM_SM_CORE_0                                       0                             0%
OP_CAT_GPU_ATOM64_GM_CORE_0                                     0                             0%
OP_CAT_GPU_ATOM64_SM_CORE_0                                     0                             0%
OP_CAT_GPU_BAR_ARRIVE_CORE_0                                    0                             0%
OP_CAT_GPU_BAR_SYNC_CORE_0                                      0                             0%
OP_CAT_GPU_BAR_RED_CORE_0                                       0                             0%
OP_CAT_GPU_BFE_CORE_0                                           0                             0%
OP_CAT_GPU_BFE64_CORE_0                                         0                             0%
OP_CAT_GPU_BFI_CORE_0                                           0                             0%
OP_CAT_GPU_BFI64_CORE_0                                         0                             0%
OP_CAT_GPU_BFIND_CORE_0                                         0                             0%
OP_CAT_GPU_BFIND64_CORE_0                                       0                             0%
OP_CAT_GPU_BRA_CORE_0                                           0                             0%
OP_CAT_GPU_BREV_CORE_0                                          0                             0%
OP_CAT_GPU_BREV64_CORE_0                                        0                             0%
OP_CAT_GPU_BRKPT_CORE_0                                         0                             0%
OP_CAT_GPU_CALL_CORE_0                                          0                             0%
OP_CAT_GPU_CLZ_CORE_0                                           0                             0%
OP_CAT_GPU_CLZ64_CORE_0                                         0                             0%
OP_CAT_GPU_CNOT_CORE_0                                          0                             0%
OP_CAT_GPU_CNOT64_CORE_0                                        0                             0%
OP_CAT_GPU_COPYSIGN_CORE_0                                      0                             0%
OP_CAT_GPU_COPYSIGN64_CORE_0                                    0                             0%
OP_CAT_GPU_COS_CORE_0                                           0                             0%
OP_CAT_GPU_CVT_CORE_0                                           0                             0%
OP_CAT_GPU_CVT64_CORE_0                                         0                             0%
OP_CAT_GPU_CVTA_CORE_0                                          0                             0%
OP_CAT_GPU_CVTA64_CORE_0                                        0                             0%
OP_CAT_GPU_DIV_CORE_0                                           0                             0%
OP_CAT_GPU_DIV64_CORE_0                                         0                             0%
OP_CAT_GPU_EX2_CORE_0                                           0                             0%
OP_CAT_GPU_EXIT_CORE_0                                          0                             0%
OP_CAT_GPU_FMA_CORE_0                                           0                             0%
OP_CAT_GPU_FMA64_CORE_0                                         0                             0%
OP_CAT_GPU_ISSPACEP_CORE_0                                      0                             0%
OP_CAT_GPU_LD_CORE_0                                            0                             0%
OP_CAT_GPU_LD64_CORE_0                                          0                             0%
OP_CAT_GPU_LDU_CORE_0                                           0                             0%
OP_CAT_GPU_LDU64_CORE_0                                         0                             0%
OP_CAT_GPU_LG2_CORE_0                                           0                             0%
OP_CAT_GPU_MAD24_CORE_0                                         0                             0%
OP_CAT_GPU_MAD_CORE_0                                           0                             0%
OP_CAT_GPU_MAD64_CORE_0                                         0                             0%
OP_CAT_GPU_MADC_CORE_0                                          0                             0%
OP_CAT_GPU_MADC64_CORE_0                                        0                             0%
OP_CAT_GPU_MAX_CORE_0                                           0                             0%
OP_CAT_GPU_MAX64_CORE_0                                         0                             0%
OP_CAT_GPU_MEMBAR_CTA_CORE_0                                    0                             0%
OP_CAT_GPU_MEMBAR_GL_CORE_0                                     0                             0%
OP_CAT_GPU_MEMBAR_SYS_CORE_0                                    0                             0%
OP_CAT_GPU_MIN_CORE_0                                           0                             0%
OP_CAT_GPU_MIN64_CORE_0                                         0                             0%
OP_CAT_GPU_MOV_CORE_0                                           0                             0%
OP_CAT_GPU_MOV64_CORE_0                                         0                             0%
OP_CAT_GPU_MUL24_CORE_0                                         0                             0%
OP_CAT_GPU_MUL_CORE_0                                           0                             0%
OP_CAT_GPU_MUL64_CORE_0                                         0                             0%
OP_CAT_GPU_NEG_CORE_0                                           0                             0%
OP_CAT_GPU_NEG64_CORE_0                                         0                             0%
OP_CAT_GPU_NOT_CORE_0                                           0                             0%
OP_CAT_GPU_NOT64_CORE_0                                         0                             0%
OP_CAT_GPU_OR_CORE_0                                            0                             0%
OP_CAT_GPU_OR64_CORE_0                                          0                             0%
OP_CAT_GPU_PMEVENT_CORE_0                                       0                             0%
OP_CAT_GPU_POPC_CORE_0                                          0                             0%
OP_CAT_GPU_POPC64_CORE_0                                        0                             0%
OP_CAT_GPU_PREFETCH_CORE_0                                      0                             0%
OP_CAT_GPU_PREFETCHU_CORE_0                                     0                             0%
OP_CAT_GPU_PRMT_CORE_0                                          0                             0%
OP_CAT_GPU_RCP_CORE_0                                           0                             0%
OP_CAT_GPU_RCP64_CORE_0                                         0                             0%
OP_CAT_GPU_RED_GM_CORE_0                                        0                             0%
OP_CAT_GPU_RED_SM_CORE_0                                        0                             0%
OP_CAT_GPU_RED64_GM_CORE_0                                      0                             0%
OP_CAT_GPU_RED64_SM_CORE_0                                      0                             0%
OP_CAT_GPU_REM_CORE_0                                           0                             0%
OP_CAT_GPU_REM64_CORE_0                                         0                             0%
OP_CAT_GPU_RET_CORE_0                                           0                             0%
OP_CAT_GPU_RSQRT_CORE_0                                         0                             0%
OP_CAT_GPU_RSQRT64_CORE_0                                       0                             0%
OP_CAT_GPU_SAD_CORE_0                                           0                             0%
OP_CAT_GPU_SAD64_CORE_0                                         0                             0%
OP_CAT_GPU_SELP_CORE_0                                          0                             0%
OP_CAT_GPU_SELP64_CORE_0                                        0                             0%
OP_CAT_GPU_SET_CORE_0                                           0                             0%
OP_CAT_GPU_SET64_CORE_0                                         0                             0%
OP_CAT_GPU_SETP_CORE_0                                          0                             0%
OP_CAT_GPU_SETP64_CORE_0                                        0                             0%
OP_CAT_GPU_SHFL_CORE_0                                          0                             0%
OP_CAT_GPU_SHFL64_CORE_0                                        0                             0%
OP_CAT_GPU_SHL_CORE_0                                           0                             0%
OP_CAT_GPU_SHL64_CORE_0                                         0                             0%
OP_CAT_GPU_SHR_CORE_0                                           0                             0%
OP_CAT_GPU_SHR64_CORE_0                                         0                             0%
OP_CAT_GPU_SIN_CORE_0                                           0                             0%
OP_CAT_GPU_SLCT_CORE_0                                          0                             0%
OP_CAT_GPU_SLCT64_CORE_0                                        0                             0%
OP_CAT_GPU_SQRT_CORE_0                                          0                             0%
OP_CAT_GPU_SQRT64_CORE_0                                        0                             0%
OP_CAT_GPU_ST_CORE_0                                            0                             0%
OP_CAT_GPU_ST64_CORE_0                                          0                             0%
OP_CAT_GPU_SUB_CORE_0                                           0                             0%
OP_CAT_GPU_SUB64_CORE_0                                         0                             0%
OP_CAT_GPU_SUBC_CORE_0                                          0                             0%
OP_CAT_GPU_SULD_CORE_0                                          0                             0%
OP_CAT_GPU_SULD64_CORE_0                                        0                             0%
OP_CAT_GPU_SURED_CORE_0                                         0                             0%
OP_CAT_GPU_SURED64_CORE_0                                       0                             0%
OP_CAT_GPU_SUST_CORE_0                                          0                             0%
OP_CAT_GPU_SUST64_CORE_0                                        0                             0%
OP_CAT_GPU_SUQ_CORE_0                                           0                             0%
OP_CAT_GPU_TESTP_CORE_0                                         0                             0%
OP_CAT_GPU_TESTP64_CORE_0                                       0                             0%
OP_CAT_GPU_TEX_CORE_0                                           0                             0%
OP_CAT_GPU_TLD4_CORE_0                                          0                             0%
OP_CAT_GPU_TXQ_CORE_0                                           0                             0%
OP_CAT_GPU_TRAP_CORE_0                                          0                             0%
OP_CAT_GPU_VABSDIFF_CORE_0                                      0                             0%
OP_CAT_GPU_VADD_CORE_0                                          0                             0%
OP_CAT_GPU_VMAD_CORE_0                                          0                             0%
OP_CAT_GPU_VMAX_CORE_0                                          0                             0%
OP_CAT_GPU_VMIN_CORE_0                                          0                             0%
OP_CAT_GPU_VSET_CORE_0                                          0                             0%
OP_CAT_GPU_VSHL_CORE_0                                          0                             0%
OP_CAT_GPU_VSHR_CORE_0                                          0                             0%
OP_CAT_GPU_VSUB_CORE_0                                          0                             0%
OP_CAT_GPU_VOTE_CORE_0                                          0                             0%
OP_CAT_GPU_XOR_CORE_0                                           0                             0%
OP_CAT_GPU_XOR64_CORE_0                                         0                             0%
OP_CAT_GPU_RECONVERGE_CORE_0                                    0                             0%
OP_CAT_GPU_PHI_CORE_0                                           0                             0%
OP_CAT_GPU_MEM_LD_GM_CORE_0                                     0                             0%
OP_CAT_GPU_MEM_LD_LM_CORE_0                                     0                             0%
OP_CAT_GPU_MEM_LD_SM_CORE_0                                     0                             0%
OP_CAT_GPU_MEM_LD_CM_CORE_0                                     0                             0%
OP_CAT_GPU_MEM_LD_TM_CORE_0                                     0                             0%
OP_CAT_GPU_MEM_LD_PM_CORE_0                                     0                             0%
OP_CAT_GPU_MEM_LDU_GM_CORE_0                                    0                             0%
OP_CAT_GPU_MEM_ST_GM_CORE_0                                     0                             0%
OP_CAT_GPU_MEM_ST_LM_CORE_0                                     0                             0%
OP_CAT_GPU_MEM_ST_SM_CORE_0                                     0                             0%
OP_CAT_GPU_DATA_XFER_GM_CORE_0                                  0                             0%
OP_CAT_GPU_DATA_XFER_LM_CORE_0                                  0                             0%
OP_CAT_GPU_DATA_XFER_SM_CORE_0                                  0                             0%
                                                         78368658                           100%

FP_OPS_CORE_1                                             6881321                       6881321

OP_CAT_XED_CATEGORY_INVALID_CORE_1                              0                             0%
OP_CAT_XED_CATEGORY_3DNOW_CORE_1                                0                             0%
OP_CAT_XED_CATEGORY_AES_CORE_1                                  0                             0%
OP_CAT_XED_CATEGORY_AVX_CORE_1                                  0                             0%
OP_CAT_XED_CATEGORY_AVX2_CORE_1                                 0                             0%
OP_CAT_XED_CATEGORY_AVX2GATHER_CORE_1                           0                             0%
OP_CAT_XED_CATEGORY_BDW_CORE_1                                  0                             0%
OP_CAT_XED_CATEGORY_BINARY_CORE_1                         8596344                       22.3198%
OP_CAT_XED_CATEGORY_BITBYTE_CORE_1                            365                   0.000947697%
OP_CAT_XED_CATEGORY_BMI1_CORE_1                                 0                             0%
OP_CAT_XED_CATEGORY_BMI2_CORE_1                                 0                             0%
OP_CAT_XED_CATEGORY_BROADCAST_CORE_1                            0                             0%
OP_CAT_XED_CATEGORY_CALL_CORE_1                               768                    0.00199406%
OP_CAT_XED_CATEGORY_CMOV_CORE_1                               199                   0.000516689%
OP_CAT_XED_CATEGORY_COND_BR_CORE_1                        5633307                       14.6265%
OP_CAT_XED_CATEGORY_CONVERT_CORE_1                        2853306                       7.40841%
OP_CAT_XED_CATEGORY_DATAXFER_CORE_1                      10284017                       26.7017%
OP_CAT_XED_CATEGORY_DECIMAL_CORE_1                              0                             0%
OP_CAT_XED_CATEGORY_FCMOV_CORE_1                                0                             0%
OP_CAT_XED_CATEGORY_FLAGOP_CORE_1                               0                             0%
OP_CAT_XED_CATEGORY_FMA4_CORE_1                                 0                             0%
OP_CAT_XED_CATEGORY_INTERRUPT_CORE_1                            0                             0%
OP_CAT_XED_CATEGORY_IO_CORE_1                                   0                             0%
OP_CAT_XED_CATEGORY_IOSTRINGOP_CORE_1                           0                             0%
OP_CAT_XED_CATEGORY_LOGICAL_CORE_1                          18628                     0.0483663%
OP_CAT_XED_CATEGORY_LZCNT_CORE_1                                0                             0%
OP_CAT_XED_CATEGORY_MISC_CORE_1                              7499                     0.0194706%
OP_CAT_XED_CATEGORY_MMX_CORE_1                                  0                             0%
OP_CAT_XED_CATEGORY_NOP_CORE_1                                  0                             0%
OP_CAT_XED_CATEGORY_PCLMULQDQ_CORE_1                            0                             0%
OP_CAT_XED_CATEGORY_POP_CORE_1                               1563                    0.00405822%
OP_CAT_XED_CATEGORY_PREFETCH_CORE_1                             0                             0%
OP_CAT_XED_CATEGORY_PUSH_CORE_1                              1577                    0.00409457%
OP_CAT_XED_CATEGORY_RDRAND_CORE_1                               0                             0%
OP_CAT_XED_CATEGORY_RDSEED_CORE_1                               0                             0%
OP_CAT_XED_CATEGORY_RDWRFSGS_CORE_1                             0                             0%
OP_CAT_XED_CATEGORY_RET_CORE_1                                767                    0.00199146%
OP_CAT_XED_CATEGORY_ROTATE_CORE_1                              12                   3.11571e-05%
OP_CAT_XED_CATEGORY_SEGOP_CORE_1                                0                             0%
OP_CAT_XED_CATEGORY_SEMAPHORE_CORE_1                            3                   7.78929e-06%
OP_CAT_XED_CATEGORY_SHIFT_CORE_1                          2855995                       7.41539%
OP_CAT_XED_CATEGORY_SSE_CORE_1                                 32                   8.30857e-05%
OP_CAT_XED_CATEGORY_STRINGOP_CORE_1                           312                   0.000810086%
OP_CAT_XED_CATEGORY_STTNI_CORE_1                                0                             0%
OP_CAT_XED_CATEGORY_SYSCALL_CORE_1                             26                   6.75071e-05%
OP_CAT_XED_CATEGORY_SYSRET_CORE_1                               0                             0%
OP_CAT_XED_CATEGORY_SYSTEM_CORE_1                              19                   4.93321e-05%
OP_CAT_XED_CATEGORY_TBM_CORE_1                                  0                             0%
OP_CAT_XED_CATEGORY_UNCOND_BR_CORE_1                         1673                    0.00434383%
OP_CAT_XED_CATEGORY_VFMA_CORE_1                                 0                             0%
OP_CAT_XED_CATEGORY_VTX_CORE_1                                  0                             0%
OP_CAT_XED_CATEGORY_WIDENOP_CORE_1                              0                             0%
OP_CAT_XED_CATEGORY_X87_ALU_CORE_1                        8257536                       21.4401%
OP_CAT_XED_CATEGORY_XOP_CORE_1                                  0                             0%
OP_CAT_XED_CATEGORY_XSAVE_CORE_1                                2                   5.19286e-06%
OP_CAT_XED_CATEGORY_XSAVEOPT_CORE_1                             0                             0%
OP_CAT_TR_MUL_CORE_1                                          228                   0.000591986%
OP_CAT_TR_DIV_CORE_1                                           90                   0.000233679%
OP_CAT_TR_FMUL_CORE_1                                           0                             0%
OP_CAT_TR_FDIV_CORE_1                                           0                             0%
OP_CAT_TR_NOP_CORE_1                                          171                   0.000443989%
OP_CAT_PREFETCH_NTA_CORE_1                                      0                             0%
OP_CAT_PREFETCH_T0_CORE_1                                       0                             0%
OP_CAT_PREFETCH_T1_CORE_1                                       0                             0%
OP_CAT_PREFETCH_T2_CORE_1                                       0                             0%
OP_CAT_GPU_EN_CORE_1                                            0                             0%
OP_CAT_GPU_INVALID_CORE_1                                       0                             0%
OP_CAT_GPU_ABS_CORE_1                                           0                             0%
OP_CAT_GPU_ABS64_CORE_1                                         0                             0%
OP_CAT_GPU_ADD_CORE_1                                           0                             0%
OP_CAT_GPU_ADD64_CORE_1                                         0                             0%
OP_CAT_GPU_ADDC_CORE_1                                          0                             0%
OP_CAT_GPU_AND_CORE_1                                           0                             0%
OP_CAT_GPU_AND64_CORE_1                                         0                             0%
OP_CAT_GPU_ATOM_GM_CORE_1                                       0                             0%
OP_CAT_GPU_ATOM_SM_CORE_1                                       0                             0%
OP_CAT_GPU_ATOM64_GM_CORE_1                                     0                             0%
OP_CAT_GPU_ATOM64_SM_CORE_1                                     0                             0%
OP_CAT_GPU_BAR_ARRIVE_CORE_1                                    0                             0%
OP_CAT_GPU_BAR_SYNC_CORE_1                                      0                             0%
OP_CAT_GPU_BAR_RED_CORE_1                                       0                             0%
OP_CAT_GPU_BFE_CORE_1                                           0                             0%
OP_CAT_GPU_BFE64_CORE_1                                         0                             0%
OP_CAT_GPU_BFI_CORE_1                                           0                             0%
OP_CAT_GPU_BFI64_CORE_1                                         0                             0%
OP_CAT_GPU_BFIND_CORE_1                                         0                             0%
OP_CAT_GPU_BFIND64_CORE_1                                       0                             0%
OP_CAT_GPU_BRA_CORE_1                                           0                             0%
OP_CAT_GPU_BREV_CORE_1                                          0                             0%
OP_CAT_GPU_BREV64_CORE_1                                        0                             0%
OP_CAT_GPU_BRKPT_CORE_1                                         0                             0%
OP_CAT_GPU_CALL_CORE_1                                          0                             0%
OP_CAT_GPU_CLZ_CORE_1                                           0                             0%
OP_CAT_GPU_CLZ64_CORE_1                                         0                             0%
OP_CAT_GPU_CNOT_CORE_1                                          0                             0%
OP_CAT_GPU_CNOT64_CORE_1                                        0                             0%
OP_CAT_GPU_COPYSIGN_CORE_1                                      0                             0%
OP_CAT_GPU_COPYSIGN64_CORE_1                                    0                             0%
OP_CAT_GPU_COS_CORE_1                                           0                             0%
OP_CAT_GPU_CVT_CORE_1                                           0                             0%
OP_CAT_GPU_CVT64_CORE_1                                         0                             0%
OP_CAT_GPU_CVTA_CORE_1                                          0                             0%
OP_CAT_GPU_CVTA64_CORE_1                                        0                             0%
OP_CAT_GPU_DIV_CORE_1                                           0                             0%
OP_CAT_GPU_DIV64_CORE_1                                         0                             0%
OP_CAT_GPU_EX2_CORE_1                                           0                             0%
OP_CAT_GPU_EXIT_CORE_1                                          0                             0%
OP_CAT_GPU_FMA_CORE_1                                           0                             0%
OP_CAT_GPU_FMA64_CORE_1                                         0                             0%
OP_CAT_GPU_ISSPACEP_CORE_1                                      0                             0%
OP_CAT_GPU_LD_CORE_1                                            0                             0%
OP_CAT_GPU_LD64_CORE_1                                          0                             0%
OP_CAT_GPU_LDU_CORE_1                                           0                             0%
OP_CAT_GPU_LDU64_CORE_1                                         0                             0%
OP_CAT_GPU_LG2_CORE_1                                           0                             0%
OP_CAT_GPU_MAD24_CORE_1                                         0                             0%
OP_CAT_GPU_MAD_CORE_1                                           0                             0%
OP_CAT_GPU_MAD64_CORE_1                                         0                             0%
OP_CAT_GPU_MADC_CORE_1                                          0                             0%
OP_CAT_GPU_MADC64_CORE_1                                        0                             0%
OP_CAT_GPU_MAX_CORE_1                                           0                             0%
OP_CAT_GPU_MAX64_CORE_1                                         0                             0%
OP_CAT_GPU_MEMBAR_CTA_CORE_1                                    0                             0%
OP_CAT_GPU_MEMBAR_GL_CORE_1                                     0                             0%
OP_CAT_GPU_MEMBAR_SYS_CORE_1                                    0                             0%
OP_CAT_GPU_MIN_CORE_1                                           0                             0%
OP_CAT_GPU_MIN64_CORE_1                                         0                             0%
OP_CAT_GPU_MOV_CORE_1                                           0                             0%
OP_CAT_GPU_MOV64_CORE_1                                         0                             0%
OP_CAT_GPU_MUL24_CORE_1                                         0                             0%
OP_CAT_GPU_MUL_CORE_1                                           0                             0%
OP_CAT_GPU_MUL64_CORE_1                                         0                             0%
OP_CAT_GPU_NEG_CORE_1                                           0                             0%
OP_CAT_GPU_NEG64_CORE_1                                         0                             0%
OP_CAT_GPU_NOT_CORE_1                                           0                             0%
OP_CAT_GPU_NOT64_CORE_1                                         0                             0%
OP_CAT_GPU_OR_CORE_1                                            0                             0%
OP_CAT_GPU_OR64_CORE_1                                          0                             0%
OP_CAT_GPU_PMEVENT_CORE_1                                       0                             0%
OP_CAT_GPU_POPC_CORE_1                                          0                             0%
OP_CAT_GPU_POPC64_CORE_1                                        0                             0%
OP_CAT_GPU_PREFETCH_CORE_1                                      0                             0%
OP_CAT_GPU_PREFETCHU_CORE_1                                     0                             0%
OP_CAT_GPU_PRMT_CORE_1                                          0                             0%
OP_CAT_GPU_RCP_CORE_1                                           0                             0%
OP_CAT_GPU_RCP64_CORE_1                                         0                             0%
OP_CAT_GPU_RED_GM_CORE_1                                        0                             0%
OP_CAT_GPU_RED_SM_CORE_1                                        0                             0%
OP_CAT_GPU_RED64_GM_CORE_1                                      0                             0%
OP_CAT_GPU_RED64_SM_CORE_1                                      0                             0%
OP_CAT_GPU_REM_CORE_1                                           0                             0%
OP_CAT_GPU_REM64_CORE_1                                         0                             0%
OP_CAT_GPU_RET_CORE_1                                           0                             0%
OP_CAT_GPU_RSQRT_CORE_1                                         0                             0%
OP_CAT_GPU_RSQRT64_CORE_1                                       0                             0%
OP_CAT_GPU_SAD_CORE_1                                           0                             0%
OP_CAT_GPU_SAD64_CORE_1                                         0                             0%
OP_CAT_GPU_SELP_CORE_1                                          0                             0%
OP_CAT_GPU_SELP64_CORE_1                                        0                             0%
OP_CAT_GPU_SET_CORE_1                                           0                             0%
OP_CAT_GPU_SET64_CORE_1                                         0                             0%
OP_CAT_GPU_SETP_CORE_1                                          0                             0%
OP_CAT_GPU_SETP64_CORE_1                                        0                             0%
OP_CAT_GPU_SHFL_CORE_1                                          0                             0%
OP_CAT_GPU_SHFL64_CORE_1                                        0                             0%
OP_CAT_GPU_SHL_CORE_1                                           0                             0%
OP_CAT_GPU_SHL64_CORE_1                                         0                             0%
OP_CAT_GPU_SHR_CORE_1                                           0                             0%
OP_CAT_GPU_SHR64_CORE_1                                         0                             0%
OP_CAT_GPU_SIN_CORE_1                                           0                             0%
OP_CAT_GPU_SLCT_CORE_1                                          0                             0%
OP_CAT_GPU_SLCT64_CORE_1                                        0                             0%
OP_CAT_GPU_SQRT_CORE_1                                          0                             0%
OP_CAT_GPU_SQRT64_CORE_1                                        0                             0%
OP_CAT_GPU_ST_CORE_1                                            0                             0%
OP_CAT_GPU_ST64_CORE_1                                          0                             0%
OP_CAT_GPU_SUB_CORE_1                                           0                             0%
OP_CAT_GPU_SUB64_CORE_1                                         0                             0%
OP_CAT_GPU_SUBC_CORE_1                                          0                             0%
OP_CAT_GPU_SULD_CORE_1                                          0                             0%
OP_CAT_GPU_SULD64_CORE_1                                        0                             0%
OP_CAT_GPU_SURED_CORE_1                                         0                             0%
OP_CAT_GPU_SURED64_CORE_1                                       0                             0%
OP_CAT_GPU_SUST_CORE_1                                          0                             0%
OP_CAT_GPU_SUST64_CORE_1                                        0                             0%
OP_CAT_GPU_SUQ_CORE_1                                           0                             0%
OP_CAT_GPU_TESTP_CORE_1                                         0                             0%
OP_CAT_GPU_TESTP64_CORE_1                                       0                             0%
OP_CAT_GPU_TEX_CORE_1                                           0                             0%
OP_CAT_GPU_TLD4_CORE_1                                          0                             0%
OP_CAT_GPU_TXQ_CORE_1                                           0                             0%
OP_CAT_GPU_TRAP_CORE_1                                          0                             0%
OP_CAT_GPU_VABSDIFF_CORE_1                                      0                             0%
OP_CAT_GPU_VADD_CORE_1                                          0                             0%
OP_CAT_GPU_VMAD_CORE_1                                          0                             0%
OP_CAT_GPU_VMAX_CORE_1                                          0                             0%
OP_CAT_GPU_VMIN_CORE_1                                          0                             0%
OP_CAT_GPU_VSET_CORE_1                                          0                             0%
OP_CAT_GPU_VSHL_CORE_1                                          0                             0%
OP_CAT_GPU_VSHR_CORE_1                                          0                             0%
OP_CAT_GPU_VSUB_CORE_1                                          0                             0%
OP_CAT_GPU_VOTE_CORE_1                                          0                             0%
OP_CAT_GPU_XOR_CORE_1                                           0                             0%
OP_CAT_GPU_XOR64_CORE_1                                         0                             0%
OP_CAT_GPU_RECONVERGE_CORE_1                                    0                             0%
OP_CAT_GPU_PHI_CORE_1                                           0                             0%
OP_CAT_GPU_MEM_LD_GM_CORE_1                                     0                             0%
OP_CAT_GPU_MEM_LD_LM_CORE_1                                     0                             0%
OP_CAT_GPU_MEM_LD_SM_CORE_1                                     0                             0%
OP_CAT_GPU_MEM_LD_CM_CORE_1                                     0                             0%
OP_CAT_GPU_MEM_LD_TM_CORE_1                                     0                             0%
OP_CAT_GPU_MEM_LD_PM_CORE_1                                     0                             0%
OP_CAT_GPU_MEM_LDU_GM_CORE_1                                    0                             0%
OP_CAT_GPU_MEM_ST_GM_CORE_1                                     0                             0%
OP_CAT_GPU_MEM_ST_LM_CORE_1                                     0                             0%
OP_CAT_GPU_MEM_ST_SM_CORE_1                                     0                             0%
OP_CAT_GPU_DATA_XFER_GM_CORE_1                                  0                             0%
OP_CAT_GPU_DATA_XFER_LM_CORE_1                                  0                             0%
OP_CAT_GPU_DATA_XFER_SM_CORE_1                                  0                             0%
                                                         38514439                           100%

