####################################################################################################
Interval
####################################################################################################
Cumulative:         Cycles:                  20000     Instructions:                  1200
AVG_MEMORY_LATENCY_BASE                                   6176157                       6176157

AVG_MEMORY_LATENCY                                      964029544                       156.089

MSHR_FULL                                                       0                             0

TOTAL_MEMORY                                              5960388                       5960388

TOTAL_MEMORY_MERGE                                        2405553                       0.40359

TOTAL_WB                                                   215804                     0.0362064

L1_WB                                                      214826                      0.995468

L2_WB                                                           0                             0

L3_WB                                                         978                    0.00453189

TOTAL_DRAM                                                2630583                       2630583

TOTAL_DRAM_MERGE                                                3                   1.14043e-06

L1_HIT_CPU                                               47180259                      47180259

L1_HIT_GPU                                                      0                             0

L1_MISS_CPU                                               5959739                       5959739

L1_MISS_GPU                                                     0                             0

L2_HIT_CPU                                                      0                             0

L2_HIT_GPU                                                      0                             0

L2_MISS_CPU                                               3554835                       3554835

L2_MISS_GPU                                                     0                             0

L3_HIT_CPU                                                 925220                        925220

L3_HIT_GPU                                                      0                             0

L3_MISS_CPU                                               2629605                       2629605

L3_MISS_GPU                                                     0                             0

L3_HIT_PROMOTION_CPU                                            0                             0

L3_HIT_PROMOTION_GPU                                            0                             0

FETCH_THREAD_SKIP_LD_WAIT                                       0                             0

FETCH_THREAD_SKIP_BR_WAIT                                       0                             0

FETCH_THREAD_SKIP_SCHED_WAIT                                    0                             0

NUM_MUL_TRANS_CM_TM_DM_INST                                     0                             0

NUM_MUL_TRANS_CM_TM_DM                                          0                           NaN

CONST_CACHE_HIT                                                 0                             0

CONST_CACHE_MISS                                                0                             0

CONST_CACHE_MISS_NO_EXECUTE                                     0                             0

CONST_CACHE_ACCESS                                              0                             0

TEXTURE_CACHE_HIT                                               0                             0

TEXTURE_CACHE_MISS                                              0                             0

TEXTURE_CACHE_NO_EXECUTE                                        0                             0

TEXTURE_CACHE_ACCESS                                            0                             0

SHARED_MEM_INST                                                 0                             0

SHARED_MEM_ACCESS                                               0                             0

CACHE_BANK_BUSY                                             39435                         39435

ICACHE_MISS_TOTAL                                             649                           649

TOTAL_CAGE_PERIOD                                               0                             0

TOTAL_CAGE_APPL0                                                0                           NaN

TOTAL_CAGE_APPL1                                                0                           NaN

TOTAL_CAGE_APPL2                                                0                           NaN

TOTAL_CAGE_APPL3                                                0                           NaN

TOTAL_CAGE_APPL4                                                0                           NaN

ABIP_AVG_RATIO_BASE                                             0                             0

ABIP_AVG_RATIO                                                  0                           NaN

TOTAL_WRITE_ACKS                                                0                             0

TOTAL_WRITES                                                    0                             0

NUM_PHYSICAL_PAGES                                              0                             0

COAL_INST                                                       0                          NaN 
UNCOAL_INST                                                     0                          NaN 
                                                                0                           100%

COAL_INST_SINGLE_TRANS                                          0                          NaN 
COAL_INST_MUL_TRANS                                             0                          NaN 
UNCOAL_INST_MUL_TRANS                                           0                          NaN 
                                                                0                           100%

SM_COAL_INST                                                    0                          NaN 
CM_COAL_INST                                                    0                          NaN 
TM_COAL_INST                                                    0                          NaN 
DM_COAL_INST                                                    0                          NaN 
                                                                0                           100%

SM_UNCOAL_INST                                                  0                          NaN 
CM_UNCOAL_INST                                                  0                          NaN 
TM_UNCOAL_INST                                                  0                          NaN 
DM_UNCOAL_INST                                                  0                          NaN 
                                                                0                           100%

SM_COAL_INST_SINGLE_TRANS                                       0                          NaN 
CM_COAL_INST_SINGLE_TRANS                                       0                          NaN 
TM_COAL_INST_SINGLE_TRANS                                       0                          NaN 
DM_COAL_INST_SINGLE_TRANS                                       0                          NaN 
                                                                0                           100%

SM_COAL_INST_MUL_TRANS                                          0                          NaN 
CM_COAL_INST_MUL_TRANS                                          0                          NaN 
TM_COAL_INST_MUL_TRANS                                          0                          NaN 
DM_COAL_INST_MUL_TRANS                                          0                          NaN 
                                                                0                           100%

LD_NO_FORWARD                                            25903306                       64.0973%
FORWARDED_LD                                             14509173                       35.9027%
                                                         40412479                           100%

L3_TOT_ACCESS_CORE_CORE_0                                  699670                        699670

L3_HIT_CORE_CORE_0                                         661171                        661171

L3_MISS_CORE_CORE_0                                         38499                         38499

L3_HIT_RATE_CORE_CORE_0                                    661171                      0.944975

L3_MISS_RATE_CORE_CORE_0                                    38499                     0.0550245

L3_BYPASS_CORE_CORE_0                                           0                             0

MEM_STALL_CYCLE_CORE_0                                          0                             0

ICACHE_FILL_CORE_0                                            100                           100

NUM_WRITE_ACKS_CORE_0                                           0                             0

NUM_WRITES_CORE_0                                               0                             0

ICACHE_HIT_CORE_0                                        25198372                       99.9996%
ICACHE_MISS_CORE_0                                            100                   0.000396849%
                                                         25198472                           100%

L3_TOT_ACCESS_CORE_CORE_1                                 2855155                       2855155

L3_HIT_CORE_CORE_1                                         264049                        264049

L3_MISS_CORE_CORE_1                                       2591106                       2591106

L3_HIT_RATE_CORE_CORE_1                                    264049                     0.0924815

L3_MISS_RATE_CORE_CORE_1                                  2591106                      0.907519

L3_BYPASS_CORE_CORE_1                                     2565517                       2565517

MEM_STALL_CYCLE_CORE_1                                          0                             0

ICACHE_FILL_CORE_1                                            549                           549

NUM_WRITE_ACKS_CORE_1                                           0                             0

NUM_WRITES_CORE_1                                               0                             0

ICACHE_HIT_CORE_1                                        14238716                       99.9961%
ICACHE_MISS_CORE_1                                            549                    0.00385554%
                                                         14239265                           100%

