####################################################################################################
Interval
####################################################################################################
Cumulative:         Cycles:                  20000     Instructions:                  1200
TOTAL_PACKET_CPU                                         12369835                      12369835

TOTAL_PACKET_GPU                                                0                             0

NOC_AVG_LATENCY_BASE                                     12369833                      12369833

NOC_AVG_LATENCY_BASE_CPU                                 12369833                      12369833

NOC_AVG_LATENCY_BASE_GPU                                        0                             0

NOC_AVG_LATENCY                                         124703521                       10.0813

NOC_AVG_LATENCY_CPU                                     124703521                       10.0813

NOC_AVG_LATENCY_GPU                                             0                           NaN

NOC_AVG_ACTIVE_PACKET_BASE                               12369835                      12369835

NOC_AVG_ACTIVE_PACKET_BASE_CPU                           12369835                      12369835

NOC_AVG_ACTIVE_PACKET_BASE_GPU                                  0                             0

NOC_AVG_ACTIVE_PACKET                                    41026366                       3.31665

NOC_AVG_ACTIVE_PACKET_CPU                                41026366                       3.31665

NOC_AVG_ACTIVE_PACKET_GPU                                       0                           NaN

NOC_IDLE_CHANNEL                                                0                             0

NOC_IDLE_CHANNEL_CPU                                            0                             0

NOC_IDLE_CHANNEL_GPU                                            0                             0

NOC_IDLE_CHANNEL_L3                                             0                             0

NOC_IDLE_CHANNEL_MC                                             0                             0

NOC_AVG_WAIT_IN_ROUTER_BASE                              26139007                      26139007

NOC_AVG_WAIT_IN_ROUTER_BASE_CPU                           7809324                       7809324

NOC_AVG_WAIT_IN_ROUTER_BASE_GPU                                 0                             0

NOC_AVG_WAIT_IN_ROUTER_BASE_L3                           12369833                      12369833

NOC_AVG_WAIT_IN_ROUTER_BASE_MC                            5959850                       5959850

NOC_AVG_WAIT_IN_ROUTER                                  205654775                       7.86773

NOC_AVG_WAIT_IN_ROUTER_CPU                               61563815                       7.88337

NOC_AVG_WAIT_IN_ROUTER_GPU                                      0                           NaN

NOC_AVG_WAIT_IN_ROUTER_L3                                97163742                        7.8549

NOC_AVG_WAIT_IN_ROUTER_MC                                46927218                       7.87389

NOC_LINK_ACTIVE                                          41309428                      41309428

