####################################################################################################
Interval
####################################################################################################
Cumulative:         Cycles:                  20000     Instructions:                  1200
POWER_L3CACHE_LINEFILL_BUF_R                              2629598                       2629598

POWER_L3CACHE_LINEFILL_BUF_W                              2629598                       2629598

POWER_L3CACHE_LINEFILL_BUF_R_TAG                          2629598                       2629598

POWER_L3CACHE_WB_BUF_R                                        978                           978

POWER_L3CACHE_WB_BUF_W                                        978                           978

POWER_L3CACHE_WB_BUF_R_TAG                                    978                           978

POWER_L3CACHE_R                                            925220                        925220

POWER_L3CACHE_W                                             64081                         64081

POWER_L3CACHE_R_TAG                                       3554825                       3554825

POWER_MC_R                                                8590964                       8590964

POWER_MC_W                                                2630583                       2630583

POWER_BLOCK_STATES_R_CORE_0                             107374184                     107374184

POWER_BLOCK_STATES_W_CORE_0                             107374184                     107374184

POWER_FETCH_QUEUE_R_CORE_0                              100793488                     100793488

POWER_FETCH_QUEUE_W_CORE_0                              100793488                     100793488

POWER_INST_QUEUE_R_CORE_0                               220157119                     220157119

POWER_INST_QUEUE_W_CORE_0                               100793235                     100793235

POWER_BR_PRED_R_CORE_0                                   11086344                      11086344

POWER_BR_PRED_W_CORE_0                                   10963305                      10963305

POWER_RAS_R_CORE_0                                         540231                        540231

POWER_RAS_W_CORE_0                                         515914                        515914

POWER_ICACHE_R_CORE_0                                    25198372                      25198372

POWER_ICACHE_W_CORE_0                                         100                           100

POWER_ICACHE_R_TAG_CORE_0                                25198472                      25198472

POWER_ICACHE_MISS_BUF_R_CORE_0                                200                           200

POWER_ICACHE_MISS_BUF_W_CORE_0                                200                           200

POWER_ICACHE_MISS_BUF_R_TAG_CORE_0                            100                           100

POWER_ICACHE_MISS_BUF_W_TAG_CORE_0                              0                             0

POWER_ICACHE_TOT_ACC_CORE_0                                     0                             0

POWER_ICACHE_CONF_CORE_0                                        0                             0

POWER_INST_DECODER_R_CORE_0                              78368658                      78368658

POWER_INST_DECODER_W_CORE_0                                     0                             0

POWER_MICRO_OP_SEQ_R_CORE_0                                     0                             0

POWER_MICRO_OP_SEQ_W_CORE_0                                     0                             0

POWER_OPERAND_DECODER_R_CORE_0                           78368658                      78368658

POWER_OPERAND_DECODER_W_CORE_0                                  0                             0

POWER_UOP_QUEUE_R_CORE_0                                220157119                     220157119

POWER_UOP_QUEUE_W_CORE_0                                100793235                     100793235

POWER_REG_RENAMING_TABLE_R_CORE_0                       220157119                     220157119

POWER_REG_RENAMING_TABLE_W_CORE_0                       100793235                     100793235

POWER_DEP_CHECK_LOGIC_R_CORE_0                          100793488                     100793488

POWER_FREELIST_R_CORE_0                                 220157119                     220157119

POWER_FREELIST_W_CORE_0                                 100793235                     100793235

POWER_RESERVATION_STATION_R_CORE_0                      100793632                     100793632

POWER_RESERVATION_STATION_W_CORE_0                      100793203                     100793203

POWER_RESERVATION_STATION_R_TAG_CORE_0                  100793632                     100793632

POWER_RESERVATION_STATION_W_TAG_CORE_0                          0                             0

POWER_INST_ISSUE_SEL_LOGIC_R_CORE_0                     100793632                     100793632

POWER_INST_ISSUE_SEL_LOGIC_W_CORE_0                     100793184                     100793184

POWER_PAYLOAD_RAM_R_CORE_0                              100793632                     100793632

POWER_PAYLOAD_RAM_W_CORE_0                              100793184                     100793184

POWER_EX_ALU_R_CORE_0                                    62055449                      62055449

POWER_EX_FPU_R_CORE_0                                       58434                         58434

POWER_EX_MUL_R_CORE_0                                     4182667                       4182667

POWER_EX_SFU_R_CORE_0                                           0                             0

POWER_REORDER_BUF_R_CORE_0                              100793073                     100793073

POWER_REORDER_BUF_W_CORE_0                              201586470                     201586470

POWER_INST_COMMIT_SEL_LOGIC_R_CORE_0                    100793073                     100793073

POWER_INST_COMMIT_SEL_LOGIC_W_CORE_0                    100793235                     100793235

POWER_FP_RENAME_R_CORE_0                                   144421                        144421

POWER_FP_RENAME_W_CORE_0                                        0                             0

POWER_LOAD_QUEUE_R_CORE_0                                27586426                      27586426

POWER_LOAD_QUEUE_W_CORE_0                                27586426                      27586426

POWER_LOAD_QUEUE_R_TAG_CORE_0                            27586426                      27586426

POWER_LOAD_QUEUE_W_TAG_CORE_0                                   0                             0

POWER_STORE_QUEUE_R_CORE_0                                6910656                       6910656

POWER_STORE_QUEUE_W_CORE_0                                6910656                       6910656

POWER_STORE_QUEUE_R_TAG_CORE_0                            6910656                       6910656

POWER_STORE_QUEUE_W_TAG_CORE_0                                  0                             0

POWER_DATA_TLB_R_CORE_0                                  27586426                      27586426

POWER_DATA_TLB_W_CORE_0                                         0                             0

POWER_DATA_TLB_R_TAG_CORE_0                                     0                             0

POWER_DATA_TLB_W_TAG_CORE_0                                     0                             0

POWER_INT_REGFILE_R_CORE_0                              166972866                     166972866

POWER_INT_REGFILE_W_CORE_0                              100734750                     100734750

POWER_FP_REGFILE_R_CORE_0                                  113922                        113922

POWER_FP_REGFILE_W_CORE_0                                   58434                         58434

POWER_GP_REGISTER_R_CORE_0                              166972866                     166972866

POWER_GP_REGISTER_W_CORE_0                              100734750                     100734750

POWER_FP_REGISTER_R_CORE_0                                 116868                        116868

POWER_FP_REGISTER_W_CORE_0                                  58434                         58434

POWER_SEGMENT_REGISTER_R_CORE_0                          34496634                      34496634

POWER_SEGMENT_REGISTER_W_CORE_0                          67784043                      67784043

POWER_CONTROL_REGISTER_R_CORE_0                                 0                             0

POWER_CONTROL_REGISTER_W_CORE_0                           1954197                       1954197

POWER_FLAG_REGISTER_R_CORE_0                                    0                             0

POWER_FLAG_REGISTER_W_CORE_0                                    0                             0

POWER_EXEC_BYPASS_CORE_0                                100793184                     100793184

POWER_LOAD_BYPASS_CORE_0                                  1399341                       1399341

POWER_PIPELINE_CORE_0                                    78368337                      78368337

POWER_DCACHE_MISS_BUF_R_CORE_0                            1399141                       1399141

POWER_DCACHE_MISS_BUF_R_TAG_CORE_0                        1622990                       1622990

POWER_DCACHE_MISS_BUF_W_CORE_0                            1622990                       1622990

POWER_DCACHE_MISS_BUF_W_TAG_CORE_0                              0                             0

POWER_DCACHE_LINEFILL_BUF_R_CORE_0                              0                             0

POWER_L2CACHE_LINEFILL_BUF_R_CORE_0                        930189                        930189

POWER_DCACHE_LINEFILL_BUF_W_CORE_0                              0                             0

POWER_L2CACHE_LINEFILL_BUF_W_CORE_0                        913631                        913631

POWER_DCACHE_LINEFILL_BUF_R_TAG_CORE_0                          0                             0

POWER_L2CACHE_LINEFILL_BUF_R_TAG_CORE_0                   1144151                       1144151

POWER_DCACHE_LINEFILL_BUF_W_TAG_CORE_0                          0                             0

POWER_DCACHE_WB_BUF_R_CORE_0                               213962                        213962

POWER_L2CACHE_WB_BUF_R_CORE_0                                   0                             0

POWER_DCACHE_WB_BUF_W_CORE_0                               213962                        213962

POWER_L2CACHE_WB_BUF_W_CORE_0                                   0                             0

POWER_DCACHE_WB_BUF_R_TAG_CORE_0                           427924                        427924

POWER_L2CACHE_WB_BUF_R_TAG_CORE_0                               0                             0

POWER_DCACHE_WB_BUF_W_TAG_CORE_0                                0                             0

POWER_DCACHE_R_CORE_0                                    32873644                      32873644

POWER_L2CACHE_R_CORE_0                                          0                             0

POWER_DCACHE_W_CORE_0                                      699569                        699569

POWER_L2CACHE_W_CORE_0                                          0                             0

POWER_DCACHE_R_TAG_CORE_0                                34496634                      34496634

POWER_L2CACHE_R_TAG_CORE_0                                      0                             0

POWER_CONST_CACHE_R_CORE_0                                      0                             0

POWER_CONST_CACHE_W_CORE_0                                      0                             0

POWER_CONST_CACHE_R_TAG_CORE_0                                  0                             0

POWER_CONST_CACHE_W_TAG_CORE_0                                  0                             0

POWER_TEXTURE_CACHE_R_CORE_0                                    0                             0

POWER_TEXTURE_CACHE_W_CORE_0                                    0                             0

POWER_TEXTURE_CACHE_R_TAG_CORE_0                                0                             0

POWER_TEXTURE_CACHE_W_TAG_CORE_0                                0                             0

POWER_SHARED_MEM_R_CORE_0                                       0                             0

POWER_SHARED_MEM_W_CORE_0                                       0                             0

POWER_SHARED_MEM_R_TAG_CORE_0                                   0                             0

POWER_SHARED_MEM_W_TAG_CORE_0                                   0                             0

POWER_BLOCK_STATES_R_CORE_1                             107374184                     107374184

POWER_BLOCK_STATES_W_CORE_1                             107374184                     107374184

POWER_FETCH_QUEUE_R_CORE_1                               56954864                      56954864

POWER_FETCH_QUEUE_W_CORE_1                               56954864                      56954864

POWER_INST_QUEUE_R_CORE_1                                70931245                      70931245

POWER_INST_QUEUE_W_CORE_1                                56954612                      56954612

POWER_BR_PRED_R_CORE_1                                    5634800                       5634800

POWER_BR_PRED_W_CORE_1                                    5633291                       5633291

POWER_RAS_R_CORE_1                                            992                           992

POWER_RAS_W_CORE_1                                            768                           768

POWER_ICACHE_R_CORE_1                                    14238716                      14238716

POWER_ICACHE_W_CORE_1                                         549                           549

POWER_ICACHE_R_TAG_CORE_1                                14239265                      14239265

POWER_ICACHE_MISS_BUF_R_CORE_1                               1098                          1098

POWER_ICACHE_MISS_BUF_W_CORE_1                               1098                          1098

POWER_ICACHE_MISS_BUF_R_TAG_CORE_1                            549                           549

POWER_ICACHE_MISS_BUF_W_TAG_CORE_1                              0                             0

POWER_ICACHE_TOT_ACC_CORE_1                                     0                             0

POWER_ICACHE_CONF_CORE_1                                        0                             0

POWER_INST_DECODER_R_CORE_1                              38514439                      38514439

POWER_INST_DECODER_W_CORE_1                                     0                             0

POWER_MICRO_OP_SEQ_R_CORE_1                                     0                             0

POWER_MICRO_OP_SEQ_W_CORE_1                                     0                             0

POWER_OPERAND_DECODER_R_CORE_1                           38514439                      38514439

POWER_OPERAND_DECODER_W_CORE_1                                  0                             0

POWER_UOP_QUEUE_R_CORE_1                                 70931245                      70931245

POWER_UOP_QUEUE_W_CORE_1                                 56954612                      56954612

POWER_REG_RENAMING_TABLE_R_CORE_1                        70931245                      70931245

POWER_REG_RENAMING_TABLE_W_CORE_1                        56954612                      56954612

POWER_DEP_CHECK_LOGIC_R_CORE_1                           56954864                      56954864

POWER_FREELIST_R_CORE_1                                  70931245                      70931245

POWER_FREELIST_W_CORE_1                                  56954612                      56954612

POWER_RESERVATION_STATION_R_CORE_1                       56954603                      56954603

POWER_RESERVATION_STATION_W_CORE_1                       56954612                      56954612

POWER_RESERVATION_STATION_R_TAG_CORE_1                   56954603                      56954603

POWER_RESERVATION_STATION_W_TAG_CORE_1                          0                             0

POWER_INST_ISSUE_SEL_LOGIC_R_CORE_1                      56954603                      56954603

POWER_INST_ISSUE_SEL_LOGIC_W_CORE_1                      56954603                      56954603

POWER_PAYLOAD_RAM_R_CORE_1                               56954603                      56954603

POWER_PAYLOAD_RAM_W_CORE_1                               56954603                      56954603

POWER_EX_ALU_R_CORE_1                                    30053342                      30053342

POWER_EX_FPU_R_CORE_1                                     8257577                       8257577

POWER_EX_MUL_R_CORE_1                                         320                           320

POWER_EX_SFU_R_CORE_1                                           0                             0

POWER_REORDER_BUF_R_CORE_1                               56954356                      56954356

POWER_REORDER_BUF_W_CORE_1                              113909224                     113909224

POWER_INST_COMMIT_SEL_LOGIC_R_CORE_1                     56954356                      56954356

POWER_INST_COMMIT_SEL_LOGIC_W_CORE_1                     56954612                      56954612

POWER_FP_RENAME_R_CORE_1                                 10610654                      10610654

POWER_FP_RENAME_W_CORE_1                                        0                             0

POWER_LOAD_QUEUE_R_CORE_1                                12825919                      12825919

POWER_LOAD_QUEUE_W_CORE_1                                12825919                      12825919

POWER_LOAD_QUEUE_R_TAG_CORE_1                            12825919                      12825919

POWER_LOAD_QUEUE_W_TAG_CORE_1                                   0                             0

POWER_STORE_QUEUE_R_CORE_1                                5817445                       5817445

POWER_STORE_QUEUE_W_CORE_1                                5817445                       5817445

POWER_STORE_QUEUE_R_TAG_CORE_1                            5817445                       5817445

POWER_STORE_QUEUE_W_TAG_CORE_1                                  0                             0

POWER_DATA_TLB_R_CORE_1                                  12825919                      12825919

POWER_DATA_TLB_W_CORE_1                                         0                             0

POWER_DATA_TLB_R_TAG_CORE_1                                     0                             0

POWER_DATA_TLB_W_TAG_CORE_1                                     0                             0

POWER_INT_REGFILE_R_CORE_1                               78750688                      78750688

POWER_INT_REGFILE_W_CORE_1                               48697026                      48697026

POWER_FP_REGFILE_R_CORE_1                                16515154                      16515154

POWER_FP_REGFILE_W_CORE_1                                 8257577                       8257577

POWER_GP_REGISTER_R_CORE_1                               78750688                      78750688

POWER_GP_REGISTER_W_CORE_1                               48697026                      48697026

POWER_FP_REGISTER_R_CORE_1                               16515154                      16515154

POWER_FP_REGISTER_W_CORE_1                                8257577                       8257577

POWER_SEGMENT_REGISTER_R_CORE_1                          18643364                      18643364

POWER_SEGMENT_REGISTER_W_CORE_1                          34433532                      34433532

POWER_CONTROL_REGISTER_R_CORE_1                                 0                             0

POWER_CONTROL_REGISTER_W_CORE_1                              8328                          8328

POWER_FLAG_REGISTER_R_CORE_1                                    0                             0

POWER_FLAG_REGISTER_W_CORE_1                                    0                             0

POWER_EXEC_BYPASS_CORE_1                                 56954603                      56954603

POWER_LOAD_BYPASS_CORE_1                                  5710319                       5710319

POWER_PIPELINE_CORE_1                                    38514081                      38514081

POWER_DCACHE_MISS_BUF_R_CORE_1                            5709221                       5709221

POWER_DCACHE_MISS_BUF_R_TAG_CORE_1                        4336749                       4336749

POWER_DCACHE_MISS_BUF_W_CORE_1                            4336749                       4336749

POWER_DCACHE_MISS_BUF_W_TAG_CORE_1                              0                             0

POWER_DCACHE_LINEFILL_BUF_R_CORE_1                              0                             0

POWER_L2CACHE_LINEFILL_BUF_R_CORE_1                       2856699                       2856699

POWER_DCACHE_LINEFILL_BUF_W_CORE_1                              0                             0

POWER_L2CACHE_LINEFILL_BUF_W_CORE_1                       2856013                       2856013

POWER_DCACHE_LINEFILL_BUF_R_TAG_CORE_1                          0                             0

POWER_L2CACHE_LINEFILL_BUF_R_TAG_CORE_1                   2857563                       2857563

POWER_DCACHE_LINEFILL_BUF_W_TAG_CORE_1                          0                             0

POWER_DCACHE_WB_BUF_R_CORE_1                                  864                           864

POWER_L2CACHE_WB_BUF_R_CORE_1                                   0                             0

POWER_DCACHE_WB_BUF_W_CORE_1                                  864                           864

POWER_L2CACHE_WB_BUF_W_CORE_1                                   0                             0

POWER_DCACHE_WB_BUF_R_TAG_CORE_1                             1728                          1728

POWER_L2CACHE_WB_BUF_R_TAG_CORE_1                               0                             0

POWER_DCACHE_WB_BUF_W_TAG_CORE_1                                0                             0

POWER_DCACHE_R_CORE_1                                    14306615                      14306615

POWER_L2CACHE_R_CORE_1                                          0                             0

POWER_DCACHE_W_CORE_1                                     2854600                       2854600

POWER_L2CACHE_W_CORE_1                                          0                             0

POWER_DCACHE_R_TAG_CORE_1                                18643364                      18643364

POWER_L2CACHE_R_TAG_CORE_1                                      0                             0

POWER_CONST_CACHE_R_CORE_1                                      0                             0

POWER_CONST_CACHE_W_CORE_1                                      0                             0

POWER_CONST_CACHE_R_TAG_CORE_1                                  0                             0

POWER_CONST_CACHE_W_TAG_CORE_1                                  0                             0

POWER_TEXTURE_CACHE_R_CORE_1                                    0                             0

POWER_TEXTURE_CACHE_W_CORE_1                                    0                             0

POWER_TEXTURE_CACHE_R_TAG_CORE_1                                0                             0

POWER_TEXTURE_CACHE_W_TAG_CORE_1                                0                             0

POWER_SHARED_MEM_R_CORE_1                                       0                             0

POWER_SHARED_MEM_W_CORE_1                                       0                             0

POWER_SHARED_MEM_R_TAG_CORE_1                                   0                             0

POWER_SHARED_MEM_W_TAG_CORE_1                                   0                             0

