####################################################################################################
Interval
####################################################################################################
Cumulative:         Cycles:                  20000     Instructions:                  1200
DISPATCHED_INST                                         311980694                     311980694

DISPATCH_WAIT                                         10549787175                       33.8155

NUM_NO_FETCH_CYCLES                                             0                             0

AVG_CORE_IDLE_CYCLE                                             0                             0

REEXEC_NUM                                                      0                             0

INV_MATCH_NUM                                                   0                             0

EARLY_PERM_NUM                                                  0                             0

PERM_MATCH_NUM                                                  0                             0

RETIRE_SPECLD_NUM                                               0                             0

RETIRE_SPECST_NUM                                               0                             0

FENCE_HEAD_ROB_WAIT                                             0                             0

NUM_SAMPLES_CORE_0                                      107374184                     107374184

NUM_ACTIVE_BLOCKS_CORE_0                                        0                             0

NUM_ACTIVE_THREADS_CORE_0                               107374184                             1

NUM_SCHED_IDLE_CYCLE_CORE_0                               7867737                       7867737

NUM_NO_SCHED_CYCLE_CORE_0                                66612628                      66612628

CORE_DISPATCHED_INST_CORE_0                             100989868                     100989868

CORE_DISPATCH_WAIT_CORE_0                              4325175047                       42.8278

CORE_CYCLES_CORE_0                                              0                             0

CORE_SCHED_THREADS_CORE_0                                       0                           NaN

CORE_NUM_NO_FETCH_CYCLES_CORE_0                                 0                             0

CORE_NUM_NO_FETCH_CYCLES_WITH_READY_THREADS_CORE_0                   0                             0

CORE_NUM_FETCH_CYCLES_CORE_0                                    0                             0

CORE_FETCH_DELTA_CORE_0                                         0                           NaN

CORE_NUM_RETIRE_CYCLES_CORE_0                                   0                             0

CORE_RETIRE_DELTA_CORE_0                                        0                           NaN

FENCE_PREF_REQ_CORE_0                                           0                             0

FENCE_WAITING_CORE_0                                            0                             0

DYN_FENCE_NUM_CORE_0                                            0                             0

WB_ORDERING_STALL_CORE_0                                        0                             0

WB_FULL_CORE_0                                                  0                             0

FENCE_TOT_CYCLES_CORE_0                                         0                             0

FENCE_EXEC_CYCLES_CORE_0                                        0                             0

STORE_RES_CORE_0                                        808841562                     808841562

STORE_NUM_CORE_0                                          6922819                       6922819

STORE_WB_FREE_CORE_0                                            0                             0

SCHED_FAILED_REASON_SUCCESS_CORE_0                      100990249                       5.72842%
SCHED_FAILED_OPERANDS_NOT_READY_CORE_0                 1653361410                       93.7828%
SCHED_FAILED_NO_PORTS_CORE_0                              8617268                      0.488793%
SCHED_FAILED_FENCE_ACTIVE_CORE_0                                0                             0%
                                                       1762968927                           100%

NUM_SAMPLES_CORE_1                                      107374184                     107374184

NUM_ACTIVE_BLOCKS_CORE_1                                        0                             0

NUM_ACTIVE_THREADS_CORE_1                               107374184                             1

NUM_SCHED_IDLE_CYCLE_CORE_1                              15026158                      15026158

NUM_NO_SCHED_CYCLE_CORE_1                                51219942                      51219942

CORE_DISPATCHED_INST_CORE_1                             117195607                     117195607

CORE_DISPATCH_WAIT_CORE_1                              2922322863                       24.9354

CORE_CYCLES_CORE_1                                              0                             0

CORE_SCHED_THREADS_CORE_1                                       0                           NaN

CORE_NUM_NO_FETCH_CYCLES_CORE_1                                 0                             0

CORE_NUM_NO_FETCH_CYCLES_WITH_READY_THREADS_CORE_1                   0                             0

CORE_NUM_FETCH_CYCLES_CORE_1                                    0                             0

CORE_FETCH_DELTA_CORE_1                                         0                           NaN

CORE_NUM_RETIRE_CYCLES_CORE_1                                   0                             0

CORE_RETIRE_DELTA_CORE_1                                        0                           NaN

FENCE_PREF_REQ_CORE_1                                           0                             0

FENCE_WAITING_CORE_1                                            0                             0

DYN_FENCE_NUM_CORE_1                                            0                             0

WB_ORDERING_STALL_CORE_1                                        0                             0

WB_FULL_CORE_1                                                  0                             0

FENCE_TOT_CYCLES_CORE_1                                         0                             0

FENCE_EXEC_CYCLES_CORE_1                                        0                             0

STORE_RES_CORE_1                                        646064476                     646064476

STORE_NUM_CORE_1                                          9910049                       9910049

STORE_WB_FREE_CORE_1                                            0                             0

SCHED_FAILED_REASON_SUCCESS_CORE_1                      117197914                       7.34843%
SCHED_FAILED_OPERANDS_NOT_READY_CORE_1                 1471247362                       92.2488%
SCHED_FAILED_NO_PORTS_CORE_1                              6423794                      0.402779%
SCHED_FAILED_FENCE_ACTIVE_CORE_1                                0                             0%
                                                       1594869070                           100%

NUM_SAMPLES_CORE_2                                      107374184                     107374184

NUM_ACTIVE_BLOCKS_CORE_2                                        0                             0

NUM_ACTIVE_THREADS_CORE_2                               107374184                             1

NUM_SCHED_IDLE_CYCLE_CORE_2                              15822783                      15822783

NUM_NO_SCHED_CYCLE_CORE_2                                41336892                      41336892

CORE_DISPATCHED_INST_CORE_2                              93795219                      93795219

CORE_DISPATCH_WAIT_CORE_2                              3302289265                       35.2074

CORE_CYCLES_CORE_2                                              0                             0

CORE_SCHED_THREADS_CORE_2                                       0                           NaN

CORE_NUM_NO_FETCH_CYCLES_CORE_2                                 0                             0

CORE_NUM_NO_FETCH_CYCLES_WITH_READY_THREADS_CORE_2                   0                             0

CORE_NUM_FETCH_CYCLES_CORE_2                                    0                             0

CORE_FETCH_DELTA_CORE_2                                         0                           NaN

CORE_NUM_RETIRE_CYCLES_CORE_2                                   0                             0

CORE_RETIRE_DELTA_CORE_2                                        0                           NaN

FENCE_PREF_REQ_CORE_2                                           0                             0

FENCE_WAITING_CORE_2                                            0                             0

DYN_FENCE_NUM_CORE_2                                            0                             0

WB_ORDERING_STALL_CORE_2                                        0                             0

WB_FULL_CORE_2                                                  0                             0

FENCE_TOT_CYCLES_CORE_2                                         0                             0

FENCE_EXEC_CYCLES_CORE_2                                        0                             0

STORE_RES_CORE_2                                       2117969861                    2117969861

STORE_NUM_CORE_2                                         10645121                      10645121

STORE_WB_FREE_CORE_2                                            0                             0

SCHED_FAILED_REASON_SUCCESS_CORE_2                       93817827                        5.4267%
SCHED_FAILED_OPERANDS_NOT_READY_CORE_2                 1628332257                       94.1875%
SCHED_FAILED_NO_PORTS_CORE_2                              6669515                      0.385784%
SCHED_FAILED_FENCE_ACTIVE_CORE_2                                0                             0%
                                                       1728819599                           100%

