####################################################################################################
Interval
####################################################################################################
Cumulative:         Cycles:                  20000     Instructions:                  1200
INST_COUNT_TOT                                          231276322                     231276322

UOP_COUNT_TOT                                           311980461                     311980461

CYC_COUNT_TOT                                          4294967361                    4294967361

EXE_TIME                                                     1341                          1341

NUM_REPEAT                                                      0                             0

CYC_COUNT_X86                                                   0                             0

CYC_COUNT_PTX                                                   0                             0

AVG_BLOCK_EXE_CYCLE                                             0                             0

AVG_BLOCK_EXE_CYCLE_BASE                                        0                             0

PROGRESS_ERROR                                                  0                             0

FILE_OPEN_ERROR                                                 0                             0

NUM_THREAD                                                      0                             0

APPL_CYC_COUNT_BASE0                                            0                             0

APPL_CYC_COUNT_BASE1                                            0                             0

APPL_CYC_COUNT_BASE2                                            0                             0

APPL_CYC_COUNT_BASE3                                            0                             0

APPL_CYC_COUNT_BASE4                                            0                             0

APPL_CYC_COUNT0                                                 0                           NaN

APPL_CYC_COUNT1                                                 0                           NaN

APPL_CYC_COUNT2                                                 0                           NaN

APPL_CYC_COUNT3                                                 0                           NaN

APPL_CYC_COUNT4                                                 0                           NaN

CPI_DELTA_BASE0                                                 0                             0

CPI_DELTA_BASE1                                                 0                             0

CPI_DELTA_BASE2                                                 0                             0

CPI_DELTA_BASE3                                                 0                             0

CPI_DELTA_BASE4                                                 0                             0

CPI_DELTA0                                                      0                           NaN

CPI_DELTA1                                                      0                           NaN

CPI_DELTA2                                                      0                           NaN

CPI_DELTA3                                                      0                           NaN

CPI_DELTA4                                                      0                           NaN

CYCLE_CPU                                                       0                             0

CYCLE_GPU                                                       0                             0

INST_COUNT_CORE_0                                        78521382                      78521382

UOP_COUNT_CORE_0                                        100989816                     100989816

CYC_COUNT_CORE_0                                        107374184                     107374184

INST_COUNT_CORE_1                                        86802271                      86802271

UOP_COUNT_CORE_1                                        117195593                     117195593

CYC_COUNT_CORE_1                                        107374184                     107374184

INST_COUNT_CORE_2                                        65952669                      65952669

UOP_COUNT_CORE_2                                         93795052                      93795052

CYC_COUNT_CORE_2                                        107374184                     107374184

