####################################################################################################
Interval
####################################################################################################
Cumulative:         Cycles:                  20000     Instructions:                  1200
FP_OPS_TOT                                                2419775                       2419775

FP_OPS_CORE_0                                               38964                         38964

OP_CAT_XED_CATEGORY_INVALID_CORE_0                              0                             0%
OP_CAT_XED_CATEGORY_3DNOW_CORE_0                                0                             0%
OP_CAT_XED_CATEGORY_AES_CORE_0                                  0                             0%
OP_CAT_XED_CATEGORY_AVX_CORE_0                                  0                             0%
OP_CAT_XED_CATEGORY_AVX2_CORE_0                                 0                             0%
OP_CAT_XED_CATEGORY_AVX2GATHER_CORE_0                           0                             0%
OP_CAT_XED_CATEGORY_BDW_CORE_0                                  0                             0%
OP_CAT_XED_CATEGORY_BINARY_CORE_0                        23433663                       29.8436%
OP_CAT_XED_CATEGORY_BITBYTE_CORE_0                          15598                     0.0198646%
OP_CAT_XED_CATEGORY_BMI1_CORE_0                                 0                             0%
OP_CAT_XED_CATEGORY_BMI2_CORE_0                                 0                             0%
OP_CAT_XED_CATEGORY_BROADCAST_CORE_0                            0                             0%
OP_CAT_XED_CATEGORY_CALL_CORE_0                            516851                      0.658227%
OP_CAT_XED_CATEGORY_CMOV_CORE_0                           1462852                       1.86299%
OP_CAT_XED_CATEGORY_COND_BR_CORE_0                       10984937                       13.9897%
OP_CAT_XED_CATEGORY_CONVERT_CORE_0                         498099                      0.634346%
OP_CAT_XED_CATEGORY_DATAXFER_CORE_0                      33874321                       43.1401%
OP_CAT_XED_CATEGORY_DECIMAL_CORE_0                              0                             0%
OP_CAT_XED_CATEGORY_FCMOV_CORE_0                                0                             0%
OP_CAT_XED_CATEGORY_FLAGOP_CORE_0                               0                             0%
OP_CAT_XED_CATEGORY_FMA4_CORE_0                                 0                             0%
OP_CAT_XED_CATEGORY_INTERRUPT_CORE_0                            0                             0%
OP_CAT_XED_CATEGORY_IO_CORE_0                                   0                             0%
OP_CAT_XED_CATEGORY_IOSTRINGOP_CORE_0                           0                             0%
OP_CAT_XED_CATEGORY_LOGICAL_CORE_0                         429810                      0.547378%
OP_CAT_XED_CATEGORY_LZCNT_CORE_0                                0                             0%
OP_CAT_XED_CATEGORY_MISC_CORE_0                           1419154                       1.80734%
OP_CAT_XED_CATEGORY_MMX_CORE_0                                  0                             0%
OP_CAT_XED_CATEGORY_NOP_CORE_0                                  0                             0%
OP_CAT_XED_CATEGORY_PCLMULQDQ_CORE_0                            0                             0%
OP_CAT_XED_CATEGORY_POP_CORE_0                             209866                      0.267271%
OP_CAT_XED_CATEGORY_PREFETCH_CORE_0                             0                             0%
OP_CAT_XED_CATEGORY_PUSH_CORE_0                            209866                      0.267271%
OP_CAT_XED_CATEGORY_RDRAND_CORE_0                               0                             0%
OP_CAT_XED_CATEGORY_RDSEED_CORE_0                               0                             0%
OP_CAT_XED_CATEGORY_RDWRFSGS_CORE_0                             0                             0%
OP_CAT_XED_CATEGORY_RET_CORE_0                             516851                      0.658227%
OP_CAT_XED_CATEGORY_ROTATE_CORE_0                               0                             0%
OP_CAT_XED_CATEGORY_SEGOP_CORE_0                                0                             0%
OP_CAT_XED_CATEGORY_SEMAPHORE_CORE_0                        21606                      0.027516%
OP_CAT_XED_CATEGORY_SHIFT_CORE_0                           165774                      0.211119%
OP_CAT_XED_CATEGORY_SSE_CORE_0                              19482                      0.024811%
OP_CAT_XED_CATEGORY_STRINGOP_CORE_0                             0                             0%
OP_CAT_XED_CATEGORY_STTNI_CORE_0                                0                             0%
OP_CAT_XED_CATEGORY_SYSCALL_CORE_0                             39                   4.96678e-05%
OP_CAT_XED_CATEGORY_SYSRET_CORE_0                               0                             0%
OP_CAT_XED_CATEGORY_SYSTEM_CORE_0                               0                             0%
OP_CAT_XED_CATEGORY_TBM_CORE_0                                  0                             0%
OP_CAT_XED_CATEGORY_UNCOND_BR_CORE_0                       147337                      0.187639%
OP_CAT_XED_CATEGORY_VFMA_CORE_0                                 0                             0%
OP_CAT_XED_CATEGORY_VTX_CORE_0                                  0                             0%
OP_CAT_XED_CATEGORY_WIDENOP_CORE_0                              0                             0%
OP_CAT_XED_CATEGORY_X87_ALU_CORE_0                              0                             0%
OP_CAT_XED_CATEGORY_XOP_CORE_0                                  0                             0%
OP_CAT_XED_CATEGORY_XSAVE_CORE_0                                0                             0%
OP_CAT_XED_CATEGORY_XSAVEOPT_CORE_0                             0                             0%
OP_CAT_TR_MUL_CORE_0                                      4191233                       5.33768%
OP_CAT_TR_DIV_CORE_0                                            0                             0%
OP_CAT_TR_FMUL_CORE_0                                           0                             0%
OP_CAT_TR_FDIV_CORE_0                                        2948                    0.00375438%
OP_CAT_TR_NOP_CORE_0                                       401383                      0.511175%
OP_CAT_PREFETCH_NTA_CORE_0                                      0                             0%
OP_CAT_PREFETCH_T0_CORE_0                                       0                             0%
OP_CAT_PREFETCH_T1_CORE_0                                       0                             0%
OP_CAT_PREFETCH_T2_CORE_0                                       0                             0%
OP_CAT_GPU_EN_CORE_0                                            0                             0%
OP_CAT_GPU_INVALID_CORE_0                                       0                             0%
OP_CAT_GPU_ABS_CORE_0                                           0                             0%
OP_CAT_GPU_ABS64_CORE_0                                         0                             0%
OP_CAT_GPU_ADD_CORE_0                                           0                             0%
OP_CAT_GPU_ADD64_CORE_0                                         0                             0%
OP_CAT_GPU_ADDC_CORE_0                                          0                             0%
OP_CAT_GPU_AND_CORE_0                                           0                             0%
OP_CAT_GPU_AND64_CORE_0                                         0                             0%
OP_CAT_GPU_ATOM_GM_CORE_0                                       0                             0%
OP_CAT_GPU_ATOM_SM_CORE_0                                       0                             0%
OP_CAT_GPU_ATOM64_GM_CORE_0                                     0                             0%
OP_CAT_GPU_ATOM64_SM_CORE_0                                     0                             0%
OP_CAT_GPU_BAR_ARRIVE_CORE_0                                    0                             0%
OP_CAT_GPU_BAR_SYNC_CORE_0                                      0                             0%
OP_CAT_GPU_BAR_RED_CORE_0                                       0                             0%
OP_CAT_GPU_BFE_CORE_0                                           0                             0%
OP_CAT_GPU_BFE64_CORE_0                                         0                             0%
OP_CAT_GPU_BFI_CORE_0                                           0                             0%
OP_CAT_GPU_BFI64_CORE_0                                         0                             0%
OP_CAT_GPU_BFIND_CORE_0                                         0                             0%
OP_CAT_GPU_BFIND64_CORE_0                                       0                             0%
OP_CAT_GPU_BRA_CORE_0                                           0                             0%
OP_CAT_GPU_BREV_CORE_0                                          0                             0%
OP_CAT_GPU_BREV64_CORE_0                                        0                             0%
OP_CAT_GPU_BRKPT_CORE_0                                         0                             0%
OP_CAT_GPU_CALL_CORE_0                                          0                             0%
OP_CAT_GPU_CLZ_CORE_0                                           0                             0%
OP_CAT_GPU_CLZ64_CORE_0                                         0                             0%
OP_CAT_GPU_CNOT_CORE_0                                          0                             0%
OP_CAT_GPU_CNOT64_CORE_0                                        0                             0%
OP_CAT_GPU_COPYSIGN_CORE_0                                      0                             0%
OP_CAT_GPU_COPYSIGN64_CORE_0                                    0                             0%
OP_CAT_GPU_COS_CORE_0                                           0                             0%
OP_CAT_GPU_CVT_CORE_0                                           0                             0%
OP_CAT_GPU_CVT64_CORE_0                                         0                             0%
OP_CAT_GPU_CVTA_CORE_0                                          0                             0%
OP_CAT_GPU_CVTA64_CORE_0                                        0                             0%
OP_CAT_GPU_DIV_CORE_0                                           0                             0%
OP_CAT_GPU_DIV64_CORE_0                                         0                             0%
OP_CAT_GPU_EX2_CORE_0                                           0                             0%
OP_CAT_GPU_EXIT_CORE_0                                          0                             0%
OP_CAT_GPU_FMA_CORE_0                                           0                             0%
OP_CAT_GPU_FMA64_CORE_0                                         0                             0%
OP_CAT_GPU_ISSPACEP_CORE_0                                      0                             0%
OP_CAT_GPU_LD_CORE_0                                            0                             0%
OP_CAT_GPU_LD64_CORE_0                                          0                             0%
OP_CAT_GPU_LDU_CORE_0                                           0                             0%
OP_CAT_GPU_LDU64_CORE_0                                         0                             0%
OP_CAT_GPU_LG2_CORE_0                                           0                             0%
OP_CAT_GPU_MAD24_CORE_0                                         0                             0%
OP_CAT_GPU_MAD_CORE_0                                           0                             0%
OP_CAT_GPU_MAD64_CORE_0                                         0                             0%
OP_CAT_GPU_MADC_CORE_0                                          0                             0%
OP_CAT_GPU_MADC64_CORE_0                                        0                             0%
OP_CAT_GPU_MAX_CORE_0                                           0                             0%
OP_CAT_GPU_MAX64_CORE_0                                         0                             0%
OP_CAT_GPU_MEMBAR_CTA_CORE_0                                    0                             0%
OP_CAT_GPU_MEMBAR_GL_CORE_0                                     0                             0%
OP_CAT_GPU_MEMBAR_SYS_CORE_0                                    0                             0%
OP_CAT_GPU_MIN_CORE_0                                           0                             0%
OP_CAT_GPU_MIN64_CORE_0                                         0                             0%
OP_CAT_GPU_MOV_CORE_0                                           0                             0%
OP_CAT_GPU_MOV64_CORE_0                                         0                             0%
OP_CAT_GPU_MUL24_CORE_0                                         0                             0%
OP_CAT_GPU_MUL_CORE_0                                           0                             0%
OP_CAT_GPU_MUL64_CORE_0                                         0                             0%
OP_CAT_GPU_NEG_CORE_0                                           0                             0%
OP_CAT_GPU_NEG64_CORE_0                                         0                             0%
OP_CAT_GPU_NOT_CORE_0                                           0                             0%
OP_CAT_GPU_NOT64_CORE_0                                         0                             0%
OP_CAT_GPU_OR_CORE_0                                            0                             0%
OP_CAT_GPU_OR64_CORE_0                                          0                             0%
OP_CAT_GPU_PMEVENT_CORE_0                                       0                             0%
OP_CAT_GPU_POPC_CORE_0                                          0                             0%
OP_CAT_GPU_POPC64_CORE_0                                        0                             0%
OP_CAT_GPU_PREFETCH_CORE_0                                      0                             0%
OP_CAT_GPU_PREFETCHU_CORE_0                                     0                             0%
OP_CAT_GPU_PRMT_CORE_0                                          0                             0%
OP_CAT_GPU_RCP_CORE_0                                           0                             0%
OP_CAT_GPU_RCP64_CORE_0                                         0                             0%
OP_CAT_GPU_RED_GM_CORE_0                                        0                             0%
OP_CAT_GPU_RED_SM_CORE_0                                        0                             0%
OP_CAT_GPU_RED64_GM_CORE_0                                      0                             0%
OP_CAT_GPU_RED64_SM_CORE_0                                      0                             0%
OP_CAT_GPU_REM_CORE_0                                           0                             0%
OP_CAT_GPU_REM64_CORE_0                                         0                             0%
OP_CAT_GPU_RET_CORE_0                                           0                             0%
OP_CAT_GPU_RSQRT_CORE_0                                         0                             0%
OP_CAT_GPU_RSQRT64_CORE_0                                       0                             0%
OP_CAT_GPU_SAD_CORE_0                                           0                             0%
OP_CAT_GPU_SAD64_CORE_0                                         0                             0%
OP_CAT_GPU_SELP_CORE_0                                          0                             0%
OP_CAT_GPU_SELP64_CORE_0                                        0                             0%
OP_CAT_GPU_SET_CORE_0                                           0                             0%
OP_CAT_GPU_SET64_CORE_0                                         0                             0%
OP_CAT_GPU_SETP_CORE_0                                          0                             0%
OP_CAT_GPU_SETP64_CORE_0                                        0                             0%
OP_CAT_GPU_SHFL_CORE_0                                          0                             0%
OP_CAT_GPU_SHFL64_CORE_0                                        0                             0%
OP_CAT_GPU_SHL_CORE_0                                           0                             0%
OP_CAT_GPU_SHL64_CORE_0                                         0                             0%
OP_CAT_GPU_SHR_CORE_0                                           0                             0%
OP_CAT_GPU_SHR64_CORE_0                                         0                             0%
OP_CAT_GPU_SIN_CORE_0                                           0                             0%
OP_CAT_GPU_SLCT_CORE_0                                          0                             0%
OP_CAT_GPU_SLCT64_CORE_0                                        0                             0%
OP_CAT_GPU_SQRT_CORE_0                                          0                             0%
OP_CAT_GPU_SQRT64_CORE_0                                        0                             0%
OP_CAT_GPU_ST_CORE_0                                            0                             0%
OP_CAT_GPU_ST64_CORE_0                                          0                             0%
OP_CAT_GPU_SUB_CORE_0                                           0                             0%
OP_CAT_GPU_SUB64_CORE_0                                         0                             0%
OP_CAT_GPU_SUBC_CORE_0                                          0                             0%
OP_CAT_GPU_SULD_CORE_0                                          0                             0%
OP_CAT_GPU_SULD64_CORE_0                                        0                             0%
OP_CAT_GPU_SURED_CORE_0                                         0                             0%
OP_CAT_GPU_SURED64_CORE_0                                       0                             0%
OP_CAT_GPU_SUST_CORE_0                                          0                             0%
OP_CAT_GPU_SUST64_CORE_0                                        0                             0%
OP_CAT_GPU_SUQ_CORE_0                                           0                             0%
OP_CAT_GPU_TESTP_CORE_0                                         0                             0%
OP_CAT_GPU_TESTP64_CORE_0                                       0                             0%
OP_CAT_GPU_TEX_CORE_0                                           0                             0%
OP_CAT_GPU_TLD4_CORE_0                                          0                             0%
OP_CAT_GPU_TXQ_CORE_0                                           0                             0%
OP_CAT_GPU_TRAP_CORE_0                                          0                             0%
OP_CAT_GPU_VABSDIFF_CORE_0                                      0                             0%
OP_CAT_GPU_VADD_CORE_0                                          0                             0%
OP_CAT_GPU_VMAD_CORE_0                                          0                             0%
OP_CAT_GPU_VMAX_CORE_0                                          0                             0%
OP_CAT_GPU_VMIN_CORE_0                                          0                             0%
OP_CAT_GPU_VSET_CORE_0                                          0                             0%
OP_CAT_GPU_VSHL_CORE_0                                          0                             0%
OP_CAT_GPU_VSHR_CORE_0                                          0                             0%
OP_CAT_GPU_VSUB_CORE_0                                          0                             0%
OP_CAT_GPU_VOTE_CORE_0                                          0                             0%
OP_CAT_GPU_XOR_CORE_0                                           0                             0%
OP_CAT_GPU_XOR64_CORE_0                                         0                             0%
OP_CAT_GPU_RECONVERGE_CORE_0                                    0                             0%
OP_CAT_GPU_PHI_CORE_0                                           0                             0%
OP_CAT_GPU_MEM_LD_GM_CORE_0                                     0                             0%
OP_CAT_GPU_MEM_LD_LM_CORE_0                                     0                             0%
OP_CAT_GPU_MEM_LD_SM_CORE_0                                     0                             0%
OP_CAT_GPU_MEM_LD_CM_CORE_0                                     0                             0%
OP_CAT_GPU_MEM_LD_TM_CORE_0                                     0                             0%
OP_CAT_GPU_MEM_LD_PM_CORE_0                                     0                             0%
OP_CAT_GPU_MEM_LDU_GM_CORE_0                                    0                             0%
OP_CAT_GPU_MEM_ST_GM_CORE_0                                     0                             0%
OP_CAT_GPU_MEM_ST_LM_CORE_0                                     0                             0%
OP_CAT_GPU_MEM_ST_SM_CORE_0                                     0                             0%
OP_CAT_GPU_DATA_XFER_GM_CORE_0                                  0                             0%
OP_CAT_GPU_DATA_XFER_LM_CORE_0                                  0                             0%
OP_CAT_GPU_DATA_XFER_SM_CORE_0                                  0                             0%
                                                         78521670                           100%

FP_OPS_CORE_1                                             2380767                       2380767

OP_CAT_XED_CATEGORY_INVALID_CORE_1                              0                             0%
OP_CAT_XED_CATEGORY_3DNOW_CORE_1                                0                             0%
OP_CAT_XED_CATEGORY_AES_CORE_1                                  0                             0%
OP_CAT_XED_CATEGORY_AVX_CORE_1                               3723                    0.00428905%
OP_CAT_XED_CATEGORY_AVX2_CORE_1                                 0                             0%
OP_CAT_XED_CATEGORY_AVX2GATHER_CORE_1                           0                             0%
OP_CAT_XED_CATEGORY_BDW_CORE_1                                  0                             0%
OP_CAT_XED_CATEGORY_BINARY_CORE_1                        16554184                       19.0711%
OP_CAT_XED_CATEGORY_BITBYTE_CORE_1                         233114                      0.268557%
OP_CAT_XED_CATEGORY_BMI1_CORE_1                                 0                             0%
OP_CAT_XED_CATEGORY_BMI2_CORE_1                                 0                             0%
OP_CAT_XED_CATEGORY_BROADCAST_CORE_1                            0                             0%
OP_CAT_XED_CATEGORY_CALL_CORE_1                           2396767                       2.76118%
OP_CAT_XED_CATEGORY_CMOV_CORE_1                            420275                      0.484175%
OP_CAT_XED_CATEGORY_COND_BR_CORE_1                        7731160                       8.90662%
OP_CAT_XED_CATEGORY_CONVERT_CORE_1                          19464                     0.0224234%
OP_CAT_XED_CATEGORY_DATAXFER_CORE_1                      31826664                       36.6657%
OP_CAT_XED_CATEGORY_DECIMAL_CORE_1                              0                             0%
OP_CAT_XED_CATEGORY_FCMOV_CORE_1                                0                             0%
OP_CAT_XED_CATEGORY_FLAGOP_CORE_1                               0                             0%
OP_CAT_XED_CATEGORY_FMA4_CORE_1                                 0                             0%
OP_CAT_XED_CATEGORY_INTERRUPT_CORE_1                            0                             0%
OP_CAT_XED_CATEGORY_IO_CORE_1                                   0                             0%
OP_CAT_XED_CATEGORY_IOSTRINGOP_CORE_1                           0                             0%
OP_CAT_XED_CATEGORY_LOGICAL_CORE_1                        4312732                       4.96845%
OP_CAT_XED_CATEGORY_LZCNT_CORE_1                                0                             0%
OP_CAT_XED_CATEGORY_MISC_CORE_1                           7394443                       8.51871%
OP_CAT_XED_CATEGORY_MMX_CORE_1                                  0                             0%
OP_CAT_XED_CATEGORY_NOP_CORE_1                                  0                             0%
OP_CAT_XED_CATEGORY_PCLMULQDQ_CORE_1                            0                             0%
OP_CAT_XED_CATEGORY_POP_CORE_1                             657181                        0.7571%
OP_CAT_XED_CATEGORY_PREFETCH_CORE_1                             0                             0%
OP_CAT_XED_CATEGORY_PUSH_CORE_1                            657160                      0.757076%
OP_CAT_XED_CATEGORY_RDRAND_CORE_1                               0                             0%
OP_CAT_XED_CATEGORY_RDSEED_CORE_1                               0                             0%
OP_CAT_XED_CATEGORY_RDWRFSGS_CORE_1                             0                             0%
OP_CAT_XED_CATEGORY_RET_CORE_1                            2396769                       2.76118%
OP_CAT_XED_CATEGORY_ROTATE_CORE_1                               1                   1.15204e-06%
OP_CAT_XED_CATEGORY_SEGOP_CORE_1                                0                             0%
OP_CAT_XED_CATEGORY_SEMAPHORE_CORE_1                        44924                     0.0517543%
OP_CAT_XED_CATEGORY_SHIFT_CORE_1                          1271710                       1.46506%
OP_CAT_XED_CATEGORY_SSE_CORE_1                            3298401                        3.7999%
OP_CAT_XED_CATEGORY_STRINGOP_CORE_1                           544                   0.000626711%
OP_CAT_XED_CATEGORY_STTNI_CORE_1                                0                             0%
OP_CAT_XED_CATEGORY_SYSCALL_CORE_1                             10                   1.15204e-05%
OP_CAT_XED_CATEGORY_SYSRET_CORE_1                               0                             0%
OP_CAT_XED_CATEGORY_SYSTEM_CORE_1                               0                             0%
OP_CAT_XED_CATEGORY_TBM_CORE_1                                  0                             0%
OP_CAT_XED_CATEGORY_UNCOND_BR_CORE_1                      1676599                       1.93151%
OP_CAT_XED_CATEGORY_VFMA_CORE_1                                 0                             0%
OP_CAT_XED_CATEGORY_VTX_CORE_1                                  0                             0%
OP_CAT_XED_CATEGORY_WIDENOP_CORE_1                              0                             0%
OP_CAT_XED_CATEGORY_X87_ALU_CORE_1                           1527                    0.00175917%
OP_CAT_XED_CATEGORY_XOP_CORE_1                                  0                             0%
OP_CAT_XED_CATEGORY_XSAVE_CORE_1                                0                             0%
OP_CAT_XED_CATEGORY_XSAVEOPT_CORE_1                             0                             0%
OP_CAT_TR_MUL_CORE_1                                      2153461                       2.48088%
OP_CAT_TR_DIV_CORE_1                                        87225                      0.100487%
OP_CAT_TR_FMUL_CORE_1                                     3543171                       4.08188%
OP_CAT_TR_FDIV_CORE_1                                        3221                    0.00371073%
OP_CAT_TR_NOP_CORE_1                                       117942                      0.135874%
OP_CAT_PREFETCH_NTA_CORE_1                                      0                             0%
OP_CAT_PREFETCH_T0_CORE_1                                       0                             0%
OP_CAT_PREFETCH_T1_CORE_1                                       0                             0%
OP_CAT_PREFETCH_T2_CORE_1                                       0                             0%
OP_CAT_GPU_EN_CORE_1                                            0                             0%
OP_CAT_GPU_INVALID_CORE_1                                       0                             0%
OP_CAT_GPU_ABS_CORE_1                                           0                             0%
OP_CAT_GPU_ABS64_CORE_1                                         0                             0%
OP_CAT_GPU_ADD_CORE_1                                           0                             0%
OP_CAT_GPU_ADD64_CORE_1                                         0                             0%
OP_CAT_GPU_ADDC_CORE_1                                          0                             0%
OP_CAT_GPU_AND_CORE_1                                           0                             0%
OP_CAT_GPU_AND64_CORE_1                                         0                             0%
OP_CAT_GPU_ATOM_GM_CORE_1                                       0                             0%
OP_CAT_GPU_ATOM_SM_CORE_1                                       0                             0%
OP_CAT_GPU_ATOM64_GM_CORE_1                                     0                             0%
OP_CAT_GPU_ATOM64_SM_CORE_1                                     0                             0%
OP_CAT_GPU_BAR_ARRIVE_CORE_1                                    0                             0%
OP_CAT_GPU_BAR_SYNC_CORE_1                                      0                             0%
OP_CAT_GPU_BAR_RED_CORE_1                                       0                             0%
OP_CAT_GPU_BFE_CORE_1                                           0                             0%
OP_CAT_GPU_BFE64_CORE_1                                         0                             0%
OP_CAT_GPU_BFI_CORE_1                                           0                             0%
OP_CAT_GPU_BFI64_CORE_1                                         0                             0%
OP_CAT_GPU_BFIND_CORE_1                                         0                             0%
OP_CAT_GPU_BFIND64_CORE_1                                       0                             0%
OP_CAT_GPU_BRA_CORE_1                                           0                             0%
OP_CAT_GPU_BREV_CORE_1                                          0                             0%
OP_CAT_GPU_BREV64_CORE_1                                        0                             0%
OP_CAT_GPU_BRKPT_CORE_1                                         0                             0%
OP_CAT_GPU_CALL_CORE_1                                          0                             0%
OP_CAT_GPU_CLZ_CORE_1                                           0                             0%
OP_CAT_GPU_CLZ64_CORE_1                                         0                             0%
OP_CAT_GPU_CNOT_CORE_1                                          0                             0%
OP_CAT_GPU_CNOT64_CORE_1                                        0                             0%
OP_CAT_GPU_COPYSIGN_CORE_1                                      0                             0%
OP_CAT_GPU_COPYSIGN64_CORE_1                                    0                             0%
OP_CAT_GPU_COS_CORE_1                                           0                             0%
OP_CAT_GPU_CVT_CORE_1                                           0                             0%
OP_CAT_GPU_CVT64_CORE_1                                         0                             0%
OP_CAT_GPU_CVTA_CORE_1                                          0                             0%
OP_CAT_GPU_CVTA64_CORE_1                                        0                             0%
OP_CAT_GPU_DIV_CORE_1                                           0                             0%
OP_CAT_GPU_DIV64_CORE_1                                         0                             0%
OP_CAT_GPU_EX2_CORE_1                                           0                             0%
OP_CAT_GPU_EXIT_CORE_1                                          0                             0%
OP_CAT_GPU_FMA_CORE_1                                           0                             0%
OP_CAT_GPU_FMA64_CORE_1                                         0                             0%
OP_CAT_GPU_ISSPACEP_CORE_1                                      0                             0%
OP_CAT_GPU_LD_CORE_1                                            0                             0%
OP_CAT_GPU_LD64_CORE_1                                          0                             0%
OP_CAT_GPU_LDU_CORE_1                                           0                             0%
OP_CAT_GPU_LDU64_CORE_1                                         0                             0%
OP_CAT_GPU_LG2_CORE_1                                           0                             0%
OP_CAT_GPU_MAD24_CORE_1                                         0                             0%
OP_CAT_GPU_MAD_CORE_1                                           0                             0%
OP_CAT_GPU_MAD64_CORE_1                                         0                             0%
OP_CAT_GPU_MADC_CORE_1                                          0                             0%
OP_CAT_GPU_MADC64_CORE_1                                        0                             0%
OP_CAT_GPU_MAX_CORE_1                                           0                             0%
OP_CAT_GPU_MAX64_CORE_1                                         0                             0%
OP_CAT_GPU_MEMBAR_CTA_CORE_1                                    0                             0%
OP_CAT_GPU_MEMBAR_GL_CORE_1                                     0                             0%
OP_CAT_GPU_MEMBAR_SYS_CORE_1                                    0                             0%
OP_CAT_GPU_MIN_CORE_1                                           0                             0%
OP_CAT_GPU_MIN64_CORE_1                                         0                             0%
OP_CAT_GPU_MOV_CORE_1                                           0                             0%
OP_CAT_GPU_MOV64_CORE_1                                         0                             0%
OP_CAT_GPU_MUL24_CORE_1                                         0                             0%
OP_CAT_GPU_MUL_CORE_1                                           0                             0%
OP_CAT_GPU_MUL64_CORE_1                                         0                             0%
OP_CAT_GPU_NEG_CORE_1                                           0                             0%
OP_CAT_GPU_NEG64_CORE_1                                         0                             0%
OP_CAT_GPU_NOT_CORE_1                                           0                             0%
OP_CAT_GPU_NOT64_CORE_1                                         0                             0%
OP_CAT_GPU_OR_CORE_1                                            0                             0%
OP_CAT_GPU_OR64_CORE_1                                          0                             0%
OP_CAT_GPU_PMEVENT_CORE_1                                       0                             0%
OP_CAT_GPU_POPC_CORE_1                                          0                             0%
OP_CAT_GPU_POPC64_CORE_1                                        0                             0%
OP_CAT_GPU_PREFETCH_CORE_1                                      0                             0%
OP_CAT_GPU_PREFETCHU_CORE_1                                     0                             0%
OP_CAT_GPU_PRMT_CORE_1                                          0                             0%
OP_CAT_GPU_RCP_CORE_1                                           0                             0%
OP_CAT_GPU_RCP64_CORE_1                                         0                             0%
OP_CAT_GPU_RED_GM_CORE_1                                        0                             0%
OP_CAT_GPU_RED_SM_CORE_1                                        0                             0%
OP_CAT_GPU_RED64_GM_CORE_1                                      0                             0%
OP_CAT_GPU_RED64_SM_CORE_1                                      0                             0%
OP_CAT_GPU_REM_CORE_1                                           0                             0%
OP_CAT_GPU_REM64_CORE_1                                         0                             0%
OP_CAT_GPU_RET_CORE_1                                           0                             0%
OP_CAT_GPU_RSQRT_CORE_1                                         0                             0%
OP_CAT_GPU_RSQRT64_CORE_1                                       0                             0%
OP_CAT_GPU_SAD_CORE_1                                           0                             0%
OP_CAT_GPU_SAD64_CORE_1                                         0                             0%
OP_CAT_GPU_SELP_CORE_1                                          0                             0%
OP_CAT_GPU_SELP64_CORE_1                                        0                             0%
OP_CAT_GPU_SET_CORE_1                                           0                             0%
OP_CAT_GPU_SET64_CORE_1                                         0                             0%
OP_CAT_GPU_SETP_CORE_1                                          0                             0%
OP_CAT_GPU_SETP64_CORE_1                                        0                             0%
OP_CAT_GPU_SHFL_CORE_1                                          0                             0%
OP_CAT_GPU_SHFL64_CORE_1                                        0                             0%
OP_CAT_GPU_SHL_CORE_1                                           0                             0%
OP_CAT_GPU_SHL64_CORE_1                                         0                             0%
OP_CAT_GPU_SHR_CORE_1                                           0                             0%
OP_CAT_GPU_SHR64_CORE_1                                         0                             0%
OP_CAT_GPU_SIN_CORE_1                                           0                             0%
OP_CAT_GPU_SLCT_CORE_1                                          0                             0%
OP_CAT_GPU_SLCT64_CORE_1                                        0                             0%
OP_CAT_GPU_SQRT_CORE_1                                          0                             0%
OP_CAT_GPU_SQRT64_CORE_1                                        0                             0%
OP_CAT_GPU_ST_CORE_1                                            0                             0%
OP_CAT_GPU_ST64_CORE_1                                          0                             0%
OP_CAT_GPU_SUB_CORE_1                                           0                             0%
OP_CAT_GPU_SUB64_CORE_1                                         0                             0%
OP_CAT_GPU_SUBC_CORE_1                                          0                             0%
OP_CAT_GPU_SULD_CORE_1                                          0                             0%
OP_CAT_GPU_SULD64_CORE_1                                        0                             0%
OP_CAT_GPU_SURED_CORE_1                                         0                             0%
OP_CAT_GPU_SURED64_CORE_1                                       0                             0%
OP_CAT_GPU_SUST_CORE_1                                          0                             0%
OP_CAT_GPU_SUST64_CORE_1                                        0                             0%
OP_CAT_GPU_SUQ_CORE_1                                           0                             0%
OP_CAT_GPU_TESTP_CORE_1                                         0                             0%
OP_CAT_GPU_TESTP64_CORE_1                                       0                             0%
OP_CAT_GPU_TEX_CORE_1                                           0                             0%
OP_CAT_GPU_TLD4_CORE_1                                          0                             0%
OP_CAT_GPU_TXQ_CORE_1                                           0                             0%
OP_CAT_GPU_TRAP_CORE_1                                          0                             0%
OP_CAT_GPU_VABSDIFF_CORE_1                                      0                             0%
OP_CAT_GPU_VADD_CORE_1                                          0                             0%
OP_CAT_GPU_VMAD_CORE_1                                          0                             0%
OP_CAT_GPU_VMAX_CORE_1                                          0                             0%
OP_CAT_GPU_VMIN_CORE_1                                          0                             0%
OP_CAT_GPU_VSET_CORE_1                                          0                             0%
OP_CAT_GPU_VSHL_CORE_1                                          0                             0%
OP_CAT_GPU_VSHR_CORE_1                                          0                             0%
OP_CAT_GPU_VSUB_CORE_1                                          0                             0%
OP_CAT_GPU_VOTE_CORE_1                                          0                             0%
OP_CAT_GPU_XOR_CORE_1                                           0                             0%
OP_CAT_GPU_XOR64_CORE_1                                         0                             0%
OP_CAT_GPU_RECONVERGE_CORE_1                                    0                             0%
OP_CAT_GPU_PHI_CORE_1                                           0                             0%
OP_CAT_GPU_MEM_LD_GM_CORE_1                                     0                             0%
OP_CAT_GPU_MEM_LD_LM_CORE_1                                     0                             0%
OP_CAT_GPU_MEM_LD_SM_CORE_1                                     0                             0%
OP_CAT_GPU_MEM_LD_CM_CORE_1                                     0                             0%
OP_CAT_GPU_MEM_LD_TM_CORE_1                                     0                             0%
OP_CAT_GPU_MEM_LD_PM_CORE_1                                     0                             0%
OP_CAT_GPU_MEM_LDU_GM_CORE_1                                    0                             0%
OP_CAT_GPU_MEM_ST_GM_CORE_1                                     0                             0%
OP_CAT_GPU_MEM_ST_LM_CORE_1                                     0                             0%
OP_CAT_GPU_MEM_ST_SM_CORE_1                                     0                             0%
OP_CAT_GPU_DATA_XFER_GM_CORE_1                                  0                             0%
OP_CAT_GPU_DATA_XFER_LM_CORE_1                                  0                             0%
OP_CAT_GPU_DATA_XFER_SM_CORE_1                                  0                             0%
                                                         86802372                           100%

FP_OPS_CORE_2                                                  44                            44

OP_CAT_XED_CATEGORY_INVALID_CORE_2                              0                             0%
OP_CAT_XED_CATEGORY_3DNOW_CORE_2                                0                             0%
OP_CAT_XED_CATEGORY_AES_CORE_2                                  0                             0%
OP_CAT_XED_CATEGORY_AVX_CORE_2                                  0                             0%
OP_CAT_XED_CATEGORY_AVX2_CORE_2                                 0                             0%
OP_CAT_XED_CATEGORY_AVX2GATHER_CORE_2                           0                             0%
OP_CAT_XED_CATEGORY_BDW_CORE_2                                  0                             0%
OP_CAT_XED_CATEGORY_BINARY_CORE_2                        20883997                        31.665%
OP_CAT_XED_CATEGORY_BITBYTE_CORE_2                            536                     0.0008127%
OP_CAT_XED_CATEGORY_BMI1_CORE_2                                 0                             0%
OP_CAT_XED_CATEGORY_BMI2_CORE_2                                 0                             0%
OP_CAT_XED_CATEGORY_BROADCAST_CORE_2                            0                             0%
OP_CAT_XED_CATEGORY_CALL_CORE_2                               674                    0.00102194%
OP_CAT_XED_CATEGORY_CMOV_CORE_2                               212                   0.000321441%
OP_CAT_XED_CATEGORY_COND_BR_CORE_2                        6978004                       10.5803%
OP_CAT_XED_CATEGORY_CONVERT_CORE_2                        6948944                       10.5362%
OP_CAT_XED_CATEGORY_DATAXFER_CORE_2                      24153344                       36.6221%
OP_CAT_XED_CATEGORY_DECIMAL_CORE_2                              0                             0%
OP_CAT_XED_CATEGORY_FCMOV_CORE_2                                0                             0%
OP_CAT_XED_CATEGORY_FLAGOP_CORE_2                               0                             0%
OP_CAT_XED_CATEGORY_FMA4_CORE_2                                 0                             0%
OP_CAT_XED_CATEGORY_INTERRUPT_CORE_2                            0                             0%
OP_CAT_XED_CATEGORY_IO_CORE_2                                   0                             0%
OP_CAT_XED_CATEGORY_IOSTRINGOP_CORE_2                           0                             0%
OP_CAT_XED_CATEGORY_LOGICAL_CORE_2                          18714                     0.0283748%
OP_CAT_XED_CATEGORY_LZCNT_CORE_2                                0                             0%
OP_CAT_XED_CATEGORY_MISC_CORE_2                           6956759                       10.5481%
OP_CAT_XED_CATEGORY_MMX_CORE_2                                  0                             0%
OP_CAT_XED_CATEGORY_NOP_CORE_2                                  0                             0%
OP_CAT_XED_CATEGORY_PCLMULQDQ_CORE_2                            0                             0%
OP_CAT_XED_CATEGORY_POP_CORE_2                               1889                    0.00286416%
OP_CAT_XED_CATEGORY_PREFETCH_CORE_2                             0                             0%
OP_CAT_XED_CATEGORY_PUSH_CORE_2                              1903                    0.00288539%
OP_CAT_XED_CATEGORY_RDRAND_CORE_2                               0                             0%
OP_CAT_XED_CATEGORY_RDSEED_CORE_2                               0                             0%
OP_CAT_XED_CATEGORY_RDWRFSGS_CORE_2                             0                             0%
OP_CAT_XED_CATEGORY_RET_CORE_2                                673                    0.00102042%
OP_CAT_XED_CATEGORY_ROTATE_CORE_2                              12                   1.81948e-05%
OP_CAT_XED_CATEGORY_SEGOP_CORE_2                                0                             0%
OP_CAT_XED_CATEGORY_SEMAPHORE_CORE_2                            7                   1.06136e-05%
OP_CAT_XED_CATEGORY_SHIFT_CORE_2                             2796                    0.00423938%
OP_CAT_XED_CATEGORY_SSE_CORE_2                                 34                   5.15519e-05%
OP_CAT_XED_CATEGORY_STRINGOP_CORE_2                          2432                    0.00368748%
OP_CAT_XED_CATEGORY_STTNI_CORE_2                                0                             0%
OP_CAT_XED_CATEGORY_SYSCALL_CORE_2                             27                   4.09383e-05%
OP_CAT_XED_CATEGORY_SYSRET_CORE_2                               0                             0%
OP_CAT_XED_CATEGORY_SYSTEM_CORE_2                              19                   2.88084e-05%
OP_CAT_XED_CATEGORY_TBM_CORE_2                                  0                             0%
OP_CAT_XED_CATEGORY_UNCOND_BR_CORE_2                         1418                    0.00215002%
OP_CAT_XED_CATEGORY_VFMA_CORE_2                                 0                             0%
OP_CAT_XED_CATEGORY_VTX_CORE_2                                  0                             0%
OP_CAT_XED_CATEGORY_WIDENOP_CORE_2                              0                             0%
OP_CAT_XED_CATEGORY_X87_ALU_CORE_2                              0                             0%
OP_CAT_XED_CATEGORY_XOP_CORE_2                                  0                             0%
OP_CAT_XED_CATEGORY_XSAVE_CORE_2                                0                             0%
OP_CAT_XED_CATEGORY_XSAVEOPT_CORE_2                             0                             0%
OP_CAT_TR_MUL_CORE_2                                           36                   5.45843e-05%
OP_CAT_TR_DIV_CORE_2                                           91                   0.000137977%
OP_CAT_TR_FMUL_CORE_2                                           0                             0%
OP_CAT_TR_FDIV_CORE_2                                           0                             0%
OP_CAT_TR_NOP_CORE_2                                          456                   0.000691402%
OP_CAT_PREFETCH_NTA_CORE_2                                      0                             0%
OP_CAT_PREFETCH_T0_CORE_2                                       0                             0%
OP_CAT_PREFETCH_T1_CORE_2                                       0                             0%
OP_CAT_PREFETCH_T2_CORE_2                                       0                             0%
OP_CAT_GPU_EN_CORE_2                                            0                             0%
OP_CAT_GPU_INVALID_CORE_2                                       0                             0%
OP_CAT_GPU_ABS_CORE_2                                           0                             0%
OP_CAT_GPU_ABS64_CORE_2                                         0                             0%
OP_CAT_GPU_ADD_CORE_2                                           0                             0%
OP_CAT_GPU_ADD64_CORE_2                                         0                             0%
OP_CAT_GPU_ADDC_CORE_2                                          0                             0%
OP_CAT_GPU_AND_CORE_2                                           0                             0%
OP_CAT_GPU_AND64_CORE_2                                         0                             0%
OP_CAT_GPU_ATOM_GM_CORE_2                                       0                             0%
OP_CAT_GPU_ATOM_SM_CORE_2                                       0                             0%
OP_CAT_GPU_ATOM64_GM_CORE_2                                     0                             0%
OP_CAT_GPU_ATOM64_SM_CORE_2                                     0                             0%
OP_CAT_GPU_BAR_ARRIVE_CORE_2                                    0                             0%
OP_CAT_GPU_BAR_SYNC_CORE_2                                      0                             0%
OP_CAT_GPU_BAR_RED_CORE_2                                       0                             0%
OP_CAT_GPU_BFE_CORE_2                                           0                             0%
OP_CAT_GPU_BFE64_CORE_2                                         0                             0%
OP_CAT_GPU_BFI_CORE_2                                           0                             0%
OP_CAT_GPU_BFI64_CORE_2                                         0                             0%
OP_CAT_GPU_BFIND_CORE_2                                         0                             0%
OP_CAT_GPU_BFIND64_CORE_2                                       0                             0%
OP_CAT_GPU_BRA_CORE_2                                           0                             0%
OP_CAT_GPU_BREV_CORE_2                                          0                             0%
OP_CAT_GPU_BREV64_CORE_2                                        0                             0%
OP_CAT_GPU_BRKPT_CORE_2                                         0                             0%
OP_CAT_GPU_CALL_CORE_2                                          0                             0%
OP_CAT_GPU_CLZ_CORE_2                                           0                             0%
OP_CAT_GPU_CLZ64_CORE_2                                         0                             0%
OP_CAT_GPU_CNOT_CORE_2                                          0                             0%
OP_CAT_GPU_CNOT64_CORE_2                                        0                             0%
OP_CAT_GPU_COPYSIGN_CORE_2                                      0                             0%
OP_CAT_GPU_COPYSIGN64_CORE_2                                    0                             0%
OP_CAT_GPU_COS_CORE_2                                           0                             0%
OP_CAT_GPU_CVT_CORE_2                                           0                             0%
OP_CAT_GPU_CVT64_CORE_2                                         0                             0%
OP_CAT_GPU_CVTA_CORE_2                                          0                             0%
OP_CAT_GPU_CVTA64_CORE_2                                        0                             0%
OP_CAT_GPU_DIV_CORE_2                                           0                             0%
OP_CAT_GPU_DIV64_CORE_2                                         0                             0%
OP_CAT_GPU_EX2_CORE_2                                           0                             0%
OP_CAT_GPU_EXIT_CORE_2                                          0                             0%
OP_CAT_GPU_FMA_CORE_2                                           0                             0%
OP_CAT_GPU_FMA64_CORE_2                                         0                             0%
OP_CAT_GPU_ISSPACEP_CORE_2                                      0                             0%
OP_CAT_GPU_LD_CORE_2                                            0                             0%
OP_CAT_GPU_LD64_CORE_2                                          0                             0%
OP_CAT_GPU_LDU_CORE_2                                           0                             0%
OP_CAT_GPU_LDU64_CORE_2                                         0                             0%
OP_CAT_GPU_LG2_CORE_2                                           0                             0%
OP_CAT_GPU_MAD24_CORE_2                                         0                             0%
OP_CAT_GPU_MAD_CORE_2                                           0                             0%
OP_CAT_GPU_MAD64_CORE_2                                         0                             0%
OP_CAT_GPU_MADC_CORE_2                                          0                             0%
OP_CAT_GPU_MADC64_CORE_2                                        0                             0%
OP_CAT_GPU_MAX_CORE_2                                           0                             0%
OP_CAT_GPU_MAX64_CORE_2                                         0                             0%
OP_CAT_GPU_MEMBAR_CTA_CORE_2                                    0                             0%
OP_CAT_GPU_MEMBAR_GL_CORE_2                                     0                             0%
OP_CAT_GPU_MEMBAR_SYS_CORE_2                                    0                             0%
OP_CAT_GPU_MIN_CORE_2                                           0                             0%
OP_CAT_GPU_MIN64_CORE_2                                         0                             0%
OP_CAT_GPU_MOV_CORE_2                                           0                             0%
OP_CAT_GPU_MOV64_CORE_2                                         0                             0%
OP_CAT_GPU_MUL24_CORE_2                                         0                             0%
OP_CAT_GPU_MUL_CORE_2                                           0                             0%
OP_CAT_GPU_MUL64_CORE_2                                         0                             0%
OP_CAT_GPU_NEG_CORE_2                                           0                             0%
OP_CAT_GPU_NEG64_CORE_2                                         0                             0%
OP_CAT_GPU_NOT_CORE_2                                           0                             0%
OP_CAT_GPU_NOT64_CORE_2                                         0                             0%
OP_CAT_GPU_OR_CORE_2                                            0                             0%
OP_CAT_GPU_OR64_CORE_2                                          0                             0%
OP_CAT_GPU_PMEVENT_CORE_2                                       0                             0%
OP_CAT_GPU_POPC_CORE_2                                          0                             0%
OP_CAT_GPU_POPC64_CORE_2                                        0                             0%
OP_CAT_GPU_PREFETCH_CORE_2                                      0                             0%
OP_CAT_GPU_PREFETCHU_CORE_2                                     0                             0%
OP_CAT_GPU_PRMT_CORE_2                                          0                             0%
OP_CAT_GPU_RCP_CORE_2                                           0                             0%
OP_CAT_GPU_RCP64_CORE_2                                         0                             0%
OP_CAT_GPU_RED_GM_CORE_2                                        0                             0%
OP_CAT_GPU_RED_SM_CORE_2                                        0                             0%
OP_CAT_GPU_RED64_GM_CORE_2                                      0                             0%
OP_CAT_GPU_RED64_SM_CORE_2                                      0                             0%
OP_CAT_GPU_REM_CORE_2                                           0                             0%
OP_CAT_GPU_REM64_CORE_2                                         0                             0%
OP_CAT_GPU_RET_CORE_2                                           0                             0%
OP_CAT_GPU_RSQRT_CORE_2                                         0                             0%
OP_CAT_GPU_RSQRT64_CORE_2                                       0                             0%
OP_CAT_GPU_SAD_CORE_2                                           0                             0%
OP_CAT_GPU_SAD64_CORE_2                                         0                             0%
OP_CAT_GPU_SELP_CORE_2                                          0                             0%
OP_CAT_GPU_SELP64_CORE_2                                        0                             0%
OP_CAT_GPU_SET_CORE_2                                           0                             0%
OP_CAT_GPU_SET64_CORE_2                                         0                             0%
OP_CAT_GPU_SETP_CORE_2                                          0                             0%
OP_CAT_GPU_SETP64_CORE_2                                        0                             0%
OP_CAT_GPU_SHFL_CORE_2                                          0                             0%
OP_CAT_GPU_SHFL64_CORE_2                                        0                             0%
OP_CAT_GPU_SHL_CORE_2                                           0                             0%
OP_CAT_GPU_SHL64_CORE_2                                         0                             0%
OP_CAT_GPU_SHR_CORE_2                                           0                             0%
OP_CAT_GPU_SHR64_CORE_2                                         0                             0%
OP_CAT_GPU_SIN_CORE_2                                           0                             0%
OP_CAT_GPU_SLCT_CORE_2                                          0                             0%
OP_CAT_GPU_SLCT64_CORE_2                                        0                             0%
OP_CAT_GPU_SQRT_CORE_2                                          0                             0%
OP_CAT_GPU_SQRT64_CORE_2                                        0                             0%
OP_CAT_GPU_ST_CORE_2                                            0                             0%
OP_CAT_GPU_ST64_CORE_2                                          0                             0%
OP_CAT_GPU_SUB_CORE_2                                           0                             0%
OP_CAT_GPU_SUB64_CORE_2                                         0                             0%
OP_CAT_GPU_SUBC_CORE_2                                          0                             0%
OP_CAT_GPU_SULD_CORE_2                                          0                             0%
OP_CAT_GPU_SULD64_CORE_2                                        0                             0%
OP_CAT_GPU_SURED_CORE_2                                         0                             0%
OP_CAT_GPU_SURED64_CORE_2                                       0                             0%
OP_CAT_GPU_SUST_CORE_2                                          0                             0%
OP_CAT_GPU_SUST64_CORE_2                                        0                             0%
OP_CAT_GPU_SUQ_CORE_2                                           0                             0%
OP_CAT_GPU_TESTP_CORE_2                                         0                             0%
OP_CAT_GPU_TESTP64_CORE_2                                       0                             0%
OP_CAT_GPU_TEX_CORE_2                                           0                             0%
OP_CAT_GPU_TLD4_CORE_2                                          0                             0%
OP_CAT_GPU_TXQ_CORE_2                                           0                             0%
OP_CAT_GPU_TRAP_CORE_2                                          0                             0%
OP_CAT_GPU_VABSDIFF_CORE_2                                      0                             0%
OP_CAT_GPU_VADD_CORE_2                                          0                             0%
OP_CAT_GPU_VMAD_CORE_2                                          0                             0%
OP_CAT_GPU_VMAX_CORE_2                                          0                             0%
OP_CAT_GPU_VMIN_CORE_2                                          0                             0%
OP_CAT_GPU_VSET_CORE_2                                          0                             0%
OP_CAT_GPU_VSHL_CORE_2                                          0                             0%
OP_CAT_GPU_VSHR_CORE_2                                          0                             0%
OP_CAT_GPU_VSUB_CORE_2                                          0                             0%
OP_CAT_GPU_VOTE_CORE_2                                          0                             0%
OP_CAT_GPU_XOR_CORE_2                                           0                             0%
OP_CAT_GPU_XOR64_CORE_2                                         0                             0%
OP_CAT_GPU_RECONVERGE_CORE_2                                    0                             0%
OP_CAT_GPU_PHI_CORE_2                                           0                             0%
OP_CAT_GPU_MEM_LD_GM_CORE_2                                     0                             0%
OP_CAT_GPU_MEM_LD_LM_CORE_2                                     0                             0%
OP_CAT_GPU_MEM_LD_SM_CORE_2                                     0                             0%
OP_CAT_GPU_MEM_LD_CM_CORE_2                                     0                             0%
OP_CAT_GPU_MEM_LD_TM_CORE_2                                     0                             0%
OP_CAT_GPU_MEM_LD_PM_CORE_2                                     0                             0%
OP_CAT_GPU_MEM_LDU_GM_CORE_2                                    0                             0%
OP_CAT_GPU_MEM_ST_GM_CORE_2                                     0                             0%
OP_CAT_GPU_MEM_ST_LM_CORE_2                                     0                             0%
OP_CAT_GPU_MEM_ST_SM_CORE_2                                     0                             0%
OP_CAT_GPU_DATA_XFER_GM_CORE_2                                  0                             0%
OP_CAT_GPU_DATA_XFER_LM_CORE_2                                  0                             0%
OP_CAT_GPU_DATA_XFER_SM_CORE_2                                  0                             0%
                                                         65952977                           100%

