Arguments: ./macsim 
src/macsim.cc:133: (I=0  C=0):  initialize knobs
number of cores : 3
src/macsim.cc:531: (I=0  C=0):  initialize simulation
src/macsim.cc:327: (I=0  C=0):  initialize cores (3/0/0)
src/memory.cc:1694: (I=0  C=0):  Memory system(l2_decoupled_network) has been initialized.
l3_policy: LRU,LRU
src/network_ring.cc:107: (I=0  C=0):  TOTAL_ROUTER:5 CPU:3 GPU:0 L3:1 MC:1
src/network_ring.cc:312: (I=0  C=0):  RING topology
0 <-> 1 <-> 2 <-> 3 <-> 4 <-> 
enabling bug detector
src/macsim.cc:748: (I=0  C=0):  Initializing new noc

src/macsim.cc:839: (I=0  C=0):  Clock LCM           : 920
src/macsim.cc:840: (I=0  C=0):  CPU clock frequency : 2.3 GHz
src/macsim.cc:841: (I=0  C=0):  GPU clock frequency : 2.3 GHz
src/macsim.cc:842: (I=0  C=0):  L3  clock frequency : 1 GHz
src/macsim.cc:843: (I=0  C=0):  NOC clock frequency : 1 GHz
src/macsim.cc:844: (I=0  C=0):  MC  clock frequency : 0.8 GHz
src/process_manager.cc:455: (I=0  C=0):  setup_process:0 /home/jinku/macsim_traces/astar/trace.txt current_index:0 (1)
src/process_manager.cc:548: (I=0  C=0):  thread_count:1
src/process_manager.cc:455: (I=0  C=0):  setup_process:1 /home/jinku/macsim_traces/dealII/trace.txt current_index:0 (1)
src/process_manager.cc:548: (I=0  C=0):  thread_count:1
src/process_manager.cc:455: (I=0  C=0):  setup_process:2 ../../../trace_0409_2017/BWC1/BWC1_1_2/trace.txt current_index:0 (1)
src/process_manager.cc:548: (I=0  C=0):  thread_count:1
** Heartbeat for core[01]:        insts:10000000    cycles:5522480    (220899160) seconds:88    -- 1.81 IPC (1.81 IPC) -- 0.00 KIPS (113.64 KIPS)
** Heartbeat for core[01]:  Thread:0      insts:10000000    cycles:5522480    (220899160) seconds:88    -- 1.81 IPC (1.81 IPC) -- 0.00 KIPS (113.64 KIPS)
** Heartbeat for core[00]:        insts:10000000    cycles:9413540    (376541560) seconds:157   -- 1.06 IPC (1.06 IPC) -- 0.00 KIPS (63.69 KIPS)
** Heartbeat for core[00]:  Thread:0      insts:10000000    cycles:9413540    (376541560) seconds:157   -- 1.06 IPC (1.06 IPC) -- 0.00 KIPS (63.69 KIPS)
** Heartbeat for core[01]:        insts:20000000    cycles:10281196   (411247800) seconds:171   -- 2.10 IPC (1.95 IPC) -- 120.48 KIPS (116.96 KIPS)
** Heartbeat for core[01]:  Thread:0      insts:20000000    cycles:10281196   (411247800) seconds:171   -- 2.10 IPC (1.95 IPC) -- 120.48 KIPS (116.96 KIPS)
** Heartbeat for core[02]:        insts:10000000    cycles:14891964   (595678520) seconds:250   -- 0.67 IPC (0.67 IPC) -- 0.00 KIPS (40.00 KIPS)
** Heartbeat for core[02]:  Thread:0      insts:10000000    cycles:14891964   (595678520) seconds:250   -- 0.67 IPC (0.67 IPC) -- 0.00 KIPS (40.00 KIPS)
** Heartbeat for core[01]:        insts:30000000    cycles:15674098   (626963880) seconds:262   -- 1.85 IPC (1.91 IPC) -- 109.89 KIPS (114.50 KIPS)
** Heartbeat for core[01]:  Thread:0      insts:30000000    cycles:15674098   (626963880) seconds:262   -- 1.85 IPC (1.91 IPC) -- 109.89 KIPS (114.50 KIPS)
** Heartbeat for core[00]:        insts:20000000    cycles:18800219   (752008720) seconds:313   -- 1.07 IPC (1.06 IPC) -- 64.10 KIPS (63.90 KIPS)
** Heartbeat for core[00]:  Thread:0      insts:20000000    cycles:18800219   (752008720) seconds:313   -- 1.07 IPC (1.06 IPC) -- 64.10 KIPS (63.90 KIPS)
** Heartbeat for core[01]:        insts:40000000    cycles:22459131   (898365200) seconds:375   -- 1.47 IPC (1.78 IPC) -- 88.50 KIPS (106.67 KIPS)
** Heartbeat for core[01]:  Thread:0      insts:40000000    cycles:22459131   (898365200) seconds:375   -- 1.47 IPC (1.78 IPC) -- 88.50 KIPS (106.67 KIPS)
** Heartbeat for core[00]:        insts:30000000    cycles:28019178   (1120767080) seconds:466   -- 1.08 IPC (1.07 IPC) -- 65.36 KIPS (64.38 KIPS)
** Heartbeat for core[00]:  Thread:0      insts:30000000    cycles:28019178   (1120767080) seconds:466   -- 1.08 IPC (1.07 IPC) -- 65.36 KIPS (64.38 KIPS)
** Heartbeat for core[01]:        insts:50000000    cycles:29233751   (1169350000) seconds:486   -- 1.48 IPC (1.71 IPC) -- 90.09 KIPS (102.88 KIPS)
** Heartbeat for core[01]:  Thread:0      insts:50000000    cycles:29233751   (1169350000) seconds:486   -- 1.48 IPC (1.71 IPC) -- 90.09 KIPS (102.88 KIPS)
** Heartbeat for core[02]:        insts:20000000    cycles:30510544   (1220421720) seconds:506   -- 0.64 IPC (0.66 IPC) -- 39.06 KIPS (39.53 KIPS)
** Heartbeat for core[02]:  Thread:0      insts:20000000    cycles:30510544   (1220421720) seconds:506   -- 0.64 IPC (0.66 IPC) -- 39.06 KIPS (39.53 KIPS)
** Heartbeat for core[01]:        insts:60000000    cycles:36541487   (1461659440) seconds:600   -- 1.37 IPC (1.64 IPC) -- 87.72 KIPS (100.00 KIPS)
** Heartbeat for core[01]:  Thread:0      insts:60000000    cycles:36541487   (1461659440) seconds:600   -- 1.37 IPC (1.64 IPC) -- 87.72 KIPS (100.00 KIPS)
** Heartbeat for core[00]:        insts:40000000    cycles:37086528   (1483461080) seconds:607   -- 1.10 IPC (1.08 IPC) -- 70.92 KIPS (65.90 KIPS)
** Heartbeat for core[00]:  Thread:0      insts:40000000    cycles:37086528   (1483461080) seconds:607   -- 1.10 IPC (1.08 IPC) -- 70.92 KIPS (65.90 KIPS)
** Heartbeat for core[00]:        insts:50000000    cycles:46393231   (1855729200) seconds:722   -- 1.07 IPC (1.08 IPC) -- 86.96 KIPS (69.25 KIPS)
** Heartbeat for core[00]:  Thread:0      insts:50000000    cycles:46393231   (1855729200) seconds:722   -- 1.07 IPC (1.08 IPC) -- 86.96 KIPS (69.25 KIPS)
** Heartbeat for core[02]:        insts:30000000    cycles:49529983   (1981199280) seconds:760   -- 0.53 IPC (0.61 IPC) -- 39.37 KIPS (39.47 KIPS)
** Heartbeat for core[02]:  Thread:0      insts:30000000    cycles:49529983   (1981199280) seconds:760   -- 0.53 IPC (0.61 IPC) -- 39.37 KIPS (39.47 KIPS)
** Heartbeat for core[01]:        insts:70000000    cycles:49704742   (1988189640) seconds:762   -- 0.76 IPC (1.41 IPC) -- 61.73 KIPS (91.86 KIPS)
** Heartbeat for core[01]:  Thread:0      insts:70000000    cycles:49704742   (1988189640) seconds:762   -- 0.76 IPC (1.41 IPC) -- 61.73 KIPS (91.86 KIPS)
** Heartbeat for core[00]:        insts:60000000    cycles:58887221   (2355488800) seconds:860   -- 0.80 IPC (1.02 IPC) -- 72.46 KIPS (69.77 KIPS)
** Heartbeat for core[00]:  Thread:0      insts:60000000    cycles:58887221   (2355488800) seconds:860   -- 0.80 IPC (1.02 IPC) -- 72.46 KIPS (69.77 KIPS)
** Heartbeat for core[02]:        insts:40000000    cycles:66138097   (2645523840) seconds:933   -- 0.60 IPC (0.60 IPC) -- 57.80 KIPS (42.87 KIPS)
** Heartbeat for core[02]:  Thread:0      insts:40000000    cycles:66138097   (2645523840) seconds:933   -- 0.60 IPC (0.60 IPC) -- 57.80 KIPS (42.87 KIPS)
** Heartbeat for core[02]:        insts:50000000    cycles:79921510   (3196860360) seconds:1073  -- 0.73 IPC (0.63 IPC) -- 71.43 KIPS (46.60 KIPS)
** Heartbeat for core[02]:  Thread:0      insts:50000000    cycles:79921510   (3196860360) seconds:1073  -- 0.73 IPC (0.63 IPC) -- 71.43 KIPS (46.60 KIPS)
** Heartbeat for core[01]:        insts:80000000    cycles:81148843   (3245953680) seconds:1087  -- 0.32 IPC (0.99 IPC) -- 30.77 KIPS (73.60 KIPS)
** Heartbeat for core[01]:  Thread:0      insts:80000000    cycles:81148843   (3245953680) seconds:1087  -- 0.32 IPC (0.99 IPC) -- 30.77 KIPS (73.60 KIPS)
** Heartbeat for core[00]:        insts:70000000    cycles:84797744   (3391909720) seconds:1125  -- 0.39 IPC (0.83 IPC) -- 37.74 KIPS (62.22 KIPS)
** Heartbeat for core[00]:  Thread:0      insts:70000000    cycles:84797744   (3391909720) seconds:1125  -- 0.39 IPC (0.83 IPC) -- 37.74 KIPS (62.22 KIPS)
** Heartbeat for core[02]:        insts:60000000    cycles:96139080   (3845563160) seconds:1234  -- 0.62 IPC (0.62 IPC) -- 62.11 KIPS (48.62 KIPS)
** Heartbeat for core[02]:  Thread:0      insts:60000000    cycles:96139080   (3845563160) seconds:1234  -- 0.62 IPC (0.62 IPC) -- 62.11 KIPS (48.62 KIPS)
**Core 02 Core_Total  Finished:   insts:65952669    cycles:107374184  (4294967320) seconds:1342  -- 0.61 IPC (0.61 IPC) --  N/A  KHz (49.15 KHz)
**Core 02 Thread 00 Finished:   insts:65952669    cycles:107374184  (4294967320)  seconds:1342  -- 0.61 IPC (0.61 IPC) --  N/A  KHz (49.15 KHz) 
**Core 00 Core_Total  Finished:   insts:78521382    cycles:107374184  (4294967320) seconds:1342  -- 0.73 IPC (0.73 IPC) --  N/A  KHz (58.51 KHz)
**Core 00 Thread 00 Finished:   insts:78521382    cycles:107374184  (4294967320)  seconds:1342  -- 0.73 IPC (0.73 IPC) --  N/A  KHz (58.51 KHz) 
**Core 01 Core_Total  Finished:   insts:86802271    cycles:107374184  (4294967320) seconds:1342  -- 0.81 IPC (0.81 IPC) --  N/A  KHz (64.68 KHz)
**Core 01 Thread 00 Finished:   insts:86802271    cycles:107374184  (4294967320)  seconds:1342  -- 0.81 IPC (0.81 IPC) --  N/A  KHz (64.68 KHz) 
src/macsim.cc:617: (I=78521382  C=4294967361):  finalize simulation
src/macsim.cc:623: (I=78521382  C=4294967361):  elapsed time:1341.9 seconds
Done
