####################################################################################################
Interval
####################################################################################################
Cumulative:         Cycles:                  20000     Instructions:                  1200
TOTAL_PACKET_CPU                                          4199379                       4199379

TOTAL_PACKET_GPU                                                0                             0

NOC_AVG_LATENCY_BASE                                      4199378                       4199378

NOC_AVG_LATENCY_BASE_CPU                                  4199378                       4199378

NOC_AVG_LATENCY_BASE_GPU                                        0                             0

NOC_AVG_LATENCY                                          47939720                       11.4159

NOC_AVG_LATENCY_CPU                                      47939720                       11.4159

NOC_AVG_LATENCY_GPU                                             0                           NaN

NOC_AVG_ACTIVE_PACKET_BASE                                4199379                       4199379

NOC_AVG_ACTIVE_PACKET_BASE_CPU                            4199379                       4199379

NOC_AVG_ACTIVE_PACKET_BASE_GPU                                  0                             0

NOC_AVG_ACTIVE_PACKET                                     7800065                       1.85743

NOC_AVG_ACTIVE_PACKET_CPU                                 7800065                       1.85743

NOC_AVG_ACTIVE_PACKET_GPU                                       0                           NaN

NOC_IDLE_CHANNEL                                                0                             0

NOC_IDLE_CHANNEL_CPU                                            0                             0

NOC_IDLE_CHANNEL_GPU                                            0                             0

NOC_IDLE_CHANNEL_L3                                             0                             0

NOC_IDLE_CHANNEL_MC                                             0                             0

NOC_AVG_WAIT_IN_ROUTER_BASE                              10632096                      10632096

NOC_AVG_WAIT_IN_ROUTER_BASE_CPU                           3946659                       3946659

NOC_AVG_WAIT_IN_ROUTER_BASE_GPU                                 0                             0

NOC_AVG_WAIT_IN_ROUTER_BASE_L3                            4199379                       4199379

NOC_AVG_WAIT_IN_ROUTER_BASE_MC                            2486058                       2486058

NOC_AVG_WAIT_IN_ROUTER                                   90800129                       8.54019

NOC_AVG_WAIT_IN_ROUTER_CPU                               34735111                       8.80114

NOC_AVG_WAIT_IN_ROUTER_GPU                                      0                           NaN

NOC_AVG_WAIT_IN_ROUTER_L3                                35055134                        8.3477

NOC_AVG_WAIT_IN_ROUTER_MC                                21009884                       8.45108

NOC_LINK_ACTIVE                                          19321830                      19321830

