Arguments: ./macsim 
src/macsim.cc:133: (I=0  C=0):  initialize knobs
number of cores : 1
src/macsim.cc:531: (I=0  C=0):  initialize simulation
src/macsim.cc:327: (I=0  C=0):  initialize cores (1/0/0)
src/memory.cc:1695: (I=0  C=0):  Memory system(l2_decoupled_network) has been initialized.
l3_policy: LRU,LRU
src/network_ring.cc:107: (I=0  C=0):  TOTAL_ROUTER:3 CPU:1 GPU:0 L3:1 MC:1
src/network_ring.cc:312: (I=0  C=0):  RING topology
0 <-> 1 <-> 2 <-> 
enabling bug detector
src/macsim.cc:748: (I=0  C=0):  Initializing new noc

src/macsim.cc:839: (I=0  C=0):  Clock LCM           : 920
src/macsim.cc:840: (I=0  C=0):  CPU clock frequency : 2.3 GHz
src/macsim.cc:841: (I=0  C=0):  GPU clock frequency : 2.3 GHz
src/macsim.cc:842: (I=0  C=0):  L3  clock frequency : 1 GHz
src/macsim.cc:843: (I=0  C=0):  NOC clock frequency : 1 GHz
src/macsim.cc:844: (I=0  C=0):  MC  clock frequency : 0.8 GHz
src/process_manager.cc:455: (I=0  C=0):  setup_process:0 ../../../trace_0409_2017/boby/trace.txt current_index:0 (1)
src/process_manager.cc:548: (I=0  C=0):  thread_count:1
** Heartbeat for core[00]:        insts:10000000    cycles:17759827   (710393040) seconds:78    -- 0.56 IPC (0.56 IPC) -- 0.00 KIPS (128.21 KIPS)
** Heartbeat for core[00]:  Thread:0      insts:10000000    cycles:17759827   (710393040) seconds:78    -- 0.56 IPC (0.56 IPC) -- 0.00 KIPS (128.21 KIPS)
** Heartbeat for core[00]:        insts:20000000    cycles:34164902   (1366596040) seconds:166   -- 0.61 IPC (0.59 IPC) -- 113.64 KIPS (120.48 KIPS)
** Heartbeat for core[00]:  Thread:0      insts:20000000    cycles:34164902   (1366596040) seconds:166   -- 0.61 IPC (0.59 IPC) -- 113.64 KIPS (120.48 KIPS)
** Heartbeat for core[00]:        insts:30000000    cycles:50918957   (2036758240) seconds:248   -- 0.60 IPC (0.59 IPC) -- 121.95 KIPS (120.97 KIPS)
** Heartbeat for core[00]:  Thread:0      insts:30000000    cycles:50918957   (2036758240) seconds:248   -- 0.60 IPC (0.59 IPC) -- 121.95 KIPS (120.97 KIPS)
** Heartbeat for core[00]:        insts:40000000    cycles:68016593   (2720663680) seconds:329   -- 0.58 IPC (0.59 IPC) -- 123.46 KIPS (121.58 KIPS)
** Heartbeat for core[00]:  Thread:0      insts:40000000    cycles:68016593   (2720663680) seconds:329   -- 0.58 IPC (0.59 IPC) -- 123.46 KIPS (121.58 KIPS)
** Heartbeat for core[00]:        insts:50000000    cycles:83152822   (3326112840) seconds:412   -- 0.66 IPC (0.60 IPC) -- 120.48 KIPS (121.36 KIPS)
** Heartbeat for core[00]:  Thread:0      insts:50000000    cycles:83152822   (3326112840) seconds:412   -- 0.66 IPC (0.60 IPC) -- 120.48 KIPS (121.36 KIPS)
** Heartbeat for core[00]:        insts:60000000    cycles:99214176   (3968567000) seconds:486   -- 0.62 IPC (0.60 IPC) -- 135.14 KIPS (123.46 KIPS)
** Heartbeat for core[00]:  Thread:0      insts:60000000    cycles:99214176   (3968567000) seconds:486   -- 0.62 IPC (0.60 IPC) -- 135.14 KIPS (123.46 KIPS)
**Core 00 Core_Total  Finished:   insts:64854484    cycles:107374184  (4294967320) seconds:528   -- 0.60 IPC (0.60 IPC) --  N/A  KHz (122.83 KHz)
**Core 00 Thread 00 Finished:   insts:64854484    cycles:107374184  (4294967320)  seconds:528   -- 0.60 IPC (0.60 IPC) --  N/A  KHz (122.83 KHz) 
src/macsim.cc:617: (I=64854484  C=4294967361):  finalize simulation
src/macsim.cc:623: (I=64854484  C=4294967361):  elapsed time:527.3 seconds
Done
