####################################################################################################
Interval
####################################################################################################
Cumulative:         Cycles:                  20000     Instructions:                  1200
TOTAL_PACKET_CPU                                          4773730                       4773730

TOTAL_PACKET_GPU                                                0                             0

NOC_AVG_LATENCY_BASE                                      4773729                       4773729

NOC_AVG_LATENCY_BASE_CPU                                  4773729                       4773729

NOC_AVG_LATENCY_BASE_GPU                                        0                             0

NOC_AVG_LATENCY                                          45643902                       9.56148

NOC_AVG_LATENCY_CPU                                      45643902                       9.56148

NOC_AVG_LATENCY_GPU                                             0                           NaN

NOC_AVG_ACTIVE_PACKET_BASE                                4773730                       4773730

NOC_AVG_ACTIVE_PACKET_BASE_CPU                            4773730                       4773730

NOC_AVG_ACTIVE_PACKET_BASE_GPU                                  0                             0

NOC_AVG_ACTIVE_PACKET                                     7741069                        1.6216

NOC_AVG_ACTIVE_PACKET_CPU                                 7741069                        1.6216

NOC_AVG_ACTIVE_PACKET_GPU                                       0                           NaN

NOC_IDLE_CHANNEL                                                0                             0

NOC_IDLE_CHANNEL_CPU                                            0                             0

NOC_IDLE_CHANNEL_GPU                                            0                             0

NOC_IDLE_CHANNEL_L3                                             0                             0

NOC_IDLE_CHANNEL_MC                                             0                             0

NOC_AVG_WAIT_IN_ROUTER_BASE                               9547458                       9547458

NOC_AVG_WAIT_IN_ROUTER_BASE_CPU                           2457383                       2457383

NOC_AVG_WAIT_IN_ROUTER_BASE_GPU                                 0                             0

NOC_AVG_WAIT_IN_ROUTER_BASE_L3                            4773729                       4773729

NOC_AVG_WAIT_IN_ROUTER_BASE_MC                            2316346                       2316346

NOC_AVG_WAIT_IN_ROUTER                                   69538651                       7.28347

NOC_AVG_WAIT_IN_ROUTER_CPU                               17218515                       7.00685

NOC_AVG_WAIT_IN_ROUTER_GPU                                      0                           NaN

NOC_AVG_WAIT_IN_ROUTER_L3                                36096390                       7.56147

NOC_AVG_WAIT_IN_ROUTER_MC                                16223746                       7.00403

NOC_LINK_ACTIVE                                          14321237                      14321237

