####################################################################################################
Interval
####################################################################################################
Cumulative:         Cycles:                  20000     Instructions:                  1200
POWER_L3CACHE_LINEFILL_BUF_R                              1158158                       1158158

POWER_L3CACHE_LINEFILL_BUF_W                              1158158                       1158158

POWER_L3CACHE_LINEFILL_BUF_R_TAG                          1158158                       1158158

POWER_L3CACHE_WB_BUF_R                                         29                            29

POWER_L3CACHE_WB_BUF_W                                         29                            29

POWER_L3CACHE_WB_BUF_R_TAG                                     29                            29

POWER_L3CACHE_R                                             70533                         70533

POWER_L3CACHE_W                                           1158158                       1158158

POWER_L3CACHE_R_TAG                                       1228692                       1228692

POWER_MC_R                                                8802858                       8802858

POWER_MC_W                                                1158188                       1158188

POWER_BLOCK_STATES_R_CORE_0                             107374184                     107374184

POWER_BLOCK_STATES_W_CORE_0                             107374184                     107374184

POWER_FETCH_QUEUE_R_CORE_0                               95540568                      95540568

POWER_FETCH_QUEUE_W_CORE_0                               95540568                      95540568

POWER_INST_QUEUE_R_CORE_0                               143348479                     143348479

POWER_INST_QUEUE_W_CORE_0                                95540316                      95540316

POWER_BR_PRED_R_CORE_0                                    9100013                       9100013

POWER_BR_PRED_W_CORE_0                                    9098493                       9098493

POWER_RAS_R_CORE_0                                            992                           992

POWER_RAS_W_CORE_0                                            768                           768

POWER_ICACHE_R_CORE_0                                    23885142                      23885142

POWER_ICACHE_W_CORE_0                                         551                           551

POWER_ICACHE_R_TAG_CORE_0                                23885693                      23885693

POWER_ICACHE_MISS_BUF_R_CORE_0                               1102                          1102

POWER_ICACHE_MISS_BUF_W_CORE_0                               1102                          1102

POWER_ICACHE_MISS_BUF_R_TAG_CORE_0                            551                           551

POWER_ICACHE_MISS_BUF_W_TAG_CORE_0                              0                             0

POWER_ICACHE_TOT_ACC_CORE_0                                     0                             0

POWER_ICACHE_CONF_CORE_0                                        0                             0

POWER_INST_DECODER_R_CORE_0                              64854815                      64854815

POWER_INST_DECODER_W_CORE_0                                     0                             0

POWER_MICRO_OP_SEQ_R_CORE_0                                     0                             0

POWER_MICRO_OP_SEQ_W_CORE_0                                     0                             0

POWER_OPERAND_DECODER_R_CORE_0                           64854815                      64854815

POWER_OPERAND_DECODER_W_CORE_0                                  0                             0

POWER_UOP_QUEUE_R_CORE_0                                143348479                     143348479

POWER_UOP_QUEUE_W_CORE_0                                 95540316                      95540316

POWER_REG_RENAMING_TABLE_R_CORE_0                       143348479                     143348479

POWER_REG_RENAMING_TABLE_W_CORE_0                        95540316                      95540316

POWER_DEP_CHECK_LOGIC_R_CORE_0                           95540568                      95540568

POWER_FREELIST_R_CORE_0                                 143348479                     143348479

POWER_FREELIST_W_CORE_0                                  95540316                      95540316

POWER_RESERVATION_STATION_R_CORE_0                       95548853                      95548853

POWER_RESERVATION_STATION_W_CORE_0                       95540316                      95540316

POWER_RESERVATION_STATION_R_TAG_CORE_0                   95548853                      95548853

POWER_RESERVATION_STATION_W_TAG_CORE_0                          0                             0

POWER_INST_ISSUE_SEL_LOGIC_R_CORE_0                      95548853                      95548853

POWER_INST_ISSUE_SEL_LOGIC_W_CORE_0                      95540304                      95540304

POWER_PAYLOAD_RAM_R_CORE_0                               95548853                      95548853

POWER_PAYLOAD_RAM_W_CORE_0                               95540304                      95540304

POWER_EX_ALU_R_CORE_0                                    50914934                      50914934

POWER_EX_FPU_R_CORE_0                                    12612456                      12612456

POWER_EX_MUL_R_CORE_0                                         320                           320

POWER_EX_SFU_R_CORE_0                                           0                             0

POWER_REORDER_BUF_R_CORE_0                               95540060                      95540060

POWER_REORDER_BUF_W_CORE_0                              191080632                     191080632

POWER_INST_COMMIT_SEL_LOGIC_R_CORE_0                     95540060                      95540060

POWER_INST_COMMIT_SEL_LOGIC_W_CORE_0                     95540316                      95540316

POWER_FP_RENAME_R_CORE_0                                 17538510                      17538510

POWER_FP_RENAME_W_CORE_0                                        0                             0

POWER_LOAD_QUEUE_R_CORE_0                                21606045                      21606045

POWER_LOAD_QUEUE_W_CORE_0                                21606045                      21606045

POWER_LOAD_QUEUE_R_TAG_CORE_0                            21606045                      21606045

POWER_LOAD_QUEUE_W_TAG_CORE_0                                   0                             0

POWER_STORE_QUEUE_R_CORE_0                               10415098                      10415098

POWER_STORE_QUEUE_W_CORE_0                               10415098                      10415098

POWER_STORE_QUEUE_R_TAG_CORE_0                           10415098                      10415098

POWER_STORE_QUEUE_W_TAG_CORE_0                                  0                             0

POWER_DATA_TLB_R_CORE_0                                  21606045                      21606045

POWER_DATA_TLB_W_CORE_0                                         0                             0

POWER_DATA_TLB_R_TAG_CORE_0                                     0                             0

POWER_DATA_TLB_W_TAG_CORE_0                                     0                             0

POWER_INT_REGFILE_R_CORE_0                              133843102                     133843102

POWER_INT_REGFILE_W_CORE_0                               82927848                      82927848

POWER_FP_REGFILE_R_CORE_0                                25224912                      25224912

POWER_FP_REGFILE_W_CORE_0                                12612456                      12612456

POWER_GP_REGISTER_R_CORE_0                              133843102                     133843102

POWER_GP_REGISTER_W_CORE_0                               82927848                      82927848

POWER_FP_REGISTER_R_CORE_0                               25224912                      25224912

POWER_FP_REGISTER_W_CORE_0                               12612456                      12612456

POWER_SEGMENT_REGISTER_R_CORE_0                          32012594                      32012594

POWER_SEGMENT_REGISTER_W_CORE_0                          59158379                      59158379

POWER_CONTROL_REGISTER_R_CORE_0                                 0                             0

POWER_CONTROL_REGISTER_W_CORE_0                              8329                          8329

POWER_FLAG_REGISTER_R_CORE_0                                    0                             0

POWER_FLAG_REGISTER_W_CORE_0                                    0                             0

POWER_EXEC_BYPASS_CORE_0                                 95540304                      95540304

POWER_LOAD_BYPASS_CORE_0                                  2457385                       2457385

POWER_PIPELINE_CORE_0                                    64854484                      64854484

POWER_DCACHE_MISS_BUF_R_CORE_0                            2456283                       2456283

POWER_DCACHE_MISS_BUF_R_TAG_CORE_0                        7644119                       7644119

POWER_DCACHE_MISS_BUF_W_CORE_0                            7644119                       7644119

POWER_DCACHE_MISS_BUF_W_TAG_CORE_0                              0                             0

POWER_DCACHE_LINEFILL_BUF_R_CORE_0                              0                             0

POWER_L2CACHE_LINEFILL_BUF_R_CORE_0                       1930464                       1930464

POWER_DCACHE_LINEFILL_BUF_W_CORE_0                              0                             0

POWER_L2CACHE_LINEFILL_BUF_W_CORE_0                       1239354                       1239354

POWER_DCACHE_LINEFILL_BUF_R_TAG_CORE_0                          0                             0

POWER_L2CACHE_LINEFILL_BUF_R_TAG_CORE_0                   1941128                       1941128

POWER_DCACHE_LINEFILL_BUF_W_TAG_CORE_0                          0                             0

POWER_DCACHE_WB_BUF_R_CORE_0                                10664                         10664

POWER_L2CACHE_WB_BUF_R_CORE_0                                   0                             0

POWER_DCACHE_WB_BUF_W_CORE_0                                10664                         10664

POWER_L2CACHE_WB_BUF_W_CORE_0                                   0                             0

POWER_DCACHE_WB_BUF_R_TAG_CORE_0                            21328                         21328

POWER_L2CACHE_WB_BUF_R_TAG_CORE_0                               0                             0

POWER_DCACHE_WB_BUF_W_TAG_CORE_0                                0                             0

POWER_DCACHE_R_CORE_0                                    24368475                      24368475

POWER_L2CACHE_R_CORE_0                                          0                             0

POWER_DCACHE_W_CORE_0                                     1228139                       1228139

POWER_L2CACHE_W_CORE_0                                          0                             0

POWER_DCACHE_R_TAG_CORE_0                                32012594                      32012594

POWER_L2CACHE_R_TAG_CORE_0                                      0                             0

POWER_CONST_CACHE_R_CORE_0                                      0                             0

POWER_CONST_CACHE_W_CORE_0                                      0                             0

POWER_CONST_CACHE_R_TAG_CORE_0                                  0                             0

POWER_CONST_CACHE_W_TAG_CORE_0                                  0                             0

POWER_TEXTURE_CACHE_R_CORE_0                                    0                             0

POWER_TEXTURE_CACHE_W_CORE_0                                    0                             0

POWER_TEXTURE_CACHE_R_TAG_CORE_0                                0                             0

POWER_TEXTURE_CACHE_W_TAG_CORE_0                                0                             0

POWER_SHARED_MEM_R_CORE_0                                       0                             0

POWER_SHARED_MEM_W_CORE_0                                       0                             0

POWER_SHARED_MEM_R_TAG_CORE_0                                   0                             0

POWER_SHARED_MEM_W_TAG_CORE_0                                   0                             0

