BP_MISPRED_STALL_CORE_0                                  52373005                      52373005

BP_RESOLVED_CORE_0                                         370992                        370992

BP_REDIRECT_RESOLVED_CORE_0                                     0                             0

PERFECT_TARGET_PRED_CORE_0                                      0                             0

BP_ON_PATH_CORRECT_CORE_0                                10930679                       96.7366%
BP_ON_PATH_MISPREDICT_CORE_0                               368741                       3.26336%
BP_ON_PATH_MISFETCH_CORE_0                                      0                             0%
                                                         11299420                           100%

BP_OFF_PATH_CORRECT_CORE_0                                      0                          NaN 
BP_OFF_PATH_MISPREDICT_CORE_0                                   0                          NaN 
BP_OFF_PATH_MISFETCH_CORE_0                                     0                          NaN 
                                                                0                           100%

BP_MISPRED_STALL_CORE_1                                    481721                        481721

BP_RESOLVED_CORE_1                                           4995                          4995

BP_REDIRECT_RESOLVED_CORE_1                                     0                             0

PERFECT_TARGET_PRED_CORE_1                                      0                             0

BP_ON_PATH_CORRECT_CORE_1                                 7976183                       99.9377%
BP_ON_PATH_MISPREDICT_CORE_1                                 4973                     0.0623093%
BP_ON_PATH_MISFETCH_CORE_1                                      0                             0%
                                                          7981156                           100%

BP_OFF_PATH_CORRECT_CORE_1                                      0                          NaN 
BP_OFF_PATH_MISPREDICT_CORE_1                                   0                          NaN 
BP_OFF_PATH_MISFETCH_CORE_1                                     0                          NaN 
                                                                0                           100%

