####################################################################################################
Interval
####################################################################################################
Cumulative:         Cycles:                  20000     Instructions:                  1200
TOTAL_PACKET_CPU                                          3345827                       3345827

TOTAL_PACKET_GPU                                                0                             0

NOC_AVG_LATENCY_BASE                                      3345827                       3345827

NOC_AVG_LATENCY_BASE_CPU                                  3345827                       3345827

NOC_AVG_LATENCY_BASE_GPU                                        0                             0

NOC_AVG_LATENCY                                          36479329                       10.9029

NOC_AVG_LATENCY_CPU                                      36479329                       10.9029

NOC_AVG_LATENCY_GPU                                             0                           NaN

NOC_AVG_ACTIVE_PACKET_BASE                                3345827                       3345827

NOC_AVG_ACTIVE_PACKET_BASE_CPU                            3345827                       3345827

NOC_AVG_ACTIVE_PACKET_BASE_GPU                                  0                             0

NOC_AVG_ACTIVE_PACKET                                     5149677                       1.53913

NOC_AVG_ACTIVE_PACKET_CPU                                 5149677                       1.53913

NOC_AVG_ACTIVE_PACKET_GPU                                       0                           NaN

NOC_IDLE_CHANNEL                                                0                             0

NOC_IDLE_CHANNEL_CPU                                            0                             0

NOC_IDLE_CHANNEL_GPU                                            0                             0

NOC_IDLE_CHANNEL_L3                                             0                             0

NOC_IDLE_CHANNEL_MC                                             0                             0

NOC_AVG_WAIT_IN_ROUTER_BASE                               8113845                       8113845

NOC_AVG_WAIT_IN_ROUTER_BASE_CPU                           3151735                       3151735

NOC_AVG_WAIT_IN_ROUTER_BASE_GPU                                 0                             0

NOC_AVG_WAIT_IN_ROUTER_BASE_L3                            3345827                       3345827

NOC_AVG_WAIT_IN_ROUTER_BASE_MC                            1616283                       1616283

NOC_AVG_WAIT_IN_ROUTER                                   67007748                       8.25845

NOC_AVG_WAIT_IN_ROUTER_CPU                               25388534                       8.05542

NOC_AVG_WAIT_IN_ROUTER_GPU                                      0                           NaN

NOC_AVG_WAIT_IN_ROUTER_L3                                26941348                       8.05222

NOC_AVG_WAIT_IN_ROUTER_MC                                14677866                       9.08125

NOC_LINK_ACTIVE                                          14306054                      14306054

