Arguments: ./macsim --l3_repl==PDP --num_sim_cores=2 --num_sim_large_cores=2 
src/macsim.cc:133: (I=0  C=0):  initialize knobs
number of cores : 2
src/macsim.cc:531: (I=0  C=0):  initialize simulation
src/macsim.cc:327: (I=0  C=0):  initialize cores (2/0/0)
src/memory.cc:1695: (I=0  C=0):  Memory system(l2_decoupled_network) has been initialized.
l3_policy: PDP,PDP
0
1
Way0:3
Way1:29
ip_table done
way0=3
way1=29
src/network_ring.cc:107: (I=0  C=0):  TOTAL_ROUTER:4 CPU:2 GPU:0 L3:1 MC:1
src/network_ring.cc:312: (I=0  C=0):  RING topology
0 <-> 1 <-> 2 <-> 3 <-> 
enabling bug detector
src/macsim.cc:748: (I=0  C=0):  Initializing new noc

src/macsim.cc:839: (I=0  C=0):  Clock LCM           : 920
src/macsim.cc:840: (I=0  C=0):  CPU clock frequency : 2.3 GHz
src/macsim.cc:841: (I=0  C=0):  GPU clock frequency : 2.3 GHz
src/macsim.cc:842: (I=0  C=0):  L3  clock frequency : 1 GHz
src/macsim.cc:843: (I=0  C=0):  NOC clock frequency : 1 GHz
src/macsim.cc:844: (I=0  C=0):  MC  clock frequency : 0.8 GHz
src/process_manager.cc:455: (I=0  C=0):  setup_process:0 /home/jinku/macsim_traces/astar/trace.txt current_index:0 (1)
src/process_manager.cc:548: (I=0  C=0):  thread_count:1
src/process_manager.cc:455: (I=0  C=0):  setup_process:1 /home/jinku/macsim_traces/160810/16MB/trace.txt current_index:0 (1)
src/process_manager.cc:548: (I=0  C=0):  thread_count:1
1000000
2000000
3000000
4000000
** Heartbeat for core[00]:        insts:10000000    cycles:9295478    (371819080) seconds:92    -- 1.08 IPC (1.08 IPC) -- 0.00 KIPS (108.70 KIPS)
** Heartbeat for core[00]:  Thread:0      insts:10000000    cycles:9295478    (371819080) seconds:92    -- 1.08 IPC (1.08 IPC) -- 0.00 KIPS (108.70 KIPS)
5000000
6000000
** Heartbeat for core[01]:        insts:10000000    cycles:13869214   (554768520) seconds:138   -- 0.72 IPC (0.72 IPC) -- 0.00 KIPS (72.46 KIPS)
** Heartbeat for core[01]:  Thread:0      insts:10000000    cycles:13869214   (554768520) seconds:138   -- 0.72 IPC (0.72 IPC) -- 0.00 KIPS (72.46 KIPS)
7000000
8000000
** Heartbeat for core[00]:        insts:20000000    cycles:18441235   (737649360) seconds:185   -- 1.09 IPC (1.08 IPC) -- 107.53 KIPS (108.11 KIPS)
** Heartbeat for core[00]:  Thread:0      insts:20000000    cycles:18441235   (737649360) seconds:185   -- 1.09 IPC (1.08 IPC) -- 107.53 KIPS (108.11 KIPS)
9000000
10000000
10000000: 30m cycle
total access:[12199]
0:48:0.152522
total access:[154]
1:44:0.253289
11000000
** Heartbeat for core[01]:        insts:20000000    cycles:27156666   (1086266600) seconds:278   -- 0.75 IPC (0.74 IPC) -- 71.43 KIPS (71.94 KIPS)
** Heartbeat for core[01]:  Thread:0      insts:20000000    cycles:27156666   (1086266600) seconds:278   -- 0.75 IPC (0.74 IPC) -- 71.43 KIPS (71.94 KIPS)
** Heartbeat for core[00]:        insts:30000000    cycles:27443368   (1097734680) seconds:281   -- 1.11 IPC (1.09 IPC) -- 104.17 KIPS (106.76 KIPS)
** Heartbeat for core[00]:  Thread:0      insts:30000000    cycles:27443368   (1097734680) seconds:281   -- 1.11 IPC (1.09 IPC) -- 104.17 KIPS (106.76 KIPS)
12000000
13000000
14000000
15000000
** Heartbeat for core[00]:        insts:40000000    cycles:36427898   (1457115880) seconds:381   -- 1.11 IPC (1.10 IPC) -- 100.00 KIPS (104.99 KIPS)
** Heartbeat for core[00]:  Thread:0      insts:40000000    cycles:36427898   (1457115880) seconds:381   -- 1.11 IPC (1.10 IPC) -- 100.00 KIPS (104.99 KIPS)
16000000
17000000
** Heartbeat for core[01]:        insts:30000000    cycles:40438008   (1617520280) seconds:427   -- 0.75 IPC (0.74 IPC) -- 67.11 KIPS (70.26 KIPS)
** Heartbeat for core[01]:  Thread:0      insts:30000000    cycles:40438008   (1617520280) seconds:427   -- 0.75 IPC (0.74 IPC) -- 67.11 KIPS (70.26 KIPS)
18000000
19000000
** Heartbeat for core[00]:        insts:50000000    cycles:45494862   (1819794440) seconds:487   -- 1.10 IPC (1.10 IPC) -- 94.34 KIPS (102.67 KIPS)
** Heartbeat for core[00]:  Thread:0      insts:50000000    cycles:45494862   (1819794440) seconds:487   -- 1.10 IPC (1.10 IPC) -- 94.34 KIPS (102.67 KIPS)
20000000
20000000: 30m cycle
total access:[24040]
0:48:0.126956
total access:[7468]
1:835:0.00464043
21000000
22000000
** Heartbeat for core[01]:        insts:40000000    cycles:51447893   (2057915680) seconds:558   -- 0.91 IPC (0.78 IPC) -- 76.34 KIPS (71.68 KIPS)
** Heartbeat for core[01]:  Thread:0      insts:40000000    cycles:51447893   (2057915680) seconds:558   -- 0.91 IPC (0.78 IPC) -- 76.34 KIPS (71.68 KIPS)
23000000
24000000
** Heartbeat for core[00]:        insts:60000000    cycles:55640895   (2225635760) seconds:604   -- 0.99 IPC (1.08 IPC) -- 85.47 KIPS (99.34 KIPS)
** Heartbeat for core[00]:  Thread:0      insts:60000000    cycles:55640895   (2225635760) seconds:604   -- 0.99 IPC (1.08 IPC) -- 85.47 KIPS (99.34 KIPS)
25000000
26000000
27000000
28000000
29000000
** Heartbeat for core[01]:        insts:50000000    cycles:67117441   (2684697600) seconds:717   -- 0.64 IPC (0.74 IPC) -- 62.89 KIPS (69.74 KIPS)
** Heartbeat for core[01]:  Thread:0      insts:50000000    cycles:67117441   (2684697600) seconds:717   -- 0.64 IPC (0.74 IPC) -- 62.89 KIPS (69.74 KIPS)
30000000
30000000: 30m cycle
total access:[34863]
0:50:0.115766
total access:[111234]
1:1018:0.00439914
31000000
32000000
33000000
34000000
** Heartbeat for core[00]:        insts:70000000    cycles:80127010   (3205080360) seconds:850   -- 0.41 IPC (0.87 IPC) -- 40.65 KIPS (82.35 KIPS)
** Heartbeat for core[00]:  Thread:0      insts:70000000    cycles:80127010   (3205080360) seconds:850   -- 0.41 IPC (0.87 IPC) -- 40.65 KIPS (82.35 KIPS)
35000000
36000000
** Heartbeat for core[01]:        insts:60000000    cycles:84589725   (3383588960) seconds:896   -- 0.57 IPC (0.71 IPC) -- 55.87 KIPS (66.96 KIPS)
** Heartbeat for core[01]:  Thread:0      insts:60000000    cycles:84589725   (3383588960) seconds:896   -- 0.57 IPC (0.71 IPC) -- 55.87 KIPS (66.96 KIPS)
37000000
38000000
39000000
40000000
40000000: 30m cycle
total access:[47632]
0:47:0.11136
total access:[193643]
1:734:0.00407997
41000000
42000000
43000000
44000000
** Heartbeat for core[01]:        insts:70000000    cycles:102056022  (4082240840) seconds:1082  -- 0.57 IPC (0.69 IPC) -- 53.76 KIPS (64.70 KIPS)
** Heartbeat for core[01]:  Thread:0      insts:70000000    cycles:102056022  (4082240840) seconds:1082  -- 0.57 IPC (0.69 IPC) -- 53.76 KIPS (64.70 KIPS)
45000000
** Heartbeat for core[00]:        insts:80000000    cycles:105416969  (4216678720) seconds:1120  -- 0.40 IPC (0.76 IPC) -- 37.04 KIPS (71.43 KIPS)
** Heartbeat for core[00]:  Thread:0      insts:80000000    cycles:105416969  (4216678720) seconds:1120  -- 0.40 IPC (0.76 IPC) -- 37.04 KIPS (71.43 KIPS)
46000000
**Core 00 Core_Total  Finished:   insts:80789974    cycles:107374184  (4294967320) seconds:1142  -- 0.75 IPC (0.75 IPC) --  N/A  KHz (70.74 KHz)
**Core 00 Thread 00 Finished:   insts:80789974    cycles:107374184  (4294967320)  seconds:1142  -- 0.75 IPC (0.75 IPC) --  N/A  KHz (70.74 KHz) 
**Core 01 Core_Total  Finished:   insts:75414145    cycles:107374184  (4294967320) seconds:1142  -- 0.70 IPC (0.70 IPC) --  N/A  KHz (66.04 KHz)
**Core 01 Thread 00 Finished:   insts:75414145    cycles:107374184  (4294967320)  seconds:1142  -- 0.70 IPC (0.70 IPC) --  N/A  KHz (66.04 KHz) 
src/macsim.cc:617: (I=80789974  C=4294967361):  finalize simulation
src/macsim.cc:623: (I=80789974  C=4294967361):  elapsed time:1142.7 seconds
Done
