####################################################################################################
Interval
####################################################################################################
Cumulative:         Cycles:                  20000     Instructions:                  1200
TOTAL_PACKET_CPU                                          4804370                       4804370

TOTAL_PACKET_GPU                                                0                             0

NOC_AVG_LATENCY_BASE                                      4804369                       4804369

NOC_AVG_LATENCY_BASE_CPU                                  4804369                       4804369

NOC_AVG_LATENCY_BASE_GPU                                        0                             0

NOC_AVG_LATENCY                                          46176591                       9.61137

NOC_AVG_LATENCY_CPU                                      46176591                       9.61137

NOC_AVG_LATENCY_GPU                                             0                           NaN

NOC_AVG_ACTIVE_PACKET_BASE                                4804370                       4804370

NOC_AVG_ACTIVE_PACKET_BASE_CPU                            4804370                       4804370

NOC_AVG_ACTIVE_PACKET_BASE_GPU                                  0                             0

NOC_AVG_ACTIVE_PACKET                                     7848452                       1.63361

NOC_AVG_ACTIVE_PACKET_CPU                                 7848452                       1.63361

NOC_AVG_ACTIVE_PACKET_GPU                                       0                           NaN

NOC_IDLE_CHANNEL                                                0                             0

NOC_IDLE_CHANNEL_CPU                                            0                             0

NOC_IDLE_CHANNEL_GPU                                            0                             0

NOC_IDLE_CHANNEL_L3                                             0                             0

NOC_IDLE_CHANNEL_MC                                             0                             0

NOC_AVG_WAIT_IN_ROUTER_BASE                               9608738                       9608738

NOC_AVG_WAIT_IN_ROUTER_BASE_CPU                           2418899                       2418899

NOC_AVG_WAIT_IN_ROUTER_BASE_GPU                                 0                             0

NOC_AVG_WAIT_IN_ROUTER_BASE_L3                            4804369                       4804369

NOC_AVG_WAIT_IN_ROUTER_BASE_MC                            2385470                       2385470

NOC_AVG_WAIT_IN_ROUTER                                   70398825                       7.32654

NOC_AVG_WAIT_IN_ROUTER_CPU                               16933035                       7.00031

NOC_AVG_WAIT_IN_ROUTER_GPU                                      0                           NaN

NOC_AVG_WAIT_IN_ROUTER_L3                                36502263                       7.59772

NOC_AVG_WAIT_IN_ROUTER_MC                                16963527                       7.11119

NOC_LINK_ACTIVE                                          14478693                      14478693

