####################################################################################################
Interval
####################################################################################################
Cumulative:         Cycles:                  20000     Instructions:                  1200
POWER_L3CACHE_LINEFILL_BUF_R                              1176336                       1176336

POWER_L3CACHE_LINEFILL_BUF_W                              1176336                       1176336

POWER_L3CACHE_LINEFILL_BUF_R_TAG                          1176336                       1176336

POWER_L3CACHE_WB_BUF_R                                      32797                         32797

POWER_L3CACHE_WB_BUF_W                                      32797                         32797

POWER_L3CACHE_WB_BUF_R_TAG                                  32797                         32797

POWER_L3CACHE_R                                             33113                         33113

POWER_L3CACHE_W                                            295246                        295246

POWER_L3CACHE_R_TAG                                       1209450                       1209450

POWER_MC_R                                                8806168                       8806168

POWER_MC_W                                                1209134                       1209134

POWER_BLOCK_STATES_R_CORE_0                             107374184                     107374184

POWER_BLOCK_STATES_W_CORE_0                             107374184                     107374184

POWER_FETCH_QUEUE_R_CORE_0                               94657532                      94657532

POWER_FETCH_QUEUE_W_CORE_0                               94657532                      94657532

POWER_INST_QUEUE_R_CORE_0                               139209687                     139209687

POWER_INST_QUEUE_W_CORE_0                                94657279                      94657279

POWER_BR_PRED_R_CORE_0                                    8984833                       8984833

POWER_BR_PRED_W_CORE_0                                    8983314                       8983314

POWER_RAS_R_CORE_0                                            992                           992

POWER_RAS_W_CORE_0                                            768                           768

POWER_ICACHE_R_CORE_0                                    23664383                      23664383

POWER_ICACHE_W_CORE_0                                         552                           552

POWER_ICACHE_R_TAG_CORE_0                                23664935                      23664935

POWER_ICACHE_MISS_BUF_R_CORE_0                               1104                          1104

POWER_ICACHE_MISS_BUF_W_CORE_0                               1104                          1104

POWER_ICACHE_MISS_BUF_R_TAG_CORE_0                            552                           552

POWER_ICACHE_MISS_BUF_W_TAG_CORE_0                              0                             0

POWER_ICACHE_TOT_ACC_CORE_0                                     0                             0

POWER_ICACHE_CONF_CORE_0                                        0                             0

POWER_INST_DECODER_R_CORE_0                              64278919                      64278919

POWER_INST_DECODER_W_CORE_0                                     0                             0

POWER_MICRO_OP_SEQ_R_CORE_0                                     0                             0

POWER_MICRO_OP_SEQ_W_CORE_0                                     0                             0

POWER_OPERAND_DECODER_R_CORE_0                           64278919                      64278919

POWER_OPERAND_DECODER_W_CORE_0                                  0                             0

POWER_UOP_QUEUE_R_CORE_0                                139209687                     139209687

POWER_UOP_QUEUE_W_CORE_0                                 94657279                      94657279

POWER_REG_RENAMING_TABLE_R_CORE_0                       139209687                     139209687

POWER_REG_RENAMING_TABLE_W_CORE_0                        94657279                      94657279

POWER_DEP_CHECK_LOGIC_R_CORE_0                           94657532                      94657532

POWER_FREELIST_R_CORE_0                                 139209687                     139209687

POWER_FREELIST_W_CORE_0                                  94657279                      94657279

POWER_RESERVATION_STATION_R_CORE_0                       94665107                      94665107

POWER_RESERVATION_STATION_W_CORE_0                       94657279                      94657279

POWER_RESERVATION_STATION_R_TAG_CORE_0                   94665107                      94665107

POWER_RESERVATION_STATION_W_TAG_CORE_0                          0                             0

POWER_INST_ISSUE_SEL_LOGIC_R_CORE_0                      94665107                      94665107

POWER_INST_ISSUE_SEL_LOGIC_W_CORE_0                      94657267                      94657267

POWER_PAYLOAD_RAM_R_CORE_0                               94665107                      94665107

POWER_PAYLOAD_RAM_W_CORE_0                               94657267                      94657267

POWER_EX_ALU_R_CORE_0                                    50492607                      50492607

POWER_EX_FPU_R_CORE_0                                    12382099                      12382099

POWER_EX_MUL_R_CORE_0                                         320                           320

POWER_EX_SFU_R_CORE_0                                           0                             0

POWER_REORDER_BUF_R_CORE_0                               94657023                      94657023

POWER_REORDER_BUF_W_CORE_0                              189314558                     189314558

POWER_INST_COMMIT_SEL_LOGIC_R_CORE_0                     94657023                      94657023

POWER_INST_COMMIT_SEL_LOGIC_W_CORE_0                     94657279                      94657279

POWER_FP_RENAME_R_CORE_0                                 17355919                      17355919

POWER_FP_RENAME_W_CORE_0                                        0                             0

POWER_LOAD_QUEUE_R_CORE_0                                21414084                      21414084

POWER_LOAD_QUEUE_W_CORE_0                                21414084                      21414084

POWER_LOAD_QUEUE_R_TAG_CORE_0                            21414084                      21414084

POWER_LOAD_QUEUE_W_TAG_CORE_0                                   0                             0

POWER_STORE_QUEUE_R_CORE_0                               10375997                      10375997

POWER_STORE_QUEUE_W_CORE_0                               10375997                      10375997

POWER_STORE_QUEUE_R_TAG_CORE_0                           10375997                      10375997

POWER_STORE_QUEUE_W_TAG_CORE_0                                  0                             0

POWER_DATA_TLB_R_CORE_0                                  21414084                      21414084

POWER_DATA_TLB_W_CORE_0                                         0                             0

POWER_DATA_TLB_R_TAG_CORE_0                                     0                             0

POWER_DATA_TLB_W_TAG_CORE_0                                     0                             0

POWER_INT_REGFILE_R_CORE_0                              132768095                     132768095

POWER_INT_REGFILE_W_CORE_0                               82275168                      82275168

POWER_FP_REGFILE_R_CORE_0                                24764198                      24764198

POWER_FP_REGFILE_W_CORE_0                                12382099                      12382099

POWER_GP_REGISTER_R_CORE_0                              132768095                     132768095

POWER_GP_REGISTER_W_CORE_0                               82275168                      82275168

POWER_FP_REGISTER_R_CORE_0                               24764198                      24764198

POWER_FP_REGISTER_W_CORE_0                               12382099                      12382099

POWER_SEGMENT_REGISTER_R_CORE_0                          31782241                      31782241

POWER_SEGMENT_REGISTER_W_CORE_0                          58736065                      58736065

POWER_CONTROL_REGISTER_R_CORE_0                                 0                             0

POWER_CONTROL_REGISTER_W_CORE_0                              8328                          8328

POWER_FLAG_REGISTER_R_CORE_0                                    0                             0

POWER_FLAG_REGISTER_W_CORE_0                                    0                             0

POWER_EXEC_BYPASS_CORE_0                                 94657267                      94657267

POWER_LOAD_BYPASS_CORE_0                                  2418901                       2418901

POWER_PIPELINE_CORE_0                                    64278587                      64278587

POWER_DCACHE_MISS_BUF_R_CORE_0                            2417797                       2417797

POWER_DCACHE_MISS_BUF_R_TAG_CORE_0                        7596482                       7596482

POWER_DCACHE_MISS_BUF_W_CORE_0                            7596482                       7596482

POWER_DCACHE_MISS_BUF_W_TAG_CORE_0                              0                             0

POWER_DCACHE_LINEFILL_BUF_R_CORE_0                              0                             0

POWER_L2CACHE_LINEFILL_BUF_R_CORE_0                       1901620                       1901620

POWER_DCACHE_LINEFILL_BUF_W_CORE_0                              0                             0

POWER_L2CACHE_LINEFILL_BUF_W_CORE_0                       1210180                       1210180

POWER_DCACHE_LINEFILL_BUF_R_TAG_CORE_0                          0                             0

POWER_L2CACHE_LINEFILL_BUF_R_TAG_CORE_0                   1902352                       1902352

POWER_DCACHE_LINEFILL_BUF_W_TAG_CORE_0                          0                             0

POWER_DCACHE_WB_BUF_R_CORE_0                                  732                           732

POWER_L2CACHE_WB_BUF_R_CORE_0                                   0                             0

POWER_DCACHE_WB_BUF_W_CORE_0                                  732                           732

POWER_L2CACHE_WB_BUF_W_CORE_0                                   0                             0

POWER_DCACHE_WB_BUF_R_TAG_CORE_0                             1464                          1464

POWER_L2CACHE_WB_BUF_R_TAG_CORE_0                               0                             0

POWER_DCACHE_WB_BUF_W_TAG_CORE_0                                0                             0

POWER_DCACHE_R_CORE_0                                    24185759                      24185759

POWER_L2CACHE_R_CORE_0                                          0                             0

POWER_DCACHE_W_CORE_0                                     1208896                       1208896

POWER_L2CACHE_W_CORE_0                                          0                             0

POWER_DCACHE_R_TAG_CORE_0                                31782241                      31782241

POWER_L2CACHE_R_TAG_CORE_0                                      0                             0

POWER_CONST_CACHE_R_CORE_0                                      0                             0

POWER_CONST_CACHE_W_CORE_0                                      0                             0

POWER_CONST_CACHE_R_TAG_CORE_0                                  0                             0

POWER_CONST_CACHE_W_TAG_CORE_0                                  0                             0

POWER_TEXTURE_CACHE_R_CORE_0                                    0                             0

POWER_TEXTURE_CACHE_W_CORE_0                                    0                             0

POWER_TEXTURE_CACHE_R_TAG_CORE_0                                0                             0

POWER_TEXTURE_CACHE_W_TAG_CORE_0                                0                             0

POWER_SHARED_MEM_R_CORE_0                                       0                             0

POWER_SHARED_MEM_W_CORE_0                                       0                             0

POWER_SHARED_MEM_R_TAG_CORE_0                                   0                             0

POWER_SHARED_MEM_W_TAG_CORE_0                                   0                             0

