Arguments: ./macsim --l3_repl==PDP 
src/macsim.cc:133: (I=0  C=0):  initialize knobs
number of cores : 2
src/macsim.cc:531: (I=0  C=0):  initialize simulation
src/macsim.cc:327: (I=0  C=0):  initialize cores (2/0/0)
src/memory.cc:1695: (I=0  C=0):  Memory system(l2_decoupled_network) has been initialized.
l3_policy: PDP,PDP
0
1
ip_table done
set num:2048
src/network_ring.cc:107: (I=0  C=0):  TOTAL_ROUTER:4 CPU:2 GPU:0 L3:1 MC:1
src/network_ring.cc:312: (I=0  C=0):  RING topology
0 <-> 1 <-> 2 <-> 3 <-> 
enabling bug detector
src/macsim.cc:748: (I=0  C=0):  Initializing new noc

src/macsim.cc:839: (I=0  C=0):  Clock LCM           : 920
src/macsim.cc:840: (I=0  C=0):  CPU clock frequency : 2.3 GHz
src/macsim.cc:841: (I=0  C=0):  GPU clock frequency : 2.3 GHz
src/macsim.cc:842: (I=0  C=0):  L3  clock frequency : 1 GHz
src/macsim.cc:843: (I=0  C=0):  NOC clock frequency : 1 GHz
src/macsim.cc:844: (I=0  C=0):  MC  clock frequency : 0.8 GHz
src/process_manager.cc:455: (I=0  C=0):  setup_process:0 ../../../../jinku/macsim_traces/astar/trace.txt current_index:0 (1)
src/process_manager.cc:548: (I=0  C=0):  thread_count:1
src/process_manager.cc:455: (I=0  C=0):  setup_process:1 ../../B16/trace.txt current_index:0 (1)
src/process_manager.cc:548: (I=0  C=0):  thread_count:1
1000000
2000000
3000000
4000000
** Heartbeat for core[00]:        insts:10000000    cycles:9657305    (386292160) seconds:111   -- 1.04 IPC (1.04 IPC) -- 0.00 KIPS (90.09 KIPS)
** Heartbeat for core[00]:  Thread:0      insts:10000000    cycles:9657305    (386292160) seconds:111   -- 1.04 IPC (1.04 IPC) -- 0.00 KIPS (90.09 KIPS)
5000000
6000000
7000000
8000000
** Heartbeat for core[00]:        insts:20000000    cycles:19155735   (766229360) seconds:305   -- 1.05 IPC (1.04 IPC) -- 51.55 KIPS (65.57 KIPS)
** Heartbeat for core[00]:  Thread:0      insts:20000000    cycles:19155735   (766229360) seconds:305   -- 1.05 IPC (1.04 IPC) -- 51.55 KIPS (65.57 KIPS)
9000000
10000000
11000000
12000000
** Heartbeat for core[00]:        insts:30000000    cycles:28426271   (1137050800) seconds:783   -- 1.08 IPC (1.06 IPC) -- 20.92 KIPS (38.31 KIPS)
** Heartbeat for core[00]:  Thread:0      insts:30000000    cycles:28426271   (1137050800) seconds:783   -- 1.08 IPC (1.06 IPC) -- 20.92 KIPS (38.31 KIPS)
13000000
14000000
15000000
16000000
** Heartbeat for core[00]:        insts:40000000    cycles:37700715   (1508028560) seconds:1522  -- 1.08 IPC (1.06 IPC) -- 13.53 KIPS (26.28 KIPS)
** Heartbeat for core[00]:  Thread:0      insts:40000000    cycles:37700715   (1508028560) seconds:1522  -- 1.08 IPC (1.06 IPC) -- 13.53 KIPS (26.28 KIPS)
17000000
18000000
19000000
20000000
** Heartbeat for core[00]:        insts:50000000    cycles:47135130   (1885405160) seconds:2509  -- 1.06 IPC (1.06 IPC) -- 10.13 KIPS (19.93 KIPS)
** Heartbeat for core[00]:  Thread:0      insts:50000000    cycles:47135130   (1885405160) seconds:2509  -- 1.06 IPC (1.06 IPC) -- 10.13 KIPS (19.93 KIPS)
21000000
** Heartbeat for core[01]:        insts:10000000    cycles:49195950   (1967837960) seconds:2754  -- 0.20 IPC (0.20 IPC) -- 0.00 KIPS (3.63 KIPS)
** Heartbeat for core[01]:  Thread:0      insts:10000000    cycles:49195950   (1967837960) seconds:2754  -- 0.20 IPC (0.20 IPC) -- 0.00 KIPS (3.63 KIPS)
22000000
23000000
24000000
25000000
25000000: 25m cycle
0:6:0.413821
way:12
1:37:0.469471
way:20
26000000
** Heartbeat for core[00]:        insts:60000000    cycles:60996217   (2439848640) seconds:4398  -- 0.72 IPC (0.98 IPC) -- 5.29 KIPS (13.64 KIPS)
** Heartbeat for core[00]:  Thread:0      insts:60000000    cycles:60996217   (2439848640) seconds:4398  -- 0.72 IPC (0.98 IPC) -- 5.29 KIPS (13.64 KIPS)
27000000
28000000
29000000
30000000
31000000
32000000
33000000
34000000
35000000
36000000
37000000
** Heartbeat for core[00]:        insts:70000000    cycles:86404078   (3456163080) seconds:9050  -- 0.39 IPC (0.81 IPC) -- 2.15 KIPS (7.73 KIPS)
** Heartbeat for core[00]:  Thread:0      insts:70000000    cycles:86404078   (3456163080) seconds:9050  -- 0.39 IPC (0.81 IPC) -- 2.15 KIPS (7.73 KIPS)
38000000
39000000
40000000
41000000
42000000
** Heartbeat for core[01]:        insts:20000000    cycles:98028357   (3921134240) seconds:11700 -- 0.20 IPC (0.20 IPC) -- 1.12 KIPS (1.71 KIPS)
** Heartbeat for core[01]:  Thread:0      insts:20000000    cycles:98028357   (3921134240) seconds:11700 -- 0.20 IPC (0.20 IPC) -- 1.12 KIPS (1.71 KIPS)
43000000
44000000
45000000
46000000
**Core 00 Core_Total  Finished:   insts:78185479    cycles:107374184  (4294967320) seconds:14022 -- 0.73 IPC (0.73 IPC) --  N/A  KHz (5.58 KHz)
**Core 00 Thread 00 Finished:   insts:78185479    cycles:107374184  (4294967320)  seconds:14022 -- 0.73 IPC (0.73 IPC) --  N/A  KHz (5.58 KHz) 
**Core 01 Core_Total  Finished:   insts:21918468    cycles:107374184  (4294967320) seconds:14022 -- 0.20 IPC (0.20 IPC) --  N/A  KHz (1.56 KHz)
**Core 01 Thread 00 Finished:   insts:21918468    cycles:107374184  (4294967320)  seconds:14022 -- 0.20 IPC (0.20 IPC) --  N/A  KHz (1.56 KHz) 
src/macsim.cc:617: (I=78185479  C=4294967361):  finalize simulation
src/macsim.cc:623: (I=78185479  C=4294967361):  elapsed time:14022.4 seconds
Done
