####################################################################################################
Interval
####################################################################################################
Cumulative:         Cycles:                  20000     Instructions:                  1200
POWER_L3CACHE_LINEFILL_BUF_R                              2763340                       2763340

POWER_L3CACHE_LINEFILL_BUF_W                              2763340                       2763340

POWER_L3CACHE_LINEFILL_BUF_R_TAG                          2763340                       2763340

POWER_L3CACHE_WB_BUF_R                                       1187                          1187

POWER_L3CACHE_WB_BUF_W                                       1187                          1187

POWER_L3CACHE_WB_BUF_R_TAG                                   1187                          1187

POWER_L3CACHE_R                                            658420                        658420

POWER_L3CACHE_W                                            565585                        565585

POWER_L3CACHE_R_TAG                                       3421768                       3421768

POWER_MC_R                                                7108706                       7108706

POWER_MC_W                                                2764535                       2764535

POWER_BLOCK_STATES_R_CORE_0                             107374184                     107374184

POWER_BLOCK_STATES_W_CORE_0                             107374184                     107374184

POWER_FETCH_QUEUE_R_CORE_0                              100558068                     100558068

POWER_FETCH_QUEUE_W_CORE_0                              100558068                     100558068

POWER_INST_QUEUE_R_CORE_0                               219893556                     219893556

POWER_INST_QUEUE_W_CORE_0                               100558068                     100558068

POWER_BR_PRED_R_CORE_0                                   11060383                      11060383

POWER_BR_PRED_W_CORE_0                                   10937455                      10937455

POWER_RAS_R_CORE_0                                         539113                        539113

POWER_RAS_W_CORE_0                                         514805                        514805

POWER_ICACHE_R_CORE_0                                    25139517                      25139517

POWER_ICACHE_W_CORE_0                                         100                           100

POWER_ICACHE_R_TAG_CORE_0                                25139617                      25139617

POWER_ICACHE_MISS_BUF_R_CORE_0                                200                           200

POWER_ICACHE_MISS_BUF_W_CORE_0                                200                           200

POWER_ICACHE_MISS_BUF_R_TAG_CORE_0                            100                           100

POWER_ICACHE_MISS_BUF_W_TAG_CORE_0                              0                             0

POWER_ICACHE_TOT_ACC_CORE_0                                     0                             0

POWER_ICACHE_CONF_CORE_0                                        0                             0

POWER_INST_DECODER_R_CORE_0                              78185483                      78185483

POWER_INST_DECODER_W_CORE_0                                     0                             0

POWER_MICRO_OP_SEQ_R_CORE_0                                     0                             0

POWER_MICRO_OP_SEQ_W_CORE_0                                     0                             0

POWER_OPERAND_DECODER_R_CORE_0                           78185483                      78185483

POWER_OPERAND_DECODER_W_CORE_0                                  0                             0

POWER_UOP_QUEUE_R_CORE_0                                219893556                     219893556

POWER_UOP_QUEUE_W_CORE_0                                100558068                     100558068

POWER_REG_RENAMING_TABLE_R_CORE_0                       219893556                     219893556

POWER_REG_RENAMING_TABLE_W_CORE_0                       100558068                     100558068

POWER_DEP_CHECK_LOGIC_R_CORE_0                          100558068                     100558068

POWER_FREELIST_R_CORE_0                                 219893556                     219893556

POWER_FREELIST_W_CORE_0                                 100558068                     100558068

POWER_RESERVATION_STATION_R_CORE_0                      100558508                     100558508

POWER_RESERVATION_STATION_W_CORE_0                      100558068                     100558068

POWER_RESERVATION_STATION_R_TAG_CORE_0                  100558508                     100558508

POWER_RESERVATION_STATION_W_TAG_CORE_0                          0                             0

POWER_INST_ISSUE_SEL_LOGIC_R_CORE_0                     100558508                     100558508

POWER_INST_ISSUE_SEL_LOGIC_W_CORE_0                     100558065                     100558065

POWER_PAYLOAD_RAM_R_CORE_0                              100558508                     100558508

POWER_PAYLOAD_RAM_W_CORE_0                              100558065                     100558065

POWER_EX_ALU_R_CORE_0                                    61911179                      61911179

POWER_EX_FPU_R_CORE_0                                       58425                         58425

POWER_EX_MUL_R_CORE_0                                     4172426                       4172426

POWER_EX_SFU_R_CORE_0                                           0                             0

POWER_REORDER_BUF_R_CORE_0                              100558062                     100558062

POWER_REORDER_BUF_W_CORE_0                              201116136                     201116136

POWER_INST_COMMIT_SEL_LOGIC_R_CORE_0                    100558062                     100558062

POWER_INST_COMMIT_SEL_LOGIC_W_CORE_0                    100558068                     100558068

POWER_FP_RENAME_R_CORE_0                                   144655                        144655

POWER_FP_RENAME_W_CORE_0                                        0                             0

POWER_LOAD_QUEUE_R_CORE_0                                27520764                      27520764

POWER_LOAD_QUEUE_W_CORE_0                                27520764                      27520764

POWER_LOAD_QUEUE_R_TAG_CORE_0                            27520764                      27520764

POWER_LOAD_QUEUE_W_TAG_CORE_0                                   0                             0

POWER_STORE_QUEUE_R_CORE_0                                6895714                       6895714

POWER_STORE_QUEUE_W_CORE_0                                6895714                       6895714

POWER_STORE_QUEUE_R_TAG_CORE_0                            6895714                       6895714

POWER_STORE_QUEUE_W_TAG_CORE_0                                  0                             0

POWER_DATA_TLB_R_CORE_0                                  27520764                      27520764

POWER_DATA_TLB_W_CORE_0                                         0                             0

POWER_DATA_TLB_R_TAG_CORE_0                                     0                             0

POWER_DATA_TLB_W_TAG_CORE_0                                     0                             0

POWER_INT_REGFILE_R_CORE_0                              166583245                     166583245

POWER_INT_REGFILE_W_CORE_0                              100499640                     100499640

POWER_FP_REGFILE_R_CORE_0                                  113905                        113905

POWER_FP_REGFILE_W_CORE_0                                   58425                         58425

POWER_GP_REGISTER_R_CORE_0                              166583245                     166583245

POWER_GP_REGISTER_W_CORE_0                              100499640                     100499640

POWER_FP_REGISTER_R_CORE_0                                 116850                        116850

POWER_FP_REGISTER_W_CORE_0                                  58425                         58425

POWER_SEGMENT_REGISTER_R_CORE_0                          34416035                      34416035

POWER_SEGMENT_REGISTER_W_CORE_0                          67625638                      67625638

POWER_CONTROL_REGISTER_R_CORE_0                                 0                             0

POWER_CONTROL_REGISTER_W_CORE_0                           1950103                       1950103

POWER_FLAG_REGISTER_R_CORE_0                                    0                             0

POWER_FLAG_REGISTER_W_CORE_0                                    0                             0

POWER_EXEC_BYPASS_CORE_0                                100558065                     100558065

POWER_LOAD_BYPASS_CORE_0                                  1393942                       1393942

POWER_PIPELINE_CORE_0                                    78185479                      78185479

POWER_DCACHE_MISS_BUF_R_CORE_0                            1393742                       1393742

POWER_DCACHE_MISS_BUF_R_TAG_CORE_0                        1613018                       1613018

POWER_DCACHE_MISS_BUF_W_CORE_0                            1613018                       1613018

POWER_DCACHE_MISS_BUF_W_TAG_CORE_0                              0                             0

POWER_DCACHE_LINEFILL_BUF_R_CORE_0                              0                             0

POWER_L2CACHE_LINEFILL_BUF_R_CORE_0                        924291                        924291

POWER_DCACHE_LINEFILL_BUF_W_CORE_0                              0                             0

POWER_L2CACHE_LINEFILL_BUF_W_CORE_0                        908674                        908674

POWER_DCACHE_LINEFILL_BUF_R_TAG_CORE_0                          0                             0

POWER_L2CACHE_LINEFILL_BUF_R_TAG_CORE_0                   1135995                       1135995

POWER_DCACHE_LINEFILL_BUF_W_TAG_CORE_0                          0                             0

POWER_DCACHE_WB_BUF_R_CORE_0                               211704                        211704

POWER_L2CACHE_WB_BUF_R_CORE_0                                   0                             0

POWER_DCACHE_WB_BUF_W_CORE_0                               211704                        211704

POWER_L2CACHE_WB_BUF_W_CORE_0                                   0                             0

POWER_DCACHE_WB_BUF_R_TAG_CORE_0                           423408                        423408

POWER_L2CACHE_WB_BUF_R_TAG_CORE_0                               0                             0

POWER_DCACHE_WB_BUF_W_TAG_CORE_0                                0                             0

POWER_DCACHE_R_CORE_0                                    32803017                      32803017

POWER_L2CACHE_R_CORE_0                                          0                             0

POWER_DCACHE_W_CORE_0                                      696870                        696870

POWER_L2CACHE_W_CORE_0                                          0                             0

POWER_DCACHE_R_TAG_CORE_0                                34416035                      34416035

POWER_L2CACHE_R_TAG_CORE_0                                      0                             0

POWER_CONST_CACHE_R_CORE_0                                      0                             0

POWER_CONST_CACHE_W_CORE_0                                      0                             0

POWER_CONST_CACHE_R_TAG_CORE_0                                  0                             0

POWER_CONST_CACHE_W_TAG_CORE_0                                  0                             0

POWER_TEXTURE_CACHE_R_CORE_0                                    0                             0

POWER_TEXTURE_CACHE_W_CORE_0                                    0                             0

POWER_TEXTURE_CACHE_R_TAG_CORE_0                                0                             0

POWER_TEXTURE_CACHE_W_TAG_CORE_0                                0                             0

POWER_SHARED_MEM_R_CORE_0                                       0                             0

POWER_SHARED_MEM_W_CORE_0                                       0                             0

POWER_SHARED_MEM_R_TAG_CORE_0                                   0                             0

POWER_SHARED_MEM_W_TAG_CORE_0                                   0                             0

POWER_BLOCK_STATES_R_CORE_1                             107374184                     107374184

POWER_BLOCK_STATES_W_CORE_1                             107374184                     107374184

POWER_FETCH_QUEUE_R_CORE_1                               35571828                      35571828

POWER_FETCH_QUEUE_W_CORE_1                               35571828                      35571828

POWER_INST_QUEUE_R_CORE_1                                50397762                      50397762

POWER_INST_QUEUE_W_CORE_1                                35571574                      35571574

POWER_BR_PRED_R_CORE_1                                    2750554                       2750554

POWER_BR_PRED_W_CORE_1                                    2749053                       2749053

POWER_RAS_R_CORE_1                                            992                           992

POWER_RAS_W_CORE_1                                            768                           768

POWER_ICACHE_R_CORE_1                                     8892957                       8892957

POWER_ICACHE_W_CORE_1                                         550                           550

POWER_ICACHE_R_TAG_CORE_1                                 8893507                       8893507

POWER_ICACHE_MISS_BUF_R_CORE_1                               1100                          1100

POWER_ICACHE_MISS_BUF_W_CORE_1                               1100                          1100

POWER_ICACHE_MISS_BUF_R_TAG_CORE_1                            550                           550

POWER_ICACHE_MISS_BUF_W_TAG_CORE_1                              0                             0

POWER_ICACHE_TOT_ACC_CORE_1                                     0                             0

POWER_ICACHE_CONF_CORE_1                                        0                             0

POWER_INST_DECODER_R_CORE_1                              21918752                      21918752

POWER_INST_DECODER_W_CORE_1                                     0                             0

POWER_MICRO_OP_SEQ_R_CORE_1                                     0                             0

POWER_MICRO_OP_SEQ_W_CORE_1                                     0                             0

POWER_OPERAND_DECODER_R_CORE_1                           21918752                      21918752

POWER_OPERAND_DECODER_W_CORE_1                                  0                             0

POWER_UOP_QUEUE_R_CORE_1                                 50397762                      50397762

POWER_UOP_QUEUE_W_CORE_1                                 35571574                      35571574

POWER_REG_RENAMING_TABLE_R_CORE_1                        50397762                      50397762

POWER_REG_RENAMING_TABLE_W_CORE_1                        35571574                      35571574

POWER_DEP_CHECK_LOGIC_R_CORE_1                           35571828                      35571828

POWER_FREELIST_R_CORE_1                                  50397762                      50397762

POWER_FREELIST_W_CORE_1                                  35571574                      35571574

POWER_RESERVATION_STATION_R_CORE_1                       35571574                      35571574

POWER_RESERVATION_STATION_W_CORE_1                       35571574                      35571574

POWER_RESERVATION_STATION_R_TAG_CORE_1                   35571574                      35571574

POWER_RESERVATION_STATION_W_TAG_CORE_1                          0                             0

POWER_INST_ISSUE_SEL_LOGIC_R_CORE_1                      35571574                      35571574

POWER_INST_ISSUE_SEL_LOGIC_W_CORE_1                      35571574                      35571574

POWER_PAYLOAD_RAM_R_CORE_1                               35571574                      35571574

POWER_PAYLOAD_RAM_W_CORE_1                               35571574                      35571574

POWER_EX_ALU_R_CORE_1                                    19195176                      19195176

POWER_EX_FPU_R_CORE_1                                          41                            41

POWER_EX_MUL_R_CORE_1                                         320                           320

POWER_EX_SFU_R_CORE_1                                           0                             0

POWER_REORDER_BUF_R_CORE_1                               35571365                      35571365

POWER_REORDER_BUF_W_CORE_1                               71143148                      71143148

POWER_INST_COMMIT_SEL_LOGIC_R_CORE_1                     35571365                      35571365

POWER_INST_COMMIT_SEL_LOGIC_W_CORE_1                     35571574                      35571574

POWER_FP_RENAME_R_CORE_1                                       55                            55

POWER_FP_RENAME_W_CORE_1                                        0                             0

POWER_LOAD_QUEUE_R_CORE_1                                10922804                      10922804

POWER_LOAD_QUEUE_W_CORE_1                                10922804                      10922804

POWER_LOAD_QUEUE_R_TAG_CORE_1                            10922804                      10922804

POWER_LOAD_QUEUE_W_TAG_CORE_1                                   0                             0

POWER_STORE_QUEUE_R_CORE_1                                5453233                       5453233

POWER_STORE_QUEUE_W_CORE_1                                5453233                       5453233

POWER_STORE_QUEUE_R_TAG_CORE_1                            5453233                       5453233

POWER_STORE_QUEUE_W_TAG_CORE_1                                  0                             0

POWER_DATA_TLB_R_CORE_1                                  10922804                      10922804

POWER_DATA_TLB_W_CORE_1                                         0                             0

POWER_DATA_TLB_R_TAG_CORE_1                                     0                             0

POWER_DATA_TLB_W_TAG_CORE_1                                     0                             0

POWER_INT_REGFILE_R_CORE_1                               54767029                      54767029

POWER_INT_REGFILE_W_CORE_1                               35571533                      35571533

POWER_FP_REGFILE_R_CORE_1                                      82                            82

POWER_FP_REGFILE_W_CORE_1                                      41                            41

POWER_GP_REGISTER_R_CORE_1                               54767029                      54767029

POWER_GP_REGISTER_W_CORE_1                               35571533                      35571533

POWER_FP_REGISTER_R_CORE_1                                     82                            82

POWER_FP_REGISTER_W_CORE_1                                     41                            41

POWER_SEGMENT_REGISTER_R_CORE_1                          16376037                      16376037

POWER_SEGMENT_REGISTER_W_CORE_1                          30030599                      30030599

POWER_CONTROL_REGISTER_R_CORE_1                                 0                             0

POWER_CONTROL_REGISTER_W_CORE_1                              8328                          8328

POWER_FLAG_REGISTER_R_CORE_1                                    0                             0

POWER_FLAG_REGISTER_W_CORE_1                                    0                             0

POWER_EXEC_BYPASS_CORE_1                                 35571574                      35571574

POWER_LOAD_BYPASS_CORE_1                                  5449596                       5449596

POWER_PIPELINE_CORE_1                                    21918468                      21918468

POWER_DCACHE_MISS_BUF_R_CORE_1                            5448496                       5448496

POWER_DCACHE_MISS_BUF_R_TAG_CORE_1                        2730512                       2730512

POWER_DCACHE_MISS_BUF_W_CORE_1                            2730512                       2730512

POWER_DCACHE_MISS_BUF_W_TAG_CORE_1                              0                             0

POWER_DCACHE_LINEFILL_BUF_R_CORE_1                              0                             0

POWER_L2CACHE_LINEFILL_BUF_R_CORE_1                       2725822                       2725822

POWER_DCACHE_LINEFILL_BUF_W_CORE_1                              0                             0

POWER_L2CACHE_LINEFILL_BUF_W_CORE_1                       2725138                       2725138

POWER_DCACHE_LINEFILL_BUF_R_TAG_CORE_1                          0                             0

POWER_L2CACHE_LINEFILL_BUF_R_TAG_CORE_1                   2726172                       2726172

POWER_DCACHE_LINEFILL_BUF_W_TAG_CORE_1                          0                             0

POWER_DCACHE_WB_BUF_R_CORE_1                                  350                           350

POWER_L2CACHE_WB_BUF_R_CORE_1                                   0                             0

POWER_DCACHE_WB_BUF_W_CORE_1                                  350                           350

POWER_L2CACHE_WB_BUF_W_CORE_1                                   0                             0

POWER_DCACHE_WB_BUF_R_TAG_CORE_1                              700                           700

POWER_L2CACHE_WB_BUF_R_TAG_CORE_1                               0                             0

POWER_DCACHE_WB_BUF_W_TAG_CORE_1                                0                             0

POWER_DCACHE_R_CORE_1                                    13645525                      13645525

POWER_L2CACHE_R_CORE_1                                          0                             0

POWER_DCACHE_W_CORE_1                                     2724238                       2724238

POWER_L2CACHE_W_CORE_1                                          0                             0

POWER_DCACHE_R_TAG_CORE_1                                16376037                      16376037

POWER_L2CACHE_R_TAG_CORE_1                                      0                             0

POWER_CONST_CACHE_R_CORE_1                                      0                             0

POWER_CONST_CACHE_W_CORE_1                                      0                             0

POWER_CONST_CACHE_R_TAG_CORE_1                                  0                             0

POWER_CONST_CACHE_W_TAG_CORE_1                                  0                             0

POWER_TEXTURE_CACHE_R_CORE_1                                    0                             0

POWER_TEXTURE_CACHE_W_CORE_1                                    0                             0

POWER_TEXTURE_CACHE_R_TAG_CORE_1                                0                             0

POWER_TEXTURE_CACHE_W_TAG_CORE_1                                0                             0

POWER_SHARED_MEM_R_CORE_1                                       0                             0

POWER_SHARED_MEM_W_CORE_1                                       0                             0

POWER_SHARED_MEM_R_TAG_CORE_1                                   0                             0

POWER_SHARED_MEM_W_TAG_CORE_1                                   0                             0

