####################################################################################################
Interval
####################################################################################################
Cumulative:         Cycles:                  20000     Instructions:                  1200
AVG_MEMORY_LATENCY_BASE                                   9570083                       9570083

AVG_MEMORY_LATENCY                                     1017150469                       106.284

MSHR_FULL                                                       0                             0

TOTAL_MEMORY                                              9337358                       9337358

TOTAL_MEMORY_MERGE                                        7378207                      0.790181

TOTAL_WB                                                   232736                     0.0249253

L1_WB                                                      229914                      0.987875

L2_WB                                                           0                             0

L3_WB                                                        2822                     0.0121253

TOTAL_DRAM                                                1161689                       1161689

TOTAL_DRAM_MERGE                                               31                   2.66853e-05

L1_HIT_CPU                                               59483299                      59483299

L1_HIT_GPU                                                      0                             0

L1_MISS_CPU                                               9336706                       9336706

L1_MISS_GPU                                                     0                             0

L2_HIT_CPU                                                      0                             0

L2_HIT_GPU                                                      0                             0

L2_MISS_CPU                                               1959150                       1959150

L2_MISS_GPU                                                     0                             0

L3_HIT_CPU                                                 800281                        800281

L3_HIT_GPU                                                      0                             0

L3_MISS_CPU                                               1158867                       1158867

L3_MISS_GPU                                                     0                             0

L3_HIT_PROMOTION_CPU                                            0                             0

L3_HIT_PROMOTION_GPU                                            0                             0

FETCH_THREAD_SKIP_LD_WAIT                                       0                             0

FETCH_THREAD_SKIP_BR_WAIT                                       0                             0

FETCH_THREAD_SKIP_SCHED_WAIT                                    0                             0

NUM_MUL_TRANS_CM_TM_DM_INST                                     0                             0

NUM_MUL_TRANS_CM_TM_DM                                          0                           NaN

CONST_CACHE_HIT                                                 0                             0

CONST_CACHE_MISS                                                0                             0

CONST_CACHE_MISS_NO_EXECUTE                                     0                             0

CONST_CACHE_ACCESS                                              0                             0

TEXTURE_CACHE_HIT                                               0                             0

TEXTURE_CACHE_MISS                                              0                             0

TEXTURE_CACHE_NO_EXECUTE                                        0                             0

TEXTURE_CACHE_ACCESS                                            0                             0

SHARED_MEM_INST                                                 0                             0

SHARED_MEM_ACCESS                                               0                             0

CACHE_BANK_BUSY                                           2120564                       2120564

ICACHE_MISS_TOTAL                                             652                           652

TOTAL_CAGE_PERIOD                                               0                             0

TOTAL_CAGE_APPL0                                                0                           NaN

TOTAL_CAGE_APPL1                                                0                           NaN

TOTAL_CAGE_APPL2                                                0                           NaN

TOTAL_CAGE_APPL3                                                0                           NaN

TOTAL_CAGE_APPL4                                                0                           NaN

ABIP_AVG_RATIO_BASE                                             0                             0

ABIP_AVG_RATIO                                                  0                           NaN

TOTAL_WRITE_ACKS                                                0                             0

TOTAL_WRITES                                                    0                             0

NUM_PHYSICAL_PAGES                                              0                             0

COAL_INST                                                       0                          NaN 
UNCOAL_INST                                                     0                          NaN 
                                                                0                           100%

COAL_INST_SINGLE_TRANS                                          0                          NaN 
COAL_INST_MUL_TRANS                                             0                          NaN 
UNCOAL_INST_MUL_TRANS                                           0                          NaN 
                                                                0                           100%

SM_COAL_INST                                                    0                          NaN 
CM_COAL_INST                                                    0                          NaN 
TM_COAL_INST                                                    0                          NaN 
DM_COAL_INST                                                    0                          NaN 
                                                                0                           100%

SM_UNCOAL_INST                                                  0                          NaN 
CM_UNCOAL_INST                                                  0                          NaN 
TM_UNCOAL_INST                                                  0                          NaN 
DM_UNCOAL_INST                                                  0                          NaN 
                                                                0                           100%

SM_COAL_INST_SINGLE_TRANS                                       0                          NaN 
CM_COAL_INST_SINGLE_TRANS                                       0                          NaN 
TM_COAL_INST_SINGLE_TRANS                                       0                          NaN 
DM_COAL_INST_SINGLE_TRANS                                       0                          NaN 
                                                                0                           100%

SM_COAL_INST_MUL_TRANS                                          0                          NaN 
CM_COAL_INST_MUL_TRANS                                          0                          NaN 
TM_COAL_INST_MUL_TRANS                                          0                          NaN 
DM_COAL_INST_MUL_TRANS                                          0                          NaN 
                                                                0                           100%

LD_NO_FORWARD                                            30106444                        59.015%
FORWARDED_LD                                             20908498                        40.985%
                                                         51014942                           100%

L3_TOT_ACCESS_CORE_CORE_0                                 1213101                       1213101

L3_HIT_CORE_CORE_0                                         123153                        123153

L3_MISS_CORE_CORE_0                                       1089948                       1089948

L3_HIT_RATE_CORE_CORE_0                                    123153                      0.101519

L3_MISS_RATE_CORE_CORE_0                                  1089948                      0.898481

L3_BYPASS_CORE_CORE_0                                           0                             0

MEM_STALL_CYCLE_CORE_0                                          0                             0

ICACHE_FILL_CORE_0                                            552                           552

NUM_WRITE_ACKS_CORE_0                                           0                             0

NUM_WRITES_CORE_0                                               0                             0

ICACHE_HIT_CORE_0                                        23748379                       99.9977%
ICACHE_MISS_CORE_0                                            552                    0.00232432%
                                                         23748931                           100%

L3_TOT_ACCESS_CORE_CORE_1                                  746047                        746047

L3_HIT_CORE_CORE_1                                         677128                        677128

L3_MISS_CORE_CORE_1                                         68919                         68919

L3_HIT_RATE_CORE_CORE_1                                    677128                      0.907621

L3_MISS_RATE_CORE_CORE_1                                    68919                     0.0923789

L3_BYPASS_CORE_CORE_1                                           0                             0

MEM_STALL_CYCLE_CORE_1                                          0                             0

ICACHE_FILL_CORE_1                                            100                           100

NUM_WRITE_ACKS_CORE_1                                           0                             0

NUM_WRITES_CORE_1                                               0                             0

ICACHE_HIT_CORE_1                                        26990932                       99.9996%
ICACHE_MISS_CORE_1                                            100                   0.000370493%
                                                         26991032                           100%

