####################################################################################################
Interval
####################################################################################################
Cumulative:         Cycles:                  20000     Instructions:                  1200
DISPATCHED_INST                                         200663730                     200663730

DISPATCH_WAIT                                          5680416864                       28.3081

NUM_NO_FETCH_CYCLES                                             3                             3

AVG_CORE_IDLE_CYCLE                                             0                             0

REEXEC_NUM                                                      0                             0

INV_MATCH_NUM                                                   0                             0

EARLY_PERM_NUM                                                  0                             0

PERM_MATCH_NUM                                                  0                             0

RETIRE_SPECLD_NUM                                               0                             0

RETIRE_SPECST_NUM                                               0                             0

FENCE_HEAD_ROB_WAIT                                             0                             0

NUM_SAMPLES_CORE_0                                       54338249                      54338249

NUM_ACTIVE_BLOCKS_CORE_0                                        0                             0

NUM_ACTIVE_THREADS_CORE_0                                54338248                             1

NUM_SCHED_IDLE_CYCLE_CORE_0                               5355381                       5355381

NUM_NO_SCHED_CYCLE_CORE_0                                28475150                      28475150

CORE_DISPATCHED_INST_CORE_0                              64307067                      64307067

CORE_DISPATCH_WAIT_CORE_0                              2052120770                       31.9113

CORE_CYCLES_CORE_0                                              0                             0

CORE_SCHED_THREADS_CORE_0                                       0                           NaN

CORE_NUM_NO_FETCH_CYCLES_CORE_0                                 1                             1

CORE_NUM_NO_FETCH_CYCLES_WITH_READY_THREADS_CORE_0                   0                             0

CORE_NUM_FETCH_CYCLES_CORE_0                                    0                             0

CORE_FETCH_DELTA_CORE_0                                         0                           NaN

CORE_NUM_RETIRE_CYCLES_CORE_0                                   0                             0

CORE_RETIRE_DELTA_CORE_0                                        0                           NaN

FENCE_PREF_REQ_CORE_0                                           0                             0

FENCE_WAITING_CORE_0                                            0                             0

DYN_FENCE_NUM_CORE_0                                            0                             0

WB_ORDERING_STALL_CORE_0                                        0                             0

WB_FULL_CORE_0                                                  0                             0

FENCE_TOT_CYCLES_CORE_0                                         0                             0

FENCE_EXEC_CYCLES_CORE_0                                        0                             0

STORE_RES_CORE_0                                        518460139                     518460139

STORE_NUM_CORE_0                                          4407862                       4407862

STORE_WB_FREE_CORE_0                                            0                             0

SCHED_FAILED_REASON_SUCCESS_CORE_0                       64307129                        7.7973%
SCHED_FAILED_OPERANDS_NOT_READY_CORE_0                  754689246                       91.5068%
SCHED_FAILED_NO_PORTS_CORE_0                              5739311                      0.695897%
SCHED_FAILED_FENCE_ACTIVE_CORE_0                                0                             0%
                                                        824735686                           100%

NUM_SAMPLES_CORE_1                                       28586320                      28586320

NUM_ACTIVE_BLOCKS_CORE_1                                        0                             0

NUM_ACTIVE_THREADS_CORE_1                                28586319                             1

NUM_SCHED_IDLE_CYCLE_CORE_1                               1922055                       1922055

NUM_NO_SCHED_CYCLE_CORE_1                                 5566149                       5566149

CORE_DISPATCHED_INST_CORE_1                              64973552                      64973552

CORE_DISPATCH_WAIT_CORE_1                              1237388168                       19.0445

CORE_CYCLES_CORE_1                                              0                             0

CORE_SCHED_THREADS_CORE_1                                       0                           NaN

CORE_NUM_NO_FETCH_CYCLES_CORE_1                                 1                             1

CORE_NUM_NO_FETCH_CYCLES_WITH_READY_THREADS_CORE_1                   0                             0

CORE_NUM_FETCH_CYCLES_CORE_1                                    0                             0

CORE_FETCH_DELTA_CORE_1                                         0                           NaN

CORE_NUM_RETIRE_CYCLES_CORE_1                                   0                             0

CORE_RETIRE_DELTA_CORE_1                                        0                           NaN

FENCE_PREF_REQ_CORE_1                                           0                             0

FENCE_WAITING_CORE_1                                            0                             0

DYN_FENCE_NUM_CORE_1                                            0                             0

WB_ORDERING_STALL_CORE_1                                        0                             0

WB_FULL_CORE_1                                                  0                             0

FENCE_TOT_CYCLES_CORE_1                                         0                             0

FENCE_EXEC_CYCLES_CORE_1                                        0                             0

STORE_RES_CORE_1                                        312910878                     312910878

STORE_NUM_CORE_1                                          5680897                       5680897

STORE_WB_FREE_CORE_1                                            0                             0

SCHED_FAILED_REASON_SUCCESS_CORE_1                       64976130                       11.1097%
SCHED_FAILED_OPERANDS_NOT_READY_CORE_1                  515467726                       88.1355%
SCHED_FAILED_NO_PORTS_CORE_1                              4414515                      0.754801%
SCHED_FAILED_FENCE_ACTIVE_CORE_1                                0                             0%
                                                        584858371                           100%

NUM_SAMPLES_CORE_2                                       77305450                      77305450

NUM_ACTIVE_BLOCKS_CORE_2                                        0                             0

NUM_ACTIVE_THREADS_CORE_2                                77305449                             1

NUM_SCHED_IDLE_CYCLE_CORE_2                              15178617                      15178617

NUM_NO_SCHED_CYCLE_CORE_2                                23834807                      23834807

CORE_DISPATCHED_INST_CORE_2                              71383111                      71383111

CORE_DISPATCH_WAIT_CORE_2                              2390907926                        33.494

CORE_CYCLES_CORE_2                                              0                             0

CORE_SCHED_THREADS_CORE_2                                       0                           NaN

CORE_NUM_NO_FETCH_CYCLES_CORE_2                                 1                             1

CORE_NUM_NO_FETCH_CYCLES_WITH_READY_THREADS_CORE_2                   0                             0

CORE_NUM_FETCH_CYCLES_CORE_2                                    0                             0

CORE_FETCH_DELTA_CORE_2                                         0                           NaN

CORE_NUM_RETIRE_CYCLES_CORE_2                                   0                             0

CORE_RETIRE_DELTA_CORE_2                                        0                           NaN

FENCE_PREF_REQ_CORE_2                                           0                             0

FENCE_WAITING_CORE_2                                            0                             0

DYN_FENCE_NUM_CORE_2                                            0                             0

WB_ORDERING_STALL_CORE_2                                        0                             0

WB_FULL_CORE_2                                                  0                             0

FENCE_TOT_CYCLES_CORE_2                                         0                             0

FENCE_EXEC_CYCLES_CORE_2                                        0                             0

STORE_RES_CORE_2                                       1709717409                    1709717409

STORE_NUM_CORE_2                                          8834796                       8834796

STORE_WB_FREE_CORE_2                                            0                             0

SCHED_FAILED_REASON_SUCCESS_CORE_2                       71409569                       5.85645%
SCHED_FAILED_OPERANDS_NOT_READY_CORE_2                 1142803707                       93.7238%
SCHED_FAILED_NO_PORTS_CORE_2                              5117658                       0.41971%
SCHED_FAILED_FENCE_ACTIVE_CORE_2                                0                             0%
                                                       1219330934                           100%

