####################################################################################################
Interval
####################################################################################################
Cumulative:         Cycles:                  20000     Instructions:                  1200
AVG_MEMORY_LATENCY_BASE                                   5823702                       5823702

AVG_MEMORY_LATENCY                                      405588254                       69.6444

MSHR_FULL                                                       0                             0

TOTAL_MEMORY                                              5639083                       5639083

TOTAL_MEMORY_MERGE                                        4987768                        0.8845

TOTAL_WB                                                   184619                     0.0327392

L1_WB                                                      173533                      0.939952

L2_WB                                                           0                             0

L3_WB                                                       11086                      0.060048

TOTAL_DRAM                                                 415695                        415695

TOTAL_DRAM_MERGE                                                0                             0

L1_HIT_CPU                                               74554044                      74554044

L1_HIT_GPU                                                      0                             0

L1_MISS_CPU                                               5637799                       5637799

L1_MISS_GPU                                                     0                             0

L2_HIT_CPU                                                      0                             0

L2_HIT_GPU                                                      0                             0

L2_MISS_CPU                                                651315                        651315

L2_MISS_GPU                                                     0                             0

L3_HIT_CPU                                                 246706                        246706

L3_HIT_GPU                                                      0                             0

L3_MISS_CPU                                                404609                        404609

L3_MISS_GPU                                                     0                             0

L3_HIT_PROMOTION_CPU                                            0                             0

L3_HIT_PROMOTION_GPU                                            0                             0

FETCH_THREAD_SKIP_LD_WAIT                                       0                             0

FETCH_THREAD_SKIP_BR_WAIT                                       0                             0

FETCH_THREAD_SKIP_SCHED_WAIT                                    0                             0

NUM_MUL_TRANS_CM_TM_DM_INST                                     0                             0

NUM_MUL_TRANS_CM_TM_DM                                          0                           NaN

CONST_CACHE_HIT                                                 0                             0

CONST_CACHE_MISS                                                0                             0

CONST_CACHE_MISS_NO_EXECUTE                                     0                             0

CONST_CACHE_ACCESS                                              0                             0

TEXTURE_CACHE_HIT                                               0                             0

TEXTURE_CACHE_MISS                                              0                             0

TEXTURE_CACHE_NO_EXECUTE                                        0                             0

TEXTURE_CACHE_ACCESS                                            0                             0

SHARED_MEM_INST                                                 0                             0

SHARED_MEM_ACCESS                                               0                             0

CACHE_BANK_BUSY                                           5824749                       5824749

ICACHE_MISS_TOTAL                                            1284                          1284

TOTAL_CAGE_PERIOD                                               0                             0

TOTAL_CAGE_APPL0                                                0                           NaN

TOTAL_CAGE_APPL1                                                0                           NaN

TOTAL_CAGE_APPL2                                                0                           NaN

TOTAL_CAGE_APPL3                                                0                           NaN

TOTAL_CAGE_APPL4                                                0                           NaN

ABIP_AVG_RATIO_BASE                                             0                             0

ABIP_AVG_RATIO                                                  0                           NaN

TOTAL_WRITE_ACKS                                                0                             0

TOTAL_WRITES                                                    0                             0

NUM_PHYSICAL_PAGES                                              0                             0

COAL_INST                                                       0                          NaN 
UNCOAL_INST                                                     0                          NaN 
                                                                0                           100%

COAL_INST_SINGLE_TRANS                                          0                          NaN 
COAL_INST_MUL_TRANS                                             0                          NaN 
UNCOAL_INST_MUL_TRANS                                           0                          NaN 
                                                                0                           100%

SM_COAL_INST                                                    0                          NaN 
CM_COAL_INST                                                    0                          NaN 
TM_COAL_INST                                                    0                          NaN 
DM_COAL_INST                                                    0                          NaN 
                                                                0                           100%

SM_UNCOAL_INST                                                  0                          NaN 
CM_UNCOAL_INST                                                  0                          NaN 
TM_UNCOAL_INST                                                  0                          NaN 
DM_UNCOAL_INST                                                  0                          NaN 
                                                                0                           100%

SM_COAL_INST_SINGLE_TRANS                                       0                          NaN 
CM_COAL_INST_SINGLE_TRANS                                       0                          NaN 
TM_COAL_INST_SINGLE_TRANS                                       0                          NaN 
DM_COAL_INST_SINGLE_TRANS                                       0                          NaN 
                                                                0                           100%

SM_COAL_INST_MUL_TRANS                                          0                          NaN 
CM_COAL_INST_MUL_TRANS                                          0                          NaN 
TM_COAL_INST_MUL_TRANS                                          0                          NaN 
DM_COAL_INST_MUL_TRANS                                          0                          NaN 
                                                                0                           100%

LD_NO_FORWARD                                            36228891                       59.1316%
FORWARDED_LD                                             25039397                       40.8684%
                                                         61268288                           100%

L3_TOT_ACCESS_CORE_CORE_0                                  236006                        236006

L3_HIT_CORE_CORE_0                                         157716                        157716

L3_MISS_CORE_CORE_0                                         78290                         78290

L3_HIT_RATE_CORE_CORE_0                                    157716                      0.668271

L3_MISS_RATE_CORE_CORE_0                                    78290                      0.331729

MEM_STALL_CYCLE_CORE_0                                          0                             0

ICACHE_FILL_CORE_0                                            100                           100

NUM_WRITE_ACKS_CORE_0                                           0                             0

NUM_WRITES_CORE_0                                               0                             0

ICACHE_HIT_CORE_0                                        16076767                       99.9994%
ICACHE_MISS_CORE_0                                            100                   0.000622012%
                                                         16076867                           100%

L3_TOT_ACCESS_CORE_CORE_1                                   78674                         78674

L3_HIT_CORE_CORE_1                                          62653                         62653

L3_MISS_CORE_CORE_1                                         16021                         16021

L3_HIT_RATE_CORE_CORE_1                                     62653                      0.796362

L3_MISS_RATE_CORE_CORE_1                                    16021                      0.203638

MEM_STALL_CYCLE_CORE_1                                          0                             0

ICACHE_FILL_CORE_1                                            654                           654

NUM_WRITE_ACKS_CORE_1                                           0                             0

NUM_WRITES_CORE_1                                               0                             0

ICACHE_HIT_CORE_1                                        16243388                        99.996%
ICACHE_MISS_CORE_1                                            654                    0.00402609%
                                                         16244042                           100%

L3_TOT_ACCESS_CORE_CORE_2                                  336635                        336635

L3_HIT_CORE_CORE_2                                          26337                         26337

L3_MISS_CORE_CORE_2                                        310298                        310298

L3_HIT_RATE_CORE_CORE_2                                     26337                     0.0782361

L3_MISS_RATE_CORE_CORE_2                                   310298                      0.921764

MEM_STALL_CYCLE_CORE_2                                          0                             0

ICACHE_FILL_CORE_2                                            530                           530

NUM_WRITE_ACKS_CORE_2                                           0                             0

NUM_WRITES_CORE_2                                               0                             0

ICACHE_HIT_CORE_2                                        17845778                        99.997%
ICACHE_MISS_CORE_2                                            530                     0.0029698%
                                                         17846308                           100%

