####################################################################################################
Interval
####################################################################################################
Cumulative:         Cycles:                  20000     Instructions:                  1200
POWER_L3CACHE_LINEFILL_BUF_R                               404609                        404609

POWER_L3CACHE_LINEFILL_BUF_W                               404609                        404609

POWER_L3CACHE_LINEFILL_BUF_R_TAG                           404609                        404609

POWER_L3CACHE_WB_BUF_R                                      11086                         11086

POWER_L3CACHE_WB_BUF_W                                      11086                         11086

POWER_L3CACHE_WB_BUF_R_TAG                                  11086                         11086

POWER_L3CACHE_R                                            246706                        246706

POWER_L3CACHE_W                                             94465                         94465

POWER_L3CACHE_R_TAG                                        651315                        651315

POWER_MC_R                                                6054778                       6054778

POWER_MC_W                                                 415695                        415695

POWER_BLOCK_STATES_R_CORE_0                              54337755                      54337755

POWER_BLOCK_STATES_W_CORE_0                              54337755                      54337755

POWER_FETCH_QUEUE_R_CORE_0                               64307068                      64307068

POWER_FETCH_QUEUE_W_CORE_0                               64307067                      64307067

POWER_INST_QUEUE_R_CORE_0                               124608717                     124608717

POWER_INST_QUEUE_W_CORE_0                                64307067                      64307067

POWER_BR_PRED_R_CORE_0                                    7074056                       7074056

POWER_BR_PRED_W_CORE_0                                    6995572                       6995572

POWER_RAS_R_CORE_0                                         344544                        344544

POWER_RAS_W_CORE_0                                         328982                        328982

POWER_ICACHE_R_CORE_0                                    16076767                      16076767

POWER_ICACHE_W_CORE_0                                         100                           100

POWER_ICACHE_R_TAG_CORE_0                                16076867                      16076867

POWER_ICACHE_MISS_BUF_R_CORE_0                                200                           200

POWER_ICACHE_MISS_BUF_W_CORE_0                                200                           200

POWER_ICACHE_MISS_BUF_R_TAG_CORE_0                            100                           100

POWER_ICACHE_MISS_BUF_W_TAG_CORE_0                              0                             0

POWER_ICACHE_TOT_ACC_CORE_0                                     0                             0

POWER_ICACHE_CONF_CORE_0                                        0                             0

POWER_INST_DECODER_R_CORE_0                              50000000                      50000000

POWER_INST_DECODER_W_CORE_0                                     0                             0

POWER_MICRO_OP_SEQ_R_CORE_0                                     0                             0

POWER_MICRO_OP_SEQ_W_CORE_0                                     0                             0

POWER_OPERAND_DECODER_R_CORE_0                           50000000                      50000000

POWER_OPERAND_DECODER_W_CORE_0                                  0                             0

POWER_UOP_QUEUE_R_CORE_0                                124608717                     124608717

POWER_UOP_QUEUE_W_CORE_0                                 64307067                      64307067

POWER_REG_RENAMING_TABLE_R_CORE_0                       124608717                     124608717

POWER_REG_RENAMING_TABLE_W_CORE_0                        64307067                      64307067

POWER_DEP_CHECK_LOGIC_R_CORE_0                           64307067                      64307067

POWER_FREELIST_R_CORE_0                                 124608717                     124608717

POWER_FREELIST_W_CORE_0                                  64307067                      64307067

POWER_RESERVATION_STATION_R_CORE_0                       64307129                      64307129

POWER_RESERVATION_STATION_W_CORE_0                       64307067                      64307067

POWER_RESERVATION_STATION_R_TAG_CORE_0                   64307129                      64307129

POWER_RESERVATION_STATION_W_TAG_CORE_0                          0                             0

POWER_INST_ISSUE_SEL_LOGIC_R_CORE_0                      64307129                      64307129

POWER_INST_ISSUE_SEL_LOGIC_W_CORE_0                      64307067                      64307067

POWER_PAYLOAD_RAM_R_CORE_0                               64307129                      64307129

POWER_PAYLOAD_RAM_W_CORE_0                               64307067                      64307067

POWER_EX_ALU_R_CORE_0                                    39594015                      39594015

POWER_EX_FPU_R_CORE_0                                       37269                         37269

POWER_EX_MUL_R_CORE_0                                     2668519                       2668519

POWER_EX_SFU_R_CORE_0                                           0                             0

POWER_REORDER_BUF_R_CORE_0                               64307067                      64307067

POWER_REORDER_BUF_W_CORE_0                              128614134                     128614134

POWER_INST_COMMIT_SEL_LOGIC_R_CORE_0                     64307067                      64307067

POWER_INST_COMMIT_SEL_LOGIC_W_CORE_0                     64307067                      64307067

POWER_FP_RENAME_R_CORE_0                                    89580                         89580

POWER_FP_RENAME_W_CORE_0                                        0                             0

POWER_LOAD_QUEUE_R_CORE_0                                17599402                      17599402

POWER_LOAD_QUEUE_W_CORE_0                                17599402                      17599402

POWER_LOAD_QUEUE_R_TAG_CORE_0                            17599402                      17599402

POWER_LOAD_QUEUE_W_TAG_CORE_0                                   0                             0

POWER_STORE_QUEUE_R_CORE_0                                4407924                       4407924

POWER_STORE_QUEUE_W_CORE_0                                4407924                       4407924

POWER_STORE_QUEUE_R_TAG_CORE_0                            4407924                       4407924

POWER_STORE_QUEUE_W_TAG_CORE_0                                  0                             0

POWER_DATA_TLB_R_CORE_0                                  17599402                      17599402

POWER_DATA_TLB_W_CORE_0                                         0                             0

POWER_DATA_TLB_R_TAG_CORE_0                                     0                             0

POWER_DATA_TLB_W_TAG_CORE_0                                     0                             0

POWER_INT_REGFILE_R_CORE_0                              106532332                     106532332

POWER_INT_REGFILE_W_CORE_0                               64269798                      64269798

POWER_FP_REGFILE_R_CORE_0                                   72661                         72661

POWER_FP_REGFILE_W_CORE_0                                   37269                         37269

POWER_GP_REGISTER_R_CORE_0                              106532332                     106532332

POWER_GP_REGISTER_W_CORE_0                               64269798                      64269798

POWER_FP_REGISTER_R_CORE_0                                  74538                         74538

POWER_FP_REGISTER_W_CORE_0                                  37269                         37269

POWER_SEGMENT_REGISTER_R_CORE_0                          22007264                      22007264

POWER_SEGMENT_REGISTER_W_CORE_0                          43243035                      43243035

POWER_CONTROL_REGISTER_R_CORE_0                                 0                             0

POWER_CONTROL_REGISTER_W_CORE_0                           1246942                       1246942

POWER_FLAG_REGISTER_R_CORE_0                                    0                             0

POWER_FLAG_REGISTER_W_CORE_0                                    0                             0

POWER_EXEC_BYPASS_CORE_0                                 64307067                      64307067

POWER_LOAD_BYPASS_CORE_0                                   472012                        472012

POWER_PIPELINE_CORE_0                                    50000000                      50000000

POWER_DCACHE_MISS_BUF_R_CORE_0                             471812                        471812

POWER_DCACHE_MISS_BUF_R_TAG_CORE_0                         470816                        470816

POWER_DCACHE_MISS_BUF_W_CORE_0                             470816                        470816

POWER_DCACHE_MISS_BUF_W_TAG_CORE_0                              0                             0

POWER_DCACHE_LINEFILL_BUF_R_CORE_0                              0                             0

POWER_L2CACHE_LINEFILL_BUF_R_CORE_0                        335510                        335510

POWER_DCACHE_LINEFILL_BUF_W_CORE_0                              0                             0

POWER_L2CACHE_LINEFILL_BUF_W_CORE_0                        331428                        331428

POWER_DCACHE_LINEFILL_BUF_R_TAG_CORE_0                          0                             0

POWER_L2CACHE_LINEFILL_BUF_R_TAG_CORE_0                    430932                        430932

POWER_DCACHE_LINEFILL_BUF_W_TAG_CORE_0                          0                             0

POWER_DCACHE_WB_BUF_R_CORE_0                                95422                         95422

POWER_L2CACHE_WB_BUF_R_CORE_0                                   0                             0

POWER_DCACHE_WB_BUF_W_CORE_0                                95422                         95422

POWER_L2CACHE_WB_BUF_W_CORE_0                                   0                             0

POWER_DCACHE_WB_BUF_R_TAG_CORE_0                           190844                        190844

POWER_L2CACHE_WB_BUF_R_TAG_CORE_0                               0                             0

POWER_DCACHE_WB_BUF_W_TAG_CORE_0                                0                             0

POWER_DCACHE_R_CORE_0                                    21536448                      21536448

POWER_L2CACHE_R_CORE_0                                          0                             0

POWER_DCACHE_W_CORE_0                                      235906                        235906

POWER_L2CACHE_W_CORE_0                                          0                             0

POWER_DCACHE_R_TAG_CORE_0                                22007264                      22007264

POWER_L2CACHE_R_TAG_CORE_0                                      0                             0

POWER_CONST_CACHE_R_CORE_0                                      0                             0

POWER_CONST_CACHE_W_CORE_0                                      0                             0

POWER_CONST_CACHE_R_TAG_CORE_0                                  0                             0

POWER_CONST_CACHE_W_TAG_CORE_0                                  0                             0

POWER_TEXTURE_CACHE_R_CORE_0                                    0                             0

POWER_TEXTURE_CACHE_W_CORE_0                                    0                             0

POWER_TEXTURE_CACHE_R_TAG_CORE_0                                0                             0

POWER_TEXTURE_CACHE_W_TAG_CORE_0                                0                             0

POWER_SHARED_MEM_R_CORE_0                                       0                             0

POWER_SHARED_MEM_W_CORE_0                                       0                             0

POWER_SHARED_MEM_R_TAG_CORE_0                                   0                             0

POWER_SHARED_MEM_W_TAG_CORE_0                                   0                             0

POWER_BLOCK_STATES_R_CORE_1                              28586195                      28586195

POWER_BLOCK_STATES_W_CORE_1                              28586195                      28586195

POWER_FETCH_QUEUE_R_CORE_1                               64973552                      64973552

POWER_FETCH_QUEUE_W_CORE_1                               64973552                      64973552

POWER_INST_QUEUE_R_CORE_1                               107086074                     107086074

POWER_INST_QUEUE_W_CORE_1                                64973552                      64973552

POWER_BR_PRED_R_CORE_1                                    2730023                       2730023

POWER_BR_PRED_W_CORE_1                                    2526126                       2526126

POWER_RAS_R_CORE_1                                        1138653                       1138653

POWER_RAS_W_CORE_1                                        1133657                       1133657

POWER_ICACHE_R_CORE_1                                    16243388                      16243388

POWER_ICACHE_W_CORE_1                                         654                           654

POWER_ICACHE_R_TAG_CORE_1                                16244042                      16244042

POWER_ICACHE_MISS_BUF_R_CORE_1                               1308                          1308

POWER_ICACHE_MISS_BUF_W_CORE_1                               1308                          1308

POWER_ICACHE_MISS_BUF_R_TAG_CORE_1                            654                           654

POWER_ICACHE_MISS_BUF_W_TAG_CORE_1                              0                             0

POWER_ICACHE_TOT_ACC_CORE_1                                     0                             0

POWER_ICACHE_CONF_CORE_1                                        0                             0

POWER_INST_DECODER_R_CORE_1                              50000000                      50000000

POWER_INST_DECODER_W_CORE_1                                     0                             0

POWER_MICRO_OP_SEQ_R_CORE_1                                     0                             0

POWER_MICRO_OP_SEQ_W_CORE_1                                     0                             0

POWER_OPERAND_DECODER_R_CORE_1                           50000000                      50000000

POWER_OPERAND_DECODER_W_CORE_1                                  0                             0

POWER_UOP_QUEUE_R_CORE_1                                107086074                     107086074

POWER_UOP_QUEUE_W_CORE_1                                 64973552                      64973552

POWER_REG_RENAMING_TABLE_R_CORE_1                       107086074                     107086074

POWER_REG_RENAMING_TABLE_W_CORE_1                        64973552                      64973552

POWER_DEP_CHECK_LOGIC_R_CORE_1                           64973552                      64973552

POWER_FREELIST_R_CORE_1                                 107086074                     107086074

POWER_FREELIST_W_CORE_1                                  64973552                      64973552

POWER_RESERVATION_STATION_R_CORE_1                       64976130                      64976130

POWER_RESERVATION_STATION_W_CORE_1                       64973552                      64973552

POWER_RESERVATION_STATION_R_TAG_CORE_1                   64976130                      64976130

POWER_RESERVATION_STATION_W_TAG_CORE_1                          0                             0

POWER_INST_ISSUE_SEL_LOGIC_R_CORE_1                      64976130                      64976130

POWER_INST_ISSUE_SEL_LOGIC_W_CORE_1                      64973552                      64973552

POWER_PAYLOAD_RAM_R_CORE_1                               64976130                      64976130

POWER_PAYLOAD_RAM_W_CORE_1                               64973552                      64973552

POWER_EX_ALU_R_CORE_1                                    30710299                      30710299

POWER_EX_FPU_R_CORE_1                                     6153581                       6153581

POWER_EX_MUL_R_CORE_1                                     1976320                       1976320

POWER_EX_SFU_R_CORE_1                                           0                             0

POWER_REORDER_BUF_R_CORE_1                               64973552                      64973552

POWER_REORDER_BUF_W_CORE_1                              129947104                     129947104

POWER_INST_COMMIT_SEL_LOGIC_R_CORE_1                     64973552                      64973552

POWER_INST_COMMIT_SEL_LOGIC_W_CORE_1                     64973552                      64973552

POWER_FP_RENAME_R_CORE_1                                 32865976                      32865976

POWER_FP_RENAME_W_CORE_1                                        0                             0

POWER_LOAD_QUEUE_R_CORE_1                                20452455                      20452455

POWER_LOAD_QUEUE_W_CORE_1                                20452455                      20452455

POWER_LOAD_QUEUE_R_TAG_CORE_1                            20452455                      20452455

POWER_LOAD_QUEUE_W_TAG_CORE_1                                   0                             0

POWER_STORE_QUEUE_R_CORE_1                                5683475                       5683475

POWER_STORE_QUEUE_W_CORE_1                                5683475                       5683475

POWER_STORE_QUEUE_R_TAG_CORE_1                            5683475                       5683475

POWER_STORE_QUEUE_W_TAG_CORE_1                                  0                             0

POWER_DATA_TLB_R_CORE_1                                  20452455                      20452455

POWER_DATA_TLB_W_CORE_1                                         0                             0

POWER_DATA_TLB_R_TAG_CORE_1                                     0                             0

POWER_DATA_TLB_W_TAG_CORE_1                                     0                             0

POWER_INT_REGFILE_R_CORE_1                               91506590                      91506590

POWER_INT_REGFILE_W_CORE_1                               58819971                      58819971

POWER_FP_REGFILE_R_CORE_1                                 9175314                       9175314

POWER_FP_REGFILE_W_CORE_1                                 6153581                       6153581

POWER_GP_REGISTER_R_CORE_1                               91506590                      91506590

POWER_GP_REGISTER_W_CORE_1                               58819971                      58819971

POWER_FP_REGISTER_R_CORE_1                               12307162                      12307162

POWER_FP_REGISTER_W_CORE_1                                6153581                       6153581

POWER_SEGMENT_REGISTER_R_CORE_1                          26133352                      26133352

POWER_SEGMENT_REGISTER_W_CORE_1                          52216498                      52216498

POWER_CONTROL_REGISTER_R_CORE_1                                 0                             0

POWER_CONTROL_REGISTER_W_CORE_1                           7099806                       7099806

POWER_FLAG_REGISTER_R_CORE_1                                    0                             0

POWER_FLAG_REGISTER_W_CORE_1                                    0                             0

POWER_EXEC_BYPASS_CORE_1                                 64973552                      64973552

POWER_LOAD_BYPASS_CORE_1                                   157348                        157348

POWER_PIPELINE_CORE_1                                    50000000                      50000000

POWER_DCACHE_MISS_BUF_R_CORE_1                             156040                        156040

POWER_DCACHE_MISS_BUF_R_TAG_CORE_1                         325966                        325966

POWER_DCACHE_MISS_BUF_W_CORE_1                             325966                        325966

POWER_DCACHE_MISS_BUF_W_TAG_CORE_1                              0                             0

POWER_DCACHE_LINEFILL_BUF_R_CORE_1                              0                             0

POWER_L2CACHE_LINEFILL_BUF_R_CORE_1                        118082                        118082

POWER_DCACHE_LINEFILL_BUF_W_CORE_1                              0                             0

POWER_L2CACHE_LINEFILL_BUF_W_CORE_1                         89386                         89386

POWER_DCACHE_LINEFILL_BUF_R_TAG_CORE_1                          0                             0

POWER_L2CACHE_LINEFILL_BUF_R_TAG_CORE_1                    128794                        128794

POWER_DCACHE_LINEFILL_BUF_W_TAG_CORE_1                          0                             0

POWER_DCACHE_WB_BUF_R_CORE_1                                10712                         10712

POWER_L2CACHE_WB_BUF_R_CORE_1                                   0                             0

POWER_DCACHE_WB_BUF_W_CORE_1                                10712                         10712

POWER_L2CACHE_WB_BUF_W_CORE_1                                   0                             0

POWER_DCACHE_WB_BUF_R_TAG_CORE_1                            21424                         21424

POWER_L2CACHE_WB_BUF_R_TAG_CORE_1                               0                             0

POWER_DCACHE_WB_BUF_W_TAG_CORE_1                                0                             0

POWER_DCACHE_R_CORE_1                                    25807386                      25807386

POWER_L2CACHE_R_CORE_1                                          0                             0

POWER_DCACHE_W_CORE_1                                       78020                         78020

POWER_L2CACHE_W_CORE_1                                          0                             0

POWER_DCACHE_R_TAG_CORE_1                                26133352                      26133352

POWER_L2CACHE_R_TAG_CORE_1                                      0                             0

POWER_CONST_CACHE_R_CORE_1                                      0                             0

POWER_CONST_CACHE_W_CORE_1                                      0                             0

POWER_CONST_CACHE_R_TAG_CORE_1                                  0                             0

POWER_CONST_CACHE_W_TAG_CORE_1                                  0                             0

POWER_TEXTURE_CACHE_R_CORE_1                                    0                             0

POWER_TEXTURE_CACHE_W_CORE_1                                    0                             0

POWER_TEXTURE_CACHE_R_TAG_CORE_1                                0                             0

POWER_TEXTURE_CACHE_W_TAG_CORE_1                                0                             0

POWER_SHARED_MEM_R_CORE_1                                       0                             0

POWER_SHARED_MEM_W_CORE_1                                       0                             0

POWER_SHARED_MEM_R_TAG_CORE_1                                   0                             0

POWER_SHARED_MEM_W_TAG_CORE_1                                   0                             0

POWER_BLOCK_STATES_R_CORE_2                              77304899                      77304899

POWER_BLOCK_STATES_W_CORE_2                              77304899                      77304899

POWER_FETCH_QUEUE_R_CORE_2                               71383112                      71383112

POWER_FETCH_QUEUE_W_CORE_2                               71383111                      71383111

POWER_INST_QUEUE_R_CORE_2                               147819557                     147819557

POWER_INST_QUEUE_W_CORE_2                                71383111                      71383111

POWER_BR_PRED_R_CORE_2                                    5364389                       5364389

POWER_BR_PRED_W_CORE_2                                    5363156                       5363156

POWER_RAS_R_CORE_2                                            899                           899

POWER_RAS_W_CORE_2                                            672                           672

POWER_ICACHE_R_CORE_2                                    17845778                      17845778

POWER_ICACHE_W_CORE_2                                         530                           530

POWER_ICACHE_R_TAG_CORE_2                                17846308                      17846308

POWER_ICACHE_MISS_BUF_R_CORE_2                               1060                          1060

POWER_ICACHE_MISS_BUF_W_CORE_2                               1060                          1060

POWER_ICACHE_MISS_BUF_R_TAG_CORE_2                            530                           530

POWER_ICACHE_MISS_BUF_W_TAG_CORE_2                              0                             0

POWER_ICACHE_TOT_ACC_CORE_2                                     0                             0

POWER_ICACHE_CONF_CORE_2                                        0                             0

POWER_INST_DECODER_R_CORE_2                              50000000                      50000000

POWER_INST_DECODER_W_CORE_2                                     0                             0

POWER_MICRO_OP_SEQ_R_CORE_2                                     0                             0

POWER_MICRO_OP_SEQ_W_CORE_2                                     0                             0

POWER_OPERAND_DECODER_R_CORE_2                           50000000                      50000000

POWER_OPERAND_DECODER_W_CORE_2                                  0                             0

POWER_UOP_QUEUE_R_CORE_2                                147819557                     147819557

POWER_UOP_QUEUE_W_CORE_2                                 71383111                      71383111

POWER_REG_RENAMING_TABLE_R_CORE_2                       147819557                     147819557

POWER_REG_RENAMING_TABLE_W_CORE_2                        71383111                      71383111

POWER_DEP_CHECK_LOGIC_R_CORE_2                           71383111                      71383111

POWER_FREELIST_R_CORE_2                                 147819557                     147819557

POWER_FREELIST_W_CORE_2                                  71383111                      71383111

POWER_RESERVATION_STATION_R_CORE_2                       71409569                      71409569

POWER_RESERVATION_STATION_W_CORE_2                       71383111                      71383111

POWER_RESERVATION_STATION_R_TAG_CORE_2                   71409569                      71409569

POWER_RESERVATION_STATION_W_TAG_CORE_2                          0                             0

POWER_INST_ISSUE_SEL_LOGIC_R_CORE_2                      71409569                      71409569

POWER_INST_ISSUE_SEL_LOGIC_W_CORE_2                      71383111                      71383111

POWER_PAYLOAD_RAM_R_CORE_2                               71409569                      71409569

POWER_PAYLOAD_RAM_W_CORE_2                               71383111                      71383111

POWER_EX_ALU_R_CORE_2                                    39331716                      39331716

POWER_EX_FPU_R_CORE_2                                          44                            44

POWER_EX_MUL_R_CORE_2                                         124                           124

POWER_EX_SFU_R_CORE_2                                           0                             0

POWER_REORDER_BUF_R_CORE_2                               71383110                      71383110

POWER_REORDER_BUF_W_CORE_2                              142766222                     142766222

POWER_INST_COMMIT_SEL_LOGIC_R_CORE_2                     71383110                      71383110

POWER_INST_COMMIT_SEL_LOGIC_W_CORE_2                     71383111                      71383111

POWER_FP_RENAME_R_CORE_2                                       60                            60

POWER_FP_RENAME_W_CORE_2                                        0                             0

POWER_LOAD_QUEUE_R_CORE_2                                23216431                      23216431

POWER_LOAD_QUEUE_W_CORE_2                                23216431                      23216431

POWER_LOAD_QUEUE_R_TAG_CORE_2                            23216431                      23216431

POWER_LOAD_QUEUE_W_TAG_CORE_2                                   0                             0

POWER_STORE_QUEUE_R_CORE_2                                8861254                       8861254

POWER_STORE_QUEUE_W_CORE_2                                8861254                       8861254

POWER_STORE_QUEUE_R_TAG_CORE_2                            8861254                       8861254

POWER_STORE_QUEUE_W_TAG_CORE_2                                  0                             0

POWER_DATA_TLB_R_CORE_2                                  23216431                      23216431

POWER_DATA_TLB_W_CORE_2                                         0                             0

POWER_DATA_TLB_R_TAG_CORE_2                                     0                             0

POWER_DATA_TLB_W_TAG_CORE_2                                     0                             0

POWER_INT_REGFILE_R_CORE_2                              110714907                     110714907

POWER_INT_REGFILE_W_CORE_2                               71383067                      71383067

POWER_FP_REGFILE_R_CORE_2                                      88                            88

POWER_FP_REGFILE_W_CORE_2                                      44                            44

POWER_GP_REGISTER_R_CORE_2                              110714907                     110714907

POWER_GP_REGISTER_W_CORE_2                               71383067                      71383067

POWER_FP_REGISTER_R_CORE_2                                     88                            88

POWER_FP_REGISTER_W_CORE_2                                     44                            44

POWER_SEGMENT_REGISTER_R_CORE_2                          32051227                      32051227

POWER_SEGMENT_REGISTER_W_CORE_2                          58770581                      58770581

POWER_CONTROL_REGISTER_R_CORE_2                                 0                             0

POWER_CONTROL_REGISTER_W_CORE_2                           5342648                       5342648

POWER_FLAG_REGISTER_R_CORE_2                                    0                             0

POWER_FLAG_REGISTER_W_CORE_2                                    0                             0

POWER_EXEC_BYPASS_CORE_2                                 71383111                      71383111

POWER_LOAD_BYPASS_CORE_2                                   673270                        673270

POWER_PIPELINE_CORE_2                                    50000000                      50000000

POWER_DCACHE_MISS_BUF_R_CORE_2                             672210                        672210

POWER_DCACHE_MISS_BUF_R_TAG_CORE_2                        4841017                       4841017

POWER_DCACHE_MISS_BUF_W_CORE_2                            4841017                       4841017

POWER_DCACHE_MISS_BUF_W_TAG_CORE_2                              0                             0

POWER_DCACHE_LINEFILL_BUF_R_CORE_2                              0                             0

POWER_L2CACHE_LINEFILL_BUF_R_CORE_2                       1388860                       1388860

POWER_DCACHE_LINEFILL_BUF_W_CORE_2                              0                             0

POWER_L2CACHE_LINEFILL_BUF_W_CORE_2                        404034                        404034

POWER_DCACHE_LINEFILL_BUF_R_TAG_CORE_2                          0                             0

POWER_L2CACHE_LINEFILL_BUF_R_TAG_CORE_2                   1456259                       1456259

POWER_DCACHE_LINEFILL_BUF_W_TAG_CORE_2                          0                             0

POWER_DCACHE_WB_BUF_R_CORE_2                                67399                         67399

POWER_L2CACHE_WB_BUF_R_CORE_2                                   0                             0

POWER_DCACHE_WB_BUF_W_CORE_2                                67399                         67399

POWER_L2CACHE_WB_BUF_W_CORE_2                                   0                             0

POWER_DCACHE_WB_BUF_R_TAG_CORE_2                           134798                        134798

POWER_L2CACHE_WB_BUF_R_TAG_CORE_2                               0                             0

POWER_DCACHE_WB_BUF_W_TAG_CORE_2                                0                             0

POWER_DCACHE_R_CORE_2                                    27210210                      27210210

POWER_L2CACHE_R_CORE_2                                          0                             0

POWER_DCACHE_W_CORE_2                                      336105                        336105

POWER_L2CACHE_W_CORE_2                                          0                             0

POWER_DCACHE_R_TAG_CORE_2                                32051227                      32051227

POWER_L2CACHE_R_TAG_CORE_2                                      0                             0

POWER_CONST_CACHE_R_CORE_2                                      0                             0

POWER_CONST_CACHE_W_CORE_2                                      0                             0

POWER_CONST_CACHE_R_TAG_CORE_2                                  0                             0

POWER_CONST_CACHE_W_TAG_CORE_2                                  0                             0

POWER_TEXTURE_CACHE_R_CORE_2                                    0                             0

POWER_TEXTURE_CACHE_W_CORE_2                                    0                             0

POWER_TEXTURE_CACHE_R_TAG_CORE_2                                0                             0

POWER_TEXTURE_CACHE_W_TAG_CORE_2                                0                             0

POWER_SHARED_MEM_R_CORE_2                                       0                             0

POWER_SHARED_MEM_W_CORE_2                                       0                             0

POWER_SHARED_MEM_R_TAG_CORE_2                                   0                             0

POWER_SHARED_MEM_W_TAG_CORE_2                                   0                             0

