BP_MISPRED_STALL_CORE_0                                  52525140                      52525140

BP_RESOLVED_CORE_0                                         371362                        371362

BP_REDIRECT_RESOLVED_CORE_0                                     0                             0

PERFECT_TARGET_PRED_CORE_0                                      0                             0

BP_ON_PATH_CORRECT_CORE_0                                10939382                        96.736%
BP_ON_PATH_MISPREDICT_CORE_0                               369111                       3.26402%
BP_ON_PATH_MISFETCH_CORE_0                                      0                             0%
                                                         11308493                           100%

BP_OFF_PATH_CORRECT_CORE_0                                      0                          NaN 
BP_OFF_PATH_MISPREDICT_CORE_0                                   0                          NaN 
BP_OFF_PATH_MISFETCH_CORE_0                                     0                          NaN 
                                                                0                           100%

BP_MISPRED_STALL_CORE_1                                    481810                        481810

BP_RESOLVED_CORE_1                                           4995                          4995

BP_REDIRECT_RESOLVED_CORE_1                                     0                             0

PERFECT_TARGET_PRED_CORE_1                                      0                             0

BP_ON_PATH_CORRECT_CORE_1                                 7947119                       99.9375%
BP_ON_PATH_MISPREDICT_CORE_1                                 4973                      0.062537%
BP_ON_PATH_MISFETCH_CORE_1                                      0                             0%
                                                          7952092                           100%

BP_OFF_PATH_CORRECT_CORE_1                                      0                          NaN 
BP_OFF_PATH_MISPREDICT_CORE_1                                   0                          NaN 
BP_OFF_PATH_MISFETCH_CORE_1                                     0                          NaN 
                                                                0                           100%

