####################################################################################################
Interval
####################################################################################################
Cumulative:         Cycles:                  20000     Instructions:                  1200
FP_OPS_TOT                                                  41048                         41048

FP_OPS_CORE_0                                               40992                         40992

OP_CAT_XED_CATEGORY_INVALID_CORE_0                              0                             0%
OP_CAT_XED_CATEGORY_3DNOW_CORE_0                                0                             0%
OP_CAT_XED_CATEGORY_AES_CORE_0                                  0                             0%
OP_CAT_XED_CATEGORY_AVX_CORE_0                                  0                             0%
OP_CAT_XED_CATEGORY_AVX2_CORE_0                                 0                             0%
OP_CAT_XED_CATEGORY_AVX2GATHER_CORE_0                           0                             0%
OP_CAT_XED_CATEGORY_BDW_CORE_0                                  0                             0%
OP_CAT_XED_CATEGORY_BINARY_CORE_0                        24113067                       29.8216%
OP_CAT_XED_CATEGORY_BITBYTE_CORE_0                          16351                     0.0202219%
OP_CAT_XED_CATEGORY_BMI1_CORE_0                                 0                             0%
OP_CAT_XED_CATEGORY_BMI2_CORE_0                                 0                             0%
OP_CAT_XED_CATEGORY_BROADCAST_CORE_0                            0                             0%
OP_CAT_XED_CATEGORY_CALL_CORE_0                            533247                      0.659488%
OP_CAT_XED_CATEGORY_CMOV_CORE_0                           1504381                       1.86053%
OP_CAT_XED_CATEGORY_COND_BR_CORE_0                       11308493                       13.9857%
OP_CAT_XED_CATEGORY_CONVERT_CORE_0                         513896                      0.635556%
OP_CAT_XED_CATEGORY_DATAXFER_CORE_0                      34883621                        43.142%
OP_CAT_XED_CATEGORY_DECIMAL_CORE_0                              0                             0%
OP_CAT_XED_CATEGORY_FCMOV_CORE_0                                0                             0%
OP_CAT_XED_CATEGORY_FLAGOP_CORE_0                               0                             0%
OP_CAT_XED_CATEGORY_FMA4_CORE_0                                 0                             0%
OP_CAT_XED_CATEGORY_INTERRUPT_CORE_0                            0                             0%
OP_CAT_XED_CATEGORY_IO_CORE_0                                   0                             0%
OP_CAT_XED_CATEGORY_IOSTRINGOP_CORE_0                           0                             0%
OP_CAT_XED_CATEGORY_LOGICAL_CORE_0                         449764                      0.556241%
OP_CAT_XED_CATEGORY_LZCNT_CORE_0                                0                             0%
OP_CAT_XED_CATEGORY_MISC_CORE_0                           1464400                       1.81108%
OP_CAT_XED_CATEGORY_MMX_CORE_0                                  0                             0%
OP_CAT_XED_CATEGORY_NOP_CORE_0                                  0                             0%
OP_CAT_XED_CATEGORY_PCLMULQDQ_CORE_0                            0                             0%
OP_CAT_XED_CATEGORY_POP_CORE_0                             219054                      0.270913%
OP_CAT_XED_CATEGORY_PREFETCH_CORE_0                             0                             0%
OP_CAT_XED_CATEGORY_PUSH_CORE_0                            219054                      0.270913%
OP_CAT_XED_CATEGORY_RDRAND_CORE_0                               0                             0%
OP_CAT_XED_CATEGORY_RDSEED_CORE_0                               0                             0%
OP_CAT_XED_CATEGORY_RDWRFSGS_CORE_0                             0                             0%
OP_CAT_XED_CATEGORY_RET_CORE_0                             533247                      0.659488%
OP_CAT_XED_CATEGORY_ROTATE_CORE_0                               0                             0%
OP_CAT_XED_CATEGORY_SEGOP_CORE_0                                0                             0%
OP_CAT_XED_CATEGORY_SEMAPHORE_CORE_0                        22636                     0.0279949%
OP_CAT_XED_CATEGORY_SHIFT_CORE_0                           173778                      0.214918%
OP_CAT_XED_CATEGORY_SSE_CORE_0                              20496                     0.0253482%
OP_CAT_XED_CATEGORY_STRINGOP_CORE_0                             0                             0%
OP_CAT_XED_CATEGORY_STTNI_CORE_0                                0                             0%
OP_CAT_XED_CATEGORY_SYSCALL_CORE_0                             41                   5.07064e-05%
OP_CAT_XED_CATEGORY_SYSRET_CORE_0                               0                             0%
OP_CAT_XED_CATEGORY_SYSTEM_CORE_0                               0                             0%
OP_CAT_XED_CATEGORY_TBM_CORE_0                                  0                             0%
OP_CAT_XED_CATEGORY_UNCOND_BR_CORE_0                       154149                      0.190642%
OP_CAT_XED_CATEGORY_VFMA_CORE_0                                 0                             0%
OP_CAT_XED_CATEGORY_VTX_CORE_0                                  0                             0%
OP_CAT_XED_CATEGORY_WIDENOP_CORE_0                              0                             0%
OP_CAT_XED_CATEGORY_X87_ALU_CORE_0                              0                             0%
OP_CAT_XED_CATEGORY_XOP_CORE_0                                  0                             0%
OP_CAT_XED_CATEGORY_XSAVE_CORE_0                                0                             0%
OP_CAT_XED_CATEGORY_XSAVEOPT_CORE_0                             0                             0%
OP_CAT_TR_MUL_CORE_0                                      4311462                       5.33216%
OP_CAT_TR_DIV_CORE_0                                            0                             0%
OP_CAT_TR_FMUL_CORE_0                                           0                             0%
OP_CAT_TR_FDIV_CORE_0                                        3085                    0.00381534%
OP_CAT_TR_NOP_CORE_0                                       413499                      0.511391%
OP_CAT_PREFETCH_NTA_CORE_0                                      0                             0%
OP_CAT_PREFETCH_T0_CORE_0                                       0                             0%
OP_CAT_PREFETCH_T1_CORE_0                                       0                             0%
OP_CAT_PREFETCH_T2_CORE_0                                       0                             0%
OP_CAT_GPU_EN_CORE_0                                            0                             0%
OP_CAT_GPU_INVALID_CORE_0                                       0                             0%
OP_CAT_GPU_ABS_CORE_0                                           0                             0%
OP_CAT_GPU_ABS64_CORE_0                                         0                             0%
OP_CAT_GPU_ADD_CORE_0                                           0                             0%
OP_CAT_GPU_ADD64_CORE_0                                         0                             0%
OP_CAT_GPU_ADDC_CORE_0                                          0                             0%
OP_CAT_GPU_AND_CORE_0                                           0                             0%
OP_CAT_GPU_AND64_CORE_0                                         0                             0%
OP_CAT_GPU_ATOM_GM_CORE_0                                       0                             0%
OP_CAT_GPU_ATOM_SM_CORE_0                                       0                             0%
OP_CAT_GPU_ATOM64_GM_CORE_0                                     0                             0%
OP_CAT_GPU_ATOM64_SM_CORE_0                                     0                             0%
OP_CAT_GPU_BAR_ARRIVE_CORE_0                                    0                             0%
OP_CAT_GPU_BAR_SYNC_CORE_0                                      0                             0%
OP_CAT_GPU_BAR_RED_CORE_0                                       0                             0%
OP_CAT_GPU_BFE_CORE_0                                           0                             0%
OP_CAT_GPU_BFE64_CORE_0                                         0                             0%
OP_CAT_GPU_BFI_CORE_0                                           0                             0%
OP_CAT_GPU_BFI64_CORE_0                                         0                             0%
OP_CAT_GPU_BFIND_CORE_0                                         0                             0%
OP_CAT_GPU_BFIND64_CORE_0                                       0                             0%
OP_CAT_GPU_BRA_CORE_0                                           0                             0%
OP_CAT_GPU_BREV_CORE_0                                          0                             0%
OP_CAT_GPU_BREV64_CORE_0                                        0                             0%
OP_CAT_GPU_BRKPT_CORE_0                                         0                             0%
OP_CAT_GPU_CALL_CORE_0                                          0                             0%
OP_CAT_GPU_CLZ_CORE_0                                           0                             0%
OP_CAT_GPU_CLZ64_CORE_0                                         0                             0%
OP_CAT_GPU_CNOT_CORE_0                                          0                             0%
OP_CAT_GPU_CNOT64_CORE_0                                        0                             0%
OP_CAT_GPU_COPYSIGN_CORE_0                                      0                             0%
OP_CAT_GPU_COPYSIGN64_CORE_0                                    0                             0%
OP_CAT_GPU_COS_CORE_0                                           0                             0%
OP_CAT_GPU_CVT_CORE_0                                           0                             0%
OP_CAT_GPU_CVT64_CORE_0                                         0                             0%
OP_CAT_GPU_CVTA_CORE_0                                          0                             0%
OP_CAT_GPU_CVTA64_CORE_0                                        0                             0%
OP_CAT_GPU_DIV_CORE_0                                           0                             0%
OP_CAT_GPU_DIV64_CORE_0                                         0                             0%
OP_CAT_GPU_EX2_CORE_0                                           0                             0%
OP_CAT_GPU_EXIT_CORE_0                                          0                             0%
OP_CAT_GPU_FMA_CORE_0                                           0                             0%
OP_CAT_GPU_FMA64_CORE_0                                         0                             0%
OP_CAT_GPU_ISSPACEP_CORE_0                                      0                             0%
OP_CAT_GPU_LD_CORE_0                                            0                             0%
OP_CAT_GPU_LD64_CORE_0                                          0                             0%
OP_CAT_GPU_LDU_CORE_0                                           0                             0%
OP_CAT_GPU_LDU64_CORE_0                                         0                             0%
OP_CAT_GPU_LG2_CORE_0                                           0                             0%
OP_CAT_GPU_MAD24_CORE_0                                         0                             0%
OP_CAT_GPU_MAD_CORE_0                                           0                             0%
OP_CAT_GPU_MAD64_CORE_0                                         0                             0%
OP_CAT_GPU_MADC_CORE_0                                          0                             0%
OP_CAT_GPU_MADC64_CORE_0                                        0                             0%
OP_CAT_GPU_MAX_CORE_0                                           0                             0%
OP_CAT_GPU_MAX64_CORE_0                                         0                             0%
OP_CAT_GPU_MEMBAR_CTA_CORE_0                                    0                             0%
OP_CAT_GPU_MEMBAR_GL_CORE_0                                     0                             0%
OP_CAT_GPU_MEMBAR_SYS_CORE_0                                    0                             0%
OP_CAT_GPU_MIN_CORE_0                                           0                             0%
OP_CAT_GPU_MIN64_CORE_0                                         0                             0%
OP_CAT_GPU_MOV_CORE_0                                           0                             0%
OP_CAT_GPU_MOV64_CORE_0                                         0                             0%
OP_CAT_GPU_MUL24_CORE_0                                         0                             0%
OP_CAT_GPU_MUL_CORE_0                                           0                             0%
OP_CAT_GPU_MUL64_CORE_0                                         0                             0%
OP_CAT_GPU_NEG_CORE_0                                           0                             0%
OP_CAT_GPU_NEG64_CORE_0                                         0                             0%
OP_CAT_GPU_NOT_CORE_0                                           0                             0%
OP_CAT_GPU_NOT64_CORE_0                                         0                             0%
OP_CAT_GPU_OR_CORE_0                                            0                             0%
OP_CAT_GPU_OR64_CORE_0                                          0                             0%
OP_CAT_GPU_PMEVENT_CORE_0                                       0                             0%
OP_CAT_GPU_POPC_CORE_0                                          0                             0%
OP_CAT_GPU_POPC64_CORE_0                                        0                             0%
OP_CAT_GPU_PREFETCH_CORE_0                                      0                             0%
OP_CAT_GPU_PREFETCHU_CORE_0                                     0                             0%
OP_CAT_GPU_PRMT_CORE_0                                          0                             0%
OP_CAT_GPU_RCP_CORE_0                                           0                             0%
OP_CAT_GPU_RCP64_CORE_0                                         0                             0%
OP_CAT_GPU_RED_GM_CORE_0                                        0                             0%
OP_CAT_GPU_RED_SM_CORE_0                                        0                             0%
OP_CAT_GPU_RED64_GM_CORE_0                                      0                             0%
OP_CAT_GPU_RED64_SM_CORE_0                                      0                             0%
OP_CAT_GPU_REM_CORE_0                                           0                             0%
OP_CAT_GPU_REM64_CORE_0                                         0                             0%
OP_CAT_GPU_RET_CORE_0                                           0                             0%
OP_CAT_GPU_RSQRT_CORE_0                                         0                             0%
OP_CAT_GPU_RSQRT64_CORE_0                                       0                             0%
OP_CAT_GPU_SAD_CORE_0                                           0                             0%
OP_CAT_GPU_SAD64_CORE_0                                         0                             0%
OP_CAT_GPU_SELP_CORE_0                                          0                             0%
OP_CAT_GPU_SELP64_CORE_0                                        0                             0%
OP_CAT_GPU_SET_CORE_0                                           0                             0%
OP_CAT_GPU_SET64_CORE_0                                         0                             0%
OP_CAT_GPU_SETP_CORE_0                                          0                             0%
OP_CAT_GPU_SETP64_CORE_0                                        0                             0%
OP_CAT_GPU_SHFL_CORE_0                                          0                             0%
OP_CAT_GPU_SHFL64_CORE_0                                        0                             0%
OP_CAT_GPU_SHL_CORE_0                                           0                             0%
OP_CAT_GPU_SHL64_CORE_0                                         0                             0%
OP_CAT_GPU_SHR_CORE_0                                           0                             0%
OP_CAT_GPU_SHR64_CORE_0                                         0                             0%
OP_CAT_GPU_SIN_CORE_0                                           0                             0%
OP_CAT_GPU_SLCT_CORE_0                                          0                             0%
OP_CAT_GPU_SLCT64_CORE_0                                        0                             0%
OP_CAT_GPU_SQRT_CORE_0                                          0                             0%
OP_CAT_GPU_SQRT64_CORE_0                                        0                             0%
OP_CAT_GPU_ST_CORE_0                                            0                             0%
OP_CAT_GPU_ST64_CORE_0                                          0                             0%
OP_CAT_GPU_SUB_CORE_0                                           0                             0%
OP_CAT_GPU_SUB64_CORE_0                                         0                             0%
OP_CAT_GPU_SUBC_CORE_0                                          0                             0%
OP_CAT_GPU_SULD_CORE_0                                          0                             0%
OP_CAT_GPU_SULD64_CORE_0                                        0                             0%
OP_CAT_GPU_SURED_CORE_0                                         0                             0%
OP_CAT_GPU_SURED64_CORE_0                                       0                             0%
OP_CAT_GPU_SUST_CORE_0                                          0                             0%
OP_CAT_GPU_SUST64_CORE_0                                        0                             0%
OP_CAT_GPU_SUQ_CORE_0                                           0                             0%
OP_CAT_GPU_TESTP_CORE_0                                         0                             0%
OP_CAT_GPU_TESTP64_CORE_0                                       0                             0%
OP_CAT_GPU_TEX_CORE_0                                           0                             0%
OP_CAT_GPU_TLD4_CORE_0                                          0                             0%
OP_CAT_GPU_TXQ_CORE_0                                           0                             0%
OP_CAT_GPU_TRAP_CORE_0                                          0                             0%
OP_CAT_GPU_VABSDIFF_CORE_0                                      0                             0%
OP_CAT_GPU_VADD_CORE_0                                          0                             0%
OP_CAT_GPU_VMAD_CORE_0                                          0                             0%
OP_CAT_GPU_VMAX_CORE_0                                          0                             0%
OP_CAT_GPU_VMIN_CORE_0                                          0                             0%
OP_CAT_GPU_VSET_CORE_0                                          0                             0%
OP_CAT_GPU_VSHL_CORE_0                                          0                             0%
OP_CAT_GPU_VSHR_CORE_0                                          0                             0%
OP_CAT_GPU_VSUB_CORE_0                                          0                             0%
OP_CAT_GPU_VOTE_CORE_0                                          0                             0%
OP_CAT_GPU_XOR_CORE_0                                           0                             0%
OP_CAT_GPU_XOR64_CORE_0                                         0                             0%
OP_CAT_GPU_RECONVERGE_CORE_0                                    0                             0%
OP_CAT_GPU_PHI_CORE_0                                           0                             0%
OP_CAT_GPU_MEM_LD_GM_CORE_0                                     0                             0%
OP_CAT_GPU_MEM_LD_LM_CORE_0                                     0                             0%
OP_CAT_GPU_MEM_LD_SM_CORE_0                                     0                             0%
OP_CAT_GPU_MEM_LD_CM_CORE_0                                     0                             0%
OP_CAT_GPU_MEM_LD_TM_CORE_0                                     0                             0%
OP_CAT_GPU_MEM_LD_PM_CORE_0                                     0                             0%
OP_CAT_GPU_MEM_LDU_GM_CORE_0                                    0                             0%
OP_CAT_GPU_MEM_ST_GM_CORE_0                                     0                             0%
OP_CAT_GPU_MEM_ST_LM_CORE_0                                     0                             0%
OP_CAT_GPU_MEM_ST_SM_CORE_0                                     0                             0%
OP_CAT_GPU_DATA_XFER_GM_CORE_0                                  0                             0%
OP_CAT_GPU_DATA_XFER_LM_CORE_0                                  0                             0%
OP_CAT_GPU_DATA_XFER_SM_CORE_0                                  0                             0%
                                                         80857721                           100%

FP_OPS_CORE_1                                                  56                            56

OP_CAT_XED_CATEGORY_INVALID_CORE_1                              0                             0%
OP_CAT_XED_CATEGORY_3DNOW_CORE_1                                0                             0%
OP_CAT_XED_CATEGORY_AES_CORE_1                                  0                             0%
OP_CAT_XED_CATEGORY_AVX_CORE_1                                  0                             0%
OP_CAT_XED_CATEGORY_AVX2_CORE_1                                 0                             0%
OP_CAT_XED_CATEGORY_AVX2GATHER_CORE_1                           0                             0%
OP_CAT_XED_CATEGORY_BDW_CORE_1                                  0                             0%
OP_CAT_XED_CATEGORY_BINARY_CORE_1                        23809765                       31.6818%
OP_CAT_XED_CATEGORY_BITBYTE_CORE_1                            369                   0.000490999%
OP_CAT_XED_CATEGORY_BMI1_CORE_1                                 0                             0%
OP_CAT_XED_CATEGORY_BMI2_CORE_1                                 0                             0%
OP_CAT_XED_CATEGORY_BROADCAST_CORE_1                            0                             0%
OP_CAT_XED_CATEGORY_CALL_CORE_1                               781                    0.00103922%
OP_CAT_XED_CATEGORY_CMOV_CORE_1                               202                   0.000268785%
OP_CAT_XED_CATEGORY_COND_BR_CORE_1                        7952092                       10.5812%
OP_CAT_XED_CATEGORY_CONVERT_CORE_1                        7924361                       10.5443%
OP_CAT_XED_CATEGORY_DATAXFER_CORE_1                      27505333                       36.5992%
OP_CAT_XED_CATEGORY_DECIMAL_CORE_1                              0                             0%
OP_CAT_XED_CATEGORY_FCMOV_CORE_1                                0                             0%
OP_CAT_XED_CATEGORY_FLAGOP_CORE_1                               0                             0%
OP_CAT_XED_CATEGORY_FMA4_CORE_1                                 0                             0%
OP_CAT_XED_CATEGORY_INTERRUPT_CORE_1                            0                             0%
OP_CAT_XED_CATEGORY_IO_CORE_1                                   0                             0%
OP_CAT_XED_CATEGORY_IOSTRINGOP_CORE_1                           0                             0%
OP_CAT_XED_CATEGORY_LOGICAL_CORE_1                          18797                     0.0250117%
OP_CAT_XED_CATEGORY_LZCNT_CORE_1                                0                             0%
OP_CAT_XED_CATEGORY_MISC_CORE_1                           7931916                       10.5544%
OP_CAT_XED_CATEGORY_MMX_CORE_1                                  0                             0%
OP_CAT_XED_CATEGORY_NOP_CORE_1                                  0                             0%
OP_CAT_XED_CATEGORY_PCLMULQDQ_CORE_1                            0                             0%
OP_CAT_XED_CATEGORY_POP_CORE_1                               1579                    0.00210105%
OP_CAT_XED_CATEGORY_PREFETCH_CORE_1                             0                             0%
OP_CAT_XED_CATEGORY_PUSH_CORE_1                              1595                    0.00212234%
OP_CAT_XED_CATEGORY_RDRAND_CORE_1                               0                             0%
OP_CAT_XED_CATEGORY_RDSEED_CORE_1                               0                             0%
OP_CAT_XED_CATEGORY_RDWRFSGS_CORE_1                             0                             0%
OP_CAT_XED_CATEGORY_RET_CORE_1                                780                    0.00103788%
OP_CAT_XED_CATEGORY_ROTATE_CORE_1                              12                   1.59675e-05%
OP_CAT_XED_CATEGORY_SEGOP_CORE_1                                0                             0%
OP_CAT_XED_CATEGORY_SEMAPHORE_CORE_1                            3                   3.99186e-06%
OP_CAT_XED_CATEGORY_SHIFT_CORE_1                             2724                    0.00362461%
OP_CAT_XED_CATEGORY_SSE_CORE_1                                 44                   5.85473e-05%
OP_CAT_XED_CATEGORY_STRINGOP_CORE_1                           312                   0.000415154%
OP_CAT_XED_CATEGORY_STTNI_CORE_1                                0                             0%
OP_CAT_XED_CATEGORY_SYSCALL_CORE_1                             27                   3.59268e-05%
OP_CAT_XED_CATEGORY_SYSRET_CORE_1                               0                             0%
OP_CAT_XED_CATEGORY_SYSTEM_CORE_1                              19                   2.52818e-05%
OP_CAT_XED_CATEGORY_TBM_CORE_1                                  0                             0%
OP_CAT_XED_CATEGORY_UNCOND_BR_CORE_1                         1674                    0.00222746%
OP_CAT_XED_CATEGORY_VFMA_CORE_1                                 0                             0%
OP_CAT_XED_CATEGORY_VTX_CORE_1                                  0                             0%
OP_CAT_XED_CATEGORY_WIDENOP_CORE_1                              0                             0%
OP_CAT_XED_CATEGORY_X87_ALU_CORE_1                              0                             0%
OP_CAT_XED_CATEGORY_XOP_CORE_1                                  0                             0%
OP_CAT_XED_CATEGORY_XSAVE_CORE_1                                2                   2.66124e-06%
OP_CAT_XED_CATEGORY_XSAVEOPT_CORE_1                             0                             0%
OP_CAT_TR_MUL_CORE_1                                          232                   0.000308704%
OP_CAT_TR_DIV_CORE_1                                           91                   0.000121087%
OP_CAT_TR_FMUL_CORE_1                                           0                             0%
OP_CAT_TR_FDIV_CORE_1                                           0                             0%
OP_CAT_TR_NOP_CORE_1                                          172                   0.000228867%
OP_CAT_PREFETCH_NTA_CORE_1                                      0                             0%
OP_CAT_PREFETCH_T0_CORE_1                                       0                             0%
OP_CAT_PREFETCH_T1_CORE_1                                       0                             0%
OP_CAT_PREFETCH_T2_CORE_1                                       0                             0%
OP_CAT_GPU_EN_CORE_1                                            0                             0%
OP_CAT_GPU_INVALID_CORE_1                                       0                             0%
OP_CAT_GPU_ABS_CORE_1                                           0                             0%
OP_CAT_GPU_ABS64_CORE_1                                         0                             0%
OP_CAT_GPU_ADD_CORE_1                                           0                             0%
OP_CAT_GPU_ADD64_CORE_1                                         0                             0%
OP_CAT_GPU_ADDC_CORE_1                                          0                             0%
OP_CAT_GPU_AND_CORE_1                                           0                             0%
OP_CAT_GPU_AND64_CORE_1                                         0                             0%
OP_CAT_GPU_ATOM_GM_CORE_1                                       0                             0%
OP_CAT_GPU_ATOM_SM_CORE_1                                       0                             0%
OP_CAT_GPU_ATOM64_GM_CORE_1                                     0                             0%
OP_CAT_GPU_ATOM64_SM_CORE_1                                     0                             0%
OP_CAT_GPU_BAR_ARRIVE_CORE_1                                    0                             0%
OP_CAT_GPU_BAR_SYNC_CORE_1                                      0                             0%
OP_CAT_GPU_BAR_RED_CORE_1                                       0                             0%
OP_CAT_GPU_BFE_CORE_1                                           0                             0%
OP_CAT_GPU_BFE64_CORE_1                                         0                             0%
OP_CAT_GPU_BFI_CORE_1                                           0                             0%
OP_CAT_GPU_BFI64_CORE_1                                         0                             0%
OP_CAT_GPU_BFIND_CORE_1                                         0                             0%
OP_CAT_GPU_BFIND64_CORE_1                                       0                             0%
OP_CAT_GPU_BRA_CORE_1                                           0                             0%
OP_CAT_GPU_BREV_CORE_1                                          0                             0%
OP_CAT_GPU_BREV64_CORE_1                                        0                             0%
OP_CAT_GPU_BRKPT_CORE_1                                         0                             0%
OP_CAT_GPU_CALL_CORE_1                                          0                             0%
OP_CAT_GPU_CLZ_CORE_1                                           0                             0%
OP_CAT_GPU_CLZ64_CORE_1                                         0                             0%
OP_CAT_GPU_CNOT_CORE_1                                          0                             0%
OP_CAT_GPU_CNOT64_CORE_1                                        0                             0%
OP_CAT_GPU_COPYSIGN_CORE_1                                      0                             0%
OP_CAT_GPU_COPYSIGN64_CORE_1                                    0                             0%
OP_CAT_GPU_COS_CORE_1                                           0                             0%
OP_CAT_GPU_CVT_CORE_1                                           0                             0%
OP_CAT_GPU_CVT64_CORE_1                                         0                             0%
OP_CAT_GPU_CVTA_CORE_1                                          0                             0%
OP_CAT_GPU_CVTA64_CORE_1                                        0                             0%
OP_CAT_GPU_DIV_CORE_1                                           0                             0%
OP_CAT_GPU_DIV64_CORE_1                                         0                             0%
OP_CAT_GPU_EX2_CORE_1                                           0                             0%
OP_CAT_GPU_EXIT_CORE_1                                          0                             0%
OP_CAT_GPU_FMA_CORE_1                                           0                             0%
OP_CAT_GPU_FMA64_CORE_1                                         0                             0%
OP_CAT_GPU_ISSPACEP_CORE_1                                      0                             0%
OP_CAT_GPU_LD_CORE_1                                            0                             0%
OP_CAT_GPU_LD64_CORE_1                                          0                             0%
OP_CAT_GPU_LDU_CORE_1                                           0                             0%
OP_CAT_GPU_LDU64_CORE_1                                         0                             0%
OP_CAT_GPU_LG2_CORE_1                                           0                             0%
OP_CAT_GPU_MAD24_CORE_1                                         0                             0%
OP_CAT_GPU_MAD_CORE_1                                           0                             0%
OP_CAT_GPU_MAD64_CORE_1                                         0                             0%
OP_CAT_GPU_MADC_CORE_1                                          0                             0%
OP_CAT_GPU_MADC64_CORE_1                                        0                             0%
OP_CAT_GPU_MAX_CORE_1                                           0                             0%
OP_CAT_GPU_MAX64_CORE_1                                         0                             0%
OP_CAT_GPU_MEMBAR_CTA_CORE_1                                    0                             0%
OP_CAT_GPU_MEMBAR_GL_CORE_1                                     0                             0%
OP_CAT_GPU_MEMBAR_SYS_CORE_1                                    0                             0%
OP_CAT_GPU_MIN_CORE_1                                           0                             0%
OP_CAT_GPU_MIN64_CORE_1                                         0                             0%
OP_CAT_GPU_MOV_CORE_1                                           0                             0%
OP_CAT_GPU_MOV64_CORE_1                                         0                             0%
OP_CAT_GPU_MUL24_CORE_1                                         0                             0%
OP_CAT_GPU_MUL_CORE_1                                           0                             0%
OP_CAT_GPU_MUL64_CORE_1                                         0                             0%
OP_CAT_GPU_NEG_CORE_1                                           0                             0%
OP_CAT_GPU_NEG64_CORE_1                                         0                             0%
OP_CAT_GPU_NOT_CORE_1                                           0                             0%
OP_CAT_GPU_NOT64_CORE_1                                         0                             0%
OP_CAT_GPU_OR_CORE_1                                            0                             0%
OP_CAT_GPU_OR64_CORE_1                                          0                             0%
OP_CAT_GPU_PMEVENT_CORE_1                                       0                             0%
OP_CAT_GPU_POPC_CORE_1                                          0                             0%
OP_CAT_GPU_POPC64_CORE_1                                        0                             0%
OP_CAT_GPU_PREFETCH_CORE_1                                      0                             0%
OP_CAT_GPU_PREFETCHU_CORE_1                                     0                             0%
OP_CAT_GPU_PRMT_CORE_1                                          0                             0%
OP_CAT_GPU_RCP_CORE_1                                           0                             0%
OP_CAT_GPU_RCP64_CORE_1                                         0                             0%
OP_CAT_GPU_RED_GM_CORE_1                                        0                             0%
OP_CAT_GPU_RED_SM_CORE_1                                        0                             0%
OP_CAT_GPU_RED64_GM_CORE_1                                      0                             0%
OP_CAT_GPU_RED64_SM_CORE_1                                      0                             0%
OP_CAT_GPU_REM_CORE_1                                           0                             0%
OP_CAT_GPU_REM64_CORE_1                                         0                             0%
OP_CAT_GPU_RET_CORE_1                                           0                             0%
OP_CAT_GPU_RSQRT_CORE_1                                         0                             0%
OP_CAT_GPU_RSQRT64_CORE_1                                       0                             0%
OP_CAT_GPU_SAD_CORE_1                                           0                             0%
OP_CAT_GPU_SAD64_CORE_1                                         0                             0%
OP_CAT_GPU_SELP_CORE_1                                          0                             0%
OP_CAT_GPU_SELP64_CORE_1                                        0                             0%
OP_CAT_GPU_SET_CORE_1                                           0                             0%
OP_CAT_GPU_SET64_CORE_1                                         0                             0%
OP_CAT_GPU_SETP_CORE_1                                          0                             0%
OP_CAT_GPU_SETP64_CORE_1                                        0                             0%
OP_CAT_GPU_SHFL_CORE_1                                          0                             0%
OP_CAT_GPU_SHFL64_CORE_1                                        0                             0%
OP_CAT_GPU_SHL_CORE_1                                           0                             0%
OP_CAT_GPU_SHL64_CORE_1                                         0                             0%
OP_CAT_GPU_SHR_CORE_1                                           0                             0%
OP_CAT_GPU_SHR64_CORE_1                                         0                             0%
OP_CAT_GPU_SIN_CORE_1                                           0                             0%
OP_CAT_GPU_SLCT_CORE_1                                          0                             0%
OP_CAT_GPU_SLCT64_CORE_1                                        0                             0%
OP_CAT_GPU_SQRT_CORE_1                                          0                             0%
OP_CAT_GPU_SQRT64_CORE_1                                        0                             0%
OP_CAT_GPU_ST_CORE_1                                            0                             0%
OP_CAT_GPU_ST64_CORE_1                                          0                             0%
OP_CAT_GPU_SUB_CORE_1                                           0                             0%
OP_CAT_GPU_SUB64_CORE_1                                         0                             0%
OP_CAT_GPU_SUBC_CORE_1                                          0                             0%
OP_CAT_GPU_SULD_CORE_1                                          0                             0%
OP_CAT_GPU_SULD64_CORE_1                                        0                             0%
OP_CAT_GPU_SURED_CORE_1                                         0                             0%
OP_CAT_GPU_SURED64_CORE_1                                       0                             0%
OP_CAT_GPU_SUST_CORE_1                                          0                             0%
OP_CAT_GPU_SUST64_CORE_1                                        0                             0%
OP_CAT_GPU_SUQ_CORE_1                                           0                             0%
OP_CAT_GPU_TESTP_CORE_1                                         0                             0%
OP_CAT_GPU_TESTP64_CORE_1                                       0                             0%
OP_CAT_GPU_TEX_CORE_1                                           0                             0%
OP_CAT_GPU_TLD4_CORE_1                                          0                             0%
OP_CAT_GPU_TXQ_CORE_1                                           0                             0%
OP_CAT_GPU_TRAP_CORE_1                                          0                             0%
OP_CAT_GPU_VABSDIFF_CORE_1                                      0                             0%
OP_CAT_GPU_VADD_CORE_1                                          0                             0%
OP_CAT_GPU_VMAD_CORE_1                                          0                             0%
OP_CAT_GPU_VMAX_CORE_1                                          0                             0%
OP_CAT_GPU_VMIN_CORE_1                                          0                             0%
OP_CAT_GPU_VSET_CORE_1                                          0                             0%
OP_CAT_GPU_VSHL_CORE_1                                          0                             0%
OP_CAT_GPU_VSHR_CORE_1                                          0                             0%
OP_CAT_GPU_VSUB_CORE_1                                          0                             0%
OP_CAT_GPU_VOTE_CORE_1                                          0                             0%
OP_CAT_GPU_XOR_CORE_1                                           0                             0%
OP_CAT_GPU_XOR64_CORE_1                                         0                             0%
OP_CAT_GPU_RECONVERGE_CORE_1                                    0                             0%
OP_CAT_GPU_PHI_CORE_1                                           0                             0%
OP_CAT_GPU_MEM_LD_GM_CORE_1                                     0                             0%
OP_CAT_GPU_MEM_LD_LM_CORE_1                                     0                             0%
OP_CAT_GPU_MEM_LD_SM_CORE_1                                     0                             0%
OP_CAT_GPU_MEM_LD_CM_CORE_1                                     0                             0%
OP_CAT_GPU_MEM_LD_TM_CORE_1                                     0                             0%
OP_CAT_GPU_MEM_LD_PM_CORE_1                                     0                             0%
OP_CAT_GPU_MEM_LDU_GM_CORE_1                                    0                             0%
OP_CAT_GPU_MEM_ST_GM_CORE_1                                     0                             0%
OP_CAT_GPU_MEM_ST_LM_CORE_1                                     0                             0%
OP_CAT_GPU_MEM_ST_SM_CORE_1                                     0                             0%
OP_CAT_GPU_DATA_XFER_GM_CORE_1                                  0                             0%
OP_CAT_GPU_DATA_XFER_LM_CORE_1                                  0                             0%
OP_CAT_GPU_DATA_XFER_SM_CORE_1                                  0                             0%
                                                         75152882                           100%

