####################################################################################################
Interval
####################################################################################################
Cumulative:         Cycles:                  20000     Instructions:                  1200
AVG_MEMORY_LATENCY_BASE                                   9044851                       9044851

AVG_MEMORY_LATENCY                                      534109461                       59.0512

MSHR_FULL                                                       0                             0

TOTAL_MEMORY                                              8740915                       8740915

TOTAL_MEMORY_MERGE                                        7519848                      0.860304

TOTAL_WB                                                   303952                     0.0347735

L1_WB                                                      303089                      0.997161

L2_WB                                                           0                             0

L3_WB                                                         863                    0.00283926

TOTAL_DRAM                                                 453923                        453923

TOTAL_DRAM_MERGE                                                0                             0

L1_HIT_CPU                                               74445743                      74445743

L1_HIT_GPU                                                      0                             0

L1_MISS_CPU                                               8740251                       8740251

L1_MISS_GPU                                                     0                             0

L2_HIT_CPU                                                      0                             0

L2_HIT_GPU                                                      0                             0

L2_MISS_CPU                                               1221067                       1221067

L2_MISS_GPU                                                     0                             0

L3_HIT_CPU                                                 768005                        768005

L3_HIT_GPU                                                      0                             0

L3_MISS_CPU                                                453060                        453060

L3_MISS_GPU                                                     0                             0

L3_HIT_PROMOTION_CPU                                            0                             0

L3_HIT_PROMOTION_GPU                                            0                             0

FETCH_THREAD_SKIP_LD_WAIT                                       0                             0

FETCH_THREAD_SKIP_BR_WAIT                                       0                             0

FETCH_THREAD_SKIP_SCHED_WAIT                                    0                             0

NUM_MUL_TRANS_CM_TM_DM_INST                                     0                             0

NUM_MUL_TRANS_CM_TM_DM                                          0                           NaN

CONST_CACHE_HIT                                                 0                             0

CONST_CACHE_MISS                                                0                             0

CONST_CACHE_MISS_NO_EXECUTE                                     0                             0

CONST_CACHE_ACCESS                                              0                             0

TEXTURE_CACHE_HIT                                               0                             0

TEXTURE_CACHE_MISS                                              0                             0

TEXTURE_CACHE_NO_EXECUTE                                        0                             0

TEXTURE_CACHE_ACCESS                                            0                             0

SHARED_MEM_INST                                                 0                             0

SHARED_MEM_ACCESS                                               0                             0

CACHE_BANK_BUSY                                           8207680                       8207680

ICACHE_MISS_TOTAL                                             664                           664

TOTAL_CAGE_PERIOD                                               0                             0

TOTAL_CAGE_APPL0                                                0                           NaN

TOTAL_CAGE_APPL1                                                0                           NaN

TOTAL_CAGE_APPL2                                                0                           NaN

TOTAL_CAGE_APPL3                                                0                           NaN

TOTAL_CAGE_APPL4                                                0                           NaN

ABIP_AVG_RATIO_BASE                                             0                             0

ABIP_AVG_RATIO                                                  0                           NaN

TOTAL_WRITE_ACKS                                                0                             0

TOTAL_WRITES                                                    0                             0

NUM_PHYSICAL_PAGES                                              0                             0

COAL_INST                                                       0                          NaN 
UNCOAL_INST                                                     0                          NaN 
                                                                0                           100%

COAL_INST_SINGLE_TRANS                                          0                          NaN 
COAL_INST_MUL_TRANS                                             0                          NaN 
UNCOAL_INST_MUL_TRANS                                           0                          NaN 
                                                                0                           100%

SM_COAL_INST                                                    0                          NaN 
CM_COAL_INST                                                    0                          NaN 
TM_COAL_INST                                                    0                          NaN 
DM_COAL_INST                                                    0                          NaN 
                                                                0                           100%

SM_UNCOAL_INST                                                  0                          NaN 
CM_UNCOAL_INST                                                  0                          NaN 
TM_UNCOAL_INST                                                  0                          NaN 
DM_UNCOAL_INST                                                  0                          NaN 
                                                                0                           100%

SM_COAL_INST_SINGLE_TRANS                                       0                          NaN 
CM_COAL_INST_SINGLE_TRANS                                       0                          NaN 
TM_COAL_INST_SINGLE_TRANS                                       0                          NaN 
DM_COAL_INST_SINGLE_TRANS                                       0                          NaN 
                                                                0                           100%

SM_COAL_INST_MUL_TRANS                                          0                          NaN 
CM_COAL_INST_MUL_TRANS                                          0                          NaN 
TM_COAL_INST_MUL_TRANS                                          0                          NaN 
DM_COAL_INST_MUL_TRANS                                          0                          NaN 
                                                                0                           100%

LD_NO_FORWARD                                            33966121                       53.1778%
FORWARDED_LD                                             29906670                       46.8222%
                                                         63872791                           100%

L3_TOT_ACCESS_CORE_CORE_0                                  713655                        713655

L3_HIT_CORE_CORE_0                                         674050                        674050

L3_MISS_CORE_CORE_0                                         39605                         39605

L3_HIT_RATE_CORE_CORE_0                                    674050                      0.944504

L3_MISS_RATE_CORE_CORE_0                                    39605                      0.055496

L3_BYPASS_CORE_CORE_0                                         366                           366

MEM_STALL_CYCLE_CORE_0                                          0                             0

ICACHE_FILL_CORE_0                                            100                           100

NUM_WRITE_ACKS_CORE_0                                           0                             0

NUM_WRITES_CORE_0                                               0                             0

ICACHE_HIT_CORE_0                                        25998958                       99.9996%
ICACHE_MISS_CORE_0                                            100                   0.000384629%
                                                         25999058                           100%

L3_TOT_ACCESS_CORE_CORE_1                                  507410                        507410

L3_HIT_CORE_CORE_1                                          93955                         93955

L3_MISS_CORE_CORE_1                                        413455                        413455

L3_HIT_RATE_CORE_CORE_1                                     93955                      0.185166

L3_MISS_RATE_CORE_CORE_1                                   413455                      0.814834

L3_BYPASS_CORE_CORE_1                                      353090                        353090

MEM_STALL_CYCLE_CORE_1                                          0                             0

ICACHE_FILL_CORE_1                                            564                           564

NUM_WRITE_ACKS_CORE_1                                           0                             0

NUM_WRITES_CORE_1                                               0                             0

ICACHE_HIT_CORE_1                                        26723950                       99.9979%
ICACHE_MISS_CORE_1                                            564                    0.00211042%
                                                         26724514                           100%

