####################################################################################################
Interval
####################################################################################################
Cumulative:         Cycles:                  20000     Instructions:                  1200
TOTAL_PACKET_CPU                                          3349115                       3349115

TOTAL_PACKET_GPU                                                0                             0

NOC_AVG_LATENCY_BASE                                      3349115                       3349115

NOC_AVG_LATENCY_BASE_CPU                                  3349115                       3349115

NOC_AVG_LATENCY_BASE_GPU                                        0                             0

NOC_AVG_LATENCY                                          36531871                       10.9079

NOC_AVG_LATENCY_CPU                                      36531871                       10.9079

NOC_AVG_LATENCY_GPU                                             0                           NaN

NOC_AVG_ACTIVE_PACKET_BASE                                3349115                       3349115

NOC_AVG_ACTIVE_PACKET_BASE_CPU                            3349115                       3349115

NOC_AVG_ACTIVE_PACKET_BASE_GPU                                  0                             0

NOC_AVG_ACTIVE_PACKET                                     5161064                       1.54102

NOC_AVG_ACTIVE_PACKET_CPU                                 5161064                       1.54102

NOC_AVG_ACTIVE_PACKET_GPU                                       0                           NaN

NOC_IDLE_CHANNEL                                                0                             0

NOC_IDLE_CHANNEL_CPU                                            0                             0

NOC_IDLE_CHANNEL_GPU                                            0                             0

NOC_IDLE_CHANNEL_L3                                             0                             0

NOC_IDLE_CHANNEL_MC                                             0                             0

NOC_AVG_WAIT_IN_ROUTER_BASE                               8125541                       8125541

NOC_AVG_WAIT_IN_ROUTER_BASE_CPU                           3155788                       3155788

NOC_AVG_WAIT_IN_ROUTER_BASE_GPU                                 0                             0

NOC_AVG_WAIT_IN_ROUTER_BASE_L3                            3349115                       3349115

NOC_AVG_WAIT_IN_ROUTER_BASE_MC                            1620638                       1620638

NOC_AVG_WAIT_IN_ROUTER                                   67129257                       8.26151

NOC_AVG_WAIT_IN_ROUTER_CPU                               25431107                       8.05856

NOC_AVG_WAIT_IN_ROUTER_GPU                                      0                           NaN

NOC_AVG_WAIT_IN_ROUTER_L3                                26977361                       8.05507

NOC_AVG_WAIT_IN_ROUTER_MC                                14720789                       9.08333

NOC_LINK_ACTIVE                                          14330998                      14330998

