Arguments: ./macsim --l3_repl==PDP 
src/macsim.cc:133: (I=0  C=0):  initialize knobs
number of cores : 2
src/macsim.cc:531: (I=0  C=0):  initialize simulation
src/macsim.cc:327: (I=0  C=0):  initialize cores (2/0/0)
src/memory.cc:1695: (I=0  C=0):  Memory system(l2_decoupled_network) has been initialized.
l3_policy: PDP,PDP
0
1
ip_table done
way0=4
way1=28
src/network_ring.cc:107: (I=0  C=0):  TOTAL_ROUTER:4 CPU:2 GPU:0 L3:1 MC:1
src/network_ring.cc:312: (I=0  C=0):  RING topology
0 <-> 1 <-> 2 <-> 3 <-> 
enabling bug detector
src/macsim.cc:748: (I=0  C=0):  Initializing new noc

src/macsim.cc:839: (I=0  C=0):  Clock LCM           : 920
src/macsim.cc:840: (I=0  C=0):  CPU clock frequency : 2.3 GHz
src/macsim.cc:841: (I=0  C=0):  GPU clock frequency : 2.3 GHz
src/macsim.cc:842: (I=0  C=0):  L3  clock frequency : 1 GHz
src/macsim.cc:843: (I=0  C=0):  NOC clock frequency : 1 GHz
src/macsim.cc:844: (I=0  C=0):  MC  clock frequency : 0.8 GHz
src/process_manager.cc:455: (I=0  C=0):  setup_process:0 ../../../../jinku/macsim_traces/astar/trace.txt current_index:0 (1)
src/process_manager.cc:548: (I=0  C=0):  thread_count:1
src/process_manager.cc:455: (I=0  C=0):  setup_process:1 ../../../../jinku/macsim_traces/160810/16MB/trace.txt current_index:0 (1)
src/process_manager.cc:548: (I=0  C=0):  thread_count:1
1000000
2000000
3000000
4000000
** Heartbeat for core[00]:        insts:10000000    cycles:9288726    (371549000) seconds:91    -- 1.08 IPC (1.08 IPC) -- 0.00 KIPS (109.89 KIPS)
** Heartbeat for core[00]:  Thread:0      insts:10000000    cycles:9288726    (371549000) seconds:91    -- 1.08 IPC (1.08 IPC) -- 0.00 KIPS (109.89 KIPS)
5000000
6000000
** Heartbeat for core[01]:        insts:10000000    cycles:13866833   (554673280) seconds:137   -- 0.72 IPC (0.72 IPC) -- 0.00 KIPS (72.99 KIPS)
** Heartbeat for core[01]:  Thread:0      insts:10000000    cycles:13866833   (554673280) seconds:137   -- 0.72 IPC (0.72 IPC) -- 0.00 KIPS (72.99 KIPS)
7000000
8000000
** Heartbeat for core[00]:        insts:20000000    cycles:18421952   (736878040) seconds:184   -- 1.09 IPC (1.09 IPC) -- 107.53 KIPS (108.70 KIPS)
** Heartbeat for core[00]:  Thread:0      insts:20000000    cycles:18421952   (736878040) seconds:184   -- 1.09 IPC (1.09 IPC) -- 107.53 KIPS (108.70 KIPS)
9000000
10000000
11000000
** Heartbeat for core[01]:        insts:20000000    cycles:27156797   (1086271840) seconds:277   -- 0.75 IPC (0.74 IPC) -- 71.43 KIPS (72.20 KIPS)
** Heartbeat for core[01]:  Thread:0      insts:20000000    cycles:27156797   (1086271840) seconds:277   -- 0.75 IPC (0.74 IPC) -- 71.43 KIPS (72.20 KIPS)
** Heartbeat for core[00]:        insts:30000000    cycles:27410458   (1096418280) seconds:280   -- 1.11 IPC (1.09 IPC) -- 104.17 KIPS (107.14 KIPS)
** Heartbeat for core[00]:  Thread:0      insts:30000000    cycles:27410458   (1096418280) seconds:280   -- 1.11 IPC (1.09 IPC) -- 104.17 KIPS (107.14 KIPS)
12000000
13000000
14000000
15000000
** Heartbeat for core[00]:        insts:40000000    cycles:36382935   (1455317360) seconds:379   -- 1.11 IPC (1.10 IPC) -- 101.01 KIPS (105.54 KIPS)
** Heartbeat for core[00]:  Thread:0      insts:40000000    cycles:36382935   (1455317360) seconds:379   -- 1.11 IPC (1.10 IPC) -- 101.01 KIPS (105.54 KIPS)
16000000
17000000
** Heartbeat for core[01]:        insts:30000000    cycles:40437520   (1617500760) seconds:427   -- 0.75 IPC (0.74 IPC) -- 66.67 KIPS (70.26 KIPS)
** Heartbeat for core[01]:  Thread:0      insts:30000000    cycles:40437520   (1617500760) seconds:427   -- 0.75 IPC (0.74 IPC) -- 66.67 KIPS (70.26 KIPS)
18000000
19000000
** Heartbeat for core[00]:        insts:50000000    cycles:45432976   (1817319000) seconds:485   -- 1.10 IPC (1.10 IPC) -- 94.34 KIPS (103.09 KIPS)
** Heartbeat for core[00]:  Thread:0      insts:50000000    cycles:45432976   (1817319000) seconds:485   -- 1.10 IPC (1.10 IPC) -- 94.34 KIPS (103.09 KIPS)
20000000
21000000
22000000
** Heartbeat for core[01]:        insts:40000000    cycles:51453061   (2058122400) seconds:558   -- 0.91 IPC (0.78 IPC) -- 76.34 KIPS (71.68 KIPS)
** Heartbeat for core[01]:  Thread:0      insts:40000000    cycles:51453061   (2058122400) seconds:558   -- 0.91 IPC (0.78 IPC) -- 76.34 KIPS (71.68 KIPS)
23000000
24000000
** Heartbeat for core[00]:        insts:60000000    cycles:55464814   (2218592520) seconds:602   -- 1.00 IPC (1.08 IPC) -- 85.47 KIPS (99.67 KIPS)
** Heartbeat for core[00]:  Thread:0      insts:60000000    cycles:55464814   (2218592520) seconds:602   -- 1.00 IPC (1.08 IPC) -- 85.47 KIPS (99.67 KIPS)
25000000
26000000
27000000
28000000
29000000
** Heartbeat for core[01]:        insts:50000000    cycles:67363348   (2694533880) seconds:719   -- 0.63 IPC (0.74 IPC) -- 62.11 KIPS (69.54 KIPS)
** Heartbeat for core[01]:  Thread:0      insts:50000000    cycles:67363348   (2694533880) seconds:719   -- 0.63 IPC (0.74 IPC) -- 62.11 KIPS (69.54 KIPS)
30000000
30000000: 30m cycle
[]12857
0:80:0.0487882
way:4
[]110170
1:1022:0.00438622
way:28
31000000
32000000
33000000
34000000
** Heartbeat for core[00]:        insts:70000000    cycles:80083165   (3203326560) seconds:850   -- 0.41 IPC (0.87 IPC) -- 40.32 KIPS (82.35 KIPS)
** Heartbeat for core[00]:  Thread:0      insts:70000000    cycles:80083165   (3203326560) seconds:850   -- 0.41 IPC (0.87 IPC) -- 40.32 KIPS (82.35 KIPS)
35000000
36000000
** Heartbeat for core[01]:        insts:60000000    cycles:84834686   (3393387400) seconds:899   -- 0.57 IPC (0.71 IPC) -- 55.56 KIPS (66.74 KIPS)
** Heartbeat for core[01]:  Thread:0      insts:60000000    cycles:84834686   (3393387400) seconds:899   -- 0.57 IPC (0.71 IPC) -- 55.56 KIPS (66.74 KIPS)
37000000
38000000
39000000
40000000
41000000
42000000
43000000
44000000
** Heartbeat for core[01]:        insts:70000000    cycles:102296392  (4091855640) seconds:1086  -- 0.57 IPC (0.68 IPC) -- 53.48 KIPS (64.46 KIPS)
** Heartbeat for core[01]:  Thread:0      insts:70000000    cycles:102296392  (4091855640) seconds:1086  -- 0.57 IPC (0.68 IPC) -- 53.48 KIPS (64.46 KIPS)
45000000
** Heartbeat for core[00]:        insts:80000000    cycles:105259529  (4210381120) seconds:1120  -- 0.40 IPC (0.76 IPC) -- 37.04 KIPS (71.43 KIPS)
** Heartbeat for core[00]:  Thread:0      insts:80000000    cycles:105259529  (4210381120) seconds:1120  -- 0.40 IPC (0.76 IPC) -- 37.04 KIPS (71.43 KIPS)
46000000
**Core 00 Core_Total  Finished:   insts:80857609    cycles:107374184  (4294967320) seconds:1144  -- 0.75 IPC (0.75 IPC) --  N/A  KHz (70.68 KHz)
**Core 00 Thread 00 Finished:   insts:80857609    cycles:107374184  (4294967320)  seconds:1144  -- 0.75 IPC (0.75 IPC) --  N/A  KHz (70.68 KHz) 
**Core 01 Core_Total  Finished:   insts:75152582    cycles:107374184  (4294967320) seconds:1144  -- 0.70 IPC (0.70 IPC) --  N/A  KHz (65.69 KHz)
**Core 01 Thread 00 Finished:   insts:75152582    cycles:107374184  (4294967320)  seconds:1144  -- 0.70 IPC (0.70 IPC) --  N/A  KHz (65.69 KHz) 
src/macsim.cc:617: (I=80857609  C=4294967361):  finalize simulation
src/macsim.cc:623: (I=80857609  C=4294967361):  elapsed time:1144.7 seconds
Done
