####################################################################################################
Interval
####################################################################################################
Cumulative:         Cycles:                  20000     Instructions:                  1200
AVG_MEMORY_LATENCY_BASE                                   9072625                       9072625

AVG_MEMORY_LATENCY                                      533635548                       58.8182

MSHR_FULL                                                       0                             0

TOTAL_MEMORY                                              8769036                       8769036

TOTAL_MEMORY_MERGE                                        7546447                      0.860579

TOTAL_WB                                                   303603                     0.0346222

L1_WB                                                      302586                       0.99665

L2_WB                                                           0                             0

L3_WB                                                        1017                    0.00334977

TOTAL_DRAM                                                 452633                        452633

TOTAL_DRAM_MERGE                                                0                             0

L1_HIT_CPU                                               74498221                      74498221

L1_HIT_GPU                                                      0                             0

L1_MISS_CPU                                               8768372                       8768372

L1_MISS_GPU                                                     0                             0

L2_HIT_CPU                                                      0                             0

L2_HIT_GPU                                                      0                             0

L2_MISS_CPU                                               1222589                       1222589

L2_MISS_GPU                                                     0                             0

L3_HIT_CPU                                                 770972                        770972

L3_HIT_GPU                                                      0                             0

L3_MISS_CPU                                                451616                        451616

L3_MISS_GPU                                                     0                             0

L3_HIT_PROMOTION_CPU                                            0                             0

L3_HIT_PROMOTION_GPU                                            0                             0

FETCH_THREAD_SKIP_LD_WAIT                                       0                             0

FETCH_THREAD_SKIP_BR_WAIT                                       0                             0

FETCH_THREAD_SKIP_SCHED_WAIT                                    0                             0

NUM_MUL_TRANS_CM_TM_DM_INST                                     0                             0

NUM_MUL_TRANS_CM_TM_DM                                          0                           NaN

CONST_CACHE_HIT                                                 0                             0

CONST_CACHE_MISS                                                0                             0

CONST_CACHE_MISS_NO_EXECUTE                                     0                             0

CONST_CACHE_ACCESS                                              0                             0

TEXTURE_CACHE_HIT                                               0                             0

TEXTURE_CACHE_MISS                                              0                             0

TEXTURE_CACHE_NO_EXECUTE                                        0                             0

TEXTURE_CACHE_ACCESS                                            0                             0

SHARED_MEM_INST                                                 0                             0

SHARED_MEM_ACCESS                                               0                             0

CACHE_BANK_BUSY                                           8242955                       8242955

ICACHE_MISS_TOTAL                                             664                           664

TOTAL_CAGE_PERIOD                                               0                             0

TOTAL_CAGE_APPL0                                                0                           NaN

TOTAL_CAGE_APPL1                                                0                           NaN

TOTAL_CAGE_APPL2                                                0                           NaN

TOTAL_CAGE_APPL3                                                0                           NaN

TOTAL_CAGE_APPL4                                                0                           NaN

ABIP_AVG_RATIO_BASE                                             0                             0

ABIP_AVG_RATIO                                                  0                           NaN

TOTAL_WRITE_ACKS                                                0                             0

TOTAL_WRITES                                                    0                             0

NUM_PHYSICAL_PAGES                                              0                             0

COAL_INST                                                       0                          NaN 
UNCOAL_INST                                                     0                          NaN 
                                                                0                           100%

COAL_INST_SINGLE_TRANS                                          0                          NaN 
COAL_INST_MUL_TRANS                                             0                          NaN 
UNCOAL_INST_MUL_TRANS                                           0                          NaN 
                                                                0                           100%

SM_COAL_INST                                                    0                          NaN 
CM_COAL_INST                                                    0                          NaN 
TM_COAL_INST                                                    0                          NaN 
DM_COAL_INST                                                    0                          NaN 
                                                                0                           100%

SM_UNCOAL_INST                                                  0                          NaN 
CM_UNCOAL_INST                                                  0                          NaN 
TM_UNCOAL_INST                                                  0                          NaN 
DM_UNCOAL_INST                                                  0                          NaN 
                                                                0                           100%

SM_COAL_INST_SINGLE_TRANS                                       0                          NaN 
CM_COAL_INST_SINGLE_TRANS                                       0                          NaN 
TM_COAL_INST_SINGLE_TRANS                                       0                          NaN 
DM_COAL_INST_SINGLE_TRANS                                       0                          NaN 
                                                                0                           100%

SM_COAL_INST_MUL_TRANS                                          0                          NaN 
CM_COAL_INST_MUL_TRANS                                          0                          NaN 
TM_COAL_INST_MUL_TRANS                                          0                          NaN 
DM_COAL_INST_MUL_TRANS                                          0                          NaN 
                                                                0                           100%

LD_NO_FORWARD                                            33947963                       53.1077%
FORWARDED_LD                                             29974878                       46.8923%
                                                         63922841                           100%

L3_TOT_ACCESS_CORE_CORE_0                                  713359                        713359

L3_HIT_CORE_CORE_0                                         673114                        673114

L3_MISS_CORE_CORE_0                                         40245                         40245

L3_HIT_RATE_CORE_CORE_0                                    673114                      0.943584

L3_MISS_RATE_CORE_CORE_0                                    40245                     0.0564162

L3_BYPASS_CORE_CORE_0                                        1238                          1238

MEM_STALL_CYCLE_CORE_0                                          0                             0

ICACHE_FILL_CORE_0                                            100                           100

NUM_WRITE_ACKS_CORE_0                                           0                             0

NUM_WRITES_CORE_0                                               0                             0

ICACHE_HIT_CORE_0                                        25931563                       99.9996%
ICACHE_MISS_CORE_0                                            100                   0.000385629%
                                                         25931663                           100%

L3_TOT_ACCESS_CORE_CORE_1                                  509229                        509229

L3_HIT_CORE_CORE_1                                          97858                         97858

L3_MISS_CORE_CORE_1                                        411371                        411371

L3_HIT_RATE_CORE_CORE_1                                     97858                      0.192169

L3_MISS_RATE_CORE_CORE_1                                   411371                      0.807831

L3_BYPASS_CORE_CORE_1                                      349022                        349022

MEM_STALL_CYCLE_CORE_1                                          0                             0

ICACHE_FILL_CORE_1                                            564                           564

NUM_WRITE_ACKS_CORE_1                                           0                             0

NUM_WRITES_CORE_1                                               0                             0

ICACHE_HIT_CORE_1                                        26817835                       99.9979%
ICACHE_MISS_CORE_1                                            564                    0.00210303%
                                                         26818399                           100%

