BP_MISPRED_STALL_CORE_0                                  52495387                      52495387

BP_RESOLVED_CORE_0                                         371931                        371931

BP_REDIRECT_RESOLVED_CORE_0                                     0                             0

PERFECT_TARGET_PRED_CORE_0                                      0                             0

BP_ON_PATH_CORRECT_CORE_0                                10955547                       96.7358%
BP_ON_PATH_MISPREDICT_CORE_0                               369679                       3.26421%
BP_ON_PATH_MISFETCH_CORE_0                                      0                             0%
                                                         11325226                           100%

BP_OFF_PATH_CORRECT_CORE_0                                      0                          NaN 
BP_OFF_PATH_MISPREDICT_CORE_0                                   0                          NaN 
BP_OFF_PATH_MISFETCH_CORE_0                                     0                          NaN 
                                                                0                           100%

BP_MISPRED_STALL_CORE_1                                    518827                        518827

BP_RESOLVED_CORE_1                                           4993                          4993

BP_REDIRECT_RESOLVED_CORE_1                                     0                             0

PERFECT_TARGET_PRED_CORE_1                                      0                             0

BP_ON_PATH_CORRECT_CORE_1                                 7239602                       99.9314%
BP_ON_PATH_MISPREDICT_CORE_1                                 4972                     0.0686307%
BP_ON_PATH_MISFETCH_CORE_1                                      0                             0%
                                                          7244574                           100%

BP_OFF_PATH_CORRECT_CORE_1                                      0                          NaN 
BP_OFF_PATH_MISPREDICT_CORE_1                                   0                          NaN 
BP_OFF_PATH_MISFETCH_CORE_1                                     0                          NaN 
                                                                0                           100%

