####################################################################################################
Interval
####################################################################################################
Cumulative:         Cycles:                  20000     Instructions:                  1200
AVG_MEMORY_LATENCY_BASE                                   8379783                       8379783

AVG_MEMORY_LATENCY                                      545887915                       65.1434

MSHR_FULL                                                       0                             0

TOTAL_MEMORY                                              8098850                       8098850

TOTAL_MEMORY_MERGE                                        6920922                      0.854556

TOTAL_WB                                                   280952                     0.0346904

L1_WB                                                      280952                             1

L2_WB                                                           0                             0

L3_WB                                                           0                             0

TOTAL_DRAM                                                 501651                        501651

TOTAL_DRAM_MERGE                                                0                             0

L1_HIT_CPU                                               70894940                      70894940

L1_HIT_GPU                                                      0                             0

L1_MISS_CPU                                               8098186                       8098186

L1_MISS_GPU                                                     0                             0

L2_HIT_CPU                                                      0                             0

L2_HIT_GPU                                                      0                             0

L2_MISS_CPU                                               1177928                       1177928

L2_MISS_GPU                                                     0                             0

L3_HIT_CPU                                                 676276                        676276

L3_HIT_GPU                                                      0                             0

L3_MISS_CPU                                                501651                        501651

L3_MISS_GPU                                                     0                             0

L3_HIT_PROMOTION_CPU                                            0                             0

L3_HIT_PROMOTION_GPU                                            0                             0

FETCH_THREAD_SKIP_LD_WAIT                                       0                             0

FETCH_THREAD_SKIP_BR_WAIT                                       0                             0

FETCH_THREAD_SKIP_SCHED_WAIT                                    0                             0

NUM_MUL_TRANS_CM_TM_DM_INST                                     0                             0

NUM_MUL_TRANS_CM_TM_DM                                          0                           NaN

CONST_CACHE_HIT                                                 0                             0

CONST_CACHE_MISS                                                0                             0

CONST_CACHE_MISS_NO_EXECUTE                                     0                             0

CONST_CACHE_ACCESS                                              0                             0

TEXTURE_CACHE_HIT                                               0                             0

TEXTURE_CACHE_MISS                                              0                             0

TEXTURE_CACHE_NO_EXECUTE                                        0                             0

TEXTURE_CACHE_ACCESS                                            0                             0

SHARED_MEM_INST                                                 0                             0

SHARED_MEM_ACCESS                                               0                             0

CACHE_BANK_BUSY                                           7432280                       7432280

ICACHE_MISS_TOTAL                                             664                           664

TOTAL_CAGE_PERIOD                                               0                             0

TOTAL_CAGE_APPL0                                                0                           NaN

TOTAL_CAGE_APPL1                                                0                           NaN

TOTAL_CAGE_APPL2                                                0                           NaN

TOTAL_CAGE_APPL3                                                0                           NaN

TOTAL_CAGE_APPL4                                                0                           NaN

ABIP_AVG_RATIO_BASE                                             0                             0

ABIP_AVG_RATIO                                                  0                           NaN

TOTAL_WRITE_ACKS                                                0                             0

TOTAL_WRITES                                                    0                             0

NUM_PHYSICAL_PAGES                                              0                             0

COAL_INST                                                       0                          NaN 
UNCOAL_INST                                                     0                          NaN 
                                                                0                           100%

COAL_INST_SINGLE_TRANS                                          0                          NaN 
COAL_INST_MUL_TRANS                                             0                          NaN 
UNCOAL_INST_MUL_TRANS                                           0                          NaN 
                                                                0                           100%

SM_COAL_INST                                                    0                          NaN 
CM_COAL_INST                                                    0                          NaN 
TM_COAL_INST                                                    0                          NaN 
DM_COAL_INST                                                    0                          NaN 
                                                                0                           100%

SM_UNCOAL_INST                                                  0                          NaN 
CM_UNCOAL_INST                                                  0                          NaN 
TM_UNCOAL_INST                                                  0                          NaN 
DM_UNCOAL_INST                                                  0                          NaN 
                                                                0                           100%

SM_COAL_INST_SINGLE_TRANS                                       0                          NaN 
CM_COAL_INST_SINGLE_TRANS                                       0                          NaN 
TM_COAL_INST_SINGLE_TRANS                                       0                          NaN 
DM_COAL_INST_SINGLE_TRANS                                       0                          NaN 
                                                                0                           100%

SM_COAL_INST_MUL_TRANS                                          0                          NaN 
CM_COAL_INST_MUL_TRANS                                          0                          NaN 
TM_COAL_INST_MUL_TRANS                                          0                          NaN 
DM_COAL_INST_MUL_TRANS                                          0                          NaN 
                                                                0                           100%

LD_NO_FORWARD                                            33136531                       54.3852%
FORWARDED_LD                                             27792783                       45.6148%
                                                         60929314                           100%

L3_TOT_ACCESS_CORE_CORE_0                                  714740                        714740

L3_HIT_CORE_CORE_0                                         676276                        676276

L3_MISS_CORE_CORE_0                                         38464                         38464

L3_HIT_RATE_CORE_CORE_0                                    676276                      0.946185

L3_MISS_RATE_CORE_CORE_0                                    38464                     0.0538154

L3_BYPASS_CORE_CORE_0                                           0                             0

MEM_STALL_CYCLE_CORE_0                                          0                             0

ICACHE_FILL_CORE_0                                            100                           100

NUM_WRITE_ACKS_CORE_0                                           0                             0

NUM_WRITES_CORE_0                                               0                             0

ICACHE_HIT_CORE_0                                        26036985                       99.9996%
ICACHE_MISS_CORE_0                                            100                   0.000384068%
                                                         26037085                           100%

L3_TOT_ACCESS_CORE_CORE_1                                  463187                        463187

L3_HIT_CORE_CORE_1                                              0                             0

L3_MISS_CORE_CORE_1                                        463187                        463187

L3_HIT_RATE_CORE_CORE_1                                         0                             0

L3_MISS_RATE_CORE_CORE_1                                   463187                             1

L3_BYPASS_CORE_CORE_1                                      463186                        463186

MEM_STALL_CYCLE_CORE_1                                          0                             0

ICACHE_FILL_CORE_1                                            564                           564

NUM_WRITE_ACKS_CORE_1                                           0                             0

NUM_WRITES_CORE_1                                               0                             0

ICACHE_HIT_CORE_1                                        24385531                       99.9977%
ICACHE_MISS_CORE_1                                            564                    0.00231279%
                                                         24386095                           100%

