####################################################################################################
Interval
####################################################################################################
Cumulative:         Cycles:                  20000     Instructions:                  1200
TOTAL_PACKET_CPU                                          3359155                       3359155

TOTAL_PACKET_GPU                                                0                             0

NOC_AVG_LATENCY_BASE                                      3359155                       3359155

NOC_AVG_LATENCY_BASE_CPU                                  3359155                       3359155

NOC_AVG_LATENCY_BASE_GPU                                        0                             0

NOC_AVG_LATENCY                                          36624148                       10.9028

NOC_AVG_LATENCY_CPU                                      36624148                       10.9028

NOC_AVG_LATENCY_GPU                                             0                           NaN

NOC_AVG_ACTIVE_PACKET_BASE                                3359155                       3359155

NOC_AVG_ACTIVE_PACKET_BASE_CPU                            3359155                       3359155

NOC_AVG_ACTIVE_PACKET_BASE_GPU                                  0                             0

NOC_AVG_ACTIVE_PACKET                                     5175748                       1.54079

NOC_AVG_ACTIVE_PACKET_CPU                                 5175748                       1.54079

NOC_AVG_ACTIVE_PACKET_GPU                                       0                           NaN

NOC_IDLE_CHANNEL                                                0                             0

NOC_IDLE_CHANNEL_CPU                                            0                             0

NOC_IDLE_CHANNEL_GPU                                            0                             0

NOC_IDLE_CHANNEL_L3                                             0                             0

NOC_IDLE_CHANNEL_MC                                             0                             0

NOC_AVG_WAIT_IN_ROUTER_BASE                               8147791                       8147791

NOC_AVG_WAIT_IN_ROUTER_BASE_CPU                           3070595                       3070595

NOC_AVG_WAIT_IN_ROUTER_BASE_GPU                                 0                             0

NOC_AVG_WAIT_IN_ROUTER_BASE_L3                            3359155                       3359155

NOC_AVG_WAIT_IN_ROUTER_BASE_MC                            1718041                       1718041

NOC_AVG_WAIT_IN_ROUTER                                   67275615                       8.25692

NOC_AVG_WAIT_IN_ROUTER_CPU                               24821835                       8.08372

NOC_AVG_WAIT_IN_ROUTER_GPU                                      0                           NaN

NOC_AVG_WAIT_IN_ROUTER_L3                                27046908                        8.0517

NOC_AVG_WAIT_IN_ROUTER_MC                                15406872                        8.9677

NOC_LINK_ACTIVE                                          14365900                      14365900

