BP_MISPRED_STALL_CORE_0                                  52402720                      52402720

BP_RESOLVED_CORE_0                                         372400                        372400

BP_REDIRECT_RESOLVED_CORE_0                                     0                             0

PERFECT_TARGET_PRED_CORE_0                                      0                             0

BP_ON_PATH_CORRECT_CORE_0                                10968336                       96.7355%
BP_ON_PATH_MISPREDICT_CORE_0                               370147                       3.26452%
BP_ON_PATH_MISFETCH_CORE_0                                      0                             0%
                                                         11338483                           100%

BP_OFF_PATH_CORRECT_CORE_0                                      0                          NaN 
BP_OFF_PATH_MISPREDICT_CORE_0                                   0                          NaN 
BP_OFF_PATH_MISFETCH_CORE_0                                     0                          NaN 
                                                                0                           100%

BP_MISPRED_STALL_CORE_1                                    481823                        481823

BP_RESOLVED_CORE_1                                           4995                          4995

BP_REDIRECT_RESOLVED_CORE_1                                     0                             0

PERFECT_TARGET_PRED_CORE_1                                      0                             0

BP_ON_PATH_CORRECT_CORE_1                                 7465495                       99.9334%
BP_ON_PATH_MISPREDICT_CORE_1                                 4973                     0.0665688%
BP_ON_PATH_MISFETCH_CORE_1                                      0                             0%
                                                          7470468                           100%

BP_OFF_PATH_CORRECT_CORE_1                                      0                          NaN 
BP_OFF_PATH_MISPREDICT_CORE_1                                   0                          NaN 
BP_OFF_PATH_MISFETCH_CORE_1                                     0                          NaN 
                                                                0                           100%

