####################################################################################################
Interval
####################################################################################################
Cumulative:         Cycles:                  20000     Instructions:                  1200
AVG_MEMORY_LATENCY_BASE                                   8577277                       8577277

AVG_MEMORY_LATENCY                                      543791739                       63.3991

MSHR_FULL                                                       0                             0

TOTAL_MEMORY                                              8293684                       8293684

TOTAL_MEMORY_MERGE                                        7101387                       0.85624

TOTAL_WB                                                   283613                     0.0341963

L1_WB                                                      283538                      0.999736

L2_WB                                                           0                             0

L3_WB                                                          75                   0.000264445

TOTAL_DRAM                                                 485774                        485774

TOTAL_DRAM_MERGE                                                0                             0

L1_HIT_CPU                                               72096534                      72096534

L1_HIT_GPU                                                      0                             0

L1_MISS_CPU                                               8293020                       8293020

L1_MISS_GPU                                                     0                             0

L2_HIT_CPU                                                      0                             0

L2_HIT_GPU                                                      0                             0

L2_MISS_CPU                                               1192297                       1192297

L2_MISS_GPU                                                     0                             0

L3_HIT_CPU                                                 706596                        706596

L3_HIT_GPU                                                      0                             0

L3_MISS_CPU                                                485699                        485699

L3_MISS_GPU                                                     0                             0

L3_HIT_PROMOTION_CPU                                            0                             0

L3_HIT_PROMOTION_GPU                                            0                             0

FETCH_THREAD_SKIP_LD_WAIT                                       0                             0

FETCH_THREAD_SKIP_BR_WAIT                                       0                             0

FETCH_THREAD_SKIP_SCHED_WAIT                                    0                             0

NUM_MUL_TRANS_CM_TM_DM_INST                                     0                             0

NUM_MUL_TRANS_CM_TM_DM                                          0                           NaN

CONST_CACHE_HIT                                                 0                             0

CONST_CACHE_MISS                                                0                             0

CONST_CACHE_MISS_NO_EXECUTE                                     0                             0

CONST_CACHE_ACCESS                                              0                             0

TEXTURE_CACHE_HIT                                               0                             0

TEXTURE_CACHE_MISS                                              0                             0

TEXTURE_CACHE_NO_EXECUTE                                        0                             0

TEXTURE_CACHE_ACCESS                                            0                             0

SHARED_MEM_INST                                                 0                             0

SHARED_MEM_ACCESS                                               0                             0

CACHE_BANK_BUSY                                           7643910                       7643910

ICACHE_MISS_TOTAL                                             664                           664

TOTAL_CAGE_PERIOD                                               0                             0

TOTAL_CAGE_APPL0                                                0                           NaN

TOTAL_CAGE_APPL1                                                0                           NaN

TOTAL_CAGE_APPL2                                                0                           NaN

TOTAL_CAGE_APPL3                                                0                           NaN

TOTAL_CAGE_APPL4                                                0                           NaN

ABIP_AVG_RATIO_BASE                                             0                             0

ABIP_AVG_RATIO                                                  0                           NaN

TOTAL_WRITE_ACKS                                                0                             0

TOTAL_WRITES                                                    0                             0

NUM_PHYSICAL_PAGES                                              0                             0

COAL_INST                                                       0                          NaN 
UNCOAL_INST                                                     0                          NaN 
                                                                0                           100%

COAL_INST_SINGLE_TRANS                                          0                          NaN 
COAL_INST_MUL_TRANS                                             0                          NaN 
UNCOAL_INST_MUL_TRANS                                           0                          NaN 
                                                                0                           100%

SM_COAL_INST                                                    0                          NaN 
CM_COAL_INST                                                    0                          NaN 
TM_COAL_INST                                                    0                          NaN 
DM_COAL_INST                                                    0                          NaN 
                                                                0                           100%

SM_UNCOAL_INST                                                  0                          NaN 
CM_UNCOAL_INST                                                  0                          NaN 
TM_UNCOAL_INST                                                  0                          NaN 
DM_UNCOAL_INST                                                  0                          NaN 
                                                                0                           100%

SM_COAL_INST_SINGLE_TRANS                                       0                          NaN 
CM_COAL_INST_SINGLE_TRANS                                       0                          NaN 
TM_COAL_INST_SINGLE_TRANS                                       0                          NaN 
DM_COAL_INST_SINGLE_TRANS                                       0                          NaN 
                                                                0                           100%

SM_COAL_INST_MUL_TRANS                                          0                          NaN 
CM_COAL_INST_MUL_TRANS                                          0                          NaN 
TM_COAL_INST_MUL_TRANS                                          0                          NaN 
DM_COAL_INST_MUL_TRANS                                          0                          NaN 
                                                                0                           100%

LD_NO_FORWARD                                            33544684                       54.0849%
FORWARDED_LD                                             28477603                       45.9151%
                                                         62022287                           100%

L3_TOT_ACCESS_CORE_CORE_0                                  714847                        714847

L3_HIT_CORE_CORE_0                                         676338                        676338

L3_MISS_CORE_CORE_0                                         38509                         38509

L3_HIT_RATE_CORE_CORE_0                                    676338                       0.94613

L3_MISS_RATE_CORE_CORE_0                                    38509                     0.0538703

L3_BYPASS_CORE_CORE_0                                           0                             0

MEM_STALL_CYCLE_CORE_0                                          0                             0

ICACHE_FILL_CORE_0                                            100                           100

NUM_WRITE_ACKS_CORE_0                                           0                             0

NUM_WRITES_CORE_0                                               0                             0

ICACHE_HIT_CORE_0                                        26067055                       99.9996%
ICACHE_MISS_CORE_0                                            100                   0.000383625%
                                                         26067155                           100%

L3_TOT_ACCESS_CORE_CORE_1                                  477448                        477448

L3_HIT_CORE_CORE_1                                          30258                         30258

L3_MISS_CORE_CORE_1                                        447190                        447190

L3_HIT_RATE_CORE_CORE_1                                     30258                     0.0633744

L3_MISS_RATE_CORE_CORE_1                                   447190                      0.936626

L3_BYPASS_CORE_CORE_1                                      423142                        423142

MEM_STALL_CYCLE_CORE_1                                          0                             0

ICACHE_FILL_CORE_1                                            564                           564

NUM_WRITE_ACKS_CORE_1                                           0                             0

NUM_WRITES_CORE_1                                               0                             0

ICACHE_HIT_CORE_1                                        25158674                       99.9978%
ICACHE_MISS_CORE_1                                            564                    0.00224172%
                                                         25159238                           100%

