####################################################################################################
Interval
####################################################################################################
Cumulative:         Cycles:                  20000     Instructions:                  1200
DRAM_PRECHARGE                                              39777                         39777

DRAM_ACTIVATE                                               39785                         39785

DRAM_COLUMN                                                459226                        459226

DRAM_AVG_LATENCY_BASE                                      459226                        459226

DRAM_AVG_LATENCY                                         11618409                          25.3

BANDWIDTH_TOT                                            29390464                      29390464

DRAM_CHANNEL0_BANDWIDTH_SATURATED                            6926                          6926

DRAM_CHANNEL1_BANDWIDTH_SATURATED                            6327                          6327

DRAM_CHANNEL2_BANDWIDTH_SATURATED                               0                             0

DRAM_CHANNEL3_BANDWIDTH_SATURATED                               0                             0

DRAM_CHANNEL4_BANDWIDTH_SATURATED                               0                             0

DRAM_CHANNEL5_BANDWIDTH_SATURATED                               0                             0

DRAM_CHANNEL6_BANDWIDTH_SATURATED                               0                             0

DRAM_CHANNEL7_BANDWIDTH_SATURATED                               0                             0

DRAM_CHANNEL0_DBUS_IDLE                                  35508679                      35508679

DRAM_CHANNEL1_DBUS_IDLE                                  35512599                      35512599

DRAM_CHANNEL2_DBUS_IDLE                                         0                             0

DRAM_CHANNEL3_DBUS_IDLE                                         0                             0

DRAM_CHANNEL4_DBUS_IDLE                                         0                             0

DRAM_CHANNEL5_DBUS_IDLE                                         0                             0

DRAM_CHANNEL6_DBUS_IDLE                                         0                             0

DRAM_CHANNEL7_DBUS_IDLE                                         0                             0

