####################################################################################################
Interval
####################################################################################################
Cumulative:         Cycles:                  20000     Instructions:                  1200
AVG_MEMORY_LATENCY_BASE                                   8963847                       8963847

AVG_MEMORY_LATENCY                                      535859463                       59.7801

MSHR_FULL                                                       0                             0

TOTAL_MEMORY                                              8664203                       8664203

TOTAL_MEMORY_MERGE                                        7448638                      0.859703

TOTAL_WB                                                   299658                     0.0345858

L1_WB                                                      298765                       0.99702

L2_WB                                                           0                             0

L3_WB                                                         893                    0.00298006

TOTAL_DRAM                                                 459226                        459226

TOTAL_DRAM_MERGE                                                0                             0

L1_HIT_CPU                                               74090878                      74090878

L1_HIT_GPU                                                      0                             0

L1_MISS_CPU                                               8663539                       8663539

L1_MISS_GPU                                                     0                             0

L2_HIT_CPU                                                      0                             0

L2_HIT_GPU                                                      0                             0

L2_MISS_CPU                                               1215565                       1215565

L2_MISS_GPU                                                     0                             0

L3_HIT_CPU                                                 757230                        757230

L3_HIT_GPU                                                      0                             0

L3_MISS_CPU                                                458334                        458334

L3_MISS_GPU                                                     0                             0

L3_HIT_PROMOTION_CPU                                            0                             0

L3_HIT_PROMOTION_GPU                                            0                             0

FETCH_THREAD_SKIP_LD_WAIT                                       0                             0

FETCH_THREAD_SKIP_BR_WAIT                                       0                             0

FETCH_THREAD_SKIP_SCHED_WAIT                                    0                             0

NUM_MUL_TRANS_CM_TM_DM_INST                                     0                             0

NUM_MUL_TRANS_CM_TM_DM                                          0                           NaN

CONST_CACHE_HIT                                                 0                             0

CONST_CACHE_MISS                                                0                             0

CONST_CACHE_MISS_NO_EXECUTE                                     0                             0

CONST_CACHE_ACCESS                                              0                             0

TEXTURE_CACHE_HIT                                               0                             0

TEXTURE_CACHE_MISS                                              0                             0

TEXTURE_CACHE_NO_EXECUTE                                        0                             0

TEXTURE_CACHE_ACCESS                                            0                             0

SHARED_MEM_INST                                                 0                             0

SHARED_MEM_ACCESS                                               0                             0

CACHE_BANK_BUSY                                           8111634                       8111634

ICACHE_MISS_TOTAL                                             664                           664

TOTAL_CAGE_PERIOD                                               0                             0

TOTAL_CAGE_APPL0                                                0                           NaN

TOTAL_CAGE_APPL1                                                0                           NaN

TOTAL_CAGE_APPL2                                                0                           NaN

TOTAL_CAGE_APPL3                                                0                           NaN

TOTAL_CAGE_APPL4                                                0                           NaN

ABIP_AVG_RATIO_BASE                                             0                             0

ABIP_AVG_RATIO                                                  0                           NaN

TOTAL_WRITE_ACKS                                                0                             0

TOTAL_WRITES                                                    0                             0

NUM_PHYSICAL_PAGES                                              0                             0

COAL_INST                                                       0                          NaN 
UNCOAL_INST                                                     0                          NaN 
                                                                0                           100%

COAL_INST_SINGLE_TRANS                                          0                          NaN 
COAL_INST_MUL_TRANS                                             0                          NaN 
UNCOAL_INST_MUL_TRANS                                           0                          NaN 
                                                                0                           100%

SM_COAL_INST                                                    0                          NaN 
CM_COAL_INST                                                    0                          NaN 
TM_COAL_INST                                                    0                          NaN 
DM_COAL_INST                                                    0                          NaN 
                                                                0                           100%

SM_UNCOAL_INST                                                  0                          NaN 
CM_UNCOAL_INST                                                  0                          NaN 
TM_UNCOAL_INST                                                  0                          NaN 
DM_UNCOAL_INST                                                  0                          NaN 
                                                                0                           100%

SM_COAL_INST_SINGLE_TRANS                                       0                          NaN 
CM_COAL_INST_SINGLE_TRANS                                       0                          NaN 
TM_COAL_INST_SINGLE_TRANS                                       0                          NaN 
DM_COAL_INST_SINGLE_TRANS                                       0                          NaN 
                                                                0                           100%

SM_COAL_INST_MUL_TRANS                                          0                          NaN 
CM_COAL_INST_MUL_TRANS                                          0                          NaN 
TM_COAL_INST_MUL_TRANS                                          0                          NaN 
DM_COAL_INST_MUL_TRANS                                          0                          NaN 
                                                                0                           100%

LD_NO_FORWARD                                            33934004                       53.3577%
FORWARDED_LD                                             29663236                       46.6423%
                                                         63597240                           100%

L3_TOT_ACCESS_CORE_CORE_0                                  713475                        713475

L3_HIT_CORE_CORE_0                                         674496                        674496

L3_MISS_CORE_CORE_0                                         38979                         38979

L3_HIT_RATE_CORE_CORE_0                                    674496                      0.945367

L3_MISS_RATE_CORE_CORE_0                                    38979                     0.0546326

L3_BYPASS_CORE_CORE_0                                           0                             0

MEM_STALL_CYCLE_CORE_0                                          0                             0

ICACHE_FILL_CORE_0                                            100                           100

NUM_WRITE_ACKS_CORE_0                                           0                             0

NUM_WRITES_CORE_0                                               0                             0

ICACHE_HIT_CORE_0                                        26057749                       99.9996%
ICACHE_MISS_CORE_0                                            100                   0.000383762%
                                                         26057849                           100%

L3_TOT_ACCESS_CORE_CORE_1                                  502089                        502089

L3_HIT_CORE_CORE_1                                          82734                         82734

L3_MISS_CORE_CORE_1                                        419355                        419355

L3_HIT_RATE_CORE_CORE_1                                     82734                       0.16478

L3_MISS_RATE_CORE_CORE_1                                   419355                       0.83522

L3_BYPASS_CORE_CORE_1                                      365506                        365506

MEM_STALL_CYCLE_CORE_1                                          0                             0

ICACHE_FILL_CORE_1                                            564                           564

NUM_WRITE_ACKS_CORE_1                                           0                             0

NUM_WRITES_CORE_1                                               0                             0

ICACHE_HIT_CORE_1                                        26446608                       99.9979%
ICACHE_MISS_CORE_1                                            564                    0.00213255%
                                                         26447172                           100%

