####################################################################################################
Interval
####################################################################################################
Cumulative:         Cycles:                  20000     Instructions:                  1200
TOTAL_PACKET_CPU                                          3348687                       3348687

TOTAL_PACKET_GPU                                                0                             0

NOC_AVG_LATENCY_BASE                                      3348687                       3348687

NOC_AVG_LATENCY_BASE_CPU                                  3348687                       3348687

NOC_AVG_LATENCY_BASE_GPU                                        0                             0

NOC_AVG_LATENCY                                          36524087                        10.907

NOC_AVG_LATENCY_CPU                                      36524087                        10.907

NOC_AVG_LATENCY_GPU                                             0                           NaN

NOC_AVG_ACTIVE_PACKET_BASE                                3348687                       3348687

NOC_AVG_ACTIVE_PACKET_BASE_CPU                            3348687                       3348687

NOC_AVG_ACTIVE_PACKET_BASE_GPU                                  0                             0

NOC_AVG_ACTIVE_PACKET                                     5158081                       1.54033

NOC_AVG_ACTIVE_PACKET_CPU                                 5158081                       1.54033

NOC_AVG_ACTIVE_PACKET_GPU                                       0                           NaN

NOC_IDLE_CHANNEL                                                0                             0

NOC_IDLE_CHANNEL_CPU                                            0                             0

NOC_IDLE_CHANNEL_GPU                                            0                             0

NOC_IDLE_CHANNEL_L3                                             0                             0

NOC_IDLE_CHANNEL_MC                                             0                             0

NOC_AVG_WAIT_IN_ROUTER_BASE                               8124325                       8124325

NOC_AVG_WAIT_IN_ROUTER_BASE_CPU                           3144604                       3144604

NOC_AVG_WAIT_IN_ROUTER_BASE_GPU                                 0                             0

NOC_AVG_WAIT_IN_ROUTER_BASE_L3                            3348687                       3348687

NOC_AVG_WAIT_IN_ROUTER_BASE_MC                            1631034                       1631034

NOC_AVG_WAIT_IN_ROUTER                                   67112507                       8.26069

NOC_AVG_WAIT_IN_ROUTER_CPU                               25349970                       8.06142

NOC_AVG_WAIT_IN_ROUTER_GPU                                      0                           NaN

NOC_AVG_WAIT_IN_ROUTER_L3                                26971066                       8.05422

NOC_AVG_WAIT_IN_ROUTER_MC                                14791471                       9.06877

NOC_LINK_ACTIVE                                          14328694                      14328694

