BP_MISPRED_STALL_CORE_0                                  52768977                      52768977

BP_RESOLVED_CORE_0                                         345976                        345976

BP_REDIRECT_RESOLVED_CORE_0                                     0                             0

PERFECT_TARGET_PRED_CORE_0                                      0                             0

BP_ON_PATH_CORRECT_CORE_0                                10179670                       96.7326%
BP_ON_PATH_MISPREDICT_CORE_0                               343845                        3.2674%
BP_ON_PATH_MISFETCH_CORE_0                                      0                             0%
                                                         10523515                           100%

BP_OFF_PATH_CORRECT_CORE_0                                      0                          NaN 
BP_OFF_PATH_MISPREDICT_CORE_0                                   0                          NaN 
BP_OFF_PATH_MISFETCH_CORE_0                                     0                          NaN 
                                                                0                           100%

BP_MISPRED_STALL_CORE_1                                    483174                        483174

BP_RESOLVED_CORE_1                                           4995                          4995

BP_REDIRECT_RESOLVED_CORE_1                                     0                             0

PERFECT_TARGET_PRED_CORE_1                                      0                             0

BP_ON_PATH_CORRECT_CORE_1                                 7908158                       99.9372%
BP_ON_PATH_MISPREDICT_CORE_1                                 4973                     0.0628449%
BP_ON_PATH_MISFETCH_CORE_1                                      0                             0%
                                                          7913131                           100%

BP_OFF_PATH_CORRECT_CORE_1                                      0                          NaN 
BP_OFF_PATH_MISPREDICT_CORE_1                                   0                          NaN 
BP_OFF_PATH_MISFETCH_CORE_1                                     0                          NaN 
                                                                0                           100%

