####################################################################################################
Interval
####################################################################################################
Cumulative:         Cycles:                  20000     Instructions:                  1200
AVG_MEMORY_LATENCY_BASE                                   8826739                       8826739

AVG_MEMORY_LATENCY                                      536235167                       60.7512

MSHR_FULL                                                       0                             0

TOTAL_MEMORY                                              8539092                       8539092

TOTAL_MEMORY_MERGE                                        7381253                      0.864407

TOTAL_WB                                                   287652                     0.0336865

L1_WB                                                      287116                      0.998137

L2_WB                                                           0                             0

L3_WB                                                         536                    0.00186336

TOTAL_DRAM                                                 515360                        515360

TOTAL_DRAM_MERGE                                                0                             0

L1_HIT_CPU                                               71948618                      71948618

L1_HIT_GPU                                                      0                             0

L1_MISS_CPU                                               8538428                       8538428

L1_MISS_GPU                                                     0                             0

L2_HIT_CPU                                                      0                             0

L2_HIT_GPU                                                      0                             0

L2_MISS_CPU                                               1157839                       1157839

L2_MISS_GPU                                                     0                             0

L3_HIT_CPU                                                 643013                        643013

L3_HIT_GPU                                                      0                             0

L3_MISS_CPU                                                514824                        514824

L3_MISS_GPU                                                     0                             0

L3_HIT_PROMOTION_CPU                                            0                             0

L3_HIT_PROMOTION_GPU                                            0                             0

FETCH_THREAD_SKIP_LD_WAIT                                       0                             0

FETCH_THREAD_SKIP_BR_WAIT                                       0                             0

FETCH_THREAD_SKIP_SCHED_WAIT                                    0                             0

NUM_MUL_TRANS_CM_TM_DM_INST                                     0                             0

NUM_MUL_TRANS_CM_TM_DM                                          0                           NaN

CONST_CACHE_HIT                                                 0                             0

CONST_CACHE_MISS                                                0                             0

CONST_CACHE_MISS_NO_EXECUTE                                     0                             0

CONST_CACHE_ACCESS                                              0                             0

TEXTURE_CACHE_HIT                                               0                             0

TEXTURE_CACHE_MISS                                              0                             0

TEXTURE_CACHE_NO_EXECUTE                                        0                             0

TEXTURE_CACHE_ACCESS                                            0                             0

SHARED_MEM_INST                                                 0                             0

SHARED_MEM_ACCESS                                               0                             0

CACHE_BANK_BUSY                                           8127613                       8127613

ICACHE_MISS_TOTAL                                             664                           664

TOTAL_CAGE_PERIOD                                               0                             0

TOTAL_CAGE_APPL0                                                0                           NaN

TOTAL_CAGE_APPL1                                                0                           NaN

TOTAL_CAGE_APPL2                                                0                           NaN

TOTAL_CAGE_APPL3                                                0                           NaN

TOTAL_CAGE_APPL4                                                0                           NaN

ABIP_AVG_RATIO_BASE                                             0                             0

ABIP_AVG_RATIO                                                  0                           NaN

TOTAL_WRITE_ACKS                                                0                             0

TOTAL_WRITES                                                    0                             0

NUM_PHYSICAL_PAGES                                              0                             0

COAL_INST                                                       0                          NaN 
UNCOAL_INST                                                     0                          NaN 
                                                                0                           100%

COAL_INST_SINGLE_TRANS                                          0                          NaN 
COAL_INST_MUL_TRANS                                             0                          NaN 
UNCOAL_INST_MUL_TRANS                                           0                          NaN 
                                                                0                           100%

SM_COAL_INST                                                    0                          NaN 
CM_COAL_INST                                                    0                          NaN 
TM_COAL_INST                                                    0                          NaN 
DM_COAL_INST                                                    0                          NaN 
                                                                0                           100%

SM_UNCOAL_INST                                                  0                          NaN 
CM_UNCOAL_INST                                                  0                          NaN 
TM_UNCOAL_INST                                                  0                          NaN 
DM_UNCOAL_INST                                                  0                          NaN 
                                                                0                           100%

SM_COAL_INST_SINGLE_TRANS                                       0                          NaN 
CM_COAL_INST_SINGLE_TRANS                                       0                          NaN 
TM_COAL_INST_SINGLE_TRANS                                       0                          NaN 
DM_COAL_INST_SINGLE_TRANS                                       0                          NaN 
                                                                0                           100%

SM_COAL_INST_MUL_TRANS                                          0                          NaN 
CM_COAL_INST_MUL_TRANS                                          0                          NaN 
TM_COAL_INST_MUL_TRANS                                          0                          NaN 
DM_COAL_INST_MUL_TRANS                                          0                          NaN 
                                                                0                           100%

LD_NO_FORWARD                                            32368355                       52.4222%
FORWARDED_LD                                             29377186                       47.5778%
                                                         61745541                           100%

L3_TOT_ACCESS_CORE_CORE_0                                  652850                        652850

L3_HIT_CORE_CORE_0                                         545167                        545167

L3_MISS_CORE_CORE_0                                        107683                        107683

L3_HIT_RATE_CORE_CORE_0                                    545167                      0.835057

L3_MISS_RATE_CORE_CORE_0                                   107683                      0.164943

L3_BYPASS_CORE_CORE_0                                       85636                         85636

MEM_STALL_CYCLE_CORE_0                                          0                             0

ICACHE_FILL_CORE_0                                            100                           100

NUM_WRITE_ACKS_CORE_0                                           0                             0

NUM_WRITES_CORE_0                                               0                             0

ICACHE_HIT_CORE_0                                        24196464                       99.9996%
ICACHE_MISS_CORE_0                                            100                   0.000413282%
                                                         24196564                           100%

L3_TOT_ACCESS_CORE_CORE_1                                  504987                        504987

L3_HIT_CORE_CORE_1                                          97846                         97846

L3_MISS_CORE_CORE_1                                        407141                        407141

L3_HIT_RATE_CORE_CORE_1                                     97846                      0.193759

L3_MISS_RATE_CORE_CORE_1                                   407141                      0.806241

L3_BYPASS_CORE_CORE_1                                      340045                        340045

MEM_STALL_CYCLE_CORE_1                                          0                             0

ICACHE_FILL_CORE_1                                            564                           564

NUM_WRITE_ACKS_CORE_1                                           0                             0

NUM_WRITES_CORE_1                                               0                             0

ICACHE_HIT_CORE_1                                        26597326                       99.9979%
ICACHE_MISS_CORE_1                                            564                    0.00212047%
                                                         26597890                           100%

