####################################################################################################
Interval
####################################################################################################
Cumulative:         Cycles:                  20000     Instructions:                  1200
POWER_L3CACHE_LINEFILL_BUF_R                               514824                        514824

POWER_L3CACHE_LINEFILL_BUF_W                               514824                        514824

POWER_L3CACHE_LINEFILL_BUF_R_TAG                           514824                        514824

POWER_L3CACHE_WB_BUF_R                                        536                           536

POWER_L3CACHE_WB_BUF_W                                        536                           536

POWER_L3CACHE_WB_BUF_R_TAG                                    536                           536

POWER_L3CACHE_R                                            643013                        643013

POWER_L3CACHE_W                                             89143                         89143

POWER_L3CACHE_R_TAG                                       1157837                       1157837

POWER_MC_R                                                9054452                       9054452

POWER_MC_W                                                 515360                        515360

POWER_BLOCK_STATES_R_CORE_0                             107374184                     107374184

POWER_BLOCK_STATES_W_CORE_0                             107374184                     107374184

POWER_FETCH_QUEUE_R_CORE_0                               96785856                      96785856

POWER_FETCH_QUEUE_W_CORE_0                               96785856                      96785856

POWER_INST_QUEUE_R_CORE_0                               216350709                     216350709

POWER_INST_QUEUE_W_CORE_0                                96785856                      96785856

POWER_BR_PRED_R_CORE_0                                   10643288                      10643288

POWER_BR_PRED_W_CORE_0                                   10523510                      10523510

POWER_RAS_R_CORE_0                                         520105                        520105

POWER_RAS_W_CORE_0                                         496428                        496428

POWER_ICACHE_R_CORE_0                                    24196464                      24196464

POWER_ICACHE_W_CORE_0                                         100                           100

POWER_ICACHE_R_TAG_CORE_0                                24196564                      24196564

POWER_ICACHE_MISS_BUF_R_CORE_0                                200                           200

POWER_ICACHE_MISS_BUF_W_CORE_0                                200                           200

POWER_ICACHE_MISS_BUF_R_TAG_CORE_0                            100                           100

POWER_ICACHE_MISS_BUF_W_TAG_CORE_0                              0                             0

POWER_ICACHE_TOT_ACC_CORE_0                                     0                             0

POWER_ICACHE_CONF_CORE_0                                        0                             0

POWER_INST_DECODER_R_CORE_0                              75252177                      75252177

POWER_INST_DECODER_W_CORE_0                                     0                             0

POWER_MICRO_OP_SEQ_R_CORE_0                                     0                             0

POWER_MICRO_OP_SEQ_W_CORE_0                                     0                             0

POWER_OPERAND_DECODER_R_CORE_0                           75252177                      75252177

POWER_OPERAND_DECODER_W_CORE_0                                  0                             0

POWER_UOP_QUEUE_R_CORE_0                                216350709                     216350709

POWER_UOP_QUEUE_W_CORE_0                                 96785856                      96785856

POWER_REG_RENAMING_TABLE_R_CORE_0                       216350709                     216350709

POWER_REG_RENAMING_TABLE_W_CORE_0                        96785856                      96785856

POWER_DEP_CHECK_LOGIC_R_CORE_0                           96785856                      96785856

POWER_FREELIST_R_CORE_0                                 216350709                     216350709

POWER_FREELIST_W_CORE_0                                  96785856                      96785856

POWER_RESERVATION_STATION_R_CORE_0                       96786099                      96786099

POWER_RESERVATION_STATION_W_CORE_0                       96785856                      96785856

POWER_RESERVATION_STATION_R_TAG_CORE_0                   96786099                      96786099

POWER_RESERVATION_STATION_W_TAG_CORE_0                          0                             0

POWER_INST_ISSUE_SEL_LOGIC_R_CORE_0                      96786099                      96786099

POWER_INST_ISSUE_SEL_LOGIC_W_CORE_0                      96785843                      96785843

POWER_PAYLOAD_RAM_R_CORE_0                               96786099                      96786099

POWER_PAYLOAD_RAM_W_CORE_0                               96785843                      96785843

POWER_EX_ALU_R_CORE_0                                    59588403                      59588403

POWER_EX_FPU_R_CORE_0                                       56946                         56946

POWER_EX_MUL_R_CORE_0                                     4012645                       4012645

POWER_EX_SFU_R_CORE_0                                           0                             0

POWER_REORDER_BUF_R_CORE_0                               96785824                      96785824

POWER_REORDER_BUF_W_CORE_0                              193571712                     193571712

POWER_INST_COMMIT_SEL_LOGIC_R_CORE_0                     96785824                      96785824

POWER_INST_COMMIT_SEL_LOGIC_W_CORE_0                     96785856                      96785856

POWER_FP_RENAME_R_CORE_0                                   141199                        141199

POWER_FP_RENAME_W_CORE_0                                        0                             0

POWER_LOAD_QUEUE_R_CORE_0                                26480771                      26480771

POWER_LOAD_QUEUE_W_CORE_0                                26480771                      26480771

POWER_LOAD_QUEUE_R_TAG_CORE_0                            26480771                      26480771

POWER_LOAD_QUEUE_W_TAG_CORE_0                                   0                             0

POWER_STORE_QUEUE_R_CORE_0                                6647334                       6647334

POWER_STORE_QUEUE_W_CORE_0                                6647334                       6647334

POWER_STORE_QUEUE_R_TAG_CORE_0                            6647334                       6647334

POWER_STORE_QUEUE_W_TAG_CORE_0                                  0                             0

POWER_DATA_TLB_R_CORE_0                                  26480771                      26480771

POWER_DATA_TLB_W_CORE_0                                         0                             0

POWER_DATA_TLB_R_TAG_CORE_0                                     0                             0

POWER_DATA_TLB_W_TAG_CORE_0                                     0                             0

POWER_INT_REGFILE_R_CORE_0                              160329945                     160329945

POWER_INT_REGFILE_W_CORE_0                               96728897                      96728897

POWER_FP_REGFILE_R_CORE_0                                  111022                        111022

POWER_FP_REGFILE_W_CORE_0                                   56946                         56946

POWER_GP_REGISTER_R_CORE_0                              160329945                     160329945

POWER_GP_REGISTER_W_CORE_0                               96728897                      96728897

POWER_FP_REGISTER_R_CORE_0                                 113892                        113892

POWER_FP_REGISTER_W_CORE_0                                  56946                         56946

POWER_SEGMENT_REGISTER_R_CORE_0                          33127849                      33127849

POWER_SEGMENT_REGISTER_W_CORE_0                          65094767                      65094767

POWER_CONTROL_REGISTER_R_CORE_0                                 0                             0

POWER_CONTROL_REGISTER_W_CORE_0                           1880252                       1880252

POWER_FLAG_REGISTER_R_CORE_0                                    0                             0

POWER_FLAG_REGISTER_W_CORE_0                                    0                             0

POWER_EXEC_BYPASS_CORE_0                                 96785843                      96785843

POWER_LOAD_BYPASS_CORE_0                                  1305701                       1305701

POWER_PIPELINE_CORE_0                                    75252153                      75252153

POWER_DCACHE_MISS_BUF_R_CORE_0                            1305501                       1305501

POWER_DCACHE_MISS_BUF_R_TAG_CORE_0                        1504216                       1504216

POWER_DCACHE_MISS_BUF_W_CORE_0                            1504216                       1504216

POWER_DCACHE_MISS_BUF_W_TAG_CORE_0                              0                             0

POWER_DCACHE_LINEFILL_BUF_R_CORE_0                              0                             0

POWER_L2CACHE_LINEFILL_BUF_R_CORE_0                        869071                        869071

POWER_DCACHE_LINEFILL_BUF_W_CORE_0                              0                             0

POWER_L2CACHE_LINEFILL_BUF_W_CORE_0                        855085                        855085

POWER_DCACHE_LINEFILL_BUF_R_TAG_CORE_0                          0                             0

POWER_L2CACHE_LINEFILL_BUF_R_TAG_CORE_0                   1071306                       1071306

POWER_DCACHE_LINEFILL_BUF_W_TAG_CORE_0                          0                             0

POWER_DCACHE_WB_BUF_R_CORE_0                               202235                        202235

POWER_L2CACHE_WB_BUF_R_CORE_0                                   0                             0

POWER_DCACHE_WB_BUF_W_CORE_0                               202235                        202235

POWER_L2CACHE_WB_BUF_W_CORE_0                                   0                             0

POWER_DCACHE_WB_BUF_R_TAG_CORE_0                           404470                        404470

POWER_L2CACHE_WB_BUF_R_TAG_CORE_0                               0                             0

POWER_DCACHE_WB_BUF_W_TAG_CORE_0                                0                             0

POWER_DCACHE_R_CORE_0                                    31623633                      31623633

POWER_L2CACHE_R_CORE_0                                          0                             0

POWER_DCACHE_W_CORE_0                                      652750                        652750

POWER_L2CACHE_W_CORE_0                                          0                             0

POWER_DCACHE_R_TAG_CORE_0                                33127849                      33127849

POWER_L2CACHE_R_TAG_CORE_0                                      0                             0

POWER_CONST_CACHE_R_CORE_0                                      0                             0

POWER_CONST_CACHE_W_CORE_0                                      0                             0

POWER_CONST_CACHE_R_TAG_CORE_0                                  0                             0

POWER_CONST_CACHE_W_TAG_CORE_0                                  0                             0

POWER_TEXTURE_CACHE_R_CORE_0                                    0                             0

POWER_TEXTURE_CACHE_W_CORE_0                                    0                             0

POWER_TEXTURE_CACHE_R_TAG_CORE_0                                0                             0

POWER_TEXTURE_CACHE_W_TAG_CORE_0                                0                             0

POWER_SHARED_MEM_R_CORE_0                                       0                             0

POWER_SHARED_MEM_W_CORE_0                                       0                             0

POWER_SHARED_MEM_R_TAG_CORE_0                                   0                             0

POWER_SHARED_MEM_W_TAG_CORE_0                                   0                             0

POWER_BLOCK_STATES_R_CORE_1                             107374184                     107374184

POWER_BLOCK_STATES_W_CORE_1                             107374184                     107374184

POWER_FETCH_QUEUE_R_CORE_1                              106389304                     106389304

POWER_FETCH_QUEUE_W_CORE_1                              106389304                     106389304

POWER_INST_QUEUE_R_CORE_1                               221670947                     221670947

POWER_INST_QUEUE_W_CORE_1                               106389052                     106389052

POWER_BR_PRED_R_CORE_1                                    7914622                       7914622

POWER_BR_PRED_W_CORE_1                                    7913106                       7913106

POWER_RAS_R_CORE_1                                           1009                          1009

POWER_RAS_W_CORE_1                                            781                           781

POWER_ICACHE_R_CORE_1                                    26597326                      26597326

POWER_ICACHE_W_CORE_1                                         564                           564

POWER_ICACHE_R_TAG_CORE_1                                26597890                      26597890

POWER_ICACHE_MISS_BUF_R_CORE_1                               1128                          1128

POWER_ICACHE_MISS_BUF_W_CORE_1                               1128                          1128

POWER_ICACHE_MISS_BUF_R_TAG_CORE_1                            564                           564

POWER_ICACHE_MISS_BUF_W_TAG_CORE_1                              0                             0

POWER_ICACHE_TOT_ACC_CORE_1                                     0                             0

POWER_ICACHE_CONF_CORE_1                                        0                             0

POWER_INST_DECODER_R_CORE_1                              74802230                      74802230

POWER_INST_DECODER_W_CORE_1                                     0                             0

POWER_MICRO_OP_SEQ_R_CORE_1                                     0                             0

POWER_MICRO_OP_SEQ_W_CORE_1                                     0                             0

POWER_OPERAND_DECODER_R_CORE_1                           74802230                      74802230

POWER_OPERAND_DECODER_W_CORE_1                                  0                             0

POWER_UOP_QUEUE_R_CORE_1                                221670947                     221670947

POWER_UOP_QUEUE_W_CORE_1                                106389052                     106389052

POWER_REG_RENAMING_TABLE_R_CORE_1                       221670947                     221670947

POWER_REG_RENAMING_TABLE_W_CORE_1                       106389052                     106389052

POWER_DEP_CHECK_LOGIC_R_CORE_1                          106389304                     106389304

POWER_FREELIST_R_CORE_1                                 221670947                     221670947

POWER_FREELIST_W_CORE_1                                 106389052                     106389052

POWER_RESERVATION_STATION_R_CORE_1                      106436979                     106436979

POWER_RESERVATION_STATION_W_CORE_1                      106389022                     106389022

POWER_RESERVATION_STATION_R_TAG_CORE_1                  106436979                     106436979

POWER_RESERVATION_STATION_W_TAG_CORE_1                          0                             0

POWER_INST_ISSUE_SEL_LOGIC_R_CORE_1                     106436979                     106436979

POWER_INST_ISSUE_SEL_LOGIC_W_CORE_1                     106388998                     106388998

POWER_PAYLOAD_RAM_R_CORE_1                              106436979                     106436979

POWER_PAYLOAD_RAM_W_CORE_1                              106388998                     106388998

POWER_EX_ALU_R_CORE_1                                    59029420                      59029420

POWER_EX_FPU_R_CORE_1                                          56                            56

POWER_EX_MUL_R_CORE_1                                         325                           325

POWER_EX_SFU_R_CORE_1                                           0                             0

POWER_REORDER_BUF_R_CORE_1                              106388851                     106388851

POWER_REORDER_BUF_W_CORE_1                              212778104                     212778104

POWER_INST_COMMIT_SEL_LOGIC_R_CORE_1                    106388851                     106388851

POWER_INST_COMMIT_SEL_LOGIC_W_CORE_1                    106389052                     106389052

POWER_FP_RENAME_R_CORE_1                                       74                            74

POWER_FP_RENAME_W_CORE_1                                        0                             0

POWER_LOAD_QUEUE_R_CORE_1                                35264678                      35264678

POWER_LOAD_QUEUE_W_CORE_1                                35264678                      35264678

POWER_LOAD_QUEUE_R_TAG_CORE_1                            35264678                      35264678

POWER_LOAD_QUEUE_W_TAG_CORE_1                                   0                             0

POWER_STORE_QUEUE_R_CORE_1                               12142500                      12142500

POWER_STORE_QUEUE_W_CORE_1                               12142500                      12142500

POWER_STORE_QUEUE_R_TAG_CORE_1                           12142500                      12142500

POWER_STORE_QUEUE_W_TAG_CORE_1                                  0                             0

POWER_DATA_TLB_R_CORE_1                                  35264678                      35264678

POWER_DATA_TLB_W_CORE_1                                         0                             0

POWER_DATA_TLB_R_TAG_CORE_1                                     0                             0

POWER_DATA_TLB_W_TAG_CORE_1                                     0                             0

POWER_INT_REGFILE_R_CORE_1                              165418687                     165418687

POWER_INT_REGFILE_W_CORE_1                              106388942                     106388942

POWER_FP_REGFILE_R_CORE_1                                     112                           112

POWER_FP_REGFILE_W_CORE_1                                      56                            56

POWER_GP_REGISTER_R_CORE_1                              165418687                     165418687

POWER_GP_REGISTER_W_CORE_1                              106388942                     106388942

POWER_FP_REGISTER_R_CORE_1                                    112                           112

POWER_FP_REGISTER_W_CORE_1                                     56                            56

POWER_SEGMENT_REGISTER_R_CORE_1                          47359197                      47359197

POWER_SEGMENT_REGISTER_W_CORE_1                          86833137                      86833137

POWER_CONTROL_REGISTER_R_CORE_1                                 0                             0

POWER_CONTROL_REGISTER_W_CORE_1                           7893797                       7893797

POWER_FLAG_REGISTER_R_CORE_1                                    0                             0

POWER_FLAG_REGISTER_W_CORE_1                                    0                             0

POWER_EXEC_BYPASS_CORE_1                                106388998                     106388998

POWER_LOAD_BYPASS_CORE_1                                  1009975                       1009975

POWER_PIPELINE_CORE_1                                    74801917                      74801917

POWER_DCACHE_MISS_BUF_R_CORE_1                            1008847                       1008847

POWER_DCACHE_MISS_BUF_R_TAG_CORE_1                        7034212                       7034212

POWER_DCACHE_MISS_BUF_W_CORE_1                            7034212                       7034212

POWER_DCACHE_MISS_BUF_W_TAG_CORE_1                              0                             0

POWER_DCACHE_LINEFILL_BUF_R_CORE_1                              0                             0

POWER_L2CACHE_LINEFILL_BUF_R_CORE_1                       2043058                       2043058

POWER_DCACHE_LINEFILL_BUF_W_CORE_1                              0                             0

POWER_L2CACHE_LINEFILL_BUF_W_CORE_1                        589868                        589868

POWER_DCACHE_LINEFILL_BUF_R_TAG_CORE_1                          0                             0

POWER_L2CACHE_LINEFILL_BUF_R_TAG_CORE_1                   2127939                       2127939

POWER_DCACHE_LINEFILL_BUF_W_TAG_CORE_1                          0                             0

POWER_DCACHE_WB_BUF_R_CORE_1                                84881                         84881

POWER_L2CACHE_WB_BUF_R_CORE_1                                   0                             0

POWER_DCACHE_WB_BUF_W_CORE_1                                84881                         84881

POWER_L2CACHE_WB_BUF_W_CORE_1                                   0                             0

POWER_DCACHE_WB_BUF_R_TAG_CORE_1                           169762                        169762

POWER_L2CACHE_WB_BUF_R_TAG_CORE_1                               0                             0

POWER_DCACHE_WB_BUF_W_TAG_CORE_1                                0                             0

POWER_DCACHE_R_CORE_1                                    40324985                      40324985

POWER_L2CACHE_R_CORE_1                                          0                             0

POWER_DCACHE_W_CORE_1                                      504423                        504423

POWER_L2CACHE_W_CORE_1                                          0                             0

POWER_DCACHE_R_TAG_CORE_1                                47359197                      47359197

POWER_L2CACHE_R_TAG_CORE_1                                      0                             0

POWER_CONST_CACHE_R_CORE_1                                      0                             0

POWER_CONST_CACHE_W_CORE_1                                      0                             0

POWER_CONST_CACHE_R_TAG_CORE_1                                  0                             0

POWER_CONST_CACHE_W_TAG_CORE_1                                  0                             0

POWER_TEXTURE_CACHE_R_CORE_1                                    0                             0

POWER_TEXTURE_CACHE_W_CORE_1                                    0                             0

POWER_TEXTURE_CACHE_R_TAG_CORE_1                                0                             0

POWER_TEXTURE_CACHE_W_TAG_CORE_1                                0                             0

POWER_SHARED_MEM_R_CORE_1                                       0                             0

POWER_SHARED_MEM_W_CORE_1                                       0                             0

POWER_SHARED_MEM_R_TAG_CORE_1                                   0                             0

POWER_SHARED_MEM_W_TAG_CORE_1                                   0                             0

