BP_MISPRED_STALL_CORE_0                                  52492883                      52492883

BP_RESOLVED_CORE_0                                         371676                        371676

BP_REDIRECT_RESOLVED_CORE_0                                     0                             0

PERFECT_TARGET_PRED_CORE_0                                      0                             0

BP_ON_PATH_CORRECT_CORE_0                                10949419                       96.7362%
BP_ON_PATH_MISPREDICT_CORE_0                               369424                        3.2638%
BP_ON_PATH_MISFETCH_CORE_0                                      0                             0%
                                                         11318843                           100%

BP_OFF_PATH_CORRECT_CORE_0                                      0                          NaN 
BP_OFF_PATH_MISPREDICT_CORE_0                                   0                          NaN 
BP_OFF_PATH_MISFETCH_CORE_0                                     0                          NaN 
                                                                0                           100%

BP_MISPRED_STALL_CORE_1                                    481492                        481492

BP_RESOLVED_CORE_1                                           4993                          4993

BP_REDIRECT_RESOLVED_CORE_1                                     0                             0

PERFECT_TARGET_PRED_CORE_1                                      0                             0

BP_ON_PATH_CORRECT_CORE_1                                 7355118                       99.9324%
BP_ON_PATH_MISPREDICT_CORE_1                                 4972                     0.0675535%
BP_ON_PATH_MISFETCH_CORE_1                                      0                             0%
                                                          7360090                           100%

BP_OFF_PATH_CORRECT_CORE_1                                      0                          NaN 
BP_OFF_PATH_MISPREDICT_CORE_1                                   0                          NaN 
BP_OFF_PATH_MISFETCH_CORE_1                                     0                          NaN 
                                                                0                           100%

