####################################################################################################
Interval
####################################################################################################
Cumulative:         Cycles:                  20000     Instructions:                  1200
AVG_MEMORY_LATENCY_BASE                                   8472275                       8472275

AVG_MEMORY_LATENCY                                      546619658                       64.5186

MSHR_FULL                                                       0                             0

TOTAL_MEMORY                                              8190047                       8190047

TOTAL_MEMORY_MERGE                                        7007158                       0.85557

TOTAL_WB                                                   282235                     0.0344607

L1_WB                                                      281280                      0.996616

L2_WB                                                           0                             0

L3_WB                                                         955                    0.00338371

TOTAL_DRAM                                                 495497                        495497

TOTAL_DRAM_MERGE                                                0                             0

L1_HIT_CPU                                               71476570                      71476570

L1_HIT_GPU                                                      0                             0

L1_MISS_CPU                                               8189383                       8189383

L1_MISS_GPU                                                     0                             0

L2_HIT_CPU                                                      0                             0

L2_HIT_GPU                                                      0                             0

L2_MISS_CPU                                               1182889                       1182889

L2_MISS_GPU                                                     0                             0

L3_HIT_CPU                                                 688345                        688345

L3_HIT_GPU                                                      0                             0

L3_MISS_CPU                                                494542                        494542

L3_MISS_GPU                                                     0                             0

L3_HIT_PROMOTION_CPU                                            0                             0

L3_HIT_PROMOTION_GPU                                            0                             0

FETCH_THREAD_SKIP_LD_WAIT                                       0                             0

FETCH_THREAD_SKIP_BR_WAIT                                       0                             0

FETCH_THREAD_SKIP_SCHED_WAIT                                    0                             0

NUM_MUL_TRANS_CM_TM_DM_INST                                     0                             0

NUM_MUL_TRANS_CM_TM_DM                                          0                           NaN

CONST_CACHE_HIT                                                 0                             0

CONST_CACHE_MISS                                                0                             0

CONST_CACHE_MISS_NO_EXECUTE                                     0                             0

CONST_CACHE_ACCESS                                              0                             0

TEXTURE_CACHE_HIT                                               0                             0

TEXTURE_CACHE_MISS                                              0                             0

TEXTURE_CACHE_NO_EXECUTE                                        0                             0

TEXTURE_CACHE_ACCESS                                            0                             0

SHARED_MEM_INST                                                 0                             0

SHARED_MEM_ACCESS                                               0                             0

CACHE_BANK_BUSY                                           7526611                       7526611

ICACHE_MISS_TOTAL                                             664                           664

TOTAL_CAGE_PERIOD                                               0                             0

TOTAL_CAGE_APPL0                                                0                           NaN

TOTAL_CAGE_APPL1                                                0                           NaN

TOTAL_CAGE_APPL2                                                0                           NaN

TOTAL_CAGE_APPL3                                                0                           NaN

TOTAL_CAGE_APPL4                                                0                           NaN

ABIP_AVG_RATIO_BASE                                             0                             0

ABIP_AVG_RATIO                                                  0                           NaN

TOTAL_WRITE_ACKS                                                0                             0

TOTAL_WRITES                                                    0                             0

NUM_PHYSICAL_PAGES                                              0                             0

COAL_INST                                                       0                          NaN 
UNCOAL_INST                                                     0                          NaN 
                                                                0                           100%

COAL_INST_SINGLE_TRANS                                          0                          NaN 
COAL_INST_MUL_TRANS                                             0                          NaN 
UNCOAL_INST_MUL_TRANS                                           0                          NaN 
                                                                0                           100%

SM_COAL_INST                                                    0                          NaN 
CM_COAL_INST                                                    0                          NaN 
TM_COAL_INST                                                    0                          NaN 
DM_COAL_INST                                                    0                          NaN 
                                                                0                           100%

SM_UNCOAL_INST                                                  0                          NaN 
CM_UNCOAL_INST                                                  0                          NaN 
TM_UNCOAL_INST                                                  0                          NaN 
DM_UNCOAL_INST                                                  0                          NaN 
                                                                0                           100%

SM_COAL_INST_SINGLE_TRANS                                       0                          NaN 
CM_COAL_INST_SINGLE_TRANS                                       0                          NaN 
TM_COAL_INST_SINGLE_TRANS                                       0                          NaN 
DM_COAL_INST_SINGLE_TRANS                                       0                          NaN 
                                                                0                           100%

SM_COAL_INST_MUL_TRANS                                          0                          NaN 
CM_COAL_INST_MUL_TRANS                                          0                          NaN 
TM_COAL_INST_MUL_TRANS                                          0                          NaN 
DM_COAL_INST_MUL_TRANS                                          0                          NaN 
                                                                0                           100%

LD_NO_FORWARD                                            33355517                        54.245%
FORWARDED_LD                                             28134966                        45.755%
                                                         61490483                           100%

L3_TOT_ACCESS_CORE_CORE_0                                  712313                        712313

L3_HIT_CORE_CORE_0                                         672786                        672786

L3_MISS_CORE_CORE_0                                         39527                         39527

L3_HIT_RATE_CORE_CORE_0                                    672786                      0.944509

L3_MISS_RATE_CORE_CORE_0                                    39527                     0.0554911

L3_BYPASS_CORE_CORE_0                                         112                           112

MEM_STALL_CYCLE_CORE_0                                          0                             0

ICACHE_FILL_CORE_0                                            100                           100

NUM_WRITE_ACKS_CORE_0                                           0                             0

NUM_WRITES_CORE_0                                               0                             0

ICACHE_HIT_CORE_0                                        26022362                       99.9996%
ICACHE_MISS_CORE_0                                            100                   0.000384283%
                                                         26022462                           100%

L3_TOT_ACCESS_CORE_CORE_1                                  470574                        470574

L3_HIT_CORE_CORE_1                                          15559                         15559

L3_MISS_CORE_CORE_1                                        455015                        455015

L3_HIT_RATE_CORE_CORE_1                                     15559                     0.0330639

L3_MISS_RATE_CORE_CORE_1                                   455015                      0.966936

L3_BYPASS_CORE_CORE_1                                      224111                        224111

MEM_STALL_CYCLE_CORE_1                                          0                             0

ICACHE_FILL_CORE_1                                            564                           564

NUM_WRITE_ACKS_CORE_1                                           0                             0

NUM_WRITES_CORE_1                                               0                             0

ICACHE_HIT_CORE_1                                        24789838                       99.9977%
ICACHE_MISS_CORE_1                                            564                    0.00227507%
                                                         24790402                           100%

