####################################################################################################
Interval
####################################################################################################
Cumulative:         Cycles:                  20000     Instructions:                  1200
POWER_L3CACHE_LINEFILL_BUF_R                               494542                        494542

POWER_L3CACHE_LINEFILL_BUF_W                               494542                        494542

POWER_L3CACHE_LINEFILL_BUF_R_TAG                           494542                        494542

POWER_L3CACHE_WB_BUF_R                                        955                           955

POWER_L3CACHE_WB_BUF_W                                        955                           955

POWER_L3CACHE_WB_BUF_R_TAG                                    955                           955

POWER_L3CACHE_R                                            688345                        688345

POWER_L3CACHE_W                                            270319                        270319

POWER_L3CACHE_R_TAG                                       1182887                       1182887

POWER_MC_R                                                8685544                       8685544

POWER_MC_W                                                 495497                        495497

POWER_BLOCK_STATES_R_CORE_0                             107374184                     107374184

POWER_BLOCK_STATES_W_CORE_0                             107374184                     107374184

POWER_FETCH_QUEUE_R_CORE_0                              104089448                     104089448

POWER_FETCH_QUEUE_W_CORE_0                              104089448                     104089448

POWER_INST_QUEUE_R_CORE_0                               224202229                     224202229

POWER_INST_QUEUE_W_CORE_0                               104089274                     104089274

POWER_BR_PRED_R_CORE_0                                   11447571                      11447571

POWER_BR_PRED_W_CORE_0                                   11318815                      11318815

POWER_RAS_R_CORE_0                                         559169                        559169

POWER_RAS_W_CORE_0                                         533680                        533680

POWER_ICACHE_R_CORE_0                                    26022362                      26022362

POWER_ICACHE_W_CORE_0                                         100                           100

POWER_ICACHE_R_TAG_CORE_0                                26022462                      26022462

POWER_ICACHE_MISS_BUF_R_CORE_0                                200                           200

POWER_ICACHE_MISS_BUF_W_CORE_0                                200                           200

POWER_ICACHE_MISS_BUF_R_TAG_CORE_0                            100                           100

POWER_ICACHE_MISS_BUF_W_TAG_CORE_0                              0                             0

POWER_ICACHE_TOT_ACC_CORE_0                                     0                             0

POWER_ICACHE_CONF_CORE_0                                        0                             0

POWER_INST_DECODER_R_CORE_0                              80930527                      80930527

POWER_INST_DECODER_W_CORE_0                                     0                             0

POWER_MICRO_OP_SEQ_R_CORE_0                                     0                             0

POWER_MICRO_OP_SEQ_W_CORE_0                                     0                             0

POWER_OPERAND_DECODER_R_CORE_0                           80930527                      80930527

POWER_OPERAND_DECODER_W_CORE_0                                  0                             0

POWER_UOP_QUEUE_R_CORE_0                                224202229                     224202229

POWER_UOP_QUEUE_W_CORE_0                                104089274                     104089274

POWER_REG_RENAMING_TABLE_R_CORE_0                       224202229                     224202229

POWER_REG_RENAMING_TABLE_W_CORE_0                       104089274                     104089274

POWER_DEP_CHECK_LOGIC_R_CORE_0                          104089448                     104089448

POWER_FREELIST_R_CORE_0                                 224202229                     224202229

POWER_FREELIST_W_CORE_0                                 104089274                     104089274

POWER_RESERVATION_STATION_R_CORE_0                      104089695                     104089695

POWER_RESERVATION_STATION_W_CORE_0                      104089242                     104089242

POWER_RESERVATION_STATION_R_TAG_CORE_0                  104089695                     104089695

POWER_RESERVATION_STATION_W_TAG_CORE_0                          0                             0

POWER_INST_ISSUE_SEL_LOGIC_R_CORE_0                     104089695                     104089695

POWER_INST_ISSUE_SEL_LOGIC_W_CORE_0                     104089221                     104089221

POWER_PAYLOAD_RAM_R_CORE_0                              104089695                     104089695

POWER_PAYLOAD_RAM_W_CORE_0                              104089221                     104089221

POWER_EX_ALU_R_CORE_0                                    64087212                      64087212

POWER_EX_FPU_R_CORE_0                                       61494                         61494

POWER_EX_MUL_R_CORE_0                                     4315532                       4315532

POWER_EX_SFU_R_CORE_0                                           0                             0

POWER_REORDER_BUF_R_CORE_0                              104089207                     104089207

POWER_REORDER_BUF_W_CORE_0                              208178548                     208178548

POWER_INST_COMMIT_SEL_LOGIC_R_CORE_0                    104089207                     104089207

POWER_INST_COMMIT_SEL_LOGIC_W_CORE_0                    104089274                     104089274

POWER_FP_RENAME_R_CORE_0                                   147223                        147223

POWER_FP_RENAME_W_CORE_0                                        0                             0

POWER_LOAD_QUEUE_R_CORE_0                                28478256                      28478256

POWER_LOAD_QUEUE_W_CORE_0                                28478256                      28478256

POWER_LOAD_QUEUE_R_TAG_CORE_0                            28478256                      28478256

POWER_LOAD_QUEUE_W_TAG_CORE_0                                   0                             0

POWER_STORE_QUEUE_R_CORE_0                                7147201                       7147201

POWER_STORE_QUEUE_W_CORE_0                                7147201                       7147201

POWER_STORE_QUEUE_R_TAG_CORE_0                            7147201                       7147201

POWER_STORE_QUEUE_W_TAG_CORE_0                                  0                             0

POWER_DATA_TLB_R_CORE_0                                  28478256                      28478256

POWER_DATA_TLB_W_CORE_0                                         0                             0

POWER_DATA_TLB_R_TAG_CORE_0                                     0                             0

POWER_DATA_TLB_W_TAG_CORE_0                                     0                             0

POWER_INT_REGFILE_R_CORE_0                              172430471                     172430471

POWER_INT_REGFILE_W_CORE_0                              104027727                     104027727

POWER_FP_REGFILE_R_CORE_0                                  119902                        119902

POWER_FP_REGFILE_W_CORE_0                                   61494                         61494

POWER_GP_REGISTER_R_CORE_0                              172430471                     172430471

POWER_GP_REGISTER_W_CORE_0                              104027727                     104027727

POWER_FP_REGISTER_R_CORE_0                                 122988                        122988

POWER_FP_REGISTER_W_CORE_0                                  61494                         61494

POWER_SEGMENT_REGISTER_R_CORE_0                          35624983                      35624983

POWER_SEGMENT_REGISTER_W_CORE_0                          70001579                      70001579

POWER_CONTROL_REGISTER_R_CORE_0                                 0                             0

POWER_CONTROL_REGISTER_W_CORE_0                           2021948                       2021948

POWER_FLAG_REGISTER_R_CORE_0                                    0                             0

POWER_FLAG_REGISTER_W_CORE_0                                    0                             0

POWER_EXEC_BYPASS_CORE_0                                104089221                     104089221

POWER_LOAD_BYPASS_CORE_0                                  1424627                       1424627

POWER_PIPELINE_CORE_0                                    80930340                      80930340

POWER_DCACHE_MISS_BUF_R_CORE_0                            1424427                       1424427

POWER_DCACHE_MISS_BUF_R_TAG_CORE_0                        1653299                       1653299

POWER_DCACHE_MISS_BUF_W_CORE_0                            1653299                       1653299

POWER_DCACHE_MISS_BUF_W_TAG_CORE_0                              0                             0

POWER_DCACHE_LINEFILL_BUF_R_CORE_0                              0                             0

POWER_L2CACHE_LINEFILL_BUF_R_CORE_0                        946544                        946544

POWER_DCACHE_LINEFILL_BUF_W_CORE_0                              0                             0

POWER_L2CACHE_LINEFILL_BUF_W_CORE_0                        930143                        930143

POWER_DCACHE_LINEFILL_BUF_R_TAG_CORE_0                          0                             0

POWER_L2CACHE_LINEFILL_BUF_R_TAG_CORE_0                   1164374                       1164374

POWER_DCACHE_LINEFILL_BUF_W_TAG_CORE_0                          0                             0

POWER_DCACHE_WB_BUF_R_CORE_0                               217830                        217830

POWER_L2CACHE_WB_BUF_R_CORE_0                                   0                             0

POWER_DCACHE_WB_BUF_W_CORE_0                               217830                        217830

POWER_L2CACHE_WB_BUF_W_CORE_0                                   0                             0

POWER_DCACHE_WB_BUF_R_TAG_CORE_0                           435660                        435660

POWER_L2CACHE_WB_BUF_R_TAG_CORE_0                               0                             0

POWER_DCACHE_WB_BUF_W_TAG_CORE_0                                0                             0

POWER_DCACHE_R_CORE_0                                    33971684                      33971684

POWER_L2CACHE_R_CORE_0                                          0                             0

POWER_DCACHE_W_CORE_0                                      712213                        712213

POWER_L2CACHE_W_CORE_0                                          0                             0

POWER_DCACHE_R_TAG_CORE_0                                35624983                      35624983

POWER_L2CACHE_R_TAG_CORE_0                                      0                             0

POWER_CONST_CACHE_R_CORE_0                                      0                             0

POWER_CONST_CACHE_W_CORE_0                                      0                             0

POWER_CONST_CACHE_R_TAG_CORE_0                                  0                             0

POWER_CONST_CACHE_W_TAG_CORE_0                                  0                             0

POWER_TEXTURE_CACHE_R_CORE_0                                    0                             0

POWER_TEXTURE_CACHE_W_CORE_0                                    0                             0

POWER_TEXTURE_CACHE_R_TAG_CORE_0                                0                             0

POWER_TEXTURE_CACHE_W_TAG_CORE_0                                0                             0

POWER_SHARED_MEM_R_CORE_0                                       0                             0

POWER_SHARED_MEM_W_CORE_0                                       0                             0

POWER_SHARED_MEM_R_TAG_CORE_0                                   0                             0

POWER_SHARED_MEM_W_TAG_CORE_0                                   0                             0

POWER_BLOCK_STATES_R_CORE_1                             107374184                     107374184

POWER_BLOCK_STATES_W_CORE_1                             107374184                     107374184

POWER_FETCH_QUEUE_R_CORE_1                               99159352                      99159352

POWER_FETCH_QUEUE_W_CORE_1                               99159352                      99159352

POWER_INST_QUEUE_R_CORE_1                               206608727                     206608727

POWER_INST_QUEUE_W_CORE_1                                99159099                      99159099

POWER_BR_PRED_R_CORE_1                                    7361580                       7361580

POWER_BR_PRED_W_CORE_1                                    7360067                       7360067

POWER_RAS_R_CORE_1                                           1009                          1009

POWER_RAS_W_CORE_1                                            781                           781

POWER_ICACHE_R_CORE_1                                    24789838                      24789838

POWER_ICACHE_W_CORE_1                                         564                           564

POWER_ICACHE_R_TAG_CORE_1                                24790402                      24790402

POWER_ICACHE_MISS_BUF_R_CORE_1                               1128                          1128

POWER_ICACHE_MISS_BUF_W_CORE_1                               1128                          1128

POWER_ICACHE_MISS_BUF_R_TAG_CORE_1                            564                           564

POWER_ICACHE_MISS_BUF_W_TAG_CORE_1                              0                             0

POWER_ICACHE_TOT_ACC_CORE_1                                     0                             0

POWER_ICACHE_CONF_CORE_1                                        0                             0

POWER_INST_DECODER_R_CORE_1                              69784439                      69784439

POWER_INST_DECODER_W_CORE_1                                     0                             0

POWER_MICRO_OP_SEQ_R_CORE_1                                     0                             0

POWER_MICRO_OP_SEQ_W_CORE_1                                     0                             0

POWER_OPERAND_DECODER_R_CORE_1                           69784439                      69784439

POWER_OPERAND_DECODER_W_CORE_1                                  0                             0

POWER_UOP_QUEUE_R_CORE_1                                206608727                     206608727

POWER_UOP_QUEUE_W_CORE_1                                 99159099                      99159099

POWER_REG_RENAMING_TABLE_R_CORE_1                       206608727                     206608727

POWER_REG_RENAMING_TABLE_W_CORE_1                        99159099                      99159099

POWER_DEP_CHECK_LOGIC_R_CORE_1                           99159352                      99159352

POWER_FREELIST_R_CORE_1                                 206608727                     206608727

POWER_FREELIST_W_CORE_1                                  99159099                      99159099

POWER_RESERVATION_STATION_R_CORE_1                       99197547                      99197547

POWER_RESERVATION_STATION_W_CORE_1                       99159054                      99159054

POWER_RESERVATION_STATION_R_TAG_CORE_1                   99197547                      99197547

POWER_RESERVATION_STATION_W_TAG_CORE_1                          0                             0

POWER_INST_ISSUE_SEL_LOGIC_R_CORE_1                      99197547                      99197547

POWER_INST_ISSUE_SEL_LOGIC_W_CORE_1                      99159030                      99159030

POWER_PAYLOAD_RAM_R_CORE_1                               99197547                      99197547

POWER_PAYLOAD_RAM_W_CORE_1                               99159030                      99159030

POWER_EX_ALU_R_CORE_1                                    55117679                      55117679

POWER_EX_FPU_R_CORE_1                                          56                            56

POWER_EX_MUL_R_CORE_1                                         325                           325

POWER_EX_SFU_R_CORE_1                                           0                             0

POWER_REORDER_BUF_R_CORE_1                               99158969                      99158969

POWER_REORDER_BUF_W_CORE_1                              198318198                     198318198

POWER_INST_COMMIT_SEL_LOGIC_R_CORE_1                     99158969                      99158969

POWER_INST_COMMIT_SEL_LOGIC_W_CORE_1                     99159099                      99159099

POWER_FP_RENAME_R_CORE_1                                       74                            74

POWER_FP_RENAME_W_CORE_1                                        0                             0

POWER_LOAD_QUEUE_R_CORE_1                                33012064                      33012064

POWER_LOAD_QUEUE_W_CORE_1                                33012064                      33012064

POWER_LOAD_QUEUE_R_TAG_CORE_1                            33012064                      33012064

POWER_LOAD_QUEUE_W_TAG_CORE_1                                   0                             0

POWER_STORE_QUEUE_R_CORE_1                               11067423                      11067423

POWER_STORE_QUEUE_W_CORE_1                               11067423                      11067423

POWER_STORE_QUEUE_R_TAG_CORE_1                           11067423                      11067423

POWER_STORE_QUEUE_W_TAG_CORE_1                                  0                             0

POWER_DATA_TLB_R_CORE_1                                  33012064                      33012064

POWER_DATA_TLB_W_CORE_1                                         0                             0

POWER_DATA_TLB_R_TAG_CORE_1                                     0                             0

POWER_DATA_TLB_W_TAG_CORE_1                                     0                             0

POWER_INT_REGFILE_R_CORE_1                              154276978                     154276978

POWER_INT_REGFILE_W_CORE_1                               99158974                      99158974

POWER_FP_REGFILE_R_CORE_1                                     112                           112

POWER_FP_REGFILE_W_CORE_1                                      56                            56

POWER_GP_REGISTER_R_CORE_1                              154276978                     154276978

POWER_GP_REGISTER_W_CORE_1                               99158974                      99158974

POWER_FP_REGISTER_R_CORE_1                                    112                           112

POWER_FP_REGISTER_W_CORE_1                                     56                            56

POWER_SEGMENT_REGISTER_R_CORE_1                          44040970                      44040970

POWER_SEGMENT_REGISTER_W_CORE_1                          80749715                      80749715

POWER_CONTROL_REGISTER_R_CORE_1                                 0                             0

POWER_CONTROL_REGISTER_W_CORE_1                           7340759                       7340759

POWER_FLAG_REGISTER_R_CORE_1                                    0                             0

POWER_FLAG_REGISTER_W_CORE_1                                    0                             0

POWER_EXEC_BYPASS_CORE_1                                 99159030                      99159030

POWER_LOAD_BYPASS_CORE_1                                   941149                        941149

POWER_PIPELINE_CORE_1                                    69784166                      69784166

POWER_DCACHE_MISS_BUF_R_CORE_1                             940021                        940021

POWER_DCACHE_MISS_BUF_R_TAG_CORE_1                        6536084                       6536084

POWER_DCACHE_MISS_BUF_W_CORE_1                            6536084                       6536084

POWER_DCACHE_MISS_BUF_W_TAG_CORE_1                              0                             0

POWER_DCACHE_LINEFILL_BUF_R_CORE_1                              0                             0

POWER_L2CACHE_LINEFILL_BUF_R_CORE_1                       1888386                       1888386

POWER_DCACHE_LINEFILL_BUF_W_CORE_1                              0                             0

POWER_L2CACHE_LINEFILL_BUF_W_CORE_1                        534024                        534024

POWER_DCACHE_LINEFILL_BUF_R_TAG_CORE_1                          0                             0

POWER_L2CACHE_LINEFILL_BUF_R_TAG_CORE_1                   1951836                       1951836

POWER_DCACHE_LINEFILL_BUF_W_TAG_CORE_1                          0                             0

POWER_DCACHE_WB_BUF_R_CORE_1                                63450                         63450

POWER_L2CACHE_WB_BUF_R_CORE_1                                   0                             0

POWER_DCACHE_WB_BUF_W_CORE_1                                63450                         63450

POWER_L2CACHE_WB_BUF_W_CORE_1                                   0                             0

POWER_DCACHE_WB_BUF_R_TAG_CORE_1                           126900                        126900

POWER_L2CACHE_WB_BUF_R_TAG_CORE_1                               0                             0

POWER_DCACHE_WB_BUF_W_TAG_CORE_1                                0                             0

POWER_DCACHE_R_CORE_1                                    37504886                      37504886

POWER_L2CACHE_R_CORE_1                                          0                             0

POWER_DCACHE_W_CORE_1                                      470010                        470010

POWER_L2CACHE_W_CORE_1                                          0                             0

POWER_DCACHE_R_TAG_CORE_1                                44040970                      44040970

POWER_L2CACHE_R_TAG_CORE_1                                      0                             0

POWER_CONST_CACHE_R_CORE_1                                      0                             0

POWER_CONST_CACHE_W_CORE_1                                      0                             0

POWER_CONST_CACHE_R_TAG_CORE_1                                  0                             0

POWER_CONST_CACHE_W_TAG_CORE_1                                  0                             0

POWER_TEXTURE_CACHE_R_CORE_1                                    0                             0

POWER_TEXTURE_CACHE_W_CORE_1                                    0                             0

POWER_TEXTURE_CACHE_R_TAG_CORE_1                                0                             0

POWER_TEXTURE_CACHE_W_TAG_CORE_1                                0                             0

POWER_SHARED_MEM_R_CORE_1                                       0                             0

POWER_SHARED_MEM_W_CORE_1                                       0                             0

POWER_SHARED_MEM_R_TAG_CORE_1                                   0                             0

POWER_SHARED_MEM_W_TAG_CORE_1                                   0                             0

