####################################################################################################
Interval
####################################################################################################
Cumulative:         Cycles:                  20000     Instructions:                  1200
AVG_MEMORY_LATENCY_BASE                                   9048817                       9048817

AVG_MEMORY_LATENCY                                      533634511                       58.9728

MSHR_FULL                                                       0                             0

TOTAL_MEMORY                                              8747112                       8747112

TOTAL_MEMORY_MERGE                                        7533355                      0.861239

TOTAL_WB                                                   301712                     0.0344928

L1_WB                                                      300774                      0.996891

L2_WB                                                           0                             0

L3_WB                                                         938                    0.00310892

TOTAL_DRAM                                                 458721                        458721

TOTAL_DRAM_MERGE                                                0                             0

L1_HIT_CPU                                               74420497                      74420497

L1_HIT_GPU                                                      0                             0

L1_MISS_CPU                                               8746448                       8746448

L1_MISS_GPU                                                     0                             0

L2_HIT_CPU                                                      0                             0

L2_HIT_GPU                                                      0                             0

L2_MISS_CPU                                               1213757                       1213757

L2_MISS_GPU                                                     0                             0

L3_HIT_CPU                                                 755972                        755972

L3_HIT_GPU                                                      0                             0

L3_MISS_CPU                                                457783                        457783

L3_MISS_GPU                                                     0                             0

L3_HIT_PROMOTION_CPU                                            0                             0

L3_HIT_PROMOTION_GPU                                            0                             0

FETCH_THREAD_SKIP_LD_WAIT                                       0                             0

FETCH_THREAD_SKIP_BR_WAIT                                       0                             0

FETCH_THREAD_SKIP_SCHED_WAIT                                    0                             0

NUM_MUL_TRANS_CM_TM_DM_INST                                     0                             0

NUM_MUL_TRANS_CM_TM_DM                                          0                           NaN

CONST_CACHE_HIT                                                 0                             0

CONST_CACHE_MISS                                                0                             0

CONST_CACHE_MISS_NO_EXECUTE                                     0                             0

CONST_CACHE_ACCESS                                              0                             0

TEXTURE_CACHE_HIT                                               0                             0

TEXTURE_CACHE_MISS                                              0                             0

TEXTURE_CACHE_NO_EXECUTE                                        0                             0

TEXTURE_CACHE_ACCESS                                            0                             0

SHARED_MEM_INST                                                 0                             0

SHARED_MEM_ACCESS                                               0                             0

CACHE_BANK_BUSY                                           8237484                       8237484

ICACHE_MISS_TOTAL                                             664                           664

TOTAL_CAGE_PERIOD                                               0                             0

TOTAL_CAGE_APPL0                                                0                           NaN

TOTAL_CAGE_APPL1                                                0                           NaN

TOTAL_CAGE_APPL2                                                0                           NaN

TOTAL_CAGE_APPL3                                                0                           NaN

TOTAL_CAGE_APPL4                                                0                           NaN

ABIP_AVG_RATIO_BASE                                             0                             0

ABIP_AVG_RATIO                                                  0                           NaN

TOTAL_WRITE_ACKS                                                0                             0

TOTAL_WRITES                                                    0                             0

NUM_PHYSICAL_PAGES                                              0                             0

COAL_INST                                                       0                          NaN 
UNCOAL_INST                                                     0                          NaN 
                                                                0                           100%

COAL_INST_SINGLE_TRANS                                          0                          NaN 
COAL_INST_MUL_TRANS                                             0                          NaN 
UNCOAL_INST_MUL_TRANS                                           0                          NaN 
                                                                0                           100%

SM_COAL_INST                                                    0                          NaN 
CM_COAL_INST                                                    0                          NaN 
TM_COAL_INST                                                    0                          NaN 
DM_COAL_INST                                                    0                          NaN 
                                                                0                           100%

SM_UNCOAL_INST                                                  0                          NaN 
CM_UNCOAL_INST                                                  0                          NaN 
TM_UNCOAL_INST                                                  0                          NaN 
DM_UNCOAL_INST                                                  0                          NaN 
                                                                0                           100%

SM_COAL_INST_SINGLE_TRANS                                       0                          NaN 
CM_COAL_INST_SINGLE_TRANS                                       0                          NaN 
TM_COAL_INST_SINGLE_TRANS                                       0                          NaN 
DM_COAL_INST_SINGLE_TRANS                                       0                          NaN 
                                                                0                           100%

SM_COAL_INST_MUL_TRANS                                          0                          NaN 
CM_COAL_INST_MUL_TRANS                                          0                          NaN 
TM_COAL_INST_MUL_TRANS                                          0                          NaN 
DM_COAL_INST_MUL_TRANS                                          0                          NaN 
                                                                0                           100%

LD_NO_FORWARD                                            33879355                        53.069%
FORWARDED_LD                                             29960841                        46.931%
                                                         63840196                           100%

L3_TOT_ACCESS_CORE_CORE_0                                  704406                        704406

L3_HIT_CORE_CORE_0                                         656610                        656610

L3_MISS_CORE_CORE_0                                         47796                         47796

L3_HIT_RATE_CORE_CORE_0                                    656610                      0.932147

L3_MISS_RATE_CORE_CORE_0                                    47796                     0.0678529

L3_BYPASS_CORE_CORE_0                                       11052                         11052

MEM_STALL_CYCLE_CORE_0                                          0                             0

ICACHE_FILL_CORE_0                                            100                           100

NUM_WRITE_ACKS_CORE_0                                           0                             0

NUM_WRITES_CORE_0                                               0                             0

ICACHE_HIT_CORE_0                                        25850701                       99.9996%
ICACHE_MISS_CORE_0                                            100                   0.000386835%
                                                         25850801                           100%

L3_TOT_ACCESS_CORE_CORE_1                                  509349                        509349

L3_HIT_CORE_CORE_1                                          99362                         99362

L3_MISS_CORE_CORE_1                                        409987                        409987

L3_HIT_RATE_CORE_CORE_1                                     99362                      0.195076

L3_MISS_RATE_CORE_CORE_1                                   409987                      0.804924

L3_BYPASS_CORE_CORE_1                                      343700                        343700

MEM_STALL_CYCLE_CORE_1                                          0                             0

ICACHE_FILL_CORE_1                                            564                           564

NUM_WRITE_ACKS_CORE_1                                           0                             0

NUM_WRITES_CORE_1                                               0                             0

ICACHE_HIT_CORE_1                                        26823954                       99.9979%
ICACHE_MISS_CORE_1                                            564                    0.00210255%
                                                         26824518                           100%

