Arguments: ./macsim --l3_repl==PDP 
src/macsim.cc:133: (I=0  C=0):  initialize knobs
number of cores : 2
src/macsim.cc:531: (I=0  C=0):  initialize simulation
src/macsim.cc:327: (I=0  C=0):  initialize cores (2/0/0)
src/memory.cc:1695: (I=0  C=0):  Memory system(l2_decoupled_network) has been initialized.
l3_policy: PDP,PDP
0
1
ip_table done
way0=2
way1=30
src/network_ring.cc:107: (I=0  C=0):  TOTAL_ROUTER:4 CPU:2 GPU:0 L3:1 MC:1
src/network_ring.cc:312: (I=0  C=0):  RING topology
0 <-> 1 <-> 2 <-> 3 <-> 
enabling bug detector
src/macsim.cc:748: (I=0  C=0):  Initializing new noc

src/macsim.cc:839: (I=0  C=0):  Clock LCM           : 920
src/macsim.cc:840: (I=0  C=0):  CPU clock frequency : 2.3 GHz
src/macsim.cc:841: (I=0  C=0):  GPU clock frequency : 2.3 GHz
src/macsim.cc:842: (I=0  C=0):  L3  clock frequency : 1 GHz
src/macsim.cc:843: (I=0  C=0):  NOC clock frequency : 1 GHz
src/macsim.cc:844: (I=0  C=0):  MC  clock frequency : 0.8 GHz
src/process_manager.cc:455: (I=0  C=0):  setup_process:0 ../../../../jinku/macsim_traces/astar/trace.txt current_index:0 (1)
src/process_manager.cc:548: (I=0  C=0):  thread_count:1
src/process_manager.cc:455: (I=0  C=0):  setup_process:1 ../../../../jinku/macsim_traces/160810/16MB/trace.txt current_index:0 (1)
src/process_manager.cc:548: (I=0  C=0):  thread_count:1
1000000
2000000
3000000
4000000
** Heartbeat for core[00]:        insts:10000000    cycles:9335611    (373424400) seconds:89    -- 1.07 IPC (1.07 IPC) -- 0.00 KIPS (112.36 KIPS)
** Heartbeat for core[00]:  Thread:0      insts:10000000    cycles:9335611    (373424400) seconds:89    -- 1.07 IPC (1.07 IPC) -- 0.00 KIPS (112.36 KIPS)
5000000
6000000
** Heartbeat for core[01]:        insts:10000000    cycles:13884980   (555399160) seconds:135   -- 0.72 IPC (0.72 IPC) -- 0.00 KIPS (74.07 KIPS)
** Heartbeat for core[01]:  Thread:0      insts:10000000    cycles:13884980   (555399160) seconds:135   -- 0.72 IPC (0.72 IPC) -- 0.00 KIPS (74.07 KIPS)
7000000
8000000
** Heartbeat for core[00]:        insts:20000000    cycles:18551851   (742074000) seconds:183   -- 1.09 IPC (1.08 IPC) -- 106.38 KIPS (109.29 KIPS)
** Heartbeat for core[00]:  Thread:0      insts:20000000    cycles:18551851   (742074000) seconds:183   -- 1.09 IPC (1.08 IPC) -- 106.38 KIPS (109.29 KIPS)
9000000
10000000
11000000
** Heartbeat for core[01]:        insts:20000000    cycles:27185650   (1087425960) seconds:275   -- 0.75 IPC (0.74 IPC) -- 71.43 KIPS (72.73 KIPS)
** Heartbeat for core[01]:  Thread:0      insts:20000000    cycles:27185650   (1087425960) seconds:275   -- 0.75 IPC (0.74 IPC) -- 71.43 KIPS (72.73 KIPS)
12000000
** Heartbeat for core[00]:        insts:30000000    cycles:27601424   (1104056920) seconds:279   -- 1.11 IPC (1.09 IPC) -- 104.17 KIPS (107.53 KIPS)
** Heartbeat for core[00]:  Thread:0      insts:30000000    cycles:27601424   (1104056920) seconds:279   -- 1.11 IPC (1.09 IPC) -- 104.17 KIPS (107.53 KIPS)
13000000
14000000
15000000
** Heartbeat for core[00]:        insts:40000000    cycles:36636101   (1465444000) seconds:380   -- 1.11 IPC (1.09 IPC) -- 99.01 KIPS (105.26 KIPS)
** Heartbeat for core[00]:  Thread:0      insts:40000000    cycles:36636101   (1465444000) seconds:380   -- 1.11 IPC (1.09 IPC) -- 99.01 KIPS (105.26 KIPS)
16000000
17000000
** Heartbeat for core[01]:        insts:30000000    cycles:40480758   (1619230280) seconds:425   -- 0.75 IPC (0.74 IPC) -- 66.67 KIPS (70.59 KIPS)
** Heartbeat for core[01]:  Thread:0      insts:30000000    cycles:40480758   (1619230280) seconds:425   -- 0.75 IPC (0.74 IPC) -- 66.67 KIPS (70.59 KIPS)
18000000
19000000
** Heartbeat for core[00]:        insts:50000000    cycles:45788671   (1831546800) seconds:487   -- 1.09 IPC (1.09 IPC) -- 93.46 KIPS (102.67 KIPS)
** Heartbeat for core[00]:  Thread:0      insts:50000000    cycles:45788671   (1831546800) seconds:487   -- 1.09 IPC (1.09 IPC) -- 93.46 KIPS (102.67 KIPS)
20000000
21000000
22000000
** Heartbeat for core[01]:        insts:40000000    cycles:51501249   (2060049920) seconds:556   -- 0.91 IPC (0.78 IPC) -- 76.34 KIPS (71.94 KIPS)
** Heartbeat for core[01]:  Thread:0      insts:40000000    cycles:51501249   (2060049920) seconds:556   -- 0.91 IPC (0.78 IPC) -- 76.34 KIPS (71.94 KIPS)
23000000
24000000
** Heartbeat for core[00]:        insts:60000000    cycles:56366828   (2254673080) seconds:609   -- 0.95 IPC (1.06 IPC) -- 81.97 KIPS (98.52 KIPS)
** Heartbeat for core[00]:  Thread:0      insts:60000000    cycles:56366828   (2254673080) seconds:609   -- 0.95 IPC (1.06 IPC) -- 81.97 KIPS (98.52 KIPS)
25000000
26000000
27000000
28000000
29000000
** Heartbeat for core[01]:        insts:50000000    cycles:66943026   (2677721000) seconds:713   -- 0.65 IPC (0.75 IPC) -- 63.69 KIPS (70.13 KIPS)
** Heartbeat for core[01]:  Thread:0      insts:50000000    cycles:66943026   (2677721000) seconds:713   -- 0.65 IPC (0.75 IPC) -- 63.69 KIPS (70.13 KIPS)
30000000
30000000: 30m cycle
0:48:0.58812
way:2
1:1018:0.00453257
way:30
31000000
32000000
33000000
34000000
35000000
** Heartbeat for core[00]:        insts:70000000    cycles:81014166   (3240566600) seconds:857   -- 0.41 IPC (0.86 IPC) -- 40.32 KIPS (81.68 KIPS)
** Heartbeat for core[00]:  Thread:0      insts:70000000    cycles:81014166   (3240566600) seconds:857   -- 0.41 IPC (0.86 IPC) -- 40.32 KIPS (81.68 KIPS)
36000000
** Heartbeat for core[01]:        insts:60000000    cycles:84443795   (3377751760) seconds:893   -- 0.57 IPC (0.71 IPC) -- 55.56 KIPS (67.19 KIPS)
** Heartbeat for core[01]:  Thread:0      insts:60000000    cycles:84443795   (3377751760) seconds:893   -- 0.57 IPC (0.71 IPC) -- 55.56 KIPS (67.19 KIPS)
37000000
38000000
39000000
40000000
41000000
42000000
43000000
44000000
** Heartbeat for core[01]:        insts:70000000    cycles:101967161  (4078686400) seconds:1080  -- 0.57 IPC (0.69 IPC) -- 53.48 KIPS (64.81 KIPS)
** Heartbeat for core[01]:  Thread:0      insts:70000000    cycles:101967161  (4078686400) seconds:1080  -- 0.57 IPC (0.69 IPC) -- 53.48 KIPS (64.81 KIPS)
45000000
46000000
** Heartbeat for core[00]:        insts:80000000    cycles:106359884  (4254395320) seconds:1129  -- 0.39 IPC (0.75 IPC) -- 36.76 KIPS (70.86 KIPS)
** Heartbeat for core[00]:  Thread:0      insts:80000000    cycles:106359884  (4254395320) seconds:1129  -- 0.39 IPC (0.75 IPC) -- 36.76 KIPS (70.86 KIPS)
**Core 00 Core_Total  Finished:   insts:80397037    cycles:107374184  (4294967320) seconds:1141  -- 0.75 IPC (0.75 IPC) --  N/A  KHz (70.46 KHz)
**Core 00 Thread 00 Finished:   insts:80397037    cycles:107374184  (4294967320)  seconds:1141  -- 0.75 IPC (0.75 IPC) --  N/A  KHz (70.46 KHz) 
**Core 01 Core_Total  Finished:   insts:75429545    cycles:107374184  (4294967320) seconds:1141  -- 0.70 IPC (0.70 IPC) --  N/A  KHz (66.11 KHz)
**Core 01 Thread 00 Finished:   insts:75429545    cycles:107374184  (4294967320)  seconds:1141  -- 0.70 IPC (0.70 IPC) --  N/A  KHz (66.11 KHz) 
src/macsim.cc:617: (I=80397037  C=4294967361):  finalize simulation
src/macsim.cc:623: (I=80397037  C=4294967361):  elapsed time:1141.4 seconds
Done
