####################################################################################################
Interval
####################################################################################################
Cumulative:         Cycles:                  20000     Instructions:                  1200
POWER_L3CACHE_LINEFILL_BUF_R                               457783                        457783

POWER_L3CACHE_LINEFILL_BUF_W                               457783                        457783

POWER_L3CACHE_LINEFILL_BUF_R_TAG                           457783                        457783

POWER_L3CACHE_WB_BUF_R                                        938                           938

POWER_L3CACHE_WB_BUF_W                                        938                           938

POWER_L3CACHE_WB_BUF_R_TAG                                    938                           938

POWER_L3CACHE_R                                            755972                        755972

POWER_L3CACHE_W                                            103031                        103031

POWER_L3CACHE_R_TAG                                       1213755                       1213755

POWER_MC_R                                                9205833                       9205833

POWER_MC_W                                                 458721                        458721

POWER_BLOCK_STATES_R_CORE_0                             107374184                     107374184

POWER_BLOCK_STATES_W_CORE_0                             107374184                     107374184

POWER_FETCH_QUEUE_R_CORE_0                              103402804                     103402804

POWER_FETCH_QUEUE_W_CORE_0                              103402804                     103402804

POWER_INST_QUEUE_R_CORE_0                               223415321                     223415321

POWER_INST_QUEUE_W_CORE_0                               103402804                     103402804

POWER_BR_PRED_R_CORE_0                                   11373088                      11373088

POWER_BR_PRED_W_CORE_0                                   11246263                      11246263

POWER_RAS_R_CORE_0                                         554673                        554673

POWER_RAS_W_CORE_0                                         529574                        529574

POWER_ICACHE_R_CORE_0                                    25850701                      25850701

POWER_ICACHE_W_CORE_0                                         100                           100

POWER_ICACHE_R_TAG_CORE_0                                25850801                      25850801

POWER_ICACHE_MISS_BUF_R_CORE_0                                200                           200

POWER_ICACHE_MISS_BUF_W_CORE_0                                200                           200

POWER_ICACHE_MISS_BUF_R_TAG_CORE_0                            100                           100

POWER_ICACHE_MISS_BUF_W_TAG_CORE_0                              0                             0

POWER_ICACHE_TOT_ACC_CORE_0                                     0                             0

POWER_ICACHE_CONF_CORE_0                                        0                             0

POWER_INST_DECODER_R_CORE_0                              80397042                      80397042

POWER_INST_DECODER_W_CORE_0                                     0                             0

POWER_MICRO_OP_SEQ_R_CORE_0                                     0                             0

POWER_MICRO_OP_SEQ_W_CORE_0                                     0                             0

POWER_OPERAND_DECODER_R_CORE_0                           80397042                      80397042

POWER_OPERAND_DECODER_W_CORE_0                                  0                             0

POWER_UOP_QUEUE_R_CORE_0                                223415321                     223415321

POWER_UOP_QUEUE_W_CORE_0                                103402804                     103402804

POWER_REG_RENAMING_TABLE_R_CORE_0                       223415321                     223415321

POWER_REG_RENAMING_TABLE_W_CORE_0                       103402804                     103402804

POWER_DEP_CHECK_LOGIC_R_CORE_0                          103402804                     103402804

POWER_FREELIST_R_CORE_0                                 223415321                     223415321

POWER_FREELIST_W_CORE_0                                 103402804                     103402804

POWER_RESERVATION_STATION_R_CORE_0                      103403224                     103403224

POWER_RESERVATION_STATION_W_CORE_0                      103402804                     103402804

POWER_RESERVATION_STATION_R_TAG_CORE_0                  103403224                     103403224

POWER_RESERVATION_STATION_W_TAG_CORE_0                          0                             0

POWER_INST_ISSUE_SEL_LOGIC_R_CORE_0                     103403224                     103403224

POWER_INST_ISSUE_SEL_LOGIC_W_CORE_0                     103402801                     103402801

POWER_PAYLOAD_RAM_R_CORE_0                              103403224                     103403224

POWER_PAYLOAD_RAM_W_CORE_0                              103402801                     103402801

POWER_EX_ALU_R_CORE_0                                    63663568                      63663568

POWER_EX_FPU_R_CORE_0                                       60435                         60435

POWER_EX_MUL_R_CORE_0                                     4289439                       4289439

POWER_EX_SFU_R_CORE_0                                           0                             0

POWER_REORDER_BUF_R_CORE_0                              103402797                     103402797

POWER_REORDER_BUF_W_CORE_0                              206805608                     206805608

POWER_INST_COMMIT_SEL_LOGIC_R_CORE_0                    103402797                     103402797

POWER_INST_COMMIT_SEL_LOGIC_W_CORE_0                    103402804                     103402804

POWER_FP_RENAME_R_CORE_0                                   146663                        146663

POWER_FP_RENAME_W_CORE_0                                        0                             0

POWER_LOAD_QUEUE_R_CORE_0                                28296499                      28296499

POWER_LOAD_QUEUE_W_CORE_0                                28296499                      28296499

POWER_LOAD_QUEUE_R_TAG_CORE_0                            28296499                      28296499

POWER_LOAD_QUEUE_W_TAG_CORE_0                                   0                             0

POWER_STORE_QUEUE_R_CORE_0                                7093283                       7093283

POWER_STORE_QUEUE_W_CORE_0                                7093283                       7093283

POWER_STORE_QUEUE_R_TAG_CORE_0                            7093283                       7093283

POWER_STORE_QUEUE_W_TAG_CORE_0                                  0                             0

POWER_DATA_TLB_R_CORE_0                                  28296499                      28296499

POWER_DATA_TLB_W_CORE_0                                         0                             0

POWER_DATA_TLB_R_TAG_CORE_0                                     0                             0

POWER_DATA_TLB_W_TAG_CORE_0                                     0                             0

POWER_INT_REGFILE_R_CORE_0                              171295373                     171295373

POWER_INT_REGFILE_W_CORE_0                              103342366                     103342366

POWER_FP_REGFILE_R_CORE_0                                  117830                        117830

POWER_FP_REGFILE_W_CORE_0                                   60435                         60435

POWER_GP_REGISTER_R_CORE_0                              171295373                     171295373

POWER_GP_REGISTER_W_CORE_0                              103342366                     103342366

POWER_FP_REGISTER_R_CORE_0                                 120870                        120870

POWER_FP_REGISTER_W_CORE_0                                  60435                         60435

POWER_SEGMENT_REGISTER_R_CORE_0                          35389359                      35389359

POWER_SEGMENT_REGISTER_W_CORE_0                          69538270                      69538270

POWER_CONTROL_REGISTER_R_CORE_0                                 0                             0

POWER_CONTROL_REGISTER_W_CORE_0                           2006276                       2006276

POWER_FLAG_REGISTER_R_CORE_0                                    0                             0

POWER_FLAG_REGISTER_W_CORE_0                                    0                             0

POWER_EXEC_BYPASS_CORE_0                                103402801                     103402801

POWER_LOAD_BYPASS_CORE_0                                  1408813                       1408813

POWER_PIPELINE_CORE_0                                    80397037                      80397037

POWER_DCACHE_MISS_BUF_R_CORE_0                            1408613                       1408613

POWER_DCACHE_MISS_BUF_R_TAG_CORE_0                        1635786                       1635786

POWER_DCACHE_MISS_BUF_W_CORE_0                            1635786                       1635786

POWER_DCACHE_MISS_BUF_W_TAG_CORE_0                              0                             0

POWER_DCACHE_LINEFILL_BUF_R_CORE_0                              0                             0

POWER_L2CACHE_LINEFILL_BUF_R_CORE_0                        935966                        935966

POWER_DCACHE_LINEFILL_BUF_W_CORE_0                              0                             0

POWER_L2CACHE_LINEFILL_BUF_W_CORE_0                        919798                        919798

POWER_DCACHE_LINEFILL_BUF_R_TAG_CORE_0                          0                             0

POWER_L2CACHE_LINEFILL_BUF_R_TAG_CORE_0                   1151358                       1151358

POWER_DCACHE_LINEFILL_BUF_W_TAG_CORE_0                          0                             0

POWER_DCACHE_WB_BUF_R_CORE_0                               215392                        215392

POWER_L2CACHE_WB_BUF_R_CORE_0                                   0                             0

POWER_DCACHE_WB_BUF_W_CORE_0                               215392                        215392

POWER_L2CACHE_WB_BUF_W_CORE_0                                   0                             0

POWER_DCACHE_WB_BUF_R_TAG_CORE_0                           430784                        430784

POWER_L2CACHE_WB_BUF_R_TAG_CORE_0                               0                             0

POWER_DCACHE_WB_BUF_W_TAG_CORE_0                                0                             0

POWER_DCACHE_R_CORE_0                                    33753573                      33753573

POWER_L2CACHE_R_CORE_0                                          0                             0

POWER_DCACHE_W_CORE_0                                      704306                        704306

POWER_L2CACHE_W_CORE_0                                          0                             0

POWER_DCACHE_R_TAG_CORE_0                                35389359                      35389359

POWER_L2CACHE_R_TAG_CORE_0                                      0                             0

POWER_CONST_CACHE_R_CORE_0                                      0                             0

POWER_CONST_CACHE_W_CORE_0                                      0                             0

POWER_CONST_CACHE_R_TAG_CORE_0                                  0                             0

POWER_CONST_CACHE_W_TAG_CORE_0                                  0                             0

POWER_TEXTURE_CACHE_R_CORE_0                                    0                             0

POWER_TEXTURE_CACHE_W_CORE_0                                    0                             0

POWER_TEXTURE_CACHE_R_TAG_CORE_0                                0                             0

POWER_TEXTURE_CACHE_W_TAG_CORE_0                                0                             0

POWER_SHARED_MEM_R_CORE_0                                       0                             0

POWER_SHARED_MEM_W_CORE_0                                       0                             0

POWER_SHARED_MEM_R_TAG_CORE_0                                   0                             0

POWER_SHARED_MEM_W_TAG_CORE_0                                   0                             0

POWER_BLOCK_STATES_R_CORE_1                             107374184                     107374184

POWER_BLOCK_STATES_W_CORE_1                             107374184                     107374184

POWER_FETCH_QUEUE_R_CORE_1                              107295816                     107295816

POWER_FETCH_QUEUE_W_CORE_1                              107295816                     107295816

POWER_INST_QUEUE_R_CORE_1                               223506998                     223506998

POWER_INST_QUEUE_W_CORE_1                               107295563                     107295563

POWER_BR_PRED_R_CORE_1                                    7984353                       7984353

POWER_BR_PRED_W_CORE_1                                    7982838                       7982838

POWER_RAS_R_CORE_1                                           1009                          1009

POWER_RAS_W_CORE_1                                            781                           781

POWER_ICACHE_R_CORE_1                                    26823954                      26823954

POWER_ICACHE_W_CORE_1                                         564                           564

POWER_ICACHE_R_TAG_CORE_1                                26824518                      26824518

POWER_ICACHE_MISS_BUF_R_CORE_1                               1128                          1128

POWER_ICACHE_MISS_BUF_W_CORE_1                               1128                          1128

POWER_ICACHE_MISS_BUF_R_TAG_CORE_1                            564                           564

POWER_ICACHE_MISS_BUF_W_TAG_CORE_1                              0                             0

POWER_ICACHE_TOT_ACC_CORE_1                                     0                             0

POWER_ICACHE_CONF_CORE_1                                        0                             0

POWER_INST_DECODER_R_CORE_1                              75429816                      75429816

POWER_INST_DECODER_W_CORE_1                                     0                             0

POWER_MICRO_OP_SEQ_R_CORE_1                                     0                             0

POWER_MICRO_OP_SEQ_W_CORE_1                                     0                             0

POWER_OPERAND_DECODER_R_CORE_1                           75429816                      75429816

POWER_OPERAND_DECODER_W_CORE_1                                  0                             0

POWER_UOP_QUEUE_R_CORE_1                                223506998                     223506998

POWER_UOP_QUEUE_W_CORE_1                                107295563                     107295563

POWER_REG_RENAMING_TABLE_R_CORE_1                       223506998                     223506998

POWER_REG_RENAMING_TABLE_W_CORE_1                       107295563                     107295563

POWER_DEP_CHECK_LOGIC_R_CORE_1                          107295816                     107295816

POWER_FREELIST_R_CORE_1                                 223506998                     223506998

POWER_FREELIST_W_CORE_1                                 107295563                     107295563

POWER_RESERVATION_STATION_R_CORE_1                      107345298                     107345298

POWER_RESERVATION_STATION_W_CORE_1                      107295530                     107295530

POWER_RESERVATION_STATION_R_TAG_CORE_1                  107345298                     107345298

POWER_RESERVATION_STATION_W_TAG_CORE_1                          0                             0

POWER_INST_ISSUE_SEL_LOGIC_R_CORE_1                     107345298                     107345298

POWER_INST_ISSUE_SEL_LOGIC_W_CORE_1                     107295506                     107295506

POWER_PAYLOAD_RAM_R_CORE_1                              107345298                     107345298

POWER_PAYLOAD_RAM_W_CORE_1                              107295506                     107295506

POWER_EX_ALU_R_CORE_1                                    59517539                      59517539

POWER_EX_FPU_R_CORE_1                                          56                            56

POWER_EX_MUL_R_CORE_1                                         325                           325

POWER_EX_SFU_R_CORE_1                                           0                             0

POWER_REORDER_BUF_R_CORE_1                              107295423                     107295423

POWER_REORDER_BUF_W_CORE_1                              214591126                     214591126

POWER_INST_COMMIT_SEL_LOGIC_R_CORE_1                    107295423                     107295423

POWER_INST_COMMIT_SEL_LOGIC_W_CORE_1                    107295563                     107295563

POWER_FP_RENAME_R_CORE_1                                       74                            74

POWER_FP_RENAME_W_CORE_1                                        0                             0

POWER_LOAD_QUEUE_R_CORE_1                                35543603                      35543603

POWER_LOAD_QUEUE_W_CORE_1                                35543603                      35543603

POWER_LOAD_QUEUE_R_TAG_CORE_1                            35543603                      35543603

POWER_LOAD_QUEUE_W_TAG_CORE_1                                   0                             0

POWER_STORE_QUEUE_R_CORE_1                               12283775                      12283775

POWER_STORE_QUEUE_W_CORE_1                               12283775                      12283775

POWER_STORE_QUEUE_R_TAG_CORE_1                           12283775                      12283775

POWER_STORE_QUEUE_W_TAG_CORE_1                                  0                             0

POWER_DATA_TLB_R_CORE_1                                  35543603                      35543603

POWER_DATA_TLB_W_CORE_1                                         0                             0

POWER_DATA_TLB_R_TAG_CORE_1                                     0                             0

POWER_DATA_TLB_W_TAG_CORE_1                                     0                             0

POWER_INT_REGFILE_R_CORE_1                              166813314                     166813314

POWER_INT_REGFILE_W_CORE_1                              107295450                     107295450

POWER_FP_REGFILE_R_CORE_1                                     112                           112

POWER_FP_REGFILE_W_CORE_1                                      56                            56

POWER_GP_REGISTER_R_CORE_1                              166813314                     166813314

POWER_GP_REGISTER_W_CORE_1                              107295450                     107295450

POWER_FP_REGISTER_R_CORE_1                                    112                           112

POWER_FP_REGISTER_W_CORE_1                                     56                            56

POWER_SEGMENT_REGISTER_R_CORE_1                          47777586                      47777586

POWER_SEGMENT_REGISTER_W_CORE_1                          87600185                      87600185

POWER_CONTROL_REGISTER_R_CORE_1                                 0                             0

POWER_CONTROL_REGISTER_W_CORE_1                           7963529                       7963529

POWER_FLAG_REGISTER_R_CORE_1                                    0                             0

POWER_FLAG_REGISTER_W_CORE_1                                    0                             0

POWER_EXEC_BYPASS_CORE_1                                107295506                     107295506

POWER_LOAD_BYPASS_CORE_1                                  1018699                       1018699

POWER_PIPELINE_CORE_1                                    75429545                      75429545

POWER_DCACHE_MISS_BUF_R_CORE_1                            1017571                       1017571

POWER_DCACHE_MISS_BUF_R_TAG_CORE_1                        7110662                       7110662

POWER_DCACHE_MISS_BUF_W_CORE_1                            7110662                       7110662

POWER_DCACHE_MISS_BUF_W_TAG_CORE_1                              0                             0

POWER_DCACHE_LINEFILL_BUF_R_CORE_1                              0                             0

POWER_L2CACHE_LINEFILL_BUF_R_CORE_1                       2062636                       2062636

POWER_DCACHE_LINEFILL_BUF_W_CORE_1                              0                             0

POWER_L2CACHE_LINEFILL_BUF_W_CORE_1                        594731                        594731

POWER_DCACHE_LINEFILL_BUF_R_TAG_CORE_1                          0                             0

POWER_L2CACHE_LINEFILL_BUF_R_TAG_CORE_1                   2148018                       2148018

POWER_DCACHE_LINEFILL_BUF_W_TAG_CORE_1                          0                             0

POWER_DCACHE_WB_BUF_R_CORE_1                                85382                         85382

POWER_L2CACHE_WB_BUF_R_CORE_1                                   0                             0

POWER_DCACHE_WB_BUF_W_CORE_1                                85382                         85382

POWER_L2CACHE_WB_BUF_W_CORE_1                                   0                             0

POWER_DCACHE_WB_BUF_R_TAG_CORE_1                           170764                        170764

POWER_L2CACHE_WB_BUF_R_TAG_CORE_1                               0                             0

POWER_DCACHE_WB_BUF_W_TAG_CORE_1                                0                             0

POWER_DCACHE_R_CORE_1                                    40666924                      40666924

POWER_L2CACHE_R_CORE_1                                          0                             0

POWER_DCACHE_W_CORE_1                                      508785                        508785

POWER_L2CACHE_W_CORE_1                                          0                             0

POWER_DCACHE_R_TAG_CORE_1                                47777586                      47777586

POWER_L2CACHE_R_TAG_CORE_1                                      0                             0

POWER_CONST_CACHE_R_CORE_1                                      0                             0

POWER_CONST_CACHE_W_CORE_1                                      0                             0

POWER_CONST_CACHE_R_TAG_CORE_1                                  0                             0

POWER_CONST_CACHE_W_TAG_CORE_1                                  0                             0

POWER_TEXTURE_CACHE_R_CORE_1                                    0                             0

POWER_TEXTURE_CACHE_W_CORE_1                                    0                             0

POWER_TEXTURE_CACHE_R_TAG_CORE_1                                0                             0

POWER_TEXTURE_CACHE_W_TAG_CORE_1                                0                             0

POWER_SHARED_MEM_R_CORE_1                                       0                             0

POWER_SHARED_MEM_W_CORE_1                                       0                             0

POWER_SHARED_MEM_R_TAG_CORE_1                                   0                             0

POWER_SHARED_MEM_W_TAG_CORE_1                                   0                             0

