Arguments: ./macsim --l3_repl==PDP 
src/macsim.cc:133: (I=0  C=0):  initialize knobs
number of cores : 2
src/macsim.cc:531: (I=0  C=0):  initialize simulation
src/macsim.cc:327: (I=0  C=0):  initialize cores (2/0/0)
src/memory.cc:1695: (I=0  C=0):  Memory system(l2_decoupled_network) has been initialized.
l3_policy: PDP,PDP
0
1
Way0:4
Way1:28
ip_table done
way0=4
way1=28
src/network_ring.cc:107: (I=0  C=0):  TOTAL_ROUTER:4 CPU:2 GPU:0 L3:1 MC:1
src/network_ring.cc:312: (I=0  C=0):  RING topology
0 <-> 1 <-> 2 <-> 3 <-> 
enabling bug detector
src/macsim.cc:748: (I=0  C=0):  Initializing new noc

src/macsim.cc:839: (I=0  C=0):  Clock LCM           : 920
src/macsim.cc:840: (I=0  C=0):  CPU clock frequency : 2.3 GHz
src/macsim.cc:841: (I=0  C=0):  GPU clock frequency : 2.3 GHz
src/macsim.cc:842: (I=0  C=0):  L3  clock frequency : 1 GHz
src/macsim.cc:843: (I=0  C=0):  NOC clock frequency : 1 GHz
src/macsim.cc:844: (I=0  C=0):  MC  clock frequency : 0.8 GHz
src/process_manager.cc:455: (I=0  C=0):  setup_process:0 /home/jinku/macsim_traces/calculix/trace.txt current_index:0 (1)
src/process_manager.cc:548: (I=0  C=0):  thread_count:1
src/process_manager.cc:455: (I=0  C=0):  setup_process:1 /home/jinku/macsim_traces/160810/16MB/trace.txt current_index:0 (1)
src/process_manager.cc:548: (I=0  C=0):  thread_count:1
1000000
2000000
3000000
** Heartbeat for core[00]:        insts:10000000    cycles:9185470    (367418760) seconds:93    -- 1.09 IPC (1.09 IPC) -- 0.00 KIPS (107.53 KIPS)
** Heartbeat for core[00]:  Thread:0      insts:10000000    cycles:9185470    (367418760) seconds:93    -- 1.09 IPC (1.09 IPC) -- 0.00 KIPS (107.53 KIPS)
4000000
5000000
5000000: 30m cycle
total access:[20420]
0:50:0.47698
total access:[346]
1:13:0.540625
6000000
** Heartbeat for core[01]:        insts:10000000    cycles:13813524   (552540920) seconds:139   -- 0.72 IPC (0.72 IPC) -- 0.00 KIPS (71.94 KIPS)
** Heartbeat for core[01]:  Thread:0      insts:10000000    cycles:13813524   (552540920) seconds:139   -- 0.72 IPC (0.72 IPC) -- 0.00 KIPS (71.94 KIPS)
7000000
8000000
** Heartbeat for core[00]:        insts:20000000    cycles:18873294   (754931720) seconds:190   -- 1.03 IPC (1.06 IPC) -- 103.09 KIPS (105.26 KIPS)
** Heartbeat for core[00]:  Thread:0      insts:20000000    cycles:18873294   (754931720) seconds:190   -- 1.03 IPC (1.06 IPC) -- 103.09 KIPS (105.26 KIPS)
9000000
10000000
10000000: 30m cycle
total access:[52765]
0:113:0.356152
total access:[346]
1:13:0.540625
11000000
** Heartbeat for core[01]:        insts:20000000    cycles:27018367   (1080734640) seconds:274   -- 0.76 IPC (0.74 IPC) -- 74.07 KIPS (72.99 KIPS)
** Heartbeat for core[01]:  Thread:0      insts:20000000    cycles:27018367   (1080734640) seconds:274   -- 0.76 IPC (0.74 IPC) -- 74.07 KIPS (72.99 KIPS)
12000000
** Heartbeat for core[00]:        insts:30000000    cycles:28300913   (1132036480) seconds:288   -- 1.06 IPC (1.06 IPC) -- 102.04 KIPS (104.17 KIPS)
** Heartbeat for core[00]:  Thread:0      insts:30000000    cycles:28300913   (1132036480) seconds:288   -- 1.06 IPC (1.06 IPC) -- 102.04 KIPS (104.17 KIPS)
13000000
14000000
15000000
15000000: 30m cycle
total access:[69422]
0:113:0.34192
total access:[346]
1:13:0.540625
16000000
** Heartbeat for core[00]:        insts:40000000    cycles:38077482   (1523099240) seconds:394   -- 1.02 IPC (1.05 IPC) -- 94.34 KIPS (101.52 KIPS)
** Heartbeat for core[00]:  Thread:0      insts:40000000    cycles:38077482   (1523099240) seconds:394   -- 1.02 IPC (1.05 IPC) -- 94.34 KIPS (101.52 KIPS)
17000000
** Heartbeat for core[01]:        insts:30000000    cycles:40225067   (1609002640) seconds:418   -- 0.76 IPC (0.75 IPC) -- 69.44 KIPS (71.77 KIPS)
** Heartbeat for core[01]:  Thread:0      insts:30000000    cycles:40225067   (1609002640) seconds:418   -- 0.76 IPC (0.75 IPC) -- 69.44 KIPS (71.77 KIPS)
18000000
19000000
20000000
20000000: 30m cycle
total access:[111304]
0:113:0.338592
total access:[9167]
1:314:0.00614307
21000000
** Heartbeat for core[00]:        insts:50000000    cycles:50278256   (2011130200) seconds:532   -- 0.82 IPC (0.99 IPC) -- 72.46 KIPS (93.98 KIPS)
** Heartbeat for core[00]:  Thread:0      insts:50000000    cycles:50278256   (2011130200) seconds:532   -- 0.82 IPC (0.99 IPC) -- 72.46 KIPS (93.98 KIPS)
22000000
** Heartbeat for core[01]:        insts:40000000    cycles:51200222   (2048008840) seconds:543   -- 0.91 IPC (0.78 IPC) -- 80.00 KIPS (73.66 KIPS)
** Heartbeat for core[01]:  Thread:0      insts:40000000    cycles:51200222   (2048008840) seconds:543   -- 0.91 IPC (0.78 IPC) -- 80.00 KIPS (73.66 KIPS)
23000000
24000000
25000000
25000000: 30m cycle
total access:[179819]
0:70:0.368749
total access:[70866]
1:877:0.00569874
26000000
27000000
28000000
29000000
** Heartbeat for core[01]:        insts:50000000    cycles:67099311   (2683972400) seconds:706   -- 0.63 IPC (0.75 IPC) -- 61.35 KIPS (70.82 KIPS)
** Heartbeat for core[01]:  Thread:0      insts:50000000    cycles:67099311   (2683972400) seconds:706   -- 0.63 IPC (0.75 IPC) -- 61.35 KIPS (70.82 KIPS)
30000000
30000000: 30m cycle
total access:[300456]
0:70:0.482068
total access:[113993]
1:766:0.00533228
31000000
32000000
33000000
34000000
35000000
35000000: 30m cycle
total access:[420468]
0:52:0.521763
total access:[157148]
1:851:0.00487446
36000000
** Heartbeat for core[01]:        insts:60000000    cycles:84534472   (3381378840) seconds:887   -- 0.57 IPC (0.71 IPC) -- 55.25 KIPS (67.64 KIPS)
** Heartbeat for core[01]:  Thread:0      insts:60000000    cycles:84534472   (3381378840) seconds:887   -- 0.57 IPC (0.71 IPC) -- 55.25 KIPS (67.64 KIPS)
37000000
38000000
39000000
40000000
40000000: 30m cycle
total access:[545079]
0:49:0.547569
total access:[200308]
1:996:0.00442488
41000000
42000000
** Heartbeat for core[00]:        insts:60000000    cycles:98617634   (3944705320) seconds:1039  -- 0.21 IPC (0.61 IPC) -- 19.72 KIPS (57.75 KIPS)
** Heartbeat for core[00]:  Thread:0      insts:60000000    cycles:98617634   (3944705320) seconds:1039  -- 0.21 IPC (0.61 IPC) -- 19.72 KIPS (57.75 KIPS)
43000000
44000000
** Heartbeat for core[01]:        insts:70000000    cycles:101970022  (4078800840) seconds:1075  -- 0.57 IPC (0.69 IPC) -- 53.19 KIPS (65.12 KIPS)
** Heartbeat for core[01]:  Thread:0      insts:70000000    cycles:101970022  (4078800840) seconds:1075  -- 0.57 IPC (0.69 IPC) -- 53.19 KIPS (65.12 KIPS)
45000000
45000000: 30m cycle
total access:[677641]
0:49:0.577291
total access:[248117]
1:1021:0.00399655
46000000
**Core 00 Core_Total  Finished:   insts:61112901    cycles:107374184  (4294967320) seconds:1143  -- 0.57 IPC (0.57 IPC) --  N/A  KHz (53.47 KHz)
**Core 00 Thread 00 Finished:   insts:61112901    cycles:107374184  (4294967320)  seconds:1143  -- 0.57 IPC (0.57 IPC) --  N/A  KHz (53.47 KHz) 
**Core 01 Core_Total  Finished:   insts:75642437    cycles:107374184  (4294967320) seconds:1143  -- 0.70 IPC (0.70 IPC) --  N/A  KHz (66.18 KHz)
**Core 01 Thread 00 Finished:   insts:75642437    cycles:107374184  (4294967320)  seconds:1143  -- 0.70 IPC (0.70 IPC) --  N/A  KHz (66.18 KHz) 
src/macsim.cc:617: (I=61112901  C=4294967361):  finalize simulation
src/macsim.cc:623: (I=61112901  C=4294967361):  elapsed time:1143.3 seconds
Done
