####################################################################################################
Interval
####################################################################################################
Cumulative:         Cycles:                  20000     Instructions:                  1200
POWER_L3CACHE_LINEFILL_BUF_R                               427629                        427629

POWER_L3CACHE_LINEFILL_BUF_W                               427629                        427629

POWER_L3CACHE_LINEFILL_BUF_R_TAG                           427629                        427629

POWER_L3CACHE_WB_BUF_R                                         28                            28

POWER_L3CACHE_WB_BUF_W                                         28                            28

POWER_L3CACHE_WB_BUF_R_TAG                                     28                            28

POWER_L3CACHE_R                                            816045                        816045

POWER_L3CACHE_W                                             73311                         73311

POWER_L3CACHE_R_TAG                                       1243674                       1243674

POWER_MC_R                                                8535673                       8535673

POWER_MC_W                                                 427657                        427657

POWER_BLOCK_STATES_R_CORE_0                             107374184                     107374184

POWER_BLOCK_STATES_W_CORE_0                             107374184                     107374184

POWER_FETCH_QUEUE_R_CORE_0                               79314356                      79314356

POWER_FETCH_QUEUE_W_CORE_0                               79314356                      79314356

POWER_INST_QUEUE_R_CORE_0                               245058139                     245058139

POWER_INST_QUEUE_W_CORE_0                                79314104                      79314104

POWER_BR_PRED_R_CORE_0                                   11877466                      11877466

POWER_BR_PRED_W_CORE_0                                   11741926                      11741926

POWER_RAS_R_CORE_0                                         132688                        132688

POWER_RAS_W_CORE_0                                         132688                        132688

POWER_ICACHE_R_CORE_0                                    19828589                      19828589

POWER_ICACHE_W_CORE_0                                          13                            13

POWER_ICACHE_R_TAG_CORE_0                                19828602                      19828602

POWER_ICACHE_MISS_BUF_R_CORE_0                                 26                            26

POWER_ICACHE_MISS_BUF_W_CORE_0                                 26                            26

POWER_ICACHE_MISS_BUF_R_TAG_CORE_0                             13                            13

POWER_ICACHE_MISS_BUF_W_TAG_CORE_0                              0                             0

POWER_ICACHE_TOT_ACC_CORE_0                                     0                             0

POWER_ICACHE_CONF_CORE_0                                        0                             0

POWER_INST_DECODER_R_CORE_0                              61113134                      61113134

POWER_INST_DECODER_W_CORE_0                                     0                             0

POWER_MICRO_OP_SEQ_R_CORE_0                                     0                             0

POWER_MICRO_OP_SEQ_W_CORE_0                                     0                             0

POWER_OPERAND_DECODER_R_CORE_0                           61113134                      61113134

POWER_OPERAND_DECODER_W_CORE_0                                  0                             0

POWER_UOP_QUEUE_R_CORE_0                                245058139                     245058139

POWER_UOP_QUEUE_W_CORE_0                                 79314104                      79314104

POWER_REG_RENAMING_TABLE_R_CORE_0                       245058139                     245058139

POWER_REG_RENAMING_TABLE_W_CORE_0                        79314104                      79314104

POWER_DEP_CHECK_LOGIC_R_CORE_0                           79314356                      79314356

POWER_FREELIST_R_CORE_0                                 245058139                     245058139

POWER_FREELIST_W_CORE_0                                  79314104                      79314104

POWER_RESERVATION_STATION_R_CORE_0                       79314049                      79314049

POWER_RESERVATION_STATION_W_CORE_0                       79314071                      79314071

POWER_RESERVATION_STATION_R_TAG_CORE_0                   79314049                      79314049

POWER_RESERVATION_STATION_W_TAG_CORE_0                          0                             0

POWER_INST_ISSUE_SEL_LOGIC_R_CORE_0                      79314049                      79314049

POWER_INST_ISSUE_SEL_LOGIC_W_CORE_0                      79314047                      79314047

POWER_PAYLOAD_RAM_R_CORE_0                               79314049                      79314049

POWER_PAYLOAD_RAM_W_CORE_0                               79314047                      79314047

POWER_EX_ALU_R_CORE_0                                    63312711                      63312711

POWER_EX_FPU_R_CORE_0                                           0                             0

POWER_EX_MUL_R_CORE_0                                      265232                        265232

POWER_EX_SFU_R_CORE_0                                           0                             0

POWER_REORDER_BUF_R_CORE_0                               79314046                      79314046

POWER_REORDER_BUF_W_CORE_0                              158628208                     158628208

POWER_INST_COMMIT_SEL_LOGIC_R_CORE_0                     79314046                      79314046

POWER_INST_COMMIT_SEL_LOGIC_W_CORE_0                     79314104                      79314104

POWER_FP_RENAME_R_CORE_0                                        0                             0

POWER_FP_RENAME_W_CORE_0                                        0                             0

POWER_LOAD_QUEUE_R_CORE_0                                13898821                      13898821

POWER_LOAD_QUEUE_W_CORE_0                                13898821                      13898821

POWER_LOAD_QUEUE_R_TAG_CORE_0                            13898821                      13898821

POWER_LOAD_QUEUE_W_TAG_CORE_0                                   0                             0

POWER_STORE_QUEUE_R_CORE_0                                1837285                       1837285

POWER_STORE_QUEUE_W_CORE_0                                1837285                       1837285

POWER_STORE_QUEUE_R_TAG_CORE_0                            1837285                       1837285

POWER_STORE_QUEUE_W_TAG_CORE_0                                  0                             0

POWER_DATA_TLB_R_CORE_0                                  13898821                      13898821

POWER_DATA_TLB_W_CORE_0                                         0                             0

POWER_DATA_TLB_R_TAG_CORE_0                                     0                             0

POWER_DATA_TLB_W_TAG_CORE_0                                     0                             0

POWER_INT_REGFILE_R_CORE_0                              142891990                     142891990

POWER_INT_REGFILE_W_CORE_0                               79314047                      79314047

POWER_FP_REGFILE_R_CORE_0                                       0                             0

POWER_FP_REGFILE_W_CORE_0                                       0                             0

POWER_GP_REGISTER_R_CORE_0                              142891990                     142891990

POWER_GP_REGISTER_W_CORE_0                               79314047                      79314047

POWER_FP_REGISTER_R_CORE_0                                      0                             0

POWER_FP_REGISTER_W_CORE_0                                      0                             0

POWER_SEGMENT_REGISTER_R_CORE_0                          15736104                      15736104

POWER_SEGMENT_REGISTER_W_CORE_0                          31467706                      31467706

POWER_CONTROL_REGISTER_R_CORE_0                                 0                             0

POWER_CONTROL_REGISTER_W_CORE_0                          12441657                      12441657

POWER_FLAG_REGISTER_R_CORE_0                                    0                             0

POWER_FLAG_REGISTER_W_CORE_0                                    0                             0

POWER_EXEC_BYPASS_CORE_0                                 79314047                      79314047

POWER_LOAD_BYPASS_CORE_0                                  1465662                       1465662

POWER_PIPELINE_CORE_0                                    61112901                      61112901

POWER_DCACHE_MISS_BUF_R_CORE_0                            1465636                       1465636

POWER_DCACHE_MISS_BUF_R_TAG_CORE_0                         968062                        968062

POWER_DCACHE_MISS_BUF_W_CORE_0                             968062                        968062

POWER_DCACHE_MISS_BUF_W_TAG_CORE_0                              0                             0

POWER_DCACHE_LINEFILL_BUF_R_CORE_0                              0                             0

POWER_L2CACHE_LINEFILL_BUF_R_CORE_0                        768279                        768279

POWER_DCACHE_LINEFILL_BUF_W_CORE_0                              0                             0

POWER_L2CACHE_LINEFILL_BUF_W_CORE_0                        763706                        763706

POWER_DCACHE_LINEFILL_BUF_R_TAG_CORE_0                          0                             0

POWER_L2CACHE_LINEFILL_BUF_R_TAG_CORE_0                    799155                        799155

POWER_DCACHE_LINEFILL_BUF_W_TAG_CORE_0                          0                             0

POWER_DCACHE_WB_BUF_R_CORE_0                                30876                         30876

POWER_L2CACHE_WB_BUF_R_CORE_0                                   0                             0

POWER_DCACHE_WB_BUF_W_CORE_0                                30876                         30876

POWER_L2CACHE_WB_BUF_W_CORE_0                                   0                             0

POWER_DCACHE_WB_BUF_R_TAG_CORE_0                            61752                         61752

POWER_L2CACHE_WB_BUF_R_TAG_CORE_0                               0                             0

POWER_DCACHE_WB_BUF_W_TAG_CORE_0                                0                             0

POWER_DCACHE_R_CORE_0                                    14768042                      14768042

POWER_L2CACHE_R_CORE_0                                          0                             0

POWER_DCACHE_W_CORE_0                                      732817                        732817

POWER_L2CACHE_W_CORE_0                                          0                             0

POWER_DCACHE_R_TAG_CORE_0                                15736104                      15736104

POWER_L2CACHE_R_TAG_CORE_0                                      0                             0

POWER_CONST_CACHE_R_CORE_0                                      0                             0

POWER_CONST_CACHE_W_CORE_0                                      0                             0

POWER_CONST_CACHE_R_TAG_CORE_0                                  0                             0

POWER_CONST_CACHE_W_TAG_CORE_0                                  0                             0

POWER_TEXTURE_CACHE_R_CORE_0                                    0                             0

POWER_TEXTURE_CACHE_W_CORE_0                                    0                             0

POWER_TEXTURE_CACHE_R_TAG_CORE_0                                0                             0

POWER_TEXTURE_CACHE_W_TAG_CORE_0                                0                             0

POWER_SHARED_MEM_R_CORE_0                                       0                             0

POWER_SHARED_MEM_W_CORE_0                                       0                             0

POWER_SHARED_MEM_R_TAG_CORE_0                                   0                             0

POWER_SHARED_MEM_W_TAG_CORE_0                                   0                             0

POWER_BLOCK_STATES_R_CORE_1                             107374184                     107374184

POWER_BLOCK_STATES_W_CORE_1                             107374184                     107374184

POWER_FETCH_QUEUE_R_CORE_1                              107603396                     107603396

POWER_FETCH_QUEUE_W_CORE_1                              107603396                     107603396

POWER_INST_QUEUE_R_CORE_1                               224071676                     224071676

POWER_INST_QUEUE_W_CORE_1                               107603143                     107603143

POWER_BR_PRED_R_CORE_1                                    8008013                       8008013

POWER_BR_PRED_W_CORE_1                                    8006498                       8006498

POWER_RAS_R_CORE_1                                           1009                          1009

POWER_RAS_W_CORE_1                                            781                           781

POWER_ICACHE_R_CORE_1                                    26900849                      26900849

POWER_ICACHE_W_CORE_1                                         564                           564

POWER_ICACHE_R_TAG_CORE_1                                26901413                      26901413

POWER_ICACHE_MISS_BUF_R_CORE_1                               1128                          1128

POWER_ICACHE_MISS_BUF_W_CORE_1                               1128                          1128

POWER_ICACHE_MISS_BUF_R_TAG_CORE_1                            564                           564

POWER_ICACHE_MISS_BUF_W_TAG_CORE_1                              0                             0

POWER_ICACHE_TOT_ACC_CORE_1                                     0                             0

POWER_ICACHE_CONF_CORE_1                                        0                             0

POWER_INST_DECODER_R_CORE_1                              75642756                      75642756

POWER_INST_DECODER_W_CORE_1                                     0                             0

POWER_MICRO_OP_SEQ_R_CORE_1                                     0                             0

POWER_MICRO_OP_SEQ_W_CORE_1                                     0                             0

POWER_OPERAND_DECODER_R_CORE_1                           75642756                      75642756

POWER_OPERAND_DECODER_W_CORE_1                                  0                             0

POWER_UOP_QUEUE_R_CORE_1                                224071676                     224071676

POWER_UOP_QUEUE_W_CORE_1                                107603143                     107603143

POWER_REG_RENAMING_TABLE_R_CORE_1                       224071676                     224071676

POWER_REG_RENAMING_TABLE_W_CORE_1                       107603143                     107603143

POWER_DEP_CHECK_LOGIC_R_CORE_1                          107603396                     107603396

POWER_FREELIST_R_CORE_1                                 224071676                     224071676

POWER_FREELIST_W_CORE_1                                 107603143                     107603143

POWER_RESERVATION_STATION_R_CORE_1                      107667717                     107667717

POWER_RESERVATION_STATION_W_CORE_1                      107603113                     107603113

POWER_RESERVATION_STATION_R_TAG_CORE_1                  107667717                     107667717

POWER_RESERVATION_STATION_W_TAG_CORE_1                          0                             0

POWER_INST_ISSUE_SEL_LOGIC_R_CORE_1                     107667717                     107667717

POWER_INST_ISSUE_SEL_LOGIC_W_CORE_1                     107603089                     107603089

POWER_PAYLOAD_RAM_R_CORE_1                              107667717                     107667717

POWER_PAYLOAD_RAM_W_CORE_1                              107603089                     107603089

POWER_EX_ALU_R_CORE_1                                    59683159                      59683159

POWER_EX_FPU_R_CORE_1                                          56                            56

POWER_EX_MUL_R_CORE_1                                         325                           325

POWER_EX_SFU_R_CORE_1                                           0                             0

POWER_REORDER_BUF_R_CORE_1                              107602935                     107602935

POWER_REORDER_BUF_W_CORE_1                              215206286                     215206286

POWER_INST_COMMIT_SEL_LOGIC_R_CORE_1                    107602935                     107602935

POWER_INST_COMMIT_SEL_LOGIC_W_CORE_1                    107603143                     107603143

POWER_FP_RENAME_R_CORE_1                                       74                            74

POWER_FP_RENAME_W_CORE_1                                        0                             0

POWER_LOAD_QUEUE_R_CORE_1                                35638246                      35638246

POWER_LOAD_QUEUE_W_CORE_1                                35638246                      35638246

POWER_LOAD_QUEUE_R_TAG_CORE_1                            35638246                      35638246

POWER_LOAD_QUEUE_W_TAG_CORE_1                                   0                             0

POWER_STORE_QUEUE_R_CORE_1                               12345931                      12345931

POWER_STORE_QUEUE_W_CORE_1                               12345931                      12345931

POWER_STORE_QUEUE_R_TAG_CORE_1                           12345931                      12345931

POWER_STORE_QUEUE_W_TAG_CORE_1                                  0                             0

POWER_DATA_TLB_R_CORE_1                                  35638246                      35638246

POWER_DATA_TLB_W_CORE_1                                         0                             0

POWER_DATA_TLB_R_TAG_CORE_1                                     0                             0

POWER_DATA_TLB_W_TAG_CORE_1                                     0                             0

POWER_INT_REGFILE_R_CORE_1                              167286517                     167286517

POWER_INT_REGFILE_W_CORE_1                              107603033                     107603033

POWER_FP_REGFILE_R_CORE_1                                     112                           112

POWER_FP_REGFILE_W_CORE_1                                      56                            56

POWER_GP_REGISTER_R_CORE_1                              167286517                     167286517

POWER_GP_REGISTER_W_CORE_1                              107603033                     107603033

POWER_FP_REGISTER_R_CORE_1                                    112                           112

POWER_FP_REGISTER_W_CORE_1                                     56                            56

POWER_SEGMENT_REGISTER_R_CORE_1                          47919549                      47919549

POWER_SEGMENT_REGISTER_W_CORE_1                          87860448                      87860448

POWER_CONTROL_REGISTER_R_CORE_1                                 0                             0

POWER_CONTROL_REGISTER_W_CORE_1                           7987189                       7987189

POWER_FLAG_REGISTER_R_CORE_1                                    0                             0

POWER_FLAG_REGISTER_W_CORE_1                                    0                             0

POWER_EXEC_BYPASS_CORE_1                                107603089                     107603089

POWER_LOAD_BYPASS_CORE_1                                  1021686                       1021686

POWER_PIPELINE_CORE_1                                    75642437                      75642437

POWER_DCACHE_MISS_BUF_R_CORE_1                            1020558                       1020558

POWER_DCACHE_MISS_BUF_R_TAG_CORE_1                        7139377                       7139377

POWER_DCACHE_MISS_BUF_W_CORE_1                            7139377                       7139377

POWER_DCACHE_MISS_BUF_W_TAG_CORE_1                              0                             0

POWER_DCACHE_LINEFILL_BUF_R_CORE_1                              0                             0

POWER_L2CACHE_LINEFILL_BUF_R_CORE_1                       2088933                       2088933

POWER_DCACHE_LINEFILL_BUF_W_CORE_1                              0                             0

POWER_L2CACHE_LINEFILL_BUF_W_CORE_1                        611989                        611989

POWER_DCACHE_LINEFILL_BUF_R_TAG_CORE_1                          0                             0

POWER_L2CACHE_LINEFILL_BUF_R_TAG_CORE_1                   2190079                       2190079

POWER_DCACHE_LINEFILL_BUF_W_TAG_CORE_1                          0                             0

POWER_DCACHE_WB_BUF_R_CORE_1                               101146                        101146

POWER_L2CACHE_WB_BUF_R_CORE_1                                   0                             0

POWER_DCACHE_WB_BUF_W_CORE_1                               101146                        101146

POWER_L2CACHE_WB_BUF_W_CORE_1                                   0                             0

POWER_DCACHE_WB_BUF_R_TAG_CORE_1                           202292                        202292

POWER_L2CACHE_WB_BUF_R_TAG_CORE_1                               0                             0

POWER_DCACHE_WB_BUF_W_TAG_CORE_1                                0                             0

POWER_DCACHE_R_CORE_1                                    40780172                      40780172

POWER_L2CACHE_R_CORE_1                                          0                             0

POWER_DCACHE_W_CORE_1                                      510279                        510279

POWER_L2CACHE_W_CORE_1                                          0                             0

POWER_DCACHE_R_TAG_CORE_1                                47919549                      47919549

POWER_L2CACHE_R_TAG_CORE_1                                      0                             0

POWER_CONST_CACHE_R_CORE_1                                      0                             0

POWER_CONST_CACHE_W_CORE_1                                      0                             0

POWER_CONST_CACHE_R_TAG_CORE_1                                  0                             0

POWER_CONST_CACHE_W_TAG_CORE_1                                  0                             0

POWER_TEXTURE_CACHE_R_CORE_1                                    0                             0

POWER_TEXTURE_CACHE_W_CORE_1                                    0                             0

POWER_TEXTURE_CACHE_R_TAG_CORE_1                                0                             0

POWER_TEXTURE_CACHE_W_TAG_CORE_1                                0                             0

POWER_SHARED_MEM_R_CORE_1                                       0                             0

POWER_SHARED_MEM_W_CORE_1                                       0                             0

POWER_SHARED_MEM_R_TAG_CORE_1                                   0                             0

POWER_SHARED_MEM_W_TAG_CORE_1                                   0                             0

